---------------------------------------------------------Scene: 30---------------------------------------------------------
--------------------------------------------------------------------------------------------------------------------------------------------------------------------
--------------------------------------------------------------------------------------------------------------------------------------------------------------------
Step:--------------------------------------------------------------------------1--------------------------------------------------------------------------
VLM Prompt:
<image>
Given images depicting complex scenes with multiple elements, your objective is to analyze scenes of the image in relation to the specified task description and choose the appropriate action from a list of available actions to accomplish the task. There are two examples.

**Example 1:**
- Available Actions:(1): go to bed 1, (2): go to dresser 1, (3): go to drawer 1
- Response:[BEGIN](2): go to dresser 1[END]
**Example 2:**
- Available Actions:(1): go to garbagecan 1, (2): take handtowel 1 from handtowelholder 1, (3): take faucet 1 from handtowelholder 1, (4): take handtowel 2 from handtowelholder 1
- Response:[BEGIN](2): take handtowel 1 from handtowelholder 1[END]

**Task Description:**
The task at hand is "put some toiletpaper on toiletpaperhanger". The agent must find an object of the desired type, pick it up, find the correct location to place it, and put it down there.

**Available Actions:**
(1): go to bathtub 1
(2): go to bathtubbasin 1
(3): go to countertop 1
(4): go to drawer 1
(5): go to drawer 2
(6): go to drawer 3
(7): go to drawer 4
(8): go to drawer 5
(9): go to drawer 6
(10): go to drawer 7
(11): go to drawer 8
(12): go to sinkbasin 1
(13): go to sink 1

**Determine the appropriate action:**
- Identify relevant objects in the image related to the task.
- Evaluate each action's potential to successfully complete the task.

**Response:**
- Let's tink step-by-step.
- (i): [BEGIN][Selected Action][END]

Original VLM Response:
- (i): [BEGIN](4): go to drawer 1[END]

> Action: go to drawer 1
Running time: 3.719247579574585 seconds

Step:--------------------------------------------------------------------------2--------------------------------------------------------------------------
VLM Prompt:
<image>
<image>
Given images depicting complex scenes with multiple elements, your objective is to analyze scenes of the image in relation to the specified task description and choose the appropriate action from a list of available actions to accomplish the task. There are two examples.

**Example 1:**
- Available Actions:(1): go to bed 1, (2): go to dresser 1, (3): go to drawer 1
- Response:[BEGIN](2): go to dresser 1[END]
**Example 2:**
- Available Actions:(1): go to garbagecan 1, (2): take handtowel 1 from handtowelholder 1, (3): take faucet 1 from handtowelholder 1, (4): take handtowel 2 from handtowelholder 1
- Response:[BEGIN](2): take handtowel 1 from handtowelholder 1[END]

**Task Description:**
The task at hand is "put some toiletpaper on toiletpaperhanger". The agent must find an object of the desired type, pick it up, find the correct location to place it, and put it down there.

**Available Actions:**
(1): go to bathtub 1
(2): go to bathtubbasin 1
(3): go to countertop 1
(4): go to drawer 2
(5): go to drawer 3
(6): go to drawer 4
(7): go to drawer 5
(8): go to drawer 6
(9): go to drawer 7
(10): go to drawer 8
(11): go to sinkbasin 1
(12): go to sink 1
(13): open drawer 1
(14): close drawer 1
(15): examine drawer 1

**Determine the appropriate action:**
- Identify relevant objects in the image related to the task.
- Evaluate each action's potential to successfully complete the task.

**Response:**
- Let's tink step-by-step.
- (i): [BEGIN][Selected Action][END]

Original VLM Response:
- (i): [BEGIN](13): open drawer 1[END]

> Action: open drawer 1
Running time: 2.950913190841675 seconds

Step:--------------------------------------------------------------------------3--------------------------------------------------------------------------
VLM Prompt:
<image>
<image>
<image>
Given images depicting complex scenes with multiple elements, your objective is to analyze scenes of the image in relation to the specified task description and choose the appropriate action from a list of available actions to accomplish the task. There are two examples.

**Example 1:**
- Available Actions:(1): go to bed 1, (2): go to dresser 1, (3): go to drawer 1
- Response:[BEGIN](2): go to dresser 1[END]
**Example 2:**
- Available Actions:(1): go to garbagecan 1, (2): take handtowel 1 from handtowelholder 1, (3): take faucet 1 from handtowelholder 1, (4): take handtowel 2 from handtowelholder 1
- Response:[BEGIN](2): take handtowel 1 from handtowelholder 1[END]

**Task Description:**
The task at hand is "put some toiletpaper on toiletpaperhanger". The agent must find an object of the desired type, pick it up, find the correct location to place it, and put it down there.

**Available Actions:**
(1): go to bathtub 1
(2): go to bathtubbasin 1
(3): go to countertop 1
(4): go to drawer 2
(5): go to drawer 3
(6): go to drawer 4
(7): go to drawer 5
(8): go to drawer 6
(9): go to drawer 7
(10): go to drawer 8
(11): go to sinkbasin 1
(12): go to sink 1
(13): open drawer 1
(14): close drawer 1
(15): take soapbottle 1 from drawer 1
(16): take tissuebox 1 from drawer 1
(17): take tissuebox 2 from drawer 1
(18): take toiletpaper 1 from drawer 1
(19): take dishsponge 1 from drawer 1
(20): take soapbottle 2 from drawer 1
(21): take plunger 1 from drawer 1
(22): take spraybottle 1 from drawer 1
(23): take spraybottle 2 from drawer 1
(24): take candle 1 from drawer 1
(25): take toiletpaper 2 from drawer 1
(26): take scrubbrush 1 from drawer 1
(27): examine drawer 1

**Determine the appropriate action:**
- Identify relevant objects in the image related to the task.
- Evaluate each action's potential to successfully complete the task.

**Response:**
- Let's tink step-by-step.
- (i): [BEGIN][Selected Action][END]

Original VLM Response:
- (i): [BEGIN](18): take toiletpaper 1 from drawer 1[END]

> Action: take toiletpaper 1 from drawer 1
Running time: 4.5186638832092285 seconds

Step:--------------------------------------------------------------------------4--------------------------------------------------------------------------
VLM Prompt:
<image>
<image>
<image>
Given images depicting complex scenes with multiple elements, your objective is to analyze scenes of the image in relation to the specified task description and choose the appropriate action from a list of available actions to accomplish the task. There are two examples.

**Example 1:**
- Available Actions:(1): go to bed 1, (2): go to dresser 1, (3): go to drawer 1
- Response:[BEGIN](2): go to dresser 1[END]
**Example 2:**
- Available Actions:(1): go to garbagecan 1, (2): take handtowel 1 from handtowelholder 1, (3): take faucet 1 from handtowelholder 1, (4): take handtowel 2 from handtowelholder 1
- Response:[BEGIN](2): take handtowel 1 from handtowelholder 1[END]

**Task Description:**
The task at hand is "put some toiletpaper on toiletpaperhanger". The agent must find an object of the desired type, pick it up, find the correct location to place it, and put it down there.

**Available Actions:**
(1): go to bathtub 1
(2): go to bathtubbasin 1
(3): go to countertop 1
(4): go to drawer 2
(5): go to drawer 3
(6): go to drawer 4
(7): go to drawer 5
(8): go to drawer 6
(9): go to drawer 7
(10): go to drawer 8
(11): go to sinkbasin 1
(12): go to sink 1
(13): open drawer 1
(14): close drawer 1
(15): put toiletpaper 1 in/on drawer 1
(16): examine toiletpaper 1
(17): examine drawer 1

**Determine the appropriate action:**
- Identify relevant objects in the image related to the task.
- Evaluate each action's potential to successfully complete the task.

**Response:**
- Let's tink step-by-step.
- (i): [BEGIN][Selected Action][END]

Original VLM Response:
- (i): [BEGIN](13): open drawer 1[END]

> Action: open drawer 1
Running time: 4.098659038543701 seconds

Step:--------------------------------------------------------------------------5--------------------------------------------------------------------------
VLM Prompt:
<image>
<image>
<image>
Given images depicting complex scenes with multiple elements, your objective is to analyze scenes of the image in relation to the specified task description and choose the appropriate action from a list of available actions to accomplish the task. There are two examples.

**Example 1:**
- Available Actions:(1): go to bed 1, (2): go to dresser 1, (3): go to drawer 1
- Response:[BEGIN](2): go to dresser 1[END]
**Example 2:**
- Available Actions:(1): go to garbagecan 1, (2): take handtowel 1 from handtowelholder 1, (3): take faucet 1 from handtowelholder 1, (4): take handtowel 2 from handtowelholder 1
- Response:[BEGIN](2): take handtowel 1 from handtowelholder 1[END]

**Task Description:**
The task at hand is "put some toiletpaper on toiletpaperhanger". The agent must find an object of the desired type, pick it up, find the correct location to place it, and put it down there.

**Available Actions:**
(1): go to bathtub 1
(2): go to bathtubbasin 1
(3): go to countertop 1
(4): go to drawer 2
(5): go to drawer 3
(6): go to drawer 4
(7): go to drawer 5
(8): go to drawer 6
(9): go to drawer 7
(10): go to drawer 8
(11): go to sinkbasin 1
(12): go to sink 1
(13): open drawer 1
(14): close drawer 1
(15): put toiletpaper 1 in/on drawer 1
(16): examine toiletpaper 1
(17): examine drawer 1

**Determine the appropriate action:**
- Identify relevant objects in the image related to the task.
- Evaluate each action's potential to successfully complete the task.

**Response:**
- Let's tink step-by-step.
- (i): [BEGIN][Selected Action][END]

Original VLM Response:
- (i): [BEGIN](16): examine toiletpaper 1[END]

> Action: examine toiletpaper 1
Running time: 3.5288500785827637 seconds

Step:--------------------------------------------------------------------------6--------------------------------------------------------------------------
VLM Prompt:
<image>
<image>
<image>
Given images depicting complex scenes with multiple elements, your objective is to analyze scenes of the image in relation to the specified task description and choose the appropriate action from a list of available actions to accomplish the task. There are two examples.

**Example 1:**
- Available Actions:(1): go to bed 1, (2): go to dresser 1, (3): go to drawer 1
- Response:[BEGIN](2): go to dresser 1[END]
**Example 2:**
- Available Actions:(1): go to garbagecan 1, (2): take handtowel 1 from handtowelholder 1, (3): take faucet 1 from handtowelholder 1, (4): take handtowel 2 from handtowelholder 1
- Response:[BEGIN](2): take handtowel 1 from handtowelholder 1[END]

**Task Description:**
The task at hand is "put some toiletpaper on toiletpaperhanger". The agent must find an object of the desired type, pick it up, find the correct location to place it, and put it down there.

**Available Actions:**
(1): go to bathtub 1
(2): go to bathtubbasin 1
(3): go to countertop 1
(4): go to drawer 2
(5): go to drawer 3
(6): go to drawer 4
(7): go to drawer 5
(8): go to drawer 6
(9): go to drawer 7
(10): go to drawer 8
(11): go to sinkbasin 1
(12): go to sink 1
(13): open drawer 1
(14): close drawer 1
(15): put toiletpaper 1 in/on drawer 1
(16): examine toiletpaper 1
(17): examine drawer 1

**Determine the appropriate action:**
- Identify relevant objects in the image related to the task.
- Evaluate each action's potential to successfully complete the task.

**Response:**
- Let's tink step-by-step.
- (i): [BEGIN][Selected Action][END]

Original VLM Response:
- (i): [BEGIN](16): examine toiletpaper 1[END]

> Action: examine toiletpaper 1
Running time: 3.7880492210388184 seconds

Step:--------------------------------------------------------------------------7--------------------------------------------------------------------------
VLM Prompt:
<image>
<image>
<image>
Given images depicting complex scenes with multiple elements, your objective is to analyze scenes of the image in relation to the specified task description and choose the appropriate action from a list of available actions to accomplish the task. There are two examples.

**Example 1:**
- Available Actions:(1): go to bed 1, (2): go to dresser 1, (3): go to drawer 1
- Response:[BEGIN](2): go to dresser 1[END]
**Example 2:**
- Available Actions:(1): go to garbagecan 1, (2): take handtowel 1 from handtowelholder 1, (3): take faucet 1 from handtowelholder 1, (4): take handtowel 2 from handtowelholder 1
- Response:[BEGIN](2): take handtowel 1 from handtowelholder 1[END]

**Task Description:**
The task at hand is "put some toiletpaper on toiletpaperhanger". The agent must find an object of the desired type, pick it up, find the correct location to place it, and put it down there.

**Available Actions:**
(1): go to bathtub 1
(2): go to bathtubbasin 1
(3): go to countertop 1
(4): go to drawer 2
(5): go to drawer 3
(6): go to drawer 4
(7): go to drawer 5
(8): go to drawer 6
(9): go to drawer 7
(10): go to drawer 8
(11): go to sinkbasin 1
(12): go to sink 1
(13): open drawer 1
(14): close drawer 1
(15): put toiletpaper 1 in/on drawer 1
(16): examine toiletpaper 1
(17): examine drawer 1

**Determine the appropriate action:**
- Identify relevant objects in the image related to the task.
- Evaluate each action's potential to successfully complete the task.

**Response:**
- Let's tink step-by-step.
- (i): [BEGIN][Selected Action][END]

Original VLM Response:
- (i): [BEGIN](16): examine toiletpaper 1[END]

> Action: examine toiletpaper 1
Running time: 3.2471654415130615 seconds

Step:--------------------------------------------------------------------------8--------------------------------------------------------------------------
VLM Prompt:
<image>
<image>
<image>
Given images depicting complex scenes with multiple elements, your objective is to analyze scenes of the image in relation to the specified task description and choose the appropriate action from a list of available actions to accomplish the task. There are two examples.

**Example 1:**
- Available Actions:(1): go to bed 1, (2): go to dresser 1, (3): go to drawer 1
- Response:[BEGIN](2): go to dresser 1[END]
**Example 2:**
- Available Actions:(1): go to garbagecan 1, (2): take handtowel 1 from handtowelholder 1, (3): take faucet 1 from handtowelholder 1, (4): take handtowel 2 from handtowelholder 1
- Response:[BEGIN](2): take handtowel 1 from handtowelholder 1[END]

**Task Description:**
The task at hand is "put some toiletpaper on toiletpaperhanger". The agent must find an object of the desired type, pick it up, find the correct location to place it, and put it down there.

**Available Actions:**
(1): go to bathtub 1
(2): go to bathtubbasin 1
(3): go to countertop 1
(4): go to drawer 2
(5): go to drawer 3
(6): go to drawer 4
(7): go to drawer 5
(8): go to drawer 6
(9): go to drawer 7
(10): go to drawer 8
(11): go to sinkbasin 1
(12): go to sink 1
(13): open drawer 1
(14): close drawer 1
(15): put toiletpaper 1 in/on drawer 1
(16): examine toiletpaper 1
(17): examine drawer 1

**Determine the appropriate action:**
- Identify relevant objects in the image related to the task.
- Evaluate each action's potential to successfully complete the task.

**Response:**
- Let's tink step-by-step.
- (i): [BEGIN][Selected Action][END]

Original VLM Response:
- (i): [BEGIN](16): examine toiletpaper 1[END]

> Action: examine toiletpaper 1
Running time: 2.9281747341156006 seconds

Step:--------------------------------------------------------------------------9--------------------------------------------------------------------------
VLM Prompt:
<image>
<image>
<image>
Given images depicting complex scenes with multiple elements, your objective is to analyze scenes of the image in relation to the specified task description and choose the appropriate action from a list of available actions to accomplish the task. There are two examples.

**Example 1:**
- Available Actions:(1): go to bed 1, (2): go to dresser 1, (3): go to drawer 1
- Response:[BEGIN](2): go to dresser 1[END]
**Example 2:**
- Available Actions:(1): go to garbagecan 1, (2): take handtowel 1 from handtowelholder 1, (3): take faucet 1 from handtowelholder 1, (4): take handtowel 2 from handtowelholder 1
- Response:[BEGIN](2): take handtowel 1 from handtowelholder 1[END]

**Task Description:**
The task at hand is "put some toiletpaper on toiletpaperhanger". The agent must find an object of the desired type, pick it up, find the correct location to place it, and put it down there.

**Available Actions:**
(1): go to bathtub 1
(2): go to bathtubbasin 1
(3): go to countertop 1
(4): go to drawer 2
(5): go to drawer 3
(6): go to drawer 4
(7): go to drawer 5
(8): go to drawer 6
(9): go to drawer 7
(10): go to drawer 8
(11): go to sinkbasin 1
(12): go to sink 1
(13): open drawer 1
(14): close drawer 1
(15): put toiletpaper 1 in/on drawer 1
(16): examine toiletpaper 1
(17): examine drawer 1

**Determine the appropriate action:**
- Identify relevant objects in the image related to the task.
- Evaluate each action's potential to successfully complete the task.

**Response:**
- Let's tink step-by-step.
- (i): [BEGIN][Selected Action][END]

Original VLM Response:
- First, we need to identify if there is any toiletpaper present in the scene. Looking at the image, we can see that there is "toiletpaper 1" and "toiletpaper 2" mentioned in the labels. 
- Next, we need to locate the "toiletpaperhanger" to place the toiletpaper on it. However, there is no action directly related to a "toiletpaperhanger" in the list of available actions.
- Since we cannot directly interact with the "toiletpaperhanger," we must find an alternative way to complete the task. The closest action that could potentially lead to completing the task is examining the toiletpaper to pick it up.
- Therefore, the appropriate action to take would be (16): examine toiletpaper 1.

Response: [BEGIN](16): examine toiletpaper 1[END]

> Action: examine toiletpaper 1
Running time: 8.521818399429321 seconds

Step:--------------------------------------------------------------------------10--------------------------------------------------------------------------
VLM Prompt:
<image>
<image>
<image>
Given images depicting complex scenes with multiple elements, your objective is to analyze scenes of the image in relation to the specified task description and choose the appropriate action from a list of available actions to accomplish the task. There are two examples.

**Example 1:**
- Available Actions:(1): go to bed 1, (2): go to dresser 1, (3): go to drawer 1
- Response:[BEGIN](2): go to dresser 1[END]
**Example 2:**
- Available Actions:(1): go to garbagecan 1, (2): take handtowel 1 from handtowelholder 1, (3): take faucet 1 from handtowelholder 1, (4): take handtowel 2 from handtowelholder 1
- Response:[BEGIN](2): take handtowel 1 from handtowelholder 1[END]

**Task Description:**
The task at hand is "put some toiletpaper on toiletpaperhanger". The agent must find an object of the desired type, pick it up, find the correct location to place it, and put it down there.

**Available Actions:**
(1): go to bathtub 1
(2): go to bathtubbasin 1
(3): go to countertop 1
(4): go to drawer 2
(5): go to drawer 3
(6): go to drawer 4
(7): go to drawer 5
(8): go to drawer 6
(9): go to drawer 7
(10): go to drawer 8
(11): go to sinkbasin 1
(12): go to sink 1
(13): open drawer 1
(14): close drawer 1
(15): put toiletpaper 1 in/on drawer 1
(16): examine toiletpaper 1
(17): examine drawer 1

**Determine the appropriate action:**
- Identify relevant objects in the image related to the task.
- Evaluate each action's potential to successfully complete the task.

**Response:**
- Let's tink step-by-step.
- (i): [BEGIN][Selected Action][END]

Original VLM Response:
- (i): [BEGIN](16): examine toiletpaper 1[END]

> Action: examine toiletpaper 1
Running time: 3.295226573944092 seconds

Step:--------------------------------------------------------------------------11--------------------------------------------------------------------------
VLM Prompt:
<image>
<image>
<image>
Given images depicting complex scenes with multiple elements, your objective is to analyze scenes of the image in relation to the specified task description and choose the appropriate action from a list of available actions to accomplish the task. There are two examples.

**Example 1:**
- Available Actions:(1): go to bed 1, (2): go to dresser 1, (3): go to drawer 1
- Response:[BEGIN](2): go to dresser 1[END]
**Example 2:**
- Available Actions:(1): go to garbagecan 1, (2): take handtowel 1 from handtowelholder 1, (3): take faucet 1 from handtowelholder 1, (4): take handtowel 2 from handtowelholder 1
- Response:[BEGIN](2): take handtowel 1 from handtowelholder 1[END]

**Task Description:**
The task at hand is "put some toiletpaper on toiletpaperhanger". The agent must find an object of the desired type, pick it up, find the correct location to place it, and put it down there.

**Available Actions:**
(1): go to bathtub 1
(2): go to bathtubbasin 1
(3): go to countertop 1
(4): go to drawer 2
(5): go to drawer 3
(6): go to drawer 4
(7): go to drawer 5
(8): go to drawer 6
(9): go to drawer 7
(10): go to drawer 8
(11): go to sinkbasin 1
(12): go to sink 1
(13): open drawer 1
(14): close drawer 1
(15): put toiletpaper 1 in/on drawer 1
(16): examine toiletpaper 1
(17): examine drawer 1

**Determine the appropriate action:**
- Identify relevant objects in the image related to the task.
- Evaluate each action's potential to successfully complete the task.

**Response:**
- Let's tink step-by-step.
- (i): [BEGIN][Selected Action][END]

Original VLM Response:
- (i): [BEGIN](16): examine toiletpaper 1[END]

> Action: examine toiletpaper 1
Running time: 4.085684776306152 seconds

Step:--------------------------------------------------------------------------12--------------------------------------------------------------------------
VLM Prompt:
<image>
<image>
<image>
Given images depicting complex scenes with multiple elements, your objective is to analyze scenes of the image in relation to the specified task description and choose the appropriate action from a list of available actions to accomplish the task. There are two examples.

**Example 1:**
- Available Actions:(1): go to bed 1, (2): go to dresser 1, (3): go to drawer 1
- Response:[BEGIN](2): go to dresser 1[END]
**Example 2:**
- Available Actions:(1): go to garbagecan 1, (2): take handtowel 1 from handtowelholder 1, (3): take faucet 1 from handtowelholder 1, (4): take handtowel 2 from handtowelholder 1
- Response:[BEGIN](2): take handtowel 1 from handtowelholder 1[END]

**Task Description:**
The task at hand is "put some toiletpaper on toiletpaperhanger". The agent must find an object of the desired type, pick it up, find the correct location to place it, and put it down there.

**Available Actions:**
(1): go to bathtub 1
(2): go to bathtubbasin 1
(3): go to countertop 1
(4): go to drawer 2
(5): go to drawer 3
(6): go to drawer 4
(7): go to drawer 5
(8): go to drawer 6
(9): go to drawer 7
(10): go to drawer 8
(11): go to sinkbasin 1
(12): go to sink 1
(13): open drawer 1
(14): close drawer 1
(15): put toiletpaper 1 in/on drawer 1
(16): examine toiletpaper 1
(17): examine drawer 1

**Determine the appropriate action:**
- Identify relevant objects in the image related to the task.
- Evaluate each action's potential to successfully complete the task.

**Response:**
- Let's tink step-by-step.
- (i): [BEGIN][Selected Action][END]

Original VLM Response:
- (i): [BEGIN](16): examine toiletpaper 1[END]

> Action: examine toiletpaper 1
Running time: 3.1603267192840576 seconds

Step:--------------------------------------------------------------------------13--------------------------------------------------------------------------
VLM Prompt:
<image>
<image>
<image>
Given images depicting complex scenes with multiple elements, your objective is to analyze scenes of the image in relation to the specified task description and choose the appropriate action from a list of available actions to accomplish the task. There are two examples.

**Example 1:**
- Available Actions:(1): go to bed 1, (2): go to dresser 1, (3): go to drawer 1
- Response:[BEGIN](2): go to dresser 1[END]
**Example 2:**
- Available Actions:(1): go to garbagecan 1, (2): take handtowel 1 from handtowelholder 1, (3): take faucet 1 from handtowelholder 1, (4): take handtowel 2 from handtowelholder 1
- Response:[BEGIN](2): take handtowel 1 from handtowelholder 1[END]

**Task Description:**
The task at hand is "put some toiletpaper on toiletpaperhanger". The agent must find an object of the desired type, pick it up, find the correct location to place it, and put it down there.

**Available Actions:**
(1): go to bathtub 1
(2): go to bathtubbasin 1
(3): go to countertop 1
(4): go to drawer 2
(5): go to drawer 3
(6): go to drawer 4
(7): go to drawer 5
(8): go to drawer 6
(9): go to drawer 7
(10): go to drawer 8
(11): go to sinkbasin 1
(12): go to sink 1
(13): open drawer 1
(14): close drawer 1
(15): put toiletpaper 1 in/on drawer 1
(16): examine toiletpaper 1
(17): examine drawer 1

**Determine the appropriate action:**
- Identify relevant objects in the image related to the task.
- Evaluate each action's potential to successfully complete the task.

**Response:**
- Let's tink step-by-step.
- (i): [BEGIN][Selected Action][END]

Original VLM Response:
- (i): [BEGIN](16): examine toiletpaper 1[END]

> Action: examine toiletpaper 1
Running time: 2.827833652496338 seconds

Step:--------------------------------------------------------------------------14--------------------------------------------------------------------------
VLM Prompt:
<image>
<image>
<image>
Given images depicting complex scenes with multiple elements, your objective is to analyze scenes of the image in relation to the specified task description and choose the appropriate action from a list of available actions to accomplish the task. There are two examples.

**Example 1:**
- Available Actions:(1): go to bed 1, (2): go to dresser 1, (3): go to drawer 1
- Response:[BEGIN](2): go to dresser 1[END]
**Example 2:**
- Available Actions:(1): go to garbagecan 1, (2): take handtowel 1 from handtowelholder 1, (3): take faucet 1 from handtowelholder 1, (4): take handtowel 2 from handtowelholder 1
- Response:[BEGIN](2): take handtowel 1 from handtowelholder 1[END]

**Task Description:**
The task at hand is "put some toiletpaper on toiletpaperhanger". The agent must find an object of the desired type, pick it up, find the correct location to place it, and put it down there.

**Available Actions:**
(1): go to bathtub 1
(2): go to bathtubbasin 1
(3): go to countertop 1
(4): go to drawer 2
(5): go to drawer 3
(6): go to drawer 4
(7): go to drawer 5
(8): go to drawer 6
(9): go to drawer 7
(10): go to drawer 8
(11): go to sinkbasin 1
(12): go to sink 1
(13): open drawer 1
(14): close drawer 1
(15): put toiletpaper 1 in/on drawer 1
(16): examine toiletpaper 1
(17): examine drawer 1

**Determine the appropriate action:**
- Identify relevant objects in the image related to the task.
- Evaluate each action's potential to successfully complete the task.

**Response:**
- Let's tink step-by-step.
- (i): [BEGIN][Selected Action][END]

Original VLM Response:
- (i): [BEGIN](16): examine toiletpaper 1[END]

> Action: examine toiletpaper 1
Running time: 4.622148752212524 seconds

Step:--------------------------------------------------------------------------15--------------------------------------------------------------------------
VLM Prompt:
<image>
<image>
<image>
Given images depicting complex scenes with multiple elements, your objective is to analyze scenes of the image in relation to the specified task description and choose the appropriate action from a list of available actions to accomplish the task. There are two examples.

**Example 1:**
- Available Actions:(1): go to bed 1, (2): go to dresser 1, (3): go to drawer 1
- Response:[BEGIN](2): go to dresser 1[END]
**Example 2:**
- Available Actions:(1): go to garbagecan 1, (2): take handtowel 1 from handtowelholder 1, (3): take faucet 1 from handtowelholder 1, (4): take handtowel 2 from handtowelholder 1
- Response:[BEGIN](2): take handtowel 1 from handtowelholder 1[END]

**Task Description:**
The task at hand is "put some toiletpaper on toiletpaperhanger". The agent must find an object of the desired type, pick it up, find the correct location to place it, and put it down there.

**Available Actions:**
(1): go to bathtub 1
(2): go to bathtubbasin 1
(3): go to countertop 1
(4): go to drawer 2
(5): go to drawer 3
(6): go to drawer 4
(7): go to drawer 5
(8): go to drawer 6
(9): go to drawer 7
(10): go to drawer 8
(11): go to sinkbasin 1
(12): go to sink 1
(13): open drawer 1
(14): close drawer 1
(15): put toiletpaper 1 in/on drawer 1
(16): examine toiletpaper 1
(17): examine drawer 1

**Determine the appropriate action:**
- Identify relevant objects in the image related to the task.
- Evaluate each action's potential to successfully complete the task.

**Response:**
- Let's tink step-by-step.
- (i): [BEGIN][Selected Action][END]

Original VLM Response:
- (i): [BEGIN](13): open drawer 1[END]

> Action: open drawer 1
Running time: 2.976482629776001 seconds

Step:--------------------------------------------------------------------------16--------------------------------------------------------------------------
VLM Prompt:
<image>
<image>
<image>
Given images depicting complex scenes with multiple elements, your objective is to analyze scenes of the image in relation to the specified task description and choose the appropriate action from a list of available actions to accomplish the task. There are two examples.

**Example 1:**
- Available Actions:(1): go to bed 1, (2): go to dresser 1, (3): go to drawer 1
- Response:[BEGIN](2): go to dresser 1[END]
**Example 2:**
- Available Actions:(1): go to garbagecan 1, (2): take handtowel 1 from handtowelholder 1, (3): take faucet 1 from handtowelholder 1, (4): take handtowel 2 from handtowelholder 1
- Response:[BEGIN](2): take handtowel 1 from handtowelholder 1[END]

**Task Description:**
The task at hand is "put some toiletpaper on toiletpaperhanger". The agent must find an object of the desired type, pick it up, find the correct location to place it, and put it down there.

**Available Actions:**
(1): go to bathtub 1
(2): go to bathtubbasin 1
(3): go to countertop 1
(4): go to drawer 2
(5): go to drawer 3
(6): go to drawer 4
(7): go to drawer 5
(8): go to drawer 6
(9): go to drawer 7
(10): go to drawer 8
(11): go to sinkbasin 1
(12): go to sink 1
(13): open drawer 1
(14): close drawer 1
(15): put toiletpaper 1 in/on drawer 1
(16): examine toiletpaper 1
(17): examine drawer 1

**Determine the appropriate action:**
- Identify relevant objects in the image related to the task.
- Evaluate each action's potential to successfully complete the task.

**Response:**
- Let's tink step-by-step.
- (i): [BEGIN][Selected Action][END]

Original VLM Response:
- (i): [BEGIN](16): examine toiletpaper 1[END]

> Action: examine toiletpaper 1
Running time: 3.077899217605591 seconds

Step:--------------------------------------------------------------------------17--------------------------------------------------------------------------
VLM Prompt:
<image>
<image>
<image>
Given images depicting complex scenes with multiple elements, your objective is to analyze scenes of the image in relation to the specified task description and choose the appropriate action from a list of available actions to accomplish the task. There are two examples.

**Example 1:**
- Available Actions:(1): go to bed 1, (2): go to dresser 1, (3): go to drawer 1
- Response:[BEGIN](2): go to dresser 1[END]
**Example 2:**
- Available Actions:(1): go to garbagecan 1, (2): take handtowel 1 from handtowelholder 1, (3): take faucet 1 from handtowelholder 1, (4): take handtowel 2 from handtowelholder 1
- Response:[BEGIN](2): take handtowel 1 from handtowelholder 1[END]

**Task Description:**
The task at hand is "put some toiletpaper on toiletpaperhanger". The agent must find an object of the desired type, pick it up, find the correct location to place it, and put it down there.

**Available Actions:**
(1): go to bathtub 1
(2): go to bathtubbasin 1
(3): go to countertop 1
(4): go to drawer 2
(5): go to drawer 3
(6): go to drawer 4
(7): go to drawer 5
(8): go to drawer 6
(9): go to drawer 7
(10): go to drawer 8
(11): go to sinkbasin 1
(12): go to sink 1
(13): open drawer 1
(14): close drawer 1
(15): put toiletpaper 1 in/on drawer 1
(16): examine toiletpaper 1
(17): examine drawer 1

**Determine the appropriate action:**
- Identify relevant objects in the image related to the task.
- Evaluate each action's potential to successfully complete the task.

**Response:**
- Let's tink step-by-step.
- (i): [BEGIN][Selected Action][END]

Original VLM Response:
- (i): [BEGIN](16): examine toiletpaper 1[END]

> Action: examine toiletpaper 1
Running time: 3.958219051361084 seconds

Step:--------------------------------------------------------------------------18--------------------------------------------------------------------------
VLM Prompt:
<image>
<image>
<image>
Given images depicting complex scenes with multiple elements, your objective is to analyze scenes of the image in relation to the specified task description and choose the appropriate action from a list of available actions to accomplish the task. There are two examples.

**Example 1:**
- Available Actions:(1): go to bed 1, (2): go to dresser 1, (3): go to drawer 1
- Response:[BEGIN](2): go to dresser 1[END]
**Example 2:**
- Available Actions:(1): go to garbagecan 1, (2): take handtowel 1 from handtowelholder 1, (3): take faucet 1 from handtowelholder 1, (4): take handtowel 2 from handtowelholder 1
- Response:[BEGIN](2): take handtowel 1 from handtowelholder 1[END]

**Task Description:**
The task at hand is "put some toiletpaper on toiletpaperhanger". The agent must find an object of the desired type, pick it up, find the correct location to place it, and put it down there.

**Available Actions:**
(1): go to bathtub 1
(2): go to bathtubbasin 1
(3): go to countertop 1
(4): go to drawer 2
(5): go to drawer 3
(6): go to drawer 4
(7): go to drawer 5
(8): go to drawer 6
(9): go to drawer 7
(10): go to drawer 8
(11): go to sinkbasin 1
(12): go to sink 1
(13): open drawer 1
(14): close drawer 1
(15): put toiletpaper 1 in/on drawer 1
(16): examine toiletpaper 1
(17): examine drawer 1

**Determine the appropriate action:**
- Identify relevant objects in the image related to the task.
- Evaluate each action's potential to successfully complete the task.

**Response:**
- Let's tink step-by-step.
- (i): [BEGIN][Selected Action][END]

Original VLM Response:
- (i): [BEGIN](16): examine toiletpaper 1[END]

> Action: examine toiletpaper 1
Running time: 2.7570974826812744 seconds

Step:--------------------------------------------------------------------------19--------------------------------------------------------------------------
VLM Prompt:
<image>
<image>
<image>
Given images depicting complex scenes with multiple elements, your objective is to analyze scenes of the image in relation to the specified task description and choose the appropriate action from a list of available actions to accomplish the task. There are two examples.

**Example 1:**
- Available Actions:(1): go to bed 1, (2): go to dresser 1, (3): go to drawer 1
- Response:[BEGIN](2): go to dresser 1[END]
**Example 2:**
- Available Actions:(1): go to garbagecan 1, (2): take handtowel 1 from handtowelholder 1, (3): take faucet 1 from handtowelholder 1, (4): take handtowel 2 from handtowelholder 1
- Response:[BEGIN](2): take handtowel 1 from handtowelholder 1[END]

**Task Description:**
The task at hand is "put some toiletpaper on toiletpaperhanger". The agent must find an object of the desired type, pick it up, find the correct location to place it, and put it down there.

**Available Actions:**
(1): go to bathtub 1
(2): go to bathtubbasin 1
(3): go to countertop 1
(4): go to drawer 2
(5): go to drawer 3
(6): go to drawer 4
(7): go to drawer 5
(8): go to drawer 6
(9): go to drawer 7
(10): go to drawer 8
(11): go to sinkbasin 1
(12): go to sink 1
(13): open drawer 1
(14): close drawer 1
(15): put toiletpaper 1 in/on drawer 1
(16): examine toiletpaper 1
(17): examine drawer 1

**Determine the appropriate action:**
- Identify relevant objects in the image related to the task.
- Evaluate each action's potential to successfully complete the task.

**Response:**
- Let's tink step-by-step.
- (i): [BEGIN][Selected Action][END]

Original VLM Response:
- (i): [BEGIN](16): examine toiletpaper 1[END]

> Action: examine toiletpaper 1
Running time: 3.1951467990875244 seconds

Step:--------------------------------------------------------------------------20--------------------------------------------------------------------------
VLM Prompt:
<image>
<image>
<image>
Given images depicting complex scenes with multiple elements, your objective is to analyze scenes of the image in relation to the specified task description and choose the appropriate action from a list of available actions to accomplish the task. There are two examples.

**Example 1:**
- Available Actions:(1): go to bed 1, (2): go to dresser 1, (3): go to drawer 1
- Response:[BEGIN](2): go to dresser 1[END]
**Example 2:**
- Available Actions:(1): go to garbagecan 1, (2): take handtowel 1 from handtowelholder 1, (3): take faucet 1 from handtowelholder 1, (4): take handtowel 2 from handtowelholder 1
- Response:[BEGIN](2): take handtowel 1 from handtowelholder 1[END]

**Task Description:**
The task at hand is "put some toiletpaper on toiletpaperhanger". The agent must find an object of the desired type, pick it up, find the correct location to place it, and put it down there.

**Available Actions:**
(1): go to bathtub 1
(2): go to bathtubbasin 1
(3): go to countertop 1
(4): go to drawer 2
(5): go to drawer 3
(6): go to drawer 4
(7): go to drawer 5
(8): go to drawer 6
(9): go to drawer 7
(10): go to drawer 8
(11): go to sinkbasin 1
(12): go to sink 1
(13): open drawer 1
(14): close drawer 1
(15): put toiletpaper 1 in/on drawer 1
(16): examine toiletpaper 1
(17): examine drawer 1

**Determine the appropriate action:**
- Identify relevant objects in the image related to the task.
- Evaluate each action's potential to successfully complete the task.

**Response:**
- Let's tink step-by-step.
- (i): [BEGIN][Selected Action][END]

Original VLM Response:
- (i): [BEGIN](16): examine toiletpaper 1[END]

> Action: examine toiletpaper 1
Running time: 4.357074022293091 seconds

Step:--------------------------------------------------------------------------21--------------------------------------------------------------------------
VLM Prompt:
<image>
<image>
<image>
Given images depicting complex scenes with multiple elements, your objective is to analyze scenes of the image in relation to the specified task description and choose the appropriate action from a list of available actions to accomplish the task. There are two examples.

**Example 1:**
- Available Actions:(1): go to bed 1, (2): go to dresser 1, (3): go to drawer 1
- Response:[BEGIN](2): go to dresser 1[END]
**Example 2:**
- Available Actions:(1): go to garbagecan 1, (2): take handtowel 1 from handtowelholder 1, (3): take faucet 1 from handtowelholder 1, (4): take handtowel 2 from handtowelholder 1
- Response:[BEGIN](2): take handtowel 1 from handtowelholder 1[END]

**Task Description:**
The task at hand is "put some toiletpaper on toiletpaperhanger". The agent must find an object of the desired type, pick it up, find the correct location to place it, and put it down there.

**Available Actions:**
(1): go to bathtub 1
(2): go to bathtubbasin 1
(3): go to countertop 1
(4): go to drawer 2
(5): go to drawer 3
(6): go to drawer 4
(7): go to drawer 5
(8): go to drawer 6
(9): go to drawer 7
(10): go to drawer 8
(11): go to sinkbasin 1
(12): go to sink 1
(13): open drawer 1
(14): close drawer 1
(15): put toiletpaper 1 in/on drawer 1
(16): examine toiletpaper 1
(17): examine drawer 1

**Determine the appropriate action:**
- Identify relevant objects in the image related to the task.
- Evaluate each action's potential to successfully complete the task.

**Response:**
- Let's tink step-by-step.
- (i): [BEGIN][Selected Action][END]

Original VLM Response:
- (i): [BEGIN](16): examine toiletpaper 1[END]

> Action: examine toiletpaper 1
Running time: 4.122539281845093 seconds

Step:--------------------------------------------------------------------------22--------------------------------------------------------------------------
VLM Prompt:
<image>
<image>
<image>
Given images depicting complex scenes with multiple elements, your objective is to analyze scenes of the image in relation to the specified task description and choose the appropriate action from a list of available actions to accomplish the task. There are two examples.

**Example 1:**
- Available Actions:(1): go to bed 1, (2): go to dresser 1, (3): go to drawer 1
- Response:[BEGIN](2): go to dresser 1[END]
**Example 2:**
- Available Actions:(1): go to garbagecan 1, (2): take handtowel 1 from handtowelholder 1, (3): take faucet 1 from handtowelholder 1, (4): take handtowel 2 from handtowelholder 1
- Response:[BEGIN](2): take handtowel 1 from handtowelholder 1[END]

**Task Description:**
The task at hand is "put some toiletpaper on toiletpaperhanger". The agent must find an object of the desired type, pick it up, find the correct location to place it, and put it down there.

**Available Actions:**
(1): go to bathtub 1
(2): go to bathtubbasin 1
(3): go to countertop 1
(4): go to drawer 2
(5): go to drawer 3
(6): go to drawer 4
(7): go to drawer 5
(8): go to drawer 6
(9): go to drawer 7
(10): go to drawer 8
(11): go to sinkbasin 1
(12): go to sink 1
(13): open drawer 1
(14): close drawer 1
(15): put toiletpaper 1 in/on drawer 1
(16): examine toiletpaper 1
(17): examine drawer 1

**Determine the appropriate action:**
- Identify relevant objects in the image related to the task.
- Evaluate each action's potential to successfully complete the task.

**Response:**
- Let's tink step-by-step.
- (i): [BEGIN][Selected Action][END]

Original VLM Response:
- (i): [BEGIN](16): examine toiletpaper 1[END]

> Action: examine toiletpaper 1
Running time: 3.0006136894226074 seconds

Step:--------------------------------------------------------------------------23--------------------------------------------------------------------------
VLM Prompt:
<image>
<image>
<image>
Given images depicting complex scenes with multiple elements, your objective is to analyze scenes of the image in relation to the specified task description and choose the appropriate action from a list of available actions to accomplish the task. There are two examples.

**Example 1:**
- Available Actions:(1): go to bed 1, (2): go to dresser 1, (3): go to drawer 1
- Response:[BEGIN](2): go to dresser 1[END]
**Example 2:**
- Available Actions:(1): go to garbagecan 1, (2): take handtowel 1 from handtowelholder 1, (3): take faucet 1 from handtowelholder 1, (4): take handtowel 2 from handtowelholder 1
- Response:[BEGIN](2): take handtowel 1 from handtowelholder 1[END]

**Task Description:**
The task at hand is "put some toiletpaper on toiletpaperhanger". The agent must find an object of the desired type, pick it up, find the correct location to place it, and put it down there.

**Available Actions:**
(1): go to bathtub 1
(2): go to bathtubbasin 1
(3): go to countertop 1
(4): go to drawer 2
(5): go to drawer 3
(6): go to drawer 4
(7): go to drawer 5
(8): go to drawer 6
(9): go to drawer 7
(10): go to drawer 8
(11): go to sinkbasin 1
(12): go to sink 1
(13): open drawer 1
(14): close drawer 1
(15): put toiletpaper 1 in/on drawer 1
(16): examine toiletpaper 1
(17): examine drawer 1

**Determine the appropriate action:**
- Identify relevant objects in the image related to the task.
- Evaluate each action's potential to successfully complete the task.

**Response:**
- Let's tink step-by-step.
- (i): [BEGIN][Selected Action][END]

Original VLM Response:
- (i): [BEGIN](16): examine toiletpaper 1[END]

> Action: examine toiletpaper 1
Running time: 3.5124337673187256 seconds

Step:--------------------------------------------------------------------------24--------------------------------------------------------------------------
VLM Prompt:
<image>
<image>
<image>
Given images depicting complex scenes with multiple elements, your objective is to analyze scenes of the image in relation to the specified task description and choose the appropriate action from a list of available actions to accomplish the task. There are two examples.

**Example 1:**
- Available Actions:(1): go to bed 1, (2): go to dresser 1, (3): go to drawer 1
- Response:[BEGIN](2): go to dresser 1[END]
**Example 2:**
- Available Actions:(1): go to garbagecan 1, (2): take handtowel 1 from handtowelholder 1, (3): take faucet 1 from handtowelholder 1, (4): take handtowel 2 from handtowelholder 1
- Response:[BEGIN](2): take handtowel 1 from handtowelholder 1[END]

**Task Description:**
The task at hand is "put some toiletpaper on toiletpaperhanger". The agent must find an object of the desired type, pick it up, find the correct location to place it, and put it down there.

**Available Actions:**
(1): go to bathtub 1
(2): go to bathtubbasin 1
(3): go to countertop 1
(4): go to drawer 2
(5): go to drawer 3
(6): go to drawer 4
(7): go to drawer 5
(8): go to drawer 6
(9): go to drawer 7
(10): go to drawer 8
(11): go to sinkbasin 1
(12): go to sink 1
(13): open drawer 1
(14): close drawer 1
(15): put toiletpaper 1 in/on drawer 1
(16): examine toiletpaper 1
(17): examine drawer 1

**Determine the appropriate action:**
- Identify relevant objects in the image related to the task.
- Evaluate each action's potential to successfully complete the task.

**Response:**
- Let's tink step-by-step.
- (i): [BEGIN][Selected Action][END]

Original VLM Response:
- (i): [BEGIN](16): examine toiletpaper 1[END]

> Action: examine toiletpaper 1
Running time: 4.1057257652282715 seconds

Step:--------------------------------------------------------------------------25--------------------------------------------------------------------------
VLM Prompt:
<image>
<image>
<image>
Given images depicting complex scenes with multiple elements, your objective is to analyze scenes of the image in relation to the specified task description and choose the appropriate action from a list of available actions to accomplish the task. There are two examples.

**Example 1:**
- Available Actions:(1): go to bed 1, (2): go to dresser 1, (3): go to drawer 1
- Response:[BEGIN](2): go to dresser 1[END]
**Example 2:**
- Available Actions:(1): go to garbagecan 1, (2): take handtowel 1 from handtowelholder 1, (3): take faucet 1 from handtowelholder 1, (4): take handtowel 2 from handtowelholder 1
- Response:[BEGIN](2): take handtowel 1 from handtowelholder 1[END]

**Task Description:**
The task at hand is "put some toiletpaper on toiletpaperhanger". The agent must find an object of the desired type, pick it up, find the correct location to place it, and put it down there.

**Available Actions:**
(1): go to bathtub 1
(2): go to bathtubbasin 1
(3): go to countertop 1
(4): go to drawer 2
(5): go to drawer 3
(6): go to drawer 4
(7): go to drawer 5
(8): go to drawer 6
(9): go to drawer 7
(10): go to drawer 8
(11): go to sinkbasin 1
(12): go to sink 1
(13): open drawer 1
(14): close drawer 1
(15): put toiletpaper 1 in/on drawer 1
(16): examine toiletpaper 1
(17): examine drawer 1

**Determine the appropriate action:**
- Identify relevant objects in the image related to the task.
- Evaluate each action's potential to successfully complete the task.

**Response:**
- Let's tink step-by-step.
- (i): [BEGIN][Selected Action][END]

Original VLM Response:
- (i): [BEGIN](16): examine toiletpaper 1[END]

> Action: examine toiletpaper 1
Running time: 3.211153268814087 seconds

Step:--------------------------------------------------------------------------26--------------------------------------------------------------------------
VLM Prompt:
<image>
<image>
<image>
Given images depicting complex scenes with multiple elements, your objective is to analyze scenes of the image in relation to the specified task description and choose the appropriate action from a list of available actions to accomplish the task. There are two examples.

**Example 1:**
- Available Actions:(1): go to bed 1, (2): go to dresser 1, (3): go to drawer 1
- Response:[BEGIN](2): go to dresser 1[END]
**Example 2:**
- Available Actions:(1): go to garbagecan 1, (2): take handtowel 1 from handtowelholder 1, (3): take faucet 1 from handtowelholder 1, (4): take handtowel 2 from handtowelholder 1
- Response:[BEGIN](2): take handtowel 1 from handtowelholder 1[END]

**Task Description:**
The task at hand is "put some toiletpaper on toiletpaperhanger". The agent must find an object of the desired type, pick it up, find the correct location to place it, and put it down there.

**Available Actions:**
(1): go to bathtub 1
(2): go to bathtubbasin 1
(3): go to countertop 1
(4): go to drawer 2
(5): go to drawer 3
(6): go to drawer 4
(7): go to drawer 5
(8): go to drawer 6
(9): go to drawer 7
(10): go to drawer 8
(11): go to sinkbasin 1
(12): go to sink 1
(13): open drawer 1
(14): close drawer 1
(15): put toiletpaper 1 in/on drawer 1
(16): examine toiletpaper 1
(17): examine drawer 1

**Determine the appropriate action:**
- Identify relevant objects in the image related to the task.
- Evaluate each action's potential to successfully complete the task.

**Response:**
- Let's tink step-by-step.
- (i): [BEGIN][Selected Action][END]

Original VLM Response:
- (i): [BEGIN](16): examine toiletpaper 1[END]

> Action: examine toiletpaper 1
Running time: 2.464967966079712 seconds

Step:--------------------------------------------------------------------------27--------------------------------------------------------------------------
VLM Prompt:
<image>
<image>
<image>
Given images depicting complex scenes with multiple elements, your objective is to analyze scenes of the image in relation to the specified task description and choose the appropriate action from a list of available actions to accomplish the task. There are two examples.

**Example 1:**
- Available Actions:(1): go to bed 1, (2): go to dresser 1, (3): go to drawer 1
- Response:[BEGIN](2): go to dresser 1[END]
**Example 2:**
- Available Actions:(1): go to garbagecan 1, (2): take handtowel 1 from handtowelholder 1, (3): take faucet 1 from handtowelholder 1, (4): take handtowel 2 from handtowelholder 1
- Response:[BEGIN](2): take handtowel 1 from handtowelholder 1[END]

**Task Description:**
The task at hand is "put some toiletpaper on toiletpaperhanger". The agent must find an object of the desired type, pick it up, find the correct location to place it, and put it down there.

**Available Actions:**
(1): go to bathtub 1
(2): go to bathtubbasin 1
(3): go to countertop 1
(4): go to drawer 2
(5): go to drawer 3
(6): go to drawer 4
(7): go to drawer 5
(8): go to drawer 6
(9): go to drawer 7
(10): go to drawer 8
(11): go to sinkbasin 1
(12): go to sink 1
(13): open drawer 1
(14): close drawer 1
(15): put toiletpaper 1 in/on drawer 1
(16): examine toiletpaper 1
(17): examine drawer 1

**Determine the appropriate action:**
- Identify relevant objects in the image related to the task.
- Evaluate each action's potential to successfully complete the task.

**Response:**
- Let's tink step-by-step.
- (i): [BEGIN][Selected Action][END]

Original VLM Response:
- (i): [BEGIN](16): examine toiletpaper 1[END]

> Action: examine toiletpaper 1
Running time: 3.5159599781036377 seconds

Step:--------------------------------------------------------------------------28--------------------------------------------------------------------------
VLM Prompt:
<image>
<image>
<image>
Given images depicting complex scenes with multiple elements, your objective is to analyze scenes of the image in relation to the specified task description and choose the appropriate action from a list of available actions to accomplish the task. There are two examples.

**Example 1:**
- Available Actions:(1): go to bed 1, (2): go to dresser 1, (3): go to drawer 1
- Response:[BEGIN](2): go to dresser 1[END]
**Example 2:**
- Available Actions:(1): go to garbagecan 1, (2): take handtowel 1 from handtowelholder 1, (3): take faucet 1 from handtowelholder 1, (4): take handtowel 2 from handtowelholder 1
- Response:[BEGIN](2): take handtowel 1 from handtowelholder 1[END]

**Task Description:**
The task at hand is "put some toiletpaper on toiletpaperhanger". The agent must find an object of the desired type, pick it up, find the correct location to place it, and put it down there.

**Available Actions:**
(1): go to bathtub 1
(2): go to bathtubbasin 1
(3): go to countertop 1
(4): go to drawer 2
(5): go to drawer 3
(6): go to drawer 4
(7): go to drawer 5
(8): go to drawer 6
(9): go to drawer 7
(10): go to drawer 8
(11): go to sinkbasin 1
(12): go to sink 1
(13): open drawer 1
(14): close drawer 1
(15): put toiletpaper 1 in/on drawer 1
(16): examine toiletpaper 1
(17): examine drawer 1

**Determine the appropriate action:**
- Identify relevant objects in the image related to the task.
- Evaluate each action's potential to successfully complete the task.

**Response:**
- Let's tink step-by-step.
- (i): [BEGIN][Selected Action][END]

Original VLM Response:
- (i): [BEGIN](16): examine toiletpaper 1[END]

> Action: examine toiletpaper 1
Running time: 4.207147121429443 seconds

Step:--------------------------------------------------------------------------29--------------------------------------------------------------------------
VLM Prompt:
<image>
<image>
<image>
Given images depicting complex scenes with multiple elements, your objective is to analyze scenes of the image in relation to the specified task description and choose the appropriate action from a list of available actions to accomplish the task. There are two examples.

**Example 1:**
- Available Actions:(1): go to bed 1, (2): go to dresser 1, (3): go to drawer 1
- Response:[BEGIN](2): go to dresser 1[END]
**Example 2:**
- Available Actions:(1): go to garbagecan 1, (2): take handtowel 1 from handtowelholder 1, (3): take faucet 1 from handtowelholder 1, (4): take handtowel 2 from handtowelholder 1
- Response:[BEGIN](2): take handtowel 1 from handtowelholder 1[END]

**Task Description:**
The task at hand is "put some toiletpaper on toiletpaperhanger". The agent must find an object of the desired type, pick it up, find the correct location to place it, and put it down there.

**Available Actions:**
(1): go to bathtub 1
(2): go to bathtubbasin 1
(3): go to countertop 1
(4): go to drawer 2
(5): go to drawer 3
(6): go to drawer 4
(7): go to drawer 5
(8): go to drawer 6
(9): go to drawer 7
(10): go to drawer 8
(11): go to sinkbasin 1
(12): go to sink 1
(13): open drawer 1
(14): close drawer 1
(15): put toiletpaper 1 in/on drawer 1
(16): examine toiletpaper 1
(17): examine drawer 1

**Determine the appropriate action:**
- Identify relevant objects in the image related to the task.
- Evaluate each action's potential to successfully complete the task.

**Response:**
- Let's tink step-by-step.
- (i): [BEGIN][Selected Action][END]

Original VLM Response:
- (i): [BEGIN](16): examine toiletpaper 1[END]

> Action: examine toiletpaper 1
Running time: 2.771272659301758 seconds

Step:--------------------------------------------------------------------------30--------------------------------------------------------------------------
VLM Prompt:
<image>
<image>
<image>
Given images depicting complex scenes with multiple elements, your objective is to analyze scenes of the image in relation to the specified task description and choose the appropriate action from a list of available actions to accomplish the task. There are two examples.

**Example 1:**
- Available Actions:(1): go to bed 1, (2): go to dresser 1, (3): go to drawer 1
- Response:[BEGIN](2): go to dresser 1[END]
**Example 2:**
- Available Actions:(1): go to garbagecan 1, (2): take handtowel 1 from handtowelholder 1, (3): take faucet 1 from handtowelholder 1, (4): take handtowel 2 from handtowelholder 1
- Response:[BEGIN](2): take handtowel 1 from handtowelholder 1[END]

**Task Description:**
The task at hand is "put some toiletpaper on toiletpaperhanger". The agent must find an object of the desired type, pick it up, find the correct location to place it, and put it down there.

**Available Actions:**
(1): go to bathtub 1
(2): go to bathtubbasin 1
(3): go to countertop 1
(4): go to drawer 2
(5): go to drawer 3
(6): go to drawer 4
(7): go to drawer 5
(8): go to drawer 6
(9): go to drawer 7
(10): go to drawer 8
(11): go to sinkbasin 1
(12): go to sink 1
(13): open drawer 1
(14): close drawer 1
(15): put toiletpaper 1 in/on drawer 1
(16): examine toiletpaper 1
(17): examine drawer 1

**Determine the appropriate action:**
- Identify relevant objects in the image related to the task.
- Evaluate each action's potential to successfully complete the task.

**Response:**
- Let's tink step-by-step.
- (i): [BEGIN][Selected Action][END]

Original VLM Response:
- (i): [BEGIN](16): examine toiletpaper 1[END]

> Action: examine toiletpaper 1
Running time: 2.5097897052764893 seconds

Step:--------------------------------------------------------------------------31--------------------------------------------------------------------------
VLM Prompt:
<image>
<image>
<image>
Given images depicting complex scenes with multiple elements, your objective is to analyze scenes of the image in relation to the specified task description and choose the appropriate action from a list of available actions to accomplish the task. There are two examples.

**Example 1:**
- Available Actions:(1): go to bed 1, (2): go to dresser 1, (3): go to drawer 1
- Response:[BEGIN](2): go to dresser 1[END]
**Example 2:**
- Available Actions:(1): go to garbagecan 1, (2): take handtowel 1 from handtowelholder 1, (3): take faucet 1 from handtowelholder 1, (4): take handtowel 2 from handtowelholder 1
- Response:[BEGIN](2): take handtowel 1 from handtowelholder 1[END]

**Task Description:**
The task at hand is "put some toiletpaper on toiletpaperhanger". The agent must find an object of the desired type, pick it up, find the correct location to place it, and put it down there.

**Available Actions:**
(1): go to bathtub 1
(2): go to bathtubbasin 1
(3): go to countertop 1
(4): go to drawer 2
(5): go to drawer 3
(6): go to drawer 4
(7): go to drawer 5
(8): go to drawer 6
(9): go to drawer 7
(10): go to drawer 8
(11): go to sinkbasin 1
(12): go to sink 1
(13): open drawer 1
(14): close drawer 1
(15): put toiletpaper 1 in/on drawer 1
(16): examine toiletpaper 1
(17): examine drawer 1

**Determine the appropriate action:**
- Identify relevant objects in the image related to the task.
- Evaluate each action's potential to successfully complete the task.

**Response:**
- Let's tink step-by-step.
- (i): [BEGIN][Selected Action][END]

Original VLM Response:
- (i): [BEGIN](16): examine toiletpaper 1[END]

> Action: examine toiletpaper 1
Running time: 4.602910280227661 seconds

Step:--------------------------------------------------------------------------32--------------------------------------------------------------------------
VLM Prompt:
<image>
<image>
<image>
Given images depicting complex scenes with multiple elements, your objective is to analyze scenes of the image in relation to the specified task description and choose the appropriate action from a list of available actions to accomplish the task. There are two examples.

**Example 1:**
- Available Actions:(1): go to bed 1, (2): go to dresser 1, (3): go to drawer 1
- Response:[BEGIN](2): go to dresser 1[END]
**Example 2:**
- Available Actions:(1): go to garbagecan 1, (2): take handtowel 1 from handtowelholder 1, (3): take faucet 1 from handtowelholder 1, (4): take handtowel 2 from handtowelholder 1
- Response:[BEGIN](2): take handtowel 1 from handtowelholder 1[END]

**Task Description:**
The task at hand is "put some toiletpaper on toiletpaperhanger". The agent must find an object of the desired type, pick it up, find the correct location to place it, and put it down there.

**Available Actions:**
(1): go to bathtub 1
(2): go to bathtubbasin 1
(3): go to countertop 1
(4): go to drawer 2
(5): go to drawer 3
(6): go to drawer 4
(7): go to drawer 5
(8): go to drawer 6
(9): go to drawer 7
(10): go to drawer 8
(11): go to sinkbasin 1
(12): go to sink 1
(13): open drawer 1
(14): close drawer 1
(15): put toiletpaper 1 in/on drawer 1
(16): examine toiletpaper 1
(17): examine drawer 1

**Determine the appropriate action:**
- Identify relevant objects in the image related to the task.
- Evaluate each action's potential to successfully complete the task.

**Response:**
- Let's tink step-by-step.
- (i): [BEGIN][Selected Action][END]

Original VLM Response:
- (i): [BEGIN](16): examine toiletpaper 1[END]

> Action: examine toiletpaper 1
Running time: 9.359615325927734 seconds

Step:--------------------------------------------------------------------------33--------------------------------------------------------------------------
VLM Prompt:
<image>
<image>
<image>
Given images depicting complex scenes with multiple elements, your objective is to analyze scenes of the image in relation to the specified task description and choose the appropriate action from a list of available actions to accomplish the task. There are two examples.

**Example 1:**
- Available Actions:(1): go to bed 1, (2): go to dresser 1, (3): go to drawer 1
- Response:[BEGIN](2): go to dresser 1[END]
**Example 2:**
- Available Actions:(1): go to garbagecan 1, (2): take handtowel 1 from handtowelholder 1, (3): take faucet 1 from handtowelholder 1, (4): take handtowel 2 from handtowelholder 1
- Response:[BEGIN](2): take handtowel 1 from handtowelholder 1[END]

**Task Description:**
The task at hand is "put some toiletpaper on toiletpaperhanger". The agent must find an object of the desired type, pick it up, find the correct location to place it, and put it down there.

**Available Actions:**
(1): go to bathtub 1
(2): go to bathtubbasin 1
(3): go to countertop 1
(4): go to drawer 2
(5): go to drawer 3
(6): go to drawer 4
(7): go to drawer 5
(8): go to drawer 6
(9): go to drawer 7
(10): go to drawer 8
(11): go to sinkbasin 1
(12): go to sink 1
(13): open drawer 1
(14): close drawer 1
(15): put toiletpaper 1 in/on drawer 1
(16): examine toiletpaper 1
(17): examine drawer 1

**Determine the appropriate action:**
- Identify relevant objects in the image related to the task.
- Evaluate each action's potential to successfully complete the task.

**Response:**
- Let's tink step-by-step.
- (i): [BEGIN][Selected Action][END]

Original VLM Response:
- (i): [BEGIN](16): examine toiletpaper 1[END]

> Action: examine toiletpaper 1
Running time: 3.474820852279663 seconds

Step:--------------------------------------------------------------------------34--------------------------------------------------------------------------
VLM Prompt:
<image>
<image>
<image>
Given images depicting complex scenes with multiple elements, your objective is to analyze scenes of the image in relation to the specified task description and choose the appropriate action from a list of available actions to accomplish the task. There are two examples.

**Example 1:**
- Available Actions:(1): go to bed 1, (2): go to dresser 1, (3): go to drawer 1
- Response:[BEGIN](2): go to dresser 1[END]
**Example 2:**
- Available Actions:(1): go to garbagecan 1, (2): take handtowel 1 from handtowelholder 1, (3): take faucet 1 from handtowelholder 1, (4): take handtowel 2 from handtowelholder 1
- Response:[BEGIN](2): take handtowel 1 from handtowelholder 1[END]

**Task Description:**
The task at hand is "put some toiletpaper on toiletpaperhanger". The agent must find an object of the desired type, pick it up, find the correct location to place it, and put it down there.

**Available Actions:**
(1): go to bathtub 1
(2): go to bathtubbasin 1
(3): go to countertop 1
(4): go to drawer 2
(5): go to drawer 3
(6): go to drawer 4
(7): go to drawer 5
(8): go to drawer 6
(9): go to drawer 7
(10): go to drawer 8
(11): go to sinkbasin 1
(12): go to sink 1
(13): open drawer 1
(14): close drawer 1
(15): put toiletpaper 1 in/on drawer 1
(16): examine toiletpaper 1
(17): examine drawer 1

**Determine the appropriate action:**
- Identify relevant objects in the image related to the task.
- Evaluate each action's potential to successfully complete the task.

**Response:**
- Let's tink step-by-step.
- (i): [BEGIN][Selected Action][END]

Original VLM Response:
- (i): [BEGIN](16): examine toiletpaper 1[END]

> Action: examine toiletpaper 1
Running time: 2.8560149669647217 seconds

Step:--------------------------------------------------------------------------35--------------------------------------------------------------------------
VLM Prompt:
<image>
<image>
<image>
Given images depicting complex scenes with multiple elements, your objective is to analyze scenes of the image in relation to the specified task description and choose the appropriate action from a list of available actions to accomplish the task. There are two examples.

**Example 1:**
- Available Actions:(1): go to bed 1, (2): go to dresser 1, (3): go to drawer 1
- Response:[BEGIN](2): go to dresser 1[END]
**Example 2:**
- Available Actions:(1): go to garbagecan 1, (2): take handtowel 1 from handtowelholder 1, (3): take faucet 1 from handtowelholder 1, (4): take handtowel 2 from handtowelholder 1
- Response:[BEGIN](2): take handtowel 1 from handtowelholder 1[END]

**Task Description:**
The task at hand is "put some toiletpaper on toiletpaperhanger". The agent must find an object of the desired type, pick it up, find the correct location to place it, and put it down there.

**Available Actions:**
(1): go to bathtub 1
(2): go to bathtubbasin 1
(3): go to countertop 1
(4): go to drawer 2
(5): go to drawer 3
(6): go to drawer 4
(7): go to drawer 5
(8): go to drawer 6
(9): go to drawer 7
(10): go to drawer 8
(11): go to sinkbasin 1
(12): go to sink 1
(13): open drawer 1
(14): close drawer 1
(15): put toiletpaper 1 in/on drawer 1
(16): examine toiletpaper 1
(17): examine drawer 1

**Determine the appropriate action:**
- Identify relevant objects in the image related to the task.
- Evaluate each action's potential to successfully complete the task.

**Response:**
- Let's tink step-by-step.
- (i): [BEGIN][Selected Action][END]

Original VLM Response:
- (i): [BEGIN](16): examine toiletpaper 1[END]

> Action: examine toiletpaper 1
Running time: 2.4561924934387207 seconds

Step:--------------------------------------------------------------------------36--------------------------------------------------------------------------
VLM Prompt:
<image>
<image>
<image>
Given images depicting complex scenes with multiple elements, your objective is to analyze scenes of the image in relation to the specified task description and choose the appropriate action from a list of available actions to accomplish the task. There are two examples.

**Example 1:**
- Available Actions:(1): go to bed 1, (2): go to dresser 1, (3): go to drawer 1
- Response:[BEGIN](2): go to dresser 1[END]
**Example 2:**
- Available Actions:(1): go to garbagecan 1, (2): take handtowel 1 from handtowelholder 1, (3): take faucet 1 from handtowelholder 1, (4): take handtowel 2 from handtowelholder 1
- Response:[BEGIN](2): take handtowel 1 from handtowelholder 1[END]

**Task Description:**
The task at hand is "put some toiletpaper on toiletpaperhanger". The agent must find an object of the desired type, pick it up, find the correct location to place it, and put it down there.

**Available Actions:**
(1): go to bathtub 1
(2): go to bathtubbasin 1
(3): go to countertop 1
(4): go to drawer 2
(5): go to drawer 3
(6): go to drawer 4
(7): go to drawer 5
(8): go to drawer 6
(9): go to drawer 7
(10): go to drawer 8
(11): go to sinkbasin 1
(12): go to sink 1
(13): open drawer 1
(14): close drawer 1
(15): put toiletpaper 1 in/on drawer 1
(16): examine toiletpaper 1
(17): examine drawer 1

**Determine the appropriate action:**
- Identify relevant objects in the image related to the task.
- Evaluate each action's potential to successfully complete the task.

**Response:**
- Let's tink step-by-step.
- (i): [BEGIN][Selected Action][END]

Original VLM Response:
- (i): [BEGIN](16): examine toiletpaper 1[END]

> Action: examine toiletpaper 1
Running time: 15.575082778930664 seconds

Step:--------------------------------------------------------------------------37--------------------------------------------------------------------------
VLM Prompt:
<image>
<image>
<image>
Given images depicting complex scenes with multiple elements, your objective is to analyze scenes of the image in relation to the specified task description and choose the appropriate action from a list of available actions to accomplish the task. There are two examples.

**Example 1:**
- Available Actions:(1): go to bed 1, (2): go to dresser 1, (3): go to drawer 1
- Response:[BEGIN](2): go to dresser 1[END]
**Example 2:**
- Available Actions:(1): go to garbagecan 1, (2): take handtowel 1 from handtowelholder 1, (3): take faucet 1 from handtowelholder 1, (4): take handtowel 2 from handtowelholder 1
- Response:[BEGIN](2): take handtowel 1 from handtowelholder 1[END]

**Task Description:**
The task at hand is "put some toiletpaper on toiletpaperhanger". The agent must find an object of the desired type, pick it up, find the correct location to place it, and put it down there.

**Available Actions:**
(1): go to bathtub 1
(2): go to bathtubbasin 1
(3): go to countertop 1
(4): go to drawer 2
(5): go to drawer 3
(6): go to drawer 4
(7): go to drawer 5
(8): go to drawer 6
(9): go to drawer 7
(10): go to drawer 8
(11): go to sinkbasin 1
(12): go to sink 1
(13): open drawer 1
(14): close drawer 1
(15): put toiletpaper 1 in/on drawer 1
(16): examine toiletpaper 1
(17): examine drawer 1

**Determine the appropriate action:**
- Identify relevant objects in the image related to the task.
- Evaluate each action's potential to successfully complete the task.

**Response:**
- Let's tink step-by-step.
- (i): [BEGIN][Selected Action][END]

Original VLM Response:
- (i): [BEGIN](16): examine toiletpaper 1[END]

> Action: examine toiletpaper 1
Running time: 3.003713607788086 seconds

Step:--------------------------------------------------------------------------38--------------------------------------------------------------------------
VLM Prompt:
<image>
<image>
<image>
Given images depicting complex scenes with multiple elements, your objective is to analyze scenes of the image in relation to the specified task description and choose the appropriate action from a list of available actions to accomplish the task. There are two examples.

**Example 1:**
- Available Actions:(1): go to bed 1, (2): go to dresser 1, (3): go to drawer 1
- Response:[BEGIN](2): go to dresser 1[END]
**Example 2:**
- Available Actions:(1): go to garbagecan 1, (2): take handtowel 1 from handtowelholder 1, (3): take faucet 1 from handtowelholder 1, (4): take handtowel 2 from handtowelholder 1
- Response:[BEGIN](2): take handtowel 1 from handtowelholder 1[END]

**Task Description:**
The task at hand is "put some toiletpaper on toiletpaperhanger". The agent must find an object of the desired type, pick it up, find the correct location to place it, and put it down there.

**Available Actions:**
(1): go to bathtub 1
(2): go to bathtubbasin 1
(3): go to countertop 1
(4): go to drawer 2
(5): go to drawer 3
(6): go to drawer 4
(7): go to drawer 5
(8): go to drawer 6
(9): go to drawer 7
(10): go to drawer 8
(11): go to sinkbasin 1
(12): go to sink 1
(13): open drawer 1
(14): close drawer 1
(15): put toiletpaper 1 in/on drawer 1
(16): examine toiletpaper 1
(17): examine drawer 1

**Determine the appropriate action:**
- Identify relevant objects in the image related to the task.
- Evaluate each action's potential to successfully complete the task.

**Response:**
- Let's tink step-by-step.
- (i): [BEGIN][Selected Action][END]

Original VLM Response:
- (i): [BEGIN](16): examine toiletpaper 1[END]

> Action: examine toiletpaper 1
Running time: 2.5528504848480225 seconds

Step:--------------------------------------------------------------------------39--------------------------------------------------------------------------
VLM Prompt:
<image>
<image>
<image>
Given images depicting complex scenes with multiple elements, your objective is to analyze scenes of the image in relation to the specified task description and choose the appropriate action from a list of available actions to accomplish the task. There are two examples.

**Example 1:**
- Available Actions:(1): go to bed 1, (2): go to dresser 1, (3): go to drawer 1
- Response:[BEGIN](2): go to dresser 1[END]
**Example 2:**
- Available Actions:(1): go to garbagecan 1, (2): take handtowel 1 from handtowelholder 1, (3): take faucet 1 from handtowelholder 1, (4): take handtowel 2 from handtowelholder 1
- Response:[BEGIN](2): take handtowel 1 from handtowelholder 1[END]

**Task Description:**
The task at hand is "put some toiletpaper on toiletpaperhanger". The agent must find an object of the desired type, pick it up, find the correct location to place it, and put it down there.

**Available Actions:**
(1): go to bathtub 1
(2): go to bathtubbasin 1
(3): go to countertop 1
(4): go to drawer 2
(5): go to drawer 3
(6): go to drawer 4
(7): go to drawer 5
(8): go to drawer 6
(9): go to drawer 7
(10): go to drawer 8
(11): go to sinkbasin 1
(12): go to sink 1
(13): open drawer 1
(14): close drawer 1
(15): put toiletpaper 1 in/on drawer 1
(16): examine toiletpaper 1
(17): examine drawer 1

**Determine the appropriate action:**
- Identify relevant objects in the image related to the task.
- Evaluate each action's potential to successfully complete the task.

**Response:**
- Let's tink step-by-step.
- (i): [BEGIN][Selected Action][END]

Original VLM Response:
- (i): [BEGIN](16): examine toiletpaper 1[END]

> Action: examine toiletpaper 1
Running time: 8.106096267700195 seconds

Step:--------------------------------------------------------------------------40--------------------------------------------------------------------------
VLM Prompt:
<image>
<image>
<image>
Given images depicting complex scenes with multiple elements, your objective is to analyze scenes of the image in relation to the specified task description and choose the appropriate action from a list of available actions to accomplish the task. There are two examples.

**Example 1:**
- Available Actions:(1): go to bed 1, (2): go to dresser 1, (3): go to drawer 1
- Response:[BEGIN](2): go to dresser 1[END]
**Example 2:**
- Available Actions:(1): go to garbagecan 1, (2): take handtowel 1 from handtowelholder 1, (3): take faucet 1 from handtowelholder 1, (4): take handtowel 2 from handtowelholder 1
- Response:[BEGIN](2): take handtowel 1 from handtowelholder 1[END]

**Task Description:**
The task at hand is "put some toiletpaper on toiletpaperhanger". The agent must find an object of the desired type, pick it up, find the correct location to place it, and put it down there.

**Available Actions:**
(1): go to bathtub 1
(2): go to bathtubbasin 1
(3): go to countertop 1
(4): go to drawer 2
(5): go to drawer 3
(6): go to drawer 4
(7): go to drawer 5
(8): go to drawer 6
(9): go to drawer 7
(10): go to drawer 8
(11): go to sinkbasin 1
(12): go to sink 1
(13): open drawer 1
(14): close drawer 1
(15): put toiletpaper 1 in/on drawer 1
(16): examine toiletpaper 1
(17): examine drawer 1

**Determine the appropriate action:**
- Identify relevant objects in the image related to the task.
- Evaluate each action's potential to successfully complete the task.

**Response:**
- Let's tink step-by-step.
- (i): [BEGIN][Selected Action][END]

Original VLM Response:
- (i): [BEGIN](16): examine toiletpaper 1[END]

> Action: examine toiletpaper 1
Running time: 3.09820556640625 seconds

Step:--------------------------------------------------------------------------41--------------------------------------------------------------------------
VLM Prompt:
<image>
<image>
<image>
Given images depicting complex scenes with multiple elements, your objective is to analyze scenes of the image in relation to the specified task description and choose the appropriate action from a list of available actions to accomplish the task. There are two examples.

**Example 1:**
- Available Actions:(1): go to bed 1, (2): go to dresser 1, (3): go to drawer 1
- Response:[BEGIN](2): go to dresser 1[END]
**Example 2:**
- Available Actions:(1): go to garbagecan 1, (2): take handtowel 1 from handtowelholder 1, (3): take faucet 1 from handtowelholder 1, (4): take handtowel 2 from handtowelholder 1
- Response:[BEGIN](2): take handtowel 1 from handtowelholder 1[END]

**Task Description:**
The task at hand is "put some toiletpaper on toiletpaperhanger". The agent must find an object of the desired type, pick it up, find the correct location to place it, and put it down there.

**Available Actions:**
(1): go to bathtub 1
(2): go to bathtubbasin 1
(3): go to countertop 1
(4): go to drawer 2
(5): go to drawer 3
(6): go to drawer 4
(7): go to drawer 5
(8): go to drawer 6
(9): go to drawer 7
(10): go to drawer 8
(11): go to sinkbasin 1
(12): go to sink 1
(13): open drawer 1
(14): close drawer 1
(15): put toiletpaper 1 in/on drawer 1
(16): examine toiletpaper 1
(17): examine drawer 1

**Determine the appropriate action:**
- Identify relevant objects in the image related to the task.
- Evaluate each action's potential to successfully complete the task.

**Response:**
- Let's tink step-by-step.
- (i): [BEGIN][Selected Action][END]

Original VLM Response:
- (i): [BEGIN](16): examine toiletpaper 1[END]

> Action: examine toiletpaper 1
Running time: 3.911806583404541 seconds

Step:--------------------------------------------------------------------------42--------------------------------------------------------------------------
VLM Prompt:
<image>
<image>
<image>
Given images depicting complex scenes with multiple elements, your objective is to analyze scenes of the image in relation to the specified task description and choose the appropriate action from a list of available actions to accomplish the task. There are two examples.

**Example 1:**
- Available Actions:(1): go to bed 1, (2): go to dresser 1, (3): go to drawer 1
- Response:[BEGIN](2): go to dresser 1[END]
**Example 2:**
- Available Actions:(1): go to garbagecan 1, (2): take handtowel 1 from handtowelholder 1, (3): take faucet 1 from handtowelholder 1, (4): take handtowel 2 from handtowelholder 1
- Response:[BEGIN](2): take handtowel 1 from handtowelholder 1[END]

**Task Description:**
The task at hand is "put some toiletpaper on toiletpaperhanger". The agent must find an object of the desired type, pick it up, find the correct location to place it, and put it down there.

**Available Actions:**
(1): go to bathtub 1
(2): go to bathtubbasin 1
(3): go to countertop 1
(4): go to drawer 2
(5): go to drawer 3
(6): go to drawer 4
(7): go to drawer 5
(8): go to drawer 6
(9): go to drawer 7
(10): go to drawer 8
(11): go to sinkbasin 1
(12): go to sink 1
(13): open drawer 1
(14): close drawer 1
(15): put toiletpaper 1 in/on drawer 1
(16): examine toiletpaper 1
(17): examine drawer 1

**Determine the appropriate action:**
- Identify relevant objects in the image related to the task.
- Evaluate each action's potential to successfully complete the task.

**Response:**
- Let's tink step-by-step.
- (i): [BEGIN][Selected Action][END]

Original VLM Response:
- (i): [BEGIN](16): examine toiletpaper 1[END]

> Action: examine toiletpaper 1
Running time: 2.4478909969329834 seconds

Step:--------------------------------------------------------------------------43--------------------------------------------------------------------------
VLM Prompt:
<image>
<image>
<image>
Given images depicting complex scenes with multiple elements, your objective is to analyze scenes of the image in relation to the specified task description and choose the appropriate action from a list of available actions to accomplish the task. There are two examples.

**Example 1:**
- Available Actions:(1): go to bed 1, (2): go to dresser 1, (3): go to drawer 1
- Response:[BEGIN](2): go to dresser 1[END]
**Example 2:**
- Available Actions:(1): go to garbagecan 1, (2): take handtowel 1 from handtowelholder 1, (3): take faucet 1 from handtowelholder 1, (4): take handtowel 2 from handtowelholder 1
- Response:[BEGIN](2): take handtowel 1 from handtowelholder 1[END]

**Task Description:**
The task at hand is "put some toiletpaper on toiletpaperhanger". The agent must find an object of the desired type, pick it up, find the correct location to place it, and put it down there.

**Available Actions:**
(1): go to bathtub 1
(2): go to bathtubbasin 1
(3): go to countertop 1
(4): go to drawer 2
(5): go to drawer 3
(6): go to drawer 4
(7): go to drawer 5
(8): go to drawer 6
(9): go to drawer 7
(10): go to drawer 8
(11): go to sinkbasin 1
(12): go to sink 1
(13): open drawer 1
(14): close drawer 1
(15): put toiletpaper 1 in/on drawer 1
(16): examine toiletpaper 1
(17): examine drawer 1

**Determine the appropriate action:**
- Identify relevant objects in the image related to the task.
- Evaluate each action's potential to successfully complete the task.

**Response:**
- Let's tink step-by-step.
- (i): [BEGIN][Selected Action][END]

Original VLM Response:
- (i): [BEGIN](16): examine toiletpaper 1[END]

> Action: examine toiletpaper 1
Running time: 2.463549852371216 seconds

Step:--------------------------------------------------------------------------44--------------------------------------------------------------------------
VLM Prompt:
<image>
<image>
<image>
Given images depicting complex scenes with multiple elements, your objective is to analyze scenes of the image in relation to the specified task description and choose the appropriate action from a list of available actions to accomplish the task. There are two examples.

**Example 1:**
- Available Actions:(1): go to bed 1, (2): go to dresser 1, (3): go to drawer 1
- Response:[BEGIN](2): go to dresser 1[END]
**Example 2:**
- Available Actions:(1): go to garbagecan 1, (2): take handtowel 1 from handtowelholder 1, (3): take faucet 1 from handtowelholder 1, (4): take handtowel 2 from handtowelholder 1
- Response:[BEGIN](2): take handtowel 1 from handtowelholder 1[END]

**Task Description:**
The task at hand is "put some toiletpaper on toiletpaperhanger". The agent must find an object of the desired type, pick it up, find the correct location to place it, and put it down there.

**Available Actions:**
(1): go to bathtub 1
(2): go to bathtubbasin 1
(3): go to countertop 1
(4): go to drawer 2
(5): go to drawer 3
(6): go to drawer 4
(7): go to drawer 5
(8): go to drawer 6
(9): go to drawer 7
(10): go to drawer 8
(11): go to sinkbasin 1
(12): go to sink 1
(13): open drawer 1
(14): close drawer 1
(15): put toiletpaper 1 in/on drawer 1
(16): examine toiletpaper 1
(17): examine drawer 1

**Determine the appropriate action:**
- Identify relevant objects in the image related to the task.
- Evaluate each action's potential to successfully complete the task.

**Response:**
- Let's tink step-by-step.
- (i): [BEGIN][Selected Action][END]

Original VLM Response:
- (i): [BEGIN](16): examine toiletpaper 1[END]

> Action: examine toiletpaper 1
Running time: 2.5337469577789307 seconds

Step:--------------------------------------------------------------------------45--------------------------------------------------------------------------
VLM Prompt:
<image>
<image>
<image>
Given images depicting complex scenes with multiple elements, your objective is to analyze scenes of the image in relation to the specified task description and choose the appropriate action from a list of available actions to accomplish the task. There are two examples.

**Example 1:**
- Available Actions:(1): go to bed 1, (2): go to dresser 1, (3): go to drawer 1
- Response:[BEGIN](2): go to dresser 1[END]
**Example 2:**
- Available Actions:(1): go to garbagecan 1, (2): take handtowel 1 from handtowelholder 1, (3): take faucet 1 from handtowelholder 1, (4): take handtowel 2 from handtowelholder 1
- Response:[BEGIN](2): take handtowel 1 from handtowelholder 1[END]

**Task Description:**
The task at hand is "put some toiletpaper on toiletpaperhanger". The agent must find an object of the desired type, pick it up, find the correct location to place it, and put it down there.

**Available Actions:**
(1): go to bathtub 1
(2): go to bathtubbasin 1
(3): go to countertop 1
(4): go to drawer 2
(5): go to drawer 3
(6): go to drawer 4
(7): go to drawer 5
(8): go to drawer 6
(9): go to drawer 7
(10): go to drawer 8
(11): go to sinkbasin 1
(12): go to sink 1
(13): open drawer 1
(14): close drawer 1
(15): put toiletpaper 1 in/on drawer 1
(16): examine toiletpaper 1
(17): examine drawer 1

**Determine the appropriate action:**
- Identify relevant objects in the image related to the task.
- Evaluate each action's potential to successfully complete the task.

**Response:**
- Let's tink step-by-step.
- (i): [BEGIN][Selected Action][END]

Original VLM Response:
- (i): [BEGIN](16): examine toiletpaper 1[END]

> Action: examine toiletpaper 1
Running time: 2.958317518234253 seconds

Step:--------------------------------------------------------------------------46--------------------------------------------------------------------------
VLM Prompt:
<image>
<image>
<image>
Given images depicting complex scenes with multiple elements, your objective is to analyze scenes of the image in relation to the specified task description and choose the appropriate action from a list of available actions to accomplish the task. There are two examples.

**Example 1:**
- Available Actions:(1): go to bed 1, (2): go to dresser 1, (3): go to drawer 1
- Response:[BEGIN](2): go to dresser 1[END]
**Example 2:**
- Available Actions:(1): go to garbagecan 1, (2): take handtowel 1 from handtowelholder 1, (3): take faucet 1 from handtowelholder 1, (4): take handtowel 2 from handtowelholder 1
- Response:[BEGIN](2): take handtowel 1 from handtowelholder 1[END]

**Task Description:**
The task at hand is "put some toiletpaper on toiletpaperhanger". The agent must find an object of the desired type, pick it up, find the correct location to place it, and put it down there.

**Available Actions:**
(1): go to bathtub 1
(2): go to bathtubbasin 1
(3): go to countertop 1
(4): go to drawer 2
(5): go to drawer 3
(6): go to drawer 4
(7): go to drawer 5
(8): go to drawer 6
(9): go to drawer 7
(10): go to drawer 8
(11): go to sinkbasin 1
(12): go to sink 1
(13): open drawer 1
(14): close drawer 1
(15): put toiletpaper 1 in/on drawer 1
(16): examine toiletpaper 1
(17): examine drawer 1

**Determine the appropriate action:**
- Identify relevant objects in the image related to the task.
- Evaluate each action's potential to successfully complete the task.

**Response:**
- Let's tink step-by-step.
- (i): [BEGIN][Selected Action][END]

Original VLM Response:
- (i): [BEGIN](16): examine toiletpaper 1[END]

> Action: examine toiletpaper 1
Running time: 3.2460215091705322 seconds

Step:--------------------------------------------------------------------------47--------------------------------------------------------------------------
VLM Prompt:
<image>
<image>
<image>
Given images depicting complex scenes with multiple elements, your objective is to analyze scenes of the image in relation to the specified task description and choose the appropriate action from a list of available actions to accomplish the task. There are two examples.

**Example 1:**
- Available Actions:(1): go to bed 1, (2): go to dresser 1, (3): go to drawer 1
- Response:[BEGIN](2): go to dresser 1[END]
**Example 2:**
- Available Actions:(1): go to garbagecan 1, (2): take handtowel 1 from handtowelholder 1, (3): take faucet 1 from handtowelholder 1, (4): take handtowel 2 from handtowelholder 1
- Response:[BEGIN](2): take handtowel 1 from handtowelholder 1[END]

**Task Description:**
The task at hand is "put some toiletpaper on toiletpaperhanger". The agent must find an object of the desired type, pick it up, find the correct location to place it, and put it down there.

**Available Actions:**
(1): go to bathtub 1
(2): go to bathtubbasin 1
(3): go to countertop 1
(4): go to drawer 2
(5): go to drawer 3
(6): go to drawer 4
(7): go to drawer 5
(8): go to drawer 6
(9): go to drawer 7
(10): go to drawer 8
(11): go to sinkbasin 1
(12): go to sink 1
(13): open drawer 1
(14): close drawer 1
(15): put toiletpaper 1 in/on drawer 1
(16): examine toiletpaper 1
(17): examine drawer 1

**Determine the appropriate action:**
- Identify relevant objects in the image related to the task.
- Evaluate each action's potential to successfully complete the task.

**Response:**
- Let's tink step-by-step.
- (i): [BEGIN][Selected Action][END]

Original VLM Response:
- First, we need to locate the toiletpaper in the image. We can see that there are two rolls of toiletpaper labeled as "toiletpaper 1" and "toiletpaper 2" on the lower right side of the image.
- Next, we need to find the toiletpaperhanger, which is not labeled in the image but is typically found near the toilet or sink area.
- Since the task is to put some toiletpaper on the toiletpaperhanger, we need to pick up one of the rolls of toiletpaper.
- The action "go to drawer 1" seems to be the closest to the toiletpaper rolls, so it's likely the first step we should take to get closer to the toiletpaper.

(i): [BEGIN](13): open drawer 1[END]

> Action: open drawer 1
Running time: 7.8215203285217285 seconds

Step:--------------------------------------------------------------------------48--------------------------------------------------------------------------
VLM Prompt:
<image>
<image>
<image>
Given images depicting complex scenes with multiple elements, your objective is to analyze scenes of the image in relation to the specified task description and choose the appropriate action from a list of available actions to accomplish the task. There are two examples.

**Example 1:**
- Available Actions:(1): go to bed 1, (2): go to dresser 1, (3): go to drawer 1
- Response:[BEGIN](2): go to dresser 1[END]
**Example 2:**
- Available Actions:(1): go to garbagecan 1, (2): take handtowel 1 from handtowelholder 1, (3): take faucet 1 from handtowelholder 1, (4): take handtowel 2 from handtowelholder 1
- Response:[BEGIN](2): take handtowel 1 from handtowelholder 1[END]

**Task Description:**
The task at hand is "put some toiletpaper on toiletpaperhanger". The agent must find an object of the desired type, pick it up, find the correct location to place it, and put it down there.

**Available Actions:**
(1): go to bathtub 1
(2): go to bathtubbasin 1
(3): go to countertop 1
(4): go to drawer 2
(5): go to drawer 3
(6): go to drawer 4
(7): go to drawer 5
(8): go to drawer 6
(9): go to drawer 7
(10): go to drawer 8
(11): go to sinkbasin 1
(12): go to sink 1
(13): open drawer 1
(14): close drawer 1
(15): put toiletpaper 1 in/on drawer 1
(16): examine toiletpaper 1
(17): examine drawer 1

**Determine the appropriate action:**
- Identify relevant objects in the image related to the task.
- Evaluate each action's potential to successfully complete the task.

**Response:**
- Let's tink step-by-step.
- (i): [BEGIN][Selected Action][END]

Original VLM Response:
- (i): [BEGIN](16): examine toiletpaper 1[END]

> Action: examine toiletpaper 1
Running time: 2.9030354022979736 seconds

Step:--------------------------------------------------------------------------49--------------------------------------------------------------------------
VLM Prompt:
<image>
<image>
<image>
Given images depicting complex scenes with multiple elements, your objective is to analyze scenes of the image in relation to the specified task description and choose the appropriate action from a list of available actions to accomplish the task. There are two examples.

**Example 1:**
- Available Actions:(1): go to bed 1, (2): go to dresser 1, (3): go to drawer 1
- Response:[BEGIN](2): go to dresser 1[END]
**Example 2:**
- Available Actions:(1): go to garbagecan 1, (2): take handtowel 1 from handtowelholder 1, (3): take faucet 1 from handtowelholder 1, (4): take handtowel 2 from handtowelholder 1
- Response:[BEGIN](2): take handtowel 1 from handtowelholder 1[END]

**Task Description:**
The task at hand is "put some toiletpaper on toiletpaperhanger". The agent must find an object of the desired type, pick it up, find the correct location to place it, and put it down there.

**Available Actions:**
(1): go to bathtub 1
(2): go to bathtubbasin 1
(3): go to countertop 1
(4): go to drawer 2
(5): go to drawer 3
(6): go to drawer 4
(7): go to drawer 5
(8): go to drawer 6
(9): go to drawer 7
(10): go to drawer 8
(11): go to sinkbasin 1
(12): go to sink 1
(13): open drawer 1
(14): close drawer 1
(15): put toiletpaper 1 in/on drawer 1
(16): examine toiletpaper 1
(17): examine drawer 1

**Determine the appropriate action:**
- Identify relevant objects in the image related to the task.
- Evaluate each action's potential to successfully complete the task.

**Response:**
- Let's tink step-by-step.
- (i): [BEGIN][Selected Action][END]

Original VLM Response:
- (i): [BEGIN](16): examine toiletpaper 1[END]

> Action: examine toiletpaper 1
Running time: 26.154792547225952 seconds

Step:--------------------------------------------------------------------------50--------------------------------------------------------------------------
VLM Prompt:
<image>
<image>
<image>
Given images depicting complex scenes with multiple elements, your objective is to analyze scenes of the image in relation to the specified task description and choose the appropriate action from a list of available actions to accomplish the task. There are two examples.

**Example 1:**
- Available Actions:(1): go to bed 1, (2): go to dresser 1, (3): go to drawer 1
- Response:[BEGIN](2): go to dresser 1[END]
**Example 2:**
- Available Actions:(1): go to garbagecan 1, (2): take handtowel 1 from handtowelholder 1, (3): take faucet 1 from handtowelholder 1, (4): take handtowel 2 from handtowelholder 1
- Response:[BEGIN](2): take handtowel 1 from handtowelholder 1[END]

**Task Description:**
The task at hand is "put some toiletpaper on toiletpaperhanger". The agent must find an object of the desired type, pick it up, find the correct location to place it, and put it down there.

**Available Actions:**
(1): go to bathtub 1
(2): go to bathtubbasin 1
(3): go to countertop 1
(4): go to drawer 2
(5): go to drawer 3
(6): go to drawer 4
(7): go to drawer 5
(8): go to drawer 6
(9): go to drawer 7
(10): go to drawer 8
(11): go to sinkbasin 1
(12): go to sink 1
(13): open drawer 1
(14): close drawer 1
(15): put toiletpaper 1 in/on drawer 1
(16): examine toiletpaper 1
(17): examine drawer 1

**Determine the appropriate action:**
- Identify relevant objects in the image related to the task.
- Evaluate each action's potential to successfully complete the task.

**Response:**
- Let's tink step-by-step.
- (i): [BEGIN][Selected Action][END]

Original VLM Response:
- (i): [BEGIN](15): put toiletpaper 1 in/on drawer 1[END]

> Action: put toiletpaper 1 in/on drawer 1
Running time: 3.5426011085510254 seconds

UNSUCCEED
