---------------------------------------------------------Scene: 24---------------------------------------------------------
--------------------------------------------------------------------------------------------------------------------------------------------------------------------
--------------------------------------------------------------------------------------------------------------------------------------------------------------------
Step:--------------------------------------------------------------------------1--------------------------------------------------------------------------
VLM Prompt:
<image>
Given an image depicting a complex scene with multiple elements, your objective is to analyze the scene of the image in relation to the specified task description and choose the appropriate action from a list of available actions to accomplish the task. There are two examples.

**Example 1:**
- Available Actions:(1): go to bed 1, (2): go to dresser 1, (3): go to drawer 1
- Response:[BEGIN](2): go to dresser 1[END]
**Example 1:**
- Available Actions:(1): go to garbagecan 1, (2): take handtowel 1 from handtowelholder 1, (3): take faucet 1 from handtowelholder 1, (4): take handtowel 2 from handtowelholder 1
- Response:[BEGIN](2): go to dresser 1[END]

**Task Description:**
The task at hand is "put a soapbottle in garbagecan". The agent must find an object of the desired type, pick it up, find the correct location to place it, and put it down there.

**Available Actions:**
(1): go to bathtub 1
(2): go to bathtubbasin 1
(3): go to cabinet 1
(4): go to cabinet 2
(5): go to countertop 1
(6): go to cabinet 3
(7): go to sink 1
(8): go to sink 2
(9): go to cabinet 4
(10): go to sinkbasin 1
(11): go to sinkbasin 2
(12): go to garbagecan 1
(13): go to toilet 1
(14): go to toiletpaperhanger 1

**Determine the appropriate action:**
- Identify relevant objects in the image related to the task.
- Evaluate each action's potential to successfully complete the task.

**Response:**
- Let's tink step-by-step.
- (i): [BEGIN][Selected Action][END]

Original VLM Response:
- (i): [BEGIN](12): go to garbagecan 1[END]

> Action: go to garbagecan 1
Running time: 3.8463587760925293 seconds

Step:--------------------------------------------------------------------------2--------------------------------------------------------------------------
VLM Prompt:
<image>
Given an image depicting a complex scene with multiple elements, your objective is to analyze the scene of the image in relation to the specified task description and choose the appropriate action from a list of available actions to accomplish the task. There are two examples.

**Example 1:**
- Available Actions:(1): go to bed 1, (2): go to dresser 1, (3): go to drawer 1
- Response:[BEGIN](2): go to dresser 1[END]
**Example 1:**
- Available Actions:(1): go to garbagecan 1, (2): take handtowel 1 from handtowelholder 1, (3): take faucet 1 from handtowelholder 1, (4): take handtowel 2 from handtowelholder 1
- Response:[BEGIN](2): go to dresser 1[END]

**Task Description:**
The task at hand is "put a soapbottle in garbagecan". The agent must find an object of the desired type, pick it up, find the correct location to place it, and put it down there.

**Available Actions:**
(1): go to bathtub 1
(2): go to bathtubbasin 1
(3): go to cabinet 1
(4): go to cabinet 2
(5): go to countertop 1
(6): go to cabinet 3
(7): go to sink 1
(8): go to sink 2
(9): go to cabinet 4
(10): go to sinkbasin 1
(11): go to sinkbasin 2
(12): go to toilet 1
(13): go to toiletpaperhanger 1
(14): take towel 1 from garbagecan 1
(15): take faucet 1 from garbagecan 1
(16): take cloth 1 from garbagecan 1
(17): take faucet 2 from garbagecan 1
(18): examine garbagecan 1

**Determine the appropriate action:**
- Identify relevant objects in the image related to the task.
- Evaluate each action's potential to successfully complete the task.

**Response:**
- Let's tink step-by-step.
- (i): [BEGIN][Selected Action][END]

Original VLM Response:
- (i): [BEGIN](18): examine garbagecan 1[END]

> Action: examine garbagecan 1
Running time: 4.602771282196045 seconds

Step:--------------------------------------------------------------------------3--------------------------------------------------------------------------
VLM Prompt:
<image>
Given an image depicting a complex scene with multiple elements, your objective is to analyze the scene of the image in relation to the specified task description and choose the appropriate action from a list of available actions to accomplish the task. There are two examples.

**Example 1:**
- Available Actions:(1): go to bed 1, (2): go to dresser 1, (3): go to drawer 1
- Response:[BEGIN](2): go to dresser 1[END]
**Example 1:**
- Available Actions:(1): go to garbagecan 1, (2): take handtowel 1 from handtowelholder 1, (3): take faucet 1 from handtowelholder 1, (4): take handtowel 2 from handtowelholder 1
- Response:[BEGIN](2): go to dresser 1[END]

**Task Description:**
The task at hand is "put a soapbottle in garbagecan". The agent must find an object of the desired type, pick it up, find the correct location to place it, and put it down there.

**Available Actions:**
(1): go to bathtub 1
(2): go to bathtubbasin 1
(3): go to cabinet 1
(4): go to cabinet 2
(5): go to countertop 1
(6): go to cabinet 3
(7): go to sink 1
(8): go to sink 2
(9): go to cabinet 4
(10): go to sinkbasin 1
(11): go to sinkbasin 2
(12): go to toilet 1
(13): go to toiletpaperhanger 1
(14): take towel 1 from garbagecan 1
(15): take faucet 1 from garbagecan 1
(16): take cloth 1 from garbagecan 1
(17): take faucet 2 from garbagecan 1
(18): examine garbagecan 1

**Determine the appropriate action:**
- Identify relevant objects in the image related to the task.
- Evaluate each action's potential to successfully complete the task.

**Response:**
- Let's tink step-by-step.
- (i): [BEGIN][Selected Action][END]

Original VLM Response:
- (i): [BEGIN](18): examine garbagecan 1[END]

> Action: examine garbagecan 1
Running time: 2.6628036499023438 seconds

Step:--------------------------------------------------------------------------4--------------------------------------------------------------------------
VLM Prompt:
<image>
Given an image depicting a complex scene with multiple elements, your objective is to analyze the scene of the image in relation to the specified task description and choose the appropriate action from a list of available actions to accomplish the task. There are two examples.

**Example 1:**
- Available Actions:(1): go to bed 1, (2): go to dresser 1, (3): go to drawer 1
- Response:[BEGIN](2): go to dresser 1[END]
**Example 1:**
- Available Actions:(1): go to garbagecan 1, (2): take handtowel 1 from handtowelholder 1, (3): take faucet 1 from handtowelholder 1, (4): take handtowel 2 from handtowelholder 1
- Response:[BEGIN](2): go to dresser 1[END]

**Task Description:**
The task at hand is "put a soapbottle in garbagecan". The agent must find an object of the desired type, pick it up, find the correct location to place it, and put it down there.

**Available Actions:**
(1): go to bathtub 1
(2): go to bathtubbasin 1
(3): go to cabinet 1
(4): go to cabinet 2
(5): go to countertop 1
(6): go to cabinet 3
(7): go to sink 1
(8): go to sink 2
(9): go to cabinet 4
(10): go to sinkbasin 1
(11): go to sinkbasin 2
(12): go to toilet 1
(13): go to toiletpaperhanger 1
(14): take towel 1 from garbagecan 1
(15): take faucet 1 from garbagecan 1
(16): take cloth 1 from garbagecan 1
(17): take faucet 2 from garbagecan 1
(18): examine garbagecan 1

**Determine the appropriate action:**
- Identify relevant objects in the image related to the task.
- Evaluate each action's potential to successfully complete the task.

**Response:**
- Let's tink step-by-step.
- (i): [BEGIN][Selected Action][END]

Original VLM Response:
- (i): [BEGIN](18): examine garbagecan 1[END]

> Action: examine garbagecan 1
Running time: 3.3161709308624268 seconds

Step:--------------------------------------------------------------------------5--------------------------------------------------------------------------
VLM Prompt:
<image>
Given an image depicting a complex scene with multiple elements, your objective is to analyze the scene of the image in relation to the specified task description and choose the appropriate action from a list of available actions to accomplish the task. There are two examples.

**Example 1:**
- Available Actions:(1): go to bed 1, (2): go to dresser 1, (3): go to drawer 1
- Response:[BEGIN](2): go to dresser 1[END]
**Example 1:**
- Available Actions:(1): go to garbagecan 1, (2): take handtowel 1 from handtowelholder 1, (3): take faucet 1 from handtowelholder 1, (4): take handtowel 2 from handtowelholder 1
- Response:[BEGIN](2): go to dresser 1[END]

**Task Description:**
The task at hand is "put a soapbottle in garbagecan". The agent must find an object of the desired type, pick it up, find the correct location to place it, and put it down there.

**Available Actions:**
(1): go to bathtub 1
(2): go to bathtubbasin 1
(3): go to cabinet 1
(4): go to cabinet 2
(5): go to countertop 1
(6): go to cabinet 3
(7): go to sink 1
(8): go to sink 2
(9): go to cabinet 4
(10): go to sinkbasin 1
(11): go to sinkbasin 2
(12): go to toilet 1
(13): go to toiletpaperhanger 1
(14): take towel 1 from garbagecan 1
(15): take faucet 1 from garbagecan 1
(16): take cloth 1 from garbagecan 1
(17): take faucet 2 from garbagecan 1
(18): examine garbagecan 1

**Determine the appropriate action:**
- Identify relevant objects in the image related to the task.
- Evaluate each action's potential to successfully complete the task.

**Response:**
- Let's tink step-by-step.
- (i): [BEGIN][Selected Action][END]

Original VLM Response:
- (i): [BEGIN](18): examine garbagecan 1[END]

> Action: examine garbagecan 1
Running time: 2.4757978916168213 seconds

Step:--------------------------------------------------------------------------6--------------------------------------------------------------------------
VLM Prompt:
<image>
Given an image depicting a complex scene with multiple elements, your objective is to analyze the scene of the image in relation to the specified task description and choose the appropriate action from a list of available actions to accomplish the task. There are two examples.

**Example 1:**
- Available Actions:(1): go to bed 1, (2): go to dresser 1, (3): go to drawer 1
- Response:[BEGIN](2): go to dresser 1[END]
**Example 1:**
- Available Actions:(1): go to garbagecan 1, (2): take handtowel 1 from handtowelholder 1, (3): take faucet 1 from handtowelholder 1, (4): take handtowel 2 from handtowelholder 1
- Response:[BEGIN](2): go to dresser 1[END]

**Task Description:**
The task at hand is "put a soapbottle in garbagecan". The agent must find an object of the desired type, pick it up, find the correct location to place it, and put it down there.

**Available Actions:**
(1): go to bathtub 1
(2): go to bathtubbasin 1
(3): go to cabinet 1
(4): go to cabinet 2
(5): go to countertop 1
(6): go to cabinet 3
(7): go to sink 1
(8): go to sink 2
(9): go to cabinet 4
(10): go to sinkbasin 1
(11): go to sinkbasin 2
(12): go to toilet 1
(13): go to toiletpaperhanger 1
(14): take towel 1 from garbagecan 1
(15): take faucet 1 from garbagecan 1
(16): take cloth 1 from garbagecan 1
(17): take faucet 2 from garbagecan 1
(18): examine garbagecan 1

**Determine the appropriate action:**
- Identify relevant objects in the image related to the task.
- Evaluate each action's potential to successfully complete the task.

**Response:**
- Let's tink step-by-step.
- (i): [BEGIN][Selected Action][END]

Original VLM Response:
- (i): [BEGIN](18): examine garbagecan 1[END]

> Action: examine garbagecan 1
Running time: 2.5330824851989746 seconds

Step:--------------------------------------------------------------------------7--------------------------------------------------------------------------
VLM Prompt:
<image>
Given an image depicting a complex scene with multiple elements, your objective is to analyze the scene of the image in relation to the specified task description and choose the appropriate action from a list of available actions to accomplish the task. There are two examples.

**Example 1:**
- Available Actions:(1): go to bed 1, (2): go to dresser 1, (3): go to drawer 1
- Response:[BEGIN](2): go to dresser 1[END]
**Example 1:**
- Available Actions:(1): go to garbagecan 1, (2): take handtowel 1 from handtowelholder 1, (3): take faucet 1 from handtowelholder 1, (4): take handtowel 2 from handtowelholder 1
- Response:[BEGIN](2): go to dresser 1[END]

**Task Description:**
The task at hand is "put a soapbottle in garbagecan". The agent must find an object of the desired type, pick it up, find the correct location to place it, and put it down there.

**Available Actions:**
(1): go to bathtub 1
(2): go to bathtubbasin 1
(3): go to cabinet 1
(4): go to cabinet 2
(5): go to countertop 1
(6): go to cabinet 3
(7): go to sink 1
(8): go to sink 2
(9): go to cabinet 4
(10): go to sinkbasin 1
(11): go to sinkbasin 2
(12): go to toilet 1
(13): go to toiletpaperhanger 1
(14): take towel 1 from garbagecan 1
(15): take faucet 1 from garbagecan 1
(16): take cloth 1 from garbagecan 1
(17): take faucet 2 from garbagecan 1
(18): examine garbagecan 1

**Determine the appropriate action:**
- Identify relevant objects in the image related to the task.
- Evaluate each action's potential to successfully complete the task.

**Response:**
- Let's tink step-by-step.
- (i): [BEGIN][Selected Action][END]

Original VLM Response:
- (i): [BEGIN](18): examine garbagecan 1[END]

> Action: examine garbagecan 1
Running time: 3.514307975769043 seconds

Step:--------------------------------------------------------------------------8--------------------------------------------------------------------------
VLM Prompt:
<image>
Given an image depicting a complex scene with multiple elements, your objective is to analyze the scene of the image in relation to the specified task description and choose the appropriate action from a list of available actions to accomplish the task. There are two examples.

**Example 1:**
- Available Actions:(1): go to bed 1, (2): go to dresser 1, (3): go to drawer 1
- Response:[BEGIN](2): go to dresser 1[END]
**Example 1:**
- Available Actions:(1): go to garbagecan 1, (2): take handtowel 1 from handtowelholder 1, (3): take faucet 1 from handtowelholder 1, (4): take handtowel 2 from handtowelholder 1
- Response:[BEGIN](2): go to dresser 1[END]

**Task Description:**
The task at hand is "put a soapbottle in garbagecan". The agent must find an object of the desired type, pick it up, find the correct location to place it, and put it down there.

**Available Actions:**
(1): go to bathtub 1
(2): go to bathtubbasin 1
(3): go to cabinet 1
(4): go to cabinet 2
(5): go to countertop 1
(6): go to cabinet 3
(7): go to sink 1
(8): go to sink 2
(9): go to cabinet 4
(10): go to sinkbasin 1
(11): go to sinkbasin 2
(12): go to toilet 1
(13): go to toiletpaperhanger 1
(14): take towel 1 from garbagecan 1
(15): take faucet 1 from garbagecan 1
(16): take cloth 1 from garbagecan 1
(17): take faucet 2 from garbagecan 1
(18): examine garbagecan 1

**Determine the appropriate action:**
- Identify relevant objects in the image related to the task.
- Evaluate each action's potential to successfully complete the task.

**Response:**
- Let's tink step-by-step.
- (i): [BEGIN][Selected Action][END]

Original VLM Response:
- (i): [BEGIN](18): examine garbagecan 1[END]

> Action: examine garbagecan 1
Running time: 3.490891933441162 seconds

Step:--------------------------------------------------------------------------9--------------------------------------------------------------------------
VLM Prompt:
<image>
Given an image depicting a complex scene with multiple elements, your objective is to analyze the scene of the image in relation to the specified task description and choose the appropriate action from a list of available actions to accomplish the task. There are two examples.

**Example 1:**
- Available Actions:(1): go to bed 1, (2): go to dresser 1, (3): go to drawer 1
- Response:[BEGIN](2): go to dresser 1[END]
**Example 1:**
- Available Actions:(1): go to garbagecan 1, (2): take handtowel 1 from handtowelholder 1, (3): take faucet 1 from handtowelholder 1, (4): take handtowel 2 from handtowelholder 1
- Response:[BEGIN](2): go to dresser 1[END]

**Task Description:**
The task at hand is "put a soapbottle in garbagecan". The agent must find an object of the desired type, pick it up, find the correct location to place it, and put it down there.

**Available Actions:**
(1): go to bathtub 1
(2): go to bathtubbasin 1
(3): go to cabinet 1
(4): go to cabinet 2
(5): go to countertop 1
(6): go to cabinet 3
(7): go to sink 1
(8): go to sink 2
(9): go to cabinet 4
(10): go to sinkbasin 1
(11): go to sinkbasin 2
(12): go to toilet 1
(13): go to toiletpaperhanger 1
(14): take towel 1 from garbagecan 1
(15): take faucet 1 from garbagecan 1
(16): take cloth 1 from garbagecan 1
(17): take faucet 2 from garbagecan 1
(18): examine garbagecan 1

**Determine the appropriate action:**
- Identify relevant objects in the image related to the task.
- Evaluate each action's potential to successfully complete the task.

**Response:**
- Let's tink step-by-step.
- (i): [BEGIN][Selected Action][END]

Original VLM Response:
- (i): [BEGIN](18): examine garbagecan 1[END]

> Action: examine garbagecan 1
Running time: 3.2445497512817383 seconds

Step:--------------------------------------------------------------------------10--------------------------------------------------------------------------
VLM Prompt:
<image>
Given an image depicting a complex scene with multiple elements, your objective is to analyze the scene of the image in relation to the specified task description and choose the appropriate action from a list of available actions to accomplish the task. There are two examples.

**Example 1:**
- Available Actions:(1): go to bed 1, (2): go to dresser 1, (3): go to drawer 1
- Response:[BEGIN](2): go to dresser 1[END]
**Example 1:**
- Available Actions:(1): go to garbagecan 1, (2): take handtowel 1 from handtowelholder 1, (3): take faucet 1 from handtowelholder 1, (4): take handtowel 2 from handtowelholder 1
- Response:[BEGIN](2): go to dresser 1[END]

**Task Description:**
The task at hand is "put a soapbottle in garbagecan". The agent must find an object of the desired type, pick it up, find the correct location to place it, and put it down there.

**Available Actions:**
(1): go to bathtub 1
(2): go to bathtubbasin 1
(3): go to cabinet 1
(4): go to cabinet 2
(5): go to countertop 1
(6): go to cabinet 3
(7): go to sink 1
(8): go to sink 2
(9): go to cabinet 4
(10): go to sinkbasin 1
(11): go to sinkbasin 2
(12): go to toilet 1
(13): go to toiletpaperhanger 1
(14): take towel 1 from garbagecan 1
(15): take faucet 1 from garbagecan 1
(16): take cloth 1 from garbagecan 1
(17): take faucet 2 from garbagecan 1
(18): examine garbagecan 1

**Determine the appropriate action:**
- Identify relevant objects in the image related to the task.
- Evaluate each action's potential to successfully complete the task.

**Response:**
- Let's tink step-by-step.
- (i): [BEGIN][Selected Action][END]

Original VLM Response:
- (i): [BEGIN](18): examine garbagecan 1[END]

> Action: examine garbagecan 1
Running time: 2.455428123474121 seconds

Step:--------------------------------------------------------------------------11--------------------------------------------------------------------------
VLM Prompt:
<image>
Given an image depicting a complex scene with multiple elements, your objective is to analyze the scene of the image in relation to the specified task description and choose the appropriate action from a list of available actions to accomplish the task. There are two examples.

**Example 1:**
- Available Actions:(1): go to bed 1, (2): go to dresser 1, (3): go to drawer 1
- Response:[BEGIN](2): go to dresser 1[END]
**Example 1:**
- Available Actions:(1): go to garbagecan 1, (2): take handtowel 1 from handtowelholder 1, (3): take faucet 1 from handtowelholder 1, (4): take handtowel 2 from handtowelholder 1
- Response:[BEGIN](2): go to dresser 1[END]

**Task Description:**
The task at hand is "put a soapbottle in garbagecan". The agent must find an object of the desired type, pick it up, find the correct location to place it, and put it down there.

**Available Actions:**
(1): go to bathtub 1
(2): go to bathtubbasin 1
(3): go to cabinet 1
(4): go to cabinet 2
(5): go to countertop 1
(6): go to cabinet 3
(7): go to sink 1
(8): go to sink 2
(9): go to cabinet 4
(10): go to sinkbasin 1
(11): go to sinkbasin 2
(12): go to toilet 1
(13): go to toiletpaperhanger 1
(14): take towel 1 from garbagecan 1
(15): take faucet 1 from garbagecan 1
(16): take cloth 1 from garbagecan 1
(17): take faucet 2 from garbagecan 1
(18): examine garbagecan 1

**Determine the appropriate action:**
- Identify relevant objects in the image related to the task.
- Evaluate each action's potential to successfully complete the task.

**Response:**
- Let's tink step-by-step.
- (i): [BEGIN][Selected Action][END]

Original VLM Response:
- (i): [BEGIN](18): examine garbagecan 1[END]

> Action: examine garbagecan 1
Running time: 6.650798797607422 seconds

Step:--------------------------------------------------------------------------12--------------------------------------------------------------------------
VLM Prompt:
<image>
Given an image depicting a complex scene with multiple elements, your objective is to analyze the scene of the image in relation to the specified task description and choose the appropriate action from a list of available actions to accomplish the task. There are two examples.

**Example 1:**
- Available Actions:(1): go to bed 1, (2): go to dresser 1, (3): go to drawer 1
- Response:[BEGIN](2): go to dresser 1[END]
**Example 1:**
- Available Actions:(1): go to garbagecan 1, (2): take handtowel 1 from handtowelholder 1, (3): take faucet 1 from handtowelholder 1, (4): take handtowel 2 from handtowelholder 1
- Response:[BEGIN](2): go to dresser 1[END]

**Task Description:**
The task at hand is "put a soapbottle in garbagecan". The agent must find an object of the desired type, pick it up, find the correct location to place it, and put it down there.

**Available Actions:**
(1): go to bathtub 1
(2): go to bathtubbasin 1
(3): go to cabinet 1
(4): go to cabinet 2
(5): go to countertop 1
(6): go to cabinet 3
(7): go to sink 1
(8): go to sink 2
(9): go to cabinet 4
(10): go to sinkbasin 1
(11): go to sinkbasin 2
(12): go to toilet 1
(13): go to toiletpaperhanger 1
(14): take towel 1 from garbagecan 1
(15): take faucet 1 from garbagecan 1
(16): take cloth 1 from garbagecan 1
(17): take faucet 2 from garbagecan 1
(18): examine garbagecan 1

**Determine the appropriate action:**
- Identify relevant objects in the image related to the task.
- Evaluate each action's potential to successfully complete the task.

**Response:**
- Let's tink step-by-step.
- (i): [BEGIN][Selected Action][END]

Original VLM Response:
- (i): [BEGIN](18): examine garbagecan 1[END]

> Action: examine garbagecan 1
Running time: 4.16380763053894 seconds

Step:--------------------------------------------------------------------------13--------------------------------------------------------------------------
VLM Prompt:
<image>
Given an image depicting a complex scene with multiple elements, your objective is to analyze the scene of the image in relation to the specified task description and choose the appropriate action from a list of available actions to accomplish the task. There are two examples.

**Example 1:**
- Available Actions:(1): go to bed 1, (2): go to dresser 1, (3): go to drawer 1
- Response:[BEGIN](2): go to dresser 1[END]
**Example 1:**
- Available Actions:(1): go to garbagecan 1, (2): take handtowel 1 from handtowelholder 1, (3): take faucet 1 from handtowelholder 1, (4): take handtowel 2 from handtowelholder 1
- Response:[BEGIN](2): go to dresser 1[END]

**Task Description:**
The task at hand is "put a soapbottle in garbagecan". The agent must find an object of the desired type, pick it up, find the correct location to place it, and put it down there.

**Available Actions:**
(1): go to bathtub 1
(2): go to bathtubbasin 1
(3): go to cabinet 1
(4): go to cabinet 2
(5): go to countertop 1
(6): go to cabinet 3
(7): go to sink 1
(8): go to sink 2
(9): go to cabinet 4
(10): go to sinkbasin 1
(11): go to sinkbasin 2
(12): go to toilet 1
(13): go to toiletpaperhanger 1
(14): take towel 1 from garbagecan 1
(15): take faucet 1 from garbagecan 1
(16): take cloth 1 from garbagecan 1
(17): take faucet 2 from garbagecan 1
(18): examine garbagecan 1

**Determine the appropriate action:**
- Identify relevant objects in the image related to the task.
- Evaluate each action's potential to successfully complete the task.

**Response:**
- Let's tink step-by-step.
- (i): [BEGIN][Selected Action][END]

Original VLM Response:
- (i): [BEGIN](18): examine garbagecan 1[END]

> Action: examine garbagecan 1
Running time: 2.0745656490325928 seconds

Step:--------------------------------------------------------------------------14--------------------------------------------------------------------------
VLM Prompt:
<image>
Given an image depicting a complex scene with multiple elements, your objective is to analyze the scene of the image in relation to the specified task description and choose the appropriate action from a list of available actions to accomplish the task. There are two examples.

**Example 1:**
- Available Actions:(1): go to bed 1, (2): go to dresser 1, (3): go to drawer 1
- Response:[BEGIN](2): go to dresser 1[END]
**Example 1:**
- Available Actions:(1): go to garbagecan 1, (2): take handtowel 1 from handtowelholder 1, (3): take faucet 1 from handtowelholder 1, (4): take handtowel 2 from handtowelholder 1
- Response:[BEGIN](2): go to dresser 1[END]

**Task Description:**
The task at hand is "put a soapbottle in garbagecan". The agent must find an object of the desired type, pick it up, find the correct location to place it, and put it down there.

**Available Actions:**
(1): go to bathtub 1
(2): go to bathtubbasin 1
(3): go to cabinet 1
(4): go to cabinet 2
(5): go to countertop 1
(6): go to cabinet 3
(7): go to sink 1
(8): go to sink 2
(9): go to cabinet 4
(10): go to sinkbasin 1
(11): go to sinkbasin 2
(12): go to toilet 1
(13): go to toiletpaperhanger 1
(14): take towel 1 from garbagecan 1
(15): take faucet 1 from garbagecan 1
(16): take cloth 1 from garbagecan 1
(17): take faucet 2 from garbagecan 1
(18): examine garbagecan 1

**Determine the appropriate action:**
- Identify relevant objects in the image related to the task.
- Evaluate each action's potential to successfully complete the task.

**Response:**
- Let's tink step-by-step.
- (i): [BEGIN][Selected Action][END]

Original VLM Response:
- (i): [BEGIN](18): examine garbagecan 1[END]

> Action: examine garbagecan 1
Running time: 2.043722629547119 seconds

Step:--------------------------------------------------------------------------15--------------------------------------------------------------------------
VLM Prompt:
<image>
Given an image depicting a complex scene with multiple elements, your objective is to analyze the scene of the image in relation to the specified task description and choose the appropriate action from a list of available actions to accomplish the task. There are two examples.

**Example 1:**
- Available Actions:(1): go to bed 1, (2): go to dresser 1, (3): go to drawer 1
- Response:[BEGIN](2): go to dresser 1[END]
**Example 1:**
- Available Actions:(1): go to garbagecan 1, (2): take handtowel 1 from handtowelholder 1, (3): take faucet 1 from handtowelholder 1, (4): take handtowel 2 from handtowelholder 1
- Response:[BEGIN](2): go to dresser 1[END]

**Task Description:**
The task at hand is "put a soapbottle in garbagecan". The agent must find an object of the desired type, pick it up, find the correct location to place it, and put it down there.

**Available Actions:**
(1): go to bathtub 1
(2): go to bathtubbasin 1
(3): go to cabinet 1
(4): go to cabinet 2
(5): go to countertop 1
(6): go to cabinet 3
(7): go to sink 1
(8): go to sink 2
(9): go to cabinet 4
(10): go to sinkbasin 1
(11): go to sinkbasin 2
(12): go to toilet 1
(13): go to toiletpaperhanger 1
(14): take towel 1 from garbagecan 1
(15): take faucet 1 from garbagecan 1
(16): take cloth 1 from garbagecan 1
(17): take faucet 2 from garbagecan 1
(18): examine garbagecan 1

**Determine the appropriate action:**
- Identify relevant objects in the image related to the task.
- Evaluate each action's potential to successfully complete the task.

**Response:**
- Let's tink step-by-step.
- (i): [BEGIN][Selected Action][END]

Original VLM Response:
- (i): [BEGIN](18): examine garbagecan 1[END]

> Action: examine garbagecan 1
Running time: 2.9758565425872803 seconds

Step:--------------------------------------------------------------------------16--------------------------------------------------------------------------
VLM Prompt:
<image>
Given an image depicting a complex scene with multiple elements, your objective is to analyze the scene of the image in relation to the specified task description and choose the appropriate action from a list of available actions to accomplish the task. There are two examples.

**Example 1:**
- Available Actions:(1): go to bed 1, (2): go to dresser 1, (3): go to drawer 1
- Response:[BEGIN](2): go to dresser 1[END]
**Example 1:**
- Available Actions:(1): go to garbagecan 1, (2): take handtowel 1 from handtowelholder 1, (3): take faucet 1 from handtowelholder 1, (4): take handtowel 2 from handtowelholder 1
- Response:[BEGIN](2): go to dresser 1[END]

**Task Description:**
The task at hand is "put a soapbottle in garbagecan". The agent must find an object of the desired type, pick it up, find the correct location to place it, and put it down there.

**Available Actions:**
(1): go to bathtub 1
(2): go to bathtubbasin 1
(3): go to cabinet 1
(4): go to cabinet 2
(5): go to countertop 1
(6): go to cabinet 3
(7): go to sink 1
(8): go to sink 2
(9): go to cabinet 4
(10): go to sinkbasin 1
(11): go to sinkbasin 2
(12): go to toilet 1
(13): go to toiletpaperhanger 1
(14): take towel 1 from garbagecan 1
(15): take faucet 1 from garbagecan 1
(16): take cloth 1 from garbagecan 1
(17): take faucet 2 from garbagecan 1
(18): examine garbagecan 1

**Determine the appropriate action:**
- Identify relevant objects in the image related to the task.
- Evaluate each action's potential to successfully complete the task.

**Response:**
- Let's tink step-by-step.
- (i): [BEGIN][Selected Action][END]

Original VLM Response:
- (i): [BEGIN](18): examine garbagecan 1[END]

> Action: examine garbagecan 1
Running time: 3.7125942707061768 seconds

Step:--------------------------------------------------------------------------17--------------------------------------------------------------------------
VLM Prompt:
<image>
Given an image depicting a complex scene with multiple elements, your objective is to analyze the scene of the image in relation to the specified task description and choose the appropriate action from a list of available actions to accomplish the task. There are two examples.

**Example 1:**
- Available Actions:(1): go to bed 1, (2): go to dresser 1, (3): go to drawer 1
- Response:[BEGIN](2): go to dresser 1[END]
**Example 1:**
- Available Actions:(1): go to garbagecan 1, (2): take handtowel 1 from handtowelholder 1, (3): take faucet 1 from handtowelholder 1, (4): take handtowel 2 from handtowelholder 1
- Response:[BEGIN](2): go to dresser 1[END]

**Task Description:**
The task at hand is "put a soapbottle in garbagecan". The agent must find an object of the desired type, pick it up, find the correct location to place it, and put it down there.

**Available Actions:**
(1): go to bathtub 1
(2): go to bathtubbasin 1
(3): go to cabinet 1
(4): go to cabinet 2
(5): go to countertop 1
(6): go to cabinet 3
(7): go to sink 1
(8): go to sink 2
(9): go to cabinet 4
(10): go to sinkbasin 1
(11): go to sinkbasin 2
(12): go to toilet 1
(13): go to toiletpaperhanger 1
(14): take towel 1 from garbagecan 1
(15): take faucet 1 from garbagecan 1
(16): take cloth 1 from garbagecan 1
(17): take faucet 2 from garbagecan 1
(18): examine garbagecan 1

**Determine the appropriate action:**
- Identify relevant objects in the image related to the task.
- Evaluate each action's potential to successfully complete the task.

**Response:**
- Let's tink step-by-step.
- (i): [BEGIN][Selected Action][END]

Original VLM Response:
- (i): [BEGIN](18): examine garbagecan 1[END]

> Action: examine garbagecan 1
Running time: 2.6151320934295654 seconds

Step:--------------------------------------------------------------------------18--------------------------------------------------------------------------
VLM Prompt:
<image>
Given an image depicting a complex scene with multiple elements, your objective is to analyze the scene of the image in relation to the specified task description and choose the appropriate action from a list of available actions to accomplish the task. There are two examples.

**Example 1:**
- Available Actions:(1): go to bed 1, (2): go to dresser 1, (3): go to drawer 1
- Response:[BEGIN](2): go to dresser 1[END]
**Example 1:**
- Available Actions:(1): go to garbagecan 1, (2): take handtowel 1 from handtowelholder 1, (3): take faucet 1 from handtowelholder 1, (4): take handtowel 2 from handtowelholder 1
- Response:[BEGIN](2): go to dresser 1[END]

**Task Description:**
The task at hand is "put a soapbottle in garbagecan". The agent must find an object of the desired type, pick it up, find the correct location to place it, and put it down there.

**Available Actions:**
(1): go to bathtub 1
(2): go to bathtubbasin 1
(3): go to cabinet 1
(4): go to cabinet 2
(5): go to countertop 1
(6): go to cabinet 3
(7): go to sink 1
(8): go to sink 2
(9): go to cabinet 4
(10): go to sinkbasin 1
(11): go to sinkbasin 2
(12): go to toilet 1
(13): go to toiletpaperhanger 1
(14): take towel 1 from garbagecan 1
(15): take faucet 1 from garbagecan 1
(16): take cloth 1 from garbagecan 1
(17): take faucet 2 from garbagecan 1
(18): examine garbagecan 1

**Determine the appropriate action:**
- Identify relevant objects in the image related to the task.
- Evaluate each action's potential to successfully complete the task.

**Response:**
- Let's tink step-by-step.
- (i): [BEGIN][Selected Action][END]

Original VLM Response:
- (i): [BEGIN](18): examine garbagecan 1[END]

> Action: examine garbagecan 1
Running time: 4.5826475620269775 seconds

Step:--------------------------------------------------------------------------19--------------------------------------------------------------------------
VLM Prompt:
<image>
Given an image depicting a complex scene with multiple elements, your objective is to analyze the scene of the image in relation to the specified task description and choose the appropriate action from a list of available actions to accomplish the task. There are two examples.

**Example 1:**
- Available Actions:(1): go to bed 1, (2): go to dresser 1, (3): go to drawer 1
- Response:[BEGIN](2): go to dresser 1[END]
**Example 1:**
- Available Actions:(1): go to garbagecan 1, (2): take handtowel 1 from handtowelholder 1, (3): take faucet 1 from handtowelholder 1, (4): take handtowel 2 from handtowelholder 1
- Response:[BEGIN](2): go to dresser 1[END]

**Task Description:**
The task at hand is "put a soapbottle in garbagecan". The agent must find an object of the desired type, pick it up, find the correct location to place it, and put it down there.

**Available Actions:**
(1): go to bathtub 1
(2): go to bathtubbasin 1
(3): go to cabinet 1
(4): go to cabinet 2
(5): go to countertop 1
(6): go to cabinet 3
(7): go to sink 1
(8): go to sink 2
(9): go to cabinet 4
(10): go to sinkbasin 1
(11): go to sinkbasin 2
(12): go to toilet 1
(13): go to toiletpaperhanger 1
(14): take towel 1 from garbagecan 1
(15): take faucet 1 from garbagecan 1
(16): take cloth 1 from garbagecan 1
(17): take faucet 2 from garbagecan 1
(18): examine garbagecan 1

**Determine the appropriate action:**
- Identify relevant objects in the image related to the task.
- Evaluate each action's potential to successfully complete the task.

**Response:**
- Let's tink step-by-step.
- (i): [BEGIN][Selected Action][END]

Original VLM Response:
- (i): [BEGIN](18): examine garbagecan 1[END]

> Action: examine garbagecan 1
Running time: 2.820331335067749 seconds

Step:--------------------------------------------------------------------------20--------------------------------------------------------------------------
VLM Prompt:
<image>
Given an image depicting a complex scene with multiple elements, your objective is to analyze the scene of the image in relation to the specified task description and choose the appropriate action from a list of available actions to accomplish the task. There are two examples.

**Example 1:**
- Available Actions:(1): go to bed 1, (2): go to dresser 1, (3): go to drawer 1
- Response:[BEGIN](2): go to dresser 1[END]
**Example 1:**
- Available Actions:(1): go to garbagecan 1, (2): take handtowel 1 from handtowelholder 1, (3): take faucet 1 from handtowelholder 1, (4): take handtowel 2 from handtowelholder 1
- Response:[BEGIN](2): go to dresser 1[END]

**Task Description:**
The task at hand is "put a soapbottle in garbagecan". The agent must find an object of the desired type, pick it up, find the correct location to place it, and put it down there.

**Available Actions:**
(1): go to bathtub 1
(2): go to bathtubbasin 1
(3): go to cabinet 1
(4): go to cabinet 2
(5): go to countertop 1
(6): go to cabinet 3
(7): go to sink 1
(8): go to sink 2
(9): go to cabinet 4
(10): go to sinkbasin 1
(11): go to sinkbasin 2
(12): go to toilet 1
(13): go to toiletpaperhanger 1
(14): take towel 1 from garbagecan 1
(15): take faucet 1 from garbagecan 1
(16): take cloth 1 from garbagecan 1
(17): take faucet 2 from garbagecan 1
(18): examine garbagecan 1

**Determine the appropriate action:**
- Identify relevant objects in the image related to the task.
- Evaluate each action's potential to successfully complete the task.

**Response:**
- Let's tink step-by-step.
- (i): [BEGIN][Selected Action][END]

Original VLM Response:
- (i): [BEGIN](18): examine garbagecan 1[END]

> Action: examine garbagecan 1
Running time: 3.2987797260284424 seconds

Step:--------------------------------------------------------------------------21--------------------------------------------------------------------------
VLM Prompt:
<image>
Given an image depicting a complex scene with multiple elements, your objective is to analyze the scene of the image in relation to the specified task description and choose the appropriate action from a list of available actions to accomplish the task. There are two examples.

**Example 1:**
- Available Actions:(1): go to bed 1, (2): go to dresser 1, (3): go to drawer 1
- Response:[BEGIN](2): go to dresser 1[END]
**Example 1:**
- Available Actions:(1): go to garbagecan 1, (2): take handtowel 1 from handtowelholder 1, (3): take faucet 1 from handtowelholder 1, (4): take handtowel 2 from handtowelholder 1
- Response:[BEGIN](2): go to dresser 1[END]

**Task Description:**
The task at hand is "put a soapbottle in garbagecan". The agent must find an object of the desired type, pick it up, find the correct location to place it, and put it down there.

**Available Actions:**
(1): go to bathtub 1
(2): go to bathtubbasin 1
(3): go to cabinet 1
(4): go to cabinet 2
(5): go to countertop 1
(6): go to cabinet 3
(7): go to sink 1
(8): go to sink 2
(9): go to cabinet 4
(10): go to sinkbasin 1
(11): go to sinkbasin 2
(12): go to toilet 1
(13): go to toiletpaperhanger 1
(14): take towel 1 from garbagecan 1
(15): take faucet 1 from garbagecan 1
(16): take cloth 1 from garbagecan 1
(17): take faucet 2 from garbagecan 1
(18): examine garbagecan 1

**Determine the appropriate action:**
- Identify relevant objects in the image related to the task.
- Evaluate each action's potential to successfully complete the task.

**Response:**
- Let's tink step-by-step.
- (i): [BEGIN][Selected Action][END]

Original VLM Response:
- (i): [BEGIN](18): examine garbagecan 1[END]

> Action: examine garbagecan 1
Running time: 3.172147512435913 seconds

Step:--------------------------------------------------------------------------22--------------------------------------------------------------------------
VLM Prompt:
<image>
Given an image depicting a complex scene with multiple elements, your objective is to analyze the scene of the image in relation to the specified task description and choose the appropriate action from a list of available actions to accomplish the task. There are two examples.

**Example 1:**
- Available Actions:(1): go to bed 1, (2): go to dresser 1, (3): go to drawer 1
- Response:[BEGIN](2): go to dresser 1[END]
**Example 1:**
- Available Actions:(1): go to garbagecan 1, (2): take handtowel 1 from handtowelholder 1, (3): take faucet 1 from handtowelholder 1, (4): take handtowel 2 from handtowelholder 1
- Response:[BEGIN](2): go to dresser 1[END]

**Task Description:**
The task at hand is "put a soapbottle in garbagecan". The agent must find an object of the desired type, pick it up, find the correct location to place it, and put it down there.

**Available Actions:**
(1): go to bathtub 1
(2): go to bathtubbasin 1
(3): go to cabinet 1
(4): go to cabinet 2
(5): go to countertop 1
(6): go to cabinet 3
(7): go to sink 1
(8): go to sink 2
(9): go to cabinet 4
(10): go to sinkbasin 1
(11): go to sinkbasin 2
(12): go to toilet 1
(13): go to toiletpaperhanger 1
(14): take towel 1 from garbagecan 1
(15): take faucet 1 from garbagecan 1
(16): take cloth 1 from garbagecan 1
(17): take faucet 2 from garbagecan 1
(18): examine garbagecan 1

**Determine the appropriate action:**
- Identify relevant objects in the image related to the task.
- Evaluate each action's potential to successfully complete the task.

**Response:**
- Let's tink step-by-step.
- (i): [BEGIN][Selected Action][END]

Original VLM Response:
- (i): [BEGIN](18): examine garbagecan 1[END]

> Action: examine garbagecan 1
Running time: 2.0956647396087646 seconds

Step:--------------------------------------------------------------------------23--------------------------------------------------------------------------
VLM Prompt:
<image>
Given an image depicting a complex scene with multiple elements, your objective is to analyze the scene of the image in relation to the specified task description and choose the appropriate action from a list of available actions to accomplish the task. There are two examples.

**Example 1:**
- Available Actions:(1): go to bed 1, (2): go to dresser 1, (3): go to drawer 1
- Response:[BEGIN](2): go to dresser 1[END]
**Example 1:**
- Available Actions:(1): go to garbagecan 1, (2): take handtowel 1 from handtowelholder 1, (3): take faucet 1 from handtowelholder 1, (4): take handtowel 2 from handtowelholder 1
- Response:[BEGIN](2): go to dresser 1[END]

**Task Description:**
The task at hand is "put a soapbottle in garbagecan". The agent must find an object of the desired type, pick it up, find the correct location to place it, and put it down there.

**Available Actions:**
(1): go to bathtub 1
(2): go to bathtubbasin 1
(3): go to cabinet 1
(4): go to cabinet 2
(5): go to countertop 1
(6): go to cabinet 3
(7): go to sink 1
(8): go to sink 2
(9): go to cabinet 4
(10): go to sinkbasin 1
(11): go to sinkbasin 2
(12): go to toilet 1
(13): go to toiletpaperhanger 1
(14): take towel 1 from garbagecan 1
(15): take faucet 1 from garbagecan 1
(16): take cloth 1 from garbagecan 1
(17): take faucet 2 from garbagecan 1
(18): examine garbagecan 1

**Determine the appropriate action:**
- Identify relevant objects in the image related to the task.
- Evaluate each action's potential to successfully complete the task.

**Response:**
- Let's tink step-by-step.
- (i): [BEGIN][Selected Action][END]

Original VLM Response:
- (i): [BEGIN](18): examine garbagecan 1[END]

> Action: examine garbagecan 1
Running time: 2.465029001235962 seconds

Step:--------------------------------------------------------------------------24--------------------------------------------------------------------------
VLM Prompt:
<image>
Given an image depicting a complex scene with multiple elements, your objective is to analyze the scene of the image in relation to the specified task description and choose the appropriate action from a list of available actions to accomplish the task. There are two examples.

**Example 1:**
- Available Actions:(1): go to bed 1, (2): go to dresser 1, (3): go to drawer 1
- Response:[BEGIN](2): go to dresser 1[END]
**Example 1:**
- Available Actions:(1): go to garbagecan 1, (2): take handtowel 1 from handtowelholder 1, (3): take faucet 1 from handtowelholder 1, (4): take handtowel 2 from handtowelholder 1
- Response:[BEGIN](2): go to dresser 1[END]

**Task Description:**
The task at hand is "put a soapbottle in garbagecan". The agent must find an object of the desired type, pick it up, find the correct location to place it, and put it down there.

**Available Actions:**
(1): go to bathtub 1
(2): go to bathtubbasin 1
(3): go to cabinet 1
(4): go to cabinet 2
(5): go to countertop 1
(6): go to cabinet 3
(7): go to sink 1
(8): go to sink 2
(9): go to cabinet 4
(10): go to sinkbasin 1
(11): go to sinkbasin 2
(12): go to toilet 1
(13): go to toiletpaperhanger 1
(14): take towel 1 from garbagecan 1
(15): take faucet 1 from garbagecan 1
(16): take cloth 1 from garbagecan 1
(17): take faucet 2 from garbagecan 1
(18): examine garbagecan 1

**Determine the appropriate action:**
- Identify relevant objects in the image related to the task.
- Evaluate each action's potential to successfully complete the task.

**Response:**
- Let's tink step-by-step.
- (i): [BEGIN][Selected Action][END]

Original VLM Response:
- (i): [BEGIN](18): examine garbagecan 1[END]

> Action: examine garbagecan 1
Running time: 2.4850258827209473 seconds

Step:--------------------------------------------------------------------------25--------------------------------------------------------------------------
VLM Prompt:
<image>
Given an image depicting a complex scene with multiple elements, your objective is to analyze the scene of the image in relation to the specified task description and choose the appropriate action from a list of available actions to accomplish the task. There are two examples.

**Example 1:**
- Available Actions:(1): go to bed 1, (2): go to dresser 1, (3): go to drawer 1
- Response:[BEGIN](2): go to dresser 1[END]
**Example 1:**
- Available Actions:(1): go to garbagecan 1, (2): take handtowel 1 from handtowelholder 1, (3): take faucet 1 from handtowelholder 1, (4): take handtowel 2 from handtowelholder 1
- Response:[BEGIN](2): go to dresser 1[END]

**Task Description:**
The task at hand is "put a soapbottle in garbagecan". The agent must find an object of the desired type, pick it up, find the correct location to place it, and put it down there.

**Available Actions:**
(1): go to bathtub 1
(2): go to bathtubbasin 1
(3): go to cabinet 1
(4): go to cabinet 2
(5): go to countertop 1
(6): go to cabinet 3
(7): go to sink 1
(8): go to sink 2
(9): go to cabinet 4
(10): go to sinkbasin 1
(11): go to sinkbasin 2
(12): go to toilet 1
(13): go to toiletpaperhanger 1
(14): take towel 1 from garbagecan 1
(15): take faucet 1 from garbagecan 1
(16): take cloth 1 from garbagecan 1
(17): take faucet 2 from garbagecan 1
(18): examine garbagecan 1

**Determine the appropriate action:**
- Identify relevant objects in the image related to the task.
- Evaluate each action's potential to successfully complete the task.

**Response:**
- Let's tink step-by-step.
- (i): [BEGIN][Selected Action][END]

Original VLM Response:
- (i): [BEGIN](18): examine garbagecan 1[END]

> Action: examine garbagecan 1
Running time: 3.1134743690490723 seconds

Step:--------------------------------------------------------------------------26--------------------------------------------------------------------------
VLM Prompt:
<image>
Given an image depicting a complex scene with multiple elements, your objective is to analyze the scene of the image in relation to the specified task description and choose the appropriate action from a list of available actions to accomplish the task. There are two examples.

**Example 1:**
- Available Actions:(1): go to bed 1, (2): go to dresser 1, (3): go to drawer 1
- Response:[BEGIN](2): go to dresser 1[END]
**Example 1:**
- Available Actions:(1): go to garbagecan 1, (2): take handtowel 1 from handtowelholder 1, (3): take faucet 1 from handtowelholder 1, (4): take handtowel 2 from handtowelholder 1
- Response:[BEGIN](2): go to dresser 1[END]

**Task Description:**
The task at hand is "put a soapbottle in garbagecan". The agent must find an object of the desired type, pick it up, find the correct location to place it, and put it down there.

**Available Actions:**
(1): go to bathtub 1
(2): go to bathtubbasin 1
(3): go to cabinet 1
(4): go to cabinet 2
(5): go to countertop 1
(6): go to cabinet 3
(7): go to sink 1
(8): go to sink 2
(9): go to cabinet 4
(10): go to sinkbasin 1
(11): go to sinkbasin 2
(12): go to toilet 1
(13): go to toiletpaperhanger 1
(14): take towel 1 from garbagecan 1
(15): take faucet 1 from garbagecan 1
(16): take cloth 1 from garbagecan 1
(17): take faucet 2 from garbagecan 1
(18): examine garbagecan 1

**Determine the appropriate action:**
- Identify relevant objects in the image related to the task.
- Evaluate each action's potential to successfully complete the task.

**Response:**
- Let's tink step-by-step.
- (i): [BEGIN][Selected Action][END]

Original VLM Response:
- (i): [BEGIN](18): examine garbagecan 1[END]

> Action: examine garbagecan 1
Running time: 3.2770116329193115 seconds

Step:--------------------------------------------------------------------------27--------------------------------------------------------------------------
VLM Prompt:
<image>
Given an image depicting a complex scene with multiple elements, your objective is to analyze the scene of the image in relation to the specified task description and choose the appropriate action from a list of available actions to accomplish the task. There are two examples.

**Example 1:**
- Available Actions:(1): go to bed 1, (2): go to dresser 1, (3): go to drawer 1
- Response:[BEGIN](2): go to dresser 1[END]
**Example 1:**
- Available Actions:(1): go to garbagecan 1, (2): take handtowel 1 from handtowelholder 1, (3): take faucet 1 from handtowelholder 1, (4): take handtowel 2 from handtowelholder 1
- Response:[BEGIN](2): go to dresser 1[END]

**Task Description:**
The task at hand is "put a soapbottle in garbagecan". The agent must find an object of the desired type, pick it up, find the correct location to place it, and put it down there.

**Available Actions:**
(1): go to bathtub 1
(2): go to bathtubbasin 1
(3): go to cabinet 1
(4): go to cabinet 2
(5): go to countertop 1
(6): go to cabinet 3
(7): go to sink 1
(8): go to sink 2
(9): go to cabinet 4
(10): go to sinkbasin 1
(11): go to sinkbasin 2
(12): go to toilet 1
(13): go to toiletpaperhanger 1
(14): take towel 1 from garbagecan 1
(15): take faucet 1 from garbagecan 1
(16): take cloth 1 from garbagecan 1
(17): take faucet 2 from garbagecan 1
(18): examine garbagecan 1

**Determine the appropriate action:**
- Identify relevant objects in the image related to the task.
- Evaluate each action's potential to successfully complete the task.

**Response:**
- Let's tink step-by-step.
- (i): [BEGIN][Selected Action][END]

Original VLM Response:
- (i): [BEGIN](18): examine garbagecan 1[END]

> Action: examine garbagecan 1
Running time: 2.0881805419921875 seconds

Step:--------------------------------------------------------------------------28--------------------------------------------------------------------------
VLM Prompt:
<image>
Given an image depicting a complex scene with multiple elements, your objective is to analyze the scene of the image in relation to the specified task description and choose the appropriate action from a list of available actions to accomplish the task. There are two examples.

**Example 1:**
- Available Actions:(1): go to bed 1, (2): go to dresser 1, (3): go to drawer 1
- Response:[BEGIN](2): go to dresser 1[END]
**Example 1:**
- Available Actions:(1): go to garbagecan 1, (2): take handtowel 1 from handtowelholder 1, (3): take faucet 1 from handtowelholder 1, (4): take handtowel 2 from handtowelholder 1
- Response:[BEGIN](2): go to dresser 1[END]

**Task Description:**
The task at hand is "put a soapbottle in garbagecan". The agent must find an object of the desired type, pick it up, find the correct location to place it, and put it down there.

**Available Actions:**
(1): go to bathtub 1
(2): go to bathtubbasin 1
(3): go to cabinet 1
(4): go to cabinet 2
(5): go to countertop 1
(6): go to cabinet 3
(7): go to sink 1
(8): go to sink 2
(9): go to cabinet 4
(10): go to sinkbasin 1
(11): go to sinkbasin 2
(12): go to toilet 1
(13): go to toiletpaperhanger 1
(14): take towel 1 from garbagecan 1
(15): take faucet 1 from garbagecan 1
(16): take cloth 1 from garbagecan 1
(17): take faucet 2 from garbagecan 1
(18): examine garbagecan 1

**Determine the appropriate action:**
- Identify relevant objects in the image related to the task.
- Evaluate each action's potential to successfully complete the task.

**Response:**
- Let's tink step-by-step.
- (i): [BEGIN][Selected Action][END]

Original VLM Response:
- (i): [BEGIN](18): examine garbagecan 1[END]

> Action: examine garbagecan 1
Running time: 2.274738311767578 seconds

Step:--------------------------------------------------------------------------29--------------------------------------------------------------------------
VLM Prompt:
<image>
Given an image depicting a complex scene with multiple elements, your objective is to analyze the scene of the image in relation to the specified task description and choose the appropriate action from a list of available actions to accomplish the task. There are two examples.

**Example 1:**
- Available Actions:(1): go to bed 1, (2): go to dresser 1, (3): go to drawer 1
- Response:[BEGIN](2): go to dresser 1[END]
**Example 1:**
- Available Actions:(1): go to garbagecan 1, (2): take handtowel 1 from handtowelholder 1, (3): take faucet 1 from handtowelholder 1, (4): take handtowel 2 from handtowelholder 1
- Response:[BEGIN](2): go to dresser 1[END]

**Task Description:**
The task at hand is "put a soapbottle in garbagecan". The agent must find an object of the desired type, pick it up, find the correct location to place it, and put it down there.

**Available Actions:**
(1): go to bathtub 1
(2): go to bathtubbasin 1
(3): go to cabinet 1
(4): go to cabinet 2
(5): go to countertop 1
(6): go to cabinet 3
(7): go to sink 1
(8): go to sink 2
(9): go to cabinet 4
(10): go to sinkbasin 1
(11): go to sinkbasin 2
(12): go to toilet 1
(13): go to toiletpaperhanger 1
(14): take towel 1 from garbagecan 1
(15): take faucet 1 from garbagecan 1
(16): take cloth 1 from garbagecan 1
(17): take faucet 2 from garbagecan 1
(18): examine garbagecan 1

**Determine the appropriate action:**
- Identify relevant objects in the image related to the task.
- Evaluate each action's potential to successfully complete the task.

**Response:**
- Let's tink step-by-step.
- (i): [BEGIN][Selected Action][END]

Original VLM Response:
- (i): [BEGIN](18): examine garbagecan 1[END]

> Action: examine garbagecan 1
Running time: 2.444063663482666 seconds

Step:--------------------------------------------------------------------------30--------------------------------------------------------------------------
VLM Prompt:
<image>
Given an image depicting a complex scene with multiple elements, your objective is to analyze the scene of the image in relation to the specified task description and choose the appropriate action from a list of available actions to accomplish the task. There are two examples.

**Example 1:**
- Available Actions:(1): go to bed 1, (2): go to dresser 1, (3): go to drawer 1
- Response:[BEGIN](2): go to dresser 1[END]
**Example 1:**
- Available Actions:(1): go to garbagecan 1, (2): take handtowel 1 from handtowelholder 1, (3): take faucet 1 from handtowelholder 1, (4): take handtowel 2 from handtowelholder 1
- Response:[BEGIN](2): go to dresser 1[END]

**Task Description:**
The task at hand is "put a soapbottle in garbagecan". The agent must find an object of the desired type, pick it up, find the correct location to place it, and put it down there.

**Available Actions:**
(1): go to bathtub 1
(2): go to bathtubbasin 1
(3): go to cabinet 1
(4): go to cabinet 2
(5): go to countertop 1
(6): go to cabinet 3
(7): go to sink 1
(8): go to sink 2
(9): go to cabinet 4
(10): go to sinkbasin 1
(11): go to sinkbasin 2
(12): go to toilet 1
(13): go to toiletpaperhanger 1
(14): take towel 1 from garbagecan 1
(15): take faucet 1 from garbagecan 1
(16): take cloth 1 from garbagecan 1
(17): take faucet 2 from garbagecan 1
(18): examine garbagecan 1

**Determine the appropriate action:**
- Identify relevant objects in the image related to the task.
- Evaluate each action's potential to successfully complete the task.

**Response:**
- Let's tink step-by-step.
- (i): [BEGIN][Selected Action][END]

Original VLM Response:
- (i): [BEGIN](18): examine garbagecan 1[END]

> Action: examine garbagecan 1
Running time: 2.8882923126220703 seconds

Step:--------------------------------------------------------------------------31--------------------------------------------------------------------------
VLM Prompt:
<image>
Given an image depicting a complex scene with multiple elements, your objective is to analyze the scene of the image in relation to the specified task description and choose the appropriate action from a list of available actions to accomplish the task. There are two examples.

**Example 1:**
- Available Actions:(1): go to bed 1, (2): go to dresser 1, (3): go to drawer 1
- Response:[BEGIN](2): go to dresser 1[END]
**Example 1:**
- Available Actions:(1): go to garbagecan 1, (2): take handtowel 1 from handtowelholder 1, (3): take faucet 1 from handtowelholder 1, (4): take handtowel 2 from handtowelholder 1
- Response:[BEGIN](2): go to dresser 1[END]

**Task Description:**
The task at hand is "put a soapbottle in garbagecan". The agent must find an object of the desired type, pick it up, find the correct location to place it, and put it down there.

**Available Actions:**
(1): go to bathtub 1
(2): go to bathtubbasin 1
(3): go to cabinet 1
(4): go to cabinet 2
(5): go to countertop 1
(6): go to cabinet 3
(7): go to sink 1
(8): go to sink 2
(9): go to cabinet 4
(10): go to sinkbasin 1
(11): go to sinkbasin 2
(12): go to toilet 1
(13): go to toiletpaperhanger 1
(14): take towel 1 from garbagecan 1
(15): take faucet 1 from garbagecan 1
(16): take cloth 1 from garbagecan 1
(17): take faucet 2 from garbagecan 1
(18): examine garbagecan 1

**Determine the appropriate action:**
- Identify relevant objects in the image related to the task.
- Evaluate each action's potential to successfully complete the task.

**Response:**
- Let's tink step-by-step.
- (i): [BEGIN][Selected Action][END]

Original VLM Response:
- (i): [BEGIN](18): examine garbagecan 1[END]

> Action: examine garbagecan 1
Running time: 2.1817355155944824 seconds

Step:--------------------------------------------------------------------------32--------------------------------------------------------------------------
VLM Prompt:
<image>
Given an image depicting a complex scene with multiple elements, your objective is to analyze the scene of the image in relation to the specified task description and choose the appropriate action from a list of available actions to accomplish the task. There are two examples.

**Example 1:**
- Available Actions:(1): go to bed 1, (2): go to dresser 1, (3): go to drawer 1
- Response:[BEGIN](2): go to dresser 1[END]
**Example 1:**
- Available Actions:(1): go to garbagecan 1, (2): take handtowel 1 from handtowelholder 1, (3): take faucet 1 from handtowelholder 1, (4): take handtowel 2 from handtowelholder 1
- Response:[BEGIN](2): go to dresser 1[END]

**Task Description:**
The task at hand is "put a soapbottle in garbagecan". The agent must find an object of the desired type, pick it up, find the correct location to place it, and put it down there.

**Available Actions:**
(1): go to bathtub 1
(2): go to bathtubbasin 1
(3): go to cabinet 1
(4): go to cabinet 2
(5): go to countertop 1
(6): go to cabinet 3
(7): go to sink 1
(8): go to sink 2
(9): go to cabinet 4
(10): go to sinkbasin 1
(11): go to sinkbasin 2
(12): go to toilet 1
(13): go to toiletpaperhanger 1
(14): take towel 1 from garbagecan 1
(15): take faucet 1 from garbagecan 1
(16): take cloth 1 from garbagecan 1
(17): take faucet 2 from garbagecan 1
(18): examine garbagecan 1

**Determine the appropriate action:**
- Identify relevant objects in the image related to the task.
- Evaluate each action's potential to successfully complete the task.

**Response:**
- Let's tink step-by-step.
- (i): [BEGIN][Selected Action][END]

Original VLM Response:
- (i): [BEGIN](18): examine garbagecan 1[END]

> Action: examine garbagecan 1
Running time: 2.3536651134490967 seconds

Step:--------------------------------------------------------------------------33--------------------------------------------------------------------------
VLM Prompt:
<image>
Given an image depicting a complex scene with multiple elements, your objective is to analyze the scene of the image in relation to the specified task description and choose the appropriate action from a list of available actions to accomplish the task. There are two examples.

**Example 1:**
- Available Actions:(1): go to bed 1, (2): go to dresser 1, (3): go to drawer 1
- Response:[BEGIN](2): go to dresser 1[END]
**Example 1:**
- Available Actions:(1): go to garbagecan 1, (2): take handtowel 1 from handtowelholder 1, (3): take faucet 1 from handtowelholder 1, (4): take handtowel 2 from handtowelholder 1
- Response:[BEGIN](2): go to dresser 1[END]

**Task Description:**
The task at hand is "put a soapbottle in garbagecan". The agent must find an object of the desired type, pick it up, find the correct location to place it, and put it down there.

**Available Actions:**
(1): go to bathtub 1
(2): go to bathtubbasin 1
(3): go to cabinet 1
(4): go to cabinet 2
(5): go to countertop 1
(6): go to cabinet 3
(7): go to sink 1
(8): go to sink 2
(9): go to cabinet 4
(10): go to sinkbasin 1
(11): go to sinkbasin 2
(12): go to toilet 1
(13): go to toiletpaperhanger 1
(14): take towel 1 from garbagecan 1
(15): take faucet 1 from garbagecan 1
(16): take cloth 1 from garbagecan 1
(17): take faucet 2 from garbagecan 1
(18): examine garbagecan 1

**Determine the appropriate action:**
- Identify relevant objects in the image related to the task.
- Evaluate each action's potential to successfully complete the task.

**Response:**
- Let's tink step-by-step.
- (i): [BEGIN][Selected Action][END]

Original VLM Response:
- (i): [BEGIN](18): examine garbagecan 1[END]

> Action: examine garbagecan 1
Running time: 2.9391393661499023 seconds

Step:--------------------------------------------------------------------------34--------------------------------------------------------------------------
VLM Prompt:
<image>
Given an image depicting a complex scene with multiple elements, your objective is to analyze the scene of the image in relation to the specified task description and choose the appropriate action from a list of available actions to accomplish the task. There are two examples.

**Example 1:**
- Available Actions:(1): go to bed 1, (2): go to dresser 1, (3): go to drawer 1
- Response:[BEGIN](2): go to dresser 1[END]
**Example 1:**
- Available Actions:(1): go to garbagecan 1, (2): take handtowel 1 from handtowelholder 1, (3): take faucet 1 from handtowelholder 1, (4): take handtowel 2 from handtowelholder 1
- Response:[BEGIN](2): go to dresser 1[END]

**Task Description:**
The task at hand is "put a soapbottle in garbagecan". The agent must find an object of the desired type, pick it up, find the correct location to place it, and put it down there.

**Available Actions:**
(1): go to bathtub 1
(2): go to bathtubbasin 1
(3): go to cabinet 1
(4): go to cabinet 2
(5): go to countertop 1
(6): go to cabinet 3
(7): go to sink 1
(8): go to sink 2
(9): go to cabinet 4
(10): go to sinkbasin 1
(11): go to sinkbasin 2
(12): go to toilet 1
(13): go to toiletpaperhanger 1
(14): take towel 1 from garbagecan 1
(15): take faucet 1 from garbagecan 1
(16): take cloth 1 from garbagecan 1
(17): take faucet 2 from garbagecan 1
(18): examine garbagecan 1

**Determine the appropriate action:**
- Identify relevant objects in the image related to the task.
- Evaluate each action's potential to successfully complete the task.

**Response:**
- Let's tink step-by-step.
- (i): [BEGIN][Selected Action][END]

Original VLM Response:
- (i): [BEGIN](18): examine garbagecan 1[END]

> Action: examine garbagecan 1
Running time: 2.435624837875366 seconds

Step:--------------------------------------------------------------------------35--------------------------------------------------------------------------
VLM Prompt:
<image>
Given an image depicting a complex scene with multiple elements, your objective is to analyze the scene of the image in relation to the specified task description and choose the appropriate action from a list of available actions to accomplish the task. There are two examples.

**Example 1:**
- Available Actions:(1): go to bed 1, (2): go to dresser 1, (3): go to drawer 1
- Response:[BEGIN](2): go to dresser 1[END]
**Example 1:**
- Available Actions:(1): go to garbagecan 1, (2): take handtowel 1 from handtowelholder 1, (3): take faucet 1 from handtowelholder 1, (4): take handtowel 2 from handtowelholder 1
- Response:[BEGIN](2): go to dresser 1[END]

**Task Description:**
The task at hand is "put a soapbottle in garbagecan". The agent must find an object of the desired type, pick it up, find the correct location to place it, and put it down there.

**Available Actions:**
(1): go to bathtub 1
(2): go to bathtubbasin 1
(3): go to cabinet 1
(4): go to cabinet 2
(5): go to countertop 1
(6): go to cabinet 3
(7): go to sink 1
(8): go to sink 2
(9): go to cabinet 4
(10): go to sinkbasin 1
(11): go to sinkbasin 2
(12): go to toilet 1
(13): go to toiletpaperhanger 1
(14): take towel 1 from garbagecan 1
(15): take faucet 1 from garbagecan 1
(16): take cloth 1 from garbagecan 1
(17): take faucet 2 from garbagecan 1
(18): examine garbagecan 1

**Determine the appropriate action:**
- Identify relevant objects in the image related to the task.
- Evaluate each action's potential to successfully complete the task.

**Response:**
- Let's tink step-by-step.
- (i): [BEGIN][Selected Action][END]

Original VLM Response:
- (i): [BEGIN](18): examine garbagecan 1[END]

> Action: examine garbagecan 1
Running time: 2.456310510635376 seconds

Step:--------------------------------------------------------------------------36--------------------------------------------------------------------------
VLM Prompt:
<image>
Given an image depicting a complex scene with multiple elements, your objective is to analyze the scene of the image in relation to the specified task description and choose the appropriate action from a list of available actions to accomplish the task. There are two examples.

**Example 1:**
- Available Actions:(1): go to bed 1, (2): go to dresser 1, (3): go to drawer 1
- Response:[BEGIN](2): go to dresser 1[END]
**Example 1:**
- Available Actions:(1): go to garbagecan 1, (2): take handtowel 1 from handtowelholder 1, (3): take faucet 1 from handtowelholder 1, (4): take handtowel 2 from handtowelholder 1
- Response:[BEGIN](2): go to dresser 1[END]

**Task Description:**
The task at hand is "put a soapbottle in garbagecan". The agent must find an object of the desired type, pick it up, find the correct location to place it, and put it down there.

**Available Actions:**
(1): go to bathtub 1
(2): go to bathtubbasin 1
(3): go to cabinet 1
(4): go to cabinet 2
(5): go to countertop 1
(6): go to cabinet 3
(7): go to sink 1
(8): go to sink 2
(9): go to cabinet 4
(10): go to sinkbasin 1
(11): go to sinkbasin 2
(12): go to toilet 1
(13): go to toiletpaperhanger 1
(14): take towel 1 from garbagecan 1
(15): take faucet 1 from garbagecan 1
(16): take cloth 1 from garbagecan 1
(17): take faucet 2 from garbagecan 1
(18): examine garbagecan 1

**Determine the appropriate action:**
- Identify relevant objects in the image related to the task.
- Evaluate each action's potential to successfully complete the task.

**Response:**
- Let's tink step-by-step.
- (i): [BEGIN][Selected Action][END]

Original VLM Response:
- (i): [BEGIN](18): examine garbagecan 1[END]

> Action: examine garbagecan 1
Running time: 2.8963229656219482 seconds

Step:--------------------------------------------------------------------------37--------------------------------------------------------------------------
VLM Prompt:
<image>
Given an image depicting a complex scene with multiple elements, your objective is to analyze the scene of the image in relation to the specified task description and choose the appropriate action from a list of available actions to accomplish the task. There are two examples.

**Example 1:**
- Available Actions:(1): go to bed 1, (2): go to dresser 1, (3): go to drawer 1
- Response:[BEGIN](2): go to dresser 1[END]
**Example 1:**
- Available Actions:(1): go to garbagecan 1, (2): take handtowel 1 from handtowelholder 1, (3): take faucet 1 from handtowelholder 1, (4): take handtowel 2 from handtowelholder 1
- Response:[BEGIN](2): go to dresser 1[END]

**Task Description:**
The task at hand is "put a soapbottle in garbagecan". The agent must find an object of the desired type, pick it up, find the correct location to place it, and put it down there.

**Available Actions:**
(1): go to bathtub 1
(2): go to bathtubbasin 1
(3): go to cabinet 1
(4): go to cabinet 2
(5): go to countertop 1
(6): go to cabinet 3
(7): go to sink 1
(8): go to sink 2
(9): go to cabinet 4
(10): go to sinkbasin 1
(11): go to sinkbasin 2
(12): go to toilet 1
(13): go to toiletpaperhanger 1
(14): take towel 1 from garbagecan 1
(15): take faucet 1 from garbagecan 1
(16): take cloth 1 from garbagecan 1
(17): take faucet 2 from garbagecan 1
(18): examine garbagecan 1

**Determine the appropriate action:**
- Identify relevant objects in the image related to the task.
- Evaluate each action's potential to successfully complete the task.

**Response:**
- Let's tink step-by-step.
- (i): [BEGIN][Selected Action][END]

Original VLM Response:
- (i): [BEGIN](18): examine garbagecan 1[END]

> Action: examine garbagecan 1
Running time: 3.158334255218506 seconds

Step:--------------------------------------------------------------------------38--------------------------------------------------------------------------
VLM Prompt:
<image>
Given an image depicting a complex scene with multiple elements, your objective is to analyze the scene of the image in relation to the specified task description and choose the appropriate action from a list of available actions to accomplish the task. There are two examples.

**Example 1:**
- Available Actions:(1): go to bed 1, (2): go to dresser 1, (3): go to drawer 1
- Response:[BEGIN](2): go to dresser 1[END]
**Example 1:**
- Available Actions:(1): go to garbagecan 1, (2): take handtowel 1 from handtowelholder 1, (3): take faucet 1 from handtowelholder 1, (4): take handtowel 2 from handtowelholder 1
- Response:[BEGIN](2): go to dresser 1[END]

**Task Description:**
The task at hand is "put a soapbottle in garbagecan". The agent must find an object of the desired type, pick it up, find the correct location to place it, and put it down there.

**Available Actions:**
(1): go to bathtub 1
(2): go to bathtubbasin 1
(3): go to cabinet 1
(4): go to cabinet 2
(5): go to countertop 1
(6): go to cabinet 3
(7): go to sink 1
(8): go to sink 2
(9): go to cabinet 4
(10): go to sinkbasin 1
(11): go to sinkbasin 2
(12): go to toilet 1
(13): go to toiletpaperhanger 1
(14): take towel 1 from garbagecan 1
(15): take faucet 1 from garbagecan 1
(16): take cloth 1 from garbagecan 1
(17): take faucet 2 from garbagecan 1
(18): examine garbagecan 1

**Determine the appropriate action:**
- Identify relevant objects in the image related to the task.
- Evaluate each action's potential to successfully complete the task.

**Response:**
- Let's tink step-by-step.
- (i): [BEGIN][Selected Action][END]

Original VLM Response:
- (i): [BEGIN](18): examine garbagecan 1[END]

> Action: examine garbagecan 1
Running time: 4.318662881851196 seconds

Step:--------------------------------------------------------------------------39--------------------------------------------------------------------------
VLM Prompt:
<image>
Given an image depicting a complex scene with multiple elements, your objective is to analyze the scene of the image in relation to the specified task description and choose the appropriate action from a list of available actions to accomplish the task. There are two examples.

**Example 1:**
- Available Actions:(1): go to bed 1, (2): go to dresser 1, (3): go to drawer 1
- Response:[BEGIN](2): go to dresser 1[END]
**Example 1:**
- Available Actions:(1): go to garbagecan 1, (2): take handtowel 1 from handtowelholder 1, (3): take faucet 1 from handtowelholder 1, (4): take handtowel 2 from handtowelholder 1
- Response:[BEGIN](2): go to dresser 1[END]

**Task Description:**
The task at hand is "put a soapbottle in garbagecan". The agent must find an object of the desired type, pick it up, find the correct location to place it, and put it down there.

**Available Actions:**
(1): go to bathtub 1
(2): go to bathtubbasin 1
(3): go to cabinet 1
(4): go to cabinet 2
(5): go to countertop 1
(6): go to cabinet 3
(7): go to sink 1
(8): go to sink 2
(9): go to cabinet 4
(10): go to sinkbasin 1
(11): go to sinkbasin 2
(12): go to toilet 1
(13): go to toiletpaperhanger 1
(14): take towel 1 from garbagecan 1
(15): take faucet 1 from garbagecan 1
(16): take cloth 1 from garbagecan 1
(17): take faucet 2 from garbagecan 1
(18): examine garbagecan 1

**Determine the appropriate action:**
- Identify relevant objects in the image related to the task.
- Evaluate each action's potential to successfully complete the task.

**Response:**
- Let's tink step-by-step.
- (i): [BEGIN][Selected Action][END]

Original VLM Response:
- (i): [BEGIN](18): examine garbagecan 1[END]

> Action: examine garbagecan 1
Running time: 2.201817750930786 seconds

Step:--------------------------------------------------------------------------40--------------------------------------------------------------------------
VLM Prompt:
<image>
Given an image depicting a complex scene with multiple elements, your objective is to analyze the scene of the image in relation to the specified task description and choose the appropriate action from a list of available actions to accomplish the task. There are two examples.

**Example 1:**
- Available Actions:(1): go to bed 1, (2): go to dresser 1, (3): go to drawer 1
- Response:[BEGIN](2): go to dresser 1[END]
**Example 1:**
- Available Actions:(1): go to garbagecan 1, (2): take handtowel 1 from handtowelholder 1, (3): take faucet 1 from handtowelholder 1, (4): take handtowel 2 from handtowelholder 1
- Response:[BEGIN](2): go to dresser 1[END]

**Task Description:**
The task at hand is "put a soapbottle in garbagecan". The agent must find an object of the desired type, pick it up, find the correct location to place it, and put it down there.

**Available Actions:**
(1): go to bathtub 1
(2): go to bathtubbasin 1
(3): go to cabinet 1
(4): go to cabinet 2
(5): go to countertop 1
(6): go to cabinet 3
(7): go to sink 1
(8): go to sink 2
(9): go to cabinet 4
(10): go to sinkbasin 1
(11): go to sinkbasin 2
(12): go to toilet 1
(13): go to toiletpaperhanger 1
(14): take towel 1 from garbagecan 1
(15): take faucet 1 from garbagecan 1
(16): take cloth 1 from garbagecan 1
(17): take faucet 2 from garbagecan 1
(18): examine garbagecan 1

**Determine the appropriate action:**
- Identify relevant objects in the image related to the task.
- Evaluate each action's potential to successfully complete the task.

**Response:**
- Let's tink step-by-step.
- (i): [BEGIN][Selected Action][END]

Original VLM Response:
- (i): [BEGIN](18): examine garbagecan 1[END]

> Action: examine garbagecan 1
Running time: 2.1125378608703613 seconds

Step:--------------------------------------------------------------------------41--------------------------------------------------------------------------
VLM Prompt:
<image>
Given an image depicting a complex scene with multiple elements, your objective is to analyze the scene of the image in relation to the specified task description and choose the appropriate action from a list of available actions to accomplish the task. There are two examples.

**Example 1:**
- Available Actions:(1): go to bed 1, (2): go to dresser 1, (3): go to drawer 1
- Response:[BEGIN](2): go to dresser 1[END]
**Example 1:**
- Available Actions:(1): go to garbagecan 1, (2): take handtowel 1 from handtowelholder 1, (3): take faucet 1 from handtowelholder 1, (4): take handtowel 2 from handtowelholder 1
- Response:[BEGIN](2): go to dresser 1[END]

**Task Description:**
The task at hand is "put a soapbottle in garbagecan". The agent must find an object of the desired type, pick it up, find the correct location to place it, and put it down there.

**Available Actions:**
(1): go to bathtub 1
(2): go to bathtubbasin 1
(3): go to cabinet 1
(4): go to cabinet 2
(5): go to countertop 1
(6): go to cabinet 3
(7): go to sink 1
(8): go to sink 2
(9): go to cabinet 4
(10): go to sinkbasin 1
(11): go to sinkbasin 2
(12): go to toilet 1
(13): go to toiletpaperhanger 1
(14): take towel 1 from garbagecan 1
(15): take faucet 1 from garbagecan 1
(16): take cloth 1 from garbagecan 1
(17): take faucet 2 from garbagecan 1
(18): examine garbagecan 1

**Determine the appropriate action:**
- Identify relevant objects in the image related to the task.
- Evaluate each action's potential to successfully complete the task.

**Response:**
- Let's tink step-by-step.
- (i): [BEGIN][Selected Action][END]

Original VLM Response:
- (i): [BEGIN](18): examine garbagecan 1[END]

> Action: examine garbagecan 1
Running time: 4.597423791885376 seconds

Step:--------------------------------------------------------------------------42--------------------------------------------------------------------------
VLM Prompt:
<image>
Given an image depicting a complex scene with multiple elements, your objective is to analyze the scene of the image in relation to the specified task description and choose the appropriate action from a list of available actions to accomplish the task. There are two examples.

**Example 1:**
- Available Actions:(1): go to bed 1, (2): go to dresser 1, (3): go to drawer 1
- Response:[BEGIN](2): go to dresser 1[END]
**Example 1:**
- Available Actions:(1): go to garbagecan 1, (2): take handtowel 1 from handtowelholder 1, (3): take faucet 1 from handtowelholder 1, (4): take handtowel 2 from handtowelholder 1
- Response:[BEGIN](2): go to dresser 1[END]

**Task Description:**
The task at hand is "put a soapbottle in garbagecan". The agent must find an object of the desired type, pick it up, find the correct location to place it, and put it down there.

**Available Actions:**
(1): go to bathtub 1
(2): go to bathtubbasin 1
(3): go to cabinet 1
(4): go to cabinet 2
(5): go to countertop 1
(6): go to cabinet 3
(7): go to sink 1
(8): go to sink 2
(9): go to cabinet 4
(10): go to sinkbasin 1
(11): go to sinkbasin 2
(12): go to toilet 1
(13): go to toiletpaperhanger 1
(14): take towel 1 from garbagecan 1
(15): take faucet 1 from garbagecan 1
(16): take cloth 1 from garbagecan 1
(17): take faucet 2 from garbagecan 1
(18): examine garbagecan 1

**Determine the appropriate action:**
- Identify relevant objects in the image related to the task.
- Evaluate each action's potential to successfully complete the task.

**Response:**
- Let's tink step-by-step.
- (i): [BEGIN][Selected Action][END]

Original VLM Response:
- (i): [BEGIN](18): examine garbagecan 1[END]

> Action: examine garbagecan 1
Running time: 2.0456507205963135 seconds

Step:--------------------------------------------------------------------------43--------------------------------------------------------------------------
VLM Prompt:
<image>
Given an image depicting a complex scene with multiple elements, your objective is to analyze the scene of the image in relation to the specified task description and choose the appropriate action from a list of available actions to accomplish the task. There are two examples.

**Example 1:**
- Available Actions:(1): go to bed 1, (2): go to dresser 1, (3): go to drawer 1
- Response:[BEGIN](2): go to dresser 1[END]
**Example 1:**
- Available Actions:(1): go to garbagecan 1, (2): take handtowel 1 from handtowelholder 1, (3): take faucet 1 from handtowelholder 1, (4): take handtowel 2 from handtowelholder 1
- Response:[BEGIN](2): go to dresser 1[END]

**Task Description:**
The task at hand is "put a soapbottle in garbagecan". The agent must find an object of the desired type, pick it up, find the correct location to place it, and put it down there.

**Available Actions:**
(1): go to bathtub 1
(2): go to bathtubbasin 1
(3): go to cabinet 1
(4): go to cabinet 2
(5): go to countertop 1
(6): go to cabinet 3
(7): go to sink 1
(8): go to sink 2
(9): go to cabinet 4
(10): go to sinkbasin 1
(11): go to sinkbasin 2
(12): go to toilet 1
(13): go to toiletpaperhanger 1
(14): take towel 1 from garbagecan 1
(15): take faucet 1 from garbagecan 1
(16): take cloth 1 from garbagecan 1
(17): take faucet 2 from garbagecan 1
(18): examine garbagecan 1

**Determine the appropriate action:**
- Identify relevant objects in the image related to the task.
- Evaluate each action's potential to successfully complete the task.

**Response:**
- Let's tink step-by-step.
- (i): [BEGIN][Selected Action][END]

Original VLM Response:
- (i): [BEGIN](18): examine garbagecan 1[END]

> Action: examine garbagecan 1
Running time: 3.0930898189544678 seconds

Step:--------------------------------------------------------------------------44--------------------------------------------------------------------------
VLM Prompt:
<image>
Given an image depicting a complex scene with multiple elements, your objective is to analyze the scene of the image in relation to the specified task description and choose the appropriate action from a list of available actions to accomplish the task. There are two examples.

**Example 1:**
- Available Actions:(1): go to bed 1, (2): go to dresser 1, (3): go to drawer 1
- Response:[BEGIN](2): go to dresser 1[END]
**Example 1:**
- Available Actions:(1): go to garbagecan 1, (2): take handtowel 1 from handtowelholder 1, (3): take faucet 1 from handtowelholder 1, (4): take handtowel 2 from handtowelholder 1
- Response:[BEGIN](2): go to dresser 1[END]

**Task Description:**
The task at hand is "put a soapbottle in garbagecan". The agent must find an object of the desired type, pick it up, find the correct location to place it, and put it down there.

**Available Actions:**
(1): go to bathtub 1
(2): go to bathtubbasin 1
(3): go to cabinet 1
(4): go to cabinet 2
(5): go to countertop 1
(6): go to cabinet 3
(7): go to sink 1
(8): go to sink 2
(9): go to cabinet 4
(10): go to sinkbasin 1
(11): go to sinkbasin 2
(12): go to toilet 1
(13): go to toiletpaperhanger 1
(14): take towel 1 from garbagecan 1
(15): take faucet 1 from garbagecan 1
(16): take cloth 1 from garbagecan 1
(17): take faucet 2 from garbagecan 1
(18): examine garbagecan 1

**Determine the appropriate action:**
- Identify relevant objects in the image related to the task.
- Evaluate each action's potential to successfully complete the task.

**Response:**
- Let's tink step-by-step.
- (i): [BEGIN][Selected Action][END]

Original VLM Response:
- (i): [BEGIN](18): examine garbagecan 1[END]

> Action: examine garbagecan 1
Running time: 4.564263820648193 seconds

Step:--------------------------------------------------------------------------45--------------------------------------------------------------------------
VLM Prompt:
<image>
Given an image depicting a complex scene with multiple elements, your objective is to analyze the scene of the image in relation to the specified task description and choose the appropriate action from a list of available actions to accomplish the task. There are two examples.

**Example 1:**
- Available Actions:(1): go to bed 1, (2): go to dresser 1, (3): go to drawer 1
- Response:[BEGIN](2): go to dresser 1[END]
**Example 1:**
- Available Actions:(1): go to garbagecan 1, (2): take handtowel 1 from handtowelholder 1, (3): take faucet 1 from handtowelholder 1, (4): take handtowel 2 from handtowelholder 1
- Response:[BEGIN](2): go to dresser 1[END]

**Task Description:**
The task at hand is "put a soapbottle in garbagecan". The agent must find an object of the desired type, pick it up, find the correct location to place it, and put it down there.

**Available Actions:**
(1): go to bathtub 1
(2): go to bathtubbasin 1
(3): go to cabinet 1
(4): go to cabinet 2
(5): go to countertop 1
(6): go to cabinet 3
(7): go to sink 1
(8): go to sink 2
(9): go to cabinet 4
(10): go to sinkbasin 1
(11): go to sinkbasin 2
(12): go to toilet 1
(13): go to toiletpaperhanger 1
(14): take towel 1 from garbagecan 1
(15): take faucet 1 from garbagecan 1
(16): take cloth 1 from garbagecan 1
(17): take faucet 2 from garbagecan 1
(18): examine garbagecan 1

**Determine the appropriate action:**
- Identify relevant objects in the image related to the task.
- Evaluate each action's potential to successfully complete the task.

**Response:**
- Let's tink step-by-step.
- (i): [BEGIN][Selected Action][END]

Original VLM Response:
- (i): [BEGIN](18): examine garbagecan 1[END]

> Action: examine garbagecan 1
Running time: 2.5166842937469482 seconds

Step:--------------------------------------------------------------------------46--------------------------------------------------------------------------
VLM Prompt:
<image>
Given an image depicting a complex scene with multiple elements, your objective is to analyze the scene of the image in relation to the specified task description and choose the appropriate action from a list of available actions to accomplish the task. There are two examples.

**Example 1:**
- Available Actions:(1): go to bed 1, (2): go to dresser 1, (3): go to drawer 1
- Response:[BEGIN](2): go to dresser 1[END]
**Example 1:**
- Available Actions:(1): go to garbagecan 1, (2): take handtowel 1 from handtowelholder 1, (3): take faucet 1 from handtowelholder 1, (4): take handtowel 2 from handtowelholder 1
- Response:[BEGIN](2): go to dresser 1[END]

**Task Description:**
The task at hand is "put a soapbottle in garbagecan". The agent must find an object of the desired type, pick it up, find the correct location to place it, and put it down there.

**Available Actions:**
(1): go to bathtub 1
(2): go to bathtubbasin 1
(3): go to cabinet 1
(4): go to cabinet 2
(5): go to countertop 1
(6): go to cabinet 3
(7): go to sink 1
(8): go to sink 2
(9): go to cabinet 4
(10): go to sinkbasin 1
(11): go to sinkbasin 2
(12): go to toilet 1
(13): go to toiletpaperhanger 1
(14): take towel 1 from garbagecan 1
(15): take faucet 1 from garbagecan 1
(16): take cloth 1 from garbagecan 1
(17): take faucet 2 from garbagecan 1
(18): examine garbagecan 1

**Determine the appropriate action:**
- Identify relevant objects in the image related to the task.
- Evaluate each action's potential to successfully complete the task.

**Response:**
- Let's tink step-by-step.
- (i): [BEGIN][Selected Action][END]

Original VLM Response:
- (i): [BEGIN](18): examine garbagecan 1[END]

> Action: examine garbagecan 1
Running time: 2.4930741786956787 seconds

Step:--------------------------------------------------------------------------47--------------------------------------------------------------------------
VLM Prompt:
<image>
Given an image depicting a complex scene with multiple elements, your objective is to analyze the scene of the image in relation to the specified task description and choose the appropriate action from a list of available actions to accomplish the task. There are two examples.

**Example 1:**
- Available Actions:(1): go to bed 1, (2): go to dresser 1, (3): go to drawer 1
- Response:[BEGIN](2): go to dresser 1[END]
**Example 1:**
- Available Actions:(1): go to garbagecan 1, (2): take handtowel 1 from handtowelholder 1, (3): take faucet 1 from handtowelholder 1, (4): take handtowel 2 from handtowelholder 1
- Response:[BEGIN](2): go to dresser 1[END]

**Task Description:**
The task at hand is "put a soapbottle in garbagecan". The agent must find an object of the desired type, pick it up, find the correct location to place it, and put it down there.

**Available Actions:**
(1): go to bathtub 1
(2): go to bathtubbasin 1
(3): go to cabinet 1
(4): go to cabinet 2
(5): go to countertop 1
(6): go to cabinet 3
(7): go to sink 1
(8): go to sink 2
(9): go to cabinet 4
(10): go to sinkbasin 1
(11): go to sinkbasin 2
(12): go to toilet 1
(13): go to toiletpaperhanger 1
(14): take towel 1 from garbagecan 1
(15): take faucet 1 from garbagecan 1
(16): take cloth 1 from garbagecan 1
(17): take faucet 2 from garbagecan 1
(18): examine garbagecan 1

**Determine the appropriate action:**
- Identify relevant objects in the image related to the task.
- Evaluate each action's potential to successfully complete the task.

**Response:**
- Let's tink step-by-step.
- (i): [BEGIN][Selected Action][END]

Original VLM Response:
- (i): [BEGIN](18): examine garbagecan 1[END]

> Action: examine garbagecan 1
Running time: 2.399153709411621 seconds

Step:--------------------------------------------------------------------------48--------------------------------------------------------------------------
VLM Prompt:
<image>
Given an image depicting a complex scene with multiple elements, your objective is to analyze the scene of the image in relation to the specified task description and choose the appropriate action from a list of available actions to accomplish the task. There are two examples.

**Example 1:**
- Available Actions:(1): go to bed 1, (2): go to dresser 1, (3): go to drawer 1
- Response:[BEGIN](2): go to dresser 1[END]
**Example 1:**
- Available Actions:(1): go to garbagecan 1, (2): take handtowel 1 from handtowelholder 1, (3): take faucet 1 from handtowelholder 1, (4): take handtowel 2 from handtowelholder 1
- Response:[BEGIN](2): go to dresser 1[END]

**Task Description:**
The task at hand is "put a soapbottle in garbagecan". The agent must find an object of the desired type, pick it up, find the correct location to place it, and put it down there.

**Available Actions:**
(1): go to bathtub 1
(2): go to bathtubbasin 1
(3): go to cabinet 1
(4): go to cabinet 2
(5): go to countertop 1
(6): go to cabinet 3
(7): go to sink 1
(8): go to sink 2
(9): go to cabinet 4
(10): go to sinkbasin 1
(11): go to sinkbasin 2
(12): go to toilet 1
(13): go to toiletpaperhanger 1
(14): take towel 1 from garbagecan 1
(15): take faucet 1 from garbagecan 1
(16): take cloth 1 from garbagecan 1
(17): take faucet 2 from garbagecan 1
(18): examine garbagecan 1

**Determine the appropriate action:**
- Identify relevant objects in the image related to the task.
- Evaluate each action's potential to successfully complete the task.

**Response:**
- Let's tink step-by-step.
- (i): [BEGIN][Selected Action][END]

Original VLM Response:
- (i): [BEGIN](18): examine garbagecan 1[END]

> Action: examine garbagecan 1
Running time: 4.236235618591309 seconds

Step:--------------------------------------------------------------------------49--------------------------------------------------------------------------
VLM Prompt:
<image>
Given an image depicting a complex scene with multiple elements, your objective is to analyze the scene of the image in relation to the specified task description and choose the appropriate action from a list of available actions to accomplish the task. There are two examples.

**Example 1:**
- Available Actions:(1): go to bed 1, (2): go to dresser 1, (3): go to drawer 1
- Response:[BEGIN](2): go to dresser 1[END]
**Example 1:**
- Available Actions:(1): go to garbagecan 1, (2): take handtowel 1 from handtowelholder 1, (3): take faucet 1 from handtowelholder 1, (4): take handtowel 2 from handtowelholder 1
- Response:[BEGIN](2): go to dresser 1[END]

**Task Description:**
The task at hand is "put a soapbottle in garbagecan". The agent must find an object of the desired type, pick it up, find the correct location to place it, and put it down there.

**Available Actions:**
(1): go to bathtub 1
(2): go to bathtubbasin 1
(3): go to cabinet 1
(4): go to cabinet 2
(5): go to countertop 1
(6): go to cabinet 3
(7): go to sink 1
(8): go to sink 2
(9): go to cabinet 4
(10): go to sinkbasin 1
(11): go to sinkbasin 2
(12): go to toilet 1
(13): go to toiletpaperhanger 1
(14): take towel 1 from garbagecan 1
(15): take faucet 1 from garbagecan 1
(16): take cloth 1 from garbagecan 1
(17): take faucet 2 from garbagecan 1
(18): examine garbagecan 1

**Determine the appropriate action:**
- Identify relevant objects in the image related to the task.
- Evaluate each action's potential to successfully complete the task.

**Response:**
- Let's tink step-by-step.
- (i): [BEGIN][Selected Action][END]

Original VLM Response:
- (i): [BEGIN](18): examine garbagecan 1[END]

> Action: examine garbagecan 1
Running time: 2.2447874546051025 seconds

Step:--------------------------------------------------------------------------50--------------------------------------------------------------------------
VLM Prompt:
<image>
Given an image depicting a complex scene with multiple elements, your objective is to analyze the scene of the image in relation to the specified task description and choose the appropriate action from a list of available actions to accomplish the task. There are two examples.

**Example 1:**
- Available Actions:(1): go to bed 1, (2): go to dresser 1, (3): go to drawer 1
- Response:[BEGIN](2): go to dresser 1[END]
**Example 1:**
- Available Actions:(1): go to garbagecan 1, (2): take handtowel 1 from handtowelholder 1, (3): take faucet 1 from handtowelholder 1, (4): take handtowel 2 from handtowelholder 1
- Response:[BEGIN](2): go to dresser 1[END]

**Task Description:**
The task at hand is "put a soapbottle in garbagecan". The agent must find an object of the desired type, pick it up, find the correct location to place it, and put it down there.

**Available Actions:**
(1): go to bathtub 1
(2): go to bathtubbasin 1
(3): go to cabinet 1
(4): go to cabinet 2
(5): go to countertop 1
(6): go to cabinet 3
(7): go to sink 1
(8): go to sink 2
(9): go to cabinet 4
(10): go to sinkbasin 1
(11): go to sinkbasin 2
(12): go to toilet 1
(13): go to toiletpaperhanger 1
(14): take towel 1 from garbagecan 1
(15): take faucet 1 from garbagecan 1
(16): take cloth 1 from garbagecan 1
(17): take faucet 2 from garbagecan 1
(18): examine garbagecan 1

**Determine the appropriate action:**
- Identify relevant objects in the image related to the task.
- Evaluate each action's potential to successfully complete the task.

**Response:**
- Let's tink step-by-step.
- (i): [BEGIN][Selected Action][END]

Original VLM Response:
- (i): [BEGIN](18): examine garbagecan 1[END]

> Action: examine garbagecan 1
Running time: 3.526123046875 seconds

UNSUCCEED
