---------------------------------------------------------Scene: 7---------------------------------------------------------
--------------------------------------------------------------------------------------------------------------------------------------------------------------------
--------------------------------------------------------------------------------------------------------------------------------------------------------------------
Step:--------------------------------------------------------------------------1--------------------------------------------------------------------------
VLM Prompt:
<image>
Given images depicting complex scenes with multiple elements, your objective is to analyze scenes of the image in relation to the specified task description and choose the appropriate action from a list of available actions to accomplish the task. There are two examples.

**Example 1:**
- Available Actions:(1): go to bed 1, (2): go to dresser 1, (3): go to drawer 1
- Response:[BEGIN](2): go to dresser 1[END]
**Example 2:**
- Available Actions:(1): go to garbagecan 1, (2): take handtowel 1 from handtowelholder 1, (3): take faucet 1 from handtowelholder 1, (4): take handtowel 2 from handtowelholder 1
- Response:[BEGIN](2): take handtowel 1 from handtowelholder 1[END]

**Task Description:**
The task at hand is "examine the pencil with the desklamp". The agent must find an object of the desired type, locate and turn on a light source with the desired object in-hand.

**Available Actions:**
(1): go to bed 1
(2): go to desk 1
(3): go to shelf 1
(4): go to sidetable 1
(5): go to drawer 1
(6): go to drawer 2
(7): go to garbagecan 1

**Determine the appropriate action:**
- Identify relevant objects in the image related to the task.
- Evaluate each action's potential to successfully complete the task.

**Response:**
- Let's tink step-by-step.
- (i): [BEGIN][Selected Action][END]

Original VLM Response:
- (i): [BEGIN](2): go to desk 1[END]

> Action: go to desk 1
Running time: 2.3095688819885254 seconds

Step:--------------------------------------------------------------------------2--------------------------------------------------------------------------
VLM Prompt:
<image>
<image>
Given images depicting complex scenes with multiple elements, your objective is to analyze scenes of the image in relation to the specified task description and choose the appropriate action from a list of available actions to accomplish the task. There are two examples.

**Example 1:**
- Available Actions:(1): go to bed 1, (2): go to dresser 1, (3): go to drawer 1
- Response:[BEGIN](2): go to dresser 1[END]
**Example 2:**
- Available Actions:(1): go to garbagecan 1, (2): take handtowel 1 from handtowelholder 1, (3): take faucet 1 from handtowelholder 1, (4): take handtowel 2 from handtowelholder 1
- Response:[BEGIN](2): take handtowel 1 from handtowelholder 1[END]

**Task Description:**
The task at hand is "examine the pencil with the desklamp". The agent must find an object of the desired type, locate and turn on a light source with the desired object in-hand.

**Available Actions:**
(1): go to bed 1
(2): go to shelf 1
(3): go to sidetable 1
(4): go to drawer 1
(5): go to drawer 2
(6): go to garbagecan 1
(7): take laptop 1 from desk 1
(8): take book 1 from desk 1
(9): take tissuebox 1 from desk 1
(10): take tissuebox 2 from desk 1
(11): take mug 1 from desk 1
(12): take mug 2 from desk 1
(13): take creditcard 1 from desk 1
(14): take keychain 1 from desk 1
(15): take pen 1 from desk 1
(16): take keychain 2 from desk 1
(17): take pen 2 from desk 1
(18): use desklamp 1
(19): examine desk 1

**Determine the appropriate action:**
- Identify relevant objects in the image related to the task.
- Evaluate each action's potential to successfully complete the task.

**Response:**
- Let's tink step-by-step.
- (i): [BEGIN][Selected Action][END]

Original VLM Response:
- (i): [BEGIN](15): take pen 1 from desk 1[END]
- (ii): [BEGIN](18): use desklamp 1[END]

> Action: take pen 1 from desk 1
Running time: 5.007593393325806 seconds

Step:--------------------------------------------------------------------------3--------------------------------------------------------------------------
VLM Prompt:
<image>
<image>
<image>
Given images depicting complex scenes with multiple elements, your objective is to analyze scenes of the image in relation to the specified task description and choose the appropriate action from a list of available actions to accomplish the task. There are two examples.

**Example 1:**
- Available Actions:(1): go to bed 1, (2): go to dresser 1, (3): go to drawer 1
- Response:[BEGIN](2): go to dresser 1[END]
**Example 2:**
- Available Actions:(1): go to garbagecan 1, (2): take handtowel 1 from handtowelholder 1, (3): take faucet 1 from handtowelholder 1, (4): take handtowel 2 from handtowelholder 1
- Response:[BEGIN](2): take handtowel 1 from handtowelholder 1[END]

**Task Description:**
The task at hand is "examine the pencil with the desklamp". The agent must find an object of the desired type, locate and turn on a light source with the desired object in-hand.

**Available Actions:**
(1): go to bed 1
(2): go to shelf 1
(3): go to sidetable 1
(4): go to drawer 1
(5): go to drawer 2
(6): go to garbagecan 1
(7): put pen 1 in/on desk 1
(8): use desklamp 1
(9): examine pen 1
(10): examine desk 1

**Determine the appropriate action:**
- Identify relevant objects in the image related to the task.
- Evaluate each action's potential to successfully complete the task.

**Response:**
- Let's tink step-by-step.
- (i): [BEGIN][Selected Action][END]

Original VLM Response:
- (i): [BEGIN](7): put pen 1 in/on desk 1[END]
- (ii): [BEGIN](8): use desklamp 1[END]
- (iii): [BEGIN](9): examine pen 1[END]

> Action: put pen 1 in/on desk 1
Running time: 5.060680866241455 seconds

Step:--------------------------------------------------------------------------4--------------------------------------------------------------------------
VLM Prompt:
<image>
<image>
<image>
Given images depicting complex scenes with multiple elements, your objective is to analyze scenes of the image in relation to the specified task description and choose the appropriate action from a list of available actions to accomplish the task. There are two examples.

**Example 1:**
- Available Actions:(1): go to bed 1, (2): go to dresser 1, (3): go to drawer 1
- Response:[BEGIN](2): go to dresser 1[END]
**Example 2:**
- Available Actions:(1): go to garbagecan 1, (2): take handtowel 1 from handtowelholder 1, (3): take faucet 1 from handtowelholder 1, (4): take handtowel 2 from handtowelholder 1
- Response:[BEGIN](2): take handtowel 1 from handtowelholder 1[END]

**Task Description:**
The task at hand is "examine the pencil with the desklamp". The agent must find an object of the desired type, locate and turn on a light source with the desired object in-hand.

**Available Actions:**
(1): go to bed 1
(2): go to shelf 1
(3): go to sidetable 1
(4): go to drawer 1
(5): go to drawer 2
(6): go to garbagecan 1
(7): take laptop 1 from desk 1
(8): take book 1 from desk 1
(9): take tissuebox 1 from desk 1
(10): take tissuebox 2 from desk 1
(11): take mug 1 from desk 1
(12): take mug 2 from desk 1
(13): take creditcard 1 from desk 1
(14): take keychain 1 from desk 1
(15): take pen 1 from desk 1
(16): take keychain 2 from desk 1
(17): take pen 2 from desk 1
(18): use desklamp 1
(19): examine desk 1

**Determine the appropriate action:**
- Identify relevant objects in the image related to the task.
- Evaluate each action's potential to successfully complete the task.

**Response:**
- Let's tink step-by-step.
- (i): [BEGIN][Selected Action][END]

Original VLM Response:
- (i): [BEGIN](15): take pen 1 from desk 1[END]
- (ii): [BEGIN](18): use desklamp 1[END]

> Action: take pen 1 from desk 1
Running time: 5.916818618774414 seconds

Step:--------------------------------------------------------------------------5--------------------------------------------------------------------------
VLM Prompt:
<image>
<image>
<image>
Given images depicting complex scenes with multiple elements, your objective is to analyze scenes of the image in relation to the specified task description and choose the appropriate action from a list of available actions to accomplish the task. There are two examples.

**Example 1:**
- Available Actions:(1): go to bed 1, (2): go to dresser 1, (3): go to drawer 1
- Response:[BEGIN](2): go to dresser 1[END]
**Example 2:**
- Available Actions:(1): go to garbagecan 1, (2): take handtowel 1 from handtowelholder 1, (3): take faucet 1 from handtowelholder 1, (4): take handtowel 2 from handtowelholder 1
- Response:[BEGIN](2): take handtowel 1 from handtowelholder 1[END]

**Task Description:**
The task at hand is "examine the pencil with the desklamp". The agent must find an object of the desired type, locate and turn on a light source with the desired object in-hand.

**Available Actions:**
(1): go to bed 1
(2): go to shelf 1
(3): go to sidetable 1
(4): go to drawer 1
(5): go to drawer 2
(6): go to garbagecan 1
(7): put pen 1 in/on desk 1
(8): use desklamp 1
(9): examine pen 1
(10): examine desk 1

**Determine the appropriate action:**
- Identify relevant objects in the image related to the task.
- Evaluate each action's potential to successfully complete the task.

**Response:**
- Let's tink step-by-step.
- (i): [BEGIN][Selected Action][END]

Original VLM Response:
- (i): [BEGIN](7): put pen 1 in/on desk 1[END]
- (ii): [BEGIN](8): use desklamp 1[END]
- (iii): [BEGIN](9): examine pen 1[END]

> Action: put pen 1 in/on desk 1
Running time: 5.586747884750366 seconds

Step:--------------------------------------------------------------------------6--------------------------------------------------------------------------
VLM Prompt:
<image>
<image>
<image>
Given images depicting complex scenes with multiple elements, your objective is to analyze scenes of the image in relation to the specified task description and choose the appropriate action from a list of available actions to accomplish the task. There are two examples.

**Example 1:**
- Available Actions:(1): go to bed 1, (2): go to dresser 1, (3): go to drawer 1
- Response:[BEGIN](2): go to dresser 1[END]
**Example 2:**
- Available Actions:(1): go to garbagecan 1, (2): take handtowel 1 from handtowelholder 1, (3): take faucet 1 from handtowelholder 1, (4): take handtowel 2 from handtowelholder 1
- Response:[BEGIN](2): take handtowel 1 from handtowelholder 1[END]

**Task Description:**
The task at hand is "examine the pencil with the desklamp". The agent must find an object of the desired type, locate and turn on a light source with the desired object in-hand.

**Available Actions:**
(1): go to bed 1
(2): go to shelf 1
(3): go to sidetable 1
(4): go to drawer 1
(5): go to drawer 2
(6): go to garbagecan 1
(7): take laptop 1 from desk 1
(8): take book 1 from desk 1
(9): take tissuebox 1 from desk 1
(10): take tissuebox 2 from desk 1
(11): take mug 1 from desk 1
(12): take mug 2 from desk 1
(13): take creditcard 1 from desk 1
(14): take keychain 1 from desk 1
(15): take pen 1 from desk 1
(16): take keychain 2 from desk 1
(17): take pen 2 from desk 1
(18): use desklamp 1
(19): examine desk 1

**Determine the appropriate action:**
- Identify relevant objects in the image related to the task.
- Evaluate each action's potential to successfully complete the task.

**Response:**
- Let's tink step-by-step.
- (i): [BEGIN][Selected Action][END]

Original VLM Response:
[BEGIN](15): take pen 1 from desk 1[END]
[BEGIN](18): use desklamp 1[END]

> Action: take pen 1 from desk 1
Running time: 3.8782026767730713 seconds

Step:--------------------------------------------------------------------------7--------------------------------------------------------------------------
VLM Prompt:
<image>
<image>
<image>
Given images depicting complex scenes with multiple elements, your objective is to analyze scenes of the image in relation to the specified task description and choose the appropriate action from a list of available actions to accomplish the task. There are two examples.

**Example 1:**
- Available Actions:(1): go to bed 1, (2): go to dresser 1, (3): go to drawer 1
- Response:[BEGIN](2): go to dresser 1[END]
**Example 2:**
- Available Actions:(1): go to garbagecan 1, (2): take handtowel 1 from handtowelholder 1, (3): take faucet 1 from handtowelholder 1, (4): take handtowel 2 from handtowelholder 1
- Response:[BEGIN](2): take handtowel 1 from handtowelholder 1[END]

**Task Description:**
The task at hand is "examine the pencil with the desklamp". The agent must find an object of the desired type, locate and turn on a light source with the desired object in-hand.

**Available Actions:**
(1): go to bed 1
(2): go to shelf 1
(3): go to sidetable 1
(4): go to drawer 1
(5): go to drawer 2
(6): go to garbagecan 1
(7): put pen 1 in/on desk 1
(8): use desklamp 1
(9): examine pen 1
(10): examine desk 1

**Determine the appropriate action:**
- Identify relevant objects in the image related to the task.
- Evaluate each action's potential to successfully complete the task.

**Response:**
- Let's tink step-by-step.
- (i): [BEGIN][Selected Action][END]

Original VLM Response:
- (i): [BEGIN](7): put pen 1 in/on desk 1[END]
- (ii): [BEGIN](8): use desklamp 1[END]
- (iii): [BEGIN](9): examine pen 1[END]

> Action: put pen 1 in/on desk 1
Running time: 5.586400747299194 seconds

Step:--------------------------------------------------------------------------8--------------------------------------------------------------------------
VLM Prompt:
<image>
<image>
<image>
Given images depicting complex scenes with multiple elements, your objective is to analyze scenes of the image in relation to the specified task description and choose the appropriate action from a list of available actions to accomplish the task. There are two examples.

**Example 1:**
- Available Actions:(1): go to bed 1, (2): go to dresser 1, (3): go to drawer 1
- Response:[BEGIN](2): go to dresser 1[END]
**Example 2:**
- Available Actions:(1): go to garbagecan 1, (2): take handtowel 1 from handtowelholder 1, (3): take faucet 1 from handtowelholder 1, (4): take handtowel 2 from handtowelholder 1
- Response:[BEGIN](2): take handtowel 1 from handtowelholder 1[END]

**Task Description:**
The task at hand is "examine the pencil with the desklamp". The agent must find an object of the desired type, locate and turn on a light source with the desired object in-hand.

**Available Actions:**
(1): go to bed 1
(2): go to shelf 1
(3): go to sidetable 1
(4): go to drawer 1
(5): go to drawer 2
(6): go to garbagecan 1
(7): take laptop 1 from desk 1
(8): take book 1 from desk 1
(9): take tissuebox 1 from desk 1
(10): take tissuebox 2 from desk 1
(11): take mug 1 from desk 1
(12): take mug 2 from desk 1
(13): take creditcard 1 from desk 1
(14): take keychain 1 from desk 1
(15): take pen 1 from desk 1
(16): take keychain 2 from desk 1
(17): take pen 2 from desk 1
(18): use desklamp 1
(19): examine desk 1

**Determine the appropriate action:**
- Identify relevant objects in the image related to the task.
- Evaluate each action's potential to successfully complete the task.

**Response:**
- Let's tink step-by-step.
- (i): [BEGIN][Selected Action][END]

Original VLM Response:
[BEGIN](15): take pen 1 from desk 1[END]
[BEGIN](18): use desklamp 1[END]

> Action: take pen 1 from desk 1
Running time: 3.864812135696411 seconds

Step:--------------------------------------------------------------------------9--------------------------------------------------------------------------
VLM Prompt:
<image>
<image>
<image>
Given images depicting complex scenes with multiple elements, your objective is to analyze scenes of the image in relation to the specified task description and choose the appropriate action from a list of available actions to accomplish the task. There are two examples.

**Example 1:**
- Available Actions:(1): go to bed 1, (2): go to dresser 1, (3): go to drawer 1
- Response:[BEGIN](2): go to dresser 1[END]
**Example 2:**
- Available Actions:(1): go to garbagecan 1, (2): take handtowel 1 from handtowelholder 1, (3): take faucet 1 from handtowelholder 1, (4): take handtowel 2 from handtowelholder 1
- Response:[BEGIN](2): take handtowel 1 from handtowelholder 1[END]

**Task Description:**
The task at hand is "examine the pencil with the desklamp". The agent must find an object of the desired type, locate and turn on a light source with the desired object in-hand.

**Available Actions:**
(1): go to bed 1
(2): go to shelf 1
(3): go to sidetable 1
(4): go to drawer 1
(5): go to drawer 2
(6): go to garbagecan 1
(7): put pen 1 in/on desk 1
(8): use desklamp 1
(9): examine pen 1
(10): examine desk 1

**Determine the appropriate action:**
- Identify relevant objects in the image related to the task.
- Evaluate each action's potential to successfully complete the task.

**Response:**
- Let's tink step-by-step.
- (i): [BEGIN][Selected Action][END]

Original VLM Response:
- (i): [BEGIN](7): put pen 1 in/on desk 1[END]
- (ii): [BEGIN](8): use desklamp 1[END]
- (iii): [BEGIN](9): examine pen 1[END]

> Action: put pen 1 in/on desk 1
Running time: 5.333536863327026 seconds

Step:--------------------------------------------------------------------------10--------------------------------------------------------------------------
VLM Prompt:
<image>
<image>
<image>
Given images depicting complex scenes with multiple elements, your objective is to analyze scenes of the image in relation to the specified task description and choose the appropriate action from a list of available actions to accomplish the task. There are two examples.

**Example 1:**
- Available Actions:(1): go to bed 1, (2): go to dresser 1, (3): go to drawer 1
- Response:[BEGIN](2): go to dresser 1[END]
**Example 2:**
- Available Actions:(1): go to garbagecan 1, (2): take handtowel 1 from handtowelholder 1, (3): take faucet 1 from handtowelholder 1, (4): take handtowel 2 from handtowelholder 1
- Response:[BEGIN](2): take handtowel 1 from handtowelholder 1[END]

**Task Description:**
The task at hand is "examine the pencil with the desklamp". The agent must find an object of the desired type, locate and turn on a light source with the desired object in-hand.

**Available Actions:**
(1): go to bed 1
(2): go to shelf 1
(3): go to sidetable 1
(4): go to drawer 1
(5): go to drawer 2
(6): go to garbagecan 1
(7): take laptop 1 from desk 1
(8): take book 1 from desk 1
(9): take tissuebox 1 from desk 1
(10): take tissuebox 2 from desk 1
(11): take mug 1 from desk 1
(12): take mug 2 from desk 1
(13): take creditcard 1 from desk 1
(14): take keychain 1 from desk 1
(15): take pen 1 from desk 1
(16): take keychain 2 from desk 1
(17): take pen 2 from desk 1
(18): use desklamp 1
(19): examine desk 1

**Determine the appropriate action:**
- Identify relevant objects in the image related to the task.
- Evaluate each action's potential to successfully complete the task.

**Response:**
- Let's tink step-by-step.
- (i): [BEGIN][Selected Action][END]

Original VLM Response:
- (i): [BEGIN](15): take pen 1 from desk 1[END]
- (ii): [BEGIN](18): use desklamp 1[END]

> Action: take pen 1 from desk 1
Running time: 4.133695363998413 seconds

Step:--------------------------------------------------------------------------11--------------------------------------------------------------------------
VLM Prompt:
<image>
<image>
<image>
Given images depicting complex scenes with multiple elements, your objective is to analyze scenes of the image in relation to the specified task description and choose the appropriate action from a list of available actions to accomplish the task. There are two examples.

**Example 1:**
- Available Actions:(1): go to bed 1, (2): go to dresser 1, (3): go to drawer 1
- Response:[BEGIN](2): go to dresser 1[END]
**Example 2:**
- Available Actions:(1): go to garbagecan 1, (2): take handtowel 1 from handtowelholder 1, (3): take faucet 1 from handtowelholder 1, (4): take handtowel 2 from handtowelholder 1
- Response:[BEGIN](2): take handtowel 1 from handtowelholder 1[END]

**Task Description:**
The task at hand is "examine the pencil with the desklamp". The agent must find an object of the desired type, locate and turn on a light source with the desired object in-hand.

**Available Actions:**
(1): go to bed 1
(2): go to shelf 1
(3): go to sidetable 1
(4): go to drawer 1
(5): go to drawer 2
(6): go to garbagecan 1
(7): put pen 1 in/on desk 1
(8): use desklamp 1
(9): examine pen 1
(10): examine desk 1

**Determine the appropriate action:**
- Identify relevant objects in the image related to the task.
- Evaluate each action's potential to successfully complete the task.

**Response:**
- Let's tink step-by-step.
- (i): [BEGIN][Selected Action][END]

Original VLM Response:
- (i): [BEGIN](7): put pen 1 in/on desk 1[END]
- After placing the pen on the desk, the next step would be to:
- (ii): [BEGIN](8): use desklamp 1[END]
- With the pen on the desk and the desklamp on, the final step would be to:
- (iii): [BEGIN](9): examine pen 1[END]

> Action: put pen 1 in/on desk 1
Running time: 5.103446006774902 seconds

Step:--------------------------------------------------------------------------12--------------------------------------------------------------------------
VLM Prompt:
<image>
<image>
<image>
Given images depicting complex scenes with multiple elements, your objective is to analyze scenes of the image in relation to the specified task description and choose the appropriate action from a list of available actions to accomplish the task. There are two examples.

**Example 1:**
- Available Actions:(1): go to bed 1, (2): go to dresser 1, (3): go to drawer 1
- Response:[BEGIN](2): go to dresser 1[END]
**Example 2:**
- Available Actions:(1): go to garbagecan 1, (2): take handtowel 1 from handtowelholder 1, (3): take faucet 1 from handtowelholder 1, (4): take handtowel 2 from handtowelholder 1
- Response:[BEGIN](2): take handtowel 1 from handtowelholder 1[END]

**Task Description:**
The task at hand is "examine the pencil with the desklamp". The agent must find an object of the desired type, locate and turn on a light source with the desired object in-hand.

**Available Actions:**
(1): go to bed 1
(2): go to shelf 1
(3): go to sidetable 1
(4): go to drawer 1
(5): go to drawer 2
(6): go to garbagecan 1
(7): take laptop 1 from desk 1
(8): take book 1 from desk 1
(9): take tissuebox 1 from desk 1
(10): take tissuebox 2 from desk 1
(11): take mug 1 from desk 1
(12): take mug 2 from desk 1
(13): take creditcard 1 from desk 1
(14): take keychain 1 from desk 1
(15): take pen 1 from desk 1
(16): take keychain 2 from desk 1
(17): take pen 2 from desk 1
(18): use desklamp 1
(19): examine desk 1

**Determine the appropriate action:**
- Identify relevant objects in the image related to the task.
- Evaluate each action's potential to successfully complete the task.

**Response:**
- Let's tink step-by-step.
- (i): [BEGIN][Selected Action][END]

Original VLM Response:
- (i): [BEGIN](15): take pen 1 from desk 1[END]
- (ii): [BEGIN](18): use desklamp 1[END]

> Action: take pen 1 from desk 1
Running time: 5.228346824645996 seconds

Step:--------------------------------------------------------------------------13--------------------------------------------------------------------------
VLM Prompt:
<image>
<image>
<image>
Given images depicting complex scenes with multiple elements, your objective is to analyze scenes of the image in relation to the specified task description and choose the appropriate action from a list of available actions to accomplish the task. There are two examples.

**Example 1:**
- Available Actions:(1): go to bed 1, (2): go to dresser 1, (3): go to drawer 1
- Response:[BEGIN](2): go to dresser 1[END]
**Example 2:**
- Available Actions:(1): go to garbagecan 1, (2): take handtowel 1 from handtowelholder 1, (3): take faucet 1 from handtowelholder 1, (4): take handtowel 2 from handtowelholder 1
- Response:[BEGIN](2): take handtowel 1 from handtowelholder 1[END]

**Task Description:**
The task at hand is "examine the pencil with the desklamp". The agent must find an object of the desired type, locate and turn on a light source with the desired object in-hand.

**Available Actions:**
(1): go to bed 1
(2): go to shelf 1
(3): go to sidetable 1
(4): go to drawer 1
(5): go to drawer 2
(6): go to garbagecan 1
(7): put pen 1 in/on desk 1
(8): use desklamp 1
(9): examine pen 1
(10): examine desk 1

**Determine the appropriate action:**
- Identify relevant objects in the image related to the task.
- Evaluate each action's potential to successfully complete the task.

**Response:**
- Let's tink step-by-step.
- (i): [BEGIN][Selected Action][END]

Original VLM Response:
- (i): [BEGIN](7): put pen 1 in/on desk 1[END]
- (ii): [BEGIN](8): use desklamp 1[END]
- (iii): [BEGIN](9): examine pen 1[END]

> Action: put pen 1 in/on desk 1
Running time: 4.484447240829468 seconds

Step:--------------------------------------------------------------------------14--------------------------------------------------------------------------
VLM Prompt:
<image>
<image>
<image>
Given images depicting complex scenes with multiple elements, your objective is to analyze scenes of the image in relation to the specified task description and choose the appropriate action from a list of available actions to accomplish the task. There are two examples.

**Example 1:**
- Available Actions:(1): go to bed 1, (2): go to dresser 1, (3): go to drawer 1
- Response:[BEGIN](2): go to dresser 1[END]
**Example 2:**
- Available Actions:(1): go to garbagecan 1, (2): take handtowel 1 from handtowelholder 1, (3): take faucet 1 from handtowelholder 1, (4): take handtowel 2 from handtowelholder 1
- Response:[BEGIN](2): take handtowel 1 from handtowelholder 1[END]

**Task Description:**
The task at hand is "examine the pencil with the desklamp". The agent must find an object of the desired type, locate and turn on a light source with the desired object in-hand.

**Available Actions:**
(1): go to bed 1
(2): go to shelf 1
(3): go to sidetable 1
(4): go to drawer 1
(5): go to drawer 2
(6): go to garbagecan 1
(7): take laptop 1 from desk 1
(8): take book 1 from desk 1
(9): take tissuebox 1 from desk 1
(10): take tissuebox 2 from desk 1
(11): take mug 1 from desk 1
(12): take mug 2 from desk 1
(13): take creditcard 1 from desk 1
(14): take keychain 1 from desk 1
(15): take pen 1 from desk 1
(16): take keychain 2 from desk 1
(17): take pen 2 from desk 1
(18): use desklamp 1
(19): examine desk 1

**Determine the appropriate action:**
- Identify relevant objects in the image related to the task.
- Evaluate each action's potential to successfully complete the task.

**Response:**
- Let's tink step-by-step.
- (i): [BEGIN][Selected Action][END]

Original VLM Response:
[BEGIN](15): take pen 1 from desk 1[END]
[BEGIN](18): use desklamp 1[END]

> Action: take pen 1 from desk 1
Running time: 4.349568605422974 seconds

Step:--------------------------------------------------------------------------15--------------------------------------------------------------------------
VLM Prompt:
<image>
<image>
<image>
Given images depicting complex scenes with multiple elements, your objective is to analyze scenes of the image in relation to the specified task description and choose the appropriate action from a list of available actions to accomplish the task. There are two examples.

**Example 1:**
- Available Actions:(1): go to bed 1, (2): go to dresser 1, (3): go to drawer 1
- Response:[BEGIN](2): go to dresser 1[END]
**Example 2:**
- Available Actions:(1): go to garbagecan 1, (2): take handtowel 1 from handtowelholder 1, (3): take faucet 1 from handtowelholder 1, (4): take handtowel 2 from handtowelholder 1
- Response:[BEGIN](2): take handtowel 1 from handtowelholder 1[END]

**Task Description:**
The task at hand is "examine the pencil with the desklamp". The agent must find an object of the desired type, locate and turn on a light source with the desired object in-hand.

**Available Actions:**
(1): go to bed 1
(2): go to shelf 1
(3): go to sidetable 1
(4): go to drawer 1
(5): go to drawer 2
(6): go to garbagecan 1
(7): put pen 1 in/on desk 1
(8): use desklamp 1
(9): examine pen 1
(10): examine desk 1

**Determine the appropriate action:**
- Identify relevant objects in the image related to the task.
- Evaluate each action's potential to successfully complete the task.

**Response:**
- Let's tink step-by-step.
- (i): [BEGIN][Selected Action][END]

Original VLM Response:
- (i): [BEGIN](7): put pen 1 in/on desk 1[END]
- (ii): [BEGIN](8): use desklamp 1[END]
- (iii): [BEGIN](9): examine pen 1[END]

> Action: put pen 1 in/on desk 1
Running time: 4.204603433609009 seconds

Step:--------------------------------------------------------------------------16--------------------------------------------------------------------------
VLM Prompt:
<image>
<image>
<image>
Given images depicting complex scenes with multiple elements, your objective is to analyze scenes of the image in relation to the specified task description and choose the appropriate action from a list of available actions to accomplish the task. There are two examples.

**Example 1:**
- Available Actions:(1): go to bed 1, (2): go to dresser 1, (3): go to drawer 1
- Response:[BEGIN](2): go to dresser 1[END]
**Example 2:**
- Available Actions:(1): go to garbagecan 1, (2): take handtowel 1 from handtowelholder 1, (3): take faucet 1 from handtowelholder 1, (4): take handtowel 2 from handtowelholder 1
- Response:[BEGIN](2): take handtowel 1 from handtowelholder 1[END]

**Task Description:**
The task at hand is "examine the pencil with the desklamp". The agent must find an object of the desired type, locate and turn on a light source with the desired object in-hand.

**Available Actions:**
(1): go to bed 1
(2): go to shelf 1
(3): go to sidetable 1
(4): go to drawer 1
(5): go to drawer 2
(6): go to garbagecan 1
(7): take laptop 1 from desk 1
(8): take book 1 from desk 1
(9): take tissuebox 1 from desk 1
(10): take tissuebox 2 from desk 1
(11): take mug 1 from desk 1
(12): take mug 2 from desk 1
(13): take creditcard 1 from desk 1
(14): take keychain 1 from desk 1
(15): take pen 1 from desk 1
(16): take keychain 2 from desk 1
(17): take pen 2 from desk 1
(18): use desklamp 1
(19): examine desk 1

**Determine the appropriate action:**
- Identify relevant objects in the image related to the task.
- Evaluate each action's potential to successfully complete the task.

**Response:**
- Let's tink step-by-step.
- (i): [BEGIN][Selected Action][END]

Original VLM Response:
- (i): [BEGIN](15): take pen 1 from desk 1[END]
- (ii): [BEGIN](18): use desklamp 1[END]

> Action: take pen 1 from desk 1
Running time: 8.58975076675415 seconds

Step:--------------------------------------------------------------------------17--------------------------------------------------------------------------
VLM Prompt:
<image>
<image>
<image>
Given images depicting complex scenes with multiple elements, your objective is to analyze scenes of the image in relation to the specified task description and choose the appropriate action from a list of available actions to accomplish the task. There are two examples.

**Example 1:**
- Available Actions:(1): go to bed 1, (2): go to dresser 1, (3): go to drawer 1
- Response:[BEGIN](2): go to dresser 1[END]
**Example 2:**
- Available Actions:(1): go to garbagecan 1, (2): take handtowel 1 from handtowelholder 1, (3): take faucet 1 from handtowelholder 1, (4): take handtowel 2 from handtowelholder 1
- Response:[BEGIN](2): take handtowel 1 from handtowelholder 1[END]

**Task Description:**
The task at hand is "examine the pencil with the desklamp". The agent must find an object of the desired type, locate and turn on a light source with the desired object in-hand.

**Available Actions:**
(1): go to bed 1
(2): go to shelf 1
(3): go to sidetable 1
(4): go to drawer 1
(5): go to drawer 2
(6): go to garbagecan 1
(7): put pen 1 in/on desk 1
(8): use desklamp 1
(9): examine pen 1
(10): examine desk 1

**Determine the appropriate action:**
- Identify relevant objects in the image related to the task.
- Evaluate each action's potential to successfully complete the task.

**Response:**
- Let's tink step-by-step.
- (i): [BEGIN][Selected Action][END]

Original VLM Response:
- (i): [BEGIN](9): examine pen 1[END]

> Action: examine pen 1
Running time: 5.058443784713745 seconds

Step:--------------------------------------------------------------------------18--------------------------------------------------------------------------
VLM Prompt:
<image>
<image>
<image>
Given images depicting complex scenes with multiple elements, your objective is to analyze scenes of the image in relation to the specified task description and choose the appropriate action from a list of available actions to accomplish the task. There are two examples.

**Example 1:**
- Available Actions:(1): go to bed 1, (2): go to dresser 1, (3): go to drawer 1
- Response:[BEGIN](2): go to dresser 1[END]
**Example 2:**
- Available Actions:(1): go to garbagecan 1, (2): take handtowel 1 from handtowelholder 1, (3): take faucet 1 from handtowelholder 1, (4): take handtowel 2 from handtowelholder 1
- Response:[BEGIN](2): take handtowel 1 from handtowelholder 1[END]

**Task Description:**
The task at hand is "examine the pencil with the desklamp". The agent must find an object of the desired type, locate and turn on a light source with the desired object in-hand.

**Available Actions:**
(1): go to bed 1
(2): go to shelf 1
(3): go to sidetable 1
(4): go to drawer 1
(5): go to drawer 2
(6): go to garbagecan 1
(7): put pen 1 in/on desk 1
(8): use desklamp 1
(9): examine pen 1
(10): examine desk 1

**Determine the appropriate action:**
- Identify relevant objects in the image related to the task.
- Evaluate each action's potential to successfully complete the task.

**Response:**
- Let's tink step-by-step.
- (i): [BEGIN][Selected Action][END]

Original VLM Response:
- (i): [BEGIN](7): put pen 1 in/on desk 1[END]
- (ii): [BEGIN](8): use desklamp 1[END]
- (iii): [BEGIN](9): examine pen 1[END]

> Action: put pen 1 in/on desk 1
Running time: 5.464314222335815 seconds

Step:--------------------------------------------------------------------------19--------------------------------------------------------------------------
VLM Prompt:
<image>
<image>
<image>
Given images depicting complex scenes with multiple elements, your objective is to analyze scenes of the image in relation to the specified task description and choose the appropriate action from a list of available actions to accomplish the task. There are two examples.

**Example 1:**
- Available Actions:(1): go to bed 1, (2): go to dresser 1, (3): go to drawer 1
- Response:[BEGIN](2): go to dresser 1[END]
**Example 2:**
- Available Actions:(1): go to garbagecan 1, (2): take handtowel 1 from handtowelholder 1, (3): take faucet 1 from handtowelholder 1, (4): take handtowel 2 from handtowelholder 1
- Response:[BEGIN](2): take handtowel 1 from handtowelholder 1[END]

**Task Description:**
The task at hand is "examine the pencil with the desklamp". The agent must find an object of the desired type, locate and turn on a light source with the desired object in-hand.

**Available Actions:**
(1): go to bed 1
(2): go to shelf 1
(3): go to sidetable 1
(4): go to drawer 1
(5): go to drawer 2
(6): go to garbagecan 1
(7): take laptop 1 from desk 1
(8): take book 1 from desk 1
(9): take tissuebox 1 from desk 1
(10): take tissuebox 2 from desk 1
(11): take mug 1 from desk 1
(12): take mug 2 from desk 1
(13): take creditcard 1 from desk 1
(14): take keychain 1 from desk 1
(15): take pen 1 from desk 1
(16): take keychain 2 from desk 1
(17): take pen 2 from desk 1
(18): use desklamp 1
(19): examine desk 1

**Determine the appropriate action:**
- Identify relevant objects in the image related to the task.
- Evaluate each action's potential to successfully complete the task.

**Response:**
- Let's tink step-by-step.
- (i): [BEGIN][Selected Action][END]

Original VLM Response:
- (i): [BEGIN](15): take pen 1 from desk 1[END]
- After taking the pen, the next step is to turn on the desklamp.
- (ii): [BEGIN](18): use desklamp 1[END]

> Action: take pen 1 from desk 1
Running time: 6.276197671890259 seconds

Step:--------------------------------------------------------------------------20--------------------------------------------------------------------------
VLM Prompt:
<image>
<image>
<image>
Given images depicting complex scenes with multiple elements, your objective is to analyze scenes of the image in relation to the specified task description and choose the appropriate action from a list of available actions to accomplish the task. There are two examples.

**Example 1:**
- Available Actions:(1): go to bed 1, (2): go to dresser 1, (3): go to drawer 1
- Response:[BEGIN](2): go to dresser 1[END]
**Example 2:**
- Available Actions:(1): go to garbagecan 1, (2): take handtowel 1 from handtowelholder 1, (3): take faucet 1 from handtowelholder 1, (4): take handtowel 2 from handtowelholder 1
- Response:[BEGIN](2): take handtowel 1 from handtowelholder 1[END]

**Task Description:**
The task at hand is "examine the pencil with the desklamp". The agent must find an object of the desired type, locate and turn on a light source with the desired object in-hand.

**Available Actions:**
(1): go to bed 1
(2): go to shelf 1
(3): go to sidetable 1
(4): go to drawer 1
(5): go to drawer 2
(6): go to garbagecan 1
(7): put pen 1 in/on desk 1
(8): use desklamp 1
(9): examine pen 1
(10): examine desk 1

**Determine the appropriate action:**
- Identify relevant objects in the image related to the task.
- Evaluate each action's potential to successfully complete the task.

**Response:**
- Let's tink step-by-step.
- (i): [BEGIN][Selected Action][END]

Original VLM Response:
- (i): [BEGIN](7): put pen 1 in/on desk 1[END]
- (ii): [BEGIN](8): use desklamp 1[END]
- (iii): [BEGIN](9): examine pen 1[END]

> Action: put pen 1 in/on desk 1
Running time: 4.9471518993377686 seconds

Step:--------------------------------------------------------------------------21--------------------------------------------------------------------------
VLM Prompt:
<image>
<image>
<image>
Given images depicting complex scenes with multiple elements, your objective is to analyze scenes of the image in relation to the specified task description and choose the appropriate action from a list of available actions to accomplish the task. There are two examples.

**Example 1:**
- Available Actions:(1): go to bed 1, (2): go to dresser 1, (3): go to drawer 1
- Response:[BEGIN](2): go to dresser 1[END]
**Example 2:**
- Available Actions:(1): go to garbagecan 1, (2): take handtowel 1 from handtowelholder 1, (3): take faucet 1 from handtowelholder 1, (4): take handtowel 2 from handtowelholder 1
- Response:[BEGIN](2): take handtowel 1 from handtowelholder 1[END]

**Task Description:**
The task at hand is "examine the pencil with the desklamp". The agent must find an object of the desired type, locate and turn on a light source with the desired object in-hand.

**Available Actions:**
(1): go to bed 1
(2): go to shelf 1
(3): go to sidetable 1
(4): go to drawer 1
(5): go to drawer 2
(6): go to garbagecan 1
(7): take laptop 1 from desk 1
(8): take book 1 from desk 1
(9): take tissuebox 1 from desk 1
(10): take tissuebox 2 from desk 1
(11): take mug 1 from desk 1
(12): take mug 2 from desk 1
(13): take creditcard 1 from desk 1
(14): take keychain 1 from desk 1
(15): take pen 1 from desk 1
(16): take keychain 2 from desk 1
(17): take pen 2 from desk 1
(18): use desklamp 1
(19): examine desk 1

**Determine the appropriate action:**
- Identify relevant objects in the image related to the task.
- Evaluate each action's potential to successfully complete the task.

**Response:**
- Let's tink step-by-step.
- (i): [BEGIN][Selected Action][END]

Original VLM Response:
- (i): [BEGIN](15): take pen 1 from desk 1[END]
- (ii): [BEGIN](18): use desklamp 1[END]

> Action: take pen 1 from desk 1
Running time: 4.349581003189087 seconds

Step:--------------------------------------------------------------------------22--------------------------------------------------------------------------
VLM Prompt:
<image>
<image>
<image>
Given images depicting complex scenes with multiple elements, your objective is to analyze scenes of the image in relation to the specified task description and choose the appropriate action from a list of available actions to accomplish the task. There are two examples.

**Example 1:**
- Available Actions:(1): go to bed 1, (2): go to dresser 1, (3): go to drawer 1
- Response:[BEGIN](2): go to dresser 1[END]
**Example 2:**
- Available Actions:(1): go to garbagecan 1, (2): take handtowel 1 from handtowelholder 1, (3): take faucet 1 from handtowelholder 1, (4): take handtowel 2 from handtowelholder 1
- Response:[BEGIN](2): take handtowel 1 from handtowelholder 1[END]

**Task Description:**
The task at hand is "examine the pencil with the desklamp". The agent must find an object of the desired type, locate and turn on a light source with the desired object in-hand.

**Available Actions:**
(1): go to bed 1
(2): go to shelf 1
(3): go to sidetable 1
(4): go to drawer 1
(5): go to drawer 2
(6): go to garbagecan 1
(7): put pen 1 in/on desk 1
(8): use desklamp 1
(9): examine pen 1
(10): examine desk 1

**Determine the appropriate action:**
- Identify relevant objects in the image related to the task.
- Evaluate each action's potential to successfully complete the task.

**Response:**
- Let's tink step-by-step.
- (i): [BEGIN][Selected Action][END]

Original VLM Response:
- (i): [BEGIN](7): put pen 1 in/on desk 1[END]
- (ii): [BEGIN](8): use desklamp 1[END]
- (iii): [BEGIN](9): examine pen 1[END]

> Action: put pen 1 in/on desk 1
Running time: 5.355806589126587 seconds

Step:--------------------------------------------------------------------------23--------------------------------------------------------------------------
VLM Prompt:
<image>
<image>
<image>
Given images depicting complex scenes with multiple elements, your objective is to analyze scenes of the image in relation to the specified task description and choose the appropriate action from a list of available actions to accomplish the task. There are two examples.

**Example 1:**
- Available Actions:(1): go to bed 1, (2): go to dresser 1, (3): go to drawer 1
- Response:[BEGIN](2): go to dresser 1[END]
**Example 2:**
- Available Actions:(1): go to garbagecan 1, (2): take handtowel 1 from handtowelholder 1, (3): take faucet 1 from handtowelholder 1, (4): take handtowel 2 from handtowelholder 1
- Response:[BEGIN](2): take handtowel 1 from handtowelholder 1[END]

**Task Description:**
The task at hand is "examine the pencil with the desklamp". The agent must find an object of the desired type, locate and turn on a light source with the desired object in-hand.

**Available Actions:**
(1): go to bed 1
(2): go to shelf 1
(3): go to sidetable 1
(4): go to drawer 1
(5): go to drawer 2
(6): go to garbagecan 1
(7): take laptop 1 from desk 1
(8): take book 1 from desk 1
(9): take tissuebox 1 from desk 1
(10): take tissuebox 2 from desk 1
(11): take mug 1 from desk 1
(12): take mug 2 from desk 1
(13): take creditcard 1 from desk 1
(14): take keychain 1 from desk 1
(15): take pen 1 from desk 1
(16): take keychain 2 from desk 1
(17): take pen 2 from desk 1
(18): use desklamp 1
(19): examine desk 1

**Determine the appropriate action:**
- Identify relevant objects in the image related to the task.
- Evaluate each action's potential to successfully complete the task.

**Response:**
- Let's tink step-by-step.
- (i): [BEGIN][Selected Action][END]

Original VLM Response:
- (i): [BEGIN](15): take pen 1 from desk 1[END]
- (ii): [BEGIN](18): use desklamp 1[END]

> Action: take pen 1 from desk 1
Running time: 3.5564191341400146 seconds

Step:--------------------------------------------------------------------------24--------------------------------------------------------------------------
VLM Prompt:
<image>
<image>
<image>
Given images depicting complex scenes with multiple elements, your objective is to analyze scenes of the image in relation to the specified task description and choose the appropriate action from a list of available actions to accomplish the task. There are two examples.

**Example 1:**
- Available Actions:(1): go to bed 1, (2): go to dresser 1, (3): go to drawer 1
- Response:[BEGIN](2): go to dresser 1[END]
**Example 2:**
- Available Actions:(1): go to garbagecan 1, (2): take handtowel 1 from handtowelholder 1, (3): take faucet 1 from handtowelholder 1, (4): take handtowel 2 from handtowelholder 1
- Response:[BEGIN](2): take handtowel 1 from handtowelholder 1[END]

**Task Description:**
The task at hand is "examine the pencil with the desklamp". The agent must find an object of the desired type, locate and turn on a light source with the desired object in-hand.

**Available Actions:**
(1): go to bed 1
(2): go to shelf 1
(3): go to sidetable 1
(4): go to drawer 1
(5): go to drawer 2
(6): go to garbagecan 1
(7): put pen 1 in/on desk 1
(8): use desklamp 1
(9): examine pen 1
(10): examine desk 1

**Determine the appropriate action:**
- Identify relevant objects in the image related to the task.
- Evaluate each action's potential to successfully complete the task.

**Response:**
- Let's tink step-by-step.
- (i): [BEGIN][Selected Action][END]

Original VLM Response:
- (i): [BEGIN](7): put pen 1 in/on desk 1[END]
- (ii): [BEGIN](8): use desklamp 1[END]
- (iii): [BEGIN](9): examine pen 1[END]

> Action: put pen 1 in/on desk 1
Running time: 5.535753488540649 seconds

Step:--------------------------------------------------------------------------25--------------------------------------------------------------------------
VLM Prompt:
<image>
<image>
<image>
Given images depicting complex scenes with multiple elements, your objective is to analyze scenes of the image in relation to the specified task description and choose the appropriate action from a list of available actions to accomplish the task. There are two examples.

**Example 1:**
- Available Actions:(1): go to bed 1, (2): go to dresser 1, (3): go to drawer 1
- Response:[BEGIN](2): go to dresser 1[END]
**Example 2:**
- Available Actions:(1): go to garbagecan 1, (2): take handtowel 1 from handtowelholder 1, (3): take faucet 1 from handtowelholder 1, (4): take handtowel 2 from handtowelholder 1
- Response:[BEGIN](2): take handtowel 1 from handtowelholder 1[END]

**Task Description:**
The task at hand is "examine the pencil with the desklamp". The agent must find an object of the desired type, locate and turn on a light source with the desired object in-hand.

**Available Actions:**
(1): go to bed 1
(2): go to shelf 1
(3): go to sidetable 1
(4): go to drawer 1
(5): go to drawer 2
(6): go to garbagecan 1
(7): take laptop 1 from desk 1
(8): take book 1 from desk 1
(9): take tissuebox 1 from desk 1
(10): take tissuebox 2 from desk 1
(11): take mug 1 from desk 1
(12): take mug 2 from desk 1
(13): take creditcard 1 from desk 1
(14): take keychain 1 from desk 1
(15): take pen 1 from desk 1
(16): take keychain 2 from desk 1
(17): take pen 2 from desk 1
(18): use desklamp 1
(19): examine desk 1

**Determine the appropriate action:**
- Identify relevant objects in the image related to the task.
- Evaluate each action's potential to successfully complete the task.

**Response:**
- Let's tink step-by-step.
- (i): [BEGIN][Selected Action][END]

Original VLM Response:
- (i): [BEGIN](15): take pen 1 from desk 1[END]
- (ii): [BEGIN](18): use desklamp 1[END]

> Action: take pen 1 from desk 1
Running time: 4.959301710128784 seconds

Step:--------------------------------------------------------------------------26--------------------------------------------------------------------------
VLM Prompt:
<image>
<image>
<image>
Given images depicting complex scenes with multiple elements, your objective is to analyze scenes of the image in relation to the specified task description and choose the appropriate action from a list of available actions to accomplish the task. There are two examples.

**Example 1:**
- Available Actions:(1): go to bed 1, (2): go to dresser 1, (3): go to drawer 1
- Response:[BEGIN](2): go to dresser 1[END]
**Example 2:**
- Available Actions:(1): go to garbagecan 1, (2): take handtowel 1 from handtowelholder 1, (3): take faucet 1 from handtowelholder 1, (4): take handtowel 2 from handtowelholder 1
- Response:[BEGIN](2): take handtowel 1 from handtowelholder 1[END]

**Task Description:**
The task at hand is "examine the pencil with the desklamp". The agent must find an object of the desired type, locate and turn on a light source with the desired object in-hand.

**Available Actions:**
(1): go to bed 1
(2): go to shelf 1
(3): go to sidetable 1
(4): go to drawer 1
(5): go to drawer 2
(6): go to garbagecan 1
(7): put pen 1 in/on desk 1
(8): use desklamp 1
(9): examine pen 1
(10): examine desk 1

**Determine the appropriate action:**
- Identify relevant objects in the image related to the task.
- Evaluate each action's potential to successfully complete the task.

**Response:**
- Let's tink step-by-step.
- (i): [BEGIN][Selected Action][END]

Original VLM Response:
- (i): [BEGIN](7): put pen 1 in/on desk 1[END]
- After placing the pen on the desk, the next step would be to turn on the desk lamp.
- (ii): [BEGIN](8): use desklamp 1[END]
- With the pen on the desk and the lamp turned on, the agent can now examine the pen with the light from the desklamp.
- (iii): [BEGIN](9): examine pen 1[END]

> Action: put pen 1 in/on desk 1
Running time: 5.426095008850098 seconds

Step:--------------------------------------------------------------------------27--------------------------------------------------------------------------
VLM Prompt:
<image>
<image>
<image>
Given images depicting complex scenes with multiple elements, your objective is to analyze scenes of the image in relation to the specified task description and choose the appropriate action from a list of available actions to accomplish the task. There are two examples.

**Example 1:**
- Available Actions:(1): go to bed 1, (2): go to dresser 1, (3): go to drawer 1
- Response:[BEGIN](2): go to dresser 1[END]
**Example 2:**
- Available Actions:(1): go to garbagecan 1, (2): take handtowel 1 from handtowelholder 1, (3): take faucet 1 from handtowelholder 1, (4): take handtowel 2 from handtowelholder 1
- Response:[BEGIN](2): take handtowel 1 from handtowelholder 1[END]

**Task Description:**
The task at hand is "examine the pencil with the desklamp". The agent must find an object of the desired type, locate and turn on a light source with the desired object in-hand.

**Available Actions:**
(1): go to bed 1
(2): go to shelf 1
(3): go to sidetable 1
(4): go to drawer 1
(5): go to drawer 2
(6): go to garbagecan 1
(7): take laptop 1 from desk 1
(8): take book 1 from desk 1
(9): take tissuebox 1 from desk 1
(10): take tissuebox 2 from desk 1
(11): take mug 1 from desk 1
(12): take mug 2 from desk 1
(13): take creditcard 1 from desk 1
(14): take keychain 1 from desk 1
(15): take pen 1 from desk 1
(16): take keychain 2 from desk 1
(17): take pen 2 from desk 1
(18): use desklamp 1
(19): examine desk 1

**Determine the appropriate action:**
- Identify relevant objects in the image related to the task.
- Evaluate each action's potential to successfully complete the task.

**Response:**
- Let's tink step-by-step.
- (i): [BEGIN][Selected Action][END]

Original VLM Response:
- (i): [BEGIN](15): take pen 1 from desk 1[END]
- After taking the pen, the next step would be to use the desklamp to examine it.
- (ii): [BEGIN](18): use desklamp 1[END]

> Action: take pen 1 from desk 1
Running time: 4.489687204360962 seconds

Step:--------------------------------------------------------------------------28--------------------------------------------------------------------------
VLM Prompt:
<image>
<image>
<image>
Given images depicting complex scenes with multiple elements, your objective is to analyze scenes of the image in relation to the specified task description and choose the appropriate action from a list of available actions to accomplish the task. There are two examples.

**Example 1:**
- Available Actions:(1): go to bed 1, (2): go to dresser 1, (3): go to drawer 1
- Response:[BEGIN](2): go to dresser 1[END]
**Example 2:**
- Available Actions:(1): go to garbagecan 1, (2): take handtowel 1 from handtowelholder 1, (3): take faucet 1 from handtowelholder 1, (4): take handtowel 2 from handtowelholder 1
- Response:[BEGIN](2): take handtowel 1 from handtowelholder 1[END]

**Task Description:**
The task at hand is "examine the pencil with the desklamp". The agent must find an object of the desired type, locate and turn on a light source with the desired object in-hand.

**Available Actions:**
(1): go to bed 1
(2): go to shelf 1
(3): go to sidetable 1
(4): go to drawer 1
(5): go to drawer 2
(6): go to garbagecan 1
(7): put pen 1 in/on desk 1
(8): use desklamp 1
(9): examine pen 1
(10): examine desk 1

**Determine the appropriate action:**
- Identify relevant objects in the image related to the task.
- Evaluate each action's potential to successfully complete the task.

**Response:**
- Let's tink step-by-step.
- (i): [BEGIN][Selected Action][END]

Original VLM Response:
- (i): [BEGIN](9): examine pen 1[END]

> Action: examine pen 1
Running time: 3.3591415882110596 seconds

Step:--------------------------------------------------------------------------29--------------------------------------------------------------------------
VLM Prompt:
<image>
<image>
<image>
Given images depicting complex scenes with multiple elements, your objective is to analyze scenes of the image in relation to the specified task description and choose the appropriate action from a list of available actions to accomplish the task. There are two examples.

**Example 1:**
- Available Actions:(1): go to bed 1, (2): go to dresser 1, (3): go to drawer 1
- Response:[BEGIN](2): go to dresser 1[END]
**Example 2:**
- Available Actions:(1): go to garbagecan 1, (2): take handtowel 1 from handtowelholder 1, (3): take faucet 1 from handtowelholder 1, (4): take handtowel 2 from handtowelholder 1
- Response:[BEGIN](2): take handtowel 1 from handtowelholder 1[END]

**Task Description:**
The task at hand is "examine the pencil with the desklamp". The agent must find an object of the desired type, locate and turn on a light source with the desired object in-hand.

**Available Actions:**
(1): go to bed 1
(2): go to shelf 1
(3): go to sidetable 1
(4): go to drawer 1
(5): go to drawer 2
(6): go to garbagecan 1
(7): put pen 1 in/on desk 1
(8): use desklamp 1
(9): examine pen 1
(10): examine desk 1

**Determine the appropriate action:**
- Identify relevant objects in the image related to the task.
- Evaluate each action's potential to successfully complete the task.

**Response:**
- Let's tink step-by-step.
- (i): [BEGIN][Selected Action][END]

Original VLM Response:
- (i): [BEGIN](7): put pen 1 in/on desk 1[END]
- (ii): [BEGIN](8): use desklamp 1[END]
- (iii): [BEGIN](9): examine pen 1[END]

> Action: put pen 1 in/on desk 1
Running time: 4.731582164764404 seconds

Step:--------------------------------------------------------------------------30--------------------------------------------------------------------------
VLM Prompt:
<image>
<image>
<image>
Given images depicting complex scenes with multiple elements, your objective is to analyze scenes of the image in relation to the specified task description and choose the appropriate action from a list of available actions to accomplish the task. There are two examples.

**Example 1:**
- Available Actions:(1): go to bed 1, (2): go to dresser 1, (3): go to drawer 1
- Response:[BEGIN](2): go to dresser 1[END]
**Example 2:**
- Available Actions:(1): go to garbagecan 1, (2): take handtowel 1 from handtowelholder 1, (3): take faucet 1 from handtowelholder 1, (4): take handtowel 2 from handtowelholder 1
- Response:[BEGIN](2): take handtowel 1 from handtowelholder 1[END]

**Task Description:**
The task at hand is "examine the pencil with the desklamp". The agent must find an object of the desired type, locate and turn on a light source with the desired object in-hand.

**Available Actions:**
(1): go to bed 1
(2): go to shelf 1
(3): go to sidetable 1
(4): go to drawer 1
(5): go to drawer 2
(6): go to garbagecan 1
(7): take laptop 1 from desk 1
(8): take book 1 from desk 1
(9): take tissuebox 1 from desk 1
(10): take tissuebox 2 from desk 1
(11): take mug 1 from desk 1
(12): take mug 2 from desk 1
(13): take creditcard 1 from desk 1
(14): take keychain 1 from desk 1
(15): take pen 1 from desk 1
(16): take keychain 2 from desk 1
(17): take pen 2 from desk 1
(18): use desklamp 1
(19): examine desk 1

**Determine the appropriate action:**
- Identify relevant objects in the image related to the task.
- Evaluate each action's potential to successfully complete the task.

**Response:**
- Let's tink step-by-step.
- (i): [BEGIN][Selected Action][END]

Original VLM Response:
- (i): [BEGIN](15): take pen 1 from desk 1[END]
- (ii): [BEGIN](18): use desklamp 1[END]

> Action: take pen 1 from desk 1
Running time: 3.9733927249908447 seconds

Step:--------------------------------------------------------------------------31--------------------------------------------------------------------------
VLM Prompt:
<image>
<image>
<image>
Given images depicting complex scenes with multiple elements, your objective is to analyze scenes of the image in relation to the specified task description and choose the appropriate action from a list of available actions to accomplish the task. There are two examples.

**Example 1:**
- Available Actions:(1): go to bed 1, (2): go to dresser 1, (3): go to drawer 1
- Response:[BEGIN](2): go to dresser 1[END]
**Example 2:**
- Available Actions:(1): go to garbagecan 1, (2): take handtowel 1 from handtowelholder 1, (3): take faucet 1 from handtowelholder 1, (4): take handtowel 2 from handtowelholder 1
- Response:[BEGIN](2): take handtowel 1 from handtowelholder 1[END]

**Task Description:**
The task at hand is "examine the pencil with the desklamp". The agent must find an object of the desired type, locate and turn on a light source with the desired object in-hand.

**Available Actions:**
(1): go to bed 1
(2): go to shelf 1
(3): go to sidetable 1
(4): go to drawer 1
(5): go to drawer 2
(6): go to garbagecan 1
(7): put pen 1 in/on desk 1
(8): use desklamp 1
(9): examine pen 1
(10): examine desk 1

**Determine the appropriate action:**
- Identify relevant objects in the image related to the task.
- Evaluate each action's potential to successfully complete the task.

**Response:**
- Let's tink step-by-step.
- (i): [BEGIN][Selected Action][END]

Original VLM Response:
- (i): [BEGIN](7): put pen 1 in/on desk 1[END]
- (ii): [BEGIN](8): use desklamp 1[END]
- (iii): [BEGIN](9): examine pen 1[END]

> Action: put pen 1 in/on desk 1
Running time: 4.764531135559082 seconds

Step:--------------------------------------------------------------------------32--------------------------------------------------------------------------
VLM Prompt:
<image>
<image>
<image>
Given images depicting complex scenes with multiple elements, your objective is to analyze scenes of the image in relation to the specified task description and choose the appropriate action from a list of available actions to accomplish the task. There are two examples.

**Example 1:**
- Available Actions:(1): go to bed 1, (2): go to dresser 1, (3): go to drawer 1
- Response:[BEGIN](2): go to dresser 1[END]
**Example 2:**
- Available Actions:(1): go to garbagecan 1, (2): take handtowel 1 from handtowelholder 1, (3): take faucet 1 from handtowelholder 1, (4): take handtowel 2 from handtowelholder 1
- Response:[BEGIN](2): take handtowel 1 from handtowelholder 1[END]

**Task Description:**
The task at hand is "examine the pencil with the desklamp". The agent must find an object of the desired type, locate and turn on a light source with the desired object in-hand.

**Available Actions:**
(1): go to bed 1
(2): go to shelf 1
(3): go to sidetable 1
(4): go to drawer 1
(5): go to drawer 2
(6): go to garbagecan 1
(7): take laptop 1 from desk 1
(8): take book 1 from desk 1
(9): take tissuebox 1 from desk 1
(10): take tissuebox 2 from desk 1
(11): take mug 1 from desk 1
(12): take mug 2 from desk 1
(13): take creditcard 1 from desk 1
(14): take keychain 1 from desk 1
(15): take pen 1 from desk 1
(16): take keychain 2 from desk 1
(17): take pen 2 from desk 1
(18): use desklamp 1
(19): examine desk 1

**Determine the appropriate action:**
- Identify relevant objects in the image related to the task.
- Evaluate each action's potential to successfully complete the task.

**Response:**
- Let's tink step-by-step.
- (i): [BEGIN][Selected Action][END]

Original VLM Response:
- (i): [BEGIN](15): take pen 1 from desk 1[END]
- (ii): [BEGIN](18): use desklamp 1[END]

> Action: take pen 1 from desk 1
Running time: 10.437812805175781 seconds

Step:--------------------------------------------------------------------------33--------------------------------------------------------------------------
VLM Prompt:
<image>
<image>
<image>
Given images depicting complex scenes with multiple elements, your objective is to analyze scenes of the image in relation to the specified task description and choose the appropriate action from a list of available actions to accomplish the task. There are two examples.

**Example 1:**
- Available Actions:(1): go to bed 1, (2): go to dresser 1, (3): go to drawer 1
- Response:[BEGIN](2): go to dresser 1[END]
**Example 2:**
- Available Actions:(1): go to garbagecan 1, (2): take handtowel 1 from handtowelholder 1, (3): take faucet 1 from handtowelholder 1, (4): take handtowel 2 from handtowelholder 1
- Response:[BEGIN](2): take handtowel 1 from handtowelholder 1[END]

**Task Description:**
The task at hand is "examine the pencil with the desklamp". The agent must find an object of the desired type, locate and turn on a light source with the desired object in-hand.

**Available Actions:**
(1): go to bed 1
(2): go to shelf 1
(3): go to sidetable 1
(4): go to drawer 1
(5): go to drawer 2
(6): go to garbagecan 1
(7): put pen 1 in/on desk 1
(8): use desklamp 1
(9): examine pen 1
(10): examine desk 1

**Determine the appropriate action:**
- Identify relevant objects in the image related to the task.
- Evaluate each action's potential to successfully complete the task.

**Response:**
- Let's tink step-by-step.
- (i): [BEGIN][Selected Action][END]

Original VLM Response:
- (i): [BEGIN](7): put pen 1 in/on desk 1[END]
- (ii): [BEGIN](8): use desklamp 1[END]
- (iii): [BEGIN](9): examine pen 1[END]

> Action: put pen 1 in/on desk 1
Running time: 3.7309908866882324 seconds

Step:--------------------------------------------------------------------------34--------------------------------------------------------------------------
VLM Prompt:
<image>
<image>
<image>
Given images depicting complex scenes with multiple elements, your objective is to analyze scenes of the image in relation to the specified task description and choose the appropriate action from a list of available actions to accomplish the task. There are two examples.

**Example 1:**
- Available Actions:(1): go to bed 1, (2): go to dresser 1, (3): go to drawer 1
- Response:[BEGIN](2): go to dresser 1[END]
**Example 2:**
- Available Actions:(1): go to garbagecan 1, (2): take handtowel 1 from handtowelholder 1, (3): take faucet 1 from handtowelholder 1, (4): take handtowel 2 from handtowelholder 1
- Response:[BEGIN](2): take handtowel 1 from handtowelholder 1[END]

**Task Description:**
The task at hand is "examine the pencil with the desklamp". The agent must find an object of the desired type, locate and turn on a light source with the desired object in-hand.

**Available Actions:**
(1): go to bed 1
(2): go to shelf 1
(3): go to sidetable 1
(4): go to drawer 1
(5): go to drawer 2
(6): go to garbagecan 1
(7): take laptop 1 from desk 1
(8): take book 1 from desk 1
(9): take tissuebox 1 from desk 1
(10): take tissuebox 2 from desk 1
(11): take mug 1 from desk 1
(12): take mug 2 from desk 1
(13): take creditcard 1 from desk 1
(14): take keychain 1 from desk 1
(15): take pen 1 from desk 1
(16): take keychain 2 from desk 1
(17): take pen 2 from desk 1
(18): use desklamp 1
(19): examine desk 1

**Determine the appropriate action:**
- Identify relevant objects in the image related to the task.
- Evaluate each action's potential to successfully complete the task.

**Response:**
- Let's tink step-by-step.
- (i): [BEGIN][Selected Action][END]

Original VLM Response:
- (i): [BEGIN](15): take pen 1 from desk 1[END]
- (ii): [BEGIN](18): use desklamp 1[END]

> Action: take pen 1 from desk 1
Running time: 5.025377035140991 seconds

Step:--------------------------------------------------------------------------35--------------------------------------------------------------------------
VLM Prompt:
<image>
<image>
<image>
Given images depicting complex scenes with multiple elements, your objective is to analyze scenes of the image in relation to the specified task description and choose the appropriate action from a list of available actions to accomplish the task. There are two examples.

**Example 1:**
- Available Actions:(1): go to bed 1, (2): go to dresser 1, (3): go to drawer 1
- Response:[BEGIN](2): go to dresser 1[END]
**Example 2:**
- Available Actions:(1): go to garbagecan 1, (2): take handtowel 1 from handtowelholder 1, (3): take faucet 1 from handtowelholder 1, (4): take handtowel 2 from handtowelholder 1
- Response:[BEGIN](2): take handtowel 1 from handtowelholder 1[END]

**Task Description:**
The task at hand is "examine the pencil with the desklamp". The agent must find an object of the desired type, locate and turn on a light source with the desired object in-hand.

**Available Actions:**
(1): go to bed 1
(2): go to shelf 1
(3): go to sidetable 1
(4): go to drawer 1
(5): go to drawer 2
(6): go to garbagecan 1
(7): put pen 1 in/on desk 1
(8): use desklamp 1
(9): examine pen 1
(10): examine desk 1

**Determine the appropriate action:**
- Identify relevant objects in the image related to the task.
- Evaluate each action's potential to successfully complete the task.

**Response:**
- Let's tink step-by-step.
- (i): [BEGIN][Selected Action][END]

Original VLM Response:
- (i): [BEGIN](7): put pen 1 in/on desk 1[END]
- (ii): [BEGIN](8): use desklamp 1[END]
- (iii): [BEGIN](9): examine pen 1[END]

> Action: put pen 1 in/on desk 1
Running time: 4.844645738601685 seconds

Step:--------------------------------------------------------------------------36--------------------------------------------------------------------------
VLM Prompt:
<image>
<image>
<image>
Given images depicting complex scenes with multiple elements, your objective is to analyze scenes of the image in relation to the specified task description and choose the appropriate action from a list of available actions to accomplish the task. There are two examples.

**Example 1:**
- Available Actions:(1): go to bed 1, (2): go to dresser 1, (3): go to drawer 1
- Response:[BEGIN](2): go to dresser 1[END]
**Example 2:**
- Available Actions:(1): go to garbagecan 1, (2): take handtowel 1 from handtowelholder 1, (3): take faucet 1 from handtowelholder 1, (4): take handtowel 2 from handtowelholder 1
- Response:[BEGIN](2): take handtowel 1 from handtowelholder 1[END]

**Task Description:**
The task at hand is "examine the pencil with the desklamp". The agent must find an object of the desired type, locate and turn on a light source with the desired object in-hand.

**Available Actions:**
(1): go to bed 1
(2): go to shelf 1
(3): go to sidetable 1
(4): go to drawer 1
(5): go to drawer 2
(6): go to garbagecan 1
(7): take laptop 1 from desk 1
(8): take book 1 from desk 1
(9): take tissuebox 1 from desk 1
(10): take tissuebox 2 from desk 1
(11): take mug 1 from desk 1
(12): take mug 2 from desk 1
(13): take creditcard 1 from desk 1
(14): take keychain 1 from desk 1
(15): take pen 1 from desk 1
(16): take keychain 2 from desk 1
(17): take pen 2 from desk 1
(18): use desklamp 1
(19): examine desk 1

**Determine the appropriate action:**
- Identify relevant objects in the image related to the task.
- Evaluate each action's potential to successfully complete the task.

**Response:**
- Let's tink step-by-step.
- (i): [BEGIN][Selected Action][END]

Original VLM Response:
- (i): [BEGIN](15): take pen 1 from desk 1[END]
- (ii): [BEGIN](18): use desklamp 1[END]

> Action: take pen 1 from desk 1
Running time: 5.005700349807739 seconds

Step:--------------------------------------------------------------------------37--------------------------------------------------------------------------
VLM Prompt:
<image>
<image>
<image>
Given images depicting complex scenes with multiple elements, your objective is to analyze scenes of the image in relation to the specified task description and choose the appropriate action from a list of available actions to accomplish the task. There are two examples.

**Example 1:**
- Available Actions:(1): go to bed 1, (2): go to dresser 1, (3): go to drawer 1
- Response:[BEGIN](2): go to dresser 1[END]
**Example 2:**
- Available Actions:(1): go to garbagecan 1, (2): take handtowel 1 from handtowelholder 1, (3): take faucet 1 from handtowelholder 1, (4): take handtowel 2 from handtowelholder 1
- Response:[BEGIN](2): take handtowel 1 from handtowelholder 1[END]

**Task Description:**
The task at hand is "examine the pencil with the desklamp". The agent must find an object of the desired type, locate and turn on a light source with the desired object in-hand.

**Available Actions:**
(1): go to bed 1
(2): go to shelf 1
(3): go to sidetable 1
(4): go to drawer 1
(5): go to drawer 2
(6): go to garbagecan 1
(7): put pen 1 in/on desk 1
(8): use desklamp 1
(9): examine pen 1
(10): examine desk 1

**Determine the appropriate action:**
- Identify relevant objects in the image related to the task.
- Evaluate each action's potential to successfully complete the task.

**Response:**
- Let's tink step-by-step.
- (i): [BEGIN][Selected Action][END]

Original VLM Response:
- (i): [BEGIN](7): put pen 1 in/on desk 1[END]
- (ii): [BEGIN](8): use desklamp 1[END]
- (iii): [BEGIN](9): examine pen 1[END]

> Action: put pen 1 in/on desk 1
Running time: 4.9521238803863525 seconds

Step:--------------------------------------------------------------------------38--------------------------------------------------------------------------
VLM Prompt:
<image>
<image>
<image>
Given images depicting complex scenes with multiple elements, your objective is to analyze scenes of the image in relation to the specified task description and choose the appropriate action from a list of available actions to accomplish the task. There are two examples.

**Example 1:**
- Available Actions:(1): go to bed 1, (2): go to dresser 1, (3): go to drawer 1
- Response:[BEGIN](2): go to dresser 1[END]
**Example 2:**
- Available Actions:(1): go to garbagecan 1, (2): take handtowel 1 from handtowelholder 1, (3): take faucet 1 from handtowelholder 1, (4): take handtowel 2 from handtowelholder 1
- Response:[BEGIN](2): take handtowel 1 from handtowelholder 1[END]

**Task Description:**
The task at hand is "examine the pencil with the desklamp". The agent must find an object of the desired type, locate and turn on a light source with the desired object in-hand.

**Available Actions:**
(1): go to bed 1
(2): go to shelf 1
(3): go to sidetable 1
(4): go to drawer 1
(5): go to drawer 2
(6): go to garbagecan 1
(7): take laptop 1 from desk 1
(8): take book 1 from desk 1
(9): take tissuebox 1 from desk 1
(10): take tissuebox 2 from desk 1
(11): take mug 1 from desk 1
(12): take mug 2 from desk 1
(13): take creditcard 1 from desk 1
(14): take keychain 1 from desk 1
(15): take pen 1 from desk 1
(16): take keychain 2 from desk 1
(17): take pen 2 from desk 1
(18): use desklamp 1
(19): examine desk 1

**Determine the appropriate action:**
- Identify relevant objects in the image related to the task.
- Evaluate each action's potential to successfully complete the task.

**Response:**
- Let's tink step-by-step.
- (i): [BEGIN][Selected Action][END]

Original VLM Response:
- (i): [BEGIN](15): take pen 1 from desk 1[END]
- (ii): [BEGIN](18): use desklamp 1[END]

> Action: take pen 1 from desk 1
Running time: 4.952930450439453 seconds

Step:--------------------------------------------------------------------------39--------------------------------------------------------------------------
VLM Prompt:
<image>
<image>
<image>
Given images depicting complex scenes with multiple elements, your objective is to analyze scenes of the image in relation to the specified task description and choose the appropriate action from a list of available actions to accomplish the task. There are two examples.

**Example 1:**
- Available Actions:(1): go to bed 1, (2): go to dresser 1, (3): go to drawer 1
- Response:[BEGIN](2): go to dresser 1[END]
**Example 2:**
- Available Actions:(1): go to garbagecan 1, (2): take handtowel 1 from handtowelholder 1, (3): take faucet 1 from handtowelholder 1, (4): take handtowel 2 from handtowelholder 1
- Response:[BEGIN](2): take handtowel 1 from handtowelholder 1[END]

**Task Description:**
The task at hand is "examine the pencil with the desklamp". The agent must find an object of the desired type, locate and turn on a light source with the desired object in-hand.

**Available Actions:**
(1): go to bed 1
(2): go to shelf 1
(3): go to sidetable 1
(4): go to drawer 1
(5): go to drawer 2
(6): go to garbagecan 1
(7): put pen 1 in/on desk 1
(8): use desklamp 1
(9): examine pen 1
(10): examine desk 1

**Determine the appropriate action:**
- Identify relevant objects in the image related to the task.
- Evaluate each action's potential to successfully complete the task.

**Response:**
- Let's tink step-by-step.
- (i): [BEGIN][Selected Action][END]

Original VLM Response:
- (i): [BEGIN](7): put pen 1 in/on desk 1[END]
- (ii): [BEGIN](8): use desklamp 1[END]
- (iii): [BEGIN](9): examine pen 1[END]

> Action: put pen 1 in/on desk 1
Running time: 4.6171910762786865 seconds

Step:--------------------------------------------------------------------------40--------------------------------------------------------------------------
VLM Prompt:
<image>
<image>
<image>
Given images depicting complex scenes with multiple elements, your objective is to analyze scenes of the image in relation to the specified task description and choose the appropriate action from a list of available actions to accomplish the task. There are two examples.

**Example 1:**
- Available Actions:(1): go to bed 1, (2): go to dresser 1, (3): go to drawer 1
- Response:[BEGIN](2): go to dresser 1[END]
**Example 2:**
- Available Actions:(1): go to garbagecan 1, (2): take handtowel 1 from handtowelholder 1, (3): take faucet 1 from handtowelholder 1, (4): take handtowel 2 from handtowelholder 1
- Response:[BEGIN](2): take handtowel 1 from handtowelholder 1[END]

**Task Description:**
The task at hand is "examine the pencil with the desklamp". The agent must find an object of the desired type, locate and turn on a light source with the desired object in-hand.

**Available Actions:**
(1): go to bed 1
(2): go to shelf 1
(3): go to sidetable 1
(4): go to drawer 1
(5): go to drawer 2
(6): go to garbagecan 1
(7): take laptop 1 from desk 1
(8): take book 1 from desk 1
(9): take tissuebox 1 from desk 1
(10): take tissuebox 2 from desk 1
(11): take mug 1 from desk 1
(12): take mug 2 from desk 1
(13): take creditcard 1 from desk 1
(14): take keychain 1 from desk 1
(15): take pen 1 from desk 1
(16): take keychain 2 from desk 1
(17): take pen 2 from desk 1
(18): use desklamp 1
(19): examine desk 1

**Determine the appropriate action:**
- Identify relevant objects in the image related to the task.
- Evaluate each action's potential to successfully complete the task.

**Response:**
- Let's tink step-by-step.
- (i): [BEGIN][Selected Action][END]

Original VLM Response:
- (i): [BEGIN](15): take pen 1 from desk 1[END]
- (ii): [BEGIN](18): use desklamp 1[END]

> Action: take pen 1 from desk 1
Running time: 4.051183700561523 seconds

Step:--------------------------------------------------------------------------41--------------------------------------------------------------------------
VLM Prompt:
<image>
<image>
<image>
Given images depicting complex scenes with multiple elements, your objective is to analyze scenes of the image in relation to the specified task description and choose the appropriate action from a list of available actions to accomplish the task. There are two examples.

**Example 1:**
- Available Actions:(1): go to bed 1, (2): go to dresser 1, (3): go to drawer 1
- Response:[BEGIN](2): go to dresser 1[END]
**Example 2:**
- Available Actions:(1): go to garbagecan 1, (2): take handtowel 1 from handtowelholder 1, (3): take faucet 1 from handtowelholder 1, (4): take handtowel 2 from handtowelholder 1
- Response:[BEGIN](2): take handtowel 1 from handtowelholder 1[END]

**Task Description:**
The task at hand is "examine the pencil with the desklamp". The agent must find an object of the desired type, locate and turn on a light source with the desired object in-hand.

**Available Actions:**
(1): go to bed 1
(2): go to shelf 1
(3): go to sidetable 1
(4): go to drawer 1
(5): go to drawer 2
(6): go to garbagecan 1
(7): put pen 1 in/on desk 1
(8): use desklamp 1
(9): examine pen 1
(10): examine desk 1

**Determine the appropriate action:**
- Identify relevant objects in the image related to the task.
- Evaluate each action's potential to successfully complete the task.

**Response:**
- Let's tink step-by-step.
- (i): [BEGIN][Selected Action][END]

Original VLM Response:
- (i): [BEGIN](8): use desklamp 1[END]

> Action: use desklamp 1
Running time: 4.441252708435059 seconds

Step:--------------------------------------------------------------------------42--------------------------------------------------------------------------
VLM Prompt:
<image>
<image>
<image>
Given images depicting complex scenes with multiple elements, your objective is to analyze scenes of the image in relation to the specified task description and choose the appropriate action from a list of available actions to accomplish the task. There are two examples.

**Example 1:**
- Available Actions:(1): go to bed 1, (2): go to dresser 1, (3): go to drawer 1
- Response:[BEGIN](2): go to dresser 1[END]
**Example 2:**
- Available Actions:(1): go to garbagecan 1, (2): take handtowel 1 from handtowelholder 1, (3): take faucet 1 from handtowelholder 1, (4): take handtowel 2 from handtowelholder 1
- Response:[BEGIN](2): take handtowel 1 from handtowelholder 1[END]

**Task Description:**
The task at hand is "examine the pencil with the desklamp". The agent must find an object of the desired type, locate and turn on a light source with the desired object in-hand.

**Available Actions:**
(1): go to bed 1
(2): go to shelf 1
(3): go to sidetable 1
(4): go to drawer 1
(5): go to drawer 2
(6): go to garbagecan 1
(7): put pen 1 in/on desk 1
(8): use desklamp 1
(9): examine pen 1
(10): examine desk 1

**Determine the appropriate action:**
- Identify relevant objects in the image related to the task.
- Evaluate each action's potential to successfully complete the task.

**Response:**
- Let's tink step-by-step.
- (i): [BEGIN][Selected Action][END]

Original VLM Response:
- (i): [BEGIN](7): put pen 1 in/on desk 1[END]
- (ii): [BEGIN](8): use desklamp 1[END]
- (iii): [BEGIN](9): examine pen 1[END]

> Action: put pen 1 in/on desk 1
Running time: 6.892533540725708 seconds

Step:--------------------------------------------------------------------------43--------------------------------------------------------------------------
VLM Prompt:
<image>
<image>
<image>
Given images depicting complex scenes with multiple elements, your objective is to analyze scenes of the image in relation to the specified task description and choose the appropriate action from a list of available actions to accomplish the task. There are two examples.

**Example 1:**
- Available Actions:(1): go to bed 1, (2): go to dresser 1, (3): go to drawer 1
- Response:[BEGIN](2): go to dresser 1[END]
**Example 2:**
- Available Actions:(1): go to garbagecan 1, (2): take handtowel 1 from handtowelholder 1, (3): take faucet 1 from handtowelholder 1, (4): take handtowel 2 from handtowelholder 1
- Response:[BEGIN](2): take handtowel 1 from handtowelholder 1[END]

**Task Description:**
The task at hand is "examine the pencil with the desklamp". The agent must find an object of the desired type, locate and turn on a light source with the desired object in-hand.

**Available Actions:**
(1): go to bed 1
(2): go to shelf 1
(3): go to sidetable 1
(4): go to drawer 1
(5): go to drawer 2
(6): go to garbagecan 1
(7): take laptop 1 from desk 1
(8): take book 1 from desk 1
(9): take tissuebox 1 from desk 1
(10): take tissuebox 2 from desk 1
(11): take mug 1 from desk 1
(12): take mug 2 from desk 1
(13): take creditcard 1 from desk 1
(14): take keychain 1 from desk 1
(15): take pen 1 from desk 1
(16): take keychain 2 from desk 1
(17): take pen 2 from desk 1
(18): use desklamp 1
(19): examine desk 1

**Determine the appropriate action:**
- Identify relevant objects in the image related to the task.
- Evaluate each action's potential to successfully complete the task.

**Response:**
- Let's tink step-by-step.
- (i): [BEGIN][Selected Action][END]

Original VLM Response:
- (i): [BEGIN](15): take pen 1 from desk 1[END]
- (ii): [BEGIN](18): use desklamp 1[END]

> Action: take pen 1 from desk 1
Running time: 5.418821334838867 seconds

Step:--------------------------------------------------------------------------44--------------------------------------------------------------------------
VLM Prompt:
<image>
<image>
<image>
Given images depicting complex scenes with multiple elements, your objective is to analyze scenes of the image in relation to the specified task description and choose the appropriate action from a list of available actions to accomplish the task. There are two examples.

**Example 1:**
- Available Actions:(1): go to bed 1, (2): go to dresser 1, (3): go to drawer 1
- Response:[BEGIN](2): go to dresser 1[END]
**Example 2:**
- Available Actions:(1): go to garbagecan 1, (2): take handtowel 1 from handtowelholder 1, (3): take faucet 1 from handtowelholder 1, (4): take handtowel 2 from handtowelholder 1
- Response:[BEGIN](2): take handtowel 1 from handtowelholder 1[END]

**Task Description:**
The task at hand is "examine the pencil with the desklamp". The agent must find an object of the desired type, locate and turn on a light source with the desired object in-hand.

**Available Actions:**
(1): go to bed 1
(2): go to shelf 1
(3): go to sidetable 1
(4): go to drawer 1
(5): go to drawer 2
(6): go to garbagecan 1
(7): put pen 1 in/on desk 1
(8): use desklamp 1
(9): examine pen 1
(10): examine desk 1

**Determine the appropriate action:**
- Identify relevant objects in the image related to the task.
- Evaluate each action's potential to successfully complete the task.

**Response:**
- Let's tink step-by-step.
- (i): [BEGIN][Selected Action][END]

Original VLM Response:
- (i): [BEGIN](7): put pen 1 in/on desk 1[END]
- (ii): [BEGIN](8): use desklamp 1[END]
- (iii): [BEGIN](9): examine pen 1[END]

> Action: put pen 1 in/on desk 1
Running time: 4.954435348510742 seconds

Step:--------------------------------------------------------------------------45--------------------------------------------------------------------------
VLM Prompt:
<image>
<image>
<image>
Given images depicting complex scenes with multiple elements, your objective is to analyze scenes of the image in relation to the specified task description and choose the appropriate action from a list of available actions to accomplish the task. There are two examples.

**Example 1:**
- Available Actions:(1): go to bed 1, (2): go to dresser 1, (3): go to drawer 1
- Response:[BEGIN](2): go to dresser 1[END]
**Example 2:**
- Available Actions:(1): go to garbagecan 1, (2): take handtowel 1 from handtowelholder 1, (3): take faucet 1 from handtowelholder 1, (4): take handtowel 2 from handtowelholder 1
- Response:[BEGIN](2): take handtowel 1 from handtowelholder 1[END]

**Task Description:**
The task at hand is "examine the pencil with the desklamp". The agent must find an object of the desired type, locate and turn on a light source with the desired object in-hand.

**Available Actions:**
(1): go to bed 1
(2): go to shelf 1
(3): go to sidetable 1
(4): go to drawer 1
(5): go to drawer 2
(6): go to garbagecan 1
(7): take laptop 1 from desk 1
(8): take book 1 from desk 1
(9): take tissuebox 1 from desk 1
(10): take tissuebox 2 from desk 1
(11): take mug 1 from desk 1
(12): take mug 2 from desk 1
(13): take creditcard 1 from desk 1
(14): take keychain 1 from desk 1
(15): take pen 1 from desk 1
(16): take keychain 2 from desk 1
(17): take pen 2 from desk 1
(18): use desklamp 1
(19): examine desk 1

**Determine the appropriate action:**
- Identify relevant objects in the image related to the task.
- Evaluate each action's potential to successfully complete the task.

**Response:**
- Let's tink step-by-step.
- (i): [BEGIN][Selected Action][END]

Original VLM Response:
- (i): [BEGIN](15): take pen 1 from desk 1[END]
- (ii): [BEGIN](18): use desklamp 1[END]

> Action: take pen 1 from desk 1
Running time: 4.341155767440796 seconds

Step:--------------------------------------------------------------------------46--------------------------------------------------------------------------
VLM Prompt:
<image>
<image>
<image>
Given images depicting complex scenes with multiple elements, your objective is to analyze scenes of the image in relation to the specified task description and choose the appropriate action from a list of available actions to accomplish the task. There are two examples.

**Example 1:**
- Available Actions:(1): go to bed 1, (2): go to dresser 1, (3): go to drawer 1
- Response:[BEGIN](2): go to dresser 1[END]
**Example 2:**
- Available Actions:(1): go to garbagecan 1, (2): take handtowel 1 from handtowelholder 1, (3): take faucet 1 from handtowelholder 1, (4): take handtowel 2 from handtowelholder 1
- Response:[BEGIN](2): take handtowel 1 from handtowelholder 1[END]

**Task Description:**
The task at hand is "examine the pencil with the desklamp". The agent must find an object of the desired type, locate and turn on a light source with the desired object in-hand.

**Available Actions:**
(1): go to bed 1
(2): go to shelf 1
(3): go to sidetable 1
(4): go to drawer 1
(5): go to drawer 2
(6): go to garbagecan 1
(7): put pen 1 in/on desk 1
(8): use desklamp 1
(9): examine pen 1
(10): examine desk 1

**Determine the appropriate action:**
- Identify relevant objects in the image related to the task.
- Evaluate each action's potential to successfully complete the task.

**Response:**
- Let's tink step-by-step.
- (i): [BEGIN][Selected Action][END]

Original VLM Response:
- (i): [BEGIN](7): put pen 1 in/on desk 1[END]
- (ii): [BEGIN](8): use desklamp 1[END]
- (iii): [BEGIN](9): examine pen 1[END]

> Action: put pen 1 in/on desk 1
Running time: 6.988625526428223 seconds

Step:--------------------------------------------------------------------------47--------------------------------------------------------------------------
VLM Prompt:
<image>
<image>
<image>
Given images depicting complex scenes with multiple elements, your objective is to analyze scenes of the image in relation to the specified task description and choose the appropriate action from a list of available actions to accomplish the task. There are two examples.

**Example 1:**
- Available Actions:(1): go to bed 1, (2): go to dresser 1, (3): go to drawer 1
- Response:[BEGIN](2): go to dresser 1[END]
**Example 2:**
- Available Actions:(1): go to garbagecan 1, (2): take handtowel 1 from handtowelholder 1, (3): take faucet 1 from handtowelholder 1, (4): take handtowel 2 from handtowelholder 1
- Response:[BEGIN](2): take handtowel 1 from handtowelholder 1[END]

**Task Description:**
The task at hand is "examine the pencil with the desklamp". The agent must find an object of the desired type, locate and turn on a light source with the desired object in-hand.

**Available Actions:**
(1): go to bed 1
(2): go to shelf 1
(3): go to sidetable 1
(4): go to drawer 1
(5): go to drawer 2
(6): go to garbagecan 1
(7): take laptop 1 from desk 1
(8): take book 1 from desk 1
(9): take tissuebox 1 from desk 1
(10): take tissuebox 2 from desk 1
(11): take mug 1 from desk 1
(12): take mug 2 from desk 1
(13): take creditcard 1 from desk 1
(14): take keychain 1 from desk 1
(15): take pen 1 from desk 1
(16): take keychain 2 from desk 1
(17): take pen 2 from desk 1
(18): use desklamp 1
(19): examine desk 1

**Determine the appropriate action:**
- Identify relevant objects in the image related to the task.
- Evaluate each action's potential to successfully complete the task.

**Response:**
- Let's tink step-by-step.
- (i): [BEGIN][Selected Action][END]

Original VLM Response:
- (i): [BEGIN](15): take pen 1 from desk 1[END]
- (ii): [BEGIN](18): use desklamp 1[END]

> Action: take pen 1 from desk 1
Running time: 4.5402467250823975 seconds

Step:--------------------------------------------------------------------------48--------------------------------------------------------------------------
VLM Prompt:
<image>
<image>
<image>
Given images depicting complex scenes with multiple elements, your objective is to analyze scenes of the image in relation to the specified task description and choose the appropriate action from a list of available actions to accomplish the task. There are two examples.

**Example 1:**
- Available Actions:(1): go to bed 1, (2): go to dresser 1, (3): go to drawer 1
- Response:[BEGIN](2): go to dresser 1[END]
**Example 2:**
- Available Actions:(1): go to garbagecan 1, (2): take handtowel 1 from handtowelholder 1, (3): take faucet 1 from handtowelholder 1, (4): take handtowel 2 from handtowelholder 1
- Response:[BEGIN](2): take handtowel 1 from handtowelholder 1[END]

**Task Description:**
The task at hand is "examine the pencil with the desklamp". The agent must find an object of the desired type, locate and turn on a light source with the desired object in-hand.

**Available Actions:**
(1): go to bed 1
(2): go to shelf 1
(3): go to sidetable 1
(4): go to drawer 1
(5): go to drawer 2
(6): go to garbagecan 1
(7): put pen 1 in/on desk 1
(8): use desklamp 1
(9): examine pen 1
(10): examine desk 1

**Determine the appropriate action:**
- Identify relevant objects in the image related to the task.
- Evaluate each action's potential to successfully complete the task.

**Response:**
- Let's tink step-by-step.
- (i): [BEGIN][Selected Action][END]

Original VLM Response:
- (i): [BEGIN](7): put pen 1 in/on desk 1[END]
- (ii): [BEGIN](8): use desklamp 1[END]
- (iii): [BEGIN](9): examine pen 1[END]

> Action: put pen 1 in/on desk 1
Running time: 7.194435119628906 seconds

Step:--------------------------------------------------------------------------49--------------------------------------------------------------------------
VLM Prompt:
<image>
<image>
<image>
Given images depicting complex scenes with multiple elements, your objective is to analyze scenes of the image in relation to the specified task description and choose the appropriate action from a list of available actions to accomplish the task. There are two examples.

**Example 1:**
- Available Actions:(1): go to bed 1, (2): go to dresser 1, (3): go to drawer 1
- Response:[BEGIN](2): go to dresser 1[END]
**Example 2:**
- Available Actions:(1): go to garbagecan 1, (2): take handtowel 1 from handtowelholder 1, (3): take faucet 1 from handtowelholder 1, (4): take handtowel 2 from handtowelholder 1
- Response:[BEGIN](2): take handtowel 1 from handtowelholder 1[END]

**Task Description:**
The task at hand is "examine the pencil with the desklamp". The agent must find an object of the desired type, locate and turn on a light source with the desired object in-hand.

**Available Actions:**
(1): go to bed 1
(2): go to shelf 1
(3): go to sidetable 1
(4): go to drawer 1
(5): go to drawer 2
(6): go to garbagecan 1
(7): take laptop 1 from desk 1
(8): take book 1 from desk 1
(9): take tissuebox 1 from desk 1
(10): take tissuebox 2 from desk 1
(11): take mug 1 from desk 1
(12): take mug 2 from desk 1
(13): take creditcard 1 from desk 1
(14): take keychain 1 from desk 1
(15): take pen 1 from desk 1
(16): take keychain 2 from desk 1
(17): take pen 2 from desk 1
(18): use desklamp 1
(19): examine desk 1

**Determine the appropriate action:**
- Identify relevant objects in the image related to the task.
- Evaluate each action's potential to successfully complete the task.

**Response:**
- Let's tink step-by-step.
- (i): [BEGIN][Selected Action][END]

Original VLM Response:
- (i): [BEGIN](15): take pen 1 from desk 1[END]
- (ii): [BEGIN](18): use desklamp 1[END]

> Action: take pen 1 from desk 1
Running time: 4.914340019226074 seconds

Step:--------------------------------------------------------------------------50--------------------------------------------------------------------------
VLM Prompt:
<image>
<image>
<image>
Given images depicting complex scenes with multiple elements, your objective is to analyze scenes of the image in relation to the specified task description and choose the appropriate action from a list of available actions to accomplish the task. There are two examples.

**Example 1:**
- Available Actions:(1): go to bed 1, (2): go to dresser 1, (3): go to drawer 1
- Response:[BEGIN](2): go to dresser 1[END]
**Example 2:**
- Available Actions:(1): go to garbagecan 1, (2): take handtowel 1 from handtowelholder 1, (3): take faucet 1 from handtowelholder 1, (4): take handtowel 2 from handtowelholder 1
- Response:[BEGIN](2): take handtowel 1 from handtowelholder 1[END]

**Task Description:**
The task at hand is "examine the pencil with the desklamp". The agent must find an object of the desired type, locate and turn on a light source with the desired object in-hand.

**Available Actions:**
(1): go to bed 1
(2): go to shelf 1
(3): go to sidetable 1
(4): go to drawer 1
(5): go to drawer 2
(6): go to garbagecan 1
(7): put pen 1 in/on desk 1
(8): use desklamp 1
(9): examine pen 1
(10): examine desk 1

**Determine the appropriate action:**
- Identify relevant objects in the image related to the task.
- Evaluate each action's potential to successfully complete the task.

**Response:**
- Let's tink step-by-step.
- (i): [BEGIN][Selected Action][END]

Original VLM Response:
- (i): [BEGIN](7): put pen 1 in/on desk 1[END]
- After placing the pen on the desk, the next step would be to:
- (ii): [BEGIN](8): use desklamp 1[END]
- Finally, to complete the task, the agent would:
- (iii): [BEGIN](9): examine pen 1[END]

> Action: put pen 1 in/on desk 1
Running time: 4.912026643753052 seconds

UNSUCCEED
