Begin Scene: 0     End Scene: 99      Number of Server: 1
0 Path:/home/zhaoyang/projects/alfworld/alfworld_data/alfworld/data/json_2.1.1/train/look_at_obj_in_light-AlarmClock-None-DeskLamp-317/trial_T20190909_070740_947572/traj_data.json: UNSUCCEED, Goal condition success rate: 0.5
1 Path:/home/zhaoyang/projects/alfworld/alfworld_data/alfworld/data/json_2.1.1/train/look_at_obj_in_light-AlarmClock-None-DeskLamp-324/trial_T20190909_140235_795214/traj_data.json: UNSUCCEED, Goal condition success rate: 0.5
2 Path:/home/zhaoyang/projects/alfworld/alfworld_data/alfworld/data/json_2.1.1/train/look_at_obj_in_light-AlarmClock-None-DeskLamp-328/trial_T20190908_175801_507648/traj_data.json: SUCCEED, Goal condition success rate: 1.0
3 Path:/home/zhaoyang/projects/alfworld/alfworld_data/alfworld/data/json_2.1.1/train/look_at_obj_in_light-Book-None-DeskLamp-317/trial_T20190909_201143_217673/traj_data.json: UNSUCCEED, Goal condition success rate: 0.5
4 Path:/home/zhaoyang/projects/alfworld/alfworld_data/alfworld/data/json_2.1.1/train/look_at_obj_in_light-KeyChain-None-FloorLamp-202/trial_T20190909_012007_563058/traj_data.json: UNSUCCEED, Goal condition success rate: 0.5
5 Path:/home/zhaoyang/projects/alfworld/alfworld_data/alfworld/data/json_2.1.1/train/look_at_obj_in_light-Mug-None-DeskLamp-323/trial_T20190907_041056_308386/traj_data.json: UNSUCCEED, Goal condition success rate: 0.5
6 Path:/home/zhaoyang/projects/alfworld/alfworld_data/alfworld/data/json_2.1.1/train/look_at_obj_in_light-Pencil-None-DeskLamp-303/trial_T20190909_064559_200594/traj_data.json: UNSUCCEED, Goal condition success rate: 0.5
7 Path:/home/zhaoyang/projects/alfworld/alfworld_data/alfworld/data/json_2.1.1/train/look_at_obj_in_light-Pencil-None-DeskLamp-328/trial_T20190906_201130_178664/traj_data.json: UNSUCCEED, Goal condition success rate: 0.5
8 Path:/home/zhaoyang/projects/alfworld/alfworld_data/alfworld/data/json_2.1.1/train/look_at_obj_in_light-Pillow-None-DeskLamp-216/trial_T20190907_220638_188496/traj_data.json: UNSUCCEED, Goal condition success rate: 0.0
9 Path:/home/zhaoyang/projects/alfworld/alfworld_data/alfworld/data/json_2.1.1/train/look_at_obj_in_light-RemoteControl-None-FloorLamp-208/trial_T20190908_214850_265393/traj_data.json: UNSUCCEED, Goal condition success rate: 0.0
10 Path:/home/zhaoyang/projects/alfworld/alfworld_data/alfworld/data/json_2.1.1/train/look_at_obj_in_light-RemoteControl-None-FloorLamp-213/trial_T20190907_070913_773085/traj_data.json: UNSUCCEED, Goal condition success rate: 0.0
11 Path:/home/zhaoyang/projects/alfworld/alfworld_data/alfworld/data/json_2.1.1/train/look_at_obj_in_light-RemoteControl-None-FloorLamp-221/trial_T20190909_102109_109171/traj_data.json: SUCCEED, Goal condition success rate: 1.0
12 Path:/home/zhaoyang/projects/alfworld/alfworld_data/alfworld/data/json_2.1.1/train/look_at_obj_in_light-RemoteControl-None-FloorLamp-223/trial_T20190909_110002_562344/traj_data.json: UNSUCCEED, Goal condition success rate: 0.5
13 Path:/home/zhaoyang/projects/alfworld/alfworld_data/alfworld/data/json_2.1.1/train/look_at_obj_in_light-TissueBox-None-DeskLamp-301/trial_T20190908_011302_767722/traj_data.json: UNSUCCEED, Goal condition success rate: 0.5
14 Path:/home/zhaoyang/projects/alfworld/alfworld_data/alfworld/data/json_2.1.1/train/look_at_obj_in_light-Vase-None-DeskLamp-216/trial_T20190906_200458_622810/traj_data.json: UNSUCCEED, Goal condition success rate: 0.0
15 Path:/home/zhaoyang/projects/alfworld/alfworld_data/alfworld/data/json_2.1.1/train/look_at_obj_in_light-Watch-None-FloorLamp-225/trial_T20190908_233532_384612/traj_data.json: UNSUCCEED, Goal condition success rate: 0.0
16 Path:/home/zhaoyang/projects/alfworld/alfworld_data/alfworld/data/json_2.1.1/train/pick_and_place_simple-Book-None-Bed-312/trial_T20190908_103710_898411/traj_data.json: UNSUCCEED, Goal condition success rate: 0.0
17 Path:/home/zhaoyang/projects/alfworld/alfworld_data/alfworld/data/json_2.1.1/train/pick_and_place_simple-Bread-None-Microwave-15/trial_T20190907_040949_061246/traj_data.json: SUCCEED, Goal condition success rate: 1.0
18 Path:/home/zhaoyang/projects/alfworld/alfworld_data/alfworld/data/json_2.1.1/train/pick_and_place_simple-CD-None-DiningTable-311/trial_T20190908_071437_984059/traj_data.json: SUCCEED, Goal condition success rate: 1.0
19 Path:/home/zhaoyang/projects/alfworld/alfworld_data/alfworld/data/json_2.1.1/train/pick_and_place_simple-Candle-None-Toilet-413/trial_T20190909_104025_525772/traj_data.json: UNSUCCEED, Goal condition success rate: 0.0
20 Path:/home/zhaoyang/projects/alfworld/alfworld_data/alfworld/data/json_2.1.1/train/pick_and_place_simple-CreditCard-None-Desk-307/trial_T20190907_143649_550638/traj_data.json: UNSUCCEED, Goal condition success rate: 0.0
21 Path:/home/zhaoyang/projects/alfworld/alfworld_data/alfworld/data/json_2.1.1/train/pick_and_place_simple-DishSponge-None-Cabinet-5/trial_T20190906_192821_060129/traj_data.json: UNSUCCEED, Goal condition success rate: 0.0
22 Path:/home/zhaoyang/projects/alfworld/alfworld_data/alfworld/data/json_2.1.1/train/pick_and_place_simple-HandTowel-None-SinkBasin-415/trial_T20190909_051506_703363/traj_data.json: UNSUCCEED, Goal condition success rate: 0.0
23 Path:/home/zhaoyang/projects/alfworld/alfworld_data/alfworld/data/json_2.1.1/train/pick_and_place_simple-KeyChain-None-Drawer-208/trial_T20190909_013503_131014/traj_data.json: SUCCEED, Goal condition success rate: 1.0
24 Path:/home/zhaoyang/projects/alfworld/alfworld_data/alfworld/data/json_2.1.1/train/pick_and_place_simple-SoapBottle-None-GarbageCan-407/trial_T20190908_063321_703261/traj_data.json: UNSUCCEED, Goal condition success rate: 0.0
25 Path:/home/zhaoyang/projects/alfworld/alfworld_data/alfworld/data/json_2.1.1/train/pick_and_place_simple-SoapBottle-None-Toilet-408/trial_T20190907_084114_235446/traj_data.json: UNSUCCEED, Goal condition success rate: 0.0
26 Path:/home/zhaoyang/projects/alfworld/alfworld_data/alfworld/data/json_2.1.1/train/pick_and_place_simple-SprayBottle-None-Toilet-426/trial_T20190908_155225_439006/traj_data.json: SUCCEED, Goal condition success rate: 1.0
27 Path:/home/zhaoyang/projects/alfworld/alfworld_data/alfworld/data/json_2.1.1/train/pick_and_place_simple-TennisRacket-None-Desk-318/trial_T20190908_005132_258981/traj_data.json: UNSUCCEED, Goal condition success rate: 0.0
28 Path:/home/zhaoyang/projects/alfworld/alfworld_data/alfworld/data/json_2.1.1/train/pick_and_place_simple-ToiletPaper-None-Shelf-429/trial_T20190908_082604_481663/traj_data.json: UNSUCCEED, Goal condition success rate: 0.0
29 Path:/home/zhaoyang/projects/alfworld/alfworld_data/alfworld/data/json_2.1.1/train/pick_and_place_simple-ToiletPaper-None-ToiletPaperHanger-417/trial_T20190908_043859_833063/traj_data.json: UNSUCCEED, Goal condition success rate: 0.0
30 Path:/home/zhaoyang/projects/alfworld/alfworld_data/alfworld/data/json_2.1.1/train/pick_and_place_simple-ToiletPaper-None-ToiletPaperHanger-427/trial_T20190908_121628_520773/traj_data.json: UNSUCCEED, Goal condition success rate: 0.0
31 Path:/home/zhaoyang/projects/alfworld/alfworld_data/alfworld/data/json_2.1.1/train/pick_and_place_simple-WateringCan-None-Desk-204/trial_T20190906_193241_476804/traj_data.json: UNSUCCEED, Goal condition success rate: 0.0
32 Path:/home/zhaoyang/projects/alfworld/alfworld_data/alfworld/data/json_2.1.1/train/pick_clean_then_place_in_recep-Apple-None-DiningTable-4/trial_T20190918_193418_341390/traj_data.json: UNSUCCEED, Goal condition success rate: 0.0
33 Path:/home/zhaoyang/projects/alfworld/alfworld_data/alfworld/data/json_2.1.1/train/pick_clean_then_place_in_recep-Cloth-None-BathtubBasin-411/trial_T20190908_055620_924624/traj_data.json: UNSUCCEED, Goal condition success rate: 0.3333333333333333
34 Path:/home/zhaoyang/projects/alfworld/alfworld_data/alfworld/data/json_2.1.1/train/pick_clean_then_place_in_recep-Cloth-None-Drawer-415/trial_T20190906_190033_133211/traj_data.json: UNSUCCEED, Goal condition success rate: 0.0
35 Path:/home/zhaoyang/projects/alfworld/alfworld_data/alfworld/data/json_2.1.1/train/pick_clean_then_place_in_recep-Cloth-None-Toilet-426/trial_T20190910_045202_007687/traj_data.json: UNSUCCEED, Goal condition success rate: 0.0
36 Path:/home/zhaoyang/projects/alfworld/alfworld_data/alfworld/data/json_2.1.1/train/pick_clean_then_place_in_recep-Knife-None-DiningTable-15/trial_T20190908_162445_886312/traj_data.json: UNSUCCEED, Goal condition success rate: 0.6666666666666666
37 Path:/home/zhaoyang/projects/alfworld/alfworld_data/alfworld/data/json_2.1.1/train/pick_clean_then_place_in_recep-Pan-None-DiningTable-17/trial_T20190908_120954_429542/traj_data.json: UNSUCCEED, Goal condition success rate: 0.3333333333333333
38 Path:/home/zhaoyang/projects/alfworld/alfworld_data/alfworld/data/json_2.1.1/train/pick_clean_then_place_in_recep-Plate-None-CounterTop-19/trial_T20190908_212652_808906/traj_data.json: UNSUCCEED, Goal condition success rate: 0.0
39 Path:/home/zhaoyang/projects/alfworld/alfworld_data/alfworld/data/json_2.1.1/train/pick_clean_then_place_in_recep-Potato-None-Microwave-23/trial_T20190908_131909_265190/traj_data.json: UNSUCCEED, Goal condition success rate: 0.0
40 Path:/home/zhaoyang/projects/alfworld/alfworld_data/alfworld/data/json_2.1.1/train/pick_clean_then_place_in_recep-SoapBar-None-CounterTop-416/trial_T20190909_032310_871218/traj_data.json: UNSUCCEED, Goal condition success rate: 0.0
41 Path:/home/zhaoyang/projects/alfworld/alfworld_data/alfworld/data/json_2.1.1/train/pick_clean_then_place_in_recep-SoapBar-None-GarbageCan-407/trial_T20190907_222235_383777/traj_data.json: UNSUCCEED, Goal condition success rate: 0.0
42 Path:/home/zhaoyang/projects/alfworld/alfworld_data/alfworld/data/json_2.1.1/train/pick_cool_then_place_in_recep-Apple-None-Microwave-19/trial_T20190906_210908_217201/traj_data.json: UNSUCCEED, Goal condition success rate: 0.0
43 Path:/home/zhaoyang/projects/alfworld/alfworld_data/alfworld/data/json_2.1.1/train/pick_cool_then_place_in_recep-Apple-None-Microwave-5/trial_T20190908_150842_317762/traj_data.json: UNSUCCEED, Goal condition success rate: 0.0
44 Path:/home/zhaoyang/projects/alfworld/alfworld_data/alfworld/data/json_2.1.1/train/pick_cool_then_place_in_recep-AppleSliced-None-GarbageCan-19/trial_T20190909_111859_174743/traj_data.json: UNSUCCEED, Goal condition success rate: 0.0
45 Path:/home/zhaoyang/projects/alfworld/alfworld_data/alfworld/data/json_2.1.1/train/pick_cool_then_place_in_recep-AppleSliced-None-Microwave-14/trial_T20190908_015050_193886/traj_data.json: UNSUCCEED, Goal condition success rate: 0.0
46 Path:/home/zhaoyang/projects/alfworld/alfworld_data/alfworld/data/json_2.1.1/train/pick_cool_then_place_in_recep-Bread-None-Microwave-15/trial_T20190907_132633_001617/traj_data.json: UNSUCCEED, Goal condition success rate: 0.3333333333333333
47 Path:/home/zhaoyang/projects/alfworld/alfworld_data/alfworld/data/json_2.1.1/train/pick_cool_then_place_in_recep-BreadSliced-None-Microwave-19/trial_T20190908_174112_040148/traj_data.json: UNSUCCEED, Goal condition success rate: 0.0
48 Path:/home/zhaoyang/projects/alfworld/alfworld_data/alfworld/data/json_2.1.1/train/pick_cool_then_place_in_recep-BreadSliced-None-Microwave-6/trial_T20190909_115731_174873/traj_data.json: UNSUCCEED, Goal condition success rate: 0.0
49 Path:/home/zhaoyang/projects/alfworld/alfworld_data/alfworld/data/json_2.1.1/train/pick_cool_then_place_in_recep-Egg-None-Microwave-6/trial_T20190909_034920_156443/traj_data.json: UNSUCCEED, Goal condition success rate: 0.0
50 Path:/home/zhaoyang/projects/alfworld/alfworld_data/alfworld/data/json_2.1.1/train/pick_cool_then_place_in_recep-LettuceSliced-None-CounterTop-27/trial_T20190909_153504_497265/traj_data.json: UNSUCCEED, Goal condition success rate: 0.0
51 Path:/home/zhaoyang/projects/alfworld/alfworld_data/alfworld/data/json_2.1.1/train/pick_cool_then_place_in_recep-Pan-None-DiningTable-21/trial_T20190909_015141_172099/traj_data.json: UNSUCCEED, Goal condition success rate: 0.0
52 Path:/home/zhaoyang/projects/alfworld/alfworld_data/alfworld/data/json_2.1.1/train/pick_cool_then_place_in_recep-Pan-None-SinkBasin-1/trial_T20190908_232703_122907/traj_data.json: UNSUCCEED, Goal condition success rate: 0.0
53 Path:/home/zhaoyang/projects/alfworld/alfworld_data/alfworld/data/json_2.1.1/train/pick_cool_then_place_in_recep-Pot-None-CounterTop-24/trial_T20190907_002332_305243/traj_data.json: UNSUCCEED, Goal condition success rate: 0.0
54 Path:/home/zhaoyang/projects/alfworld/alfworld_data/alfworld/data/json_2.1.1/train/pick_cool_then_place_in_recep-Potato-None-Microwave-13/trial_T20190911_231120_340419/traj_data.json: UNSUCCEED, Goal condition success rate: 0.0
55 Path:/home/zhaoyang/projects/alfworld/alfworld_data/alfworld/data/json_2.1.1/train/pick_cool_then_place_in_recep-PotatoSliced-None-GarbageCan-14/trial_T20190909_143434_000278/traj_data.json: UNSUCCEED, Goal condition success rate: 0.0
56 Path:/home/zhaoyang/projects/alfworld/alfworld_data/alfworld/data/json_2.1.1/train/pick_cool_then_place_in_recep-PotatoSliced-None-GarbageCan-22/trial_T20190909_041110_300557/traj_data.json: UNSUCCEED, Goal condition success rate: 0.0
57 Path:/home/zhaoyang/projects/alfworld/alfworld_data/alfworld/data/json_2.1.1/train/pick_cool_then_place_in_recep-PotatoSliced-None-Microwave-2/trial_T20190911_140051_144317/traj_data.json: UNSUCCEED, Goal condition success rate: 0.0
58 Path:/home/zhaoyang/projects/alfworld/alfworld_data/alfworld/data/json_2.1.1/train/pick_cool_then_place_in_recep-TomatoSliced-None-CounterTop-25/trial_T20190909_112625_232432/traj_data.json: UNSUCCEED, Goal condition success rate: 0.0
59 Path:/home/zhaoyang/projects/alfworld/alfworld_data/alfworld/data/json_2.1.1/train/pick_heat_then_place_in_recep-Apple-None-CounterTop-2/trial_T20190908_112534_364453/traj_data.json: UNSUCCEED, Goal condition success rate: 0.3333333333333333
60 Path:/home/zhaoyang/projects/alfworld/alfworld_data/alfworld/data/json_2.1.1/train/pick_heat_then_place_in_recep-AppleSliced-None-CounterTop-4/trial_T20190909_013954_681011/traj_data.json: UNSUCCEED, Goal condition success rate: 0.0
61 Path:/home/zhaoyang/projects/alfworld/alfworld_data/alfworld/data/json_2.1.1/train/pick_heat_then_place_in_recep-AppleSliced-None-GarbageCan-20/trial_T20190909_011214_550852/traj_data.json: UNSUCCEED, Goal condition success rate: 0.0
62 Path:/home/zhaoyang/projects/alfworld/alfworld_data/alfworld/data/json_2.1.1/train/pick_heat_then_place_in_recep-BreadSliced-None-Fridge-22/trial_T20190907_154407_951065/traj_data.json: UNSUCCEED, Goal condition success rate: 0.0
63 Path:/home/zhaoyang/projects/alfworld/alfworld_data/alfworld/data/json_2.1.1/train/pick_heat_then_place_in_recep-BreadSliced-None-GarbageCan-4/trial_T20190908_050417_608949/traj_data.json: UNSUCCEED, Goal condition success rate: 0.0
64 Path:/home/zhaoyang/projects/alfworld/alfworld_data/alfworld/data/json_2.1.1/train/pick_heat_then_place_in_recep-BreadSliced-None-SideTable-28/trial_T20190907_180157_661808/traj_data.json: UNSUCCEED, Goal condition success rate: 0.0
65 Path:/home/zhaoyang/projects/alfworld/alfworld_data/alfworld/data/json_2.1.1/train/pick_heat_then_place_in_recep-Cup-None-Cabinet-1/trial_T20190909_090847_096524/traj_data.json: UNSUCCEED, Goal condition success rate: 0.3333333333333333
66 Path:/home/zhaoyang/projects/alfworld/alfworld_data/alfworld/data/json_2.1.1/train/pick_heat_then_place_in_recep-Cup-None-Cabinet-27/trial_T20190908_123907_725964/traj_data.json: UNSUCCEED, Goal condition success rate: 0.0
67 Path:/home/zhaoyang/projects/alfworld/alfworld_data/alfworld/data/json_2.1.1/train/pick_heat_then_place_in_recep-Cup-None-CounterTop-22/trial_T20190909_023638_397924/traj_data.json: UNSUCCEED, Goal condition success rate: 0.3333333333333333
68 Path:/home/zhaoyang/projects/alfworld/alfworld_data/alfworld/data/json_2.1.1/train/pick_heat_then_place_in_recep-Cup-None-Fridge-12/trial_T20190908_095945_179137/traj_data.json: UNSUCCEED, Goal condition success rate: 0.3333333333333333
69 Path:/home/zhaoyang/projects/alfworld/alfworld_data/alfworld/data/json_2.1.1/train/pick_heat_then_place_in_recep-Egg-None-CounterTop-8/trial_T20190907_065213_327676/traj_data.json: UNSUCCEED, Goal condition success rate: 0.0
70 Path:/home/zhaoyang/projects/alfworld/alfworld_data/alfworld/data/json_2.1.1/train/pick_heat_then_place_in_recep-Mug-None-CoffeeMachine-11/trial_T20190907_164431_737459/traj_data.json: UNSUCCEED, Goal condition success rate: 0.0
71 Path:/home/zhaoyang/projects/alfworld/alfworld_data/alfworld/data/json_2.1.1/train/pick_heat_then_place_in_recep-Mug-None-CoffeeMachine-12/trial_T20190907_034213_294818/traj_data.json: UNSUCCEED, Goal condition success rate: 0.3333333333333333
72 Path:/home/zhaoyang/projects/alfworld/alfworld_data/alfworld/data/json_2.1.1/train/pick_heat_then_place_in_recep-Plate-None-Fridge-7/trial_T20190909_065145_869734/traj_data.json: UNSUCCEED, Goal condition success rate: 0.0
73 Path:/home/zhaoyang/projects/alfworld/alfworld_data/alfworld/data/json_2.1.1/train/pick_heat_then_place_in_recep-Potato-None-DiningTable-16/trial_T20190908_015113_664393/traj_data.json: UNSUCCEED, Goal condition success rate: 0.3333333333333333
74 Path:/home/zhaoyang/projects/alfworld/alfworld_data/alfworld/data/json_2.1.1/train/pick_heat_then_place_in_recep-PotatoSliced-None-CounterTop-13/trial_T20190913_053237_640923/traj_data.json: UNSUCCEED, Goal condition success rate: 0.0
75 Path:/home/zhaoyang/projects/alfworld/alfworld_data/alfworld/data/json_2.1.1/train/pick_heat_then_place_in_recep-PotatoSliced-None-Fridge-4/trial_T20190907_015045_754474/traj_data.json: UNSUCCEED, Goal condition success rate: 0.0
76 Path:/home/zhaoyang/projects/alfworld/alfworld_data/alfworld/data/json_2.1.1/train/pick_heat_then_place_in_recep-PotatoSliced-None-GarbageCan-2/trial_T20190907_221141_001898/traj_data.json: UNSUCCEED, Goal condition success rate: 0.0
77 Path:/home/zhaoyang/projects/alfworld/alfworld_data/alfworld/data/json_2.1.1/train/pick_heat_then_place_in_recep-PotatoSliced-None-GarbageCan-2/trial_T20190912_215328_269599/traj_data.json: UNSUCCEED, Goal condition success rate: 0.0
78 Path:/home/zhaoyang/projects/alfworld/alfworld_data/alfworld/data/json_2.1.1/train/pick_heat_then_place_in_recep-PotatoSliced-None-SinkBasin-24/trial_T20190907_184205_807250/traj_data.json: UNSUCCEED, Goal condition success rate: 0.0
79 Path:/home/zhaoyang/projects/alfworld/alfworld_data/alfworld/data/json_2.1.1/train/pick_heat_then_place_in_recep-Tomato-None-Fridge-7/trial_T20190909_022842_145387/traj_data.json: UNSUCCEED, Goal condition success rate: 0.0
80 Path:/home/zhaoyang/projects/alfworld/alfworld_data/alfworld/data/json_2.1.1/train/pick_heat_then_place_in_recep-Tomato-None-SideTable-21/trial_T20190909_012239_336817/traj_data.json: UNSUCCEED, Goal condition success rate: 0.3333333333333333
81 Path:/home/zhaoyang/projects/alfworld/alfworld_data/alfworld/data/json_2.1.1/train/pick_heat_then_place_in_recep-TomatoSliced-None-Fridge-15/trial_T20190909_005346_415789/traj_data.json: UNSUCCEED, Goal condition success rate: 0.0
82 Path:/home/zhaoyang/projects/alfworld/alfworld_data/alfworld/data/json_2.1.1/train/pick_heat_then_place_in_recep-TomatoSliced-None-SinkBasin-3/trial_T20190906_201144_948575/traj_data.json: UNSUCCEED, Goal condition success rate: 0.0
83 Path:/home/zhaoyang/projects/alfworld/alfworld_data/alfworld/data/json_2.1.1/train/pick_heat_then_place_in_recep-TomatoSliced-None-SinkBasin-5/trial_T20190909_000505_338579/traj_data.json: UNSUCCEED, Goal condition success rate: 0.0
84 Path:/home/zhaoyang/projects/alfworld/alfworld_data/alfworld/data/json_2.1.1/train/pick_two_obj_and_place-Book-None-Bed-304/trial_T20190907_054125_590269/traj_data.json: UNSUCCEED, Goal condition success rate: 0.0
85 Path:/home/zhaoyang/projects/alfworld/alfworld_data/alfworld/data/json_2.1.1/train/pick_two_obj_and_place-Candle-None-Cabinet-402/trial_T20190909_084818_682608/traj_data.json: UNSUCCEED, Goal condition success rate: 0.0
86 Path:/home/zhaoyang/projects/alfworld/alfworld_data/alfworld/data/json_2.1.1/train/pick_two_obj_and_place-CellPhone-None-Drawer-324/trial_T20190907_212202_833108/traj_data.json: UNSUCCEED, Goal condition success rate: 0.0
87 Path:/home/zhaoyang/projects/alfworld/alfworld_data/alfworld/data/json_2.1.1/train/pick_two_obj_and_place-Cloth-None-Toilet-417/trial_T20190908_152417_880895/traj_data.json: UNSUCCEED, Goal condition success rate: 0.0
88 Path:/home/zhaoyang/projects/alfworld/alfworld_data/alfworld/data/json_2.1.1/train/pick_two_obj_and_place-CreditCard-None-ArmChair-223/trial_T20190909_110442_533707/traj_data.json: UNSUCCEED, Goal condition success rate: 0.0
89 Path:/home/zhaoyang/projects/alfworld/alfworld_data/alfworld/data/json_2.1.1/train/pick_two_obj_and_place-DishSponge-None-BathtubBasin-427/trial_T20190907_092836_748561/traj_data.json: UNSUCCEED, Goal condition success rate: 0.0
90 Path:/home/zhaoyang/projects/alfworld/alfworld_data/alfworld/data/json_2.1.1/train/pick_two_obj_and_place-DishSponge-None-Cart-401/trial_T20190909_054258_649233/traj_data.json: UNSUCCEED, Goal condition success rate: 0.0
91 Path:/home/zhaoyang/projects/alfworld/alfworld_data/alfworld/data/json_2.1.1/train/pick_two_obj_and_place-DishSponge-None-GarbageCan-421/trial_T20190907_163245_355955/traj_data.json: UNSUCCEED, Goal condition success rate: 0.0
92 Path:/home/zhaoyang/projects/alfworld/alfworld_data/alfworld/data/json_2.1.1/train/pick_two_obj_and_place-Glassbottle-None-SinkBasin-16/trial_T20190907_015658_483166/traj_data.json: UNSUCCEED, Goal condition success rate: 0.0
93 Path:/home/zhaoyang/projects/alfworld/alfworld_data/alfworld/data/json_2.1.1/train/pick_two_obj_and_place-HandTowel-None-CounterTop-418/trial_T20190909_102817_744500/traj_data.json: UNSUCCEED, Goal condition success rate: 0.0
94 Path:/home/zhaoyang/projects/alfworld/alfworld_data/alfworld/data/json_2.1.1/train/pick_two_obj_and_place-KeyChain-None-Drawer-307/trial_T20190909_035451_649886/traj_data.json: UNSUCCEED, Goal condition success rate: 0.0
95 Path:/home/zhaoyang/projects/alfworld/alfworld_data/alfworld/data/json_2.1.1/train/pick_two_obj_and_place-Newspaper-None-GarbageCan-218/trial_T20190907_225306_342000/traj_data.json: UNSUCCEED, Goal condition success rate: 0.0
96 Path:/home/zhaoyang/projects/alfworld/alfworld_data/alfworld/data/json_2.1.1/train/pick_two_obj_and_place-Newspaper-None-GarbageCan-218/trial_T20190907_225437_969645/traj_data.json: UNSUCCEED, Goal condition success rate: 0.0
97 Path:/home/zhaoyang/projects/alfworld/alfworld_data/alfworld/data/json_2.1.1/train/pick_two_obj_and_place-SoapBottle-None-Cabinet-414/trial_T20190908_044724_423724/traj_data.json: UNSUCCEED, Goal condition success rate: 0.0
98 Path:/home/zhaoyang/projects/alfworld/alfworld_data/alfworld/data/json_2.1.1/train/pick_two_obj_and_place-SoapBottle-None-GarbageCan-416/trial_T20190909_003119_083823/traj_data.json: UNSUCCEED, Goal condition success rate: 0.5
99 Path:/home/zhaoyang/projects/alfworld/alfworld_data/alfworld/data/json_2.1.1/train/pick_two_obj_and_place-Spatula-None-Drawer-16/trial_T20190906_235200_695025/traj_data.json: UNSUCCEED, Goal condition success rate: 0.0

Total number: 100
Total succeed number: 6
Total Money Cost: 74.03450999999899
