---------------------------------------------------------Scene: 98---------------------------------------------------------
--------------------------------------------------------------------------------------------------------------------------------------------------------------------
--------------------------------------------------------------------------------------------------------------------------------------------------------------------
Step:--------------------------------------------------------------------------1--------------------------------------------------------------------------
VLM Prompt:
<image>
Given images depicting complex scenes with multiple elements, your objective is to analyze scenes of the image in relation to the specified task description and choose the appropriate action from a list of available actions to accomplish the task. There are two examples.

**Example 1:**
- Available Actions:(1): go to bed 1, (2): go to dresser 1, (3): go to drawer 1
- Response:[BEGIN](2): go to dresser 1[END]
**Example 2:**
- Available Actions:(1): go to garbagecan 1, (2): take handtowel 1 from handtowelholder 1, (3): take faucet 1 from handtowelholder 1, (4): take handtowel 2 from handtowelholder 1
- Response:[BEGIN](2): take handtowel 1 from handtowelholder 1[END]

**Task Description:**
The task at hand is "find two soapbottle and put them in garbagecan". The agent must find an object of the desired type, pick it up, find the correct location to place it, put it down there, then look for another object of the desired type, pick it up, return to previous location, and put it down there with the other object.

**Available Actions:**
(1): go to countertop 1
(2): go to sinkbasin 1
(3): go to sink 1
(4): go to garbagecan 1
(5): go to drawer 1
(6): go to drawer 2
(7): go to sink 2
(8): go to sinkbasin 2
(9): go to toilet 1
(10): go to handtowelholder 1

**Determine the appropriate action:**
- Identify relevant objects in the image related to the task.
- Evaluate each action's potential to successfully complete the task.

**Response:**
- Let's tink step-by-step.
- (i): [BEGIN][Selected Action][END]

Original VLM Response:
- (i): [BEGIN](1): go to countertop 1[END]

> Action: go to countertop 1
Running time: 3.416995048522949 seconds

Step:--------------------------------------------------------------------------2--------------------------------------------------------------------------
VLM Prompt:
<image>
<image>
Given images depicting complex scenes with multiple elements, your objective is to analyze scenes of the image in relation to the specified task description and choose the appropriate action from a list of available actions to accomplish the task. There are two examples.

**Example 1:**
- Available Actions:(1): go to bed 1, (2): go to dresser 1, (3): go to drawer 1
- Response:[BEGIN](2): go to dresser 1[END]
**Example 2:**
- Available Actions:(1): go to garbagecan 1, (2): take handtowel 1 from handtowelholder 1, (3): take faucet 1 from handtowelholder 1, (4): take handtowel 2 from handtowelholder 1
- Response:[BEGIN](2): take handtowel 1 from handtowelholder 1[END]

**Task Description:**
The task at hand is "find two soapbottle and put them in garbagecan". The agent must find an object of the desired type, pick it up, find the correct location to place it, put it down there, then look for another object of the desired type, pick it up, return to previous location, and put it down there with the other object.

**Available Actions:**
(1): go to sinkbasin 1
(2): go to sink 1
(3): go to garbagecan 1
(4): go to drawer 1
(5): go to drawer 2
(6): go to sink 2
(7): go to sinkbasin 2
(8): go to toilet 1
(9): go to handtowelholder 1
(10): take faucet 1 from countertop 1
(11): take cloth 1 from countertop 1
(12): take soapbar 1 from countertop 1
(13): take soapbottle 1 from countertop 1
(14): examine countertop 1

**Determine the appropriate action:**
- Identify relevant objects in the image related to the task.
- Evaluate each action's potential to successfully complete the task.

**Response:**
- Let's tink step-by-step.
- (i): [BEGIN][Selected Action][END]

Original VLM Response:
- (i): [BEGIN](14): examine countertop 1[END]

> Action: examine countertop 1
Running time: 4.104685306549072 seconds

Step:--------------------------------------------------------------------------3--------------------------------------------------------------------------
VLM Prompt:
<image>
<image>
Given images depicting complex scenes with multiple elements, your objective is to analyze scenes of the image in relation to the specified task description and choose the appropriate action from a list of available actions to accomplish the task. There are two examples.

**Example 1:**
- Available Actions:(1): go to bed 1, (2): go to dresser 1, (3): go to drawer 1
- Response:[BEGIN](2): go to dresser 1[END]
**Example 2:**
- Available Actions:(1): go to garbagecan 1, (2): take handtowel 1 from handtowelholder 1, (3): take faucet 1 from handtowelholder 1, (4): take handtowel 2 from handtowelholder 1
- Response:[BEGIN](2): take handtowel 1 from handtowelholder 1[END]

**Task Description:**
The task at hand is "find two soapbottle and put them in garbagecan". The agent must find an object of the desired type, pick it up, find the correct location to place it, put it down there, then look for another object of the desired type, pick it up, return to previous location, and put it down there with the other object.

**Available Actions:**
(1): go to sinkbasin 1
(2): go to sink 1
(3): go to garbagecan 1
(4): go to drawer 1
(5): go to drawer 2
(6): go to sink 2
(7): go to sinkbasin 2
(8): go to toilet 1
(9): go to handtowelholder 1
(10): take faucet 1 from countertop 1
(11): take cloth 1 from countertop 1
(12): take soapbar 1 from countertop 1
(13): take soapbottle 1 from countertop 1
(14): examine countertop 1

**Determine the appropriate action:**
- Identify relevant objects in the image related to the task.
- Evaluate each action's potential to successfully complete the task.

**Response:**
- Let's tink step-by-step.
- (i): [BEGIN][Selected Action][END]

Original VLM Response:
- (i): [BEGIN](14): examine countertop 1[END]

> Action: examine countertop 1
Running time: 4.772596836090088 seconds

Step:--------------------------------------------------------------------------4--------------------------------------------------------------------------
VLM Prompt:
<image>
<image>
Given images depicting complex scenes with multiple elements, your objective is to analyze scenes of the image in relation to the specified task description and choose the appropriate action from a list of available actions to accomplish the task. There are two examples.

**Example 1:**
- Available Actions:(1): go to bed 1, (2): go to dresser 1, (3): go to drawer 1
- Response:[BEGIN](2): go to dresser 1[END]
**Example 2:**
- Available Actions:(1): go to garbagecan 1, (2): take handtowel 1 from handtowelholder 1, (3): take faucet 1 from handtowelholder 1, (4): take handtowel 2 from handtowelholder 1
- Response:[BEGIN](2): take handtowel 1 from handtowelholder 1[END]

**Task Description:**
The task at hand is "find two soapbottle and put them in garbagecan". The agent must find an object of the desired type, pick it up, find the correct location to place it, put it down there, then look for another object of the desired type, pick it up, return to previous location, and put it down there with the other object.

**Available Actions:**
(1): go to sinkbasin 1
(2): go to sink 1
(3): go to garbagecan 1
(4): go to drawer 1
(5): go to drawer 2
(6): go to sink 2
(7): go to sinkbasin 2
(8): go to toilet 1
(9): go to handtowelholder 1
(10): take faucet 1 from countertop 1
(11): take cloth 1 from countertop 1
(12): take soapbar 1 from countertop 1
(13): take soapbottle 1 from countertop 1
(14): examine countertop 1

**Determine the appropriate action:**
- Identify relevant objects in the image related to the task.
- Evaluate each action's potential to successfully complete the task.

**Response:**
- Let's tink step-by-step.
- (i): [BEGIN][Selected Action][END]

Original VLM Response:
- (i): [BEGIN](14): examine countertop 1[END]

> Action: examine countertop 1
Running time: 3.294314384460449 seconds

Step:--------------------------------------------------------------------------5--------------------------------------------------------------------------
VLM Prompt:
<image>
<image>
Given images depicting complex scenes with multiple elements, your objective is to analyze scenes of the image in relation to the specified task description and choose the appropriate action from a list of available actions to accomplish the task. There are two examples.

**Example 1:**
- Available Actions:(1): go to bed 1, (2): go to dresser 1, (3): go to drawer 1
- Response:[BEGIN](2): go to dresser 1[END]
**Example 2:**
- Available Actions:(1): go to garbagecan 1, (2): take handtowel 1 from handtowelholder 1, (3): take faucet 1 from handtowelholder 1, (4): take handtowel 2 from handtowelholder 1
- Response:[BEGIN](2): take handtowel 1 from handtowelholder 1[END]

**Task Description:**
The task at hand is "find two soapbottle and put them in garbagecan". The agent must find an object of the desired type, pick it up, find the correct location to place it, put it down there, then look for another object of the desired type, pick it up, return to previous location, and put it down there with the other object.

**Available Actions:**
(1): go to sinkbasin 1
(2): go to sink 1
(3): go to garbagecan 1
(4): go to drawer 1
(5): go to drawer 2
(6): go to sink 2
(7): go to sinkbasin 2
(8): go to toilet 1
(9): go to handtowelholder 1
(10): take faucet 1 from countertop 1
(11): take cloth 1 from countertop 1
(12): take soapbar 1 from countertop 1
(13): take soapbottle 1 from countertop 1
(14): examine countertop 1

**Determine the appropriate action:**
- Identify relevant objects in the image related to the task.
- Evaluate each action's potential to successfully complete the task.

**Response:**
- Let's tink step-by-step.
- (i): [BEGIN][Selected Action][END]

Original VLM Response:
- (i): [BEGIN](14): examine countertop 1[END]

> Action: examine countertop 1
Running time: 3.3756792545318604 seconds

Step:--------------------------------------------------------------------------6--------------------------------------------------------------------------
VLM Prompt:
<image>
<image>
Given images depicting complex scenes with multiple elements, your objective is to analyze scenes of the image in relation to the specified task description and choose the appropriate action from a list of available actions to accomplish the task. There are two examples.

**Example 1:**
- Available Actions:(1): go to bed 1, (2): go to dresser 1, (3): go to drawer 1
- Response:[BEGIN](2): go to dresser 1[END]
**Example 2:**
- Available Actions:(1): go to garbagecan 1, (2): take handtowel 1 from handtowelholder 1, (3): take faucet 1 from handtowelholder 1, (4): take handtowel 2 from handtowelholder 1
- Response:[BEGIN](2): take handtowel 1 from handtowelholder 1[END]

**Task Description:**
The task at hand is "find two soapbottle and put them in garbagecan". The agent must find an object of the desired type, pick it up, find the correct location to place it, put it down there, then look for another object of the desired type, pick it up, return to previous location, and put it down there with the other object.

**Available Actions:**
(1): go to sinkbasin 1
(2): go to sink 1
(3): go to garbagecan 1
(4): go to drawer 1
(5): go to drawer 2
(6): go to sink 2
(7): go to sinkbasin 2
(8): go to toilet 1
(9): go to handtowelholder 1
(10): take faucet 1 from countertop 1
(11): take cloth 1 from countertop 1
(12): take soapbar 1 from countertop 1
(13): take soapbottle 1 from countertop 1
(14): examine countertop 1

**Determine the appropriate action:**
- Identify relevant objects in the image related to the task.
- Evaluate each action's potential to successfully complete the task.

**Response:**
- Let's tink step-by-step.
- (i): [BEGIN][Selected Action][END]

Original VLM Response:
- (i): [BEGIN](14): examine countertop 1[END]

> Action: examine countertop 1
Running time: 3.3010787963867188 seconds

Step:--------------------------------------------------------------------------7--------------------------------------------------------------------------
VLM Prompt:
<image>
<image>
Given images depicting complex scenes with multiple elements, your objective is to analyze scenes of the image in relation to the specified task description and choose the appropriate action from a list of available actions to accomplish the task. There are two examples.

**Example 1:**
- Available Actions:(1): go to bed 1, (2): go to dresser 1, (3): go to drawer 1
- Response:[BEGIN](2): go to dresser 1[END]
**Example 2:**
- Available Actions:(1): go to garbagecan 1, (2): take handtowel 1 from handtowelholder 1, (3): take faucet 1 from handtowelholder 1, (4): take handtowel 2 from handtowelholder 1
- Response:[BEGIN](2): take handtowel 1 from handtowelholder 1[END]

**Task Description:**
The task at hand is "find two soapbottle and put them in garbagecan". The agent must find an object of the desired type, pick it up, find the correct location to place it, put it down there, then look for another object of the desired type, pick it up, return to previous location, and put it down there with the other object.

**Available Actions:**
(1): go to sinkbasin 1
(2): go to sink 1
(3): go to garbagecan 1
(4): go to drawer 1
(5): go to drawer 2
(6): go to sink 2
(7): go to sinkbasin 2
(8): go to toilet 1
(9): go to handtowelholder 1
(10): take faucet 1 from countertop 1
(11): take cloth 1 from countertop 1
(12): take soapbar 1 from countertop 1
(13): take soapbottle 1 from countertop 1
(14): examine countertop 1

**Determine the appropriate action:**
- Identify relevant objects in the image related to the task.
- Evaluate each action's potential to successfully complete the task.

**Response:**
- Let's tink step-by-step.
- (i): [BEGIN][Selected Action][END]

Original VLM Response:
- (i): [BEGIN](14): examine countertop 1[END]

> Action: examine countertop 1
Running time: 4.415699481964111 seconds

Step:--------------------------------------------------------------------------8--------------------------------------------------------------------------
VLM Prompt:
<image>
<image>
Given images depicting complex scenes with multiple elements, your objective is to analyze scenes of the image in relation to the specified task description and choose the appropriate action from a list of available actions to accomplish the task. There are two examples.

**Example 1:**
- Available Actions:(1): go to bed 1, (2): go to dresser 1, (3): go to drawer 1
- Response:[BEGIN](2): go to dresser 1[END]
**Example 2:**
- Available Actions:(1): go to garbagecan 1, (2): take handtowel 1 from handtowelholder 1, (3): take faucet 1 from handtowelholder 1, (4): take handtowel 2 from handtowelholder 1
- Response:[BEGIN](2): take handtowel 1 from handtowelholder 1[END]

**Task Description:**
The task at hand is "find two soapbottle and put them in garbagecan". The agent must find an object of the desired type, pick it up, find the correct location to place it, put it down there, then look for another object of the desired type, pick it up, return to previous location, and put it down there with the other object.

**Available Actions:**
(1): go to sinkbasin 1
(2): go to sink 1
(3): go to garbagecan 1
(4): go to drawer 1
(5): go to drawer 2
(6): go to sink 2
(7): go to sinkbasin 2
(8): go to toilet 1
(9): go to handtowelholder 1
(10): take faucet 1 from countertop 1
(11): take cloth 1 from countertop 1
(12): take soapbar 1 from countertop 1
(13): take soapbottle 1 from countertop 1
(14): examine countertop 1

**Determine the appropriate action:**
- Identify relevant objects in the image related to the task.
- Evaluate each action's potential to successfully complete the task.

**Response:**
- Let's tink step-by-step.
- (i): [BEGIN][Selected Action][END]

Original VLM Response:
- (i): [BEGIN](14): examine countertop 1[END]

> Action: examine countertop 1
Running time: 2.8225369453430176 seconds

Step:--------------------------------------------------------------------------9--------------------------------------------------------------------------
VLM Prompt:
<image>
<image>
Given images depicting complex scenes with multiple elements, your objective is to analyze scenes of the image in relation to the specified task description and choose the appropriate action from a list of available actions to accomplish the task. There are two examples.

**Example 1:**
- Available Actions:(1): go to bed 1, (2): go to dresser 1, (3): go to drawer 1
- Response:[BEGIN](2): go to dresser 1[END]
**Example 2:**
- Available Actions:(1): go to garbagecan 1, (2): take handtowel 1 from handtowelholder 1, (3): take faucet 1 from handtowelholder 1, (4): take handtowel 2 from handtowelholder 1
- Response:[BEGIN](2): take handtowel 1 from handtowelholder 1[END]

**Task Description:**
The task at hand is "find two soapbottle and put them in garbagecan". The agent must find an object of the desired type, pick it up, find the correct location to place it, put it down there, then look for another object of the desired type, pick it up, return to previous location, and put it down there with the other object.

**Available Actions:**
(1): go to sinkbasin 1
(2): go to sink 1
(3): go to garbagecan 1
(4): go to drawer 1
(5): go to drawer 2
(6): go to sink 2
(7): go to sinkbasin 2
(8): go to toilet 1
(9): go to handtowelholder 1
(10): take faucet 1 from countertop 1
(11): take cloth 1 from countertop 1
(12): take soapbar 1 from countertop 1
(13): take soapbottle 1 from countertop 1
(14): examine countertop 1

**Determine the appropriate action:**
- Identify relevant objects in the image related to the task.
- Evaluate each action's potential to successfully complete the task.

**Response:**
- Let's tink step-by-step.
- (i): [BEGIN][Selected Action][END]

Original VLM Response:
- (i): [BEGIN](13): take soapbottle 1 from countertop 1[END]

> Action: take soapbottle 1 from countertop 1
Running time: 3.4024693965911865 seconds

Step:--------------------------------------------------------------------------10--------------------------------------------------------------------------
VLM Prompt:
<image>
<image>
Given images depicting complex scenes with multiple elements, your objective is to analyze scenes of the image in relation to the specified task description and choose the appropriate action from a list of available actions to accomplish the task. There are two examples.

**Example 1:**
- Available Actions:(1): go to bed 1, (2): go to dresser 1, (3): go to drawer 1
- Response:[BEGIN](2): go to dresser 1[END]
**Example 2:**
- Available Actions:(1): go to garbagecan 1, (2): take handtowel 1 from handtowelholder 1, (3): take faucet 1 from handtowelholder 1, (4): take handtowel 2 from handtowelholder 1
- Response:[BEGIN](2): take handtowel 1 from handtowelholder 1[END]

**Task Description:**
The task at hand is "find two soapbottle and put them in garbagecan". The agent must find an object of the desired type, pick it up, find the correct location to place it, put it down there, then look for another object of the desired type, pick it up, return to previous location, and put it down there with the other object.

**Available Actions:**
(1): go to sinkbasin 1
(2): go to sink 1
(3): go to garbagecan 1
(4): go to drawer 1
(5): go to drawer 2
(6): go to sink 2
(7): go to sinkbasin 2
(8): go to toilet 1
(9): go to handtowelholder 1
(10): put soapbottle 1 in/on countertop 1
(11): examine soapbottle 1
(12): examine countertop 1

**Determine the appropriate action:**
- Identify relevant objects in the image related to the task.
- Evaluate each action's potential to successfully complete the task.

**Response:**
- Let's tink step-by-step.
- (i): [BEGIN][Selected Action][END]

Original VLM Response:
- (i): [BEGIN](3): go to garbagecan 1[END]

> Action: go to garbagecan 1
Running time: 3.502926826477051 seconds

Step:--------------------------------------------------------------------------11--------------------------------------------------------------------------
VLM Prompt:
<image>
<image>
Given images depicting complex scenes with multiple elements, your objective is to analyze scenes of the image in relation to the specified task description and choose the appropriate action from a list of available actions to accomplish the task. There are two examples.

**Example 1:**
- Available Actions:(1): go to bed 1, (2): go to dresser 1, (3): go to drawer 1
- Response:[BEGIN](2): go to dresser 1[END]
**Example 2:**
- Available Actions:(1): go to garbagecan 1, (2): take handtowel 1 from handtowelholder 1, (3): take faucet 1 from handtowelholder 1, (4): take handtowel 2 from handtowelholder 1
- Response:[BEGIN](2): take handtowel 1 from handtowelholder 1[END]

**Task Description:**
The task at hand is "find two soapbottle and put them in garbagecan". The agent must find an object of the desired type, pick it up, find the correct location to place it, put it down there, then look for another object of the desired type, pick it up, return to previous location, and put it down there with the other object.

**Available Actions:**
(1): go to countertop 1
(2): go to sinkbasin 1
(3): go to sink 1
(4): go to drawer 1
(5): go to drawer 2
(6): go to sink 2
(7): go to sinkbasin 2
(8): go to toilet 1
(9): go to handtowelholder 1
(10): put soapbottle 1 in/on garbagecan 1
(11): examine soapbottle 1
(12): examine garbagecan 1

**Determine the appropriate action:**
- Identify relevant objects in the image related to the task.
- Evaluate each action's potential to successfully complete the task.

**Response:**
- Let's tink step-by-step.
- (i): [BEGIN][Selected Action][END]

Original VLM Response:
- (i): [BEGIN](1): go to countertop 1[END]

> Action: go to countertop 1
Running time: 4.490350008010864 seconds

Step:--------------------------------------------------------------------------12--------------------------------------------------------------------------
VLM Prompt:
<image>
<image>
Given images depicting complex scenes with multiple elements, your objective is to analyze scenes of the image in relation to the specified task description and choose the appropriate action from a list of available actions to accomplish the task. There are two examples.

**Example 1:**
- Available Actions:(1): go to bed 1, (2): go to dresser 1, (3): go to drawer 1
- Response:[BEGIN](2): go to dresser 1[END]
**Example 2:**
- Available Actions:(1): go to garbagecan 1, (2): take handtowel 1 from handtowelholder 1, (3): take faucet 1 from handtowelholder 1, (4): take handtowel 2 from handtowelholder 1
- Response:[BEGIN](2): take handtowel 1 from handtowelholder 1[END]

**Task Description:**
The task at hand is "find two soapbottle and put them in garbagecan". The agent must find an object of the desired type, pick it up, find the correct location to place it, put it down there, then look for another object of the desired type, pick it up, return to previous location, and put it down there with the other object.

**Available Actions:**
(1): go to sinkbasin 1
(2): go to sink 1
(3): go to garbagecan 1
(4): go to drawer 1
(5): go to drawer 2
(6): go to sink 2
(7): go to sinkbasin 2
(8): go to toilet 1
(9): go to handtowelholder 1
(10): put soapbottle 1 in/on countertop 1
(11): examine soapbottle 1
(12): examine countertop 1

**Determine the appropriate action:**
- Identify relevant objects in the image related to the task.
- Evaluate each action's potential to successfully complete the task.

**Response:**
- Let's tink step-by-step.
- (i): [BEGIN][Selected Action][END]

Original VLM Response:
- (i): [BEGIN](3): go to garbagecan 1[END]

> Action: go to garbagecan 1
Running time: 4.8519697189331055 seconds

Step:--------------------------------------------------------------------------13--------------------------------------------------------------------------
VLM Prompt:
<image>
<image>
Given images depicting complex scenes with multiple elements, your objective is to analyze scenes of the image in relation to the specified task description and choose the appropriate action from a list of available actions to accomplish the task. There are two examples.

**Example 1:**
- Available Actions:(1): go to bed 1, (2): go to dresser 1, (3): go to drawer 1
- Response:[BEGIN](2): go to dresser 1[END]
**Example 2:**
- Available Actions:(1): go to garbagecan 1, (2): take handtowel 1 from handtowelholder 1, (3): take faucet 1 from handtowelholder 1, (4): take handtowel 2 from handtowelholder 1
- Response:[BEGIN](2): take handtowel 1 from handtowelholder 1[END]

**Task Description:**
The task at hand is "find two soapbottle and put them in garbagecan". The agent must find an object of the desired type, pick it up, find the correct location to place it, put it down there, then look for another object of the desired type, pick it up, return to previous location, and put it down there with the other object.

**Available Actions:**
(1): go to countertop 1
(2): go to sinkbasin 1
(3): go to sink 1
(4): go to drawer 1
(5): go to drawer 2
(6): go to sink 2
(7): go to sinkbasin 2
(8): go to toilet 1
(9): go to handtowelholder 1
(10): put soapbottle 1 in/on garbagecan 1
(11): examine soapbottle 1
(12): examine garbagecan 1

**Determine the appropriate action:**
- Identify relevant objects in the image related to the task.
- Evaluate each action's potential to successfully complete the task.

**Response:**
- Let's tink step-by-step.
- (i): [BEGIN][Selected Action][END]

Original VLM Response:
- (i): [BEGIN](1): go to countertop 1[END]

> Action: go to countertop 1
Running time: 3.667149305343628 seconds

Step:--------------------------------------------------------------------------14--------------------------------------------------------------------------
VLM Prompt:
<image>
<image>
Given images depicting complex scenes with multiple elements, your objective is to analyze scenes of the image in relation to the specified task description and choose the appropriate action from a list of available actions to accomplish the task. There are two examples.

**Example 1:**
- Available Actions:(1): go to bed 1, (2): go to dresser 1, (3): go to drawer 1
- Response:[BEGIN](2): go to dresser 1[END]
**Example 2:**
- Available Actions:(1): go to garbagecan 1, (2): take handtowel 1 from handtowelholder 1, (3): take faucet 1 from handtowelholder 1, (4): take handtowel 2 from handtowelholder 1
- Response:[BEGIN](2): take handtowel 1 from handtowelholder 1[END]

**Task Description:**
The task at hand is "find two soapbottle and put them in garbagecan". The agent must find an object of the desired type, pick it up, find the correct location to place it, put it down there, then look for another object of the desired type, pick it up, return to previous location, and put it down there with the other object.

**Available Actions:**
(1): go to sinkbasin 1
(2): go to sink 1
(3): go to garbagecan 1
(4): go to drawer 1
(5): go to drawer 2
(6): go to sink 2
(7): go to sinkbasin 2
(8): go to toilet 1
(9): go to handtowelholder 1
(10): put soapbottle 1 in/on countertop 1
(11): examine soapbottle 1
(12): examine countertop 1

**Determine the appropriate action:**
- Identify relevant objects in the image related to the task.
- Evaluate each action's potential to successfully complete the task.

**Response:**
- Let's tink step-by-step.
- (i): [BEGIN][Selected Action][END]

Original VLM Response:
- (i): [BEGIN](3): go to garbagecan 1[END]

> Action: go to garbagecan 1
Running time: 4.466536283493042 seconds

Step:--------------------------------------------------------------------------15--------------------------------------------------------------------------
VLM Prompt:
<image>
<image>
Given images depicting complex scenes with multiple elements, your objective is to analyze scenes of the image in relation to the specified task description and choose the appropriate action from a list of available actions to accomplish the task. There are two examples.

**Example 1:**
- Available Actions:(1): go to bed 1, (2): go to dresser 1, (3): go to drawer 1
- Response:[BEGIN](2): go to dresser 1[END]
**Example 2:**
- Available Actions:(1): go to garbagecan 1, (2): take handtowel 1 from handtowelholder 1, (3): take faucet 1 from handtowelholder 1, (4): take handtowel 2 from handtowelholder 1
- Response:[BEGIN](2): take handtowel 1 from handtowelholder 1[END]

**Task Description:**
The task at hand is "find two soapbottle and put them in garbagecan". The agent must find an object of the desired type, pick it up, find the correct location to place it, put it down there, then look for another object of the desired type, pick it up, return to previous location, and put it down there with the other object.

**Available Actions:**
(1): go to countertop 1
(2): go to sinkbasin 1
(3): go to sink 1
(4): go to drawer 1
(5): go to drawer 2
(6): go to sink 2
(7): go to sinkbasin 2
(8): go to toilet 1
(9): go to handtowelholder 1
(10): put soapbottle 1 in/on garbagecan 1
(11): examine soapbottle 1
(12): examine garbagecan 1

**Determine the appropriate action:**
- Identify relevant objects in the image related to the task.
- Evaluate each action's potential to successfully complete the task.

**Response:**
- Let's tink step-by-step.
- (i): [BEGIN][Selected Action][END]

Original VLM Response:
- (i): [BEGIN](1): go to countertop 1[END]

> Action: go to countertop 1
Running time: 3.2915232181549072 seconds

Step:--------------------------------------------------------------------------16--------------------------------------------------------------------------
VLM Prompt:
<image>
<image>
Given images depicting complex scenes with multiple elements, your objective is to analyze scenes of the image in relation to the specified task description and choose the appropriate action from a list of available actions to accomplish the task. There are two examples.

**Example 1:**
- Available Actions:(1): go to bed 1, (2): go to dresser 1, (3): go to drawer 1
- Response:[BEGIN](2): go to dresser 1[END]
**Example 2:**
- Available Actions:(1): go to garbagecan 1, (2): take handtowel 1 from handtowelholder 1, (3): take faucet 1 from handtowelholder 1, (4): take handtowel 2 from handtowelholder 1
- Response:[BEGIN](2): take handtowel 1 from handtowelholder 1[END]

**Task Description:**
The task at hand is "find two soapbottle and put them in garbagecan". The agent must find an object of the desired type, pick it up, find the correct location to place it, put it down there, then look for another object of the desired type, pick it up, return to previous location, and put it down there with the other object.

**Available Actions:**
(1): go to sinkbasin 1
(2): go to sink 1
(3): go to garbagecan 1
(4): go to drawer 1
(5): go to drawer 2
(6): go to sink 2
(7): go to sinkbasin 2
(8): go to toilet 1
(9): go to handtowelholder 1
(10): put soapbottle 1 in/on countertop 1
(11): examine soapbottle 1
(12): examine countertop 1

**Determine the appropriate action:**
- Identify relevant objects in the image related to the task.
- Evaluate each action's potential to successfully complete the task.

**Response:**
- Let's tink step-by-step.
- (i): [BEGIN][Selected Action][END]

Original VLM Response:
- (i): [BEGIN](3): go to garbagecan 1[END]

> Action: go to garbagecan 1
Running time: 3.2078325748443604 seconds

Step:--------------------------------------------------------------------------17--------------------------------------------------------------------------
VLM Prompt:
<image>
<image>
Given images depicting complex scenes with multiple elements, your objective is to analyze scenes of the image in relation to the specified task description and choose the appropriate action from a list of available actions to accomplish the task. There are two examples.

**Example 1:**
- Available Actions:(1): go to bed 1, (2): go to dresser 1, (3): go to drawer 1
- Response:[BEGIN](2): go to dresser 1[END]
**Example 2:**
- Available Actions:(1): go to garbagecan 1, (2): take handtowel 1 from handtowelholder 1, (3): take faucet 1 from handtowelholder 1, (4): take handtowel 2 from handtowelholder 1
- Response:[BEGIN](2): take handtowel 1 from handtowelholder 1[END]

**Task Description:**
The task at hand is "find two soapbottle and put them in garbagecan". The agent must find an object of the desired type, pick it up, find the correct location to place it, put it down there, then look for another object of the desired type, pick it up, return to previous location, and put it down there with the other object.

**Available Actions:**
(1): go to countertop 1
(2): go to sinkbasin 1
(3): go to sink 1
(4): go to drawer 1
(5): go to drawer 2
(6): go to sink 2
(7): go to sinkbasin 2
(8): go to toilet 1
(9): go to handtowelholder 1
(10): put soapbottle 1 in/on garbagecan 1
(11): examine soapbottle 1
(12): examine garbagecan 1

**Determine the appropriate action:**
- Identify relevant objects in the image related to the task.
- Evaluate each action's potential to successfully complete the task.

**Response:**
- Let's tink step-by-step.
- (i): [BEGIN][Selected Action][END]

Original VLM Response:
- (i): [BEGIN](1): go to countertop 1[END]

> Action: go to countertop 1
Running time: 4.197882890701294 seconds

Step:--------------------------------------------------------------------------18--------------------------------------------------------------------------
VLM Prompt:
<image>
<image>
Given images depicting complex scenes with multiple elements, your objective is to analyze scenes of the image in relation to the specified task description and choose the appropriate action from a list of available actions to accomplish the task. There are two examples.

**Example 1:**
- Available Actions:(1): go to bed 1, (2): go to dresser 1, (3): go to drawer 1
- Response:[BEGIN](2): go to dresser 1[END]
**Example 2:**
- Available Actions:(1): go to garbagecan 1, (2): take handtowel 1 from handtowelholder 1, (3): take faucet 1 from handtowelholder 1, (4): take handtowel 2 from handtowelholder 1
- Response:[BEGIN](2): take handtowel 1 from handtowelholder 1[END]

**Task Description:**
The task at hand is "find two soapbottle and put them in garbagecan". The agent must find an object of the desired type, pick it up, find the correct location to place it, put it down there, then look for another object of the desired type, pick it up, return to previous location, and put it down there with the other object.

**Available Actions:**
(1): go to sinkbasin 1
(2): go to sink 1
(3): go to garbagecan 1
(4): go to drawer 1
(5): go to drawer 2
(6): go to sink 2
(7): go to sinkbasin 2
(8): go to toilet 1
(9): go to handtowelholder 1
(10): put soapbottle 1 in/on countertop 1
(11): examine soapbottle 1
(12): examine countertop 1

**Determine the appropriate action:**
- Identify relevant objects in the image related to the task.
- Evaluate each action's potential to successfully complete the task.

**Response:**
- Let's tink step-by-step.
- (i): [BEGIN][Selected Action][END]

Original VLM Response:
- (i): [BEGIN](3): go to garbagecan 1[END]

> Action: go to garbagecan 1
Running time: 3.8247392177581787 seconds

Step:--------------------------------------------------------------------------19--------------------------------------------------------------------------
VLM Prompt:
<image>
<image>
Given images depicting complex scenes with multiple elements, your objective is to analyze scenes of the image in relation to the specified task description and choose the appropriate action from a list of available actions to accomplish the task. There are two examples.

**Example 1:**
- Available Actions:(1): go to bed 1, (2): go to dresser 1, (3): go to drawer 1
- Response:[BEGIN](2): go to dresser 1[END]
**Example 2:**
- Available Actions:(1): go to garbagecan 1, (2): take handtowel 1 from handtowelholder 1, (3): take faucet 1 from handtowelholder 1, (4): take handtowel 2 from handtowelholder 1
- Response:[BEGIN](2): take handtowel 1 from handtowelholder 1[END]

**Task Description:**
The task at hand is "find two soapbottle and put them in garbagecan". The agent must find an object of the desired type, pick it up, find the correct location to place it, put it down there, then look for another object of the desired type, pick it up, return to previous location, and put it down there with the other object.

**Available Actions:**
(1): go to countertop 1
(2): go to sinkbasin 1
(3): go to sink 1
(4): go to drawer 1
(5): go to drawer 2
(6): go to sink 2
(7): go to sinkbasin 2
(8): go to toilet 1
(9): go to handtowelholder 1
(10): put soapbottle 1 in/on garbagecan 1
(11): examine soapbottle 1
(12): examine garbagecan 1

**Determine the appropriate action:**
- Identify relevant objects in the image related to the task.
- Evaluate each action's potential to successfully complete the task.

**Response:**
- Let's tink step-by-step.
- (i): [BEGIN][Selected Action][END]

Original VLM Response:
- (i): [BEGIN](1): go to countertop 1[END]

> Action: go to countertop 1
Running time: 4.173787593841553 seconds

Step:--------------------------------------------------------------------------20--------------------------------------------------------------------------
VLM Prompt:
<image>
<image>
Given images depicting complex scenes with multiple elements, your objective is to analyze scenes of the image in relation to the specified task description and choose the appropriate action from a list of available actions to accomplish the task. There are two examples.

**Example 1:**
- Available Actions:(1): go to bed 1, (2): go to dresser 1, (3): go to drawer 1
- Response:[BEGIN](2): go to dresser 1[END]
**Example 2:**
- Available Actions:(1): go to garbagecan 1, (2): take handtowel 1 from handtowelholder 1, (3): take faucet 1 from handtowelholder 1, (4): take handtowel 2 from handtowelholder 1
- Response:[BEGIN](2): take handtowel 1 from handtowelholder 1[END]

**Task Description:**
The task at hand is "find two soapbottle and put them in garbagecan". The agent must find an object of the desired type, pick it up, find the correct location to place it, put it down there, then look for another object of the desired type, pick it up, return to previous location, and put it down there with the other object.

**Available Actions:**
(1): go to sinkbasin 1
(2): go to sink 1
(3): go to garbagecan 1
(4): go to drawer 1
(5): go to drawer 2
(6): go to sink 2
(7): go to sinkbasin 2
(8): go to toilet 1
(9): go to handtowelholder 1
(10): put soapbottle 1 in/on countertop 1
(11): examine soapbottle 1
(12): examine countertop 1

**Determine the appropriate action:**
- Identify relevant objects in the image related to the task.
- Evaluate each action's potential to successfully complete the task.

**Response:**
- Let's tink step-by-step.
- (i): [BEGIN][Selected Action][END]

Original VLM Response:
- (i): [BEGIN](3): go to garbagecan 1[END]

> Action: go to garbagecan 1
Running time: 3.4011881351470947 seconds

Step:--------------------------------------------------------------------------21--------------------------------------------------------------------------
VLM Prompt:
<image>
<image>
Given images depicting complex scenes with multiple elements, your objective is to analyze scenes of the image in relation to the specified task description and choose the appropriate action from a list of available actions to accomplish the task. There are two examples.

**Example 1:**
- Available Actions:(1): go to bed 1, (2): go to dresser 1, (3): go to drawer 1
- Response:[BEGIN](2): go to dresser 1[END]
**Example 2:**
- Available Actions:(1): go to garbagecan 1, (2): take handtowel 1 from handtowelholder 1, (3): take faucet 1 from handtowelholder 1, (4): take handtowel 2 from handtowelholder 1
- Response:[BEGIN](2): take handtowel 1 from handtowelholder 1[END]

**Task Description:**
The task at hand is "find two soapbottle and put them in garbagecan". The agent must find an object of the desired type, pick it up, find the correct location to place it, put it down there, then look for another object of the desired type, pick it up, return to previous location, and put it down there with the other object.

**Available Actions:**
(1): go to countertop 1
(2): go to sinkbasin 1
(3): go to sink 1
(4): go to drawer 1
(5): go to drawer 2
(6): go to sink 2
(7): go to sinkbasin 2
(8): go to toilet 1
(9): go to handtowelholder 1
(10): put soapbottle 1 in/on garbagecan 1
(11): examine soapbottle 1
(12): examine garbagecan 1

**Determine the appropriate action:**
- Identify relevant objects in the image related to the task.
- Evaluate each action's potential to successfully complete the task.

**Response:**
- Let's tink step-by-step.
- (i): [BEGIN][Selected Action][END]

Original VLM Response:
- (i): [BEGIN](1): go to countertop 1[END]

> Action: go to countertop 1
Running time: 3.2570509910583496 seconds

Step:--------------------------------------------------------------------------22--------------------------------------------------------------------------
VLM Prompt:
<image>
<image>
Given images depicting complex scenes with multiple elements, your objective is to analyze scenes of the image in relation to the specified task description and choose the appropriate action from a list of available actions to accomplish the task. There are two examples.

**Example 1:**
- Available Actions:(1): go to bed 1, (2): go to dresser 1, (3): go to drawer 1
- Response:[BEGIN](2): go to dresser 1[END]
**Example 2:**
- Available Actions:(1): go to garbagecan 1, (2): take handtowel 1 from handtowelholder 1, (3): take faucet 1 from handtowelholder 1, (4): take handtowel 2 from handtowelholder 1
- Response:[BEGIN](2): take handtowel 1 from handtowelholder 1[END]

**Task Description:**
The task at hand is "find two soapbottle and put them in garbagecan". The agent must find an object of the desired type, pick it up, find the correct location to place it, put it down there, then look for another object of the desired type, pick it up, return to previous location, and put it down there with the other object.

**Available Actions:**
(1): go to sinkbasin 1
(2): go to sink 1
(3): go to garbagecan 1
(4): go to drawer 1
(5): go to drawer 2
(6): go to sink 2
(7): go to sinkbasin 2
(8): go to toilet 1
(9): go to handtowelholder 1
(10): put soapbottle 1 in/on countertop 1
(11): examine soapbottle 1
(12): examine countertop 1

**Determine the appropriate action:**
- Identify relevant objects in the image related to the task.
- Evaluate each action's potential to successfully complete the task.

**Response:**
- Let's tink step-by-step.
- (i): [BEGIN][Selected Action][END]

Original VLM Response:
- (i): [BEGIN](3): go to garbagecan 1[END]

> Action: go to garbagecan 1
Running time: 4.26171088218689 seconds

Step:--------------------------------------------------------------------------23--------------------------------------------------------------------------
VLM Prompt:
<image>
<image>
Given images depicting complex scenes with multiple elements, your objective is to analyze scenes of the image in relation to the specified task description and choose the appropriate action from a list of available actions to accomplish the task. There are two examples.

**Example 1:**
- Available Actions:(1): go to bed 1, (2): go to dresser 1, (3): go to drawer 1
- Response:[BEGIN](2): go to dresser 1[END]
**Example 2:**
- Available Actions:(1): go to garbagecan 1, (2): take handtowel 1 from handtowelholder 1, (3): take faucet 1 from handtowelholder 1, (4): take handtowel 2 from handtowelholder 1
- Response:[BEGIN](2): take handtowel 1 from handtowelholder 1[END]

**Task Description:**
The task at hand is "find two soapbottle and put them in garbagecan". The agent must find an object of the desired type, pick it up, find the correct location to place it, put it down there, then look for another object of the desired type, pick it up, return to previous location, and put it down there with the other object.

**Available Actions:**
(1): go to countertop 1
(2): go to sinkbasin 1
(3): go to sink 1
(4): go to drawer 1
(5): go to drawer 2
(6): go to sink 2
(7): go to sinkbasin 2
(8): go to toilet 1
(9): go to handtowelholder 1
(10): put soapbottle 1 in/on garbagecan 1
(11): examine soapbottle 1
(12): examine garbagecan 1

**Determine the appropriate action:**
- Identify relevant objects in the image related to the task.
- Evaluate each action's potential to successfully complete the task.

**Response:**
- Let's tink step-by-step.
- (i): [BEGIN][Selected Action][END]

Original VLM Response:
- (i): [BEGIN](1): go to countertop 1[END]

> Action: go to countertop 1
Running time: 3.1065292358398438 seconds

Step:--------------------------------------------------------------------------24--------------------------------------------------------------------------
VLM Prompt:
<image>
<image>
Given images depicting complex scenes with multiple elements, your objective is to analyze scenes of the image in relation to the specified task description and choose the appropriate action from a list of available actions to accomplish the task. There are two examples.

**Example 1:**
- Available Actions:(1): go to bed 1, (2): go to dresser 1, (3): go to drawer 1
- Response:[BEGIN](2): go to dresser 1[END]
**Example 2:**
- Available Actions:(1): go to garbagecan 1, (2): take handtowel 1 from handtowelholder 1, (3): take faucet 1 from handtowelholder 1, (4): take handtowel 2 from handtowelholder 1
- Response:[BEGIN](2): take handtowel 1 from handtowelholder 1[END]

**Task Description:**
The task at hand is "find two soapbottle and put them in garbagecan". The agent must find an object of the desired type, pick it up, find the correct location to place it, put it down there, then look for another object of the desired type, pick it up, return to previous location, and put it down there with the other object.

**Available Actions:**
(1): go to sinkbasin 1
(2): go to sink 1
(3): go to garbagecan 1
(4): go to drawer 1
(5): go to drawer 2
(6): go to sink 2
(7): go to sinkbasin 2
(8): go to toilet 1
(9): go to handtowelholder 1
(10): put soapbottle 1 in/on countertop 1
(11): examine soapbottle 1
(12): examine countertop 1

**Determine the appropriate action:**
- Identify relevant objects in the image related to the task.
- Evaluate each action's potential to successfully complete the task.

**Response:**
- Let's tink step-by-step.
- (i): [BEGIN][Selected Action][END]

Original VLM Response:
- (i): [BEGIN](3): go to garbagecan 1[END]

> Action: go to garbagecan 1
Running time: 3.756075143814087 seconds

Step:--------------------------------------------------------------------------25--------------------------------------------------------------------------
VLM Prompt:
<image>
<image>
Given images depicting complex scenes with multiple elements, your objective is to analyze scenes of the image in relation to the specified task description and choose the appropriate action from a list of available actions to accomplish the task. There are two examples.

**Example 1:**
- Available Actions:(1): go to bed 1, (2): go to dresser 1, (3): go to drawer 1
- Response:[BEGIN](2): go to dresser 1[END]
**Example 2:**
- Available Actions:(1): go to garbagecan 1, (2): take handtowel 1 from handtowelholder 1, (3): take faucet 1 from handtowelholder 1, (4): take handtowel 2 from handtowelholder 1
- Response:[BEGIN](2): take handtowel 1 from handtowelholder 1[END]

**Task Description:**
The task at hand is "find two soapbottle and put them in garbagecan". The agent must find an object of the desired type, pick it up, find the correct location to place it, put it down there, then look for another object of the desired type, pick it up, return to previous location, and put it down there with the other object.

**Available Actions:**
(1): go to countertop 1
(2): go to sinkbasin 1
(3): go to sink 1
(4): go to drawer 1
(5): go to drawer 2
(6): go to sink 2
(7): go to sinkbasin 2
(8): go to toilet 1
(9): go to handtowelholder 1
(10): put soapbottle 1 in/on garbagecan 1
(11): examine soapbottle 1
(12): examine garbagecan 1

**Determine the appropriate action:**
- Identify relevant objects in the image related to the task.
- Evaluate each action's potential to successfully complete the task.

**Response:**
- Let's tink step-by-step.
- (i): [BEGIN][Selected Action][END]

Original VLM Response:
- (i): [BEGIN](11): examine soapbottle 1[END]

> Action: examine soapbottle 1
Running time: 4.554010629653931 seconds

Step:--------------------------------------------------------------------------26--------------------------------------------------------------------------
VLM Prompt:
<image>
<image>
Given images depicting complex scenes with multiple elements, your objective is to analyze scenes of the image in relation to the specified task description and choose the appropriate action from a list of available actions to accomplish the task. There are two examples.

**Example 1:**
- Available Actions:(1): go to bed 1, (2): go to dresser 1, (3): go to drawer 1
- Response:[BEGIN](2): go to dresser 1[END]
**Example 2:**
- Available Actions:(1): go to garbagecan 1, (2): take handtowel 1 from handtowelholder 1, (3): take faucet 1 from handtowelholder 1, (4): take handtowel 2 from handtowelholder 1
- Response:[BEGIN](2): take handtowel 1 from handtowelholder 1[END]

**Task Description:**
The task at hand is "find two soapbottle and put them in garbagecan". The agent must find an object of the desired type, pick it up, find the correct location to place it, put it down there, then look for another object of the desired type, pick it up, return to previous location, and put it down there with the other object.

**Available Actions:**
(1): go to countertop 1
(2): go to sinkbasin 1
(3): go to sink 1
(4): go to drawer 1
(5): go to drawer 2
(6): go to sink 2
(7): go to sinkbasin 2
(8): go to toilet 1
(9): go to handtowelholder 1
(10): put soapbottle 1 in/on garbagecan 1
(11): examine soapbottle 1
(12): examine garbagecan 1

**Determine the appropriate action:**
- Identify relevant objects in the image related to the task.
- Evaluate each action's potential to successfully complete the task.

**Response:**
- Let's tink step-by-step.
- (i): [BEGIN][Selected Action][END]

Original VLM Response:
- (i): [BEGIN](1): go to countertop 1[END]

> Action: go to countertop 1
Running time: 3.9483418464660645 seconds

Step:--------------------------------------------------------------------------27--------------------------------------------------------------------------
VLM Prompt:
<image>
<image>
Given images depicting complex scenes with multiple elements, your objective is to analyze scenes of the image in relation to the specified task description and choose the appropriate action from a list of available actions to accomplish the task. There are two examples.

**Example 1:**
- Available Actions:(1): go to bed 1, (2): go to dresser 1, (3): go to drawer 1
- Response:[BEGIN](2): go to dresser 1[END]
**Example 2:**
- Available Actions:(1): go to garbagecan 1, (2): take handtowel 1 from handtowelholder 1, (3): take faucet 1 from handtowelholder 1, (4): take handtowel 2 from handtowelholder 1
- Response:[BEGIN](2): take handtowel 1 from handtowelholder 1[END]

**Task Description:**
The task at hand is "find two soapbottle and put them in garbagecan". The agent must find an object of the desired type, pick it up, find the correct location to place it, put it down there, then look for another object of the desired type, pick it up, return to previous location, and put it down there with the other object.

**Available Actions:**
(1): go to sinkbasin 1
(2): go to sink 1
(3): go to garbagecan 1
(4): go to drawer 1
(5): go to drawer 2
(6): go to sink 2
(7): go to sinkbasin 2
(8): go to toilet 1
(9): go to handtowelholder 1
(10): put soapbottle 1 in/on countertop 1
(11): examine soapbottle 1
(12): examine countertop 1

**Determine the appropriate action:**
- Identify relevant objects in the image related to the task.
- Evaluate each action's potential to successfully complete the task.

**Response:**
- Let's tink step-by-step.
- (i): [BEGIN][Selected Action][END]

Original VLM Response:
- (i): [BEGIN](3): go to garbagecan 1[END]

> Action: go to garbagecan 1
Running time: 4.174024343490601 seconds

Step:--------------------------------------------------------------------------28--------------------------------------------------------------------------
VLM Prompt:
<image>
<image>
Given images depicting complex scenes with multiple elements, your objective is to analyze scenes of the image in relation to the specified task description and choose the appropriate action from a list of available actions to accomplish the task. There are two examples.

**Example 1:**
- Available Actions:(1): go to bed 1, (2): go to dresser 1, (3): go to drawer 1
- Response:[BEGIN](2): go to dresser 1[END]
**Example 2:**
- Available Actions:(1): go to garbagecan 1, (2): take handtowel 1 from handtowelholder 1, (3): take faucet 1 from handtowelholder 1, (4): take handtowel 2 from handtowelholder 1
- Response:[BEGIN](2): take handtowel 1 from handtowelholder 1[END]

**Task Description:**
The task at hand is "find two soapbottle and put them in garbagecan". The agent must find an object of the desired type, pick it up, find the correct location to place it, put it down there, then look for another object of the desired type, pick it up, return to previous location, and put it down there with the other object.

**Available Actions:**
(1): go to countertop 1
(2): go to sinkbasin 1
(3): go to sink 1
(4): go to drawer 1
(5): go to drawer 2
(6): go to sink 2
(7): go to sinkbasin 2
(8): go to toilet 1
(9): go to handtowelholder 1
(10): put soapbottle 1 in/on garbagecan 1
(11): examine soapbottle 1
(12): examine garbagecan 1

**Determine the appropriate action:**
- Identify relevant objects in the image related to the task.
- Evaluate each action's potential to successfully complete the task.

**Response:**
- Let's tink step-by-step.
- (i): [BEGIN][Selected Action][END]

Original VLM Response:
- (i): [BEGIN](11): examine soapbottle 1[END]

> Action: examine soapbottle 1
Running time: 4.25898814201355 seconds

Step:--------------------------------------------------------------------------29--------------------------------------------------------------------------
VLM Prompt:
<image>
<image>
Given images depicting complex scenes with multiple elements, your objective is to analyze scenes of the image in relation to the specified task description and choose the appropriate action from a list of available actions to accomplish the task. There are two examples.

**Example 1:**
- Available Actions:(1): go to bed 1, (2): go to dresser 1, (3): go to drawer 1
- Response:[BEGIN](2): go to dresser 1[END]
**Example 2:**
- Available Actions:(1): go to garbagecan 1, (2): take handtowel 1 from handtowelholder 1, (3): take faucet 1 from handtowelholder 1, (4): take handtowel 2 from handtowelholder 1
- Response:[BEGIN](2): take handtowel 1 from handtowelholder 1[END]

**Task Description:**
The task at hand is "find two soapbottle and put them in garbagecan". The agent must find an object of the desired type, pick it up, find the correct location to place it, put it down there, then look for another object of the desired type, pick it up, return to previous location, and put it down there with the other object.

**Available Actions:**
(1): go to countertop 1
(2): go to sinkbasin 1
(3): go to sink 1
(4): go to drawer 1
(5): go to drawer 2
(6): go to sink 2
(7): go to sinkbasin 2
(8): go to toilet 1
(9): go to handtowelholder 1
(10): put soapbottle 1 in/on garbagecan 1
(11): examine soapbottle 1
(12): examine garbagecan 1

**Determine the appropriate action:**
- Identify relevant objects in the image related to the task.
- Evaluate each action's potential to successfully complete the task.

**Response:**
- Let's tink step-by-step.
- (i): [BEGIN][Selected Action][END]

Original VLM Response:
- (i): [BEGIN](1): go to countertop 1[END]

> Action: go to countertop 1
Running time: 4.088886499404907 seconds

Step:--------------------------------------------------------------------------30--------------------------------------------------------------------------
VLM Prompt:
<image>
<image>
Given images depicting complex scenes with multiple elements, your objective is to analyze scenes of the image in relation to the specified task description and choose the appropriate action from a list of available actions to accomplish the task. There are two examples.

**Example 1:**
- Available Actions:(1): go to bed 1, (2): go to dresser 1, (3): go to drawer 1
- Response:[BEGIN](2): go to dresser 1[END]
**Example 2:**
- Available Actions:(1): go to garbagecan 1, (2): take handtowel 1 from handtowelholder 1, (3): take faucet 1 from handtowelholder 1, (4): take handtowel 2 from handtowelholder 1
- Response:[BEGIN](2): take handtowel 1 from handtowelholder 1[END]

**Task Description:**
The task at hand is "find two soapbottle and put them in garbagecan". The agent must find an object of the desired type, pick it up, find the correct location to place it, put it down there, then look for another object of the desired type, pick it up, return to previous location, and put it down there with the other object.

**Available Actions:**
(1): go to sinkbasin 1
(2): go to sink 1
(3): go to garbagecan 1
(4): go to drawer 1
(5): go to drawer 2
(6): go to sink 2
(7): go to sinkbasin 2
(8): go to toilet 1
(9): go to handtowelholder 1
(10): put soapbottle 1 in/on countertop 1
(11): examine soapbottle 1
(12): examine countertop 1

**Determine the appropriate action:**
- Identify relevant objects in the image related to the task.
- Evaluate each action's potential to successfully complete the task.

**Response:**
- Let's tink step-by-step.
- (i): [BEGIN][Selected Action][END]

Original VLM Response:
- (i): [BEGIN](3): go to garbagecan 1[END]

> Action: go to garbagecan 1
Running time: 4.3267881870269775 seconds

Step:--------------------------------------------------------------------------31--------------------------------------------------------------------------
VLM Prompt:
<image>
<image>
Given images depicting complex scenes with multiple elements, your objective is to analyze scenes of the image in relation to the specified task description and choose the appropriate action from a list of available actions to accomplish the task. There are two examples.

**Example 1:**
- Available Actions:(1): go to bed 1, (2): go to dresser 1, (3): go to drawer 1
- Response:[BEGIN](2): go to dresser 1[END]
**Example 2:**
- Available Actions:(1): go to garbagecan 1, (2): take handtowel 1 from handtowelholder 1, (3): take faucet 1 from handtowelholder 1, (4): take handtowel 2 from handtowelholder 1
- Response:[BEGIN](2): take handtowel 1 from handtowelholder 1[END]

**Task Description:**
The task at hand is "find two soapbottle and put them in garbagecan". The agent must find an object of the desired type, pick it up, find the correct location to place it, put it down there, then look for another object of the desired type, pick it up, return to previous location, and put it down there with the other object.

**Available Actions:**
(1): go to countertop 1
(2): go to sinkbasin 1
(3): go to sink 1
(4): go to drawer 1
(5): go to drawer 2
(6): go to sink 2
(7): go to sinkbasin 2
(8): go to toilet 1
(9): go to handtowelholder 1
(10): put soapbottle 1 in/on garbagecan 1
(11): examine soapbottle 1
(12): examine garbagecan 1

**Determine the appropriate action:**
- Identify relevant objects in the image related to the task.
- Evaluate each action's potential to successfully complete the task.

**Response:**
- Let's tink step-by-step.
- (i): [BEGIN][Selected Action][END]

Original VLM Response:
- (i): [BEGIN](1): go to countertop 1[END]

> Action: go to countertop 1
Running time: 3.117280960083008 seconds

Step:--------------------------------------------------------------------------32--------------------------------------------------------------------------
VLM Prompt:
<image>
<image>
Given images depicting complex scenes with multiple elements, your objective is to analyze scenes of the image in relation to the specified task description and choose the appropriate action from a list of available actions to accomplish the task. There are two examples.

**Example 1:**
- Available Actions:(1): go to bed 1, (2): go to dresser 1, (3): go to drawer 1
- Response:[BEGIN](2): go to dresser 1[END]
**Example 2:**
- Available Actions:(1): go to garbagecan 1, (2): take handtowel 1 from handtowelholder 1, (3): take faucet 1 from handtowelholder 1, (4): take handtowel 2 from handtowelholder 1
- Response:[BEGIN](2): take handtowel 1 from handtowelholder 1[END]

**Task Description:**
The task at hand is "find two soapbottle and put them in garbagecan". The agent must find an object of the desired type, pick it up, find the correct location to place it, put it down there, then look for another object of the desired type, pick it up, return to previous location, and put it down there with the other object.

**Available Actions:**
(1): go to sinkbasin 1
(2): go to sink 1
(3): go to garbagecan 1
(4): go to drawer 1
(5): go to drawer 2
(6): go to sink 2
(7): go to sinkbasin 2
(8): go to toilet 1
(9): go to handtowelholder 1
(10): put soapbottle 1 in/on countertop 1
(11): examine soapbottle 1
(12): examine countertop 1

**Determine the appropriate action:**
- Identify relevant objects in the image related to the task.
- Evaluate each action's potential to successfully complete the task.

**Response:**
- Let's tink step-by-step.
- (i): [BEGIN][Selected Action][END]

Original VLM Response:
(i): [BEGIN](3): go to garbagecan 1[END]

> Action: go to garbagecan 1
Running time: 3.2622745037078857 seconds

Step:--------------------------------------------------------------------------33--------------------------------------------------------------------------
VLM Prompt:
<image>
<image>
Given images depicting complex scenes with multiple elements, your objective is to analyze scenes of the image in relation to the specified task description and choose the appropriate action from a list of available actions to accomplish the task. There are two examples.

**Example 1:**
- Available Actions:(1): go to bed 1, (2): go to dresser 1, (3): go to drawer 1
- Response:[BEGIN](2): go to dresser 1[END]
**Example 2:**
- Available Actions:(1): go to garbagecan 1, (2): take handtowel 1 from handtowelholder 1, (3): take faucet 1 from handtowelholder 1, (4): take handtowel 2 from handtowelholder 1
- Response:[BEGIN](2): take handtowel 1 from handtowelholder 1[END]

**Task Description:**
The task at hand is "find two soapbottle and put them in garbagecan". The agent must find an object of the desired type, pick it up, find the correct location to place it, put it down there, then look for another object of the desired type, pick it up, return to previous location, and put it down there with the other object.

**Available Actions:**
(1): go to countertop 1
(2): go to sinkbasin 1
(3): go to sink 1
(4): go to drawer 1
(5): go to drawer 2
(6): go to sink 2
(7): go to sinkbasin 2
(8): go to toilet 1
(9): go to handtowelholder 1
(10): put soapbottle 1 in/on garbagecan 1
(11): examine soapbottle 1
(12): examine garbagecan 1

**Determine the appropriate action:**
- Identify relevant objects in the image related to the task.
- Evaluate each action's potential to successfully complete the task.

**Response:**
- Let's tink step-by-step.
- (i): [BEGIN][Selected Action][END]

Original VLM Response:
- (i): [BEGIN](1): go to countertop 1[END]

> Action: go to countertop 1
Running time: 2.918900966644287 seconds

Step:--------------------------------------------------------------------------34--------------------------------------------------------------------------
VLM Prompt:
<image>
<image>
Given images depicting complex scenes with multiple elements, your objective is to analyze scenes of the image in relation to the specified task description and choose the appropriate action from a list of available actions to accomplish the task. There are two examples.

**Example 1:**
- Available Actions:(1): go to bed 1, (2): go to dresser 1, (3): go to drawer 1
- Response:[BEGIN](2): go to dresser 1[END]
**Example 2:**
- Available Actions:(1): go to garbagecan 1, (2): take handtowel 1 from handtowelholder 1, (3): take faucet 1 from handtowelholder 1, (4): take handtowel 2 from handtowelholder 1
- Response:[BEGIN](2): take handtowel 1 from handtowelholder 1[END]

**Task Description:**
The task at hand is "find two soapbottle and put them in garbagecan". The agent must find an object of the desired type, pick it up, find the correct location to place it, put it down there, then look for another object of the desired type, pick it up, return to previous location, and put it down there with the other object.

**Available Actions:**
(1): go to sinkbasin 1
(2): go to sink 1
(3): go to garbagecan 1
(4): go to drawer 1
(5): go to drawer 2
(6): go to sink 2
(7): go to sinkbasin 2
(8): go to toilet 1
(9): go to handtowelholder 1
(10): put soapbottle 1 in/on countertop 1
(11): examine soapbottle 1
(12): examine countertop 1

**Determine the appropriate action:**
- Identify relevant objects in the image related to the task.
- Evaluate each action's potential to successfully complete the task.

**Response:**
- Let's tink step-by-step.
- (i): [BEGIN][Selected Action][END]

Original VLM Response:
- (i): [BEGIN](3): go to garbagecan 1[END]

> Action: go to garbagecan 1
Running time: 3.9367949962615967 seconds

Step:--------------------------------------------------------------------------35--------------------------------------------------------------------------
VLM Prompt:
<image>
<image>
Given images depicting complex scenes with multiple elements, your objective is to analyze scenes of the image in relation to the specified task description and choose the appropriate action from a list of available actions to accomplish the task. There are two examples.

**Example 1:**
- Available Actions:(1): go to bed 1, (2): go to dresser 1, (3): go to drawer 1
- Response:[BEGIN](2): go to dresser 1[END]
**Example 2:**
- Available Actions:(1): go to garbagecan 1, (2): take handtowel 1 from handtowelholder 1, (3): take faucet 1 from handtowelholder 1, (4): take handtowel 2 from handtowelholder 1
- Response:[BEGIN](2): take handtowel 1 from handtowelholder 1[END]

**Task Description:**
The task at hand is "find two soapbottle and put them in garbagecan". The agent must find an object of the desired type, pick it up, find the correct location to place it, put it down there, then look for another object of the desired type, pick it up, return to previous location, and put it down there with the other object.

**Available Actions:**
(1): go to countertop 1
(2): go to sinkbasin 1
(3): go to sink 1
(4): go to drawer 1
(5): go to drawer 2
(6): go to sink 2
(7): go to sinkbasin 2
(8): go to toilet 1
(9): go to handtowelholder 1
(10): put soapbottle 1 in/on garbagecan 1
(11): examine soapbottle 1
(12): examine garbagecan 1

**Determine the appropriate action:**
- Identify relevant objects in the image related to the task.
- Evaluate each action's potential to successfully complete the task.

**Response:**
- Let's tink step-by-step.
- (i): [BEGIN][Selected Action][END]

Original VLM Response:
- (i): [BEGIN](1): go to countertop 1[END]

> Action: go to countertop 1
Running time: 3.7622504234313965 seconds

Step:--------------------------------------------------------------------------36--------------------------------------------------------------------------
VLM Prompt:
<image>
<image>
Given images depicting complex scenes with multiple elements, your objective is to analyze scenes of the image in relation to the specified task description and choose the appropriate action from a list of available actions to accomplish the task. There are two examples.

**Example 1:**
- Available Actions:(1): go to bed 1, (2): go to dresser 1, (3): go to drawer 1
- Response:[BEGIN](2): go to dresser 1[END]
**Example 2:**
- Available Actions:(1): go to garbagecan 1, (2): take handtowel 1 from handtowelholder 1, (3): take faucet 1 from handtowelholder 1, (4): take handtowel 2 from handtowelholder 1
- Response:[BEGIN](2): take handtowel 1 from handtowelholder 1[END]

**Task Description:**
The task at hand is "find two soapbottle and put them in garbagecan". The agent must find an object of the desired type, pick it up, find the correct location to place it, put it down there, then look for another object of the desired type, pick it up, return to previous location, and put it down there with the other object.

**Available Actions:**
(1): go to sinkbasin 1
(2): go to sink 1
(3): go to garbagecan 1
(4): go to drawer 1
(5): go to drawer 2
(6): go to sink 2
(7): go to sinkbasin 2
(8): go to toilet 1
(9): go to handtowelholder 1
(10): put soapbottle 1 in/on countertop 1
(11): examine soapbottle 1
(12): examine countertop 1

**Determine the appropriate action:**
- Identify relevant objects in the image related to the task.
- Evaluate each action's potential to successfully complete the task.

**Response:**
- Let's tink step-by-step.
- (i): [BEGIN][Selected Action][END]

Original VLM Response:
- (i): [BEGIN](3): go to garbagecan 1[END]

> Action: go to garbagecan 1
Running time: 4.219740867614746 seconds

Step:--------------------------------------------------------------------------37--------------------------------------------------------------------------
VLM Prompt:
<image>
<image>
Given images depicting complex scenes with multiple elements, your objective is to analyze scenes of the image in relation to the specified task description and choose the appropriate action from a list of available actions to accomplish the task. There are two examples.

**Example 1:**
- Available Actions:(1): go to bed 1, (2): go to dresser 1, (3): go to drawer 1
- Response:[BEGIN](2): go to dresser 1[END]
**Example 2:**
- Available Actions:(1): go to garbagecan 1, (2): take handtowel 1 from handtowelholder 1, (3): take faucet 1 from handtowelholder 1, (4): take handtowel 2 from handtowelholder 1
- Response:[BEGIN](2): take handtowel 1 from handtowelholder 1[END]

**Task Description:**
The task at hand is "find two soapbottle and put them in garbagecan". The agent must find an object of the desired type, pick it up, find the correct location to place it, put it down there, then look for another object of the desired type, pick it up, return to previous location, and put it down there with the other object.

**Available Actions:**
(1): go to countertop 1
(2): go to sinkbasin 1
(3): go to sink 1
(4): go to drawer 1
(5): go to drawer 2
(6): go to sink 2
(7): go to sinkbasin 2
(8): go to toilet 1
(9): go to handtowelholder 1
(10): put soapbottle 1 in/on garbagecan 1
(11): examine soapbottle 1
(12): examine garbagecan 1

**Determine the appropriate action:**
- Identify relevant objects in the image related to the task.
- Evaluate each action's potential to successfully complete the task.

**Response:**
- Let's tink step-by-step.
- (i): [BEGIN][Selected Action][END]

Original VLM Response:
(i): [BEGIN](10): put soapbottle 1 in/on garbagecan 1[END]

> Action: put soapbottle 1 in/on garbagecan 1
Running time: 3.4280359745025635 seconds

Step:--------------------------------------------------------------------------38--------------------------------------------------------------------------
VLM Prompt:
<image>
<image>
Given images depicting complex scenes with multiple elements, your objective is to analyze scenes of the image in relation to the specified task description and choose the appropriate action from a list of available actions to accomplish the task. There are two examples.

**Example 1:**
- Available Actions:(1): go to bed 1, (2): go to dresser 1, (3): go to drawer 1
- Response:[BEGIN](2): go to dresser 1[END]
**Example 2:**
- Available Actions:(1): go to garbagecan 1, (2): take handtowel 1 from handtowelholder 1, (3): take faucet 1 from handtowelholder 1, (4): take handtowel 2 from handtowelholder 1
- Response:[BEGIN](2): take handtowel 1 from handtowelholder 1[END]

**Task Description:**
The task at hand is "find two soapbottle and put them in garbagecan". The agent must find an object of the desired type, pick it up, find the correct location to place it, put it down there, then look for another object of the desired type, pick it up, return to previous location, and put it down there with the other object.

**Available Actions:**
(1): go to countertop 1
(2): go to sinkbasin 1
(3): go to sink 1
(4): go to drawer 1
(5): go to drawer 2
(6): go to sink 2
(7): go to sinkbasin 2
(8): go to toilet 1
(9): go to handtowelholder 1
(10): take handtowel 1 from garbagecan 1
(11): take soapbottle 2 from garbagecan 1
(12): take toiletpaper 1 from garbagecan 1
(13): take cloth 1 from garbagecan 1
(14): take scrubbrush 1 from garbagecan 1
(15): take plunger 1 from garbagecan 1
(16): examine garbagecan 1

**Determine the appropriate action:**
- Identify relevant objects in the image related to the task.
- Evaluate each action's potential to successfully complete the task.

**Response:**
- Let's tink step-by-step.
- (i): [BEGIN][Selected Action][END]

Original VLM Response:
- (i): [BEGIN](1): go to countertop 1[END]

> Action: go to countertop 1
Running time: 3.3355841636657715 seconds

Step:--------------------------------------------------------------------------39--------------------------------------------------------------------------
VLM Prompt:
<image>
<image>
Given images depicting complex scenes with multiple elements, your objective is to analyze scenes of the image in relation to the specified task description and choose the appropriate action from a list of available actions to accomplish the task. There are two examples.

**Example 1:**
- Available Actions:(1): go to bed 1, (2): go to dresser 1, (3): go to drawer 1
- Response:[BEGIN](2): go to dresser 1[END]
**Example 2:**
- Available Actions:(1): go to garbagecan 1, (2): take handtowel 1 from handtowelholder 1, (3): take faucet 1 from handtowelholder 1, (4): take handtowel 2 from handtowelholder 1
- Response:[BEGIN](2): take handtowel 1 from handtowelholder 1[END]

**Task Description:**
The task at hand is "find two soapbottle and put them in garbagecan". The agent must find an object of the desired type, pick it up, find the correct location to place it, put it down there, then look for another object of the desired type, pick it up, return to previous location, and put it down there with the other object.

**Available Actions:**
(1): go to sinkbasin 1
(2): go to sink 1
(3): go to garbagecan 1
(4): go to drawer 1
(5): go to drawer 2
(6): go to sink 2
(7): go to sinkbasin 2
(8): go to toilet 1
(9): go to handtowelholder 1
(10): take faucet 1 from countertop 1
(11): take cloth 1 from countertop 1
(12): take soapbar 1 from countertop 1
(13): examine countertop 1

**Determine the appropriate action:**
- Identify relevant objects in the image related to the task.
- Evaluate each action's potential to successfully complete the task.

**Response:**
- Let's tink step-by-step.
- (i): [BEGIN][Selected Action][END]

Original VLM Response:
- (i): [BEGIN](3): go to garbagecan 1[END]

> Action: go to garbagecan 1
Running time: 4.467634677886963 seconds

Step:--------------------------------------------------------------------------40--------------------------------------------------------------------------
VLM Prompt:
<image>
<image>
Given images depicting complex scenes with multiple elements, your objective is to analyze scenes of the image in relation to the specified task description and choose the appropriate action from a list of available actions to accomplish the task. There are two examples.

**Example 1:**
- Available Actions:(1): go to bed 1, (2): go to dresser 1, (3): go to drawer 1
- Response:[BEGIN](2): go to dresser 1[END]
**Example 2:**
- Available Actions:(1): go to garbagecan 1, (2): take handtowel 1 from handtowelholder 1, (3): take faucet 1 from handtowelholder 1, (4): take handtowel 2 from handtowelholder 1
- Response:[BEGIN](2): take handtowel 1 from handtowelholder 1[END]

**Task Description:**
The task at hand is "find two soapbottle and put them in garbagecan". The agent must find an object of the desired type, pick it up, find the correct location to place it, put it down there, then look for another object of the desired type, pick it up, return to previous location, and put it down there with the other object.

**Available Actions:**
(1): go to countertop 1
(2): go to sinkbasin 1
(3): go to sink 1
(4): go to drawer 1
(5): go to drawer 2
(6): go to sink 2
(7): go to sinkbasin 2
(8): go to toilet 1
(9): go to handtowelholder 1
(10): take handtowel 1 from garbagecan 1
(11): take soapbottle 2 from garbagecan 1
(12): take toiletpaper 1 from garbagecan 1
(13): take cloth 1 from garbagecan 1
(14): take soapbottle 1 from garbagecan 1
(15): take scrubbrush 1 from garbagecan 1
(16): take plunger 1 from garbagecan 1
(17): examine garbagecan 1

**Determine the appropriate action:**
- Identify relevant objects in the image related to the task.
- Evaluate each action's potential to successfully complete the task.

**Response:**
- Let's tink step-by-step.
- (i): [BEGIN][Selected Action][END]

Original VLM Response:
- (i): [BEGIN](14): take soapbottle 1 from garbagecan 1[END]
- (ii): [BEGIN](1): go to countertop 1[END]
- (iii): [BEGIN](11): take soapbottle 2 from garbagecan 1[END]
- (iv): [BEGIN](1): go to countertop 1[END]

> Action: take soapbottle 1 from garbagecan 1
Running time: 5.4653849601745605 seconds

Step:--------------------------------------------------------------------------41--------------------------------------------------------------------------
VLM Prompt:
<image>
<image>
Given images depicting complex scenes with multiple elements, your objective is to analyze scenes of the image in relation to the specified task description and choose the appropriate action from a list of available actions to accomplish the task. There are two examples.

**Example 1:**
- Available Actions:(1): go to bed 1, (2): go to dresser 1, (3): go to drawer 1
- Response:[BEGIN](2): go to dresser 1[END]
**Example 2:**
- Available Actions:(1): go to garbagecan 1, (2): take handtowel 1 from handtowelholder 1, (3): take faucet 1 from handtowelholder 1, (4): take handtowel 2 from handtowelholder 1
- Response:[BEGIN](2): take handtowel 1 from handtowelholder 1[END]

**Task Description:**
The task at hand is "find two soapbottle and put them in garbagecan". The agent must find an object of the desired type, pick it up, find the correct location to place it, put it down there, then look for another object of the desired type, pick it up, return to previous location, and put it down there with the other object.

**Available Actions:**
(1): go to countertop 1
(2): go to sinkbasin 1
(3): go to sink 1
(4): go to drawer 1
(5): go to drawer 2
(6): go to sink 2
(7): go to sinkbasin 2
(8): go to toilet 1
(9): go to handtowelholder 1
(10): put soapbottle 1 in/on garbagecan 1
(11): examine soapbottle 1
(12): examine garbagecan 1

**Determine the appropriate action:**
- Identify relevant objects in the image related to the task.
- Evaluate each action's potential to successfully complete the task.

**Response:**
- Let's tink step-by-step.
- (i): [BEGIN][Selected Action][END]

Original VLM Response:
(i): [BEGIN](1): go to countertop 1[END]

> Action: go to countertop 1
Running time: 4.336810827255249 seconds

Step:--------------------------------------------------------------------------42--------------------------------------------------------------------------
VLM Prompt:
<image>
<image>
Given images depicting complex scenes with multiple elements, your objective is to analyze scenes of the image in relation to the specified task description and choose the appropriate action from a list of available actions to accomplish the task. There are two examples.

**Example 1:**
- Available Actions:(1): go to bed 1, (2): go to dresser 1, (3): go to drawer 1
- Response:[BEGIN](2): go to dresser 1[END]
**Example 2:**
- Available Actions:(1): go to garbagecan 1, (2): take handtowel 1 from handtowelholder 1, (3): take faucet 1 from handtowelholder 1, (4): take handtowel 2 from handtowelholder 1
- Response:[BEGIN](2): take handtowel 1 from handtowelholder 1[END]

**Task Description:**
The task at hand is "find two soapbottle and put them in garbagecan". The agent must find an object of the desired type, pick it up, find the correct location to place it, put it down there, then look for another object of the desired type, pick it up, return to previous location, and put it down there with the other object.

**Available Actions:**
(1): go to sinkbasin 1
(2): go to sink 1
(3): go to garbagecan 1
(4): go to drawer 1
(5): go to drawer 2
(6): go to sink 2
(7): go to sinkbasin 2
(8): go to toilet 1
(9): go to handtowelholder 1
(10): put soapbottle 1 in/on countertop 1
(11): examine soapbottle 1
(12): examine countertop 1

**Determine the appropriate action:**
- Identify relevant objects in the image related to the task.
- Evaluate each action's potential to successfully complete the task.

**Response:**
- Let's tink step-by-step.
- (i): [BEGIN][Selected Action][END]

Original VLM Response:
- (i): [BEGIN](3): go to garbagecan 1[END]

> Action: go to garbagecan 1
Running time: 3.428338050842285 seconds

Step:--------------------------------------------------------------------------43--------------------------------------------------------------------------
VLM Prompt:
<image>
<image>
Given images depicting complex scenes with multiple elements, your objective is to analyze scenes of the image in relation to the specified task description and choose the appropriate action from a list of available actions to accomplish the task. There are two examples.

**Example 1:**
- Available Actions:(1): go to bed 1, (2): go to dresser 1, (3): go to drawer 1
- Response:[BEGIN](2): go to dresser 1[END]
**Example 2:**
- Available Actions:(1): go to garbagecan 1, (2): take handtowel 1 from handtowelholder 1, (3): take faucet 1 from handtowelholder 1, (4): take handtowel 2 from handtowelholder 1
- Response:[BEGIN](2): take handtowel 1 from handtowelholder 1[END]

**Task Description:**
The task at hand is "find two soapbottle and put them in garbagecan". The agent must find an object of the desired type, pick it up, find the correct location to place it, put it down there, then look for another object of the desired type, pick it up, return to previous location, and put it down there with the other object.

**Available Actions:**
(1): go to countertop 1
(2): go to sinkbasin 1
(3): go to sink 1
(4): go to drawer 1
(5): go to drawer 2
(6): go to sink 2
(7): go to sinkbasin 2
(8): go to toilet 1
(9): go to handtowelholder 1
(10): put soapbottle 1 in/on garbagecan 1
(11): examine soapbottle 1
(12): examine garbagecan 1

**Determine the appropriate action:**
- Identify relevant objects in the image related to the task.
- Evaluate each action's potential to successfully complete the task.

**Response:**
- Let's tink step-by-step.
- (i): [BEGIN][Selected Action][END]

Original VLM Response:
- (i): [BEGIN](1): go to countertop 1[END]

> Action: go to countertop 1
Running time: 3.1938424110412598 seconds

Step:--------------------------------------------------------------------------44--------------------------------------------------------------------------
VLM Prompt:
<image>
<image>
Given images depicting complex scenes with multiple elements, your objective is to analyze scenes of the image in relation to the specified task description and choose the appropriate action from a list of available actions to accomplish the task. There are two examples.

**Example 1:**
- Available Actions:(1): go to bed 1, (2): go to dresser 1, (3): go to drawer 1
- Response:[BEGIN](2): go to dresser 1[END]
**Example 2:**
- Available Actions:(1): go to garbagecan 1, (2): take handtowel 1 from handtowelholder 1, (3): take faucet 1 from handtowelholder 1, (4): take handtowel 2 from handtowelholder 1
- Response:[BEGIN](2): take handtowel 1 from handtowelholder 1[END]

**Task Description:**
The task at hand is "find two soapbottle and put them in garbagecan". The agent must find an object of the desired type, pick it up, find the correct location to place it, put it down there, then look for another object of the desired type, pick it up, return to previous location, and put it down there with the other object.

**Available Actions:**
(1): go to sinkbasin 1
(2): go to sink 1
(3): go to garbagecan 1
(4): go to drawer 1
(5): go to drawer 2
(6): go to sink 2
(7): go to sinkbasin 2
(8): go to toilet 1
(9): go to handtowelholder 1
(10): put soapbottle 1 in/on countertop 1
(11): examine soapbottle 1
(12): examine countertop 1

**Determine the appropriate action:**
- Identify relevant objects in the image related to the task.
- Evaluate each action's potential to successfully complete the task.

**Response:**
- Let's tink step-by-step.
- (i): [BEGIN][Selected Action][END]

Original VLM Response:
- (i): [BEGIN](3): go to garbagecan 1[END]

> Action: go to garbagecan 1
Running time: 3.306086778640747 seconds

Step:--------------------------------------------------------------------------45--------------------------------------------------------------------------
VLM Prompt:
<image>
<image>
Given images depicting complex scenes with multiple elements, your objective is to analyze scenes of the image in relation to the specified task description and choose the appropriate action from a list of available actions to accomplish the task. There are two examples.

**Example 1:**
- Available Actions:(1): go to bed 1, (2): go to dresser 1, (3): go to drawer 1
- Response:[BEGIN](2): go to dresser 1[END]
**Example 2:**
- Available Actions:(1): go to garbagecan 1, (2): take handtowel 1 from handtowelholder 1, (3): take faucet 1 from handtowelholder 1, (4): take handtowel 2 from handtowelholder 1
- Response:[BEGIN](2): take handtowel 1 from handtowelholder 1[END]

**Task Description:**
The task at hand is "find two soapbottle and put them in garbagecan". The agent must find an object of the desired type, pick it up, find the correct location to place it, put it down there, then look for another object of the desired type, pick it up, return to previous location, and put it down there with the other object.

**Available Actions:**
(1): go to countertop 1
(2): go to sinkbasin 1
(3): go to sink 1
(4): go to drawer 1
(5): go to drawer 2
(6): go to sink 2
(7): go to sinkbasin 2
(8): go to toilet 1
(9): go to handtowelholder 1
(10): put soapbottle 1 in/on garbagecan 1
(11): examine soapbottle 1
(12): examine garbagecan 1

**Determine the appropriate action:**
- Identify relevant objects in the image related to the task.
- Evaluate each action's potential to successfully complete the task.

**Response:**
- Let's tink step-by-step.
- (i): [BEGIN][Selected Action][END]

Original VLM Response:
- (i): [BEGIN](1): go to countertop 1[END]

> Action: go to countertop 1
Running time: 4.39394211769104 seconds

Step:--------------------------------------------------------------------------46--------------------------------------------------------------------------
VLM Prompt:
<image>
<image>
Given images depicting complex scenes with multiple elements, your objective is to analyze scenes of the image in relation to the specified task description and choose the appropriate action from a list of available actions to accomplish the task. There are two examples.

**Example 1:**
- Available Actions:(1): go to bed 1, (2): go to dresser 1, (3): go to drawer 1
- Response:[BEGIN](2): go to dresser 1[END]
**Example 2:**
- Available Actions:(1): go to garbagecan 1, (2): take handtowel 1 from handtowelholder 1, (3): take faucet 1 from handtowelholder 1, (4): take handtowel 2 from handtowelholder 1
- Response:[BEGIN](2): take handtowel 1 from handtowelholder 1[END]

**Task Description:**
The task at hand is "find two soapbottle and put them in garbagecan". The agent must find an object of the desired type, pick it up, find the correct location to place it, put it down there, then look for another object of the desired type, pick it up, return to previous location, and put it down there with the other object.

**Available Actions:**
(1): go to sinkbasin 1
(2): go to sink 1
(3): go to garbagecan 1
(4): go to drawer 1
(5): go to drawer 2
(6): go to sink 2
(7): go to sinkbasin 2
(8): go to toilet 1
(9): go to handtowelholder 1
(10): put soapbottle 1 in/on countertop 1
(11): examine soapbottle 1
(12): examine countertop 1

**Determine the appropriate action:**
- Identify relevant objects in the image related to the task.
- Evaluate each action's potential to successfully complete the task.

**Response:**
- Let's tink step-by-step.
- (i): [BEGIN][Selected Action][END]

Original VLM Response:
- (i): [BEGIN](3): go to garbagecan 1[END]

> Action: go to garbagecan 1
Running time: 4.211674451828003 seconds

Step:--------------------------------------------------------------------------47--------------------------------------------------------------------------
VLM Prompt:
<image>
<image>
Given images depicting complex scenes with multiple elements, your objective is to analyze scenes of the image in relation to the specified task description and choose the appropriate action from a list of available actions to accomplish the task. There are two examples.

**Example 1:**
- Available Actions:(1): go to bed 1, (2): go to dresser 1, (3): go to drawer 1
- Response:[BEGIN](2): go to dresser 1[END]
**Example 2:**
- Available Actions:(1): go to garbagecan 1, (2): take handtowel 1 from handtowelholder 1, (3): take faucet 1 from handtowelholder 1, (4): take handtowel 2 from handtowelholder 1
- Response:[BEGIN](2): take handtowel 1 from handtowelholder 1[END]

**Task Description:**
The task at hand is "find two soapbottle and put them in garbagecan". The agent must find an object of the desired type, pick it up, find the correct location to place it, put it down there, then look for another object of the desired type, pick it up, return to previous location, and put it down there with the other object.

**Available Actions:**
(1): go to countertop 1
(2): go to sinkbasin 1
(3): go to sink 1
(4): go to drawer 1
(5): go to drawer 2
(6): go to sink 2
(7): go to sinkbasin 2
(8): go to toilet 1
(9): go to handtowelholder 1
(10): put soapbottle 1 in/on garbagecan 1
(11): examine soapbottle 1
(12): examine garbagecan 1

**Determine the appropriate action:**
- Identify relevant objects in the image related to the task.
- Evaluate each action's potential to successfully complete the task.

**Response:**
- Let's tink step-by-step.
- (i): [BEGIN][Selected Action][END]

Original VLM Response:
- (i): [BEGIN](1): go to countertop 1[END]

> Action: go to countertop 1
Running time: 3.7209484577178955 seconds

Step:--------------------------------------------------------------------------48--------------------------------------------------------------------------
VLM Prompt:
<image>
<image>
Given images depicting complex scenes with multiple elements, your objective is to analyze scenes of the image in relation to the specified task description and choose the appropriate action from a list of available actions to accomplish the task. There are two examples.

**Example 1:**
- Available Actions:(1): go to bed 1, (2): go to dresser 1, (3): go to drawer 1
- Response:[BEGIN](2): go to dresser 1[END]
**Example 2:**
- Available Actions:(1): go to garbagecan 1, (2): take handtowel 1 from handtowelholder 1, (3): take faucet 1 from handtowelholder 1, (4): take handtowel 2 from handtowelholder 1
- Response:[BEGIN](2): take handtowel 1 from handtowelholder 1[END]

**Task Description:**
The task at hand is "find two soapbottle and put them in garbagecan". The agent must find an object of the desired type, pick it up, find the correct location to place it, put it down there, then look for another object of the desired type, pick it up, return to previous location, and put it down there with the other object.

**Available Actions:**
(1): go to sinkbasin 1
(2): go to sink 1
(3): go to garbagecan 1
(4): go to drawer 1
(5): go to drawer 2
(6): go to sink 2
(7): go to sinkbasin 2
(8): go to toilet 1
(9): go to handtowelholder 1
(10): put soapbottle 1 in/on countertop 1
(11): examine soapbottle 1
(12): examine countertop 1

**Determine the appropriate action:**
- Identify relevant objects in the image related to the task.
- Evaluate each action's potential to successfully complete the task.

**Response:**
- Let's tink step-by-step.
- (i): [BEGIN][Selected Action][END]

Original VLM Response:
- (i): [BEGIN](3): go to garbagecan 1[END]

> Action: go to garbagecan 1
Running time: 3.305360794067383 seconds

Step:--------------------------------------------------------------------------49--------------------------------------------------------------------------
VLM Prompt:
<image>
<image>
Given images depicting complex scenes with multiple elements, your objective is to analyze scenes of the image in relation to the specified task description and choose the appropriate action from a list of available actions to accomplish the task. There are two examples.

**Example 1:**
- Available Actions:(1): go to bed 1, (2): go to dresser 1, (3): go to drawer 1
- Response:[BEGIN](2): go to dresser 1[END]
**Example 2:**
- Available Actions:(1): go to garbagecan 1, (2): take handtowel 1 from handtowelholder 1, (3): take faucet 1 from handtowelholder 1, (4): take handtowel 2 from handtowelholder 1
- Response:[BEGIN](2): take handtowel 1 from handtowelholder 1[END]

**Task Description:**
The task at hand is "find two soapbottle and put them in garbagecan". The agent must find an object of the desired type, pick it up, find the correct location to place it, put it down there, then look for another object of the desired type, pick it up, return to previous location, and put it down there with the other object.

**Available Actions:**
(1): go to countertop 1
(2): go to sinkbasin 1
(3): go to sink 1
(4): go to drawer 1
(5): go to drawer 2
(6): go to sink 2
(7): go to sinkbasin 2
(8): go to toilet 1
(9): go to handtowelholder 1
(10): put soapbottle 1 in/on garbagecan 1
(11): examine soapbottle 1
(12): examine garbagecan 1

**Determine the appropriate action:**
- Identify relevant objects in the image related to the task.
- Evaluate each action's potential to successfully complete the task.

**Response:**
- Let's tink step-by-step.
- (i): [BEGIN][Selected Action][END]

Original VLM Response:
- (i): [BEGIN](1): go to countertop 1[END]

> Action: go to countertop 1
Running time: 4.305480718612671 seconds

Step:--------------------------------------------------------------------------50--------------------------------------------------------------------------
VLM Prompt:
<image>
<image>
Given images depicting complex scenes with multiple elements, your objective is to analyze scenes of the image in relation to the specified task description and choose the appropriate action from a list of available actions to accomplish the task. There are two examples.

**Example 1:**
- Available Actions:(1): go to bed 1, (2): go to dresser 1, (3): go to drawer 1
- Response:[BEGIN](2): go to dresser 1[END]
**Example 2:**
- Available Actions:(1): go to garbagecan 1, (2): take handtowel 1 from handtowelholder 1, (3): take faucet 1 from handtowelholder 1, (4): take handtowel 2 from handtowelholder 1
- Response:[BEGIN](2): take handtowel 1 from handtowelholder 1[END]

**Task Description:**
The task at hand is "find two soapbottle and put them in garbagecan". The agent must find an object of the desired type, pick it up, find the correct location to place it, put it down there, then look for another object of the desired type, pick it up, return to previous location, and put it down there with the other object.

**Available Actions:**
(1): go to sinkbasin 1
(2): go to sink 1
(3): go to garbagecan 1
(4): go to drawer 1
(5): go to drawer 2
(6): go to sink 2
(7): go to sinkbasin 2
(8): go to toilet 1
(9): go to handtowelholder 1
(10): put soapbottle 1 in/on countertop 1
(11): examine soapbottle 1
(12): examine countertop 1

**Determine the appropriate action:**
- Identify relevant objects in the image related to the task.
- Evaluate each action's potential to successfully complete the task.

**Response:**
- Let's tink step-by-step.
- (i): [BEGIN][Selected Action][END]

Original VLM Response:
- (i): [BEGIN](3): go to garbagecan 1[END]

> Action: go to garbagecan 1
Running time: 4.138641595840454 seconds

UNSUCCEED
