---------------------------------------------------------Scene: 26---------------------------------------------------------
--------------------------------------------------------------------------------------------------------------------------------------------------------------------
--------------------------------------------------------------------------------------------------------------------------------------------------------------------
Step:--------------------------------------------------------------------------1--------------------------------------------------------------------------
VLM Prompt:
<image>
**Objective:** Achieve "put a spraybottle in toilet". There is a hint about the given task. The agent must find an object of the desired type, pick it up, find the correct location to place it, and put it down there. Remember that you must reach your destination before picking and puting..

**Visual Context:** Given the image, closely examine all elements within to gather clues and insights relevant to the objective. Consider how the arrangement, interactions, and details of the scene relate to the task at hand.

**Reflective Thought:**
Nothing. 

**Admissible Actions List:**
(1): go to bathtub 1
(2): go to countertop 1
(3): go to drawer 1
(4): go to drawer 2
(5): go to drawer 3
(6): go to drawer 4
(7): go to drawer 5
(8): go to drawer 6
(9): go to drawer 7
(10): go to drawer 8
(11): go to sink 1
(12): go to garbagecan 1
(13): go to sinkbasin 1
(14): go to toiletpaperhanger 1
(15): go to toilet 1

**Output Examples:**
*Example 1*:
- Admissible Actions:(1): go to bed 1, (2): go to dresser 1, (3): go to drawer 1
- Response:[BEGIN](2): go to dresser 1[END]
*Example 2*:
- Admissible Actions:(1): go to garbagecan 1, (2): take handtowel 1 from handtowelholder 1, (3): take faucet 1 from handtowelholder 1, (4): take handtowel 2 from handtowelholder 1
- Response:[BEGIN](2): take handtowel 1 from handtowelholder 1[END]

**Response:**
- Choose an action from the admissible actions list directly contributing to the task objective based on the reflective thought and the visual context, are the form: [BEGIN](i): [Selected Action][END]

Original VLM Response:
[BEGIN](12): go to garbagecan 1[END]

> Action: go to garbagecan 1
Running time: 3.1631906032562256 seconds

Current Attempts Reflect Prompt:
Current Attempt 1:
<image>
- Action Taken: go to garbagecan 1
- Resulting Observation: You arrive at loc 11. On the garbagecan 1, you see a faucet 1, and a soapbar 1.
Interact with a household to solve a task. At begining, you are in the middle of a room. looking quickly around you, you see a bathtub 1, a countertop 1, a drawer 1, a drawer 2, a drawer 3, a drawer 4, a drawer 5, a drawer 6, a drawer 7, a drawer 8, a sink 1, a garbagecan 1, a sinkbasin 1, a toiletpaperhanger 1, and a toilet 1. You have 1 sets of current tried attempts, and each attempt consists of an action, an image of the action after it happened, and a resulting observation.

**You also have the summary of previously tried attempts:** 
No the summary of previously tried attempts.

**For the task: 'put a spraybottle in toilet', you need to do**:
a. Analyze the impact of each current tried attempt including the image, resulting observation, and taken action on the task.
b. Combine the summary of previously tried attempts and the analysis of currently tried attempts to give a suggestion of the next step to complete the task.

**Response**: 
Let's think step-by-step.

Current Attempts Reflect:
a. The current attempt involved going to the garbage can, which resulted in the observation of a faucet and a soap bar on the garbage can. This action does not directly contribute to the task of putting a spray bottle in the toilet, as neither a spray bottle nor the toilet was interacted with.
b. Since there are no previously tried attempts to summarize, we only have the current attempt to analyze. Based on the current observation, the next step to complete the task would be to locate the spray bottle. It is not mentioned in the items observed, so it may be in one of the drawers or elsewhere in the room. The suggestion for the next step would be to search the drawers or the room to find the spray bottle, and then proceed to put it in the toilet to complete the task.
Current Attempts Reflect Running time: 6.79042649269104 seconds

Step:--------------------------------------------------------------------------2--------------------------------------------------------------------------
VLM Prompt:
<image>
**Objective:** Achieve "put a spraybottle in toilet". There is a hint about the given task. The agent must find an object of the desired type, pick it up, find the correct location to place it, and put it down there. Remember that you must reach your destination before picking and puting..

**Visual Context:** Given the image, closely examine all elements within to gather clues and insights relevant to the objective. Consider how the arrangement, interactions, and details of the scene relate to the task at hand.

**Reflective Thought:**
a. The current attempt involved going to the garbage can, which resulted in the observation of a faucet and a soap bar on the garbage can. This action does not directly contribute to the task of putting a spray bottle in the toilet, as neither a spray bottle nor the toilet was interacted with.
b. Since there are no previously tried attempts to summarize, we only have the current attempt to analyze. Based on the current observation, the next step to complete the task would be to locate the spray bottle. It is not mentioned in the items observed, so it may be in one of the drawers or elsewhere in the room. The suggestion for the next step would be to search the drawers or the room to find the spray bottle, and then proceed to put it in the toilet to complete the task.. 

**Admissible Actions List:**
(1): go to bathtub 1
(2): go to countertop 1
(3): go to drawer 1
(4): go to drawer 2
(5): go to drawer 3
(6): go to drawer 4
(7): go to drawer 5
(8): go to drawer 6
(9): go to drawer 7
(10): go to drawer 8
(11): go to sink 1
(12): go to sinkbasin 1
(13): go to toiletpaperhanger 1
(14): go to toilet 1
(15): take faucet 1 from garbagecan 1
(16): take soapbar 1 from garbagecan 1
(17): examine garbagecan 1

**Output Examples:**
*Example 1*:
- Admissible Actions:(1): go to bed 1, (2): go to dresser 1, (3): go to drawer 1
- Response:[BEGIN](2): go to dresser 1[END]
*Example 2*:
- Admissible Actions:(1): go to garbagecan 1, (2): take handtowel 1 from handtowelholder 1, (3): take faucet 1 from handtowelholder 1, (4): take handtowel 2 from handtowelholder 1
- Response:[BEGIN](2): take handtowel 1 from handtowelholder 1[END]

**Response:**
- Choose an action from the admissible actions list directly contributing to the task objective based on the reflective thought and the visual context, are the form: [BEGIN](i): [Selected Action][END]

Original VLM Response:
[BEGIN](3): go to drawer 1[END]

> Action: go to drawer 1
Running time: 3.048240900039673 seconds

Current Attempts Reflect Prompt:
Current Attempt 1:
<image>
- Action Taken: go to garbagecan 1
- Resulting Observation: You arrive at loc 11. On the garbagecan 1, you see a faucet 1, and a soapbar 1.
Current Attempt 2:
<image>
- Action Taken: go to drawer 1
- Resulting Observation: You arrive at loc 2. The drawer 1 is closed. 
Interact with a household to solve a task. At begining, you are in the middle of a room. looking quickly around you, you see a bathtub 1, a countertop 1, a drawer 1, a drawer 2, a drawer 3, a drawer 4, a drawer 5, a drawer 6, a drawer 7, a drawer 8, a sink 1, a garbagecan 1, a sinkbasin 1, a toiletpaperhanger 1, and a toilet 1. You have 2 sets of current tried attempts, and each attempt consists of an action, an image of the action after it happened, and a resulting observation.

**You also have the summary of previously tried attempts:** 
No the summary of previously tried attempts.

**For the task: 'put a spraybottle in toilet', you need to do**:
a. Analyze the impact of each current tried attempt including the image, resulting observation, and taken action on the task.
b. Combine the summary of previously tried attempts and the analysis of currently tried attempts to give a suggestion of the next step to complete the task.

**Response**: 
Let's think step-by-step.

Current Attempts Reflect:
a. Analysis of Current Attempts:
- Attempt 1: The action taken was "go to garbagecan 1," which resulted in the observation of a faucet and a soapbar on the garbagecan. This action did not directly contribute to the task of putting a spray bottle in the toilet.
- Attempt 2: The action taken was "go to drawer 1," which led to the observation that drawer 1 is closed. Again, this action did not contribute to the task as it did not involve a spray bottle or the toilet.
b. Suggestion for Next Step:
Based on the current observations, the next step should be to locate the spray bottle. From the description of the room, we know there is a countertop. Since spray bottles are often found on countertops in a bathroom, the next action should be "go to countertop 1." Once at the countertop, if the spray bottle is there, the next action would be to "pick up spraybottle 1." After acquiring the spray bottle, the final step would be to "go to toilet 1" and then "put spraybottle 1 in toilet 1" to complete the task.
Current Attempts Reflect Running time: 9.943152666091919 seconds

Step:--------------------------------------------------------------------------3--------------------------------------------------------------------------
VLM Prompt:
<image>
**Objective:** Achieve "put a spraybottle in toilet". There is a hint about the given task. The agent must find an object of the desired type, pick it up, find the correct location to place it, and put it down there. Remember that you must reach your destination before picking and puting..

**Visual Context:** Given the image, closely examine all elements within to gather clues and insights relevant to the objective. Consider how the arrangement, interactions, and details of the scene relate to the task at hand.

**Reflective Thought:**
a. Analysis of Current Attempts:
- Attempt 1: The action taken was "go to garbagecan 1," which resulted in the observation of a faucet and a soapbar on the garbagecan. This action did not directly contribute to the task of putting a spray bottle in the toilet.
- Attempt 2: The action taken was "go to drawer 1," which led to the observation that drawer 1 is closed. Again, this action did not contribute to the task as it did not involve a spray bottle or the toilet.
b. Suggestion for Next Step:
Based on the current observations, the next step should be to locate the spray bottle. From the description of the room, we know there is a countertop. Since spray bottles are often found on countertops in a bathroom, the next action should be "go to countertop 1." Once at the countertop, if the spray bottle is there, the next action would be to "pick up spraybottle 1." After acquiring the spray bottle, the final step would be to "go to toilet 1" and then "put spraybottle 1 in toilet 1" to complete the task.. 

**Admissible Actions List:**
(1): go to bathtub 1
(2): go to countertop 1
(3): go to drawer 2
(4): go to drawer 3
(5): go to drawer 4
(6): go to drawer 5
(7): go to drawer 6
(8): go to drawer 7
(9): go to drawer 8
(10): go to sink 1
(11): go to garbagecan 1
(12): go to sinkbasin 1
(13): go to toiletpaperhanger 1
(14): go to toilet 1
(15): open drawer 1
(16): close drawer 1
(17): examine drawer 1

**Output Examples:**
*Example 1*:
- Admissible Actions:(1): go to bed 1, (2): go to dresser 1, (3): go to drawer 1
- Response:[BEGIN](2): go to dresser 1[END]
*Example 2*:
- Admissible Actions:(1): go to garbagecan 1, (2): take handtowel 1 from handtowelholder 1, (3): take faucet 1 from handtowelholder 1, (4): take handtowel 2 from handtowelholder 1
- Response:[BEGIN](2): take handtowel 1 from handtowelholder 1[END]

**Response:**
- Choose an action from the admissible actions list directly contributing to the task objective based on the reflective thought and the visual context, are the form: [BEGIN](i): [Selected Action][END]

Original VLM Response:
- Response: [BEGIN](2): go to countertop 1[END]

> Action: go to countertop 1
Running time: 2.6245315074920654 seconds

Current Attempts Reflect Prompt:
Current Attempt 1:
<image>
- Action Taken: go to garbagecan 1
- Resulting Observation: You arrive at loc 11. On the garbagecan 1, you see a faucet 1, and a soapbar 1.
Current Attempt 2:
<image>
- Action Taken: go to drawer 1
- Resulting Observation: You arrive at loc 2. The drawer 1 is closed. 
Current Attempt 3:
<image>
- Action Taken: go to countertop 1
- Resulting Observation: You arrive at loc 1. On the countertop 1, you see a soapbottle 3, a cloth 1, and a spraybottle 1.
Interact with a household to solve a task. At begining, you are in the middle of a room. looking quickly around you, you see a bathtub 1, a countertop 1, a drawer 1, a drawer 2, a drawer 3, a drawer 4, a drawer 5, a drawer 6, a drawer 7, a drawer 8, a sink 1, a garbagecan 1, a sinkbasin 1, a toiletpaperhanger 1, and a toilet 1. You have 3 sets of current tried attempts, and each attempt consists of an action, an image of the action after it happened, and a resulting observation.

**You also have the summary of previously tried attempts:** 
No the summary of previously tried attempts.

**For the task: 'put a spraybottle in toilet', you need to do**:
a. Analyze the impact of each current tried attempt including the image, resulting observation, and taken action on the task.
b. Combine the summary of previously tried attempts and the analysis of currently tried attempts to give a suggestion of the next step to complete the task.

**Response**: 
Let's think step-by-step.

Current Attempts Reflect:
a. Analysis of Current Attempts:
- Attempt 1: The action taken was to go to the garbagecan 1, but the resulting observation indicates that there is no spraybottle on or near the garbagecan. This attempt does not directly impact the task of putting a spraybottle in the toilet.
- Attempt 2: The action taken was to go to drawer 1, but the drawer was found to be closed. Without opening the drawer, we cannot determine if there is a spraybottle inside. This attempt has potential but is incomplete for the task at hand.
- Attempt 3: The action taken was to go to the countertop 1, and the resulting observation confirms the presence of a spraybottle 1. This attempt is the most impactful as it identifies the location of an item needed for the task.
b. Suggestion for Next Step:
Based on the analysis of current attempts, the next step should be to pick up the spraybottle 1 from the countertop 1. After acquiring the spraybottle, the following action should be to go to the toilet 1 and place the spraybottle in it to complete the task.
Current Attempts Reflect Running time: 12.942351818084717 seconds


**Earlier Memory Attempt Prompt:**
Earlier Attempts 1:
a. Analysis of Current Attempts:
- Attempt 1: The action taken was to go to the garbagecan 1, but the resulting observation indicates that there is no spraybottle on or near the garbagecan. This attempt does not directly impact the task of putting a spraybottle in the toilet.
- Attempt 2: The action taken was to go to drawer 1, but the drawer was found to be closed. Without opening the drawer, we cannot determine if there is a spraybottle inside. This attempt has potential but is incomplete for the task at hand.
- Attempt 3: The action taken was to go to the countertop 1, and the resulting observation confirms the presence of a spraybottle 1. This attempt is the most impactful as it identifies the location of an item needed for the task.
b. Suggestion for Next Step:
Based on the analysis of current attempts, the next step should be to pick up the spraybottle 1 from the countertop 1. After acquiring the spraybottle, the following action should be to go to the toilet 1 and place the spraybottle in it to complete the task.



Earlier Memory Attempt:
Summary: 
Three attempts were made to locate a spraybottle for the task of placing it in the toilet. The first attempt involved going to garbagecan 1, but no spraybottle was found there, making this attempt unsuccessful. The second attempt involved going to drawer 1, which was closed. Without opening the drawer, the presence of a spraybottle could not be confirmed, leaving this attempt incomplete. The third attempt was successful, with a spraybottle found on countertop 1. 
The combined effect of these attempts led to the identification of the spraybottle's location, which is crucial for the task at hand. The unsuccessful attempts at garbagecan 1 and drawer 1 helped in eliminating potential locations, while the successful attempt at countertop 1 provided the needed item.
Future strategy should involve picking up the spraybottle 1 from countertop 1 and proceeding to toilet 1 to complete the task of placing the spraybottle in it.
Earlier Memory Attempt Running time: 30.55009412765503 seconds

Step:--------------------------------------------------------------------------4--------------------------------------------------------------------------
VLM Prompt:
<image>
**Objective:** Achieve "put a spraybottle in toilet". There is a hint about the given task. The agent must find an object of the desired type, pick it up, find the correct location to place it, and put it down there. Remember that you must reach your destination before picking and puting..

**Visual Context:** Given the image, closely examine all elements within to gather clues and insights relevant to the objective. Consider how the arrangement, interactions, and details of the scene relate to the task at hand.

**Reflective Thought:**
a. Analysis of Current Attempts:
- Attempt 1: The action taken was to go to the garbagecan 1, but the resulting observation indicates that there is no spraybottle on or near the garbagecan. This attempt does not directly impact the task of putting a spraybottle in the toilet.
- Attempt 2: The action taken was to go to drawer 1, but the drawer was found to be closed. Without opening the drawer, we cannot determine if there is a spraybottle inside. This attempt has potential but is incomplete for the task at hand.
- Attempt 3: The action taken was to go to the countertop 1, and the resulting observation confirms the presence of a spraybottle 1. This attempt is the most impactful as it identifies the location of an item needed for the task.
b. Suggestion for Next Step:
Based on the analysis of current attempts, the next step should be to pick up the spraybottle 1 from the countertop 1. After acquiring the spraybottle, the following action should be to go to the toilet 1 and place the spraybottle in it to complete the task.. 

**Admissible Actions List:**
(1): go to bathtub 1
(2): go to drawer 1
(3): go to drawer 2
(4): go to drawer 3
(5): go to drawer 4
(6): go to drawer 5
(7): go to drawer 6
(8): go to drawer 7
(9): go to drawer 8
(10): go to sink 1
(11): go to garbagecan 1
(12): go to sinkbasin 1
(13): go to toiletpaperhanger 1
(14): go to toilet 1
(15): take soapbottle 3 from countertop 1
(16): take cloth 1 from countertop 1
(17): take spraybottle 1 from countertop 1
(18): examine countertop 1

**Output Examples:**
*Example 1*:
- Admissible Actions:(1): go to bed 1, (2): go to dresser 1, (3): go to drawer 1
- Response:[BEGIN](2): go to dresser 1[END]
*Example 2*:
- Admissible Actions:(1): go to garbagecan 1, (2): take handtowel 1 from handtowelholder 1, (3): take faucet 1 from handtowelholder 1, (4): take handtowel 2 from handtowelholder 1
- Response:[BEGIN](2): take handtowel 1 from handtowelholder 1[END]

**Response:**
- Choose an action from the admissible actions list directly contributing to the task objective based on the reflective thought and the visual context, are the form: [BEGIN](i): [Selected Action][END]

Original VLM Response:
Response: [BEGIN](17): take spraybottle 1 from countertop 1[END]

> Action: take spraybottle 1 from countertop 1
Running time: 3.509058713912964 seconds

Current Attempts Reflect Prompt:
Current Attempt 1:
<image>
- Action Taken: go to drawer 1
- Resulting Observation: You arrive at loc 2. The drawer 1 is closed. 
Current Attempt 2:
<image>
- Action Taken: go to countertop 1
- Resulting Observation: You arrive at loc 1. On the countertop 1, you see a soapbottle 3, a cloth 1, and a spraybottle 1.
Current Attempt 3:
<image>
- Action Taken: take spraybottle 1 from countertop 1
- Resulting Observation: You pick up the spraybottle 1 from the countertop 1.
Interact with a household to solve a task. At begining, you are in the middle of a room. looking quickly around you, you see a bathtub 1, a countertop 1, a drawer 1, a drawer 2, a drawer 3, a drawer 4, a drawer 5, a drawer 6, a drawer 7, a drawer 8, a sink 1, a garbagecan 1, a sinkbasin 1, a toiletpaperhanger 1, and a toilet 1. You have 3 sets of current tried attempts, and each attempt consists of an action, an image of the action after it happened, and a resulting observation.

**You also have the summary of previously tried attempts:** 
Summary: 
Three attempts were made to locate a spraybottle for the task of placing it in the toilet. The first attempt involved going to garbagecan 1, but no spraybottle was found there, making this attempt unsuccessful. The second attempt involved going to drawer 1, which was closed. Without opening the drawer, the presence of a spraybottle could not be confirmed, leaving this attempt incomplete. The third attempt was successful, with a spraybottle found on countertop 1. 
The combined effect of these attempts led to the identification of the spraybottle's location, which is crucial for the task at hand. The unsuccessful attempts at garbagecan 1 and drawer 1 helped in eliminating potential locations, while the successful attempt at countertop 1 provided the needed item.
Future strategy should involve picking up the spraybottle 1 from countertop 1 and proceeding to toilet 1 to complete the task of placing the spraybottle in it.

**For the task: 'put a spraybottle in toilet', you need to do**:
a. Analyze the impact of each current tried attempt including the image, resulting observation, and taken action on the task.
b. Combine the summary of previously tried attempts and the analysis of currently tried attempts to give a suggestion of the next step to complete the task.

**Response**: 
Let's think step-by-step.

Current Attempts Reflect:
a. Analysis of Current Tried Attempts:
- Attempt 1: The action taken was to go to drawer 1, resulting in the observation that the drawer is closed. This attempt did not directly impact the task as the drawer was not opened to check for a spraybottle.
- Attempt 2: The action taken was to go to countertop 1, resulting in the observation of a soapbottle 3, a cloth 1, and a spraybottle 1. This attempt positively impacted the task by locating the spraybottle required for the task.
- Attempt 3: The action taken was to take the spraybottle 1 from countertop 1, resulting in the observation that the spraybottle was successfully picked up. This attempt is a continuation of the positive impact from Attempt 2, as the spraybottle is now in possession and can be used to complete the task.
b. Suggestion for the Next Step:
Based on the summary of previously tried attempts and the current analysis, the next step to complete the task would be to go to toilet 1 and place the spraybottle in it. Since the spraybottle has been successfully located and picked up from countertop 1, the task can now be completed by interacting with the toilet and placing the spraybottle inside or near it as required.
Current Attempts Reflect Running time: 14.556952953338623 seconds

Step:--------------------------------------------------------------------------5--------------------------------------------------------------------------
VLM Prompt:
<image>
**Objective:** Achieve "put a spraybottle in toilet". There is a hint about the given task. The agent must find an object of the desired type, pick it up, find the correct location to place it, and put it down there. Remember that you must reach your destination before picking and puting..

**Visual Context:** Given the image, closely examine all elements within to gather clues and insights relevant to the objective. Consider how the arrangement, interactions, and details of the scene relate to the task at hand.

**Reflective Thought:**
a. Analysis of Current Tried Attempts:
- Attempt 1: The action taken was to go to drawer 1, resulting in the observation that the drawer is closed. This attempt did not directly impact the task as the drawer was not opened to check for a spraybottle.
- Attempt 2: The action taken was to go to countertop 1, resulting in the observation of a soapbottle 3, a cloth 1, and a spraybottle 1. This attempt positively impacted the task by locating the spraybottle required for the task.
- Attempt 3: The action taken was to take the spraybottle 1 from countertop 1, resulting in the observation that the spraybottle was successfully picked up. This attempt is a continuation of the positive impact from Attempt 2, as the spraybottle is now in possession and can be used to complete the task.
b. Suggestion for the Next Step:
Based on the summary of previously tried attempts and the current analysis, the next step to complete the task would be to go to toilet 1 and place the spraybottle in it. Since the spraybottle has been successfully located and picked up from countertop 1, the task can now be completed by interacting with the toilet and placing the spraybottle inside or near it as required.. 

**Admissible Actions List:**
(1): go to bathtub 1
(2): go to drawer 1
(3): go to drawer 2
(4): go to drawer 3
(5): go to drawer 4
(6): go to drawer 5
(7): go to drawer 6
(8): go to drawer 7
(9): go to drawer 8
(10): go to sink 1
(11): go to garbagecan 1
(12): go to sinkbasin 1
(13): go to toiletpaperhanger 1
(14): go to toilet 1
(15): put spraybottle 1 in/on countertop 1
(16): examine spraybottle 1
(17): examine countertop 1

**Output Examples:**
*Example 1*:
- Admissible Actions:(1): go to bed 1, (2): go to dresser 1, (3): go to drawer 1
- Response:[BEGIN](2): go to dresser 1[END]
*Example 2*:
- Admissible Actions:(1): go to garbagecan 1, (2): take handtowel 1 from handtowelholder 1, (3): take faucet 1 from handtowelholder 1, (4): take handtowel 2 from handtowelholder 1
- Response:[BEGIN](2): take handtowel 1 from handtowelholder 1[END]

**Response:**
- Choose an action from the admissible actions list directly contributing to the task objective based on the reflective thought and the visual context, are the form: [BEGIN](i): [Selected Action][END]

Original VLM Response:
Response: [BEGIN](14): go to toilet 1[END]

> Action: go to toilet 1
Running time: 2.348241090774536 seconds

Current Attempts Reflect Prompt:
Current Attempt 1:
<image>
- Action Taken: go to countertop 1
- Resulting Observation: You arrive at loc 1. On the countertop 1, you see a soapbottle 3, a cloth 1, and a spraybottle 1.
Current Attempt 2:
<image>
- Action Taken: take spraybottle 1 from countertop 1
- Resulting Observation: You pick up the spraybottle 1 from the countertop 1.
Current Attempt 3:
<image>
- Action Taken: go to toilet 1
- Resulting Observation: You arrive at loc 14. On the toilet 1, you see a candle 1.
Interact with a household to solve a task. At begining, you are in the middle of a room. looking quickly around you, you see a bathtub 1, a countertop 1, a drawer 1, a drawer 2, a drawer 3, a drawer 4, a drawer 5, a drawer 6, a drawer 7, a drawer 8, a sink 1, a garbagecan 1, a sinkbasin 1, a toiletpaperhanger 1, and a toilet 1. You have 3 sets of current tried attempts, and each attempt consists of an action, an image of the action after it happened, and a resulting observation.

**You also have the summary of previously tried attempts:** 
Summary: 
Three attempts were made to locate a spraybottle for the task of placing it in the toilet. The first attempt involved going to garbagecan 1, but no spraybottle was found there, making this attempt unsuccessful. The second attempt involved going to drawer 1, which was closed. Without opening the drawer, the presence of a spraybottle could not be confirmed, leaving this attempt incomplete. The third attempt was successful, with a spraybottle found on countertop 1. 
The combined effect of these attempts led to the identification of the spraybottle's location, which is crucial for the task at hand. The unsuccessful attempts at garbagecan 1 and drawer 1 helped in eliminating potential locations, while the successful attempt at countertop 1 provided the needed item.
Future strategy should involve picking up the spraybottle 1 from countertop 1 and proceeding to toilet 1 to complete the task of placing the spraybottle in it.

**For the task: 'put a spraybottle in toilet', you need to do**:
a. Analyze the impact of each current tried attempt including the image, resulting observation, and taken action on the task.
b. Combine the summary of previously tried attempts and the analysis of currently tried attempts to give a suggestion of the next step to complete the task.

**Response**: 
Let's think step-by-step.

Current Attempts Reflect:
a. Analysis of Current Tried Attempts:
Attempt 1: The action taken was to go to countertop 1, which resulted in the observation of a soapbottle, a cloth, and a spraybottle. This attempt was successful as it located the spraybottle needed for the task.
Attempt 2: The action taken was to take the spraybottle from countertop 1, which resulted in the observation that the spraybottle was successfully picked up. This attempt was crucial as it provided possession of the item required for the task.
Attempt 3: The action taken was to go to toilet 1, which resulted in the observation of a candle on the toilet. This attempt brought the user to the location where the task needs to be completed.
b. Suggestion for Next Step:
Based on the summary of previously tried attempts and the analysis of current attempts, the next step to complete the task of 'putting a spraybottle in the toilet' would be to place the spraybottle (which is currently in the user's possession) into the toilet 1. This action should complete the task successfully.
Current Attempts Reflect Running time: 9.942996263504028 seconds

Step:--------------------------------------------------------------------------6--------------------------------------------------------------------------
VLM Prompt:
<image>
**Objective:** Achieve "put a spraybottle in toilet". There is a hint about the given task. The agent must find an object of the desired type, pick it up, find the correct location to place it, and put it down there. Remember that you must reach your destination before picking and puting..

**Visual Context:** Given the image, closely examine all elements within to gather clues and insights relevant to the objective. Consider how the arrangement, interactions, and details of the scene relate to the task at hand.

**Reflective Thought:**
a. Analysis of Current Tried Attempts:
Attempt 1: The action taken was to go to countertop 1, which resulted in the observation of a soapbottle, a cloth, and a spraybottle. This attempt was successful as it located the spraybottle needed for the task.
Attempt 2: The action taken was to take the spraybottle from countertop 1, which resulted in the observation that the spraybottle was successfully picked up. This attempt was crucial as it provided possession of the item required for the task.
Attempt 3: The action taken was to go to toilet 1, which resulted in the observation of a candle on the toilet. This attempt brought the user to the location where the task needs to be completed.
b. Suggestion for Next Step:
Based on the summary of previously tried attempts and the analysis of current attempts, the next step to complete the task of 'putting a spraybottle in the toilet' would be to place the spraybottle (which is currently in the user's possession) into the toilet 1. This action should complete the task successfully.. 

**Admissible Actions List:**
(1): go to bathtub 1
(2): go to countertop 1
(3): go to drawer 1
(4): go to drawer 2
(5): go to drawer 3
(6): go to drawer 4
(7): go to drawer 5
(8): go to drawer 6
(9): go to drawer 7
(10): go to drawer 8
(11): go to sink 1
(12): go to garbagecan 1
(13): go to sinkbasin 1
(14): go to toiletpaperhanger 1
(15): put spraybottle 1 in/on toilet 1
(16): examine spraybottle 1
(17): examine toilet 1

**Output Examples:**
*Example 1*:
- Admissible Actions:(1): go to bed 1, (2): go to dresser 1, (3): go to drawer 1
- Response:[BEGIN](2): go to dresser 1[END]
*Example 2*:
- Admissible Actions:(1): go to garbagecan 1, (2): take handtowel 1 from handtowelholder 1, (3): take faucet 1 from handtowelholder 1, (4): take handtowel 2 from handtowelholder 1
- Response:[BEGIN](2): take handtowel 1 from handtowelholder 1[END]

**Response:**
- Choose an action from the admissible actions list directly contributing to the task objective based on the reflective thought and the visual context, are the form: [BEGIN](i): [Selected Action][END]

Original VLM Response:
- Response:[BEGIN](15): put spraybottle 1 in/on toilet 1[END]

> Action: put spraybottle 1 in/on toilet 1
Running time: 3.2227840423583984 seconds

SUCCEED
