---------------------------------------------------------Scene: 6---------------------------------------------------------
--------------------------------------------------------------------------------------------------------------------------------------------------------------------
--------------------------------------------------------------------------------------------------------------------------------------------------------------------
Step:--------------------------------------------------------------------------1--------------------------------------------------------------------------
VLM Prompt:
<image>
**Objective:** Achieve "examine the pencil with the desklamp". There is a hint about the given task. The agent must find an object of the desired type, locate and turn on a light source with the desired object in-hand. Remember that you must reach your destination before interacting with the object..

**Visual Context:** Given the image, closely examine all elements within to gather clues and insights relevant to the objective. Consider how the arrangement, interactions, and details of the scene relate to the task at hand.

**Reflective Thought:**
Nothing. 

**Admissible Actions List:**
(1): go to bed 1
(2): go to drawer 1
(3): go to drawer 2
(4): go to dresser 1
(5): go to drawer 3
(6): go to drawer 4
(7): go to sidetable 1
(8): go to drawer 5
(9): go to desk 1
(10): go to shelf 1
(11): go to shelf 2
(12): go to shelf 3
(13): go to shelf 4
(14): go to shelf 5
(15): go to shelf 6
(16): go to shelf 7
(17): go to shelf 8
(18): go to shelf 9
(19): go to shelf 10
(20): go to shelf 11
(21): go to shelf 12
(22): go to shelf 13
(23): go to shelf 14

**Output Examples:**
*Example 1*:
- Admissible Actions:(1): go to bed 1, (2): go to dresser 1, (3): go to drawer 1
- Response:[BEGIN](2): go to dresser 1[END]
*Example 2*:
- Admissible Actions:(1): go to garbagecan 1, (2): take handtowel 1 from handtowelholder 1, (3): take faucet 1 from handtowelholder 1, (4): take handtowel 2 from handtowelholder 1
- Response:[BEGIN](2): take handtowel 1 from handtowelholder 1[END]

**Response:**
- Choose an action from the admissible actions list directly contributing to the task objective based on the reflective thought and the visual context, are the form: [BEGIN](i): [Selected Action][END]

Original VLM Response:
[BEGIN](9): go to desk 1[END]

> Action: go to desk 1
Running time: 2.9920144081115723 seconds

Current Attempts Reflect Prompt:
Current Attempt 1:
<image>
- Action Taken: go to desk 1
- Resulting Observation: You arrive at loc 8. On the desk 1, you see a laptop 1, a desklamp 1, a alarmclock 1, a vase 1, a cd 1, a cd 2, a keychain 1, and a pencil 1.
Interact with a household to solve a task. At begining, you are in the middle of a room. looking quickly around you, you see a bed 1, a drawer 1, a drawer 2, a dresser 1, a drawer 3, a drawer 4, a sidetable 1, a drawer 5, a desk 1, a shelf 1, a shelf 2, a shelf 3, a shelf 4, a shelf 5, a shelf 6, a shelf 7, a shelf 8, a shelf 9, a shelf 10, a shelf 11, a shelf 12, a shelf 13, and a shelf 14. You have 1 sets of current tried attempts, and each attempt consists of an action, an image of the action after it happened, and a resulting observation.

**You also have the summary of previously tried attempts:** 
No the summary of previously tried attempts.

**For the task: 'examine the pencil with the desklamp', you need to do**:
a. Analyze the impact of each current tried attempt including the image, resulting observation, and taken action on the task.
b. Combine the summary of previously tried attempts and the analysis of currently tried attempts to give a suggestion of the next step to complete the task.

**Response**: 
Let's think step-by-step.

Current Attempts Reflect:
a. The current attempt involved going to desk 1 and observing the items on it. The action taken was "go to desk 1" and the resulting observation was that there is a pencil 1 and a desklamp 1 among other items on the desk. The image shows the desk with the mentioned items. This attempt is directly related to the task as it involves the two items that need to be used to complete the task.
b. Since there is no summary of previously tried attempts, we only have the current attempt to work with. The next step to complete the task "examine the pencil with the desklamp" would be to turn on the desklamp 1 and then use it to examine the pencil 1. This would involve two actions: first, "turn on desklamp 1", and second, "examine pencil 1 with desklamp 1". This should allow for a closer inspection of the pencil using the light from the desk lamp.
Current Attempts Reflect Running time: 9.9265456199646 seconds

Step:--------------------------------------------------------------------------2--------------------------------------------------------------------------
VLM Prompt:
<image>
**Objective:** Achieve "examine the pencil with the desklamp". There is a hint about the given task. The agent must find an object of the desired type, locate and turn on a light source with the desired object in-hand. Remember that you must reach your destination before interacting with the object..

**Visual Context:** Given the image, closely examine all elements within to gather clues and insights relevant to the objective. Consider how the arrangement, interactions, and details of the scene relate to the task at hand.

**Reflective Thought:**
a. The current attempt involved going to desk 1 and observing the items on it. The action taken was "go to desk 1" and the resulting observation was that there is a pencil 1 and a desklamp 1 among other items on the desk. The image shows the desk with the mentioned items. This attempt is directly related to the task as it involves the two items that need to be used to complete the task.
b. Since there is no summary of previously tried attempts, we only have the current attempt to work with. The next step to complete the task "examine the pencil with the desklamp" would be to turn on the desklamp 1 and then use it to examine the pencil 1. This would involve two actions: first, "turn on desklamp 1", and second, "examine pencil 1 with desklamp 1". This should allow for a closer inspection of the pencil using the light from the desk lamp.. 

**Admissible Actions List:**
(1): go to bed 1
(2): go to drawer 1
(3): go to drawer 2
(4): go to dresser 1
(5): go to drawer 3
(6): go to drawer 4
(7): go to sidetable 1
(8): go to drawer 5
(9): go to shelf 1
(10): go to shelf 2
(11): go to shelf 3
(12): go to shelf 4
(13): go to shelf 5
(14): go to shelf 6
(15): go to shelf 7
(16): go to shelf 8
(17): go to shelf 9
(18): go to shelf 10
(19): go to shelf 11
(20): go to shelf 12
(21): go to shelf 13
(22): go to shelf 14
(23): take laptop 1 from desk 1
(24): take alarmclock 1 from desk 1
(25): take vase 1 from desk 1
(26): take cd 1 from desk 1
(27): take cd 2 from desk 1
(28): take keychain 1 from desk 1
(29): take pencil 1 from desk 1
(30): use desklamp 1
(31): examine desk 1

**Output Examples:**
*Example 1*:
- Admissible Actions:(1): go to bed 1, (2): go to dresser 1, (3): go to drawer 1
- Response:[BEGIN](2): go to dresser 1[END]
*Example 2*:
- Admissible Actions:(1): go to garbagecan 1, (2): take handtowel 1 from handtowelholder 1, (3): take faucet 1 from handtowelholder 1, (4): take handtowel 2 from handtowelholder 1
- Response:[BEGIN](2): take handtowel 1 from handtowelholder 1[END]

**Response:**
- Choose an action from the admissible actions list directly contributing to the task objective based on the reflective thought and the visual context, are the form: [BEGIN](i): [Selected Action][END]

Original VLM Response:
[BEGIN](29): take pencil 1 from desk 1[END]
[BEGIN](30): use desklamp 1[END]

> Action: take pencil 1 from desk 1
Running time: 4.2305638790130615 seconds

Current Attempts Reflect Prompt:
Current Attempt 1:
<image>
- Action Taken: go to desk 1
- Resulting Observation: You arrive at loc 8. On the desk 1, you see a laptop 1, a desklamp 1, a alarmclock 1, a vase 1, a cd 1, a cd 2, a keychain 1, and a pencil 1.
Current Attempt 2:
<image>
- Action Taken: take pencil 1 from desk 1
- Resulting Observation: You pick up the pencil 1 from the desk 1.
Interact with a household to solve a task. At begining, you are in the middle of a room. looking quickly around you, you see a bed 1, a drawer 1, a drawer 2, a dresser 1, a drawer 3, a drawer 4, a sidetable 1, a drawer 5, a desk 1, a shelf 1, a shelf 2, a shelf 3, a shelf 4, a shelf 5, a shelf 6, a shelf 7, a shelf 8, a shelf 9, a shelf 10, a shelf 11, a shelf 12, a shelf 13, and a shelf 14. You have 2 sets of current tried attempts, and each attempt consists of an action, an image of the action after it happened, and a resulting observation.

**You also have the summary of previously tried attempts:** 
No the summary of previously tried attempts.

**For the task: 'examine the pencil with the desklamp', you need to do**:
a. Analyze the impact of each current tried attempt including the image, resulting observation, and taken action on the task.
b. Combine the summary of previously tried attempts and the analysis of currently tried attempts to give a suggestion of the next step to complete the task.

**Response**: 
Let's think step-by-step.

Current Attempts Reflect:
a. Analysis of Current Attempts:
- In the first attempt, the action taken was to go to desk 1. The resulting observation confirms that there are multiple items on the desk, including the desklamp 1 and pencil 1, which are relevant to the task.
- In the second attempt, the action taken was to take pencil 1 from desk 1. The resulting observation confirms that the pencil 1 has been successfully picked up from the desk.
b. Suggestion for Next Step:
- Since there is no summary of previously tried attempts, we will rely on the analysis of the current attempts.
- The task is to 'examine the pencil with the desklamp.' So far, we have located the desk with the desklamp and have picked up the pencil.
- The next step would be to use the desklamp to examine the pencil. This can be done by turning on the desklamp if it is not already on and then using it to illuminate the pencil for examination.
- Therefore, the suggested action is: "turn on desklamp 1 and examine pencil 1 under the light."
Current Attempts Reflect Running time: 11.292194128036499 seconds

Step:--------------------------------------------------------------------------3--------------------------------------------------------------------------
VLM Prompt:
<image>
**Objective:** Achieve "examine the pencil with the desklamp". There is a hint about the given task. The agent must find an object of the desired type, locate and turn on a light source with the desired object in-hand. Remember that you must reach your destination before interacting with the object..

**Visual Context:** Given the image, closely examine all elements within to gather clues and insights relevant to the objective. Consider how the arrangement, interactions, and details of the scene relate to the task at hand.

**Reflective Thought:**
a. Analysis of Current Attempts:
- In the first attempt, the action taken was to go to desk 1. The resulting observation confirms that there are multiple items on the desk, including the desklamp 1 and pencil 1, which are relevant to the task.
- In the second attempt, the action taken was to take pencil 1 from desk 1. The resulting observation confirms that the pencil 1 has been successfully picked up from the desk.
b. Suggestion for Next Step:
- Since there is no summary of previously tried attempts, we will rely on the analysis of the current attempts.
- The task is to 'examine the pencil with the desklamp.' So far, we have located the desk with the desklamp and have picked up the pencil.
- The next step would be to use the desklamp to examine the pencil. This can be done by turning on the desklamp if it is not already on and then using it to illuminate the pencil for examination.
- Therefore, the suggested action is: "turn on desklamp 1 and examine pencil 1 under the light.". 

**Admissible Actions List:**
(1): go to bed 1
(2): go to drawer 1
(3): go to drawer 2
(4): go to dresser 1
(5): go to drawer 3
(6): go to drawer 4
(7): go to sidetable 1
(8): go to drawer 5
(9): go to shelf 1
(10): go to shelf 2
(11): go to shelf 3
(12): go to shelf 4
(13): go to shelf 5
(14): go to shelf 6
(15): go to shelf 7
(16): go to shelf 8
(17): go to shelf 9
(18): go to shelf 10
(19): go to shelf 11
(20): go to shelf 12
(21): go to shelf 13
(22): go to shelf 14
(23): put pencil 1 in/on desk 1
(24): use desklamp 1
(25): examine pencil 1
(26): examine desk 1

**Output Examples:**
*Example 1*:
- Admissible Actions:(1): go to bed 1, (2): go to dresser 1, (3): go to drawer 1
- Response:[BEGIN](2): go to dresser 1[END]
*Example 2*:
- Admissible Actions:(1): go to garbagecan 1, (2): take handtowel 1 from handtowelholder 1, (3): take faucet 1 from handtowelholder 1, (4): take handtowel 2 from handtowelholder 1
- Response:[BEGIN](2): take handtowel 1 from handtowelholder 1[END]

**Response:**
- Choose an action from the admissible actions list directly contributing to the task objective based on the reflective thought and the visual context, are the form: [BEGIN](i): [Selected Action][END]

Original VLM Response:
- Response:[BEGIN](24): use desklamp 1[END]

> Action: use desklamp 1
Running time: 3.1821248531341553 seconds

SUCCEED
