---------------------------------------------------------Scene: 98---------------------------------------------------------
--------------------------------------------------------------------------------------------------------------------------------------------------------------------
--------------------------------------------------------------------------------------------------------------------------------------------------------------------
Step:--------------------------------------------------------------------------1--------------------------------------------------------------------------
VLM Prompt:
<image>
**Objective:** Achieve "find two soapbottle and put them in garbagecan". There is a hint about the given task. The agent must find an object of the desired type, pick it up, find the correct location to place it, put it down there, then look for another object of the desired type, pick it up, return to previous location, and put it down there with the other object. Remember that you must reach your destination before picking and puting..

**Visual Context:** Given the image, closely examine all elements within to gather clues and insights relevant to the objective. Consider how the arrangement, interactions, and details of the scene relate to the task at hand.

**Reflective Thought:**
Nothing. 

**Admissible Actions List:**
(1): go to countertop 1
(2): go to sinkbasin 1
(3): go to sink 1
(4): go to garbagecan 1
(5): go to drawer 1
(6): go to drawer 2
(7): go to sink 2
(8): go to sinkbasin 2
(9): go to toilet 1
(10): go to handtowelholder 1

**Output Examples:**
*Example 1*:
- Admissible Actions:(1): go to bed 1, (2): go to dresser 1, (3): go to drawer 1
- Response:[BEGIN](2): go to dresser 1[END]
*Example 2*:
- Admissible Actions:(1): go to garbagecan 1, (2): take handtowel 1 from handtowelholder 1, (3): take faucet 1 from handtowelholder 1, (4): take handtowel 2 from handtowelholder 1
- Response:[BEGIN](2): take handtowel 1 from handtowelholder 1[END]

**Response:**
- Choose an action from the admissible actions list directly contributing to the task objective based on the reflective thought and the visual context, are the form: [BEGIN](i): [Selected Action][END]

Original VLM Response:
- Response: [BEGIN](4): go to garbagecan 1[END]

> Action: go to garbagecan 1
Running time: 3.671217918395996 seconds

Current Attempts Reflect Prompt:
Current Attempt 1:
<image>
- Action Taken: go to garbagecan 1
- Resulting Observation: You arrive at loc 3. On the garbagecan 1, you see a handtowel 1, a soapbottle 1, a toiletpaper 1, a cloth 1, a scrubbrush 1, and a plunger 1.
Interact with a household to solve a task. At begining, you are in the middle of a room. looking quickly around you, you see a countertop 1, a sinkbasin 1, a sink 1, a garbagecan 1, a drawer 1, a drawer 2, a sink 2, a sinkbasin 2, a toilet 1, and a handtowelholder 1. You have 1 sets of current tried attempts, and each attempt consists of an action, an image of the action after it happened, and a resulting observation.

**You also have the summary of previously tried attempts:** 
No the summary of previously tried attempts.

**For the task: 'find two soapbottle and put them in garbagecan', you need to do**:
a. Analyze the impact of each current tried attempt including the image, resulting observation, and taken action on the task.
b. Combine the summary of previously tried attempts and the analysis of currently tried attempts to give a suggestion of the next step to complete the task.

**Response**: 
Let's think step-by-step.

Current Attempts Reflect:
a. Analyze the impact of each current tried attempt including the image, resulting observation, and taken action on the task.
- The current attempt was to go to garbagecan 1, which resulted in the observation of various items including a handtowel 1, a soapbottle 1, a toiletpaper 1, a cloth 1, a scrubbrush 1, and a plunger 1. This action brings us closer to the task as we have found one soapbottle that we can put in the garbagecan. However, we still need to find a second soapbottle to complete the task.
b. Combine the summary of previously tried attempts and the analysis of currently tried attempts to give a suggestion of the next step to complete the task.
- Since there is no summary of previously tried attempts, we only have the information from the current attempt. With the current observation, we know that there is one soapbottle on the garbagecan 1. To complete the task, we should:
1. Pick up the soapbottle 1 from the garbagecan 1.
2. Look around the room for a second soapbottle, which could be on the countertop 1, sinkbasin 1, sink 1, drawer 1, drawer 2, sink 2, sinkbasin 2, toilet 1, or handtowelholder 1.
3. Once the second soapbottle is found, pick it up.
4. Put both soapbottles into the garbagecan 1 to complete the task.
Current Attempts Reflect Running time: 13.09282636642456 seconds

Step:--------------------------------------------------------------------------2--------------------------------------------------------------------------
VLM Prompt:
<image>
**Objective:** Achieve "find two soapbottle and put them in garbagecan". There is a hint about the given task. The agent must find an object of the desired type, pick it up, find the correct location to place it, put it down there, then look for another object of the desired type, pick it up, return to previous location, and put it down there with the other object. Remember that you must reach your destination before picking and puting..

**Visual Context:** Given the image, closely examine all elements within to gather clues and insights relevant to the objective. Consider how the arrangement, interactions, and details of the scene relate to the task at hand.

**Reflective Thought:**
a. Analyze the impact of each current tried attempt including the image, resulting observation, and taken action on the task.
- The current attempt was to go to garbagecan 1, which resulted in the observation of various items including a handtowel 1, a soapbottle 1, a toiletpaper 1, a cloth 1, a scrubbrush 1, and a plunger 1. This action brings us closer to the task as we have found one soapbottle that we can put in the garbagecan. However, we still need to find a second soapbottle to complete the task.
b. Combine the summary of previously tried attempts and the analysis of currently tried attempts to give a suggestion of the next step to complete the task.
- Since there is no summary of previously tried attempts, we only have the information from the current attempt. With the current observation, we know that there is one soapbottle on the garbagecan 1. To complete the task, we should:
1. Pick up the soapbottle 1 from the garbagecan 1.
2. Look around the room for a second soapbottle, which could be on the countertop 1, sinkbasin 1, sink 1, drawer 1, drawer 2, sink 2, sinkbasin 2, toilet 1, or handtowelholder 1.
3. Once the second soapbottle is found, pick it up.
4. Put both soapbottles into the garbagecan 1 to complete the task.. 

**Admissible Actions List:**
(1): go to countertop 1
(2): go to sinkbasin 1
(3): go to sink 1
(4): go to drawer 1
(5): go to drawer 2
(6): go to sink 2
(7): go to sinkbasin 2
(8): go to toilet 1
(9): go to handtowelholder 1
(10): take handtowel 1 from garbagecan 1
(11): take soapbottle 1 from garbagecan 1
(12): take toiletpaper 1 from garbagecan 1
(13): take cloth 1 from garbagecan 1
(14): take scrubbrush 1 from garbagecan 1
(15): take plunger 1 from garbagecan 1
(16): examine garbagecan 1

**Output Examples:**
*Example 1*:
- Admissible Actions:(1): go to bed 1, (2): go to dresser 1, (3): go to drawer 1
- Response:[BEGIN](2): go to dresser 1[END]
*Example 2*:
- Admissible Actions:(1): go to garbagecan 1, (2): take handtowel 1 from handtowelholder 1, (3): take faucet 1 from handtowelholder 1, (4): take handtowel 2 from handtowelholder 1
- Response:[BEGIN](2): take handtowel 1 from handtowelholder 1[END]

**Response:**
- Choose an action from the admissible actions list directly contributing to the task objective based on the reflective thought and the visual context, are the form: [BEGIN](i): [Selected Action][END]

Original VLM Response:
- Response: [BEGIN](11): take soapbottle 1 from garbagecan 1[END]

> Action: take soapbottle 1 from garbagecan 1
Running time: 3.672382116317749 seconds

Current Attempts Reflect Prompt:
Current Attempt 1:
<image>
- Action Taken: go to garbagecan 1
- Resulting Observation: You arrive at loc 3. On the garbagecan 1, you see a handtowel 1, a soapbottle 1, a toiletpaper 1, a cloth 1, a scrubbrush 1, and a plunger 1.
Current Attempt 2:
<image>
- Action Taken: take soapbottle 1 from garbagecan 1
- Resulting Observation: You pick up the soapbottle 1 from the garbagecan 1.
Interact with a household to solve a task. At begining, you are in the middle of a room. looking quickly around you, you see a countertop 1, a sinkbasin 1, a sink 1, a garbagecan 1, a drawer 1, a drawer 2, a sink 2, a sinkbasin 2, a toilet 1, and a handtowelholder 1. You have 2 sets of current tried attempts, and each attempt consists of an action, an image of the action after it happened, and a resulting observation.

**You also have the summary of previously tried attempts:** 
No the summary of previously tried attempts.

**For the task: 'find two soapbottle and put them in garbagecan', you need to do**:
a. Analyze the impact of each current tried attempt including the image, resulting observation, and taken action on the task.
b. Combine the summary of previously tried attempts and the analysis of currently tried attempts to give a suggestion of the next step to complete the task.

**Response**: 
Let's think step-by-step.

Current Attempts Reflect:
a. Analysis of Current Attempts:
- Attempt 1: The action taken was "go to garbagecan 1," and the resulting observation was that there is a soapbottle 1, among other items, in the garbagecan 1. This action helps us locate one of the soapbottles required for the task.
- Attempt 2: The action taken was "take soapbottle 1 from garbagecan 1," and the resulting observation was that the soapbottle 1 was successfully picked up from the garbagecan 1. This action is counterproductive to the task as it removes a soapbottle from the garbagecan instead of adding it.
b. Suggestion for Next Step:
Considering the analysis above, we currently have one soapbottle removed from the garbagecan. To complete the task, we need to:
1. Put the soapbottle 1 back into garbagecan 1.
2. Find another soapbottle within the room.
3. Place the second soapbottle into garbagecan 1 to fulfill the requirement of having two soapbottles in the garbagecan.
Next step: Look around the room to find the second soapbottle and then put both soapbottles into the garbagecan.
Current Attempts Reflect Running time: 9.238343238830566 seconds

Step:--------------------------------------------------------------------------3--------------------------------------------------------------------------
VLM Prompt:
<image>
**Objective:** Achieve "find two soapbottle and put them in garbagecan". There is a hint about the given task. The agent must find an object of the desired type, pick it up, find the correct location to place it, put it down there, then look for another object of the desired type, pick it up, return to previous location, and put it down there with the other object. Remember that you must reach your destination before picking and puting..

**Visual Context:** Given the image, closely examine all elements within to gather clues and insights relevant to the objective. Consider how the arrangement, interactions, and details of the scene relate to the task at hand.

**Reflective Thought:**
a. Analysis of Current Attempts:
- Attempt 1: The action taken was "go to garbagecan 1," and the resulting observation was that there is a soapbottle 1, among other items, in the garbagecan 1. This action helps us locate one of the soapbottles required for the task.
- Attempt 2: The action taken was "take soapbottle 1 from garbagecan 1," and the resulting observation was that the soapbottle 1 was successfully picked up from the garbagecan 1. This action is counterproductive to the task as it removes a soapbottle from the garbagecan instead of adding it.
b. Suggestion for Next Step:
Considering the analysis above, we currently have one soapbottle removed from the garbagecan. To complete the task, we need to:
1. Put the soapbottle 1 back into garbagecan 1.
2. Find another soapbottle within the room.
3. Place the second soapbottle into garbagecan 1 to fulfill the requirement of having two soapbottles in the garbagecan.
Next step: Look around the room to find the second soapbottle and then put both soapbottles into the garbagecan.. 

**Admissible Actions List:**
(1): go to countertop 1
(2): go to sinkbasin 1
(3): go to sink 1
(4): go to drawer 1
(5): go to drawer 2
(6): go to sink 2
(7): go to sinkbasin 2
(8): go to toilet 1
(9): go to handtowelholder 1
(10): put soapbottle 1 in/on garbagecan 1
(11): examine soapbottle 1
(12): examine garbagecan 1

**Output Examples:**
*Example 1*:
- Admissible Actions:(1): go to bed 1, (2): go to dresser 1, (3): go to drawer 1
- Response:[BEGIN](2): go to dresser 1[END]
*Example 2*:
- Admissible Actions:(1): go to garbagecan 1, (2): take handtowel 1 from handtowelholder 1, (3): take faucet 1 from handtowelholder 1, (4): take handtowel 2 from handtowelholder 1
- Response:[BEGIN](2): take handtowel 1 from handtowelholder 1[END]

**Response:**
- Choose an action from the admissible actions list directly contributing to the task objective based on the reflective thought and the visual context, are the form: [BEGIN](i): [Selected Action][END]

Original VLM Response:
[BEGIN](10): put soapbottle 1 in/on garbagecan 1[END]

> Action: put soapbottle 1 in/on garbagecan 1
Running time: 2.517200231552124 seconds

Current Attempts Reflect Prompt:
Current Attempt 1:
<image>
- Action Taken: go to garbagecan 1
- Resulting Observation: You arrive at loc 3. On the garbagecan 1, you see a handtowel 1, a soapbottle 1, a toiletpaper 1, a cloth 1, a scrubbrush 1, and a plunger 1.
Current Attempt 2:
<image>
- Action Taken: take soapbottle 1 from garbagecan 1
- Resulting Observation: You pick up the soapbottle 1 from the garbagecan 1.
Current Attempt 3:
<image>
- Action Taken: put soapbottle 1 in/on garbagecan 1
- Resulting Observation: You put the soapbottle 1 in/on the garbagecan 1.
Interact with a household to solve a task. At begining, you are in the middle of a room. looking quickly around you, you see a countertop 1, a sinkbasin 1, a sink 1, a garbagecan 1, a drawer 1, a drawer 2, a sink 2, a sinkbasin 2, a toilet 1, and a handtowelholder 1. You have 3 sets of current tried attempts, and each attempt consists of an action, an image of the action after it happened, and a resulting observation.

**You also have the summary of previously tried attempts:** 
No the summary of previously tried attempts.

**For the task: 'find two soapbottle and put them in garbagecan', you need to do**:
a. Analyze the impact of each current tried attempt including the image, resulting observation, and taken action on the task.
b. Combine the summary of previously tried attempts and the analysis of currently tried attempts to give a suggestion of the next step to complete the task.

**Response**: 
Let's think step-by-step.

Current Attempts Reflect:
a. Analysis of current attempts:
- Attempt 1: The action was to go to garbagecan 1, and the resulting observation was that there was a soapbottle 1 among other items in/on the garbagecan 1. This action was successful in locating one soapbottle.
- Attempt 2: The action was to take soapbottle 1 from garbagecan 1, and the resulting observation was that the soapbottle 1 was picked up from the garbagecan 1. This action was successful in acquiring one soapbottle.
- Attempt 3: The action was to put soapbottle 1 in/on garbagecan 1, and the resulting observation was that the soapbottle 1 was placed back in/on the garbagecan 1. This action was counterproductive as it undid the previous action of taking the soapbottle.
b. Suggestion for the next step:
Considering there is no summary of previously tried attempts, we only have the current attempts to work with. The task is to find two soapbottles and put them in the garbagecan. So far, only one soapbottle has been located and interacted with. The next step should be to look around the room for a second soapbottle. This could involve exploring other areas such as the countertop, sinkbasin, drawers, or any other place where a soapbottle might be located. Once the second soapbottle is found, the next action would be to take it and then put both soapbottles (including the one previously found) in the garbagecan to complete the task.
Current Attempts Reflect Running time: 12.85306453704834 seconds


**Earlier Memory Attempt Prompt:**
Earlier Attempts 1:
a. Analysis of current attempts:
- Attempt 1: The action was to go to garbagecan 1, and the resulting observation was that there was a soapbottle 1 among other items in/on the garbagecan 1. This action was successful in locating one soapbottle.
- Attempt 2: The action was to take soapbottle 1 from garbagecan 1, and the resulting observation was that the soapbottle 1 was picked up from the garbagecan 1. This action was successful in acquiring one soapbottle.
- Attempt 3: The action was to put soapbottle 1 in/on garbagecan 1, and the resulting observation was that the soapbottle 1 was placed back in/on the garbagecan 1. This action was counterproductive as it undid the previous action of taking the soapbottle.
b. Suggestion for the next step:
Considering there is no summary of previously tried attempts, we only have the current attempts to work with. The task is to find two soapbottles and put them in the garbagecan. So far, only one soapbottle has been located and interacted with. The next step should be to look around the room for a second soapbottle. This could involve exploring other areas such as the countertop, sinkbasin, drawers, or any other place where a soapbottle might be located. Once the second soapbottle is found, the next action would be to take it and then put both soapbottles (including the one previously found) in the garbagecan to complete the task.



Earlier Memory Attempt:
In the previous attempts, three actions were taken involving garbagecan 1 and soapbottle 1. Initially, garbagecan 1 was explored, revealing the presence of soapbottle 1. The second action was successful in acquiring soapbottle 1 from garbagecan 1, while the third action counterproductively returned soapbottle 1 to the garbagecan. These actions collectively resulted in the discovery and temporary acquisition of soapbottle 1, but ultimately left the situation unchanged. 
The next steps should involve locating a second soapbottle, potentially in areas such as the countertop, sinkbasin, or drawers. Once found, both soapbottles should be collected and placed in the garbagecan to complete the task. This strategy acknowledges the previous actions and their outcomes, and proposes a more effective approach to accomplish the objective.
Earlier Memory Attempt Running time: 17.301763772964478 seconds

Step:--------------------------------------------------------------------------4--------------------------------------------------------------------------
VLM Prompt:
<image>
**Objective:** Achieve "find two soapbottle and put them in garbagecan". There is a hint about the given task. The agent must find an object of the desired type, pick it up, find the correct location to place it, put it down there, then look for another object of the desired type, pick it up, return to previous location, and put it down there with the other object. Remember that you must reach your destination before picking and puting..

**Visual Context:** Given the image, closely examine all elements within to gather clues and insights relevant to the objective. Consider how the arrangement, interactions, and details of the scene relate to the task at hand.

**Reflective Thought:**
a. Analysis of current attempts:
- Attempt 1: The action was to go to garbagecan 1, and the resulting observation was that there was a soapbottle 1 among other items in/on the garbagecan 1. This action was successful in locating one soapbottle.
- Attempt 2: The action was to take soapbottle 1 from garbagecan 1, and the resulting observation was that the soapbottle 1 was picked up from the garbagecan 1. This action was successful in acquiring one soapbottle.
- Attempt 3: The action was to put soapbottle 1 in/on garbagecan 1, and the resulting observation was that the soapbottle 1 was placed back in/on the garbagecan 1. This action was counterproductive as it undid the previous action of taking the soapbottle.
b. Suggestion for the next step:
Considering there is no summary of previously tried attempts, we only have the current attempts to work with. The task is to find two soapbottles and put them in the garbagecan. So far, only one soapbottle has been located and interacted with. The next step should be to look around the room for a second soapbottle. This could involve exploring other areas such as the countertop, sinkbasin, drawers, or any other place where a soapbottle might be located. Once the second soapbottle is found, the next action would be to take it and then put both soapbottles (including the one previously found) in the garbagecan to complete the task.. 

**Admissible Actions List:**
(1): go to countertop 1
(2): go to sinkbasin 1
(3): go to sink 1
(4): go to drawer 1
(5): go to drawer 2
(6): go to sink 2
(7): go to sinkbasin 2
(8): go to toilet 1
(9): go to handtowelholder 1
(10): take handtowel 1 from garbagecan 1
(11): take soapbottle 1 from garbagecan 1
(12): take toiletpaper 1 from garbagecan 1
(13): take cloth 1 from garbagecan 1
(14): take scrubbrush 1 from garbagecan 1
(15): take plunger 1 from garbagecan 1
(16): examine garbagecan 1

**Output Examples:**
*Example 1*:
- Admissible Actions:(1): go to bed 1, (2): go to dresser 1, (3): go to drawer 1
- Response:[BEGIN](2): go to dresser 1[END]
*Example 2*:
- Admissible Actions:(1): go to garbagecan 1, (2): take handtowel 1 from handtowelholder 1, (3): take faucet 1 from handtowelholder 1, (4): take handtowel 2 from handtowelholder 1
- Response:[BEGIN](2): take handtowel 1 from handtowelholder 1[END]

**Response:**
- Choose an action from the admissible actions list directly contributing to the task objective based on the reflective thought and the visual context, are the form: [BEGIN](i): [Selected Action][END]

Original VLM Response:
[BEGIN](1): go to countertop 1[END]

> Action: go to countertop 1
Running time: 3.0513832569122314 seconds

Current Attempts Reflect Prompt:
Current Attempt 1:
<image>
- Action Taken: take soapbottle 1 from garbagecan 1
- Resulting Observation: You pick up the soapbottle 1 from the garbagecan 1.
Current Attempt 2:
<image>
- Action Taken: put soapbottle 1 in/on garbagecan 1
- Resulting Observation: You put the soapbottle 1 in/on the garbagecan 1.
Current Attempt 3:
<image>
- Action Taken: go to countertop 1
- Resulting Observation: You arrive at loc 0. On the countertop 1, you see a faucet 1, a cloth 1, a soapbar 1, and a soapbottle 2.
Interact with a household to solve a task. At begining, you are in the middle of a room. looking quickly around you, you see a countertop 1, a sinkbasin 1, a sink 1, a garbagecan 1, a drawer 1, a drawer 2, a sink 2, a sinkbasin 2, a toilet 1, and a handtowelholder 1. You have 3 sets of current tried attempts, and each attempt consists of an action, an image of the action after it happened, and a resulting observation.

**You also have the summary of previously tried attempts:** 
In the previous attempts, three actions were taken involving garbagecan 1 and soapbottle 1. Initially, garbagecan 1 was explored, revealing the presence of soapbottle 1. The second action was successful in acquiring soapbottle 1 from garbagecan 1, while the third action counterproductively returned soapbottle 1 to the garbagecan. These actions collectively resulted in the discovery and temporary acquisition of soapbottle 1, but ultimately left the situation unchanged. 
The next steps should involve locating a second soapbottle, potentially in areas such as the countertop, sinkbasin, or drawers. Once found, both soapbottles should be collected and placed in the garbagecan to complete the task. This strategy acknowledges the previous actions and their outcomes, and proposes a more effective approach to accomplish the objective.

**For the task: 'find two soapbottle and put them in garbagecan', you need to do**:
a. Analyze the impact of each current tried attempt including the image, resulting observation, and taken action on the task.
b. Combine the summary of previously tried attempts and the analysis of currently tried attempts to give a suggestion of the next step to complete the task.

**Response**: 
Let's think step-by-step.

Current Attempts Reflect:
a. Analysis of Current Attempts:
- Attempt 1: The action of taking soapbottle 1 from garbagecan 1 was successful, as indicated by the resulting observation. The image shows that soapbottle 1 is no longer in the garbagecan 1.
- Attempt 2: The action of putting soapbottle 1 back in/on garbagecan 1 was counterproductive to the task. The resulting observation confirms that soapbottle 1 has been placed back in its original location, which is visible in the image.
- Attempt 3: The action of going to countertop 1 revealed a new location with potential items. The resulting observation indicates the presence of a second soapbottle, soapbottle 2, along with other items on the countertop 1. The image shows the countertop with the mentioned items.
b. Suggestion for Next Step:
Combining the summary of previously tried attempts with the current attempts, we know that soapbottle 1 is currently in the garbagecan 1 and soapbottle 2 has been located on the countertop 1. To complete the task, the next step should be to take soapbottle 2 from the countertop 1. Once soapbottle 2 has been acquired, it should be placed in the garbagecan 1 along with soapbottle 1. This will fulfill the task's requirement of finding two soapbottles and putting them in the garbagecan.
Current Attempts Reflect Running time: 12.215831756591797 seconds

Step:--------------------------------------------------------------------------5--------------------------------------------------------------------------
VLM Prompt:
<image>
**Objective:** Achieve "find two soapbottle and put them in garbagecan". There is a hint about the given task. The agent must find an object of the desired type, pick it up, find the correct location to place it, put it down there, then look for another object of the desired type, pick it up, return to previous location, and put it down there with the other object. Remember that you must reach your destination before picking and puting..

**Visual Context:** Given the image, closely examine all elements within to gather clues and insights relevant to the objective. Consider how the arrangement, interactions, and details of the scene relate to the task at hand.

**Reflective Thought:**
a. Analysis of Current Attempts:
- Attempt 1: The action of taking soapbottle 1 from garbagecan 1 was successful, as indicated by the resulting observation. The image shows that soapbottle 1 is no longer in the garbagecan 1.
- Attempt 2: The action of putting soapbottle 1 back in/on garbagecan 1 was counterproductive to the task. The resulting observation confirms that soapbottle 1 has been placed back in its original location, which is visible in the image.
- Attempt 3: The action of going to countertop 1 revealed a new location with potential items. The resulting observation indicates the presence of a second soapbottle, soapbottle 2, along with other items on the countertop 1. The image shows the countertop with the mentioned items.
b. Suggestion for Next Step:
Combining the summary of previously tried attempts with the current attempts, we know that soapbottle 1 is currently in the garbagecan 1 and soapbottle 2 has been located on the countertop 1. To complete the task, the next step should be to take soapbottle 2 from the countertop 1. Once soapbottle 2 has been acquired, it should be placed in the garbagecan 1 along with soapbottle 1. This will fulfill the task's requirement of finding two soapbottles and putting them in the garbagecan.. 

**Admissible Actions List:**
(1): go to sinkbasin 1
(2): go to sink 1
(3): go to garbagecan 1
(4): go to drawer 1
(5): go to drawer 2
(6): go to sink 2
(7): go to sinkbasin 2
(8): go to toilet 1
(9): go to handtowelholder 1
(10): take faucet 1 from countertop 1
(11): take cloth 1 from countertop 1
(12): take soapbar 1 from countertop 1
(13): take soapbottle 2 from countertop 1
(14): examine countertop 1

**Output Examples:**
*Example 1*:
- Admissible Actions:(1): go to bed 1, (2): go to dresser 1, (3): go to drawer 1
- Response:[BEGIN](2): go to dresser 1[END]
*Example 2*:
- Admissible Actions:(1): go to garbagecan 1, (2): take handtowel 1 from handtowelholder 1, (3): take faucet 1 from handtowelholder 1, (4): take handtowel 2 from handtowelholder 1
- Response:[BEGIN](2): take handtowel 1 from handtowelholder 1[END]

**Response:**
- Choose an action from the admissible actions list directly contributing to the task objective based on the reflective thought and the visual context, are the form: [BEGIN](i): [Selected Action][END]

Original VLM Response:
[BEGIN](13): take soapbottle 2 from countertop 1[END]

> Action: take soapbottle 2 from countertop 1
Running time: 3.18485426902771 seconds

Current Attempts Reflect Prompt:
Current Attempt 1:
<image>
- Action Taken: put soapbottle 1 in/on garbagecan 1
- Resulting Observation: You put the soapbottle 1 in/on the garbagecan 1.
Current Attempt 2:
<image>
- Action Taken: go to countertop 1
- Resulting Observation: You arrive at loc 0. On the countertop 1, you see a faucet 1, a cloth 1, a soapbar 1, and a soapbottle 2.
Current Attempt 3:
<image>
- Action Taken: take soapbottle 2 from countertop 1
- Resulting Observation: You pick up the soapbottle 2 from the countertop 1.
Interact with a household to solve a task. At begining, you are in the middle of a room. looking quickly around you, you see a countertop 1, a sinkbasin 1, a sink 1, a garbagecan 1, a drawer 1, a drawer 2, a sink 2, a sinkbasin 2, a toilet 1, and a handtowelholder 1. You have 3 sets of current tried attempts, and each attempt consists of an action, an image of the action after it happened, and a resulting observation.

**You also have the summary of previously tried attempts:** 
In the previous attempts, three actions were taken involving garbagecan 1 and soapbottle 1. Initially, garbagecan 1 was explored, revealing the presence of soapbottle 1. The second action was successful in acquiring soapbottle 1 from garbagecan 1, while the third action counterproductively returned soapbottle 1 to the garbagecan. These actions collectively resulted in the discovery and temporary acquisition of soapbottle 1, but ultimately left the situation unchanged. 
The next steps should involve locating a second soapbottle, potentially in areas such as the countertop, sinkbasin, or drawers. Once found, both soapbottles should be collected and placed in the garbagecan to complete the task. This strategy acknowledges the previous actions and their outcomes, and proposes a more effective approach to accomplish the objective.

**For the task: 'find two soapbottle and put them in garbagecan', you need to do**:
a. Analyze the impact of each current tried attempt including the image, resulting observation, and taken action on the task.
b. Combine the summary of previously tried attempts and the analysis of currently tried attempts to give a suggestion of the next step to complete the task.

**Response**: 
Let's think step-by-step.

Current Attempts Reflect:
a. Analysis of Current Attempts:
- Attempt 1: The action of putting soapbottle 1 in/on garbagecan 1 was successful, as indicated by the resulting observation. However, the image shows that soapbottle 1 is no longer in the garbagecan, suggesting that it was either taken out or not placed properly.
- Attempt 2: The action taken was to go to countertop 1, which resulted in the observation of various items on the countertop, including soapbottle 2. This action was crucial as it led to the discovery of the second required soapbottle for the task.
- Attempt 3: The action of taking soapbottle 2 from countertop 1 was successful, as confirmed by the resulting observation. The image shows that soapbottle 2 is now in the player's possession.
b. Suggestion for Next Step:
Combining the summary of previously tried attempts with the analysis of current attempts, the next step should be to ensure that soapbottle 1 is properly placed in garbagecan 1. Then, the player should put the acquired soapbottle 2 into garbagecan 1 as well. This will complete the task of finding two soapbottles and putting them in the garbagecan. To avoid any confusion, it would be beneficial to double-check the garbagecan after placing both bottles to confirm that they are both inside.
Current Attempts Reflect Running time: 11.926278352737427 seconds

Step:--------------------------------------------------------------------------6--------------------------------------------------------------------------
VLM Prompt:
<image>
**Objective:** Achieve "find two soapbottle and put them in garbagecan". There is a hint about the given task. The agent must find an object of the desired type, pick it up, find the correct location to place it, put it down there, then look for another object of the desired type, pick it up, return to previous location, and put it down there with the other object. Remember that you must reach your destination before picking and puting..

**Visual Context:** Given the image, closely examine all elements within to gather clues and insights relevant to the objective. Consider how the arrangement, interactions, and details of the scene relate to the task at hand.

**Reflective Thought:**
a. Analysis of Current Attempts:
- Attempt 1: The action of putting soapbottle 1 in/on garbagecan 1 was successful, as indicated by the resulting observation. However, the image shows that soapbottle 1 is no longer in the garbagecan, suggesting that it was either taken out or not placed properly.
- Attempt 2: The action taken was to go to countertop 1, which resulted in the observation of various items on the countertop, including soapbottle 2. This action was crucial as it led to the discovery of the second required soapbottle for the task.
- Attempt 3: The action of taking soapbottle 2 from countertop 1 was successful, as confirmed by the resulting observation. The image shows that soapbottle 2 is now in the player's possession.
b. Suggestion for Next Step:
Combining the summary of previously tried attempts with the analysis of current attempts, the next step should be to ensure that soapbottle 1 is properly placed in garbagecan 1. Then, the player should put the acquired soapbottle 2 into garbagecan 1 as well. This will complete the task of finding two soapbottles and putting them in the garbagecan. To avoid any confusion, it would be beneficial to double-check the garbagecan after placing both bottles to confirm that they are both inside.. 

**Admissible Actions List:**
(1): go to sinkbasin 1
(2): go to sink 1
(3): go to garbagecan 1
(4): go to drawer 1
(5): go to drawer 2
(6): go to sink 2
(7): go to sinkbasin 2
(8): go to toilet 1
(9): go to handtowelholder 1
(10): put soapbottle 2 in/on countertop 1
(11): examine soapbottle 2
(12): examine countertop 1

**Output Examples:**
*Example 1*:
- Admissible Actions:(1): go to bed 1, (2): go to dresser 1, (3): go to drawer 1
- Response:[BEGIN](2): go to dresser 1[END]
*Example 2*:
- Admissible Actions:(1): go to garbagecan 1, (2): take handtowel 1 from handtowelholder 1, (3): take faucet 1 from handtowelholder 1, (4): take handtowel 2 from handtowelholder 1
- Response:[BEGIN](2): take handtowel 1 from handtowelholder 1[END]

**Response:**
- Choose an action from the admissible actions list directly contributing to the task objective based on the reflective thought and the visual context, are the form: [BEGIN](i): [Selected Action][END]

Original VLM Response:
- Response:[BEGIN](3): go to garbagecan 1[END]

> Action: go to garbagecan 1
Running time: 3.8420469760894775 seconds

Current Attempts Reflect Prompt:
Current Attempt 1:
<image>
- Action Taken: go to countertop 1
- Resulting Observation: You arrive at loc 0. On the countertop 1, you see a faucet 1, a cloth 1, a soapbar 1, and a soapbottle 2.
Current Attempt 2:
<image>
- Action Taken: take soapbottle 2 from countertop 1
- Resulting Observation: You pick up the soapbottle 2 from the countertop 1.
Current Attempt 3:
<image>
- Action Taken: go to garbagecan 1
- Resulting Observation: You arrive at loc 3. On the garbagecan 1, you see a handtowel 1, a toiletpaper 1, a cloth 1, a soapbottle 1, a scrubbrush 1, and a plunger 1.
Interact with a household to solve a task. At begining, you are in the middle of a room. looking quickly around you, you see a countertop 1, a sinkbasin 1, a sink 1, a garbagecan 1, a drawer 1, a drawer 2, a sink 2, a sinkbasin 2, a toilet 1, and a handtowelholder 1. You have 3 sets of current tried attempts, and each attempt consists of an action, an image of the action after it happened, and a resulting observation.

**You also have the summary of previously tried attempts:** 
In the previous attempts, three actions were taken involving garbagecan 1 and soapbottle 1. Initially, garbagecan 1 was explored, revealing the presence of soapbottle 1. The second action was successful in acquiring soapbottle 1 from garbagecan 1, while the third action counterproductively returned soapbottle 1 to the garbagecan. These actions collectively resulted in the discovery and temporary acquisition of soapbottle 1, but ultimately left the situation unchanged. 
The next steps should involve locating a second soapbottle, potentially in areas such as the countertop, sinkbasin, or drawers. Once found, both soapbottles should be collected and placed in the garbagecan to complete the task. This strategy acknowledges the previous actions and their outcomes, and proposes a more effective approach to accomplish the objective.

**For the task: 'find two soapbottle and put them in garbagecan', you need to do**:
a. Analyze the impact of each current tried attempt including the image, resulting observation, and taken action on the task.
b. Combine the summary of previously tried attempts and the analysis of currently tried attempts to give a suggestion of the next step to complete the task.

**Response**: 
Let's think step-by-step.

Current Attempts Reflect:
a. Analysis of Current Attempts:
- Attempt 1: The action taken was to go to countertop 1, which resulted in the observation of various items including soapbottle 2. This action was beneficial as it led to the discovery of one of the needed soapbottles for the task.
- Attempt 2: The action taken was to take soapbottle 2 from countertop 1, which was successful. The resulting observation confirmed the acquisition of soapbottle 2. This action was crucial as it is a direct step towards completing the task.
- Attempt 3: The action taken was to go to garbagecan 1, which resulted in the observation of several items, but not the placement of the soapbottle 2 into the garbagecan. This action was necessary for the final step of the task but was not executed correctly as the soapbottle was not placed in the garbagecan.
b. Suggestion for Next Step:
Combining the summary of previous attempts and the analysis of current attempts, the next step should be to place the soapbottle 2, which is currently in possession, into garbagecan 1. After that, the second soapbottle (soapbottle 1) needs to be located. Based on the observations, it is likely in the vicinity of the garbagecan. Once soapbottle 1 is found, it should also be placed in garbagecan 1 to complete the task.
Current Attempts Reflect Running time: 14.088548183441162 seconds


**Earlier Memory Attempt Prompt:**
Earlier Attempts 1:
a. Analysis of current attempts:
- Attempt 1: The action was to go to garbagecan 1, and the resulting observation was that there was a soapbottle 1 among other items in/on the garbagecan 1. This action was successful in locating one soapbottle.
- Attempt 2: The action was to take soapbottle 1 from garbagecan 1, and the resulting observation was that the soapbottle 1 was picked up from the garbagecan 1. This action was successful in acquiring one soapbottle.
- Attempt 3: The action was to put soapbottle 1 in/on garbagecan 1, and the resulting observation was that the soapbottle 1 was placed back in/on the garbagecan 1. This action was counterproductive as it undid the previous action of taking the soapbottle.
b. Suggestion for the next step:
Considering there is no summary of previously tried attempts, we only have the current attempts to work with. The task is to find two soapbottles and put them in the garbagecan. So far, only one soapbottle has been located and interacted with. The next step should be to look around the room for a second soapbottle. This could involve exploring other areas such as the countertop, sinkbasin, drawers, or any other place where a soapbottle might be located. Once the second soapbottle is found, the next action would be to take it and then put both soapbottles (including the one previously found) in the garbagecan to complete the task.

Earlier Attempts 2:
a. Analysis of Current Attempts:
- Attempt 1: The action taken was to go to countertop 1, which resulted in the observation of various items including soapbottle 2. This action was beneficial as it led to the discovery of one of the needed soapbottles for the task.
- Attempt 2: The action taken was to take soapbottle 2 from countertop 1, which was successful. The resulting observation confirmed the acquisition of soapbottle 2. This action was crucial as it is a direct step towards completing the task.
- Attempt 3: The action taken was to go to garbagecan 1, which resulted in the observation of several items, but not the placement of the soapbottle 2 into the garbagecan. This action was necessary for the final step of the task but was not executed correctly as the soapbottle was not placed in the garbagecan.
b. Suggestion for Next Step:
Combining the summary of previous attempts and the analysis of current attempts, the next step should be to place the soapbottle 2, which is currently in possession, into garbagecan 1. After that, the second soapbottle (soapbottle 1) needs to be located. Based on the observations, it is likely in the vicinity of the garbagecan. Once soapbottle 1 is found, it should also be placed in garbagecan 1 to complete the task.



Earlier Memory Attempt:
**Summary:**
In the first set of attempts, the action of going to garbagecan 1 successfully led to the discovery and acquisition of soapbottle 1. However, the subsequent action of placing soapbottle 1 back in the garbagecan was counterproductive, as it undid the prior action of acquiring it. The recommendation was to search for a second soapbottle in other locations such as the countertop, sinkbasin, or drawers.
In the second set of attempts, the action of going to countertop 1 resulted in the successful discovery and acquisition of soapbottle 2. However, the action of going to garbagecan 1 did not lead to the desired outcome of placing soapbottle 2 in the garbagecan. The recommendation was to place soapbottle 2 in garbagecan 1 and then search for and place soapbottle 1 in the same garbagecan to complete the task.
Overall, the actions led to the successful discovery and acquisition of two soapbottles but failed in their placement in garbagecan 1. Future efforts should focus on correctly executing this final step.
Earlier Memory Attempt Running time: 16.655805826187134 seconds

Step:--------------------------------------------------------------------------7--------------------------------------------------------------------------
VLM Prompt:
<image>
**Objective:** Achieve "find two soapbottle and put them in garbagecan". There is a hint about the given task. The agent must find an object of the desired type, pick it up, find the correct location to place it, put it down there, then look for another object of the desired type, pick it up, return to previous location, and put it down there with the other object. Remember that you must reach your destination before picking and puting..

**Visual Context:** Given the image, closely examine all elements within to gather clues and insights relevant to the objective. Consider how the arrangement, interactions, and details of the scene relate to the task at hand.

**Reflective Thought:**
a. Analysis of Current Attempts:
- Attempt 1: The action taken was to go to countertop 1, which resulted in the observation of various items including soapbottle 2. This action was beneficial as it led to the discovery of one of the needed soapbottles for the task.
- Attempt 2: The action taken was to take soapbottle 2 from countertop 1, which was successful. The resulting observation confirmed the acquisition of soapbottle 2. This action was crucial as it is a direct step towards completing the task.
- Attempt 3: The action taken was to go to garbagecan 1, which resulted in the observation of several items, but not the placement of the soapbottle 2 into the garbagecan. This action was necessary for the final step of the task but was not executed correctly as the soapbottle was not placed in the garbagecan.
b. Suggestion for Next Step:
Combining the summary of previous attempts and the analysis of current attempts, the next step should be to place the soapbottle 2, which is currently in possession, into garbagecan 1. After that, the second soapbottle (soapbottle 1) needs to be located. Based on the observations, it is likely in the vicinity of the garbagecan. Once soapbottle 1 is found, it should also be placed in garbagecan 1 to complete the task.. 

**Admissible Actions List:**
(1): go to countertop 1
(2): go to sinkbasin 1
(3): go to sink 1
(4): go to drawer 1
(5): go to drawer 2
(6): go to sink 2
(7): go to sinkbasin 2
(8): go to toilet 1
(9): go to handtowelholder 1
(10): put soapbottle 2 in/on garbagecan 1
(11): examine soapbottle 2
(12): examine garbagecan 1

**Output Examples:**
*Example 1*:
- Admissible Actions:(1): go to bed 1, (2): go to dresser 1, (3): go to drawer 1
- Response:[BEGIN](2): go to dresser 1[END]
*Example 2*:
- Admissible Actions:(1): go to garbagecan 1, (2): take handtowel 1 from handtowelholder 1, (3): take faucet 1 from handtowelholder 1, (4): take handtowel 2 from handtowelholder 1
- Response:[BEGIN](2): take handtowel 1 from handtowelholder 1[END]

**Response:**
- Choose an action from the admissible actions list directly contributing to the task objective based on the reflective thought and the visual context, are the form: [BEGIN](i): [Selected Action][END]

Original VLM Response:
[BEGIN](10): put soapbottle 2 in/on garbagecan 1[END]

> Action: put soapbottle 2 in/on garbagecan 1
Running time: 2.5586957931518555 seconds

SUCCEED
