---------------------------------------------------------Scene: 11---------------------------------------------------------
--------------------------------------------------------------------------------------------------------------------------------------------------------------------
--------------------------------------------------------------------------------------------------------------------------------------------------------------------
Step:--------------------------------------------------------------------------1--------------------------------------------------------------------------
VLM Prompt:
<image>
**Objective:** Achieve "look at remotecontrol under the floorlamp". There is a hint about the given task. The agent must find an object of the desired type, locate and turn on a light source with the desired object in-hand. Remember that you must reach your destination before interacting with the object..

**Visual Context:** Given the image, closely examine all elements within to gather clues and insights relevant to the objective. Consider how the arrangement, interactions, and details of the scene relate to the task at hand.

**Reflective Thought:**
Nothing. 

**Admissible Actions List:**
(1): go to armchair 1
(2): go to coffeetable 1
(3): go to sidetable 1
(4): go to garbagecan 1
(5): go to drawer 1
(6): go to coffeetable 2
(7): go to sof1
(8): go to diningtable 1

**Output Examples:**
*Example 1*:
- Admissible Actions:(1): go to bed 1, (2): go to dresser 1, (3): go to drawer 1
- Response:[BEGIN](2): go to dresser 1[END]
*Example 2*:
- Admissible Actions:(1): go to garbagecan 1, (2): take handtowel 1 from handtowelholder 1, (3): take faucet 1 from handtowelholder 1, (4): take handtowel 2 from handtowelholder 1
- Response:[BEGIN](2): take handtowel 1 from handtowelholder 1[END]

**Response:**
- Choose an action from the admissible actions list directly contributing to the task objective based on the reflective thought and the visual context, are the form: [BEGIN](i): [Selected Action][END]

Original VLM Response:
[BEGIN](7): go to sofa 1[END]

> Action: go to sofa 1
Running time: 2.45202898979187 seconds

Current Attempts Reflect Prompt:
Current Attempt 1:
<image>
- Action Taken: go to sofa 1
- Resulting Observation: You arrive at loc 6. On the sofa 1, you see a floorlamp 1, a laptop 1, and a remotecontrol 1.
Interact with a household to solve a task. At begining, you are in the middle of a room. looking quickly around you, you see a armchair 1, a coffeetable 1, a sidetable 1, a garbagecan 1, a drawer 1, a coffeetable 2, a sofa 1, and a diningtable 1. You have 1 sets of current tried attempts, and each attempt consists of an action, an image of the action after it happened, and a resulting observation.

**You also have the summary of previously tried attempts:** 
No the summary of previously tried attempts.

**For the task: 'look at remotecontrol under the floorlamp', you need to do**:
a. Analyze the impact of each current tried attempt including the image, resulting observation, and taken action on the task.
b. Combine the summary of previously tried attempts and the analysis of currently tried attempts to give a suggestion of the next step to complete the task.

**Response**: 
Let's think step-by-step.

Current Attempts Reflect:
a. The current attempt involved going to sofa 1, which resulted in observing a floorlamp 1, a laptop 1, and a remotecontrol 1. The image shows that the remotecontrol is on the sofa, not under the floorlamp. This means the action taken did not complete the task of 'look at remotecontrol under the floorlamp.'
b. Since there are no previous attempts to summarize, we only have the current attempt to work with. To complete the task, the next step should be to move the remotecontrol from the sofa to a location under the floorlamp. Once the remotecontrol is positioned correctly, you can then look at it to complete the task.
Current Attempts Reflect Running time: 6.649696111679077 seconds

Step:--------------------------------------------------------------------------2--------------------------------------------------------------------------
VLM Prompt:
<image>
**Objective:** Achieve "look at remotecontrol under the floorlamp". There is a hint about the given task. The agent must find an object of the desired type, locate and turn on a light source with the desired object in-hand. Remember that you must reach your destination before interacting with the object..

**Visual Context:** Given the image, closely examine all elements within to gather clues and insights relevant to the objective. Consider how the arrangement, interactions, and details of the scene relate to the task at hand.

**Reflective Thought:**
a. The current attempt involved going to sofa 1, which resulted in observing a floorlamp 1, a laptop 1, and a remotecontrol 1. The image shows that the remotecontrol is on the sofa, not under the floorlamp. This means the action taken did not complete the task of 'look at remotecontrol under the floorlamp.'
b. Since there are no previous attempts to summarize, we only have the current attempt to work with. To complete the task, the next step should be to move the remotecontrol from the sofa to a location under the floorlamp. Once the remotecontrol is positioned correctly, you can then look at it to complete the task.. 

**Admissible Actions List:**
(1): go to armchair 1
(2): go to coffeetable 1
(3): go to sidetable 1
(4): go to garbagecan 1
(5): go to drawer 1
(6): go to coffeetable 2
(7): go to sof1
(8): go to diningtable 1
(9): take laptop 1 from sofa 1
(10): take remotecontrol 1 from sofa 1
(11): use floorlamp 1
(12): examine sofa 1

**Output Examples:**
*Example 1*:
- Admissible Actions:(1): go to bed 1, (2): go to dresser 1, (3): go to drawer 1
- Response:[BEGIN](2): go to dresser 1[END]
*Example 2*:
- Admissible Actions:(1): go to garbagecan 1, (2): take handtowel 1 from handtowelholder 1, (3): take faucet 1 from handtowelholder 1, (4): take handtowel 2 from handtowelholder 1
- Response:[BEGIN](2): take handtowel 1 from handtowelholder 1[END]

**Response:**
- Choose an action from the admissible actions list directly contributing to the task objective based on the reflective thought and the visual context, are the form: [BEGIN](i): [Selected Action][END]

Original VLM Response:
[BEGIN](10): take remotecontrol 1 from sofa 1[END]

> Action: take remotecontrol 1 from sofa 1
Running time: 3.2211616039276123 seconds

Current Attempts Reflect Prompt:
Current Attempt 1:
<image>
- Action Taken: go to sofa 1
- Resulting Observation: You arrive at loc 6. On the sofa 1, you see a floorlamp 1, a laptop 1, and a remotecontrol 1.
Current Attempt 2:
<image>
- Action Taken: take remotecontrol 1 from sofa 1
- Resulting Observation: You pick up the remotecontrol 1 from the sofa 1.
Interact with a household to solve a task. At begining, you are in the middle of a room. looking quickly around you, you see a armchair 1, a coffeetable 1, a sidetable 1, a garbagecan 1, a drawer 1, a coffeetable 2, a sofa 1, and a diningtable 1. You have 2 sets of current tried attempts, and each attempt consists of an action, an image of the action after it happened, and a resulting observation.

**You also have the summary of previously tried attempts:** 
No the summary of previously tried attempts.

**For the task: 'look at remotecontrol under the floorlamp', you need to do**:
a. Analyze the impact of each current tried attempt including the image, resulting observation, and taken action on the task.
b. Combine the summary of previously tried attempts and the analysis of currently tried attempts to give a suggestion of the next step to complete the task.

**Response**: 
Let's think step-by-step.

Current Attempts Reflect:
a. Analysis of Current Attempts:
- Attempt 1: The action taken was to go to sofa 1. The resulting observation indicates that upon arriving at sofa 1, you can see a floorlamp 1, a laptop 1, and a remotecontrol 1. This action brings you closer to the remotecontrol, which is needed for the task.
- Attempt 2: The action taken was to take remotecontrol 1 from sofa 1. The resulting observation confirms that you have successfully picked up the remotecontrol 1. This action is crucial as it allows you to interact with the remotecontrol, which is the object of interest for the task.
b. Suggestion for the Next Step:
- Since there is no summary of previously tried attempts, we only have the analysis of the current attempts to work with. Based on the current attempts, the next step to complete the task 'look at remotecontrol under the floorlamp' would be to move towards the floorlamp 1 while holding the remotecontrol 1. Once you are under the floorlamp, you can then 'look at' or examine the remotecontrol to fulfill the task's requirement.
Current Attempts Reflect Running time: 9.829013347625732 seconds

Step:--------------------------------------------------------------------------3--------------------------------------------------------------------------
VLM Prompt:
<image>
**Objective:** Achieve "look at remotecontrol under the floorlamp". There is a hint about the given task. The agent must find an object of the desired type, locate and turn on a light source with the desired object in-hand. Remember that you must reach your destination before interacting with the object..

**Visual Context:** Given the image, closely examine all elements within to gather clues and insights relevant to the objective. Consider how the arrangement, interactions, and details of the scene relate to the task at hand.

**Reflective Thought:**
a. Analysis of Current Attempts:
- Attempt 1: The action taken was to go to sofa 1. The resulting observation indicates that upon arriving at sofa 1, you can see a floorlamp 1, a laptop 1, and a remotecontrol 1. This action brings you closer to the remotecontrol, which is needed for the task.
- Attempt 2: The action taken was to take remotecontrol 1 from sofa 1. The resulting observation confirms that you have successfully picked up the remotecontrol 1. This action is crucial as it allows you to interact with the remotecontrol, which is the object of interest for the task.
b. Suggestion for the Next Step:
- Since there is no summary of previously tried attempts, we only have the analysis of the current attempts to work with. Based on the current attempts, the next step to complete the task 'look at remotecontrol under the floorlamp' would be to move towards the floorlamp 1 while holding the remotecontrol 1. Once you are under the floorlamp, you can then 'look at' or examine the remotecontrol to fulfill the task's requirement.. 

**Admissible Actions List:**
(1): go to armchair 1
(2): go to coffeetable 1
(3): go to sidetable 1
(4): go to garbagecan 1
(5): go to drawer 1
(6): go to coffeetable 2
(7): go to sof1
(8): go to diningtable 1
(9): put remotecontrol 1 in/on sofa 1
(10): use floorlamp 1
(11): examine remotecontrol 1
(12): examine sofa 1

**Output Examples:**
*Example 1*:
- Admissible Actions:(1): go to bed 1, (2): go to dresser 1, (3): go to drawer 1
- Response:[BEGIN](2): go to dresser 1[END]
*Example 2*:
- Admissible Actions:(1): go to garbagecan 1, (2): take handtowel 1 from handtowelholder 1, (3): take faucet 1 from handtowelholder 1, (4): take handtowel 2 from handtowelholder 1
- Response:[BEGIN](2): take handtowel 1 from handtowelholder 1[END]

**Response:**
- Choose an action from the admissible actions list directly contributing to the task objective based on the reflective thought and the visual context, are the form: [BEGIN](i): [Selected Action][END]

Original VLM Response:
- Response:[BEGIN](10): use floorlamp 1[END]

> Action: use floorlamp 1
Running time: 3.2961838245391846 seconds

SUCCEED
