---------------------------------------------------------Scene: 94---------------------------------------------------------
--------------------------------------------------------------------------------------------------------------------------------------------------------------------
--------------------------------------------------------------------------------------------------------------------------------------------------------------------
Step:--------------------------------------------------------------------------1--------------------------------------------------------------------------
VLM Prompt:
<image>
Given an image depicting a complex scene with multiple elements, your objective is to analyze the scene of the image in relation to the specified task description and choose the appropriate action from a list of available actions to accomplish the task. There are two examples.

**Example 1:**
- Available Actions:(1): go to bed 1, (2): go to dresser 1, (3): go to drawer 1
- Response:[BEGIN](2): go to dresser 1[END]
**Example 1:**
- Available Actions:(1): go to garbagecan 1, (2): take handtowel 1 from handtowelholder 1, (3): take faucet 1 from handtowelholder 1, (4): take handtowel 2 from handtowelholder 1
- Response:[BEGIN](2): go to dresser 1[END]

**Task Description:**
The task at hand is "put two keychain in drawer". The agent must find an object of the desired type, pick it up, find the correct location to place it, put it down there, then look for another object of the desired type, pick it up, return to previous location, and put it down there with the other object.

**Available Actions:**
(1): go to bed 1
(2): go to desk 1
(3): go to shelf 1
(4): go to drawer 1
(5): go to drawer 2
(6): go to drawer 3
(7): go to sidetable 1

**Determine the appropriate action:**
- Identify relevant objects in the image related to the task.
- Evaluate each action's potential to successfully complete the task.

**Response:**
- Let's tink step-by-step.
- (i): [BEGIN][Selected Action][END]

Original VLM Response:
- (i): [BEGIN](7): go to sidetable 1[END]

> Action: go to sidetable 1
Running time: 4.586603164672852 seconds

Step:--------------------------------------------------------------------------2--------------------------------------------------------------------------
VLM Prompt:
<image>
Given an image depicting a complex scene with multiple elements, your objective is to analyze the scene of the image in relation to the specified task description and choose the appropriate action from a list of available actions to accomplish the task. There are two examples.

**Example 1:**
- Available Actions:(1): go to bed 1, (2): go to dresser 1, (3): go to drawer 1
- Response:[BEGIN](2): go to dresser 1[END]
**Example 1:**
- Available Actions:(1): go to garbagecan 1, (2): take handtowel 1 from handtowelholder 1, (3): take faucet 1 from handtowelholder 1, (4): take handtowel 2 from handtowelholder 1
- Response:[BEGIN](2): go to dresser 1[END]

**Task Description:**
The task at hand is "put two keychain in drawer". The agent must find an object of the desired type, pick it up, find the correct location to place it, put it down there, then look for another object of the desired type, pick it up, return to previous location, and put it down there with the other object.

**Available Actions:**
(1): go to bed 1
(2): go to desk 1
(3): go to shelf 1
(4): go to drawer 1
(5): go to drawer 2
(6): go to drawer 3
(7): take book 1 from sidetable 1
(8): take remotecontrol 1 from sidetable 1
(9): take cd 1 from sidetable 1
(10): take keychain 1 from sidetable 1
(11): take pen 1 from sidetable 1
(12): use desklamp 1
(13): examine sidetable 1

**Determine the appropriate action:**
- Identify relevant objects in the image related to the task.
- Evaluate each action's potential to successfully complete the task.

**Response:**
- Let's tink step-by-step.
- (i): [BEGIN][Selected Action][END]

Original VLM Response:
- (i): [BEGIN](10): take keychain 1 from sidetable 1[END]
- After taking the first keychain, the next step would be to go to the drawer to put it inside.
- (ii): [BEGIN](4): go to drawer 1[END]
- Once the first keychain is placed in the drawer, the agent needs to find the second keychain.
- Since there is only one keychain visible in the image and no other actions available to take another keychain, the agent cannot complete the task with the given information and available actions.

> Action: take keychain 1 from sidetable 1
Running time: 6.506491184234619 seconds

Step:--------------------------------------------------------------------------3--------------------------------------------------------------------------
VLM Prompt:
<image>
Given an image depicting a complex scene with multiple elements, your objective is to analyze the scene of the image in relation to the specified task description and choose the appropriate action from a list of available actions to accomplish the task. There are two examples.

**Example 1:**
- Available Actions:(1): go to bed 1, (2): go to dresser 1, (3): go to drawer 1
- Response:[BEGIN](2): go to dresser 1[END]
**Example 1:**
- Available Actions:(1): go to garbagecan 1, (2): take handtowel 1 from handtowelholder 1, (3): take faucet 1 from handtowelholder 1, (4): take handtowel 2 from handtowelholder 1
- Response:[BEGIN](2): go to dresser 1[END]

**Task Description:**
The task at hand is "put two keychain in drawer". The agent must find an object of the desired type, pick it up, find the correct location to place it, put it down there, then look for another object of the desired type, pick it up, return to previous location, and put it down there with the other object.

**Available Actions:**
(1): go to bed 1
(2): go to desk 1
(3): go to shelf 1
(4): go to drawer 1
(5): go to drawer 2
(6): go to drawer 3
(7): put keychain 1 in/on sidetable 1
(8): use desklamp 1
(9): examine keychain 1
(10): examine sidetable 1

**Determine the appropriate action:**
- Identify relevant objects in the image related to the task.
- Evaluate each action's potential to successfully complete the task.

**Response:**
- Let's tink step-by-step.
- (i): [BEGIN][Selected Action][END]

Original VLM Response:
- (i): [BEGIN](9): examine keychain 1[END]

> Action: examine keychain 1
Running time: 3.459531307220459 seconds

Step:--------------------------------------------------------------------------4--------------------------------------------------------------------------
VLM Prompt:
<image>
Given an image depicting a complex scene with multiple elements, your objective is to analyze the scene of the image in relation to the specified task description and choose the appropriate action from a list of available actions to accomplish the task. There are two examples.

**Example 1:**
- Available Actions:(1): go to bed 1, (2): go to dresser 1, (3): go to drawer 1
- Response:[BEGIN](2): go to dresser 1[END]
**Example 1:**
- Available Actions:(1): go to garbagecan 1, (2): take handtowel 1 from handtowelholder 1, (3): take faucet 1 from handtowelholder 1, (4): take handtowel 2 from handtowelholder 1
- Response:[BEGIN](2): go to dresser 1[END]

**Task Description:**
The task at hand is "put two keychain in drawer". The agent must find an object of the desired type, pick it up, find the correct location to place it, put it down there, then look for another object of the desired type, pick it up, return to previous location, and put it down there with the other object.

**Available Actions:**
(1): go to bed 1
(2): go to desk 1
(3): go to shelf 1
(4): go to drawer 1
(5): go to drawer 2
(6): go to drawer 3
(7): put keychain 1 in/on sidetable 1
(8): use desklamp 1
(9): examine keychain 1
(10): examine sidetable 1

**Determine the appropriate action:**
- Identify relevant objects in the image related to the task.
- Evaluate each action's potential to successfully complete the task.

**Response:**
- Let's tink step-by-step.
- (i): [BEGIN][Selected Action][END]

Original VLM Response:
- (i): [BEGIN](9): examine keychain 1[END]

> Action: examine keychain 1
Running time: 3.2232401371002197 seconds

Step:--------------------------------------------------------------------------5--------------------------------------------------------------------------
VLM Prompt:
<image>
Given an image depicting a complex scene with multiple elements, your objective is to analyze the scene of the image in relation to the specified task description and choose the appropriate action from a list of available actions to accomplish the task. There are two examples.

**Example 1:**
- Available Actions:(1): go to bed 1, (2): go to dresser 1, (3): go to drawer 1
- Response:[BEGIN](2): go to dresser 1[END]
**Example 1:**
- Available Actions:(1): go to garbagecan 1, (2): take handtowel 1 from handtowelholder 1, (3): take faucet 1 from handtowelholder 1, (4): take handtowel 2 from handtowelholder 1
- Response:[BEGIN](2): go to dresser 1[END]

**Task Description:**
The task at hand is "put two keychain in drawer". The agent must find an object of the desired type, pick it up, find the correct location to place it, put it down there, then look for another object of the desired type, pick it up, return to previous location, and put it down there with the other object.

**Available Actions:**
(1): go to bed 1
(2): go to desk 1
(3): go to shelf 1
(4): go to drawer 1
(5): go to drawer 2
(6): go to drawer 3
(7): put keychain 1 in/on sidetable 1
(8): use desklamp 1
(9): examine keychain 1
(10): examine sidetable 1

**Determine the appropriate action:**
- Identify relevant objects in the image related to the task.
- Evaluate each action's potential to successfully complete the task.

**Response:**
- Let's tink step-by-step.
- (i): [BEGIN][Selected Action][END]

Original VLM Response:
- (i): [BEGIN](9): examine keychain 1[END]

> Action: examine keychain 1
Running time: 4.088786840438843 seconds

Step:--------------------------------------------------------------------------6--------------------------------------------------------------------------
VLM Prompt:
<image>
Given an image depicting a complex scene with multiple elements, your objective is to analyze the scene of the image in relation to the specified task description and choose the appropriate action from a list of available actions to accomplish the task. There are two examples.

**Example 1:**
- Available Actions:(1): go to bed 1, (2): go to dresser 1, (3): go to drawer 1
- Response:[BEGIN](2): go to dresser 1[END]
**Example 1:**
- Available Actions:(1): go to garbagecan 1, (2): take handtowel 1 from handtowelholder 1, (3): take faucet 1 from handtowelholder 1, (4): take handtowel 2 from handtowelholder 1
- Response:[BEGIN](2): go to dresser 1[END]

**Task Description:**
The task at hand is "put two keychain in drawer". The agent must find an object of the desired type, pick it up, find the correct location to place it, put it down there, then look for another object of the desired type, pick it up, return to previous location, and put it down there with the other object.

**Available Actions:**
(1): go to bed 1
(2): go to desk 1
(3): go to shelf 1
(4): go to drawer 1
(5): go to drawer 2
(6): go to drawer 3
(7): put keychain 1 in/on sidetable 1
(8): use desklamp 1
(9): examine keychain 1
(10): examine sidetable 1

**Determine the appropriate action:**
- Identify relevant objects in the image related to the task.
- Evaluate each action's potential to successfully complete the task.

**Response:**
- Let's tink step-by-step.
- (i): [BEGIN][Selected Action][END]

Original VLM Response:
- (i): [BEGIN](9): examine keychain 1[END]

> Action: examine keychain 1
Running time: 4.8348729610443115 seconds

Step:--------------------------------------------------------------------------7--------------------------------------------------------------------------
VLM Prompt:
<image>
Given an image depicting a complex scene with multiple elements, your objective is to analyze the scene of the image in relation to the specified task description and choose the appropriate action from a list of available actions to accomplish the task. There are two examples.

**Example 1:**
- Available Actions:(1): go to bed 1, (2): go to dresser 1, (3): go to drawer 1
- Response:[BEGIN](2): go to dresser 1[END]
**Example 1:**
- Available Actions:(1): go to garbagecan 1, (2): take handtowel 1 from handtowelholder 1, (3): take faucet 1 from handtowelholder 1, (4): take handtowel 2 from handtowelholder 1
- Response:[BEGIN](2): go to dresser 1[END]

**Task Description:**
The task at hand is "put two keychain in drawer". The agent must find an object of the desired type, pick it up, find the correct location to place it, put it down there, then look for another object of the desired type, pick it up, return to previous location, and put it down there with the other object.

**Available Actions:**
(1): go to bed 1
(2): go to desk 1
(3): go to shelf 1
(4): go to drawer 1
(5): go to drawer 2
(6): go to drawer 3
(7): put keychain 1 in/on sidetable 1
(8): use desklamp 1
(9): examine keychain 1
(10): examine sidetable 1

**Determine the appropriate action:**
- Identify relevant objects in the image related to the task.
- Evaluate each action's potential to successfully complete the task.

**Response:**
- Let's tink step-by-step.
- (i): [BEGIN][Selected Action][END]

Original VLM Response:
- (i): [BEGIN](4): go to drawer 1[END]

> Action: go to drawer 1
Running time: 3.845767021179199 seconds

Step:--------------------------------------------------------------------------8--------------------------------------------------------------------------
VLM Prompt:
<image>
Given an image depicting a complex scene with multiple elements, your objective is to analyze the scene of the image in relation to the specified task description and choose the appropriate action from a list of available actions to accomplish the task. There are two examples.

**Example 1:**
- Available Actions:(1): go to bed 1, (2): go to dresser 1, (3): go to drawer 1
- Response:[BEGIN](2): go to dresser 1[END]
**Example 1:**
- Available Actions:(1): go to garbagecan 1, (2): take handtowel 1 from handtowelholder 1, (3): take faucet 1 from handtowelholder 1, (4): take handtowel 2 from handtowelholder 1
- Response:[BEGIN](2): go to dresser 1[END]

**Task Description:**
The task at hand is "put two keychain in drawer". The agent must find an object of the desired type, pick it up, find the correct location to place it, put it down there, then look for another object of the desired type, pick it up, return to previous location, and put it down there with the other object.

**Available Actions:**
(1): go to bed 1
(2): go to desk 1
(3): go to shelf 1
(4): go to drawer 2
(5): go to drawer 3
(6): go to sidetable 1
(7): open drawer 1
(8): close drawer 1
(9): put keychain 1 in/on drawer 1
(10): examine keychain 1
(11): examine drawer 1

**Determine the appropriate action:**
- Identify relevant objects in the image related to the task.
- Evaluate each action's potential to successfully complete the task.

**Response:**
- Let's tink step-by-step.
- (i): [BEGIN][Selected Action][END]

Original VLM Response:
- (i): [BEGIN](7): open drawer 1[END]

> Action: open drawer 1
Running time: 3.176255226135254 seconds

Step:--------------------------------------------------------------------------9--------------------------------------------------------------------------
VLM Prompt:
<image>
Given an image depicting a complex scene with multiple elements, your objective is to analyze the scene of the image in relation to the specified task description and choose the appropriate action from a list of available actions to accomplish the task. There are two examples.

**Example 1:**
- Available Actions:(1): go to bed 1, (2): go to dresser 1, (3): go to drawer 1
- Response:[BEGIN](2): go to dresser 1[END]
**Example 1:**
- Available Actions:(1): go to garbagecan 1, (2): take handtowel 1 from handtowelholder 1, (3): take faucet 1 from handtowelholder 1, (4): take handtowel 2 from handtowelholder 1
- Response:[BEGIN](2): go to dresser 1[END]

**Task Description:**
The task at hand is "put two keychain in drawer". The agent must find an object of the desired type, pick it up, find the correct location to place it, put it down there, then look for another object of the desired type, pick it up, return to previous location, and put it down there with the other object.

**Available Actions:**
(1): go to bed 1
(2): go to desk 1
(3): go to shelf 1
(4): go to drawer 2
(5): go to drawer 3
(6): go to sidetable 1
(7): open drawer 1
(8): close drawer 1
(9): put keychain 1 in/on drawer 1
(10): examine keychain 1
(11): examine drawer 1

**Determine the appropriate action:**
- Identify relevant objects in the image related to the task.
- Evaluate each action's potential to successfully complete the task.

**Response:**
- Let's tink step-by-step.
- (i): [BEGIN][Selected Action][END]

Original VLM Response:
- (i): [BEGIN](10): examine keychain 1[END]

> Action: examine keychain 1
Running time: 4.369240760803223 seconds

Step:--------------------------------------------------------------------------10--------------------------------------------------------------------------
VLM Prompt:
<image>
Given an image depicting a complex scene with multiple elements, your objective is to analyze the scene of the image in relation to the specified task description and choose the appropriate action from a list of available actions to accomplish the task. There are two examples.

**Example 1:**
- Available Actions:(1): go to bed 1, (2): go to dresser 1, (3): go to drawer 1
- Response:[BEGIN](2): go to dresser 1[END]
**Example 1:**
- Available Actions:(1): go to garbagecan 1, (2): take handtowel 1 from handtowelholder 1, (3): take faucet 1 from handtowelholder 1, (4): take handtowel 2 from handtowelholder 1
- Response:[BEGIN](2): go to dresser 1[END]

**Task Description:**
The task at hand is "put two keychain in drawer". The agent must find an object of the desired type, pick it up, find the correct location to place it, put it down there, then look for another object of the desired type, pick it up, return to previous location, and put it down there with the other object.

**Available Actions:**
(1): go to bed 1
(2): go to desk 1
(3): go to shelf 1
(4): go to drawer 2
(5): go to drawer 3
(6): go to sidetable 1
(7): open drawer 1
(8): close drawer 1
(9): put keychain 1 in/on drawer 1
(10): examine keychain 1
(11): examine drawer 1

**Determine the appropriate action:**
- Identify relevant objects in the image related to the task.
- Evaluate each action's potential to successfully complete the task.

**Response:**
- Let's tink step-by-step.
- (i): [BEGIN][Selected Action][END]

Original VLM Response:
- (i): [BEGIN](7): open drawer 1[END]
- After opening drawer 1, the agent would need to:
- (ii): [BEGIN](9): put keychain 1 in/on drawer 1[END]
- Then the agent would need to pick up the second keychain:
- (iii): [BEGIN](10): examine keychain 2[END]
- And finally, place the second keychain in the drawer with the first one:
- (iv): [BEGIN](9): put keychain 2 in/on drawer 1[END]
- After completing the task, the agent would need to:
- (v): [BEGIN](8): close drawer 1[END]

> Action: open drawer 1
Running time: 5.989252090454102 seconds

Step:--------------------------------------------------------------------------11--------------------------------------------------------------------------
VLM Prompt:
<image>
Given an image depicting a complex scene with multiple elements, your objective is to analyze the scene of the image in relation to the specified task description and choose the appropriate action from a list of available actions to accomplish the task. There are two examples.

**Example 1:**
- Available Actions:(1): go to bed 1, (2): go to dresser 1, (3): go to drawer 1
- Response:[BEGIN](2): go to dresser 1[END]
**Example 1:**
- Available Actions:(1): go to garbagecan 1, (2): take handtowel 1 from handtowelholder 1, (3): take faucet 1 from handtowelholder 1, (4): take handtowel 2 from handtowelholder 1
- Response:[BEGIN](2): go to dresser 1[END]

**Task Description:**
The task at hand is "put two keychain in drawer". The agent must find an object of the desired type, pick it up, find the correct location to place it, put it down there, then look for another object of the desired type, pick it up, return to previous location, and put it down there with the other object.

**Available Actions:**
(1): go to bed 1
(2): go to desk 1
(3): go to shelf 1
(4): go to drawer 2
(5): go to drawer 3
(6): go to sidetable 1
(7): open drawer 1
(8): close drawer 1
(9): put keychain 1 in/on drawer 1
(10): examine keychain 1
(11): examine drawer 1

**Determine the appropriate action:**
- Identify relevant objects in the image related to the task.
- Evaluate each action's potential to successfully complete the task.

**Response:**
- Let's tink step-by-step.
- (i): [BEGIN][Selected Action][END]

Original VLM Response:
- (i): [BEGIN](9): put keychain 1 in/on drawer 1[END]

> Action: put keychain 1 in/on drawer 1
Running time: 4.455320119857788 seconds

Step:--------------------------------------------------------------------------12--------------------------------------------------------------------------
VLM Prompt:
<image>
Given an image depicting a complex scene with multiple elements, your objective is to analyze the scene of the image in relation to the specified task description and choose the appropriate action from a list of available actions to accomplish the task. There are two examples.

**Example 1:**
- Available Actions:(1): go to bed 1, (2): go to dresser 1, (3): go to drawer 1
- Response:[BEGIN](2): go to dresser 1[END]
**Example 1:**
- Available Actions:(1): go to garbagecan 1, (2): take handtowel 1 from handtowelholder 1, (3): take faucet 1 from handtowelholder 1, (4): take handtowel 2 from handtowelholder 1
- Response:[BEGIN](2): go to dresser 1[END]

**Task Description:**
The task at hand is "put two keychain in drawer". The agent must find an object of the desired type, pick it up, find the correct location to place it, put it down there, then look for another object of the desired type, pick it up, return to previous location, and put it down there with the other object.

**Available Actions:**
(1): go to bed 1
(2): go to desk 1
(3): go to shelf 1
(4): go to drawer 2
(5): go to drawer 3
(6): go to sidetable 1
(7): open drawer 1
(8): close drawer 1
(9): take laptop 1 from drawer 1
(10): take television 1 from drawer 1
(11): take bowl 1 from drawer 1
(12): take bowl 2 from drawer 1
(13): take remotecontrol 2 from drawer 1
(14): take creditcard 1 from drawer 1
(15): take keychain 2 from drawer 1
(16): take pencil 1 from drawer 1
(17): examine drawer 1

**Determine the appropriate action:**
- Identify relevant objects in the image related to the task.
- Evaluate each action's potential to successfully complete the task.

**Response:**
- Let's tink step-by-step.
- (i): [BEGIN][Selected Action][END]

Original VLM Response:
- (i): [BEGIN](2): go to desk 1[END]
- (ii): [BEGIN](7): open drawer 1[END]
- (iii): [BEGIN](15): take keychain 2 from drawer 1[END]
- (iv): [BEGIN](4): go to drawer 2[END]
- (v): [BEGIN](7): open drawer 1[END] (assuming drawer 2 is a typo and should be drawer 1 since we can't open drawer 2)
- (vi): [BEGIN](15): take keychain 2 from drawer 1[END] (assuming there is another keychain 2 in the drawer which is not visible in the image)
- (vii): [BEGIN](4): go to drawer 2[END]
- (viii): [BEGIN](7): open drawer 1[END] (again, assuming drawer 2 is a typo)
- (ix): [BEGIN](17): examine drawer 1[END] (to ensure both keychains are placed correctly)

> Action: go to desk 1
Running time: 10.729768991470337 seconds

Step:--------------------------------------------------------------------------13--------------------------------------------------------------------------
VLM Prompt:
<image>
Given an image depicting a complex scene with multiple elements, your objective is to analyze the scene of the image in relation to the specified task description and choose the appropriate action from a list of available actions to accomplish the task. There are two examples.

**Example 1:**
- Available Actions:(1): go to bed 1, (2): go to dresser 1, (3): go to drawer 1
- Response:[BEGIN](2): go to dresser 1[END]
**Example 1:**
- Available Actions:(1): go to garbagecan 1, (2): take handtowel 1 from handtowelholder 1, (3): take faucet 1 from handtowelholder 1, (4): take handtowel 2 from handtowelholder 1
- Response:[BEGIN](2): go to dresser 1[END]

**Task Description:**
The task at hand is "put two keychain in drawer". The agent must find an object of the desired type, pick it up, find the correct location to place it, put it down there, then look for another object of the desired type, pick it up, return to previous location, and put it down there with the other object.

**Available Actions:**
(1): go to bed 1
(2): go to shelf 1
(3): go to drawer 1
(4): go to drawer 2
(5): go to drawer 3
(6): go to sidetable 1
(7): take laptop 1 from desk 1
(8): take television 1 from desk 1
(9): take bowl 1 from desk 1
(10): take bowl 2 from desk 1
(11): take remotecontrol 2 from desk 1
(12): take creditcard 1 from desk 1
(13): take keychain 2 from desk 1
(14): take pencil 1 from desk 1
(15): examine desk 1

**Determine the appropriate action:**
- Identify relevant objects in the image related to the task.
- Evaluate each action's potential to successfully complete the task.

**Response:**
- Let's tink step-by-step.
- (i): [BEGIN][Selected Action][END]

Original VLM Response:
- (i): [BEGIN](2): go to shelf 1[END]

> Action: go to shelf 1
Running time: 2.7280116081237793 seconds

Step:--------------------------------------------------------------------------14--------------------------------------------------------------------------
VLM Prompt:
<image>
Given an image depicting a complex scene with multiple elements, your objective is to analyze the scene of the image in relation to the specified task description and choose the appropriate action from a list of available actions to accomplish the task. There are two examples.

**Example 1:**
- Available Actions:(1): go to bed 1, (2): go to dresser 1, (3): go to drawer 1
- Response:[BEGIN](2): go to dresser 1[END]
**Example 1:**
- Available Actions:(1): go to garbagecan 1, (2): take handtowel 1 from handtowelholder 1, (3): take faucet 1 from handtowelholder 1, (4): take handtowel 2 from handtowelholder 1
- Response:[BEGIN](2): go to dresser 1[END]

**Task Description:**
The task at hand is "put two keychain in drawer". The agent must find an object of the desired type, pick it up, find the correct location to place it, put it down there, then look for another object of the desired type, pick it up, return to previous location, and put it down there with the other object.

**Available Actions:**
(1): go to bed 1
(2): go to desk 1
(3): go to drawer 1
(4): go to drawer 2
(5): go to drawer 3
(6): go to sidetable 1
(7): take laptop 1 from shelf 1
(8): take bowl 1 from shelf 1
(9): take bowl 2 from shelf 1
(10): take keychain 2 from shelf 1
(11): examine shelf 1

**Determine the appropriate action:**
- Identify relevant objects in the image related to the task.
- Evaluate each action's potential to successfully complete the task.

**Response:**
- Let's tink step-by-step.
- (i): [BEGIN][Selected Action][END]

Original VLM Response:
- (i): [BEGIN](10): take keychain 2 from shelf 1[END]
- (ii): [BEGIN](3): go to drawer 1[END]
- (iii): [BEGIN](11): examine shelf 1[END] (to find another keychain)
- (iv): [BEGIN](10): take keychain 2 from shelf 1[END] (assuming another keychain is found)
- (v): [BEGIN](3): go to drawer 1[END] (to put the second keychain with the first one)

> Action: take keychain 2 from shelf 1
Running time: 7.307185649871826 seconds

Step:--------------------------------------------------------------------------15--------------------------------------------------------------------------
VLM Prompt:
<image>
Given an image depicting a complex scene with multiple elements, your objective is to analyze the scene of the image in relation to the specified task description and choose the appropriate action from a list of available actions to accomplish the task. There are two examples.

**Example 1:**
- Available Actions:(1): go to bed 1, (2): go to dresser 1, (3): go to drawer 1
- Response:[BEGIN](2): go to dresser 1[END]
**Example 1:**
- Available Actions:(1): go to garbagecan 1, (2): take handtowel 1 from handtowelholder 1, (3): take faucet 1 from handtowelholder 1, (4): take handtowel 2 from handtowelholder 1
- Response:[BEGIN](2): go to dresser 1[END]

**Task Description:**
The task at hand is "put two keychain in drawer". The agent must find an object of the desired type, pick it up, find the correct location to place it, put it down there, then look for another object of the desired type, pick it up, return to previous location, and put it down there with the other object.

**Available Actions:**
(1): go to bed 1
(2): go to desk 1
(3): go to drawer 1
(4): go to drawer 2
(5): go to drawer 3
(6): go to sidetable 1
(7): put keychain 2 in/on shelf 1
(8): examine keychain 2
(9): examine shelf 1

**Determine the appropriate action:**
- Identify relevant objects in the image related to the task.
- Evaluate each action's potential to successfully complete the task.

**Response:**
- Let's tink step-by-step.
- (i): [BEGIN][Selected Action][END]

Original VLM Response:
- (i): [BEGIN](3): go to drawer 1[END]

> Action: go to drawer 1
Running time: 3.119887590408325 seconds

Step:--------------------------------------------------------------------------16--------------------------------------------------------------------------
VLM Prompt:
<image>
Given an image depicting a complex scene with multiple elements, your objective is to analyze the scene of the image in relation to the specified task description and choose the appropriate action from a list of available actions to accomplish the task. There are two examples.

**Example 1:**
- Available Actions:(1): go to bed 1, (2): go to dresser 1, (3): go to drawer 1
- Response:[BEGIN](2): go to dresser 1[END]
**Example 1:**
- Available Actions:(1): go to garbagecan 1, (2): take handtowel 1 from handtowelholder 1, (3): take faucet 1 from handtowelholder 1, (4): take handtowel 2 from handtowelholder 1
- Response:[BEGIN](2): go to dresser 1[END]

**Task Description:**
The task at hand is "put two keychain in drawer". The agent must find an object of the desired type, pick it up, find the correct location to place it, put it down there, then look for another object of the desired type, pick it up, return to previous location, and put it down there with the other object.

**Available Actions:**
(1): go to bed 1
(2): go to desk 1
(3): go to shelf 1
(4): go to drawer 2
(5): go to drawer 3
(6): go to sidetable 1
(7): open drawer 1
(8): close drawer 1
(9): put keychain 2 in/on drawer 1
(10): examine keychain 2
(11): examine drawer 1

**Determine the appropriate action:**
- Identify relevant objects in the image related to the task.
- Evaluate each action's potential to successfully complete the task.

**Response:**
- Let's tink step-by-step.
- (i): [BEGIN][Selected Action][END]

Original VLM Response:
- (i): [BEGIN](9): put keychain 2 in/on drawer 1[END]

> Action: put keychain 2 in/on drawer 1
Running time: 4.097696781158447 seconds

SUCCEED
