---------------------------------------------------------Scene: 45---------------------------------------------------------
--------------------------------------------------------------------------------------------------------------------------------------------------------------------
--------------------------------------------------------------------------------------------------------------------------------------------------------------------
Step:--------------------------------------------------------------------------1--------------------------------------------------------------------------
VLM Prompt:
<image>
Given images depicting complex scenes with multiple elements, your objective is to analyze scenes of the image in relation to the specified task description and choose the appropriate action from a list of available actions to accomplish the task. There are two examples.

**Example 1:**
- Available Actions:(1): go to bed 1, (2): go to dresser 1, (3): go to drawer 1
- Response:[BEGIN](2): go to dresser 1[END]
**Example 2:**
- Available Actions:(1): go to garbagecan 1, (2): take handtowel 1 from handtowelholder 1, (3): take faucet 1 from handtowelholder 1, (4): take handtowel 2 from handtowelholder 1
- Response:[BEGIN](2): take handtowel 1 from handtowelholder 1[END]

**Task Description:**
The task at hand is "cool some sliced apple and put it in microwave". The agent must find an object of the desired type, pick it up, go to a fridge, cool the object with the fridge, then find the correct location to place it, and put it down there.

**Available Actions:**
(1): go to cabinet 1
(2): go to cabinet 2
(3): go to cabinet 3
(4): go to microwave 1
(5): go to cabinet 4
(6): go to cabinet 5
(7): go to cabinet 6
(8): go to countertop 1
(9): go to coffeemachine 1
(10): go to toaster 1
(11): go to countertop 2
(12): go to sink 1
(13): go to sinkbasin 1
(14): go to fridge 1

**Determine the appropriate action:**
- Identify relevant objects in the image related to the task.
- Evaluate each action's potential to successfully complete the task.

**Response:**
- Let's tink step-by-step.
- (i): [BEGIN][Selected Action][END]

Original VLM Response:
- (i): [BEGIN](14): go to fridge 1[END]

> Action: go to fridge 1
Running time: 2.5807507038116455 seconds

Step:--------------------------------------------------------------------------2--------------------------------------------------------------------------
VLM Prompt:
<image>
<image>
Given images depicting complex scenes with multiple elements, your objective is to analyze scenes of the image in relation to the specified task description and choose the appropriate action from a list of available actions to accomplish the task. There are two examples.

**Example 1:**
- Available Actions:(1): go to bed 1, (2): go to dresser 1, (3): go to drawer 1
- Response:[BEGIN](2): go to dresser 1[END]
**Example 2:**
- Available Actions:(1): go to garbagecan 1, (2): take handtowel 1 from handtowelholder 1, (3): take faucet 1 from handtowelholder 1, (4): take handtowel 2 from handtowelholder 1
- Response:[BEGIN](2): take handtowel 1 from handtowelholder 1[END]

**Task Description:**
The task at hand is "cool some sliced apple and put it in microwave". The agent must find an object of the desired type, pick it up, go to a fridge, cool the object with the fridge, then find the correct location to place it, and put it down there.

**Available Actions:**
(1): go to cabinet 1
(2): go to cabinet 2
(3): go to cabinet 3
(4): go to microwave 1
(5): go to cabinet 4
(6): go to cabinet 5
(7): go to cabinet 6
(8): go to countertop 1
(9): go to coffeemachine 1
(10): go to toaster 1
(11): go to countertop 2
(12): go to sink 1
(13): go to sinkbasin 1
(14): open fridge 1
(15): close fridge 1
(16): examine fridge 1

**Determine the appropriate action:**
- Identify relevant objects in the image related to the task.
- Evaluate each action's potential to successfully complete the task.

**Response:**
- Let's tink step-by-step.
- (i): [BEGIN][Selected Action][END]

Original VLM Response:
(i): [BEGIN](14): open fridge 1[END].

> Action: open fridge 1
Running time: 4.338399410247803 seconds

Step:--------------------------------------------------------------------------3--------------------------------------------------------------------------
VLM Prompt:
<image>
<image>
Given images depicting complex scenes with multiple elements, your objective is to analyze scenes of the image in relation to the specified task description and choose the appropriate action from a list of available actions to accomplish the task. There are two examples.

**Example 1:**
- Available Actions:(1): go to bed 1, (2): go to dresser 1, (3): go to drawer 1
- Response:[BEGIN](2): go to dresser 1[END]
**Example 2:**
- Available Actions:(1): go to garbagecan 1, (2): take handtowel 1 from handtowelholder 1, (3): take faucet 1 from handtowelholder 1, (4): take handtowel 2 from handtowelholder 1
- Response:[BEGIN](2): take handtowel 1 from handtowelholder 1[END]

**Task Description:**
The task at hand is "cool some sliced apple and put it in microwave". The agent must find an object of the desired type, pick it up, go to a fridge, cool the object with the fridge, then find the correct location to place it, and put it down there.

**Available Actions:**
(1): go to cabinet 1
(2): go to cabinet 2
(3): go to cabinet 3
(4): go to microwave 1
(5): go to cabinet 4
(6): go to cabinet 5
(7): go to cabinet 6
(8): go to countertop 1
(9): go to coffeemachine 1
(10): go to toaster 1
(11): go to countertop 2
(12): go to sink 1
(13): go to sinkbasin 1
(14): open fridge 1
(15): close fridge 1
(16): take tomato 1 from fridge 1
(17): examine fridge 1

**Determine the appropriate action:**
- Identify relevant objects in the image related to the task.
- Evaluate each action's potential to successfully complete the task.

**Response:**
- Let's tink step-by-step.
- (i): [BEGIN][Selected Action][END]

Original VLM Response:
- (i): [BEGIN](14): open fridge 1[END].

> Action: open fridge 1
Running time: 4.42549204826355 seconds

Step:--------------------------------------------------------------------------4--------------------------------------------------------------------------
VLM Prompt:
<image>
<image>
Given images depicting complex scenes with multiple elements, your objective is to analyze scenes of the image in relation to the specified task description and choose the appropriate action from a list of available actions to accomplish the task. There are two examples.

**Example 1:**
- Available Actions:(1): go to bed 1, (2): go to dresser 1, (3): go to drawer 1
- Response:[BEGIN](2): go to dresser 1[END]
**Example 2:**
- Available Actions:(1): go to garbagecan 1, (2): take handtowel 1 from handtowelholder 1, (3): take faucet 1 from handtowelholder 1, (4): take handtowel 2 from handtowelholder 1
- Response:[BEGIN](2): take handtowel 1 from handtowelholder 1[END]

**Task Description:**
The task at hand is "cool some sliced apple and put it in microwave". The agent must find an object of the desired type, pick it up, go to a fridge, cool the object with the fridge, then find the correct location to place it, and put it down there.

**Available Actions:**
(1): go to cabinet 1
(2): go to cabinet 2
(3): go to cabinet 3
(4): go to microwave 1
(5): go to cabinet 4
(6): go to cabinet 5
(7): go to cabinet 6
(8): go to countertop 1
(9): go to coffeemachine 1
(10): go to toaster 1
(11): go to countertop 2
(12): go to sink 1
(13): go to sinkbasin 1
(14): open fridge 1
(15): close fridge 1
(16): take tomato 1 from fridge 1
(17): examine fridge 1

**Determine the appropriate action:**
- Identify relevant objects in the image related to the task.
- Evaluate each action's potential to successfully complete the task.

**Response:**
- Let's tink step-by-step.
- (i): [BEGIN][Selected Action][END]

Original VLM Response:
- (i): [BEGIN](14): open fridge 1[END]

> Action: open fridge 1
Running time: 3.544696092605591 seconds

Step:--------------------------------------------------------------------------5--------------------------------------------------------------------------
VLM Prompt:
<image>
<image>
Given images depicting complex scenes with multiple elements, your objective is to analyze scenes of the image in relation to the specified task description and choose the appropriate action from a list of available actions to accomplish the task. There are two examples.

**Example 1:**
- Available Actions:(1): go to bed 1, (2): go to dresser 1, (3): go to drawer 1
- Response:[BEGIN](2): go to dresser 1[END]
**Example 2:**
- Available Actions:(1): go to garbagecan 1, (2): take handtowel 1 from handtowelholder 1, (3): take faucet 1 from handtowelholder 1, (4): take handtowel 2 from handtowelholder 1
- Response:[BEGIN](2): take handtowel 1 from handtowelholder 1[END]

**Task Description:**
The task at hand is "cool some sliced apple and put it in microwave". The agent must find an object of the desired type, pick it up, go to a fridge, cool the object with the fridge, then find the correct location to place it, and put it down there.

**Available Actions:**
(1): go to cabinet 1
(2): go to cabinet 2
(3): go to cabinet 3
(4): go to microwave 1
(5): go to cabinet 4
(6): go to cabinet 5
(7): go to cabinet 6
(8): go to countertop 1
(9): go to coffeemachine 1
(10): go to toaster 1
(11): go to countertop 2
(12): go to sink 1
(13): go to sinkbasin 1
(14): open fridge 1
(15): close fridge 1
(16): take tomato 1 from fridge 1
(17): examine fridge 1

**Determine the appropriate action:**
- Identify relevant objects in the image related to the task.
- Evaluate each action's potential to successfully complete the task.

**Response:**
- Let's tink step-by-step.
- (i): [BEGIN][Selected Action][END]

Original VLM Response:
- (i): [BEGIN](14): open fridge 1[END]

> Action: open fridge 1
Running time: 2.7838664054870605 seconds

Step:--------------------------------------------------------------------------6--------------------------------------------------------------------------
VLM Prompt:
<image>
<image>
Given images depicting complex scenes with multiple elements, your objective is to analyze scenes of the image in relation to the specified task description and choose the appropriate action from a list of available actions to accomplish the task. There are two examples.

**Example 1:**
- Available Actions:(1): go to bed 1, (2): go to dresser 1, (3): go to drawer 1
- Response:[BEGIN](2): go to dresser 1[END]
**Example 2:**
- Available Actions:(1): go to garbagecan 1, (2): take handtowel 1 from handtowelholder 1, (3): take faucet 1 from handtowelholder 1, (4): take handtowel 2 from handtowelholder 1
- Response:[BEGIN](2): take handtowel 1 from handtowelholder 1[END]

**Task Description:**
The task at hand is "cool some sliced apple and put it in microwave". The agent must find an object of the desired type, pick it up, go to a fridge, cool the object with the fridge, then find the correct location to place it, and put it down there.

**Available Actions:**
(1): go to cabinet 1
(2): go to cabinet 2
(3): go to cabinet 3
(4): go to microwave 1
(5): go to cabinet 4
(6): go to cabinet 5
(7): go to cabinet 6
(8): go to countertop 1
(9): go to coffeemachine 1
(10): go to toaster 1
(11): go to countertop 2
(12): go to sink 1
(13): go to sinkbasin 1
(14): open fridge 1
(15): close fridge 1
(16): take tomato 1 from fridge 1
(17): examine fridge 1

**Determine the appropriate action:**
- Identify relevant objects in the image related to the task.
- Evaluate each action's potential to successfully complete the task.

**Response:**
- Let's tink step-by-step.
- (i): [BEGIN][Selected Action][END]

Original VLM Response:
- (i): [BEGIN](14): open fridge 1[END]

> Action: open fridge 1
Running time: 2.462876319885254 seconds

Step:--------------------------------------------------------------------------7--------------------------------------------------------------------------
VLM Prompt:
<image>
<image>
Given images depicting complex scenes with multiple elements, your objective is to analyze scenes of the image in relation to the specified task description and choose the appropriate action from a list of available actions to accomplish the task. There are two examples.

**Example 1:**
- Available Actions:(1): go to bed 1, (2): go to dresser 1, (3): go to drawer 1
- Response:[BEGIN](2): go to dresser 1[END]
**Example 2:**
- Available Actions:(1): go to garbagecan 1, (2): take handtowel 1 from handtowelholder 1, (3): take faucet 1 from handtowelholder 1, (4): take handtowel 2 from handtowelholder 1
- Response:[BEGIN](2): take handtowel 1 from handtowelholder 1[END]

**Task Description:**
The task at hand is "cool some sliced apple and put it in microwave". The agent must find an object of the desired type, pick it up, go to a fridge, cool the object with the fridge, then find the correct location to place it, and put it down there.

**Available Actions:**
(1): go to cabinet 1
(2): go to cabinet 2
(3): go to cabinet 3
(4): go to microwave 1
(5): go to cabinet 4
(6): go to cabinet 5
(7): go to cabinet 6
(8): go to countertop 1
(9): go to coffeemachine 1
(10): go to toaster 1
(11): go to countertop 2
(12): go to sink 1
(13): go to sinkbasin 1
(14): open fridge 1
(15): close fridge 1
(16): take tomato 1 from fridge 1
(17): examine fridge 1

**Determine the appropriate action:**
- Identify relevant objects in the image related to the task.
- Evaluate each action's potential to successfully complete the task.

**Response:**
- Let's tink step-by-step.
- (i): [BEGIN][Selected Action][END]

Original VLM Response:
- (i): [BEGIN](14): open fridge 1[END]

> Action: open fridge 1
Running time: 3.473809003829956 seconds

Step:--------------------------------------------------------------------------8--------------------------------------------------------------------------
VLM Prompt:
<image>
<image>
Given images depicting complex scenes with multiple elements, your objective is to analyze scenes of the image in relation to the specified task description and choose the appropriate action from a list of available actions to accomplish the task. There are two examples.

**Example 1:**
- Available Actions:(1): go to bed 1, (2): go to dresser 1, (3): go to drawer 1
- Response:[BEGIN](2): go to dresser 1[END]
**Example 2:**
- Available Actions:(1): go to garbagecan 1, (2): take handtowel 1 from handtowelholder 1, (3): take faucet 1 from handtowelholder 1, (4): take handtowel 2 from handtowelholder 1
- Response:[BEGIN](2): take handtowel 1 from handtowelholder 1[END]

**Task Description:**
The task at hand is "cool some sliced apple and put it in microwave". The agent must find an object of the desired type, pick it up, go to a fridge, cool the object with the fridge, then find the correct location to place it, and put it down there.

**Available Actions:**
(1): go to cabinet 1
(2): go to cabinet 2
(3): go to cabinet 3
(4): go to microwave 1
(5): go to cabinet 4
(6): go to cabinet 5
(7): go to cabinet 6
(8): go to countertop 1
(9): go to coffeemachine 1
(10): go to toaster 1
(11): go to countertop 2
(12): go to sink 1
(13): go to sinkbasin 1
(14): open fridge 1
(15): close fridge 1
(16): take tomato 1 from fridge 1
(17): examine fridge 1

**Determine the appropriate action:**
- Identify relevant objects in the image related to the task.
- Evaluate each action's potential to successfully complete the task.

**Response:**
- Let's tink step-by-step.
- (i): [BEGIN][Selected Action][END]

Original VLM Response:
- (i): [BEGIN](14): open fridge 1[END]

> Action: open fridge 1
Running time: 2.517216205596924 seconds

Step:--------------------------------------------------------------------------9--------------------------------------------------------------------------
VLM Prompt:
<image>
<image>
Given images depicting complex scenes with multiple elements, your objective is to analyze scenes of the image in relation to the specified task description and choose the appropriate action from a list of available actions to accomplish the task. There are two examples.

**Example 1:**
- Available Actions:(1): go to bed 1, (2): go to dresser 1, (3): go to drawer 1
- Response:[BEGIN](2): go to dresser 1[END]
**Example 2:**
- Available Actions:(1): go to garbagecan 1, (2): take handtowel 1 from handtowelholder 1, (3): take faucet 1 from handtowelholder 1, (4): take handtowel 2 from handtowelholder 1
- Response:[BEGIN](2): take handtowel 1 from handtowelholder 1[END]

**Task Description:**
The task at hand is "cool some sliced apple and put it in microwave". The agent must find an object of the desired type, pick it up, go to a fridge, cool the object with the fridge, then find the correct location to place it, and put it down there.

**Available Actions:**
(1): go to cabinet 1
(2): go to cabinet 2
(3): go to cabinet 3
(4): go to microwave 1
(5): go to cabinet 4
(6): go to cabinet 5
(7): go to cabinet 6
(8): go to countertop 1
(9): go to coffeemachine 1
(10): go to toaster 1
(11): go to countertop 2
(12): go to sink 1
(13): go to sinkbasin 1
(14): open fridge 1
(15): close fridge 1
(16): take tomato 1 from fridge 1
(17): examine fridge 1

**Determine the appropriate action:**
- Identify relevant objects in the image related to the task.
- Evaluate each action's potential to successfully complete the task.

**Response:**
- Let's tink step-by-step.
- (i): [BEGIN][Selected Action][END]

Original VLM Response:
- (i): [BEGIN](14): open fridge 1[END]

> Action: open fridge 1
Running time: 3.3101329803466797 seconds

Step:--------------------------------------------------------------------------10--------------------------------------------------------------------------
VLM Prompt:
<image>
<image>
Given images depicting complex scenes with multiple elements, your objective is to analyze scenes of the image in relation to the specified task description and choose the appropriate action from a list of available actions to accomplish the task. There are two examples.

**Example 1:**
- Available Actions:(1): go to bed 1, (2): go to dresser 1, (3): go to drawer 1
- Response:[BEGIN](2): go to dresser 1[END]
**Example 2:**
- Available Actions:(1): go to garbagecan 1, (2): take handtowel 1 from handtowelholder 1, (3): take faucet 1 from handtowelholder 1, (4): take handtowel 2 from handtowelholder 1
- Response:[BEGIN](2): take handtowel 1 from handtowelholder 1[END]

**Task Description:**
The task at hand is "cool some sliced apple and put it in microwave". The agent must find an object of the desired type, pick it up, go to a fridge, cool the object with the fridge, then find the correct location to place it, and put it down there.

**Available Actions:**
(1): go to cabinet 1
(2): go to cabinet 2
(3): go to cabinet 3
(4): go to microwave 1
(5): go to cabinet 4
(6): go to cabinet 5
(7): go to cabinet 6
(8): go to countertop 1
(9): go to coffeemachine 1
(10): go to toaster 1
(11): go to countertop 2
(12): go to sink 1
(13): go to sinkbasin 1
(14): open fridge 1
(15): close fridge 1
(16): take tomato 1 from fridge 1
(17): examine fridge 1

**Determine the appropriate action:**
- Identify relevant objects in the image related to the task.
- Evaluate each action's potential to successfully complete the task.

**Response:**
- Let's tink step-by-step.
- (i): [BEGIN][Selected Action][END]

Original VLM Response:
- (i): [BEGIN](14): open fridge 1[END]

> Action: open fridge 1
Running time: 2.7096683979034424 seconds

Step:--------------------------------------------------------------------------11--------------------------------------------------------------------------
VLM Prompt:
<image>
<image>
Given images depicting complex scenes with multiple elements, your objective is to analyze scenes of the image in relation to the specified task description and choose the appropriate action from a list of available actions to accomplish the task. There are two examples.

**Example 1:**
- Available Actions:(1): go to bed 1, (2): go to dresser 1, (3): go to drawer 1
- Response:[BEGIN](2): go to dresser 1[END]
**Example 2:**
- Available Actions:(1): go to garbagecan 1, (2): take handtowel 1 from handtowelholder 1, (3): take faucet 1 from handtowelholder 1, (4): take handtowel 2 from handtowelholder 1
- Response:[BEGIN](2): take handtowel 1 from handtowelholder 1[END]

**Task Description:**
The task at hand is "cool some sliced apple and put it in microwave". The agent must find an object of the desired type, pick it up, go to a fridge, cool the object with the fridge, then find the correct location to place it, and put it down there.

**Available Actions:**
(1): go to cabinet 1
(2): go to cabinet 2
(3): go to cabinet 3
(4): go to microwave 1
(5): go to cabinet 4
(6): go to cabinet 5
(7): go to cabinet 6
(8): go to countertop 1
(9): go to coffeemachine 1
(10): go to toaster 1
(11): go to countertop 2
(12): go to sink 1
(13): go to sinkbasin 1
(14): open fridge 1
(15): close fridge 1
(16): take tomato 1 from fridge 1
(17): examine fridge 1

**Determine the appropriate action:**
- Identify relevant objects in the image related to the task.
- Evaluate each action's potential to successfully complete the task.

**Response:**
- Let's tink step-by-step.
- (i): [BEGIN][Selected Action][END]

Original VLM Response:
- (i): [BEGIN](14): open fridge 1[END]

> Action: open fridge 1
Running time: 3.492844343185425 seconds

Step:--------------------------------------------------------------------------12--------------------------------------------------------------------------
VLM Prompt:
<image>
<image>
Given images depicting complex scenes with multiple elements, your objective is to analyze scenes of the image in relation to the specified task description and choose the appropriate action from a list of available actions to accomplish the task. There are two examples.

**Example 1:**
- Available Actions:(1): go to bed 1, (2): go to dresser 1, (3): go to drawer 1
- Response:[BEGIN](2): go to dresser 1[END]
**Example 2:**
- Available Actions:(1): go to garbagecan 1, (2): take handtowel 1 from handtowelholder 1, (3): take faucet 1 from handtowelholder 1, (4): take handtowel 2 from handtowelholder 1
- Response:[BEGIN](2): take handtowel 1 from handtowelholder 1[END]

**Task Description:**
The task at hand is "cool some sliced apple and put it in microwave". The agent must find an object of the desired type, pick it up, go to a fridge, cool the object with the fridge, then find the correct location to place it, and put it down there.

**Available Actions:**
(1): go to cabinet 1
(2): go to cabinet 2
(3): go to cabinet 3
(4): go to microwave 1
(5): go to cabinet 4
(6): go to cabinet 5
(7): go to cabinet 6
(8): go to countertop 1
(9): go to coffeemachine 1
(10): go to toaster 1
(11): go to countertop 2
(12): go to sink 1
(13): go to sinkbasin 1
(14): open fridge 1
(15): close fridge 1
(16): take tomato 1 from fridge 1
(17): examine fridge 1

**Determine the appropriate action:**
- Identify relevant objects in the image related to the task.
- Evaluate each action's potential to successfully complete the task.

**Response:**
- Let's tink step-by-step.
- (i): [BEGIN][Selected Action][END]

Original VLM Response:
- (i): [BEGIN](14): open fridge 1[END]

> Action: open fridge 1
Running time: 2.7866950035095215 seconds

Step:--------------------------------------------------------------------------13--------------------------------------------------------------------------
VLM Prompt:
<image>
<image>
Given images depicting complex scenes with multiple elements, your objective is to analyze scenes of the image in relation to the specified task description and choose the appropriate action from a list of available actions to accomplish the task. There are two examples.

**Example 1:**
- Available Actions:(1): go to bed 1, (2): go to dresser 1, (3): go to drawer 1
- Response:[BEGIN](2): go to dresser 1[END]
**Example 2:**
- Available Actions:(1): go to garbagecan 1, (2): take handtowel 1 from handtowelholder 1, (3): take faucet 1 from handtowelholder 1, (4): take handtowel 2 from handtowelholder 1
- Response:[BEGIN](2): take handtowel 1 from handtowelholder 1[END]

**Task Description:**
The task at hand is "cool some sliced apple and put it in microwave". The agent must find an object of the desired type, pick it up, go to a fridge, cool the object with the fridge, then find the correct location to place it, and put it down there.

**Available Actions:**
(1): go to cabinet 1
(2): go to cabinet 2
(3): go to cabinet 3
(4): go to microwave 1
(5): go to cabinet 4
(6): go to cabinet 5
(7): go to cabinet 6
(8): go to countertop 1
(9): go to coffeemachine 1
(10): go to toaster 1
(11): go to countertop 2
(12): go to sink 1
(13): go to sinkbasin 1
(14): open fridge 1
(15): close fridge 1
(16): take tomato 1 from fridge 1
(17): examine fridge 1

**Determine the appropriate action:**
- Identify relevant objects in the image related to the task.
- Evaluate each action's potential to successfully complete the task.

**Response:**
- Let's tink step-by-step.
- (i): [BEGIN][Selected Action][END]

Original VLM Response:
- (i): [BEGIN](14): open fridge 1[END]

> Action: open fridge 1
Running time: 3.134511947631836 seconds

Step:--------------------------------------------------------------------------14--------------------------------------------------------------------------
VLM Prompt:
<image>
<image>
Given images depicting complex scenes with multiple elements, your objective is to analyze scenes of the image in relation to the specified task description and choose the appropriate action from a list of available actions to accomplish the task. There are two examples.

**Example 1:**
- Available Actions:(1): go to bed 1, (2): go to dresser 1, (3): go to drawer 1
- Response:[BEGIN](2): go to dresser 1[END]
**Example 2:**
- Available Actions:(1): go to garbagecan 1, (2): take handtowel 1 from handtowelholder 1, (3): take faucet 1 from handtowelholder 1, (4): take handtowel 2 from handtowelholder 1
- Response:[BEGIN](2): take handtowel 1 from handtowelholder 1[END]

**Task Description:**
The task at hand is "cool some sliced apple and put it in microwave". The agent must find an object of the desired type, pick it up, go to a fridge, cool the object with the fridge, then find the correct location to place it, and put it down there.

**Available Actions:**
(1): go to cabinet 1
(2): go to cabinet 2
(3): go to cabinet 3
(4): go to microwave 1
(5): go to cabinet 4
(6): go to cabinet 5
(7): go to cabinet 6
(8): go to countertop 1
(9): go to coffeemachine 1
(10): go to toaster 1
(11): go to countertop 2
(12): go to sink 1
(13): go to sinkbasin 1
(14): open fridge 1
(15): close fridge 1
(16): take tomato 1 from fridge 1
(17): examine fridge 1

**Determine the appropriate action:**
- Identify relevant objects in the image related to the task.
- Evaluate each action's potential to successfully complete the task.

**Response:**
- Let's tink step-by-step.
- (i): [BEGIN][Selected Action][END]

Original VLM Response:
- (i): [BEGIN](14): open fridge 1[END]

> Action: open fridge 1
Running time: 2.5236947536468506 seconds

Step:--------------------------------------------------------------------------15--------------------------------------------------------------------------
VLM Prompt:
<image>
<image>
Given images depicting complex scenes with multiple elements, your objective is to analyze scenes of the image in relation to the specified task description and choose the appropriate action from a list of available actions to accomplish the task. There are two examples.

**Example 1:**
- Available Actions:(1): go to bed 1, (2): go to dresser 1, (3): go to drawer 1
- Response:[BEGIN](2): go to dresser 1[END]
**Example 2:**
- Available Actions:(1): go to garbagecan 1, (2): take handtowel 1 from handtowelholder 1, (3): take faucet 1 from handtowelholder 1, (4): take handtowel 2 from handtowelholder 1
- Response:[BEGIN](2): take handtowel 1 from handtowelholder 1[END]

**Task Description:**
The task at hand is "cool some sliced apple and put it in microwave". The agent must find an object of the desired type, pick it up, go to a fridge, cool the object with the fridge, then find the correct location to place it, and put it down there.

**Available Actions:**
(1): go to cabinet 1
(2): go to cabinet 2
(3): go to cabinet 3
(4): go to microwave 1
(5): go to cabinet 4
(6): go to cabinet 5
(7): go to cabinet 6
(8): go to countertop 1
(9): go to coffeemachine 1
(10): go to toaster 1
(11): go to countertop 2
(12): go to sink 1
(13): go to sinkbasin 1
(14): open fridge 1
(15): close fridge 1
(16): take tomato 1 from fridge 1
(17): examine fridge 1

**Determine the appropriate action:**
- Identify relevant objects in the image related to the task.
- Evaluate each action's potential to successfully complete the task.

**Response:**
- Let's tink step-by-step.
- (i): [BEGIN][Selected Action][END]

Original VLM Response:
- (i): [BEGIN](14): open fridge 1[END]

> Action: open fridge 1
Running time: 2.4504830837249756 seconds

Step:--------------------------------------------------------------------------16--------------------------------------------------------------------------
VLM Prompt:
<image>
<image>
Given images depicting complex scenes with multiple elements, your objective is to analyze scenes of the image in relation to the specified task description and choose the appropriate action from a list of available actions to accomplish the task. There are two examples.

**Example 1:**
- Available Actions:(1): go to bed 1, (2): go to dresser 1, (3): go to drawer 1
- Response:[BEGIN](2): go to dresser 1[END]
**Example 2:**
- Available Actions:(1): go to garbagecan 1, (2): take handtowel 1 from handtowelholder 1, (3): take faucet 1 from handtowelholder 1, (4): take handtowel 2 from handtowelholder 1
- Response:[BEGIN](2): take handtowel 1 from handtowelholder 1[END]

**Task Description:**
The task at hand is "cool some sliced apple and put it in microwave". The agent must find an object of the desired type, pick it up, go to a fridge, cool the object with the fridge, then find the correct location to place it, and put it down there.

**Available Actions:**
(1): go to cabinet 1
(2): go to cabinet 2
(3): go to cabinet 3
(4): go to microwave 1
(5): go to cabinet 4
(6): go to cabinet 5
(7): go to cabinet 6
(8): go to countertop 1
(9): go to coffeemachine 1
(10): go to toaster 1
(11): go to countertop 2
(12): go to sink 1
(13): go to sinkbasin 1
(14): open fridge 1
(15): close fridge 1
(16): take tomato 1 from fridge 1
(17): examine fridge 1

**Determine the appropriate action:**
- Identify relevant objects in the image related to the task.
- Evaluate each action's potential to successfully complete the task.

**Response:**
- Let's tink step-by-step.
- (i): [BEGIN][Selected Action][END]

Original VLM Response:
- (i): [BEGIN](14): open fridge 1[END]

> Action: open fridge 1
Running time: 2.440638780593872 seconds

Step:--------------------------------------------------------------------------17--------------------------------------------------------------------------
VLM Prompt:
<image>
<image>
Given images depicting complex scenes with multiple elements, your objective is to analyze scenes of the image in relation to the specified task description and choose the appropriate action from a list of available actions to accomplish the task. There are two examples.

**Example 1:**
- Available Actions:(1): go to bed 1, (2): go to dresser 1, (3): go to drawer 1
- Response:[BEGIN](2): go to dresser 1[END]
**Example 2:**
- Available Actions:(1): go to garbagecan 1, (2): take handtowel 1 from handtowelholder 1, (3): take faucet 1 from handtowelholder 1, (4): take handtowel 2 from handtowelholder 1
- Response:[BEGIN](2): take handtowel 1 from handtowelholder 1[END]

**Task Description:**
The task at hand is "cool some sliced apple and put it in microwave". The agent must find an object of the desired type, pick it up, go to a fridge, cool the object with the fridge, then find the correct location to place it, and put it down there.

**Available Actions:**
(1): go to cabinet 1
(2): go to cabinet 2
(3): go to cabinet 3
(4): go to microwave 1
(5): go to cabinet 4
(6): go to cabinet 5
(7): go to cabinet 6
(8): go to countertop 1
(9): go to coffeemachine 1
(10): go to toaster 1
(11): go to countertop 2
(12): go to sink 1
(13): go to sinkbasin 1
(14): open fridge 1
(15): close fridge 1
(16): take tomato 1 from fridge 1
(17): examine fridge 1

**Determine the appropriate action:**
- Identify relevant objects in the image related to the task.
- Evaluate each action's potential to successfully complete the task.

**Response:**
- Let's tink step-by-step.
- (i): [BEGIN][Selected Action][END]

Original VLM Response:
- (i): [BEGIN](14): open fridge 1[END]

> Action: open fridge 1
Running time: 3.4531993865966797 seconds

Step:--------------------------------------------------------------------------18--------------------------------------------------------------------------
VLM Prompt:
<image>
<image>
Given images depicting complex scenes with multiple elements, your objective is to analyze scenes of the image in relation to the specified task description and choose the appropriate action from a list of available actions to accomplish the task. There are two examples.

**Example 1:**
- Available Actions:(1): go to bed 1, (2): go to dresser 1, (3): go to drawer 1
- Response:[BEGIN](2): go to dresser 1[END]
**Example 2:**
- Available Actions:(1): go to garbagecan 1, (2): take handtowel 1 from handtowelholder 1, (3): take faucet 1 from handtowelholder 1, (4): take handtowel 2 from handtowelholder 1
- Response:[BEGIN](2): take handtowel 1 from handtowelholder 1[END]

**Task Description:**
The task at hand is "cool some sliced apple and put it in microwave". The agent must find an object of the desired type, pick it up, go to a fridge, cool the object with the fridge, then find the correct location to place it, and put it down there.

**Available Actions:**
(1): go to cabinet 1
(2): go to cabinet 2
(3): go to cabinet 3
(4): go to microwave 1
(5): go to cabinet 4
(6): go to cabinet 5
(7): go to cabinet 6
(8): go to countertop 1
(9): go to coffeemachine 1
(10): go to toaster 1
(11): go to countertop 2
(12): go to sink 1
(13): go to sinkbasin 1
(14): open fridge 1
(15): close fridge 1
(16): take tomato 1 from fridge 1
(17): examine fridge 1

**Determine the appropriate action:**
- Identify relevant objects in the image related to the task.
- Evaluate each action's potential to successfully complete the task.

**Response:**
- Let's tink step-by-step.
- (i): [BEGIN][Selected Action][END]

Original VLM Response:
- (i): [BEGIN](14): open fridge 1[END]

> Action: open fridge 1
Running time: 3.3108530044555664 seconds

Step:--------------------------------------------------------------------------19--------------------------------------------------------------------------
VLM Prompt:
<image>
<image>
Given images depicting complex scenes with multiple elements, your objective is to analyze scenes of the image in relation to the specified task description and choose the appropriate action from a list of available actions to accomplish the task. There are two examples.

**Example 1:**
- Available Actions:(1): go to bed 1, (2): go to dresser 1, (3): go to drawer 1
- Response:[BEGIN](2): go to dresser 1[END]
**Example 2:**
- Available Actions:(1): go to garbagecan 1, (2): take handtowel 1 from handtowelholder 1, (3): take faucet 1 from handtowelholder 1, (4): take handtowel 2 from handtowelholder 1
- Response:[BEGIN](2): take handtowel 1 from handtowelholder 1[END]

**Task Description:**
The task at hand is "cool some sliced apple and put it in microwave". The agent must find an object of the desired type, pick it up, go to a fridge, cool the object with the fridge, then find the correct location to place it, and put it down there.

**Available Actions:**
(1): go to cabinet 1
(2): go to cabinet 2
(3): go to cabinet 3
(4): go to microwave 1
(5): go to cabinet 4
(6): go to cabinet 5
(7): go to cabinet 6
(8): go to countertop 1
(9): go to coffeemachine 1
(10): go to toaster 1
(11): go to countertop 2
(12): go to sink 1
(13): go to sinkbasin 1
(14): open fridge 1
(15): close fridge 1
(16): take tomato 1 from fridge 1
(17): examine fridge 1

**Determine the appropriate action:**
- Identify relevant objects in the image related to the task.
- Evaluate each action's potential to successfully complete the task.

**Response:**
- Let's tink step-by-step.
- (i): [BEGIN][Selected Action][END]

Original VLM Response:
- (i): [BEGIN](14): open fridge 1[END]

> Action: open fridge 1
Running time: 2.419788360595703 seconds

Step:--------------------------------------------------------------------------20--------------------------------------------------------------------------
VLM Prompt:
<image>
<image>
Given images depicting complex scenes with multiple elements, your objective is to analyze scenes of the image in relation to the specified task description and choose the appropriate action from a list of available actions to accomplish the task. There are two examples.

**Example 1:**
- Available Actions:(1): go to bed 1, (2): go to dresser 1, (3): go to drawer 1
- Response:[BEGIN](2): go to dresser 1[END]
**Example 2:**
- Available Actions:(1): go to garbagecan 1, (2): take handtowel 1 from handtowelholder 1, (3): take faucet 1 from handtowelholder 1, (4): take handtowel 2 from handtowelholder 1
- Response:[BEGIN](2): take handtowel 1 from handtowelholder 1[END]

**Task Description:**
The task at hand is "cool some sliced apple and put it in microwave". The agent must find an object of the desired type, pick it up, go to a fridge, cool the object with the fridge, then find the correct location to place it, and put it down there.

**Available Actions:**
(1): go to cabinet 1
(2): go to cabinet 2
(3): go to cabinet 3
(4): go to microwave 1
(5): go to cabinet 4
(6): go to cabinet 5
(7): go to cabinet 6
(8): go to countertop 1
(9): go to coffeemachine 1
(10): go to toaster 1
(11): go to countertop 2
(12): go to sink 1
(13): go to sinkbasin 1
(14): open fridge 1
(15): close fridge 1
(16): take tomato 1 from fridge 1
(17): examine fridge 1

**Determine the appropriate action:**
- Identify relevant objects in the image related to the task.
- Evaluate each action's potential to successfully complete the task.

**Response:**
- Let's tink step-by-step.
- (i): [BEGIN][Selected Action][END]

Original VLM Response:
- (i): [BEGIN](14): open fridge 1[END]

> Action: open fridge 1
Running time: 3.66680645942688 seconds

Step:--------------------------------------------------------------------------21--------------------------------------------------------------------------
VLM Prompt:
<image>
<image>
Given images depicting complex scenes with multiple elements, your objective is to analyze scenes of the image in relation to the specified task description and choose the appropriate action from a list of available actions to accomplish the task. There are two examples.

**Example 1:**
- Available Actions:(1): go to bed 1, (2): go to dresser 1, (3): go to drawer 1
- Response:[BEGIN](2): go to dresser 1[END]
**Example 2:**
- Available Actions:(1): go to garbagecan 1, (2): take handtowel 1 from handtowelholder 1, (3): take faucet 1 from handtowelholder 1, (4): take handtowel 2 from handtowelholder 1
- Response:[BEGIN](2): take handtowel 1 from handtowelholder 1[END]

**Task Description:**
The task at hand is "cool some sliced apple and put it in microwave". The agent must find an object of the desired type, pick it up, go to a fridge, cool the object with the fridge, then find the correct location to place it, and put it down there.

**Available Actions:**
(1): go to cabinet 1
(2): go to cabinet 2
(3): go to cabinet 3
(4): go to microwave 1
(5): go to cabinet 4
(6): go to cabinet 5
(7): go to cabinet 6
(8): go to countertop 1
(9): go to coffeemachine 1
(10): go to toaster 1
(11): go to countertop 2
(12): go to sink 1
(13): go to sinkbasin 1
(14): open fridge 1
(15): close fridge 1
(16): take tomato 1 from fridge 1
(17): examine fridge 1

**Determine the appropriate action:**
- Identify relevant objects in the image related to the task.
- Evaluate each action's potential to successfully complete the task.

**Response:**
- Let's tink step-by-step.
- (i): [BEGIN][Selected Action][END]

Original VLM Response:
- (i): [BEGIN](14): open fridge 1[END]

> Action: open fridge 1
Running time: 2.8306126594543457 seconds

Step:--------------------------------------------------------------------------22--------------------------------------------------------------------------
VLM Prompt:
<image>
<image>
Given images depicting complex scenes with multiple elements, your objective is to analyze scenes of the image in relation to the specified task description and choose the appropriate action from a list of available actions to accomplish the task. There are two examples.

**Example 1:**
- Available Actions:(1): go to bed 1, (2): go to dresser 1, (3): go to drawer 1
- Response:[BEGIN](2): go to dresser 1[END]
**Example 2:**
- Available Actions:(1): go to garbagecan 1, (2): take handtowel 1 from handtowelholder 1, (3): take faucet 1 from handtowelholder 1, (4): take handtowel 2 from handtowelholder 1
- Response:[BEGIN](2): take handtowel 1 from handtowelholder 1[END]

**Task Description:**
The task at hand is "cool some sliced apple and put it in microwave". The agent must find an object of the desired type, pick it up, go to a fridge, cool the object with the fridge, then find the correct location to place it, and put it down there.

**Available Actions:**
(1): go to cabinet 1
(2): go to cabinet 2
(3): go to cabinet 3
(4): go to microwave 1
(5): go to cabinet 4
(6): go to cabinet 5
(7): go to cabinet 6
(8): go to countertop 1
(9): go to coffeemachine 1
(10): go to toaster 1
(11): go to countertop 2
(12): go to sink 1
(13): go to sinkbasin 1
(14): open fridge 1
(15): close fridge 1
(16): take tomato 1 from fridge 1
(17): examine fridge 1

**Determine the appropriate action:**
- Identify relevant objects in the image related to the task.
- Evaluate each action's potential to successfully complete the task.

**Response:**
- Let's tink step-by-step.
- (i): [BEGIN][Selected Action][END]

Original VLM Response:
- (i): [BEGIN](14): open fridge 1[END]

> Action: open fridge 1
Running time: 2.221858263015747 seconds

Step:--------------------------------------------------------------------------23--------------------------------------------------------------------------
VLM Prompt:
<image>
<image>
Given images depicting complex scenes with multiple elements, your objective is to analyze scenes of the image in relation to the specified task description and choose the appropriate action from a list of available actions to accomplish the task. There are two examples.

**Example 1:**
- Available Actions:(1): go to bed 1, (2): go to dresser 1, (3): go to drawer 1
- Response:[BEGIN](2): go to dresser 1[END]
**Example 2:**
- Available Actions:(1): go to garbagecan 1, (2): take handtowel 1 from handtowelholder 1, (3): take faucet 1 from handtowelholder 1, (4): take handtowel 2 from handtowelholder 1
- Response:[BEGIN](2): take handtowel 1 from handtowelholder 1[END]

**Task Description:**
The task at hand is "cool some sliced apple and put it in microwave". The agent must find an object of the desired type, pick it up, go to a fridge, cool the object with the fridge, then find the correct location to place it, and put it down there.

**Available Actions:**
(1): go to cabinet 1
(2): go to cabinet 2
(3): go to cabinet 3
(4): go to microwave 1
(5): go to cabinet 4
(6): go to cabinet 5
(7): go to cabinet 6
(8): go to countertop 1
(9): go to coffeemachine 1
(10): go to toaster 1
(11): go to countertop 2
(12): go to sink 1
(13): go to sinkbasin 1
(14): open fridge 1
(15): close fridge 1
(16): take tomato 1 from fridge 1
(17): examine fridge 1

**Determine the appropriate action:**
- Identify relevant objects in the image related to the task.
- Evaluate each action's potential to successfully complete the task.

**Response:**
- Let's tink step-by-step.
- (i): [BEGIN][Selected Action][END]

Original VLM Response:
- (i): [BEGIN](14): open fridge 1[END]

> Action: open fridge 1
Running time: 3.3828063011169434 seconds

Step:--------------------------------------------------------------------------24--------------------------------------------------------------------------
VLM Prompt:
<image>
<image>
Given images depicting complex scenes with multiple elements, your objective is to analyze scenes of the image in relation to the specified task description and choose the appropriate action from a list of available actions to accomplish the task. There are two examples.

**Example 1:**
- Available Actions:(1): go to bed 1, (2): go to dresser 1, (3): go to drawer 1
- Response:[BEGIN](2): go to dresser 1[END]
**Example 2:**
- Available Actions:(1): go to garbagecan 1, (2): take handtowel 1 from handtowelholder 1, (3): take faucet 1 from handtowelholder 1, (4): take handtowel 2 from handtowelholder 1
- Response:[BEGIN](2): take handtowel 1 from handtowelholder 1[END]

**Task Description:**
The task at hand is "cool some sliced apple and put it in microwave". The agent must find an object of the desired type, pick it up, go to a fridge, cool the object with the fridge, then find the correct location to place it, and put it down there.

**Available Actions:**
(1): go to cabinet 1
(2): go to cabinet 2
(3): go to cabinet 3
(4): go to microwave 1
(5): go to cabinet 4
(6): go to cabinet 5
(7): go to cabinet 6
(8): go to countertop 1
(9): go to coffeemachine 1
(10): go to toaster 1
(11): go to countertop 2
(12): go to sink 1
(13): go to sinkbasin 1
(14): open fridge 1
(15): close fridge 1
(16): take tomato 1 from fridge 1
(17): examine fridge 1

**Determine the appropriate action:**
- Identify relevant objects in the image related to the task.
- Evaluate each action's potential to successfully complete the task.

**Response:**
- Let's tink step-by-step.
- (i): [BEGIN][Selected Action][END]

Original VLM Response:
- Since the task is to cool some sliced apple and put it in the microwave, the first step would be to find an apple. However, there is no apple in the fridge, only a tomato.
- (ii): The next step would be to cool the object, but since there is no apple, we cannot proceed with this step.
- (iii): The final step would be to put the cooled object in the microwave, but again, since there is no apple, this step cannot be completed.

**Response:**
- [BEGIN]The task cannot be completed as there is no apple in the fridge to cool and put in the microwave.[END]


Original VLM Response:
- (i): [BEGIN](14): open fridge 1[END]

> Action: open fridge 1
Running time: 8.361093759536743 seconds

Step:--------------------------------------------------------------------------25--------------------------------------------------------------------------
VLM Prompt:
<image>
<image>
Given images depicting complex scenes with multiple elements, your objective is to analyze scenes of the image in relation to the specified task description and choose the appropriate action from a list of available actions to accomplish the task. There are two examples.

**Example 1:**
- Available Actions:(1): go to bed 1, (2): go to dresser 1, (3): go to drawer 1
- Response:[BEGIN](2): go to dresser 1[END]
**Example 2:**
- Available Actions:(1): go to garbagecan 1, (2): take handtowel 1 from handtowelholder 1, (3): take faucet 1 from handtowelholder 1, (4): take handtowel 2 from handtowelholder 1
- Response:[BEGIN](2): take handtowel 1 from handtowelholder 1[END]

**Task Description:**
The task at hand is "cool some sliced apple and put it in microwave". The agent must find an object of the desired type, pick it up, go to a fridge, cool the object with the fridge, then find the correct location to place it, and put it down there.

**Available Actions:**
(1): go to cabinet 1
(2): go to cabinet 2
(3): go to cabinet 3
(4): go to microwave 1
(5): go to cabinet 4
(6): go to cabinet 5
(7): go to cabinet 6
(8): go to countertop 1
(9): go to coffeemachine 1
(10): go to toaster 1
(11): go to countertop 2
(12): go to sink 1
(13): go to sinkbasin 1
(14): open fridge 1
(15): close fridge 1
(16): take tomato 1 from fridge 1
(17): examine fridge 1

**Determine the appropriate action:**
- Identify relevant objects in the image related to the task.
- Evaluate each action's potential to successfully complete the task.

**Response:**
- Let's tink step-by-step.
- (i): [BEGIN][Selected Action][END]

Original VLM Response:
- (i): [BEGIN](14): open fridge 1[END]

> Action: open fridge 1
Running time: 1.9334235191345215 seconds

Step:--------------------------------------------------------------------------26--------------------------------------------------------------------------
VLM Prompt:
<image>
<image>
Given images depicting complex scenes with multiple elements, your objective is to analyze scenes of the image in relation to the specified task description and choose the appropriate action from a list of available actions to accomplish the task. There are two examples.

**Example 1:**
- Available Actions:(1): go to bed 1, (2): go to dresser 1, (3): go to drawer 1
- Response:[BEGIN](2): go to dresser 1[END]
**Example 2:**
- Available Actions:(1): go to garbagecan 1, (2): take handtowel 1 from handtowelholder 1, (3): take faucet 1 from handtowelholder 1, (4): take handtowel 2 from handtowelholder 1
- Response:[BEGIN](2): take handtowel 1 from handtowelholder 1[END]

**Task Description:**
The task at hand is "cool some sliced apple and put it in microwave". The agent must find an object of the desired type, pick it up, go to a fridge, cool the object with the fridge, then find the correct location to place it, and put it down there.

**Available Actions:**
(1): go to cabinet 1
(2): go to cabinet 2
(3): go to cabinet 3
(4): go to microwave 1
(5): go to cabinet 4
(6): go to cabinet 5
(7): go to cabinet 6
(8): go to countertop 1
(9): go to coffeemachine 1
(10): go to toaster 1
(11): go to countertop 2
(12): go to sink 1
(13): go to sinkbasin 1
(14): open fridge 1
(15): close fridge 1
(16): take tomato 1 from fridge 1
(17): examine fridge 1

**Determine the appropriate action:**
- Identify relevant objects in the image related to the task.
- Evaluate each action's potential to successfully complete the task.

**Response:**
- Let's tink step-by-step.
- (i): [BEGIN][Selected Action][END]

Original VLM Response:
- The task requires cooling some sliced apple and putting it in the microwave.
- However, there is no apple visible in the image, only a tomato.
- The agent cannot complete the task without the necessary item (apple).
- The agent should communicate the inability to complete the task due to the missing item.

**Response:**
- (i): [BEGIN] Unable to complete task - apple not found in the image. [END]


Original VLM Response:
- (i): [BEGIN](14): open fridge 1[END]

> Action: open fridge 1
Running time: 7.266813039779663 seconds

Step:--------------------------------------------------------------------------27--------------------------------------------------------------------------
VLM Prompt:
<image>
<image>
Given images depicting complex scenes with multiple elements, your objective is to analyze scenes of the image in relation to the specified task description and choose the appropriate action from a list of available actions to accomplish the task. There are two examples.

**Example 1:**
- Available Actions:(1): go to bed 1, (2): go to dresser 1, (3): go to drawer 1
- Response:[BEGIN](2): go to dresser 1[END]
**Example 2:**
- Available Actions:(1): go to garbagecan 1, (2): take handtowel 1 from handtowelholder 1, (3): take faucet 1 from handtowelholder 1, (4): take handtowel 2 from handtowelholder 1
- Response:[BEGIN](2): take handtowel 1 from handtowelholder 1[END]

**Task Description:**
The task at hand is "cool some sliced apple and put it in microwave". The agent must find an object of the desired type, pick it up, go to a fridge, cool the object with the fridge, then find the correct location to place it, and put it down there.

**Available Actions:**
(1): go to cabinet 1
(2): go to cabinet 2
(3): go to cabinet 3
(4): go to microwave 1
(5): go to cabinet 4
(6): go to cabinet 5
(7): go to cabinet 6
(8): go to countertop 1
(9): go to coffeemachine 1
(10): go to toaster 1
(11): go to countertop 2
(12): go to sink 1
(13): go to sinkbasin 1
(14): open fridge 1
(15): close fridge 1
(16): take tomato 1 from fridge 1
(17): examine fridge 1

**Determine the appropriate action:**
- Identify relevant objects in the image related to the task.
- Evaluate each action's potential to successfully complete the task.

**Response:**
- Let's tink step-by-step.
- (i): [BEGIN][Selected Action][END]

Original VLM Response:
- (i): [BEGIN](14): open fridge 1[END]

> Action: open fridge 1
Running time: 3.3193352222442627 seconds

Step:--------------------------------------------------------------------------28--------------------------------------------------------------------------
VLM Prompt:
<image>
<image>
Given images depicting complex scenes with multiple elements, your objective is to analyze scenes of the image in relation to the specified task description and choose the appropriate action from a list of available actions to accomplish the task. There are two examples.

**Example 1:**
- Available Actions:(1): go to bed 1, (2): go to dresser 1, (3): go to drawer 1
- Response:[BEGIN](2): go to dresser 1[END]
**Example 2:**
- Available Actions:(1): go to garbagecan 1, (2): take handtowel 1 from handtowelholder 1, (3): take faucet 1 from handtowelholder 1, (4): take handtowel 2 from handtowelholder 1
- Response:[BEGIN](2): take handtowel 1 from handtowelholder 1[END]

**Task Description:**
The task at hand is "cool some sliced apple and put it in microwave". The agent must find an object of the desired type, pick it up, go to a fridge, cool the object with the fridge, then find the correct location to place it, and put it down there.

**Available Actions:**
(1): go to cabinet 1
(2): go to cabinet 2
(3): go to cabinet 3
(4): go to microwave 1
(5): go to cabinet 4
(6): go to cabinet 5
(7): go to cabinet 6
(8): go to countertop 1
(9): go to coffeemachine 1
(10): go to toaster 1
(11): go to countertop 2
(12): go to sink 1
(13): go to sinkbasin 1
(14): open fridge 1
(15): close fridge 1
(16): take tomato 1 from fridge 1
(17): examine fridge 1

**Determine the appropriate action:**
- Identify relevant objects in the image related to the task.
- Evaluate each action's potential to successfully complete the task.

**Response:**
- Let's tink step-by-step.
- (i): [BEGIN][Selected Action][END]

Original VLM Response:
- (i): [BEGIN](14): open fridge 1[END]

> Action: open fridge 1
Running time: 2.346104145050049 seconds

Step:--------------------------------------------------------------------------29--------------------------------------------------------------------------
VLM Prompt:
<image>
<image>
Given images depicting complex scenes with multiple elements, your objective is to analyze scenes of the image in relation to the specified task description and choose the appropriate action from a list of available actions to accomplish the task. There are two examples.

**Example 1:**
- Available Actions:(1): go to bed 1, (2): go to dresser 1, (3): go to drawer 1
- Response:[BEGIN](2): go to dresser 1[END]
**Example 2:**
- Available Actions:(1): go to garbagecan 1, (2): take handtowel 1 from handtowelholder 1, (3): take faucet 1 from handtowelholder 1, (4): take handtowel 2 from handtowelholder 1
- Response:[BEGIN](2): take handtowel 1 from handtowelholder 1[END]

**Task Description:**
The task at hand is "cool some sliced apple and put it in microwave". The agent must find an object of the desired type, pick it up, go to a fridge, cool the object with the fridge, then find the correct location to place it, and put it down there.

**Available Actions:**
(1): go to cabinet 1
(2): go to cabinet 2
(3): go to cabinet 3
(4): go to microwave 1
(5): go to cabinet 4
(6): go to cabinet 5
(7): go to cabinet 6
(8): go to countertop 1
(9): go to coffeemachine 1
(10): go to toaster 1
(11): go to countertop 2
(12): go to sink 1
(13): go to sinkbasin 1
(14): open fridge 1
(15): close fridge 1
(16): take tomato 1 from fridge 1
(17): examine fridge 1

**Determine the appropriate action:**
- Identify relevant objects in the image related to the task.
- Evaluate each action's potential to successfully complete the task.

**Response:**
- Let's tink step-by-step.
- (i): [BEGIN][Selected Action][END]

Original VLM Response:
- (i): [BEGIN](14): open fridge 1[END]

> Action: open fridge 1
Running time: 2.2937779426574707 seconds

Step:--------------------------------------------------------------------------30--------------------------------------------------------------------------
VLM Prompt:
<image>
<image>
Given images depicting complex scenes with multiple elements, your objective is to analyze scenes of the image in relation to the specified task description and choose the appropriate action from a list of available actions to accomplish the task. There are two examples.

**Example 1:**
- Available Actions:(1): go to bed 1, (2): go to dresser 1, (3): go to drawer 1
- Response:[BEGIN](2): go to dresser 1[END]
**Example 2:**
- Available Actions:(1): go to garbagecan 1, (2): take handtowel 1 from handtowelholder 1, (3): take faucet 1 from handtowelholder 1, (4): take handtowel 2 from handtowelholder 1
- Response:[BEGIN](2): take handtowel 1 from handtowelholder 1[END]

**Task Description:**
The task at hand is "cool some sliced apple and put it in microwave". The agent must find an object of the desired type, pick it up, go to a fridge, cool the object with the fridge, then find the correct location to place it, and put it down there.

**Available Actions:**
(1): go to cabinet 1
(2): go to cabinet 2
(3): go to cabinet 3
(4): go to microwave 1
(5): go to cabinet 4
(6): go to cabinet 5
(7): go to cabinet 6
(8): go to countertop 1
(9): go to coffeemachine 1
(10): go to toaster 1
(11): go to countertop 2
(12): go to sink 1
(13): go to sinkbasin 1
(14): open fridge 1
(15): close fridge 1
(16): take tomato 1 from fridge 1
(17): examine fridge 1

**Determine the appropriate action:**
- Identify relevant objects in the image related to the task.
- Evaluate each action's potential to successfully complete the task.

**Response:**
- Let's tink step-by-step.
- (i): [BEGIN][Selected Action][END]

Original VLM Response:
- (i): [BEGIN](14): open fridge 1[END]

> Action: open fridge 1
Running time: 2.695080041885376 seconds

Step:--------------------------------------------------------------------------31--------------------------------------------------------------------------
VLM Prompt:
<image>
<image>
Given images depicting complex scenes with multiple elements, your objective is to analyze scenes of the image in relation to the specified task description and choose the appropriate action from a list of available actions to accomplish the task. There are two examples.

**Example 1:**
- Available Actions:(1): go to bed 1, (2): go to dresser 1, (3): go to drawer 1
- Response:[BEGIN](2): go to dresser 1[END]
**Example 2:**
- Available Actions:(1): go to garbagecan 1, (2): take handtowel 1 from handtowelholder 1, (3): take faucet 1 from handtowelholder 1, (4): take handtowel 2 from handtowelholder 1
- Response:[BEGIN](2): take handtowel 1 from handtowelholder 1[END]

**Task Description:**
The task at hand is "cool some sliced apple and put it in microwave". The agent must find an object of the desired type, pick it up, go to a fridge, cool the object with the fridge, then find the correct location to place it, and put it down there.

**Available Actions:**
(1): go to cabinet 1
(2): go to cabinet 2
(3): go to cabinet 3
(4): go to microwave 1
(5): go to cabinet 4
(6): go to cabinet 5
(7): go to cabinet 6
(8): go to countertop 1
(9): go to coffeemachine 1
(10): go to toaster 1
(11): go to countertop 2
(12): go to sink 1
(13): go to sinkbasin 1
(14): open fridge 1
(15): close fridge 1
(16): take tomato 1 from fridge 1
(17): examine fridge 1

**Determine the appropriate action:**
- Identify relevant objects in the image related to the task.
- Evaluate each action's potential to successfully complete the task.

**Response:**
- Let's tink step-by-step.
- (i): [BEGIN][Selected Action][END]

Original VLM Response:
- (i): [BEGIN](14): open fridge 1[END]

> Action: open fridge 1
Running time: 2.93733811378479 seconds

Step:--------------------------------------------------------------------------32--------------------------------------------------------------------------
VLM Prompt:
<image>
<image>
Given images depicting complex scenes with multiple elements, your objective is to analyze scenes of the image in relation to the specified task description and choose the appropriate action from a list of available actions to accomplish the task. There are two examples.

**Example 1:**
- Available Actions:(1): go to bed 1, (2): go to dresser 1, (3): go to drawer 1
- Response:[BEGIN](2): go to dresser 1[END]
**Example 2:**
- Available Actions:(1): go to garbagecan 1, (2): take handtowel 1 from handtowelholder 1, (3): take faucet 1 from handtowelholder 1, (4): take handtowel 2 from handtowelholder 1
- Response:[BEGIN](2): take handtowel 1 from handtowelholder 1[END]

**Task Description:**
The task at hand is "cool some sliced apple and put it in microwave". The agent must find an object of the desired type, pick it up, go to a fridge, cool the object with the fridge, then find the correct location to place it, and put it down there.

**Available Actions:**
(1): go to cabinet 1
(2): go to cabinet 2
(3): go to cabinet 3
(4): go to microwave 1
(5): go to cabinet 4
(6): go to cabinet 5
(7): go to cabinet 6
(8): go to countertop 1
(9): go to coffeemachine 1
(10): go to toaster 1
(11): go to countertop 2
(12): go to sink 1
(13): go to sinkbasin 1
(14): open fridge 1
(15): close fridge 1
(16): take tomato 1 from fridge 1
(17): examine fridge 1

**Determine the appropriate action:**
- Identify relevant objects in the image related to the task.
- Evaluate each action's potential to successfully complete the task.

**Response:**
- Let's tink step-by-step.
- (i): [BEGIN][Selected Action][END]

Original VLM Response:
- (i): [BEGIN](14): open fridge 1[END]

> Action: open fridge 1
Running time: 3.3438994884490967 seconds

Step:--------------------------------------------------------------------------33--------------------------------------------------------------------------
VLM Prompt:
<image>
<image>
Given images depicting complex scenes with multiple elements, your objective is to analyze scenes of the image in relation to the specified task description and choose the appropriate action from a list of available actions to accomplish the task. There are two examples.

**Example 1:**
- Available Actions:(1): go to bed 1, (2): go to dresser 1, (3): go to drawer 1
- Response:[BEGIN](2): go to dresser 1[END]
**Example 2:**
- Available Actions:(1): go to garbagecan 1, (2): take handtowel 1 from handtowelholder 1, (3): take faucet 1 from handtowelholder 1, (4): take handtowel 2 from handtowelholder 1
- Response:[BEGIN](2): take handtowel 1 from handtowelholder 1[END]

**Task Description:**
The task at hand is "cool some sliced apple and put it in microwave". The agent must find an object of the desired type, pick it up, go to a fridge, cool the object with the fridge, then find the correct location to place it, and put it down there.

**Available Actions:**
(1): go to cabinet 1
(2): go to cabinet 2
(3): go to cabinet 3
(4): go to microwave 1
(5): go to cabinet 4
(6): go to cabinet 5
(7): go to cabinet 6
(8): go to countertop 1
(9): go to coffeemachine 1
(10): go to toaster 1
(11): go to countertop 2
(12): go to sink 1
(13): go to sinkbasin 1
(14): open fridge 1
(15): close fridge 1
(16): take tomato 1 from fridge 1
(17): examine fridge 1

**Determine the appropriate action:**
- Identify relevant objects in the image related to the task.
- Evaluate each action's potential to successfully complete the task.

**Response:**
- Let's tink step-by-step.
- (i): [BEGIN][Selected Action][END]

Original VLM Response:
- (i): [BEGIN](14): open fridge 1[END]

> Action: open fridge 1
Running time: 2.118839740753174 seconds

Step:--------------------------------------------------------------------------34--------------------------------------------------------------------------
VLM Prompt:
<image>
<image>
Given images depicting complex scenes with multiple elements, your objective is to analyze scenes of the image in relation to the specified task description and choose the appropriate action from a list of available actions to accomplish the task. There are two examples.

**Example 1:**
- Available Actions:(1): go to bed 1, (2): go to dresser 1, (3): go to drawer 1
- Response:[BEGIN](2): go to dresser 1[END]
**Example 2:**
- Available Actions:(1): go to garbagecan 1, (2): take handtowel 1 from handtowelholder 1, (3): take faucet 1 from handtowelholder 1, (4): take handtowel 2 from handtowelholder 1
- Response:[BEGIN](2): take handtowel 1 from handtowelholder 1[END]

**Task Description:**
The task at hand is "cool some sliced apple and put it in microwave". The agent must find an object of the desired type, pick it up, go to a fridge, cool the object with the fridge, then find the correct location to place it, and put it down there.

**Available Actions:**
(1): go to cabinet 1
(2): go to cabinet 2
(3): go to cabinet 3
(4): go to microwave 1
(5): go to cabinet 4
(6): go to cabinet 5
(7): go to cabinet 6
(8): go to countertop 1
(9): go to coffeemachine 1
(10): go to toaster 1
(11): go to countertop 2
(12): go to sink 1
(13): go to sinkbasin 1
(14): open fridge 1
(15): close fridge 1
(16): take tomato 1 from fridge 1
(17): examine fridge 1

**Determine the appropriate action:**
- Identify relevant objects in the image related to the task.
- Evaluate each action's potential to successfully complete the task.

**Response:**
- Let's tink step-by-step.
- (i): [BEGIN][Selected Action][END]

Original VLM Response:
- (i): [BEGIN](14): open fridge 1[END]

> Action: open fridge 1
Running time: 1.9803931713104248 seconds

Step:--------------------------------------------------------------------------35--------------------------------------------------------------------------
VLM Prompt:
<image>
<image>
Given images depicting complex scenes with multiple elements, your objective is to analyze scenes of the image in relation to the specified task description and choose the appropriate action from a list of available actions to accomplish the task. There are two examples.

**Example 1:**
- Available Actions:(1): go to bed 1, (2): go to dresser 1, (3): go to drawer 1
- Response:[BEGIN](2): go to dresser 1[END]
**Example 2:**
- Available Actions:(1): go to garbagecan 1, (2): take handtowel 1 from handtowelholder 1, (3): take faucet 1 from handtowelholder 1, (4): take handtowel 2 from handtowelholder 1
- Response:[BEGIN](2): take handtowel 1 from handtowelholder 1[END]

**Task Description:**
The task at hand is "cool some sliced apple and put it in microwave". The agent must find an object of the desired type, pick it up, go to a fridge, cool the object with the fridge, then find the correct location to place it, and put it down there.

**Available Actions:**
(1): go to cabinet 1
(2): go to cabinet 2
(3): go to cabinet 3
(4): go to microwave 1
(5): go to cabinet 4
(6): go to cabinet 5
(7): go to cabinet 6
(8): go to countertop 1
(9): go to coffeemachine 1
(10): go to toaster 1
(11): go to countertop 2
(12): go to sink 1
(13): go to sinkbasin 1
(14): open fridge 1
(15): close fridge 1
(16): take tomato 1 from fridge 1
(17): examine fridge 1

**Determine the appropriate action:**
- Identify relevant objects in the image related to the task.
- Evaluate each action's potential to successfully complete the task.

**Response:**
- Let's tink step-by-step.
- (i): [BEGIN][Selected Action][END]

Original VLM Response:
- (i): [BEGIN](14): open fridge 1[END]

> Action: open fridge 1
Running time: 2.9072349071502686 seconds

Step:--------------------------------------------------------------------------36--------------------------------------------------------------------------
VLM Prompt:
<image>
<image>
Given images depicting complex scenes with multiple elements, your objective is to analyze scenes of the image in relation to the specified task description and choose the appropriate action from a list of available actions to accomplish the task. There are two examples.

**Example 1:**
- Available Actions:(1): go to bed 1, (2): go to dresser 1, (3): go to drawer 1
- Response:[BEGIN](2): go to dresser 1[END]
**Example 2:**
- Available Actions:(1): go to garbagecan 1, (2): take handtowel 1 from handtowelholder 1, (3): take faucet 1 from handtowelholder 1, (4): take handtowel 2 from handtowelholder 1
- Response:[BEGIN](2): take handtowel 1 from handtowelholder 1[END]

**Task Description:**
The task at hand is "cool some sliced apple and put it in microwave". The agent must find an object of the desired type, pick it up, go to a fridge, cool the object with the fridge, then find the correct location to place it, and put it down there.

**Available Actions:**
(1): go to cabinet 1
(2): go to cabinet 2
(3): go to cabinet 3
(4): go to microwave 1
(5): go to cabinet 4
(6): go to cabinet 5
(7): go to cabinet 6
(8): go to countertop 1
(9): go to coffeemachine 1
(10): go to toaster 1
(11): go to countertop 2
(12): go to sink 1
(13): go to sinkbasin 1
(14): open fridge 1
(15): close fridge 1
(16): take tomato 1 from fridge 1
(17): examine fridge 1

**Determine the appropriate action:**
- Identify relevant objects in the image related to the task.
- Evaluate each action's potential to successfully complete the task.

**Response:**
- Let's tink step-by-step.
- (i): [BEGIN][Selected Action][END]

Original VLM Response:
- First, we need to find an apple, but there is no apple in the image. We can only see a tomato in the fridge. Since we cannot complete the task without an apple, we cannot proceed with any action. However, if we assume that the tomato is mistaken for an apple and proceed with the task, the next step would be to cool the "apple".
- (ii): [BEGIN](14): open fridge 1[END] 
- Since the fridge is already open and contains the tomato (assuming it's an apple for the task), we skip the action of opening the fridge.
- (iii): [BEGIN](16): take tomato 1 from fridge 1[END] 
- We take the tomato from the fridge, assuming it's the apple we need to cool.
- (iv): Next, we would need to put the "apple" in the microwave to complete the task, but since the action list does not include placing anything in the microwave, we cannot proceed further.

Since the task cannot be completed with the given actions and objects, the appropriate response is that no action can be taken to complete the task as described.

> Action: open fridge 1
Running time: 11.695548295974731 seconds

Step:--------------------------------------------------------------------------37--------------------------------------------------------------------------
VLM Prompt:
<image>
<image>
Given images depicting complex scenes with multiple elements, your objective is to analyze scenes of the image in relation to the specified task description and choose the appropriate action from a list of available actions to accomplish the task. There are two examples.

**Example 1:**
- Available Actions:(1): go to bed 1, (2): go to dresser 1, (3): go to drawer 1
- Response:[BEGIN](2): go to dresser 1[END]
**Example 2:**
- Available Actions:(1): go to garbagecan 1, (2): take handtowel 1 from handtowelholder 1, (3): take faucet 1 from handtowelholder 1, (4): take handtowel 2 from handtowelholder 1
- Response:[BEGIN](2): take handtowel 1 from handtowelholder 1[END]

**Task Description:**
The task at hand is "cool some sliced apple and put it in microwave". The agent must find an object of the desired type, pick it up, go to a fridge, cool the object with the fridge, then find the correct location to place it, and put it down there.

**Available Actions:**
(1): go to cabinet 1
(2): go to cabinet 2
(3): go to cabinet 3
(4): go to microwave 1
(5): go to cabinet 4
(6): go to cabinet 5
(7): go to cabinet 6
(8): go to countertop 1
(9): go to coffeemachine 1
(10): go to toaster 1
(11): go to countertop 2
(12): go to sink 1
(13): go to sinkbasin 1
(14): open fridge 1
(15): close fridge 1
(16): take tomato 1 from fridge 1
(17): examine fridge 1

**Determine the appropriate action:**
- Identify relevant objects in the image related to the task.
- Evaluate each action's potential to successfully complete the task.

**Response:**
- Let's tink step-by-step.
- (i): [BEGIN][Selected Action][END]

Original VLM Response:
- (i): [BEGIN](14): open fridge 1[END]

> Action: open fridge 1
Running time: 11.953862428665161 seconds

Step:--------------------------------------------------------------------------38--------------------------------------------------------------------------
VLM Prompt:
<image>
<image>
Given images depicting complex scenes with multiple elements, your objective is to analyze scenes of the image in relation to the specified task description and choose the appropriate action from a list of available actions to accomplish the task. There are two examples.

**Example 1:**
- Available Actions:(1): go to bed 1, (2): go to dresser 1, (3): go to drawer 1
- Response:[BEGIN](2): go to dresser 1[END]
**Example 2:**
- Available Actions:(1): go to garbagecan 1, (2): take handtowel 1 from handtowelholder 1, (3): take faucet 1 from handtowelholder 1, (4): take handtowel 2 from handtowelholder 1
- Response:[BEGIN](2): take handtowel 1 from handtowelholder 1[END]

**Task Description:**
The task at hand is "cool some sliced apple and put it in microwave". The agent must find an object of the desired type, pick it up, go to a fridge, cool the object with the fridge, then find the correct location to place it, and put it down there.

**Available Actions:**
(1): go to cabinet 1
(2): go to cabinet 2
(3): go to cabinet 3
(4): go to microwave 1
(5): go to cabinet 4
(6): go to cabinet 5
(7): go to cabinet 6
(8): go to countertop 1
(9): go to coffeemachine 1
(10): go to toaster 1
(11): go to countertop 2
(12): go to sink 1
(13): go to sinkbasin 1
(14): open fridge 1
(15): close fridge 1
(16): take tomato 1 from fridge 1
(17): examine fridge 1

**Determine the appropriate action:**
- Identify relevant objects in the image related to the task.
- Evaluate each action's potential to successfully complete the task.

**Response:**
- Let's tink step-by-step.
- (i): [BEGIN][Selected Action][END]

Original VLM Response:
- (i): [BEGIN](14): open fridge 1[END]

> Action: open fridge 1
Running time: 2.2605535984039307 seconds

Step:--------------------------------------------------------------------------39--------------------------------------------------------------------------
VLM Prompt:
<image>
<image>
Given images depicting complex scenes with multiple elements, your objective is to analyze scenes of the image in relation to the specified task description and choose the appropriate action from a list of available actions to accomplish the task. There are two examples.

**Example 1:**
- Available Actions:(1): go to bed 1, (2): go to dresser 1, (3): go to drawer 1
- Response:[BEGIN](2): go to dresser 1[END]
**Example 2:**
- Available Actions:(1): go to garbagecan 1, (2): take handtowel 1 from handtowelholder 1, (3): take faucet 1 from handtowelholder 1, (4): take handtowel 2 from handtowelholder 1
- Response:[BEGIN](2): take handtowel 1 from handtowelholder 1[END]

**Task Description:**
The task at hand is "cool some sliced apple and put it in microwave". The agent must find an object of the desired type, pick it up, go to a fridge, cool the object with the fridge, then find the correct location to place it, and put it down there.

**Available Actions:**
(1): go to cabinet 1
(2): go to cabinet 2
(3): go to cabinet 3
(4): go to microwave 1
(5): go to cabinet 4
(6): go to cabinet 5
(7): go to cabinet 6
(8): go to countertop 1
(9): go to coffeemachine 1
(10): go to toaster 1
(11): go to countertop 2
(12): go to sink 1
(13): go to sinkbasin 1
(14): open fridge 1
(15): close fridge 1
(16): take tomato 1 from fridge 1
(17): examine fridge 1

**Determine the appropriate action:**
- Identify relevant objects in the image related to the task.
- Evaluate each action's potential to successfully complete the task.

**Response:**
- Let's tink step-by-step.
- (i): [BEGIN][Selected Action][END]

Original VLM Response:
- (i): [BEGIN](14): open fridge 1[END]

> Action: open fridge 1
Running time: 2.1794826984405518 seconds

Step:--------------------------------------------------------------------------40--------------------------------------------------------------------------
VLM Prompt:
<image>
<image>
Given images depicting complex scenes with multiple elements, your objective is to analyze scenes of the image in relation to the specified task description and choose the appropriate action from a list of available actions to accomplish the task. There are two examples.

**Example 1:**
- Available Actions:(1): go to bed 1, (2): go to dresser 1, (3): go to drawer 1
- Response:[BEGIN](2): go to dresser 1[END]
**Example 2:**
- Available Actions:(1): go to garbagecan 1, (2): take handtowel 1 from handtowelholder 1, (3): take faucet 1 from handtowelholder 1, (4): take handtowel 2 from handtowelholder 1
- Response:[BEGIN](2): take handtowel 1 from handtowelholder 1[END]

**Task Description:**
The task at hand is "cool some sliced apple and put it in microwave". The agent must find an object of the desired type, pick it up, go to a fridge, cool the object with the fridge, then find the correct location to place it, and put it down there.

**Available Actions:**
(1): go to cabinet 1
(2): go to cabinet 2
(3): go to cabinet 3
(4): go to microwave 1
(5): go to cabinet 4
(6): go to cabinet 5
(7): go to cabinet 6
(8): go to countertop 1
(9): go to coffeemachine 1
(10): go to toaster 1
(11): go to countertop 2
(12): go to sink 1
(13): go to sinkbasin 1
(14): open fridge 1
(15): close fridge 1
(16): take tomato 1 from fridge 1
(17): examine fridge 1

**Determine the appropriate action:**
- Identify relevant objects in the image related to the task.
- Evaluate each action's potential to successfully complete the task.

**Response:**
- Let's tink step-by-step.
- (i): [BEGIN][Selected Action][END]

Original VLM Response:
- (i): [BEGIN](14): open fridge 1[END]

> Action: open fridge 1
Running time: 2.8558413982391357 seconds

Step:--------------------------------------------------------------------------41--------------------------------------------------------------------------
VLM Prompt:
<image>
<image>
Given images depicting complex scenes with multiple elements, your objective is to analyze scenes of the image in relation to the specified task description and choose the appropriate action from a list of available actions to accomplish the task. There are two examples.

**Example 1:**
- Available Actions:(1): go to bed 1, (2): go to dresser 1, (3): go to drawer 1
- Response:[BEGIN](2): go to dresser 1[END]
**Example 2:**
- Available Actions:(1): go to garbagecan 1, (2): take handtowel 1 from handtowelholder 1, (3): take faucet 1 from handtowelholder 1, (4): take handtowel 2 from handtowelholder 1
- Response:[BEGIN](2): take handtowel 1 from handtowelholder 1[END]

**Task Description:**
The task at hand is "cool some sliced apple and put it in microwave". The agent must find an object of the desired type, pick it up, go to a fridge, cool the object with the fridge, then find the correct location to place it, and put it down there.

**Available Actions:**
(1): go to cabinet 1
(2): go to cabinet 2
(3): go to cabinet 3
(4): go to microwave 1
(5): go to cabinet 4
(6): go to cabinet 5
(7): go to cabinet 6
(8): go to countertop 1
(9): go to coffeemachine 1
(10): go to toaster 1
(11): go to countertop 2
(12): go to sink 1
(13): go to sinkbasin 1
(14): open fridge 1
(15): close fridge 1
(16): take tomato 1 from fridge 1
(17): examine fridge 1

**Determine the appropriate action:**
- Identify relevant objects in the image related to the task.
- Evaluate each action's potential to successfully complete the task.

**Response:**
- Let's tink step-by-step.
- (i): [BEGIN][Selected Action][END]

Original VLM Response:
- (i): [BEGIN](14): open fridge 1[END]

> Action: open fridge 1
Running time: 3.00601863861084 seconds

Step:--------------------------------------------------------------------------42--------------------------------------------------------------------------
VLM Prompt:
<image>
<image>
Given images depicting complex scenes with multiple elements, your objective is to analyze scenes of the image in relation to the specified task description and choose the appropriate action from a list of available actions to accomplish the task. There are two examples.

**Example 1:**
- Available Actions:(1): go to bed 1, (2): go to dresser 1, (3): go to drawer 1
- Response:[BEGIN](2): go to dresser 1[END]
**Example 2:**
- Available Actions:(1): go to garbagecan 1, (2): take handtowel 1 from handtowelholder 1, (3): take faucet 1 from handtowelholder 1, (4): take handtowel 2 from handtowelholder 1
- Response:[BEGIN](2): take handtowel 1 from handtowelholder 1[END]

**Task Description:**
The task at hand is "cool some sliced apple and put it in microwave". The agent must find an object of the desired type, pick it up, go to a fridge, cool the object with the fridge, then find the correct location to place it, and put it down there.

**Available Actions:**
(1): go to cabinet 1
(2): go to cabinet 2
(3): go to cabinet 3
(4): go to microwave 1
(5): go to cabinet 4
(6): go to cabinet 5
(7): go to cabinet 6
(8): go to countertop 1
(9): go to coffeemachine 1
(10): go to toaster 1
(11): go to countertop 2
(12): go to sink 1
(13): go to sinkbasin 1
(14): open fridge 1
(15): close fridge 1
(16): take tomato 1 from fridge 1
(17): examine fridge 1

**Determine the appropriate action:**
- Identify relevant objects in the image related to the task.
- Evaluate each action's potential to successfully complete the task.

**Response:**
- Let's tink step-by-step.
- (i): [BEGIN][Selected Action][END]

Original VLM Response:
- (i): [BEGIN](14): open fridge 1[END]

> Action: open fridge 1
Running time: 2.871401071548462 seconds

Step:--------------------------------------------------------------------------43--------------------------------------------------------------------------
VLM Prompt:
<image>
<image>
Given images depicting complex scenes with multiple elements, your objective is to analyze scenes of the image in relation to the specified task description and choose the appropriate action from a list of available actions to accomplish the task. There are two examples.

**Example 1:**
- Available Actions:(1): go to bed 1, (2): go to dresser 1, (3): go to drawer 1
- Response:[BEGIN](2): go to dresser 1[END]
**Example 2:**
- Available Actions:(1): go to garbagecan 1, (2): take handtowel 1 from handtowelholder 1, (3): take faucet 1 from handtowelholder 1, (4): take handtowel 2 from handtowelholder 1
- Response:[BEGIN](2): take handtowel 1 from handtowelholder 1[END]

**Task Description:**
The task at hand is "cool some sliced apple and put it in microwave". The agent must find an object of the desired type, pick it up, go to a fridge, cool the object with the fridge, then find the correct location to place it, and put it down there.

**Available Actions:**
(1): go to cabinet 1
(2): go to cabinet 2
(3): go to cabinet 3
(4): go to microwave 1
(5): go to cabinet 4
(6): go to cabinet 5
(7): go to cabinet 6
(8): go to countertop 1
(9): go to coffeemachine 1
(10): go to toaster 1
(11): go to countertop 2
(12): go to sink 1
(13): go to sinkbasin 1
(14): open fridge 1
(15): close fridge 1
(16): take tomato 1 from fridge 1
(17): examine fridge 1

**Determine the appropriate action:**
- Identify relevant objects in the image related to the task.
- Evaluate each action's potential to successfully complete the task.

**Response:**
- Let's tink step-by-step.
- (i): [BEGIN][Selected Action][END]

Original VLM Response:
- (i): [BEGIN](14): open fridge 1[END]

> Action: open fridge 1
Running time: 2.2752068042755127 seconds

Step:--------------------------------------------------------------------------44--------------------------------------------------------------------------
VLM Prompt:
<image>
<image>
Given images depicting complex scenes with multiple elements, your objective is to analyze scenes of the image in relation to the specified task description and choose the appropriate action from a list of available actions to accomplish the task. There are two examples.

**Example 1:**
- Available Actions:(1): go to bed 1, (2): go to dresser 1, (3): go to drawer 1
- Response:[BEGIN](2): go to dresser 1[END]
**Example 2:**
- Available Actions:(1): go to garbagecan 1, (2): take handtowel 1 from handtowelholder 1, (3): take faucet 1 from handtowelholder 1, (4): take handtowel 2 from handtowelholder 1
- Response:[BEGIN](2): take handtowel 1 from handtowelholder 1[END]

**Task Description:**
The task at hand is "cool some sliced apple and put it in microwave". The agent must find an object of the desired type, pick it up, go to a fridge, cool the object with the fridge, then find the correct location to place it, and put it down there.

**Available Actions:**
(1): go to cabinet 1
(2): go to cabinet 2
(3): go to cabinet 3
(4): go to microwave 1
(5): go to cabinet 4
(6): go to cabinet 5
(7): go to cabinet 6
(8): go to countertop 1
(9): go to coffeemachine 1
(10): go to toaster 1
(11): go to countertop 2
(12): go to sink 1
(13): go to sinkbasin 1
(14): open fridge 1
(15): close fridge 1
(16): take tomato 1 from fridge 1
(17): examine fridge 1

**Determine the appropriate action:**
- Identify relevant objects in the image related to the task.
- Evaluate each action's potential to successfully complete the task.

**Response:**
- Let's tink step-by-step.
- (i): [BEGIN][Selected Action][END]

Original VLM Response:
- (i): [BEGIN](14): open fridge 1[END]

> Action: open fridge 1
Running time: 2.1201679706573486 seconds

Step:--------------------------------------------------------------------------45--------------------------------------------------------------------------
VLM Prompt:
<image>
<image>
Given images depicting complex scenes with multiple elements, your objective is to analyze scenes of the image in relation to the specified task description and choose the appropriate action from a list of available actions to accomplish the task. There are two examples.

**Example 1:**
- Available Actions:(1): go to bed 1, (2): go to dresser 1, (3): go to drawer 1
- Response:[BEGIN](2): go to dresser 1[END]
**Example 2:**
- Available Actions:(1): go to garbagecan 1, (2): take handtowel 1 from handtowelholder 1, (3): take faucet 1 from handtowelholder 1, (4): take handtowel 2 from handtowelholder 1
- Response:[BEGIN](2): take handtowel 1 from handtowelholder 1[END]

**Task Description:**
The task at hand is "cool some sliced apple and put it in microwave". The agent must find an object of the desired type, pick it up, go to a fridge, cool the object with the fridge, then find the correct location to place it, and put it down there.

**Available Actions:**
(1): go to cabinet 1
(2): go to cabinet 2
(3): go to cabinet 3
(4): go to microwave 1
(5): go to cabinet 4
(6): go to cabinet 5
(7): go to cabinet 6
(8): go to countertop 1
(9): go to coffeemachine 1
(10): go to toaster 1
(11): go to countertop 2
(12): go to sink 1
(13): go to sinkbasin 1
(14): open fridge 1
(15): close fridge 1
(16): take tomato 1 from fridge 1
(17): examine fridge 1

**Determine the appropriate action:**
- Identify relevant objects in the image related to the task.
- Evaluate each action's potential to successfully complete the task.

**Response:**
- Let's tink step-by-step.
- (i): [BEGIN][Selected Action][END]

Original VLM Response:
- (i): [BEGIN](14): open fridge 1[END]

> Action: open fridge 1
Running time: 1.9523429870605469 seconds

Step:--------------------------------------------------------------------------46--------------------------------------------------------------------------
VLM Prompt:
<image>
<image>
Given images depicting complex scenes with multiple elements, your objective is to analyze scenes of the image in relation to the specified task description and choose the appropriate action from a list of available actions to accomplish the task. There are two examples.

**Example 1:**
- Available Actions:(1): go to bed 1, (2): go to dresser 1, (3): go to drawer 1
- Response:[BEGIN](2): go to dresser 1[END]
**Example 2:**
- Available Actions:(1): go to garbagecan 1, (2): take handtowel 1 from handtowelholder 1, (3): take faucet 1 from handtowelholder 1, (4): take handtowel 2 from handtowelholder 1
- Response:[BEGIN](2): take handtowel 1 from handtowelholder 1[END]

**Task Description:**
The task at hand is "cool some sliced apple and put it in microwave". The agent must find an object of the desired type, pick it up, go to a fridge, cool the object with the fridge, then find the correct location to place it, and put it down there.

**Available Actions:**
(1): go to cabinet 1
(2): go to cabinet 2
(3): go to cabinet 3
(4): go to microwave 1
(5): go to cabinet 4
(6): go to cabinet 5
(7): go to cabinet 6
(8): go to countertop 1
(9): go to coffeemachine 1
(10): go to toaster 1
(11): go to countertop 2
(12): go to sink 1
(13): go to sinkbasin 1
(14): open fridge 1
(15): close fridge 1
(16): take tomato 1 from fridge 1
(17): examine fridge 1

**Determine the appropriate action:**
- Identify relevant objects in the image related to the task.
- Evaluate each action's potential to successfully complete the task.

**Response:**
- Let's tink step-by-step.
- (i): [BEGIN][Selected Action][END]

Original VLM Response:
- (i): [BEGIN](14): open fridge 1[END]

> Action: open fridge 1
Running time: 2.071721315383911 seconds

Step:--------------------------------------------------------------------------47--------------------------------------------------------------------------
VLM Prompt:
<image>
<image>
Given images depicting complex scenes with multiple elements, your objective is to analyze scenes of the image in relation to the specified task description and choose the appropriate action from a list of available actions to accomplish the task. There are two examples.

**Example 1:**
- Available Actions:(1): go to bed 1, (2): go to dresser 1, (3): go to drawer 1
- Response:[BEGIN](2): go to dresser 1[END]
**Example 2:**
- Available Actions:(1): go to garbagecan 1, (2): take handtowel 1 from handtowelholder 1, (3): take faucet 1 from handtowelholder 1, (4): take handtowel 2 from handtowelholder 1
- Response:[BEGIN](2): take handtowel 1 from handtowelholder 1[END]

**Task Description:**
The task at hand is "cool some sliced apple and put it in microwave". The agent must find an object of the desired type, pick it up, go to a fridge, cool the object with the fridge, then find the correct location to place it, and put it down there.

**Available Actions:**
(1): go to cabinet 1
(2): go to cabinet 2
(3): go to cabinet 3
(4): go to microwave 1
(5): go to cabinet 4
(6): go to cabinet 5
(7): go to cabinet 6
(8): go to countertop 1
(9): go to coffeemachine 1
(10): go to toaster 1
(11): go to countertop 2
(12): go to sink 1
(13): go to sinkbasin 1
(14): open fridge 1
(15): close fridge 1
(16): take tomato 1 from fridge 1
(17): examine fridge 1

**Determine the appropriate action:**
- Identify relevant objects in the image related to the task.
- Evaluate each action's potential to successfully complete the task.

**Response:**
- Let's tink step-by-step.
- (i): [BEGIN][Selected Action][END]

Original VLM Response:
- (i): [BEGIN](14): open fridge 1[END]

> Action: open fridge 1
Running time: 2.45835542678833 seconds

Step:--------------------------------------------------------------------------48--------------------------------------------------------------------------
VLM Prompt:
<image>
<image>
Given images depicting complex scenes with multiple elements, your objective is to analyze scenes of the image in relation to the specified task description and choose the appropriate action from a list of available actions to accomplish the task. There are two examples.

**Example 1:**
- Available Actions:(1): go to bed 1, (2): go to dresser 1, (3): go to drawer 1
- Response:[BEGIN](2): go to dresser 1[END]
**Example 2:**
- Available Actions:(1): go to garbagecan 1, (2): take handtowel 1 from handtowelholder 1, (3): take faucet 1 from handtowelholder 1, (4): take handtowel 2 from handtowelholder 1
- Response:[BEGIN](2): take handtowel 1 from handtowelholder 1[END]

**Task Description:**
The task at hand is "cool some sliced apple and put it in microwave". The agent must find an object of the desired type, pick it up, go to a fridge, cool the object with the fridge, then find the correct location to place it, and put it down there.

**Available Actions:**
(1): go to cabinet 1
(2): go to cabinet 2
(3): go to cabinet 3
(4): go to microwave 1
(5): go to cabinet 4
(6): go to cabinet 5
(7): go to cabinet 6
(8): go to countertop 1
(9): go to coffeemachine 1
(10): go to toaster 1
(11): go to countertop 2
(12): go to sink 1
(13): go to sinkbasin 1
(14): open fridge 1
(15): close fridge 1
(16): take tomato 1 from fridge 1
(17): examine fridge 1

**Determine the appropriate action:**
- Identify relevant objects in the image related to the task.
- Evaluate each action's potential to successfully complete the task.

**Response:**
- Let's tink step-by-step.
- (i): [BEGIN][Selected Action][END]

Original VLM Response:
- (i): [BEGIN](14): open fridge 1[END]

> Action: open fridge 1
Running time: 3.1926848888397217 seconds

Step:--------------------------------------------------------------------------49--------------------------------------------------------------------------
VLM Prompt:
<image>
<image>
Given images depicting complex scenes with multiple elements, your objective is to analyze scenes of the image in relation to the specified task description and choose the appropriate action from a list of available actions to accomplish the task. There are two examples.

**Example 1:**
- Available Actions:(1): go to bed 1, (2): go to dresser 1, (3): go to drawer 1
- Response:[BEGIN](2): go to dresser 1[END]
**Example 2:**
- Available Actions:(1): go to garbagecan 1, (2): take handtowel 1 from handtowelholder 1, (3): take faucet 1 from handtowelholder 1, (4): take handtowel 2 from handtowelholder 1
- Response:[BEGIN](2): take handtowel 1 from handtowelholder 1[END]

**Task Description:**
The task at hand is "cool some sliced apple and put it in microwave". The agent must find an object of the desired type, pick it up, go to a fridge, cool the object with the fridge, then find the correct location to place it, and put it down there.

**Available Actions:**
(1): go to cabinet 1
(2): go to cabinet 2
(3): go to cabinet 3
(4): go to microwave 1
(5): go to cabinet 4
(6): go to cabinet 5
(7): go to cabinet 6
(8): go to countertop 1
(9): go to coffeemachine 1
(10): go to toaster 1
(11): go to countertop 2
(12): go to sink 1
(13): go to sinkbasin 1
(14): open fridge 1
(15): close fridge 1
(16): take tomato 1 from fridge 1
(17): examine fridge 1

**Determine the appropriate action:**
- Identify relevant objects in the image related to the task.
- Evaluate each action's potential to successfully complete the task.

**Response:**
- Let's tink step-by-step.
- (i): [BEGIN][Selected Action][END]

Original VLM Response:
- (i): [BEGIN](14): open fridge 1[END]

> Action: open fridge 1
Running time: 2.8849430084228516 seconds

Step:--------------------------------------------------------------------------50--------------------------------------------------------------------------
VLM Prompt:
<image>
<image>
Given images depicting complex scenes with multiple elements, your objective is to analyze scenes of the image in relation to the specified task description and choose the appropriate action from a list of available actions to accomplish the task. There are two examples.

**Example 1:**
- Available Actions:(1): go to bed 1, (2): go to dresser 1, (3): go to drawer 1
- Response:[BEGIN](2): go to dresser 1[END]
**Example 2:**
- Available Actions:(1): go to garbagecan 1, (2): take handtowel 1 from handtowelholder 1, (3): take faucet 1 from handtowelholder 1, (4): take handtowel 2 from handtowelholder 1
- Response:[BEGIN](2): take handtowel 1 from handtowelholder 1[END]

**Task Description:**
The task at hand is "cool some sliced apple and put it in microwave". The agent must find an object of the desired type, pick it up, go to a fridge, cool the object with the fridge, then find the correct location to place it, and put it down there.

**Available Actions:**
(1): go to cabinet 1
(2): go to cabinet 2
(3): go to cabinet 3
(4): go to microwave 1
(5): go to cabinet 4
(6): go to cabinet 5
(7): go to cabinet 6
(8): go to countertop 1
(9): go to coffeemachine 1
(10): go to toaster 1
(11): go to countertop 2
(12): go to sink 1
(13): go to sinkbasin 1
(14): open fridge 1
(15): close fridge 1
(16): take tomato 1 from fridge 1
(17): examine fridge 1

**Determine the appropriate action:**
- Identify relevant objects in the image related to the task.
- Evaluate each action's potential to successfully complete the task.

**Response:**
- Let's tink step-by-step.
- (i): [BEGIN][Selected Action][END]

Original VLM Response:
- (i): [BEGIN](14): open fridge 1[END]

> Action: open fridge 1
Running time: 11.465537309646606 seconds

UNSUCCEED
