---------------------------------------------------------Scene: 6---------------------------------------------------------
--------------------------------------------------------------------------------------------------------------------------------------------------------------------
--------------------------------------------------------------------------------------------------------------------------------------------------------------------
Step:--------------------------------------------------------------------------1--------------------------------------------------------------------------
VLM Prompt:
<image>
Given an image depicting a complex scene with multiple elements, your objective is to analyze the scene of the image in relation to the specified task description and choose the appropriate action from a list of available actions to accomplish the task. There are two examples.

**Example 1:**
- Available Actions:(1): go to bed 1, (2): go to dresser 1, (3): go to drawer 1
- Response:[BEGIN](2): go to dresser 1[END]
**Example 1:**
- Available Actions:(1): go to garbagecan 1, (2): take handtowel 1 from handtowelholder 1, (3): take faucet 1 from handtowelholder 1, (4): take handtowel 2 from handtowelholder 1
- Response:[BEGIN](2): go to dresser 1[END]

**Task Description:**
The task at hand is "examine the pencil with the desklamp". The agent must find an object of the desired type, locate and turn on a light source with the desired object in-hand.

**Available Actions:**
(1): go to bed 1
(2): go to drawer 1
(3): go to drawer 2
(4): go to dresser 1
(5): go to drawer 3
(6): go to drawer 4
(7): go to sidetable 1
(8): go to drawer 5
(9): go to desk 1
(10): go to shelf 1
(11): go to shelf 2
(12): go to shelf 3
(13): go to shelf 4
(14): go to shelf 5
(15): go to shelf 6
(16): go to shelf 7
(17): go to shelf 8
(18): go to shelf 9
(19): go to shelf 10
(20): go to shelf 11
(21): go to shelf 12
(22): go to shelf 13
(23): go to shelf 14

**Determine the appropriate action:**
- Identify relevant objects in the image related to the task.
- Evaluate each action's potential to successfully complete the task.

**Response:**
- Let's tink step-by-step.
- (i): [BEGIN][Selected Action][END]

Original VLM Response:
- (i): [BEGIN](9): go to desk 1[END]

> Action: go to desk 1
Running time: 3.226588487625122 seconds

Step:--------------------------------------------------------------------------2--------------------------------------------------------------------------
VLM Prompt:
<image>
Given an image depicting a complex scene with multiple elements, your objective is to analyze the scene of the image in relation to the specified task description and choose the appropriate action from a list of available actions to accomplish the task. There are two examples.

**Example 1:**
- Available Actions:(1): go to bed 1, (2): go to dresser 1, (3): go to drawer 1
- Response:[BEGIN](2): go to dresser 1[END]
**Example 1:**
- Available Actions:(1): go to garbagecan 1, (2): take handtowel 1 from handtowelholder 1, (3): take faucet 1 from handtowelholder 1, (4): take handtowel 2 from handtowelholder 1
- Response:[BEGIN](2): go to dresser 1[END]

**Task Description:**
The task at hand is "examine the pencil with the desklamp". The agent must find an object of the desired type, locate and turn on a light source with the desired object in-hand.

**Available Actions:**
(1): go to bed 1
(2): go to drawer 1
(3): go to drawer 2
(4): go to dresser 1
(5): go to drawer 3
(6): go to drawer 4
(7): go to sidetable 1
(8): go to drawer 5
(9): go to shelf 1
(10): go to shelf 2
(11): go to shelf 3
(12): go to shelf 4
(13): go to shelf 5
(14): go to shelf 6
(15): go to shelf 7
(16): go to shelf 8
(17): go to shelf 9
(18): go to shelf 10
(19): go to shelf 11
(20): go to shelf 12
(21): go to shelf 13
(22): go to shelf 14
(23): take laptop 1 from desk 1
(24): take alarmclock 1 from desk 1
(25): take vase 1 from desk 1
(26): take cd 1 from desk 1
(27): take cd 2 from desk 1
(28): take keychain 1 from desk 1
(29): take pencil 1 from desk 1
(30): use desklamp 1
(31): examine desk 1

**Determine the appropriate action:**
- Identify relevant objects in the image related to the task.
- Evaluate each action's potential to successfully complete the task.

**Response:**
- Let's tink step-by-step.
- (i): [BEGIN][Selected Action][END]

Original VLM Response:
- (i): [BEGIN](29): take pencil 1 from desk 1[END]
- (ii): [BEGIN](30): use desklamp 1[END]

> Action: take pencil 1 from desk 1
Running time: 3.6505277156829834 seconds

Step:--------------------------------------------------------------------------3--------------------------------------------------------------------------
VLM Prompt:
<image>
Given an image depicting a complex scene with multiple elements, your objective is to analyze the scene of the image in relation to the specified task description and choose the appropriate action from a list of available actions to accomplish the task. There are two examples.

**Example 1:**
- Available Actions:(1): go to bed 1, (2): go to dresser 1, (3): go to drawer 1
- Response:[BEGIN](2): go to dresser 1[END]
**Example 1:**
- Available Actions:(1): go to garbagecan 1, (2): take handtowel 1 from handtowelholder 1, (3): take faucet 1 from handtowelholder 1, (4): take handtowel 2 from handtowelholder 1
- Response:[BEGIN](2): go to dresser 1[END]

**Task Description:**
The task at hand is "examine the pencil with the desklamp". The agent must find an object of the desired type, locate and turn on a light source with the desired object in-hand.

**Available Actions:**
(1): go to bed 1
(2): go to drawer 1
(3): go to drawer 2
(4): go to dresser 1
(5): go to drawer 3
(6): go to drawer 4
(7): go to sidetable 1
(8): go to drawer 5
(9): go to shelf 1
(10): go to shelf 2
(11): go to shelf 3
(12): go to shelf 4
(13): go to shelf 5
(14): go to shelf 6
(15): go to shelf 7
(16): go to shelf 8
(17): go to shelf 9
(18): go to shelf 10
(19): go to shelf 11
(20): go to shelf 12
(21): go to shelf 13
(22): go to shelf 14
(23): put pencil 1 in/on desk 1
(24): use desklamp 1
(25): examine pencil 1
(26): examine desk 1

**Determine the appropriate action:**
- Identify relevant objects in the image related to the task.
- Evaluate each action's potential to successfully complete the task.

**Response:**
- Let's tink step-by-step.
- (i): [BEGIN][Selected Action][END]

Original VLM Response:
- (i): [BEGIN](23): put pencil 1 in/on desk 1[END]
- (ii): [BEGIN](24): use desklamp 1[END]
- (iii): [BEGIN](25): examine pencil 1[END]

> Action: put pencil 1 in/on desk 1
Running time: 5.458613634109497 seconds

Step:--------------------------------------------------------------------------4--------------------------------------------------------------------------
VLM Prompt:
<image>
Given an image depicting a complex scene with multiple elements, your objective is to analyze the scene of the image in relation to the specified task description and choose the appropriate action from a list of available actions to accomplish the task. There are two examples.

**Example 1:**
- Available Actions:(1): go to bed 1, (2): go to dresser 1, (3): go to drawer 1
- Response:[BEGIN](2): go to dresser 1[END]
**Example 1:**
- Available Actions:(1): go to garbagecan 1, (2): take handtowel 1 from handtowelholder 1, (3): take faucet 1 from handtowelholder 1, (4): take handtowel 2 from handtowelholder 1
- Response:[BEGIN](2): go to dresser 1[END]

**Task Description:**
The task at hand is "examine the pencil with the desklamp". The agent must find an object of the desired type, locate and turn on a light source with the desired object in-hand.

**Available Actions:**
(1): go to bed 1
(2): go to drawer 1
(3): go to drawer 2
(4): go to dresser 1
(5): go to drawer 3
(6): go to drawer 4
(7): go to sidetable 1
(8): go to drawer 5
(9): go to shelf 1
(10): go to shelf 2
(11): go to shelf 3
(12): go to shelf 4
(13): go to shelf 5
(14): go to shelf 6
(15): go to shelf 7
(16): go to shelf 8
(17): go to shelf 9
(18): go to shelf 10
(19): go to shelf 11
(20): go to shelf 12
(21): go to shelf 13
(22): go to shelf 14
(23): take laptop 1 from desk 1
(24): take alarmclock 1 from desk 1
(25): take vase 1 from desk 1
(26): take cd 1 from desk 1
(27): take cd 2 from desk 1
(28): take keychain 1 from desk 1
(29): take pencil 1 from desk 1
(30): use desklamp 1
(31): examine desk 1

**Determine the appropriate action:**
- Identify relevant objects in the image related to the task.
- Evaluate each action's potential to successfully complete the task.

**Response:**
- Let's tink step-by-step.
- (i): [BEGIN][Selected Action][END]

Original VLM Response:
- (i): [BEGIN](29): take pencil 1 from desk 1[END]
- (ii): [BEGIN](30): use desklamp 1[END]

> Action: take pencil 1 from desk 1
Running time: 3.2655892372131348 seconds

Step:--------------------------------------------------------------------------5--------------------------------------------------------------------------
VLM Prompt:
<image>
Given an image depicting a complex scene with multiple elements, your objective is to analyze the scene of the image in relation to the specified task description and choose the appropriate action from a list of available actions to accomplish the task. There are two examples.

**Example 1:**
- Available Actions:(1): go to bed 1, (2): go to dresser 1, (3): go to drawer 1
- Response:[BEGIN](2): go to dresser 1[END]
**Example 1:**
- Available Actions:(1): go to garbagecan 1, (2): take handtowel 1 from handtowelholder 1, (3): take faucet 1 from handtowelholder 1, (4): take handtowel 2 from handtowelholder 1
- Response:[BEGIN](2): go to dresser 1[END]

**Task Description:**
The task at hand is "examine the pencil with the desklamp". The agent must find an object of the desired type, locate and turn on a light source with the desired object in-hand.

**Available Actions:**
(1): go to bed 1
(2): go to drawer 1
(3): go to drawer 2
(4): go to dresser 1
(5): go to drawer 3
(6): go to drawer 4
(7): go to sidetable 1
(8): go to drawer 5
(9): go to shelf 1
(10): go to shelf 2
(11): go to shelf 3
(12): go to shelf 4
(13): go to shelf 5
(14): go to shelf 6
(15): go to shelf 7
(16): go to shelf 8
(17): go to shelf 9
(18): go to shelf 10
(19): go to shelf 11
(20): go to shelf 12
(21): go to shelf 13
(22): go to shelf 14
(23): put pencil 1 in/on desk 1
(24): use desklamp 1
(25): examine pencil 1
(26): examine desk 1

**Determine the appropriate action:**
- Identify relevant objects in the image related to the task.
- Evaluate each action's potential to successfully complete the task.

**Response:**
- Let's tink step-by-step.
- (i): [BEGIN][Selected Action][END]

Original VLM Response:
- (i): [BEGIN](23): put pencil 1 in/on desk 1[END]
- (ii): [BEGIN](24): use desklamp 1[END]
- (iii): [BEGIN](25): examine pencil 1[END]

> Action: put pencil 1 in/on desk 1
Running time: 3.423454523086548 seconds

Step:--------------------------------------------------------------------------6--------------------------------------------------------------------------
VLM Prompt:
<image>
Given an image depicting a complex scene with multiple elements, your objective is to analyze the scene of the image in relation to the specified task description and choose the appropriate action from a list of available actions to accomplish the task. There are two examples.

**Example 1:**
- Available Actions:(1): go to bed 1, (2): go to dresser 1, (3): go to drawer 1
- Response:[BEGIN](2): go to dresser 1[END]
**Example 1:**
- Available Actions:(1): go to garbagecan 1, (2): take handtowel 1 from handtowelholder 1, (3): take faucet 1 from handtowelholder 1, (4): take handtowel 2 from handtowelholder 1
- Response:[BEGIN](2): go to dresser 1[END]

**Task Description:**
The task at hand is "examine the pencil with the desklamp". The agent must find an object of the desired type, locate and turn on a light source with the desired object in-hand.

**Available Actions:**
(1): go to bed 1
(2): go to drawer 1
(3): go to drawer 2
(4): go to dresser 1
(5): go to drawer 3
(6): go to drawer 4
(7): go to sidetable 1
(8): go to drawer 5
(9): go to shelf 1
(10): go to shelf 2
(11): go to shelf 3
(12): go to shelf 4
(13): go to shelf 5
(14): go to shelf 6
(15): go to shelf 7
(16): go to shelf 8
(17): go to shelf 9
(18): go to shelf 10
(19): go to shelf 11
(20): go to shelf 12
(21): go to shelf 13
(22): go to shelf 14
(23): take laptop 1 from desk 1
(24): take alarmclock 1 from desk 1
(25): take vase 1 from desk 1
(26): take cd 1 from desk 1
(27): take cd 2 from desk 1
(28): take keychain 1 from desk 1
(29): take pencil 1 from desk 1
(30): use desklamp 1
(31): examine desk 1

**Determine the appropriate action:**
- Identify relevant objects in the image related to the task.
- Evaluate each action's potential to successfully complete the task.

**Response:**
- Let's tink step-by-step.
- (i): [BEGIN][Selected Action][END]

Original VLM Response:
- (i): [BEGIN](29): take pencil 1 from desk 1[END]
- (ii): [BEGIN](30): use desklamp 1[END]

> Action: take pencil 1 from desk 1
Running time: 5.073263645172119 seconds

Step:--------------------------------------------------------------------------7--------------------------------------------------------------------------
VLM Prompt:
<image>
Given an image depicting a complex scene with multiple elements, your objective is to analyze the scene of the image in relation to the specified task description and choose the appropriate action from a list of available actions to accomplish the task. There are two examples.

**Example 1:**
- Available Actions:(1): go to bed 1, (2): go to dresser 1, (3): go to drawer 1
- Response:[BEGIN](2): go to dresser 1[END]
**Example 1:**
- Available Actions:(1): go to garbagecan 1, (2): take handtowel 1 from handtowelholder 1, (3): take faucet 1 from handtowelholder 1, (4): take handtowel 2 from handtowelholder 1
- Response:[BEGIN](2): go to dresser 1[END]

**Task Description:**
The task at hand is "examine the pencil with the desklamp". The agent must find an object of the desired type, locate and turn on a light source with the desired object in-hand.

**Available Actions:**
(1): go to bed 1
(2): go to drawer 1
(3): go to drawer 2
(4): go to dresser 1
(5): go to drawer 3
(6): go to drawer 4
(7): go to sidetable 1
(8): go to drawer 5
(9): go to shelf 1
(10): go to shelf 2
(11): go to shelf 3
(12): go to shelf 4
(13): go to shelf 5
(14): go to shelf 6
(15): go to shelf 7
(16): go to shelf 8
(17): go to shelf 9
(18): go to shelf 10
(19): go to shelf 11
(20): go to shelf 12
(21): go to shelf 13
(22): go to shelf 14
(23): put pencil 1 in/on desk 1
(24): use desklamp 1
(25): examine pencil 1
(26): examine desk 1

**Determine the appropriate action:**
- Identify relevant objects in the image related to the task.
- Evaluate each action's potential to successfully complete the task.

**Response:**
- Let's tink step-by-step.
- (i): [BEGIN][Selected Action][END]

Original VLM Response:
- (i): [BEGIN](23): put pencil 1 in/on desk 1[END]
- (ii): [BEGIN](24): use desklamp 1[END]
- (iii): [BEGIN](25): examine pencil 1[END]

> Action: put pencil 1 in/on desk 1
Running time: 6.169663667678833 seconds

Step:--------------------------------------------------------------------------8--------------------------------------------------------------------------
VLM Prompt:
<image>
Given an image depicting a complex scene with multiple elements, your objective is to analyze the scene of the image in relation to the specified task description and choose the appropriate action from a list of available actions to accomplish the task. There are two examples.

**Example 1:**
- Available Actions:(1): go to bed 1, (2): go to dresser 1, (3): go to drawer 1
- Response:[BEGIN](2): go to dresser 1[END]
**Example 1:**
- Available Actions:(1): go to garbagecan 1, (2): take handtowel 1 from handtowelholder 1, (3): take faucet 1 from handtowelholder 1, (4): take handtowel 2 from handtowelholder 1
- Response:[BEGIN](2): go to dresser 1[END]

**Task Description:**
The task at hand is "examine the pencil with the desklamp". The agent must find an object of the desired type, locate and turn on a light source with the desired object in-hand.

**Available Actions:**
(1): go to bed 1
(2): go to drawer 1
(3): go to drawer 2
(4): go to dresser 1
(5): go to drawer 3
(6): go to drawer 4
(7): go to sidetable 1
(8): go to drawer 5
(9): go to shelf 1
(10): go to shelf 2
(11): go to shelf 3
(12): go to shelf 4
(13): go to shelf 5
(14): go to shelf 6
(15): go to shelf 7
(16): go to shelf 8
(17): go to shelf 9
(18): go to shelf 10
(19): go to shelf 11
(20): go to shelf 12
(21): go to shelf 13
(22): go to shelf 14
(23): take laptop 1 from desk 1
(24): take alarmclock 1 from desk 1
(25): take vase 1 from desk 1
(26): take cd 1 from desk 1
(27): take cd 2 from desk 1
(28): take keychain 1 from desk 1
(29): take pencil 1 from desk 1
(30): use desklamp 1
(31): examine desk 1

**Determine the appropriate action:**
- Identify relevant objects in the image related to the task.
- Evaluate each action's potential to successfully complete the task.

**Response:**
- Let's tink step-by-step.
- (i): [BEGIN][Selected Action][END]

Original VLM Response:
- (i): [BEGIN](29): take pencil 1 from desk 1[END]
- (ii): [BEGIN](30): use desklamp 1[END]

> Action: take pencil 1 from desk 1
Running time: 3.702543020248413 seconds

Step:--------------------------------------------------------------------------9--------------------------------------------------------------------------
VLM Prompt:
<image>
Given an image depicting a complex scene with multiple elements, your objective is to analyze the scene of the image in relation to the specified task description and choose the appropriate action from a list of available actions to accomplish the task. There are two examples.

**Example 1:**
- Available Actions:(1): go to bed 1, (2): go to dresser 1, (3): go to drawer 1
- Response:[BEGIN](2): go to dresser 1[END]
**Example 1:**
- Available Actions:(1): go to garbagecan 1, (2): take handtowel 1 from handtowelholder 1, (3): take faucet 1 from handtowelholder 1, (4): take handtowel 2 from handtowelholder 1
- Response:[BEGIN](2): go to dresser 1[END]

**Task Description:**
The task at hand is "examine the pencil with the desklamp". The agent must find an object of the desired type, locate and turn on a light source with the desired object in-hand.

**Available Actions:**
(1): go to bed 1
(2): go to drawer 1
(3): go to drawer 2
(4): go to dresser 1
(5): go to drawer 3
(6): go to drawer 4
(7): go to sidetable 1
(8): go to drawer 5
(9): go to shelf 1
(10): go to shelf 2
(11): go to shelf 3
(12): go to shelf 4
(13): go to shelf 5
(14): go to shelf 6
(15): go to shelf 7
(16): go to shelf 8
(17): go to shelf 9
(18): go to shelf 10
(19): go to shelf 11
(20): go to shelf 12
(21): go to shelf 13
(22): go to shelf 14
(23): put pencil 1 in/on desk 1
(24): use desklamp 1
(25): examine pencil 1
(26): examine desk 1

**Determine the appropriate action:**
- Identify relevant objects in the image related to the task.
- Evaluate each action's potential to successfully complete the task.

**Response:**
- Let's tink step-by-step.
- (i): [BEGIN][Selected Action][END]

Original VLM Response:
- (i): [BEGIN](23): put pencil 1 in/on desk 1[END]
- (ii): [BEGIN](24): use desklamp 1[END]
- (iii): [BEGIN](25): examine pencil 1[END]

> Action: put pencil 1 in/on desk 1
Running time: 4.411107063293457 seconds

Step:--------------------------------------------------------------------------10--------------------------------------------------------------------------
VLM Prompt:
<image>
Given an image depicting a complex scene with multiple elements, your objective is to analyze the scene of the image in relation to the specified task description and choose the appropriate action from a list of available actions to accomplish the task. There are two examples.

**Example 1:**
- Available Actions:(1): go to bed 1, (2): go to dresser 1, (3): go to drawer 1
- Response:[BEGIN](2): go to dresser 1[END]
**Example 1:**
- Available Actions:(1): go to garbagecan 1, (2): take handtowel 1 from handtowelholder 1, (3): take faucet 1 from handtowelholder 1, (4): take handtowel 2 from handtowelholder 1
- Response:[BEGIN](2): go to dresser 1[END]

**Task Description:**
The task at hand is "examine the pencil with the desklamp". The agent must find an object of the desired type, locate and turn on a light source with the desired object in-hand.

**Available Actions:**
(1): go to bed 1
(2): go to drawer 1
(3): go to drawer 2
(4): go to dresser 1
(5): go to drawer 3
(6): go to drawer 4
(7): go to sidetable 1
(8): go to drawer 5
(9): go to shelf 1
(10): go to shelf 2
(11): go to shelf 3
(12): go to shelf 4
(13): go to shelf 5
(14): go to shelf 6
(15): go to shelf 7
(16): go to shelf 8
(17): go to shelf 9
(18): go to shelf 10
(19): go to shelf 11
(20): go to shelf 12
(21): go to shelf 13
(22): go to shelf 14
(23): take laptop 1 from desk 1
(24): take alarmclock 1 from desk 1
(25): take vase 1 from desk 1
(26): take cd 1 from desk 1
(27): take cd 2 from desk 1
(28): take keychain 1 from desk 1
(29): take pencil 1 from desk 1
(30): use desklamp 1
(31): examine desk 1

**Determine the appropriate action:**
- Identify relevant objects in the image related to the task.
- Evaluate each action's potential to successfully complete the task.

**Response:**
- Let's tink step-by-step.
- (i): [BEGIN][Selected Action][END]

Original VLM Response:
- (i): [BEGIN](29): take pencil 1 from desk 1[END]
- (ii): [BEGIN](30): use desklamp 1[END]

> Action: take pencil 1 from desk 1
Running time: 3.43941593170166 seconds

Step:--------------------------------------------------------------------------11--------------------------------------------------------------------------
VLM Prompt:
<image>
Given an image depicting a complex scene with multiple elements, your objective is to analyze the scene of the image in relation to the specified task description and choose the appropriate action from a list of available actions to accomplish the task. There are two examples.

**Example 1:**
- Available Actions:(1): go to bed 1, (2): go to dresser 1, (3): go to drawer 1
- Response:[BEGIN](2): go to dresser 1[END]
**Example 1:**
- Available Actions:(1): go to garbagecan 1, (2): take handtowel 1 from handtowelholder 1, (3): take faucet 1 from handtowelholder 1, (4): take handtowel 2 from handtowelholder 1
- Response:[BEGIN](2): go to dresser 1[END]

**Task Description:**
The task at hand is "examine the pencil with the desklamp". The agent must find an object of the desired type, locate and turn on a light source with the desired object in-hand.

**Available Actions:**
(1): go to bed 1
(2): go to drawer 1
(3): go to drawer 2
(4): go to dresser 1
(5): go to drawer 3
(6): go to drawer 4
(7): go to sidetable 1
(8): go to drawer 5
(9): go to shelf 1
(10): go to shelf 2
(11): go to shelf 3
(12): go to shelf 4
(13): go to shelf 5
(14): go to shelf 6
(15): go to shelf 7
(16): go to shelf 8
(17): go to shelf 9
(18): go to shelf 10
(19): go to shelf 11
(20): go to shelf 12
(21): go to shelf 13
(22): go to shelf 14
(23): put pencil 1 in/on desk 1
(24): use desklamp 1
(25): examine pencil 1
(26): examine desk 1

**Determine the appropriate action:**
- Identify relevant objects in the image related to the task.
- Evaluate each action's potential to successfully complete the task.

**Response:**
- Let's tink step-by-step.
- (i): [BEGIN][Selected Action][END]

Original VLM Response:
- (i): [BEGIN](23): put pencil 1 in/on desk 1[END]
- (ii): [BEGIN](24): use desklamp 1[END]
- (iii): [BEGIN](25): examine pencil 1[END]

> Action: put pencil 1 in/on desk 1
Running time: 4.929941654205322 seconds

Step:--------------------------------------------------------------------------12--------------------------------------------------------------------------
VLM Prompt:
<image>
Given an image depicting a complex scene with multiple elements, your objective is to analyze the scene of the image in relation to the specified task description and choose the appropriate action from a list of available actions to accomplish the task. There are two examples.

**Example 1:**
- Available Actions:(1): go to bed 1, (2): go to dresser 1, (3): go to drawer 1
- Response:[BEGIN](2): go to dresser 1[END]
**Example 1:**
- Available Actions:(1): go to garbagecan 1, (2): take handtowel 1 from handtowelholder 1, (3): take faucet 1 from handtowelholder 1, (4): take handtowel 2 from handtowelholder 1
- Response:[BEGIN](2): go to dresser 1[END]

**Task Description:**
The task at hand is "examine the pencil with the desklamp". The agent must find an object of the desired type, locate and turn on a light source with the desired object in-hand.

**Available Actions:**
(1): go to bed 1
(2): go to drawer 1
(3): go to drawer 2
(4): go to dresser 1
(5): go to drawer 3
(6): go to drawer 4
(7): go to sidetable 1
(8): go to drawer 5
(9): go to shelf 1
(10): go to shelf 2
(11): go to shelf 3
(12): go to shelf 4
(13): go to shelf 5
(14): go to shelf 6
(15): go to shelf 7
(16): go to shelf 8
(17): go to shelf 9
(18): go to shelf 10
(19): go to shelf 11
(20): go to shelf 12
(21): go to shelf 13
(22): go to shelf 14
(23): take laptop 1 from desk 1
(24): take alarmclock 1 from desk 1
(25): take vase 1 from desk 1
(26): take cd 1 from desk 1
(27): take cd 2 from desk 1
(28): take keychain 1 from desk 1
(29): take pencil 1 from desk 1
(30): use desklamp 1
(31): examine desk 1

**Determine the appropriate action:**
- Identify relevant objects in the image related to the task.
- Evaluate each action's potential to successfully complete the task.

**Response:**
- Let's tink step-by-step.
- (i): [BEGIN][Selected Action][END]

Original VLM Response:
- (i): [BEGIN](29): take pencil 1 from desk 1[END]
- (ii): [BEGIN](30): use desklamp 1[END]

> Action: take pencil 1 from desk 1
Running time: 4.226346731185913 seconds

Step:--------------------------------------------------------------------------13--------------------------------------------------------------------------
VLM Prompt:
<image>
Given an image depicting a complex scene with multiple elements, your objective is to analyze the scene of the image in relation to the specified task description and choose the appropriate action from a list of available actions to accomplish the task. There are two examples.

**Example 1:**
- Available Actions:(1): go to bed 1, (2): go to dresser 1, (3): go to drawer 1
- Response:[BEGIN](2): go to dresser 1[END]
**Example 1:**
- Available Actions:(1): go to garbagecan 1, (2): take handtowel 1 from handtowelholder 1, (3): take faucet 1 from handtowelholder 1, (4): take handtowel 2 from handtowelholder 1
- Response:[BEGIN](2): go to dresser 1[END]

**Task Description:**
The task at hand is "examine the pencil with the desklamp". The agent must find an object of the desired type, locate and turn on a light source with the desired object in-hand.

**Available Actions:**
(1): go to bed 1
(2): go to drawer 1
(3): go to drawer 2
(4): go to dresser 1
(5): go to drawer 3
(6): go to drawer 4
(7): go to sidetable 1
(8): go to drawer 5
(9): go to shelf 1
(10): go to shelf 2
(11): go to shelf 3
(12): go to shelf 4
(13): go to shelf 5
(14): go to shelf 6
(15): go to shelf 7
(16): go to shelf 8
(17): go to shelf 9
(18): go to shelf 10
(19): go to shelf 11
(20): go to shelf 12
(21): go to shelf 13
(22): go to shelf 14
(23): put pencil 1 in/on desk 1
(24): use desklamp 1
(25): examine pencil 1
(26): examine desk 1

**Determine the appropriate action:**
- Identify relevant objects in the image related to the task.
- Evaluate each action's potential to successfully complete the task.

**Response:**
- Let's tink step-by-step.
- (i): [BEGIN][Selected Action][END]

Original VLM Response:
- (i): [BEGIN](24): use desklamp 1[END]

> Action: use desklamp 1
Running time: 4.066544771194458 seconds

SUCCEED
