---------------------------------------------------------Scene: 15---------------------------------------------------------
--------------------------------------------------------------------------------------------------------------------------------------------------------------------
--------------------------------------------------------------------------------------------------------------------------------------------------------------------
Step:--------------------------------------------------------------------------1--------------------------------------------------------------------------
VLM Prompt:
<image>
Given an image depicting a complex scene with multiple elements, your objective is to analyze the scene of the image in relation to the specified task description and choose the appropriate action from a list of available actions to accomplish the task. There are two examples.

**Example 1:**
- Available Actions:(1): go to bed 1, (2): go to dresser 1, (3): go to drawer 1
- Response:[BEGIN](2): go to dresser 1[END]
**Example 1:**
- Available Actions:(1): go to garbagecan 1, (2): take handtowel 1 from handtowelholder 1, (3): take faucet 1 from handtowelholder 1, (4): take handtowel 2 from handtowelholder 1
- Response:[BEGIN](2): go to dresser 1[END]

**Task Description:**
The task at hand is "examine the watch with the floorlamp". The agent must find an object of the desired type, locate and turn on a light source with the desired object in-hand.

**Available Actions:**
(1): go to armchair 1
(2): go to sof1
(3): go to coffeetable 1
(4): go to sof2
(5): go to sidetable 1
(6): go to drawer 1
(7): go to tvstand 1
(8): go to shelf 1
(9): go to shelf 2
(10): go to shelf 3
(11): go to shelf 4
(12): go to shelf 5
(13): go to shelf 6
(14): go to garbagecan 1

**Determine the appropriate action:**
- Identify relevant objects in the image related to the task.
- Evaluate each action's potential to successfully complete the task.

**Response:**
- Let's tink step-by-step.
- (i): [BEGIN][Selected Action][END]

Original VLM Response:
- (i): [BEGIN](6): go to drawer 1[END]

> Action: go to drawer 1
Running time: 2.7501583099365234 seconds

Step:--------------------------------------------------------------------------2--------------------------------------------------------------------------
VLM Prompt:
<image>
Given an image depicting a complex scene with multiple elements, your objective is to analyze the scene of the image in relation to the specified task description and choose the appropriate action from a list of available actions to accomplish the task. There are two examples.

**Example 1:**
- Available Actions:(1): go to bed 1, (2): go to dresser 1, (3): go to drawer 1
- Response:[BEGIN](2): go to dresser 1[END]
**Example 1:**
- Available Actions:(1): go to garbagecan 1, (2): take handtowel 1 from handtowelholder 1, (3): take faucet 1 from handtowelholder 1, (4): take handtowel 2 from handtowelholder 1
- Response:[BEGIN](2): go to dresser 1[END]

**Task Description:**
The task at hand is "examine the watch with the floorlamp". The agent must find an object of the desired type, locate and turn on a light source with the desired object in-hand.

**Available Actions:**
(1): go to armchair 1
(2): go to sof1
(3): go to coffeetable 1
(4): go to sof2
(5): go to sidetable 1
(6): go to tvstand 1
(7): go to shelf 1
(8): go to shelf 2
(9): go to shelf 3
(10): go to shelf 4
(11): go to shelf 5
(12): go to shelf 6
(13): go to garbagecan 1
(14): open drawer 1
(15): close drawer 1
(16): examine drawer 1

**Determine the appropriate action:**
- Identify relevant objects in the image related to the task.
- Evaluate each action's potential to successfully complete the task.

**Response:**
- Let's tink step-by-step.
- (i): [BEGIN][Selected Action][END]

Original VLM Response:
- (i): [BEGIN](5): go to sidetable 1[END]

> Action: go to sidetable 1
Running time: 3.4296798706054688 seconds

Step:--------------------------------------------------------------------------3--------------------------------------------------------------------------
VLM Prompt:
<image>
Given an image depicting a complex scene with multiple elements, your objective is to analyze the scene of the image in relation to the specified task description and choose the appropriate action from a list of available actions to accomplish the task. There are two examples.

**Example 1:**
- Available Actions:(1): go to bed 1, (2): go to dresser 1, (3): go to drawer 1
- Response:[BEGIN](2): go to dresser 1[END]
**Example 1:**
- Available Actions:(1): go to garbagecan 1, (2): take handtowel 1 from handtowelholder 1, (3): take faucet 1 from handtowelholder 1, (4): take handtowel 2 from handtowelholder 1
- Response:[BEGIN](2): go to dresser 1[END]

**Task Description:**
The task at hand is "examine the watch with the floorlamp". The agent must find an object of the desired type, locate and turn on a light source with the desired object in-hand.

**Available Actions:**
(1): go to armchair 1
(2): go to sof1
(3): go to coffeetable 1
(4): go to sof2
(5): go to drawer 1
(6): go to tvstand 1
(7): go to shelf 1
(8): go to shelf 2
(9): go to shelf 3
(10): go to shelf 4
(11): go to shelf 5
(12): go to shelf 6
(13): go to garbagecan 1
(14): take box 1 from sidetable 1
(15): take newspaper 1 from sidetable 1
(16): take keychain 1 from sidetable 1
(17): take houseplant 1 from sidetable 1
(18): take vase 1 from sidetable 1
(19): use floorlamp 1
(20): use desklamp 1
(21): examine sidetable 1

**Determine the appropriate action:**
- Identify relevant objects in the image related to the task.
- Evaluate each action's potential to successfully complete the task.

**Response:**
- Let's tink step-by-step.
- (i): [BEGIN][Selected Action][END]

Original VLM Response:
- First, we need to locate the watch, which is not visible in the image provided. Since the task is to examine the watch, we can assume that the agent already has the watch in hand or knows its location. 
- (ii): Next, we need to find a light source to examine the watch properly. The task description mentions a floorlamp, which is visible in the image next to the armchair.
- (iii): Since the agent needs to use the floorlamp to examine the watch, the appropriate action would be to turn on the floorlamp.

**Response:**
- [BEGIN](19): use floorlamp 1[END]

> Action: use floorlamp 1
Running time: 6.6143059730529785 seconds

Step:--------------------------------------------------------------------------4--------------------------------------------------------------------------
VLM Prompt:
<image>
Given an image depicting a complex scene with multiple elements, your objective is to analyze the scene of the image in relation to the specified task description and choose the appropriate action from a list of available actions to accomplish the task. There are two examples.

**Example 1:**
- Available Actions:(1): go to bed 1, (2): go to dresser 1, (3): go to drawer 1
- Response:[BEGIN](2): go to dresser 1[END]
**Example 1:**
- Available Actions:(1): go to garbagecan 1, (2): take handtowel 1 from handtowelholder 1, (3): take faucet 1 from handtowelholder 1, (4): take handtowel 2 from handtowelholder 1
- Response:[BEGIN](2): go to dresser 1[END]

**Task Description:**
The task at hand is "examine the watch with the floorlamp". The agent must find an object of the desired type, locate and turn on a light source with the desired object in-hand.

**Available Actions:**
(1): go to armchair 1
(2): go to sof1
(3): go to coffeetable 1
(4): go to sof2
(5): go to drawer 1
(6): go to tvstand 1
(7): go to shelf 1
(8): go to shelf 2
(9): go to shelf 3
(10): go to shelf 4
(11): go to shelf 5
(12): go to shelf 6
(13): go to garbagecan 1
(14): take box 1 from sidetable 1
(15): take newspaper 1 from sidetable 1
(16): take keychain 1 from sidetable 1
(17): take houseplant 1 from sidetable 1
(18): take vase 1 from sidetable 1
(19): use floorlamp 1
(20): use desklamp 1
(21): examine sidetable 1

**Determine the appropriate action:**
- Identify relevant objects in the image related to the task.
- Evaluate each action's potential to successfully complete the task.

**Response:**
- Let's tink step-by-step.
- (i): [BEGIN][Selected Action][END]

Original VLM Response:
- (i): [BEGIN](21): examine sidetable 1[END]

> Action: examine sidetable 1
Running time: 2.701106309890747 seconds

Step:--------------------------------------------------------------------------5--------------------------------------------------------------------------
VLM Prompt:
<image>
Given an image depicting a complex scene with multiple elements, your objective is to analyze the scene of the image in relation to the specified task description and choose the appropriate action from a list of available actions to accomplish the task. There are two examples.

**Example 1:**
- Available Actions:(1): go to bed 1, (2): go to dresser 1, (3): go to drawer 1
- Response:[BEGIN](2): go to dresser 1[END]
**Example 1:**
- Available Actions:(1): go to garbagecan 1, (2): take handtowel 1 from handtowelholder 1, (3): take faucet 1 from handtowelholder 1, (4): take handtowel 2 from handtowelholder 1
- Response:[BEGIN](2): go to dresser 1[END]

**Task Description:**
The task at hand is "examine the watch with the floorlamp". The agent must find an object of the desired type, locate and turn on a light source with the desired object in-hand.

**Available Actions:**
(1): go to armchair 1
(2): go to sof1
(3): go to coffeetable 1
(4): go to sof2
(5): go to drawer 1
(6): go to tvstand 1
(7): go to shelf 1
(8): go to shelf 2
(9): go to shelf 3
(10): go to shelf 4
(11): go to shelf 5
(12): go to shelf 6
(13): go to garbagecan 1
(14): take box 1 from sidetable 1
(15): take newspaper 1 from sidetable 1
(16): take keychain 1 from sidetable 1
(17): take houseplant 1 from sidetable 1
(18): take vase 1 from sidetable 1
(19): use floorlamp 1
(20): use desklamp 1
(21): examine sidetable 1

**Determine the appropriate action:**
- Identify relevant objects in the image related to the task.
- Evaluate each action's potential to successfully complete the task.

**Response:**
- Let's tink step-by-step.
- (i): [BEGIN][Selected Action][END]

Original VLM Response:
- (i): [BEGIN](19): use floorlamp 1[END]

> Action: use floorlamp 1
Running time: 3.6229400634765625 seconds

Step:--------------------------------------------------------------------------6--------------------------------------------------------------------------
VLM Prompt:
<image>
Given an image depicting a complex scene with multiple elements, your objective is to analyze the scene of the image in relation to the specified task description and choose the appropriate action from a list of available actions to accomplish the task. There are two examples.

**Example 1:**
- Available Actions:(1): go to bed 1, (2): go to dresser 1, (3): go to drawer 1
- Response:[BEGIN](2): go to dresser 1[END]
**Example 1:**
- Available Actions:(1): go to garbagecan 1, (2): take handtowel 1 from handtowelholder 1, (3): take faucet 1 from handtowelholder 1, (4): take handtowel 2 from handtowelholder 1
- Response:[BEGIN](2): go to dresser 1[END]

**Task Description:**
The task at hand is "examine the watch with the floorlamp". The agent must find an object of the desired type, locate and turn on a light source with the desired object in-hand.

**Available Actions:**
(1): go to armchair 1
(2): go to sof1
(3): go to coffeetable 1
(4): go to sof2
(5): go to drawer 1
(6): go to tvstand 1
(7): go to shelf 1
(8): go to shelf 2
(9): go to shelf 3
(10): go to shelf 4
(11): go to shelf 5
(12): go to shelf 6
(13): go to garbagecan 1
(14): take box 1 from sidetable 1
(15): take newspaper 1 from sidetable 1
(16): take keychain 1 from sidetable 1
(17): take houseplant 1 from sidetable 1
(18): take vase 1 from sidetable 1
(19): use floorlamp 1
(20): use desklamp 1
(21): examine sidetable 1

**Determine the appropriate action:**
- Identify relevant objects in the image related to the task.
- Evaluate each action's potential to successfully complete the task.

**Response:**
- Let's tink step-by-step.
- (i): [BEGIN][Selected Action][END]

Original VLM Response:
- (i): [BEGIN](19): use floorlamp 1[END]

> Action: use floorlamp 1
Running time: 3.5781030654907227 seconds

Step:--------------------------------------------------------------------------7--------------------------------------------------------------------------
VLM Prompt:
<image>
Given an image depicting a complex scene with multiple elements, your objective is to analyze the scene of the image in relation to the specified task description and choose the appropriate action from a list of available actions to accomplish the task. There are two examples.

**Example 1:**
- Available Actions:(1): go to bed 1, (2): go to dresser 1, (3): go to drawer 1
- Response:[BEGIN](2): go to dresser 1[END]
**Example 1:**
- Available Actions:(1): go to garbagecan 1, (2): take handtowel 1 from handtowelholder 1, (3): take faucet 1 from handtowelholder 1, (4): take handtowel 2 from handtowelholder 1
- Response:[BEGIN](2): go to dresser 1[END]

**Task Description:**
The task at hand is "examine the watch with the floorlamp". The agent must find an object of the desired type, locate and turn on a light source with the desired object in-hand.

**Available Actions:**
(1): go to armchair 1
(2): go to sof1
(3): go to coffeetable 1
(4): go to sof2
(5): go to drawer 1
(6): go to tvstand 1
(7): go to shelf 1
(8): go to shelf 2
(9): go to shelf 3
(10): go to shelf 4
(11): go to shelf 5
(12): go to shelf 6
(13): go to garbagecan 1
(14): take box 1 from sidetable 1
(15): take newspaper 1 from sidetable 1
(16): take keychain 1 from sidetable 1
(17): take houseplant 1 from sidetable 1
(18): take vase 1 from sidetable 1
(19): use floorlamp 1
(20): use desklamp 1
(21): examine sidetable 1

**Determine the appropriate action:**
- Identify relevant objects in the image related to the task.
- Evaluate each action's potential to successfully complete the task.

**Response:**
- Let's tink step-by-step.
- (i): [BEGIN][Selected Action][END]

Original VLM Response:
- (i): [BEGIN](21): examine sidetable 1[END]

> Action: examine sidetable 1
Running time: 2.2337303161621094 seconds

Step:--------------------------------------------------------------------------8--------------------------------------------------------------------------
VLM Prompt:
<image>
Given an image depicting a complex scene with multiple elements, your objective is to analyze the scene of the image in relation to the specified task description and choose the appropriate action from a list of available actions to accomplish the task. There are two examples.

**Example 1:**
- Available Actions:(1): go to bed 1, (2): go to dresser 1, (3): go to drawer 1
- Response:[BEGIN](2): go to dresser 1[END]
**Example 1:**
- Available Actions:(1): go to garbagecan 1, (2): take handtowel 1 from handtowelholder 1, (3): take faucet 1 from handtowelholder 1, (4): take handtowel 2 from handtowelholder 1
- Response:[BEGIN](2): go to dresser 1[END]

**Task Description:**
The task at hand is "examine the watch with the floorlamp". The agent must find an object of the desired type, locate and turn on a light source with the desired object in-hand.

**Available Actions:**
(1): go to armchair 1
(2): go to sof1
(3): go to coffeetable 1
(4): go to sof2
(5): go to drawer 1
(6): go to tvstand 1
(7): go to shelf 1
(8): go to shelf 2
(9): go to shelf 3
(10): go to shelf 4
(11): go to shelf 5
(12): go to shelf 6
(13): go to garbagecan 1
(14): take box 1 from sidetable 1
(15): take newspaper 1 from sidetable 1
(16): take keychain 1 from sidetable 1
(17): take houseplant 1 from sidetable 1
(18): take vase 1 from sidetable 1
(19): use floorlamp 1
(20): use desklamp 1
(21): examine sidetable 1

**Determine the appropriate action:**
- Identify relevant objects in the image related to the task.
- Evaluate each action's potential to successfully complete the task.

**Response:**
- Let's tink step-by-step.
- (i): [BEGIN][Selected Action][END]

Original VLM Response:
- (i): [BEGIN](19): use floorlamp 1[END]

> Action: use floorlamp 1
Running time: 4.874587059020996 seconds

Step:--------------------------------------------------------------------------9--------------------------------------------------------------------------
VLM Prompt:
<image>
Given an image depicting a complex scene with multiple elements, your objective is to analyze the scene of the image in relation to the specified task description and choose the appropriate action from a list of available actions to accomplish the task. There are two examples.

**Example 1:**
- Available Actions:(1): go to bed 1, (2): go to dresser 1, (3): go to drawer 1
- Response:[BEGIN](2): go to dresser 1[END]
**Example 1:**
- Available Actions:(1): go to garbagecan 1, (2): take handtowel 1 from handtowelholder 1, (3): take faucet 1 from handtowelholder 1, (4): take handtowel 2 from handtowelholder 1
- Response:[BEGIN](2): go to dresser 1[END]

**Task Description:**
The task at hand is "examine the watch with the floorlamp". The agent must find an object of the desired type, locate and turn on a light source with the desired object in-hand.

**Available Actions:**
(1): go to armchair 1
(2): go to sof1
(3): go to coffeetable 1
(4): go to sof2
(5): go to drawer 1
(6): go to tvstand 1
(7): go to shelf 1
(8): go to shelf 2
(9): go to shelf 3
(10): go to shelf 4
(11): go to shelf 5
(12): go to shelf 6
(13): go to garbagecan 1
(14): take box 1 from sidetable 1
(15): take newspaper 1 from sidetable 1
(16): take keychain 1 from sidetable 1
(17): take houseplant 1 from sidetable 1
(18): take vase 1 from sidetable 1
(19): use floorlamp 1
(20): use desklamp 1
(21): examine sidetable 1

**Determine the appropriate action:**
- Identify relevant objects in the image related to the task.
- Evaluate each action's potential to successfully complete the task.

**Response:**
- Let's tink step-by-step.
- (i): [BEGIN][Selected Action][END]

Original VLM Response:
- (i): [BEGIN](21): examine sidetable 1[END]

> Action: examine sidetable 1
Running time: 3.5889456272125244 seconds

Step:--------------------------------------------------------------------------10--------------------------------------------------------------------------
VLM Prompt:
<image>
Given an image depicting a complex scene with multiple elements, your objective is to analyze the scene of the image in relation to the specified task description and choose the appropriate action from a list of available actions to accomplish the task. There are two examples.

**Example 1:**
- Available Actions:(1): go to bed 1, (2): go to dresser 1, (3): go to drawer 1
- Response:[BEGIN](2): go to dresser 1[END]
**Example 1:**
- Available Actions:(1): go to garbagecan 1, (2): take handtowel 1 from handtowelholder 1, (3): take faucet 1 from handtowelholder 1, (4): take handtowel 2 from handtowelholder 1
- Response:[BEGIN](2): go to dresser 1[END]

**Task Description:**
The task at hand is "examine the watch with the floorlamp". The agent must find an object of the desired type, locate and turn on a light source with the desired object in-hand.

**Available Actions:**
(1): go to armchair 1
(2): go to sof1
(3): go to coffeetable 1
(4): go to sof2
(5): go to drawer 1
(6): go to tvstand 1
(7): go to shelf 1
(8): go to shelf 2
(9): go to shelf 3
(10): go to shelf 4
(11): go to shelf 5
(12): go to shelf 6
(13): go to garbagecan 1
(14): take box 1 from sidetable 1
(15): take newspaper 1 from sidetable 1
(16): take keychain 1 from sidetable 1
(17): take houseplant 1 from sidetable 1
(18): take vase 1 from sidetable 1
(19): use floorlamp 1
(20): use desklamp 1
(21): examine sidetable 1

**Determine the appropriate action:**
- Identify relevant objects in the image related to the task.
- Evaluate each action's potential to successfully complete the task.

**Response:**
- Let's tink step-by-step.
- (i): [BEGIN][Selected Action][END]

Original VLM Response:
- (i): [BEGIN](19): use floorlamp 1[END]

> Action: use floorlamp 1
Running time: 2.774470567703247 seconds

Step:--------------------------------------------------------------------------11--------------------------------------------------------------------------
VLM Prompt:
<image>
Given an image depicting a complex scene with multiple elements, your objective is to analyze the scene of the image in relation to the specified task description and choose the appropriate action from a list of available actions to accomplish the task. There are two examples.

**Example 1:**
- Available Actions:(1): go to bed 1, (2): go to dresser 1, (3): go to drawer 1
- Response:[BEGIN](2): go to dresser 1[END]
**Example 1:**
- Available Actions:(1): go to garbagecan 1, (2): take handtowel 1 from handtowelholder 1, (3): take faucet 1 from handtowelholder 1, (4): take handtowel 2 from handtowelholder 1
- Response:[BEGIN](2): go to dresser 1[END]

**Task Description:**
The task at hand is "examine the watch with the floorlamp". The agent must find an object of the desired type, locate and turn on a light source with the desired object in-hand.

**Available Actions:**
(1): go to armchair 1
(2): go to sof1
(3): go to coffeetable 1
(4): go to sof2
(5): go to drawer 1
(6): go to tvstand 1
(7): go to shelf 1
(8): go to shelf 2
(9): go to shelf 3
(10): go to shelf 4
(11): go to shelf 5
(12): go to shelf 6
(13): go to garbagecan 1
(14): take box 1 from sidetable 1
(15): take newspaper 1 from sidetable 1
(16): take keychain 1 from sidetable 1
(17): take houseplant 1 from sidetable 1
(18): take vase 1 from sidetable 1
(19): use floorlamp 1
(20): use desklamp 1
(21): examine sidetable 1

**Determine the appropriate action:**
- Identify relevant objects in the image related to the task.
- Evaluate each action's potential to successfully complete the task.

**Response:**
- Let's tink step-by-step.
- (i): [BEGIN][Selected Action][END]

Original VLM Response:
- (i): [BEGIN](19): use floorlamp 1[END]

> Action: use floorlamp 1
Running time: 2.5609819889068604 seconds

Step:--------------------------------------------------------------------------12--------------------------------------------------------------------------
VLM Prompt:
<image>
Given an image depicting a complex scene with multiple elements, your objective is to analyze the scene of the image in relation to the specified task description and choose the appropriate action from a list of available actions to accomplish the task. There are two examples.

**Example 1:**
- Available Actions:(1): go to bed 1, (2): go to dresser 1, (3): go to drawer 1
- Response:[BEGIN](2): go to dresser 1[END]
**Example 1:**
- Available Actions:(1): go to garbagecan 1, (2): take handtowel 1 from handtowelholder 1, (3): take faucet 1 from handtowelholder 1, (4): take handtowel 2 from handtowelholder 1
- Response:[BEGIN](2): go to dresser 1[END]

**Task Description:**
The task at hand is "examine the watch with the floorlamp". The agent must find an object of the desired type, locate and turn on a light source with the desired object in-hand.

**Available Actions:**
(1): go to armchair 1
(2): go to sof1
(3): go to coffeetable 1
(4): go to sof2
(5): go to drawer 1
(6): go to tvstand 1
(7): go to shelf 1
(8): go to shelf 2
(9): go to shelf 3
(10): go to shelf 4
(11): go to shelf 5
(12): go to shelf 6
(13): go to garbagecan 1
(14): take box 1 from sidetable 1
(15): take newspaper 1 from sidetable 1
(16): take keychain 1 from sidetable 1
(17): take houseplant 1 from sidetable 1
(18): take vase 1 from sidetable 1
(19): use floorlamp 1
(20): use desklamp 1
(21): examine sidetable 1

**Determine the appropriate action:**
- Identify relevant objects in the image related to the task.
- Evaluate each action's potential to successfully complete the task.

**Response:**
- Let's tink step-by-step.
- (i): [BEGIN][Selected Action][END]

Original VLM Response:
- (i): [BEGIN](19): use floorlamp 1[END]

> Action: use floorlamp 1
Running time: 2.5827796459198 seconds

Step:--------------------------------------------------------------------------13--------------------------------------------------------------------------
VLM Prompt:
<image>
Given an image depicting a complex scene with multiple elements, your objective is to analyze the scene of the image in relation to the specified task description and choose the appropriate action from a list of available actions to accomplish the task. There are two examples.

**Example 1:**
- Available Actions:(1): go to bed 1, (2): go to dresser 1, (3): go to drawer 1
- Response:[BEGIN](2): go to dresser 1[END]
**Example 1:**
- Available Actions:(1): go to garbagecan 1, (2): take handtowel 1 from handtowelholder 1, (3): take faucet 1 from handtowelholder 1, (4): take handtowel 2 from handtowelholder 1
- Response:[BEGIN](2): go to dresser 1[END]

**Task Description:**
The task at hand is "examine the watch with the floorlamp". The agent must find an object of the desired type, locate and turn on a light source with the desired object in-hand.

**Available Actions:**
(1): go to armchair 1
(2): go to sof1
(3): go to coffeetable 1
(4): go to sof2
(5): go to drawer 1
(6): go to tvstand 1
(7): go to shelf 1
(8): go to shelf 2
(9): go to shelf 3
(10): go to shelf 4
(11): go to shelf 5
(12): go to shelf 6
(13): go to garbagecan 1
(14): take box 1 from sidetable 1
(15): take newspaper 1 from sidetable 1
(16): take keychain 1 from sidetable 1
(17): take houseplant 1 from sidetable 1
(18): take vase 1 from sidetable 1
(19): use floorlamp 1
(20): use desklamp 1
(21): examine sidetable 1

**Determine the appropriate action:**
- Identify relevant objects in the image related to the task.
- Evaluate each action's potential to successfully complete the task.

**Response:**
- Let's tink step-by-step.
- (i): [BEGIN][Selected Action][END]

Original VLM Response:
- (i): [BEGIN](19): use floorlamp 1[END]

> Action: use floorlamp 1
Running time: 2.687117099761963 seconds

Step:--------------------------------------------------------------------------14--------------------------------------------------------------------------
VLM Prompt:
<image>
Given an image depicting a complex scene with multiple elements, your objective is to analyze the scene of the image in relation to the specified task description and choose the appropriate action from a list of available actions to accomplish the task. There are two examples.

**Example 1:**
- Available Actions:(1): go to bed 1, (2): go to dresser 1, (3): go to drawer 1
- Response:[BEGIN](2): go to dresser 1[END]
**Example 1:**
- Available Actions:(1): go to garbagecan 1, (2): take handtowel 1 from handtowelholder 1, (3): take faucet 1 from handtowelholder 1, (4): take handtowel 2 from handtowelholder 1
- Response:[BEGIN](2): go to dresser 1[END]

**Task Description:**
The task at hand is "examine the watch with the floorlamp". The agent must find an object of the desired type, locate and turn on a light source with the desired object in-hand.

**Available Actions:**
(1): go to armchair 1
(2): go to sof1
(3): go to coffeetable 1
(4): go to sof2
(5): go to drawer 1
(6): go to tvstand 1
(7): go to shelf 1
(8): go to shelf 2
(9): go to shelf 3
(10): go to shelf 4
(11): go to shelf 5
(12): go to shelf 6
(13): go to garbagecan 1
(14): take box 1 from sidetable 1
(15): take newspaper 1 from sidetable 1
(16): take keychain 1 from sidetable 1
(17): take houseplant 1 from sidetable 1
(18): take vase 1 from sidetable 1
(19): use floorlamp 1
(20): use desklamp 1
(21): examine sidetable 1

**Determine the appropriate action:**
- Identify relevant objects in the image related to the task.
- Evaluate each action's potential to successfully complete the task.

**Response:**
- Let's tink step-by-step.
- (i): [BEGIN][Selected Action][END]

Original VLM Response:
- (i): [BEGIN](19): use floorlamp 1[END]

> Action: use floorlamp 1
Running time: 2.8161957263946533 seconds

Step:--------------------------------------------------------------------------15--------------------------------------------------------------------------
VLM Prompt:
<image>
Given an image depicting a complex scene with multiple elements, your objective is to analyze the scene of the image in relation to the specified task description and choose the appropriate action from a list of available actions to accomplish the task. There are two examples.

**Example 1:**
- Available Actions:(1): go to bed 1, (2): go to dresser 1, (3): go to drawer 1
- Response:[BEGIN](2): go to dresser 1[END]
**Example 1:**
- Available Actions:(1): go to garbagecan 1, (2): take handtowel 1 from handtowelholder 1, (3): take faucet 1 from handtowelholder 1, (4): take handtowel 2 from handtowelholder 1
- Response:[BEGIN](2): go to dresser 1[END]

**Task Description:**
The task at hand is "examine the watch with the floorlamp". The agent must find an object of the desired type, locate and turn on a light source with the desired object in-hand.

**Available Actions:**
(1): go to armchair 1
(2): go to sof1
(3): go to coffeetable 1
(4): go to sof2
(5): go to drawer 1
(6): go to tvstand 1
(7): go to shelf 1
(8): go to shelf 2
(9): go to shelf 3
(10): go to shelf 4
(11): go to shelf 5
(12): go to shelf 6
(13): go to garbagecan 1
(14): take box 1 from sidetable 1
(15): take newspaper 1 from sidetable 1
(16): take keychain 1 from sidetable 1
(17): take houseplant 1 from sidetable 1
(18): take vase 1 from sidetable 1
(19): use floorlamp 1
(20): use desklamp 1
(21): examine sidetable 1

**Determine the appropriate action:**
- Identify relevant objects in the image related to the task.
- Evaluate each action's potential to successfully complete the task.

**Response:**
- Let's tink step-by-step.
- (i): [BEGIN][Selected Action][END]

Original VLM Response:
- (i): [BEGIN](19): use floorlamp 1[END]

> Action: use floorlamp 1
Running time: 4.266075849533081 seconds

Step:--------------------------------------------------------------------------16--------------------------------------------------------------------------
VLM Prompt:
<image>
Given an image depicting a complex scene with multiple elements, your objective is to analyze the scene of the image in relation to the specified task description and choose the appropriate action from a list of available actions to accomplish the task. There are two examples.

**Example 1:**
- Available Actions:(1): go to bed 1, (2): go to dresser 1, (3): go to drawer 1
- Response:[BEGIN](2): go to dresser 1[END]
**Example 1:**
- Available Actions:(1): go to garbagecan 1, (2): take handtowel 1 from handtowelholder 1, (3): take faucet 1 from handtowelholder 1, (4): take handtowel 2 from handtowelholder 1
- Response:[BEGIN](2): go to dresser 1[END]

**Task Description:**
The task at hand is "examine the watch with the floorlamp". The agent must find an object of the desired type, locate and turn on a light source with the desired object in-hand.

**Available Actions:**
(1): go to armchair 1
(2): go to sof1
(3): go to coffeetable 1
(4): go to sof2
(5): go to drawer 1
(6): go to tvstand 1
(7): go to shelf 1
(8): go to shelf 2
(9): go to shelf 3
(10): go to shelf 4
(11): go to shelf 5
(12): go to shelf 6
(13): go to garbagecan 1
(14): take box 1 from sidetable 1
(15): take newspaper 1 from sidetable 1
(16): take keychain 1 from sidetable 1
(17): take houseplant 1 from sidetable 1
(18): take vase 1 from sidetable 1
(19): use floorlamp 1
(20): use desklamp 1
(21): examine sidetable 1

**Determine the appropriate action:**
- Identify relevant objects in the image related to the task.
- Evaluate each action's potential to successfully complete the task.

**Response:**
- Let's tink step-by-step.
- (i): [BEGIN][Selected Action][END]

Original VLM Response:
- (i): [BEGIN](19): use floorlamp 1[END]

> Action: use floorlamp 1
Running time: 3.8050127029418945 seconds

Step:--------------------------------------------------------------------------17--------------------------------------------------------------------------
VLM Prompt:
<image>
Given an image depicting a complex scene with multiple elements, your objective is to analyze the scene of the image in relation to the specified task description and choose the appropriate action from a list of available actions to accomplish the task. There are two examples.

**Example 1:**
- Available Actions:(1): go to bed 1, (2): go to dresser 1, (3): go to drawer 1
- Response:[BEGIN](2): go to dresser 1[END]
**Example 1:**
- Available Actions:(1): go to garbagecan 1, (2): take handtowel 1 from handtowelholder 1, (3): take faucet 1 from handtowelholder 1, (4): take handtowel 2 from handtowelholder 1
- Response:[BEGIN](2): go to dresser 1[END]

**Task Description:**
The task at hand is "examine the watch with the floorlamp". The agent must find an object of the desired type, locate and turn on a light source with the desired object in-hand.

**Available Actions:**
(1): go to armchair 1
(2): go to sof1
(3): go to coffeetable 1
(4): go to sof2
(5): go to drawer 1
(6): go to tvstand 1
(7): go to shelf 1
(8): go to shelf 2
(9): go to shelf 3
(10): go to shelf 4
(11): go to shelf 5
(12): go to shelf 6
(13): go to garbagecan 1
(14): take box 1 from sidetable 1
(15): take newspaper 1 from sidetable 1
(16): take keychain 1 from sidetable 1
(17): take houseplant 1 from sidetable 1
(18): take vase 1 from sidetable 1
(19): use floorlamp 1
(20): use desklamp 1
(21): examine sidetable 1

**Determine the appropriate action:**
- Identify relevant objects in the image related to the task.
- Evaluate each action's potential to successfully complete the task.

**Response:**
- Let's tink step-by-step.
- (i): [BEGIN][Selected Action][END]

Original VLM Response:
- (i): [BEGIN](21): examine sidetable 1[END]

> Action: examine sidetable 1
Running time: 2.354017734527588 seconds

Step:--------------------------------------------------------------------------18--------------------------------------------------------------------------
VLM Prompt:
<image>
Given an image depicting a complex scene with multiple elements, your objective is to analyze the scene of the image in relation to the specified task description and choose the appropriate action from a list of available actions to accomplish the task. There are two examples.

**Example 1:**
- Available Actions:(1): go to bed 1, (2): go to dresser 1, (3): go to drawer 1
- Response:[BEGIN](2): go to dresser 1[END]
**Example 1:**
- Available Actions:(1): go to garbagecan 1, (2): take handtowel 1 from handtowelholder 1, (3): take faucet 1 from handtowelholder 1, (4): take handtowel 2 from handtowelholder 1
- Response:[BEGIN](2): go to dresser 1[END]

**Task Description:**
The task at hand is "examine the watch with the floorlamp". The agent must find an object of the desired type, locate and turn on a light source with the desired object in-hand.

**Available Actions:**
(1): go to armchair 1
(2): go to sof1
(3): go to coffeetable 1
(4): go to sof2
(5): go to drawer 1
(6): go to tvstand 1
(7): go to shelf 1
(8): go to shelf 2
(9): go to shelf 3
(10): go to shelf 4
(11): go to shelf 5
(12): go to shelf 6
(13): go to garbagecan 1
(14): take box 1 from sidetable 1
(15): take newspaper 1 from sidetable 1
(16): take keychain 1 from sidetable 1
(17): take houseplant 1 from sidetable 1
(18): take vase 1 from sidetable 1
(19): use floorlamp 1
(20): use desklamp 1
(21): examine sidetable 1

**Determine the appropriate action:**
- Identify relevant objects in the image related to the task.
- Evaluate each action's potential to successfully complete the task.

**Response:**
- Let's tink step-by-step.
- (i): [BEGIN][Selected Action][END]

Original VLM Response:
- (i): [BEGIN](19): use floorlamp 1[END]

> Action: use floorlamp 1
Running time: 2.2148630619049072 seconds

Step:--------------------------------------------------------------------------19--------------------------------------------------------------------------
VLM Prompt:
<image>
Given an image depicting a complex scene with multiple elements, your objective is to analyze the scene of the image in relation to the specified task description and choose the appropriate action from a list of available actions to accomplish the task. There are two examples.

**Example 1:**
- Available Actions:(1): go to bed 1, (2): go to dresser 1, (3): go to drawer 1
- Response:[BEGIN](2): go to dresser 1[END]
**Example 1:**
- Available Actions:(1): go to garbagecan 1, (2): take handtowel 1 from handtowelholder 1, (3): take faucet 1 from handtowelholder 1, (4): take handtowel 2 from handtowelholder 1
- Response:[BEGIN](2): go to dresser 1[END]

**Task Description:**
The task at hand is "examine the watch with the floorlamp". The agent must find an object of the desired type, locate and turn on a light source with the desired object in-hand.

**Available Actions:**
(1): go to armchair 1
(2): go to sof1
(3): go to coffeetable 1
(4): go to sof2
(5): go to drawer 1
(6): go to tvstand 1
(7): go to shelf 1
(8): go to shelf 2
(9): go to shelf 3
(10): go to shelf 4
(11): go to shelf 5
(12): go to shelf 6
(13): go to garbagecan 1
(14): take box 1 from sidetable 1
(15): take newspaper 1 from sidetable 1
(16): take keychain 1 from sidetable 1
(17): take houseplant 1 from sidetable 1
(18): take vase 1 from sidetable 1
(19): use floorlamp 1
(20): use desklamp 1
(21): examine sidetable 1

**Determine the appropriate action:**
- Identify relevant objects in the image related to the task.
- Evaluate each action's potential to successfully complete the task.

**Response:**
- Let's tink step-by-step.
- (i): [BEGIN][Selected Action][END]

Original VLM Response:
- (i): [BEGIN](19): use floorlamp 1[END]

> Action: use floorlamp 1
Running time: 2.5475013256073 seconds

Step:--------------------------------------------------------------------------20--------------------------------------------------------------------------
VLM Prompt:
<image>
Given an image depicting a complex scene with multiple elements, your objective is to analyze the scene of the image in relation to the specified task description and choose the appropriate action from a list of available actions to accomplish the task. There are two examples.

**Example 1:**
- Available Actions:(1): go to bed 1, (2): go to dresser 1, (3): go to drawer 1
- Response:[BEGIN](2): go to dresser 1[END]
**Example 1:**
- Available Actions:(1): go to garbagecan 1, (2): take handtowel 1 from handtowelholder 1, (3): take faucet 1 from handtowelholder 1, (4): take handtowel 2 from handtowelholder 1
- Response:[BEGIN](2): go to dresser 1[END]

**Task Description:**
The task at hand is "examine the watch with the floorlamp". The agent must find an object of the desired type, locate and turn on a light source with the desired object in-hand.

**Available Actions:**
(1): go to armchair 1
(2): go to sof1
(3): go to coffeetable 1
(4): go to sof2
(5): go to drawer 1
(6): go to tvstand 1
(7): go to shelf 1
(8): go to shelf 2
(9): go to shelf 3
(10): go to shelf 4
(11): go to shelf 5
(12): go to shelf 6
(13): go to garbagecan 1
(14): take box 1 from sidetable 1
(15): take newspaper 1 from sidetable 1
(16): take keychain 1 from sidetable 1
(17): take houseplant 1 from sidetable 1
(18): take vase 1 from sidetable 1
(19): use floorlamp 1
(20): use desklamp 1
(21): examine sidetable 1

**Determine the appropriate action:**
- Identify relevant objects in the image related to the task.
- Evaluate each action's potential to successfully complete the task.

**Response:**
- Let's tink step-by-step.
- (i): [BEGIN][Selected Action][END]

Original VLM Response:
- (i): [BEGIN](19): use floorlamp 1[END]

> Action: use floorlamp 1
Running time: 3.748728036880493 seconds

Step:--------------------------------------------------------------------------21--------------------------------------------------------------------------
VLM Prompt:
<image>
Given an image depicting a complex scene with multiple elements, your objective is to analyze the scene of the image in relation to the specified task description and choose the appropriate action from a list of available actions to accomplish the task. There are two examples.

**Example 1:**
- Available Actions:(1): go to bed 1, (2): go to dresser 1, (3): go to drawer 1
- Response:[BEGIN](2): go to dresser 1[END]
**Example 1:**
- Available Actions:(1): go to garbagecan 1, (2): take handtowel 1 from handtowelholder 1, (3): take faucet 1 from handtowelholder 1, (4): take handtowel 2 from handtowelholder 1
- Response:[BEGIN](2): go to dresser 1[END]

**Task Description:**
The task at hand is "examine the watch with the floorlamp". The agent must find an object of the desired type, locate and turn on a light source with the desired object in-hand.

**Available Actions:**
(1): go to armchair 1
(2): go to sof1
(3): go to coffeetable 1
(4): go to sof2
(5): go to drawer 1
(6): go to tvstand 1
(7): go to shelf 1
(8): go to shelf 2
(9): go to shelf 3
(10): go to shelf 4
(11): go to shelf 5
(12): go to shelf 6
(13): go to garbagecan 1
(14): take box 1 from sidetable 1
(15): take newspaper 1 from sidetable 1
(16): take keychain 1 from sidetable 1
(17): take houseplant 1 from sidetable 1
(18): take vase 1 from sidetable 1
(19): use floorlamp 1
(20): use desklamp 1
(21): examine sidetable 1

**Determine the appropriate action:**
- Identify relevant objects in the image related to the task.
- Evaluate each action's potential to successfully complete the task.

**Response:**
- Let's tink step-by-step.
- (i): [BEGIN][Selected Action][END]

Original VLM Response:
- (i): [BEGIN](19): use floorlamp 1[END]

> Action: use floorlamp 1
Running time: 2.9883105754852295 seconds

Step:--------------------------------------------------------------------------22--------------------------------------------------------------------------
VLM Prompt:
<image>
Given an image depicting a complex scene with multiple elements, your objective is to analyze the scene of the image in relation to the specified task description and choose the appropriate action from a list of available actions to accomplish the task. There are two examples.

**Example 1:**
- Available Actions:(1): go to bed 1, (2): go to dresser 1, (3): go to drawer 1
- Response:[BEGIN](2): go to dresser 1[END]
**Example 1:**
- Available Actions:(1): go to garbagecan 1, (2): take handtowel 1 from handtowelholder 1, (3): take faucet 1 from handtowelholder 1, (4): take handtowel 2 from handtowelholder 1
- Response:[BEGIN](2): go to dresser 1[END]

**Task Description:**
The task at hand is "examine the watch with the floorlamp". The agent must find an object of the desired type, locate and turn on a light source with the desired object in-hand.

**Available Actions:**
(1): go to armchair 1
(2): go to sof1
(3): go to coffeetable 1
(4): go to sof2
(5): go to drawer 1
(6): go to tvstand 1
(7): go to shelf 1
(8): go to shelf 2
(9): go to shelf 3
(10): go to shelf 4
(11): go to shelf 5
(12): go to shelf 6
(13): go to garbagecan 1
(14): take box 1 from sidetable 1
(15): take newspaper 1 from sidetable 1
(16): take keychain 1 from sidetable 1
(17): take houseplant 1 from sidetable 1
(18): take vase 1 from sidetable 1
(19): use floorlamp 1
(20): use desklamp 1
(21): examine sidetable 1

**Determine the appropriate action:**
- Identify relevant objects in the image related to the task.
- Evaluate each action's potential to successfully complete the task.

**Response:**
- Let's tink step-by-step.
- (i): [BEGIN][Selected Action][END]

Original VLM Response:
- (i): [BEGIN](19): use floorlamp 1[END]

> Action: use floorlamp 1
Running time: 2.5773391723632812 seconds

Step:--------------------------------------------------------------------------23--------------------------------------------------------------------------
VLM Prompt:
<image>
Given an image depicting a complex scene with multiple elements, your objective is to analyze the scene of the image in relation to the specified task description and choose the appropriate action from a list of available actions to accomplish the task. There are two examples.

**Example 1:**
- Available Actions:(1): go to bed 1, (2): go to dresser 1, (3): go to drawer 1
- Response:[BEGIN](2): go to dresser 1[END]
**Example 1:**
- Available Actions:(1): go to garbagecan 1, (2): take handtowel 1 from handtowelholder 1, (3): take faucet 1 from handtowelholder 1, (4): take handtowel 2 from handtowelholder 1
- Response:[BEGIN](2): go to dresser 1[END]

**Task Description:**
The task at hand is "examine the watch with the floorlamp". The agent must find an object of the desired type, locate and turn on a light source with the desired object in-hand.

**Available Actions:**
(1): go to armchair 1
(2): go to sof1
(3): go to coffeetable 1
(4): go to sof2
(5): go to drawer 1
(6): go to tvstand 1
(7): go to shelf 1
(8): go to shelf 2
(9): go to shelf 3
(10): go to shelf 4
(11): go to shelf 5
(12): go to shelf 6
(13): go to garbagecan 1
(14): take box 1 from sidetable 1
(15): take newspaper 1 from sidetable 1
(16): take keychain 1 from sidetable 1
(17): take houseplant 1 from sidetable 1
(18): take vase 1 from sidetable 1
(19): use floorlamp 1
(20): use desklamp 1
(21): examine sidetable 1

**Determine the appropriate action:**
- Identify relevant objects in the image related to the task.
- Evaluate each action's potential to successfully complete the task.

**Response:**
- Let's tink step-by-step.
- (i): [BEGIN][Selected Action][END]

Original VLM Response:
- (i): [BEGIN](19): use floorlamp 1[END]

> Action: use floorlamp 1
Running time: 2.425234794616699 seconds

Step:--------------------------------------------------------------------------24--------------------------------------------------------------------------
VLM Prompt:
<image>
Given an image depicting a complex scene with multiple elements, your objective is to analyze the scene of the image in relation to the specified task description and choose the appropriate action from a list of available actions to accomplish the task. There are two examples.

**Example 1:**
- Available Actions:(1): go to bed 1, (2): go to dresser 1, (3): go to drawer 1
- Response:[BEGIN](2): go to dresser 1[END]
**Example 1:**
- Available Actions:(1): go to garbagecan 1, (2): take handtowel 1 from handtowelholder 1, (3): take faucet 1 from handtowelholder 1, (4): take handtowel 2 from handtowelholder 1
- Response:[BEGIN](2): go to dresser 1[END]

**Task Description:**
The task at hand is "examine the watch with the floorlamp". The agent must find an object of the desired type, locate and turn on a light source with the desired object in-hand.

**Available Actions:**
(1): go to armchair 1
(2): go to sof1
(3): go to coffeetable 1
(4): go to sof2
(5): go to drawer 1
(6): go to tvstand 1
(7): go to shelf 1
(8): go to shelf 2
(9): go to shelf 3
(10): go to shelf 4
(11): go to shelf 5
(12): go to shelf 6
(13): go to garbagecan 1
(14): take box 1 from sidetable 1
(15): take newspaper 1 from sidetable 1
(16): take keychain 1 from sidetable 1
(17): take houseplant 1 from sidetable 1
(18): take vase 1 from sidetable 1
(19): use floorlamp 1
(20): use desklamp 1
(21): examine sidetable 1

**Determine the appropriate action:**
- Identify relevant objects in the image related to the task.
- Evaluate each action's potential to successfully complete the task.

**Response:**
- Let's tink step-by-step.
- (i): [BEGIN][Selected Action][END]

Original VLM Response:
- (i): [BEGIN](19): use floorlamp 1[END]

> Action: use floorlamp 1
Running time: 13.344756126403809 seconds

Step:--------------------------------------------------------------------------25--------------------------------------------------------------------------
VLM Prompt:
<image>
Given an image depicting a complex scene with multiple elements, your objective is to analyze the scene of the image in relation to the specified task description and choose the appropriate action from a list of available actions to accomplish the task. There are two examples.

**Example 1:**
- Available Actions:(1): go to bed 1, (2): go to dresser 1, (3): go to drawer 1
- Response:[BEGIN](2): go to dresser 1[END]
**Example 1:**
- Available Actions:(1): go to garbagecan 1, (2): take handtowel 1 from handtowelholder 1, (3): take faucet 1 from handtowelholder 1, (4): take handtowel 2 from handtowelholder 1
- Response:[BEGIN](2): go to dresser 1[END]

**Task Description:**
The task at hand is "examine the watch with the floorlamp". The agent must find an object of the desired type, locate and turn on a light source with the desired object in-hand.

**Available Actions:**
(1): go to armchair 1
(2): go to sof1
(3): go to coffeetable 1
(4): go to sof2
(5): go to drawer 1
(6): go to tvstand 1
(7): go to shelf 1
(8): go to shelf 2
(9): go to shelf 3
(10): go to shelf 4
(11): go to shelf 5
(12): go to shelf 6
(13): go to garbagecan 1
(14): take box 1 from sidetable 1
(15): take newspaper 1 from sidetable 1
(16): take keychain 1 from sidetable 1
(17): take houseplant 1 from sidetable 1
(18): take vase 1 from sidetable 1
(19): use floorlamp 1
(20): use desklamp 1
(21): examine sidetable 1

**Determine the appropriate action:**
- Identify relevant objects in the image related to the task.
- Evaluate each action's potential to successfully complete the task.

**Response:**
- Let's tink step-by-step.
- (i): [BEGIN][Selected Action][END]

Original VLM Response:
- (i): [BEGIN](19): use floorlamp 1[END]

> Action: use floorlamp 1
Running time: 2.1998212337493896 seconds

Step:--------------------------------------------------------------------------26--------------------------------------------------------------------------
VLM Prompt:
<image>
Given an image depicting a complex scene with multiple elements, your objective is to analyze the scene of the image in relation to the specified task description and choose the appropriate action from a list of available actions to accomplish the task. There are two examples.

**Example 1:**
- Available Actions:(1): go to bed 1, (2): go to dresser 1, (3): go to drawer 1
- Response:[BEGIN](2): go to dresser 1[END]
**Example 1:**
- Available Actions:(1): go to garbagecan 1, (2): take handtowel 1 from handtowelholder 1, (3): take faucet 1 from handtowelholder 1, (4): take handtowel 2 from handtowelholder 1
- Response:[BEGIN](2): go to dresser 1[END]

**Task Description:**
The task at hand is "examine the watch with the floorlamp". The agent must find an object of the desired type, locate and turn on a light source with the desired object in-hand.

**Available Actions:**
(1): go to armchair 1
(2): go to sof1
(3): go to coffeetable 1
(4): go to sof2
(5): go to drawer 1
(6): go to tvstand 1
(7): go to shelf 1
(8): go to shelf 2
(9): go to shelf 3
(10): go to shelf 4
(11): go to shelf 5
(12): go to shelf 6
(13): go to garbagecan 1
(14): take box 1 from sidetable 1
(15): take newspaper 1 from sidetable 1
(16): take keychain 1 from sidetable 1
(17): take houseplant 1 from sidetable 1
(18): take vase 1 from sidetable 1
(19): use floorlamp 1
(20): use desklamp 1
(21): examine sidetable 1

**Determine the appropriate action:**
- Identify relevant objects in the image related to the task.
- Evaluate each action's potential to successfully complete the task.

**Response:**
- Let's tink step-by-step.
- (i): [BEGIN][Selected Action][END]

Original VLM Response:
- First, we need to identify the object "watch" which is not visible in the image, so we must check areas where a watch might be kept.
- Second, we need to find and turn on a "floorlamp" to examine the watch.

Based on the image, the only listed light source is the "floorlamp" next to the sofa.

(i): [BEGIN](19): use floorlamp 1[END] 

However, since the watch is not visible in the image, we cannot directly complete the task. We would need to first locate the watch, potentially by checking the drawer or shelf, and then use the floorlamp to examine it.

> Action: use floorlamp 1
Running time: 4.909458160400391 seconds

Step:--------------------------------------------------------------------------27--------------------------------------------------------------------------
VLM Prompt:
<image>
Given an image depicting a complex scene with multiple elements, your objective is to analyze the scene of the image in relation to the specified task description and choose the appropriate action from a list of available actions to accomplish the task. There are two examples.

**Example 1:**
- Available Actions:(1): go to bed 1, (2): go to dresser 1, (3): go to drawer 1
- Response:[BEGIN](2): go to dresser 1[END]
**Example 1:**
- Available Actions:(1): go to garbagecan 1, (2): take handtowel 1 from handtowelholder 1, (3): take faucet 1 from handtowelholder 1, (4): take handtowel 2 from handtowelholder 1
- Response:[BEGIN](2): go to dresser 1[END]

**Task Description:**
The task at hand is "examine the watch with the floorlamp". The agent must find an object of the desired type, locate and turn on a light source with the desired object in-hand.

**Available Actions:**
(1): go to armchair 1
(2): go to sof1
(3): go to coffeetable 1
(4): go to sof2
(5): go to drawer 1
(6): go to tvstand 1
(7): go to shelf 1
(8): go to shelf 2
(9): go to shelf 3
(10): go to shelf 4
(11): go to shelf 5
(12): go to shelf 6
(13): go to garbagecan 1
(14): take box 1 from sidetable 1
(15): take newspaper 1 from sidetable 1
(16): take keychain 1 from sidetable 1
(17): take houseplant 1 from sidetable 1
(18): take vase 1 from sidetable 1
(19): use floorlamp 1
(20): use desklamp 1
(21): examine sidetable 1

**Determine the appropriate action:**
- Identify relevant objects in the image related to the task.
- Evaluate each action's potential to successfully complete the task.

**Response:**
- Let's tink step-by-step.
- (i): [BEGIN][Selected Action][END]

Original VLM Response:
- (i): [BEGIN](19): use floorlamp 1[END]

> Action: use floorlamp 1
Running time: 2.2302310466766357 seconds

Step:--------------------------------------------------------------------------28--------------------------------------------------------------------------
VLM Prompt:
<image>
Given an image depicting a complex scene with multiple elements, your objective is to analyze the scene of the image in relation to the specified task description and choose the appropriate action from a list of available actions to accomplish the task. There are two examples.

**Example 1:**
- Available Actions:(1): go to bed 1, (2): go to dresser 1, (3): go to drawer 1
- Response:[BEGIN](2): go to dresser 1[END]
**Example 1:**
- Available Actions:(1): go to garbagecan 1, (2): take handtowel 1 from handtowelholder 1, (3): take faucet 1 from handtowelholder 1, (4): take handtowel 2 from handtowelholder 1
- Response:[BEGIN](2): go to dresser 1[END]

**Task Description:**
The task at hand is "examine the watch with the floorlamp". The agent must find an object of the desired type, locate and turn on a light source with the desired object in-hand.

**Available Actions:**
(1): go to armchair 1
(2): go to sof1
(3): go to coffeetable 1
(4): go to sof2
(5): go to drawer 1
(6): go to tvstand 1
(7): go to shelf 1
(8): go to shelf 2
(9): go to shelf 3
(10): go to shelf 4
(11): go to shelf 5
(12): go to shelf 6
(13): go to garbagecan 1
(14): take box 1 from sidetable 1
(15): take newspaper 1 from sidetable 1
(16): take keychain 1 from sidetable 1
(17): take houseplant 1 from sidetable 1
(18): take vase 1 from sidetable 1
(19): use floorlamp 1
(20): use desklamp 1
(21): examine sidetable 1

**Determine the appropriate action:**
- Identify relevant objects in the image related to the task.
- Evaluate each action's potential to successfully complete the task.

**Response:**
- Let's tink step-by-step.
- (i): [BEGIN][Selected Action][END]

Original VLM Response:
- (i): [BEGIN](19): use floorlamp 1[END]

> Action: use floorlamp 1
Running time: 4.241553544998169 seconds

Step:--------------------------------------------------------------------------29--------------------------------------------------------------------------
VLM Prompt:
<image>
Given an image depicting a complex scene with multiple elements, your objective is to analyze the scene of the image in relation to the specified task description and choose the appropriate action from a list of available actions to accomplish the task. There are two examples.

**Example 1:**
- Available Actions:(1): go to bed 1, (2): go to dresser 1, (3): go to drawer 1
- Response:[BEGIN](2): go to dresser 1[END]
**Example 1:**
- Available Actions:(1): go to garbagecan 1, (2): take handtowel 1 from handtowelholder 1, (3): take faucet 1 from handtowelholder 1, (4): take handtowel 2 from handtowelholder 1
- Response:[BEGIN](2): go to dresser 1[END]

**Task Description:**
The task at hand is "examine the watch with the floorlamp". The agent must find an object of the desired type, locate and turn on a light source with the desired object in-hand.

**Available Actions:**
(1): go to armchair 1
(2): go to sof1
(3): go to coffeetable 1
(4): go to sof2
(5): go to drawer 1
(6): go to tvstand 1
(7): go to shelf 1
(8): go to shelf 2
(9): go to shelf 3
(10): go to shelf 4
(11): go to shelf 5
(12): go to shelf 6
(13): go to garbagecan 1
(14): take box 1 from sidetable 1
(15): take newspaper 1 from sidetable 1
(16): take keychain 1 from sidetable 1
(17): take houseplant 1 from sidetable 1
(18): take vase 1 from sidetable 1
(19): use floorlamp 1
(20): use desklamp 1
(21): examine sidetable 1

**Determine the appropriate action:**
- Identify relevant objects in the image related to the task.
- Evaluate each action's potential to successfully complete the task.

**Response:**
- Let's tink step-by-step.
- (i): [BEGIN][Selected Action][END]

Original VLM Response:
- (i): [BEGIN](14): take box 1 from sidetable 1[END]

> Action: take box 1 from sidetable 1
Running time: 4.258851766586304 seconds

Step:--------------------------------------------------------------------------30--------------------------------------------------------------------------
VLM Prompt:
<image>
Given an image depicting a complex scene with multiple elements, your objective is to analyze the scene of the image in relation to the specified task description and choose the appropriate action from a list of available actions to accomplish the task. There are two examples.

**Example 1:**
- Available Actions:(1): go to bed 1, (2): go to dresser 1, (3): go to drawer 1
- Response:[BEGIN](2): go to dresser 1[END]
**Example 1:**
- Available Actions:(1): go to garbagecan 1, (2): take handtowel 1 from handtowelholder 1, (3): take faucet 1 from handtowelholder 1, (4): take handtowel 2 from handtowelholder 1
- Response:[BEGIN](2): go to dresser 1[END]

**Task Description:**
The task at hand is "examine the watch with the floorlamp". The agent must find an object of the desired type, locate and turn on a light source with the desired object in-hand.

**Available Actions:**
(1): go to armchair 1
(2): go to sof1
(3): go to coffeetable 1
(4): go to sof2
(5): go to drawer 1
(6): go to tvstand 1
(7): go to shelf 1
(8): go to shelf 2
(9): go to shelf 3
(10): go to shelf 4
(11): go to shelf 5
(12): go to shelf 6
(13): go to garbagecan 1
(14): put box 1 in/on sidetable 1
(15): use floorlamp 1
(16): use desklamp 1
(17): examine box 1
(18): examine sidetable 1

**Determine the appropriate action:**
- Identify relevant objects in the image related to the task.
- Evaluate each action's potential to successfully complete the task.

**Response:**
- Let's tink step-by-step.
- (i): [BEGIN][Selected Action][END]

Original VLM Response:
- (i): [BEGIN](17): examine box 1[END]

> Action: examine box 1
Running time: 3.4576945304870605 seconds

Step:--------------------------------------------------------------------------31--------------------------------------------------------------------------
VLM Prompt:
<image>
Given an image depicting a complex scene with multiple elements, your objective is to analyze the scene of the image in relation to the specified task description and choose the appropriate action from a list of available actions to accomplish the task. There are two examples.

**Example 1:**
- Available Actions:(1): go to bed 1, (2): go to dresser 1, (3): go to drawer 1
- Response:[BEGIN](2): go to dresser 1[END]
**Example 1:**
- Available Actions:(1): go to garbagecan 1, (2): take handtowel 1 from handtowelholder 1, (3): take faucet 1 from handtowelholder 1, (4): take handtowel 2 from handtowelholder 1
- Response:[BEGIN](2): go to dresser 1[END]

**Task Description:**
The task at hand is "examine the watch with the floorlamp". The agent must find an object of the desired type, locate and turn on a light source with the desired object in-hand.

**Available Actions:**
(1): go to armchair 1
(2): go to sof1
(3): go to coffeetable 1
(4): go to sof2
(5): go to drawer 1
(6): go to tvstand 1
(7): go to shelf 1
(8): go to shelf 2
(9): go to shelf 3
(10): go to shelf 4
(11): go to shelf 5
(12): go to shelf 6
(13): go to garbagecan 1
(14): put box 1 in/on sidetable 1
(15): use floorlamp 1
(16): use desklamp 1
(17): examine box 1
(18): examine sidetable 1

**Determine the appropriate action:**
- Identify relevant objects in the image related to the task.
- Evaluate each action's potential to successfully complete the task.

**Response:**
- Let's tink step-by-step.
- (i): [BEGIN][Selected Action][END]

Original VLM Response:
- (i): [BEGIN](17): examine box 1[END]

> Action: examine box 1
Running time: 2.7962396144866943 seconds

Step:--------------------------------------------------------------------------32--------------------------------------------------------------------------
VLM Prompt:
<image>
Given an image depicting a complex scene with multiple elements, your objective is to analyze the scene of the image in relation to the specified task description and choose the appropriate action from a list of available actions to accomplish the task. There are two examples.

**Example 1:**
- Available Actions:(1): go to bed 1, (2): go to dresser 1, (3): go to drawer 1
- Response:[BEGIN](2): go to dresser 1[END]
**Example 1:**
- Available Actions:(1): go to garbagecan 1, (2): take handtowel 1 from handtowelholder 1, (3): take faucet 1 from handtowelholder 1, (4): take handtowel 2 from handtowelholder 1
- Response:[BEGIN](2): go to dresser 1[END]

**Task Description:**
The task at hand is "examine the watch with the floorlamp". The agent must find an object of the desired type, locate and turn on a light source with the desired object in-hand.

**Available Actions:**
(1): go to armchair 1
(2): go to sof1
(3): go to coffeetable 1
(4): go to sof2
(5): go to drawer 1
(6): go to tvstand 1
(7): go to shelf 1
(8): go to shelf 2
(9): go to shelf 3
(10): go to shelf 4
(11): go to shelf 5
(12): go to shelf 6
(13): go to garbagecan 1
(14): put box 1 in/on sidetable 1
(15): use floorlamp 1
(16): use desklamp 1
(17): examine box 1
(18): examine sidetable 1

**Determine the appropriate action:**
- Identify relevant objects in the image related to the task.
- Evaluate each action's potential to successfully complete the task.

**Response:**
- Let's tink step-by-step.
- (i): [BEGIN][Selected Action][END]

Original VLM Response:
- (i): [BEGIN](15): use floorlamp 1[END]

> Action: use floorlamp 1
Running time: 2.8250346183776855 seconds

Step:--------------------------------------------------------------------------33--------------------------------------------------------------------------
VLM Prompt:
<image>
Given an image depicting a complex scene with multiple elements, your objective is to analyze the scene of the image in relation to the specified task description and choose the appropriate action from a list of available actions to accomplish the task. There are two examples.

**Example 1:**
- Available Actions:(1): go to bed 1, (2): go to dresser 1, (3): go to drawer 1
- Response:[BEGIN](2): go to dresser 1[END]
**Example 1:**
- Available Actions:(1): go to garbagecan 1, (2): take handtowel 1 from handtowelholder 1, (3): take faucet 1 from handtowelholder 1, (4): take handtowel 2 from handtowelholder 1
- Response:[BEGIN](2): go to dresser 1[END]

**Task Description:**
The task at hand is "examine the watch with the floorlamp". The agent must find an object of the desired type, locate and turn on a light source with the desired object in-hand.

**Available Actions:**
(1): go to armchair 1
(2): go to sof1
(3): go to coffeetable 1
(4): go to sof2
(5): go to drawer 1
(6): go to tvstand 1
(7): go to shelf 1
(8): go to shelf 2
(9): go to shelf 3
(10): go to shelf 4
(11): go to shelf 5
(12): go to shelf 6
(13): go to garbagecan 1
(14): put box 1 in/on sidetable 1
(15): use floorlamp 1
(16): use desklamp 1
(17): examine box 1
(18): examine sidetable 1

**Determine the appropriate action:**
- Identify relevant objects in the image related to the task.
- Evaluate each action's potential to successfully complete the task.

**Response:**
- Let's tink step-by-step.
- (i): [BEGIN][Selected Action][END]

Original VLM Response:
- (i): [BEGIN](17): examine box 1[END]

> Action: examine box 1
Running time: 2.4827303886413574 seconds

Step:--------------------------------------------------------------------------34--------------------------------------------------------------------------
VLM Prompt:
<image>
Given an image depicting a complex scene with multiple elements, your objective is to analyze the scene of the image in relation to the specified task description and choose the appropriate action from a list of available actions to accomplish the task. There are two examples.

**Example 1:**
- Available Actions:(1): go to bed 1, (2): go to dresser 1, (3): go to drawer 1
- Response:[BEGIN](2): go to dresser 1[END]
**Example 1:**
- Available Actions:(1): go to garbagecan 1, (2): take handtowel 1 from handtowelholder 1, (3): take faucet 1 from handtowelholder 1, (4): take handtowel 2 from handtowelholder 1
- Response:[BEGIN](2): go to dresser 1[END]

**Task Description:**
The task at hand is "examine the watch with the floorlamp". The agent must find an object of the desired type, locate and turn on a light source with the desired object in-hand.

**Available Actions:**
(1): go to armchair 1
(2): go to sof1
(3): go to coffeetable 1
(4): go to sof2
(5): go to drawer 1
(6): go to tvstand 1
(7): go to shelf 1
(8): go to shelf 2
(9): go to shelf 3
(10): go to shelf 4
(11): go to shelf 5
(12): go to shelf 6
(13): go to garbagecan 1
(14): put box 1 in/on sidetable 1
(15): use floorlamp 1
(16): use desklamp 1
(17): examine box 1
(18): examine sidetable 1

**Determine the appropriate action:**
- Identify relevant objects in the image related to the task.
- Evaluate each action's potential to successfully complete the task.

**Response:**
- Let's tink step-by-step.
- (i): [BEGIN][Selected Action][END]

Original VLM Response:
- (i): [BEGIN](17): examine box 1[END]

> Action: examine box 1
Running time: 2.6298248767852783 seconds

Step:--------------------------------------------------------------------------35--------------------------------------------------------------------------
VLM Prompt:
<image>
Given an image depicting a complex scene with multiple elements, your objective is to analyze the scene of the image in relation to the specified task description and choose the appropriate action from a list of available actions to accomplish the task. There are two examples.

**Example 1:**
- Available Actions:(1): go to bed 1, (2): go to dresser 1, (3): go to drawer 1
- Response:[BEGIN](2): go to dresser 1[END]
**Example 1:**
- Available Actions:(1): go to garbagecan 1, (2): take handtowel 1 from handtowelholder 1, (3): take faucet 1 from handtowelholder 1, (4): take handtowel 2 from handtowelholder 1
- Response:[BEGIN](2): go to dresser 1[END]

**Task Description:**
The task at hand is "examine the watch with the floorlamp". The agent must find an object of the desired type, locate and turn on a light source with the desired object in-hand.

**Available Actions:**
(1): go to armchair 1
(2): go to sof1
(3): go to coffeetable 1
(4): go to sof2
(5): go to drawer 1
(6): go to tvstand 1
(7): go to shelf 1
(8): go to shelf 2
(9): go to shelf 3
(10): go to shelf 4
(11): go to shelf 5
(12): go to shelf 6
(13): go to garbagecan 1
(14): put box 1 in/on sidetable 1
(15): use floorlamp 1
(16): use desklamp 1
(17): examine box 1
(18): examine sidetable 1

**Determine the appropriate action:**
- Identify relevant objects in the image related to the task.
- Evaluate each action's potential to successfully complete the task.

**Response:**
- Let's tink step-by-step.
- (i): [BEGIN][Selected Action][END]

Original VLM Response:
- (i): [BEGIN](17): examine box 1[END]

> Action: examine box 1
Running time: 3.366269588470459 seconds

Step:--------------------------------------------------------------------------36--------------------------------------------------------------------------
VLM Prompt:
<image>
Given an image depicting a complex scene with multiple elements, your objective is to analyze the scene of the image in relation to the specified task description and choose the appropriate action from a list of available actions to accomplish the task. There are two examples.

**Example 1:**
- Available Actions:(1): go to bed 1, (2): go to dresser 1, (3): go to drawer 1
- Response:[BEGIN](2): go to dresser 1[END]
**Example 1:**
- Available Actions:(1): go to garbagecan 1, (2): take handtowel 1 from handtowelholder 1, (3): take faucet 1 from handtowelholder 1, (4): take handtowel 2 from handtowelholder 1
- Response:[BEGIN](2): go to dresser 1[END]

**Task Description:**
The task at hand is "examine the watch with the floorlamp". The agent must find an object of the desired type, locate and turn on a light source with the desired object in-hand.

**Available Actions:**
(1): go to armchair 1
(2): go to sof1
(3): go to coffeetable 1
(4): go to sof2
(5): go to drawer 1
(6): go to tvstand 1
(7): go to shelf 1
(8): go to shelf 2
(9): go to shelf 3
(10): go to shelf 4
(11): go to shelf 5
(12): go to shelf 6
(13): go to garbagecan 1
(14): put box 1 in/on sidetable 1
(15): use floorlamp 1
(16): use desklamp 1
(17): examine box 1
(18): examine sidetable 1

**Determine the appropriate action:**
- Identify relevant objects in the image related to the task.
- Evaluate each action's potential to successfully complete the task.

**Response:**
- Let's tink step-by-step.
- (i): [BEGIN][Selected Action][END]

Original VLM Response:
- (i): [BEGIN](17): examine box 1[END]

> Action: examine box 1
Running time: 2.616580009460449 seconds

Step:--------------------------------------------------------------------------37--------------------------------------------------------------------------
VLM Prompt:
<image>
Given an image depicting a complex scene with multiple elements, your objective is to analyze the scene of the image in relation to the specified task description and choose the appropriate action from a list of available actions to accomplish the task. There are two examples.

**Example 1:**
- Available Actions:(1): go to bed 1, (2): go to dresser 1, (3): go to drawer 1
- Response:[BEGIN](2): go to dresser 1[END]
**Example 1:**
- Available Actions:(1): go to garbagecan 1, (2): take handtowel 1 from handtowelholder 1, (3): take faucet 1 from handtowelholder 1, (4): take handtowel 2 from handtowelholder 1
- Response:[BEGIN](2): go to dresser 1[END]

**Task Description:**
The task at hand is "examine the watch with the floorlamp". The agent must find an object of the desired type, locate and turn on a light source with the desired object in-hand.

**Available Actions:**
(1): go to armchair 1
(2): go to sof1
(3): go to coffeetable 1
(4): go to sof2
(5): go to drawer 1
(6): go to tvstand 1
(7): go to shelf 1
(8): go to shelf 2
(9): go to shelf 3
(10): go to shelf 4
(11): go to shelf 5
(12): go to shelf 6
(13): go to garbagecan 1
(14): put box 1 in/on sidetable 1
(15): use floorlamp 1
(16): use desklamp 1
(17): examine box 1
(18): examine sidetable 1

**Determine the appropriate action:**
- Identify relevant objects in the image related to the task.
- Evaluate each action's potential to successfully complete the task.

**Response:**
- Let's tink step-by-step.
- (i): [BEGIN][Selected Action][END]

Original VLM Response:
- (i): [BEGIN](17): examine box 1[END]

> Action: examine box 1
Running time: 2.5213310718536377 seconds

Step:--------------------------------------------------------------------------38--------------------------------------------------------------------------
VLM Prompt:
<image>
Given an image depicting a complex scene with multiple elements, your objective is to analyze the scene of the image in relation to the specified task description and choose the appropriate action from a list of available actions to accomplish the task. There are two examples.

**Example 1:**
- Available Actions:(1): go to bed 1, (2): go to dresser 1, (3): go to drawer 1
- Response:[BEGIN](2): go to dresser 1[END]
**Example 1:**
- Available Actions:(1): go to garbagecan 1, (2): take handtowel 1 from handtowelholder 1, (3): take faucet 1 from handtowelholder 1, (4): take handtowel 2 from handtowelholder 1
- Response:[BEGIN](2): go to dresser 1[END]

**Task Description:**
The task at hand is "examine the watch with the floorlamp". The agent must find an object of the desired type, locate and turn on a light source with the desired object in-hand.

**Available Actions:**
(1): go to armchair 1
(2): go to sof1
(3): go to coffeetable 1
(4): go to sof2
(5): go to drawer 1
(6): go to tvstand 1
(7): go to shelf 1
(8): go to shelf 2
(9): go to shelf 3
(10): go to shelf 4
(11): go to shelf 5
(12): go to shelf 6
(13): go to garbagecan 1
(14): put box 1 in/on sidetable 1
(15): use floorlamp 1
(16): use desklamp 1
(17): examine box 1
(18): examine sidetable 1

**Determine the appropriate action:**
- Identify relevant objects in the image related to the task.
- Evaluate each action's potential to successfully complete the task.

**Response:**
- Let's tink step-by-step.
- (i): [BEGIN][Selected Action][END]

Original VLM Response:
- (i): [BEGIN](15): use floorlamp 1[END]

> Action: use floorlamp 1
Running time: 4.2028656005859375 seconds

Step:--------------------------------------------------------------------------39--------------------------------------------------------------------------
VLM Prompt:
<image>
Given an image depicting a complex scene with multiple elements, your objective is to analyze the scene of the image in relation to the specified task description and choose the appropriate action from a list of available actions to accomplish the task. There are two examples.

**Example 1:**
- Available Actions:(1): go to bed 1, (2): go to dresser 1, (3): go to drawer 1
- Response:[BEGIN](2): go to dresser 1[END]
**Example 1:**
- Available Actions:(1): go to garbagecan 1, (2): take handtowel 1 from handtowelholder 1, (3): take faucet 1 from handtowelholder 1, (4): take handtowel 2 from handtowelholder 1
- Response:[BEGIN](2): go to dresser 1[END]

**Task Description:**
The task at hand is "examine the watch with the floorlamp". The agent must find an object of the desired type, locate and turn on a light source with the desired object in-hand.

**Available Actions:**
(1): go to armchair 1
(2): go to sof1
(3): go to coffeetable 1
(4): go to sof2
(5): go to drawer 1
(6): go to tvstand 1
(7): go to shelf 1
(8): go to shelf 2
(9): go to shelf 3
(10): go to shelf 4
(11): go to shelf 5
(12): go to shelf 6
(13): go to garbagecan 1
(14): put box 1 in/on sidetable 1
(15): use floorlamp 1
(16): use desklamp 1
(17): examine box 1
(18): examine sidetable 1

**Determine the appropriate action:**
- Identify relevant objects in the image related to the task.
- Evaluate each action's potential to successfully complete the task.

**Response:**
- Let's tink step-by-step.
- (i): [BEGIN][Selected Action][END]

Original VLM Response:
- (i): [BEGIN](17): examine box 1[END]

> Action: examine box 1
Running time: 2.573242425918579 seconds

Step:--------------------------------------------------------------------------40--------------------------------------------------------------------------
VLM Prompt:
<image>
Given an image depicting a complex scene with multiple elements, your objective is to analyze the scene of the image in relation to the specified task description and choose the appropriate action from a list of available actions to accomplish the task. There are two examples.

**Example 1:**
- Available Actions:(1): go to bed 1, (2): go to dresser 1, (3): go to drawer 1
- Response:[BEGIN](2): go to dresser 1[END]
**Example 1:**
- Available Actions:(1): go to garbagecan 1, (2): take handtowel 1 from handtowelholder 1, (3): take faucet 1 from handtowelholder 1, (4): take handtowel 2 from handtowelholder 1
- Response:[BEGIN](2): go to dresser 1[END]

**Task Description:**
The task at hand is "examine the watch with the floorlamp". The agent must find an object of the desired type, locate and turn on a light source with the desired object in-hand.

**Available Actions:**
(1): go to armchair 1
(2): go to sof1
(3): go to coffeetable 1
(4): go to sof2
(5): go to drawer 1
(6): go to tvstand 1
(7): go to shelf 1
(8): go to shelf 2
(9): go to shelf 3
(10): go to shelf 4
(11): go to shelf 5
(12): go to shelf 6
(13): go to garbagecan 1
(14): put box 1 in/on sidetable 1
(15): use floorlamp 1
(16): use desklamp 1
(17): examine box 1
(18): examine sidetable 1

**Determine the appropriate action:**
- Identify relevant objects in the image related to the task.
- Evaluate each action's potential to successfully complete the task.

**Response:**
- Let's tink step-by-step.
- (i): [BEGIN][Selected Action][END]

Original VLM Response:
- (i): [BEGIN](17): examine box 1[END]

> Action: examine box 1
Running time: 2.758681535720825 seconds

Step:--------------------------------------------------------------------------41--------------------------------------------------------------------------
VLM Prompt:
<image>
Given an image depicting a complex scene with multiple elements, your objective is to analyze the scene of the image in relation to the specified task description and choose the appropriate action from a list of available actions to accomplish the task. There are two examples.

**Example 1:**
- Available Actions:(1): go to bed 1, (2): go to dresser 1, (3): go to drawer 1
- Response:[BEGIN](2): go to dresser 1[END]
**Example 1:**
- Available Actions:(1): go to garbagecan 1, (2): take handtowel 1 from handtowelholder 1, (3): take faucet 1 from handtowelholder 1, (4): take handtowel 2 from handtowelholder 1
- Response:[BEGIN](2): go to dresser 1[END]

**Task Description:**
The task at hand is "examine the watch with the floorlamp". The agent must find an object of the desired type, locate and turn on a light source with the desired object in-hand.

**Available Actions:**
(1): go to armchair 1
(2): go to sof1
(3): go to coffeetable 1
(4): go to sof2
(5): go to drawer 1
(6): go to tvstand 1
(7): go to shelf 1
(8): go to shelf 2
(9): go to shelf 3
(10): go to shelf 4
(11): go to shelf 5
(12): go to shelf 6
(13): go to garbagecan 1
(14): put box 1 in/on sidetable 1
(15): use floorlamp 1
(16): use desklamp 1
(17): examine box 1
(18): examine sidetable 1

**Determine the appropriate action:**
- Identify relevant objects in the image related to the task.
- Evaluate each action's potential to successfully complete the task.

**Response:**
- Let's tink step-by-step.
- (i): [BEGIN][Selected Action][END]

Original VLM Response:
- (i): [BEGIN](17): examine box 1[END]

> Action: examine box 1
Running time: 3.424905776977539 seconds

Step:--------------------------------------------------------------------------42--------------------------------------------------------------------------
VLM Prompt:
<image>
Given an image depicting a complex scene with multiple elements, your objective is to analyze the scene of the image in relation to the specified task description and choose the appropriate action from a list of available actions to accomplish the task. There are two examples.

**Example 1:**
- Available Actions:(1): go to bed 1, (2): go to dresser 1, (3): go to drawer 1
- Response:[BEGIN](2): go to dresser 1[END]
**Example 1:**
- Available Actions:(1): go to garbagecan 1, (2): take handtowel 1 from handtowelholder 1, (3): take faucet 1 from handtowelholder 1, (4): take handtowel 2 from handtowelholder 1
- Response:[BEGIN](2): go to dresser 1[END]

**Task Description:**
The task at hand is "examine the watch with the floorlamp". The agent must find an object of the desired type, locate and turn on a light source with the desired object in-hand.

**Available Actions:**
(1): go to armchair 1
(2): go to sof1
(3): go to coffeetable 1
(4): go to sof2
(5): go to drawer 1
(6): go to tvstand 1
(7): go to shelf 1
(8): go to shelf 2
(9): go to shelf 3
(10): go to shelf 4
(11): go to shelf 5
(12): go to shelf 6
(13): go to garbagecan 1
(14): put box 1 in/on sidetable 1
(15): use floorlamp 1
(16): use desklamp 1
(17): examine box 1
(18): examine sidetable 1

**Determine the appropriate action:**
- Identify relevant objects in the image related to the task.
- Evaluate each action's potential to successfully complete the task.

**Response:**
- Let's tink step-by-step.
- (i): [BEGIN][Selected Action][END]

Original VLM Response:
- (i): [BEGIN](17): examine box 1[END]

> Action: examine box 1
Running time: 1.983661413192749 seconds

Step:--------------------------------------------------------------------------43--------------------------------------------------------------------------
VLM Prompt:
<image>
Given an image depicting a complex scene with multiple elements, your objective is to analyze the scene of the image in relation to the specified task description and choose the appropriate action from a list of available actions to accomplish the task. There are two examples.

**Example 1:**
- Available Actions:(1): go to bed 1, (2): go to dresser 1, (3): go to drawer 1
- Response:[BEGIN](2): go to dresser 1[END]
**Example 1:**
- Available Actions:(1): go to garbagecan 1, (2): take handtowel 1 from handtowelholder 1, (3): take faucet 1 from handtowelholder 1, (4): take handtowel 2 from handtowelholder 1
- Response:[BEGIN](2): go to dresser 1[END]

**Task Description:**
The task at hand is "examine the watch with the floorlamp". The agent must find an object of the desired type, locate and turn on a light source with the desired object in-hand.

**Available Actions:**
(1): go to armchair 1
(2): go to sof1
(3): go to coffeetable 1
(4): go to sof2
(5): go to drawer 1
(6): go to tvstand 1
(7): go to shelf 1
(8): go to shelf 2
(9): go to shelf 3
(10): go to shelf 4
(11): go to shelf 5
(12): go to shelf 6
(13): go to garbagecan 1
(14): put box 1 in/on sidetable 1
(15): use floorlamp 1
(16): use desklamp 1
(17): examine box 1
(18): examine sidetable 1

**Determine the appropriate action:**
- Identify relevant objects in the image related to the task.
- Evaluate each action's potential to successfully complete the task.

**Response:**
- Let's tink step-by-step.
- (i): [BEGIN][Selected Action][END]

Original VLM Response:
- (i): [BEGIN](17): examine box 1[END]

> Action: examine box 1
Running time: 3.5374245643615723 seconds

Step:--------------------------------------------------------------------------44--------------------------------------------------------------------------
VLM Prompt:
<image>
Given an image depicting a complex scene with multiple elements, your objective is to analyze the scene of the image in relation to the specified task description and choose the appropriate action from a list of available actions to accomplish the task. There are two examples.

**Example 1:**
- Available Actions:(1): go to bed 1, (2): go to dresser 1, (3): go to drawer 1
- Response:[BEGIN](2): go to dresser 1[END]
**Example 1:**
- Available Actions:(1): go to garbagecan 1, (2): take handtowel 1 from handtowelholder 1, (3): take faucet 1 from handtowelholder 1, (4): take handtowel 2 from handtowelholder 1
- Response:[BEGIN](2): go to dresser 1[END]

**Task Description:**
The task at hand is "examine the watch with the floorlamp". The agent must find an object of the desired type, locate and turn on a light source with the desired object in-hand.

**Available Actions:**
(1): go to armchair 1
(2): go to sof1
(3): go to coffeetable 1
(4): go to sof2
(5): go to drawer 1
(6): go to tvstand 1
(7): go to shelf 1
(8): go to shelf 2
(9): go to shelf 3
(10): go to shelf 4
(11): go to shelf 5
(12): go to shelf 6
(13): go to garbagecan 1
(14): put box 1 in/on sidetable 1
(15): use floorlamp 1
(16): use desklamp 1
(17): examine box 1
(18): examine sidetable 1

**Determine the appropriate action:**
- Identify relevant objects in the image related to the task.
- Evaluate each action's potential to successfully complete the task.

**Response:**
- Let's tink step-by-step.
- (i): [BEGIN][Selected Action][END]

Original VLM Response:
- (i): [BEGIN](17): examine box 1[END]

> Action: examine box 1
Running time: 2.9795782566070557 seconds

Step:--------------------------------------------------------------------------45--------------------------------------------------------------------------
VLM Prompt:
<image>
Given an image depicting a complex scene with multiple elements, your objective is to analyze the scene of the image in relation to the specified task description and choose the appropriate action from a list of available actions to accomplish the task. There are two examples.

**Example 1:**
- Available Actions:(1): go to bed 1, (2): go to dresser 1, (3): go to drawer 1
- Response:[BEGIN](2): go to dresser 1[END]
**Example 1:**
- Available Actions:(1): go to garbagecan 1, (2): take handtowel 1 from handtowelholder 1, (3): take faucet 1 from handtowelholder 1, (4): take handtowel 2 from handtowelholder 1
- Response:[BEGIN](2): go to dresser 1[END]

**Task Description:**
The task at hand is "examine the watch with the floorlamp". The agent must find an object of the desired type, locate and turn on a light source with the desired object in-hand.

**Available Actions:**
(1): go to armchair 1
(2): go to sof1
(3): go to coffeetable 1
(4): go to sof2
(5): go to drawer 1
(6): go to tvstand 1
(7): go to shelf 1
(8): go to shelf 2
(9): go to shelf 3
(10): go to shelf 4
(11): go to shelf 5
(12): go to shelf 6
(13): go to garbagecan 1
(14): put box 1 in/on sidetable 1
(15): use floorlamp 1
(16): use desklamp 1
(17): examine box 1
(18): examine sidetable 1

**Determine the appropriate action:**
- Identify relevant objects in the image related to the task.
- Evaluate each action's potential to successfully complete the task.

**Response:**
- Let's tink step-by-step.
- (i): [BEGIN][Selected Action][END]

Original VLM Response:
- (i): [BEGIN](17): examine box 1[END]

> Action: examine box 1
Running time: 3.5101869106292725 seconds

Step:--------------------------------------------------------------------------46--------------------------------------------------------------------------
VLM Prompt:
<image>
Given an image depicting a complex scene with multiple elements, your objective is to analyze the scene of the image in relation to the specified task description and choose the appropriate action from a list of available actions to accomplish the task. There are two examples.

**Example 1:**
- Available Actions:(1): go to bed 1, (2): go to dresser 1, (3): go to drawer 1
- Response:[BEGIN](2): go to dresser 1[END]
**Example 1:**
- Available Actions:(1): go to garbagecan 1, (2): take handtowel 1 from handtowelholder 1, (3): take faucet 1 from handtowelholder 1, (4): take handtowel 2 from handtowelholder 1
- Response:[BEGIN](2): go to dresser 1[END]

**Task Description:**
The task at hand is "examine the watch with the floorlamp". The agent must find an object of the desired type, locate and turn on a light source with the desired object in-hand.

**Available Actions:**
(1): go to armchair 1
(2): go to sof1
(3): go to coffeetable 1
(4): go to sof2
(5): go to drawer 1
(6): go to tvstand 1
(7): go to shelf 1
(8): go to shelf 2
(9): go to shelf 3
(10): go to shelf 4
(11): go to shelf 5
(12): go to shelf 6
(13): go to garbagecan 1
(14): put box 1 in/on sidetable 1
(15): use floorlamp 1
(16): use desklamp 1
(17): examine box 1
(18): examine sidetable 1

**Determine the appropriate action:**
- Identify relevant objects in the image related to the task.
- Evaluate each action's potential to successfully complete the task.

**Response:**
- Let's tink step-by-step.
- (i): [BEGIN][Selected Action][END]

Original VLM Response:
- (i): [BEGIN](17): examine box 1[END]

> Action: examine box 1
Running time: 2.9443371295928955 seconds

Step:--------------------------------------------------------------------------47--------------------------------------------------------------------------
VLM Prompt:
<image>
Given an image depicting a complex scene with multiple elements, your objective is to analyze the scene of the image in relation to the specified task description and choose the appropriate action from a list of available actions to accomplish the task. There are two examples.

**Example 1:**
- Available Actions:(1): go to bed 1, (2): go to dresser 1, (3): go to drawer 1
- Response:[BEGIN](2): go to dresser 1[END]
**Example 1:**
- Available Actions:(1): go to garbagecan 1, (2): take handtowel 1 from handtowelholder 1, (3): take faucet 1 from handtowelholder 1, (4): take handtowel 2 from handtowelholder 1
- Response:[BEGIN](2): go to dresser 1[END]

**Task Description:**
The task at hand is "examine the watch with the floorlamp". The agent must find an object of the desired type, locate and turn on a light source with the desired object in-hand.

**Available Actions:**
(1): go to armchair 1
(2): go to sof1
(3): go to coffeetable 1
(4): go to sof2
(5): go to drawer 1
(6): go to tvstand 1
(7): go to shelf 1
(8): go to shelf 2
(9): go to shelf 3
(10): go to shelf 4
(11): go to shelf 5
(12): go to shelf 6
(13): go to garbagecan 1
(14): put box 1 in/on sidetable 1
(15): use floorlamp 1
(16): use desklamp 1
(17): examine box 1
(18): examine sidetable 1

**Determine the appropriate action:**
- Identify relevant objects in the image related to the task.
- Evaluate each action's potential to successfully complete the task.

**Response:**
- Let's tink step-by-step.
- (i): [BEGIN][Selected Action][END]

Original VLM Response:
- (i): [BEGIN](17): examine box 1[END]

> Action: examine box 1
Running time: 3.599271774291992 seconds

Step:--------------------------------------------------------------------------48--------------------------------------------------------------------------
VLM Prompt:
<image>
Given an image depicting a complex scene with multiple elements, your objective is to analyze the scene of the image in relation to the specified task description and choose the appropriate action from a list of available actions to accomplish the task. There are two examples.

**Example 1:**
- Available Actions:(1): go to bed 1, (2): go to dresser 1, (3): go to drawer 1
- Response:[BEGIN](2): go to dresser 1[END]
**Example 1:**
- Available Actions:(1): go to garbagecan 1, (2): take handtowel 1 from handtowelholder 1, (3): take faucet 1 from handtowelholder 1, (4): take handtowel 2 from handtowelholder 1
- Response:[BEGIN](2): go to dresser 1[END]

**Task Description:**
The task at hand is "examine the watch with the floorlamp". The agent must find an object of the desired type, locate and turn on a light source with the desired object in-hand.

**Available Actions:**
(1): go to armchair 1
(2): go to sof1
(3): go to coffeetable 1
(4): go to sof2
(5): go to drawer 1
(6): go to tvstand 1
(7): go to shelf 1
(8): go to shelf 2
(9): go to shelf 3
(10): go to shelf 4
(11): go to shelf 5
(12): go to shelf 6
(13): go to garbagecan 1
(14): put box 1 in/on sidetable 1
(15): use floorlamp 1
(16): use desklamp 1
(17): examine box 1
(18): examine sidetable 1

**Determine the appropriate action:**
- Identify relevant objects in the image related to the task.
- Evaluate each action's potential to successfully complete the task.

**Response:**
- Let's tink step-by-step.
- (i): [BEGIN][Selected Action][END]

Original VLM Response:
- (i): [BEGIN](17): examine box 1[END]

> Action: examine box 1
Running time: 2.828214645385742 seconds

Step:--------------------------------------------------------------------------49--------------------------------------------------------------------------
VLM Prompt:
<image>
Given an image depicting a complex scene with multiple elements, your objective is to analyze the scene of the image in relation to the specified task description and choose the appropriate action from a list of available actions to accomplish the task. There are two examples.

**Example 1:**
- Available Actions:(1): go to bed 1, (2): go to dresser 1, (3): go to drawer 1
- Response:[BEGIN](2): go to dresser 1[END]
**Example 1:**
- Available Actions:(1): go to garbagecan 1, (2): take handtowel 1 from handtowelholder 1, (3): take faucet 1 from handtowelholder 1, (4): take handtowel 2 from handtowelholder 1
- Response:[BEGIN](2): go to dresser 1[END]

**Task Description:**
The task at hand is "examine the watch with the floorlamp". The agent must find an object of the desired type, locate and turn on a light source with the desired object in-hand.

**Available Actions:**
(1): go to armchair 1
(2): go to sof1
(3): go to coffeetable 1
(4): go to sof2
(5): go to drawer 1
(6): go to tvstand 1
(7): go to shelf 1
(8): go to shelf 2
(9): go to shelf 3
(10): go to shelf 4
(11): go to shelf 5
(12): go to shelf 6
(13): go to garbagecan 1
(14): put box 1 in/on sidetable 1
(15): use floorlamp 1
(16): use desklamp 1
(17): examine box 1
(18): examine sidetable 1

**Determine the appropriate action:**
- Identify relevant objects in the image related to the task.
- Evaluate each action's potential to successfully complete the task.

**Response:**
- Let's tink step-by-step.
- (i): [BEGIN][Selected Action][END]

Original VLM Response:
- (i): [BEGIN](17): examine box 1[END]

> Action: examine box 1
Running time: 2.148083209991455 seconds

Step:--------------------------------------------------------------------------50--------------------------------------------------------------------------
VLM Prompt:
<image>
Given an image depicting a complex scene with multiple elements, your objective is to analyze the scene of the image in relation to the specified task description and choose the appropriate action from a list of available actions to accomplish the task. There are two examples.

**Example 1:**
- Available Actions:(1): go to bed 1, (2): go to dresser 1, (3): go to drawer 1
- Response:[BEGIN](2): go to dresser 1[END]
**Example 1:**
- Available Actions:(1): go to garbagecan 1, (2): take handtowel 1 from handtowelholder 1, (3): take faucet 1 from handtowelholder 1, (4): take handtowel 2 from handtowelholder 1
- Response:[BEGIN](2): go to dresser 1[END]

**Task Description:**
The task at hand is "examine the watch with the floorlamp". The agent must find an object of the desired type, locate and turn on a light source with the desired object in-hand.

**Available Actions:**
(1): go to armchair 1
(2): go to sof1
(3): go to coffeetable 1
(4): go to sof2
(5): go to drawer 1
(6): go to tvstand 1
(7): go to shelf 1
(8): go to shelf 2
(9): go to shelf 3
(10): go to shelf 4
(11): go to shelf 5
(12): go to shelf 6
(13): go to garbagecan 1
(14): put box 1 in/on sidetable 1
(15): use floorlamp 1
(16): use desklamp 1
(17): examine box 1
(18): examine sidetable 1

**Determine the appropriate action:**
- Identify relevant objects in the image related to the task.
- Evaluate each action's potential to successfully complete the task.

**Response:**
- Let's tink step-by-step.
- (i): [BEGIN][Selected Action][END]

Original VLM Response:
- (i): [BEGIN](17): examine box 1[END]

> Action: examine box 1
Running time: 2.946228504180908 seconds

UNSUCCEED
