---------------------------------------------------------Scene: 40---------------------------------------------------------
--------------------------------------------------------------------------------------------------------------------------------------------------------------------
--------------------------------------------------------------------------------------------------------------------------------------------------------------------
Step:--------------------------------------------------------------------------1--------------------------------------------------------------------------
VLM Prompt:
<image>
Given an image depicting a complex scene with multiple elements, your objective is to analyze the scene of the image in relation to the specified task description and choose the appropriate action from a list of available actions to accomplish the task. There are two examples.

**Example 1:**
- Available Actions:(1): go to bed 1, (2): go to dresser 1, (3): go to drawer 1
- Response:[BEGIN](2): go to dresser 1[END]
**Example 1:**
- Available Actions:(1): go to garbagecan 1, (2): take handtowel 1 from handtowelholder 1, (3): take faucet 1 from handtowelholder 1, (4): take handtowel 2 from handtowelholder 1
- Response:[BEGIN](2): go to dresser 1[END]

**Task Description:**
The task at hand is "put a clean soapbar in countertop". The agent must find an objectof the desired type, pick it up, go to a sink or a basin, clean the object with a sink or basin, then find the correct location to place it, and put it down there.

**Available Actions:**
(1): go to countertop 1
(2): go to sinkbasin 1
(3): go to sink 1
(4): go to garbagecan 1
(5): go to drawer 1
(6): go to drawer 2
(7): go to sink 2
(8): go to sinkbasin 2
(9): go to toilet 1
(10): go to handtowelholder 1

**Determine the appropriate action:**
- Identify relevant objects in the image related to the task.
- Evaluate each action's potential to successfully complete the task.

**Response:**
- Let's tink step-by-step.
- (i): [BEGIN][Selected Action][END]

Original VLM Response:
- (i): [BEGIN](5): go to drawer 1[END]

> Action: go to drawer 1
Running time: 5.062762260437012 seconds

Step:--------------------------------------------------------------------------2--------------------------------------------------------------------------
VLM Prompt:
<image>
Given an image depicting a complex scene with multiple elements, your objective is to analyze the scene of the image in relation to the specified task description and choose the appropriate action from a list of available actions to accomplish the task. There are two examples.

**Example 1:**
- Available Actions:(1): go to bed 1, (2): go to dresser 1, (3): go to drawer 1
- Response:[BEGIN](2): go to dresser 1[END]
**Example 1:**
- Available Actions:(1): go to garbagecan 1, (2): take handtowel 1 from handtowelholder 1, (3): take faucet 1 from handtowelholder 1, (4): take handtowel 2 from handtowelholder 1
- Response:[BEGIN](2): go to dresser 1[END]

**Task Description:**
The task at hand is "put a clean soapbar in countertop". The agent must find an objectof the desired type, pick it up, go to a sink or a basin, clean the object with a sink or basin, then find the correct location to place it, and put it down there.

**Available Actions:**
(1): go to countertop 1
(2): go to sinkbasin 1
(3): go to sink 1
(4): go to garbagecan 1
(5): go to drawer 2
(6): go to sink 2
(7): go to sinkbasin 2
(8): go to toilet 1
(9): go to handtowelholder 1
(10): open drawer 1
(11): close drawer 1
(12): examine drawer 1

**Determine the appropriate action:**
- Identify relevant objects in the image related to the task.
- Evaluate each action's potential to successfully complete the task.

**Response:**
- Let's tink step-by-step.
- (i): [BEGIN][Selected Action][END]

Original VLM Response:
- (i): [BEGIN](5): go to drawer 2[END]

> Action: go to drawer 2
Running time: 3.8374454975128174 seconds

Step:--------------------------------------------------------------------------3--------------------------------------------------------------------------
VLM Prompt:
<image>
Given an image depicting a complex scene with multiple elements, your objective is to analyze the scene of the image in relation to the specified task description and choose the appropriate action from a list of available actions to accomplish the task. There are two examples.

**Example 1:**
- Available Actions:(1): go to bed 1, (2): go to dresser 1, (3): go to drawer 1
- Response:[BEGIN](2): go to dresser 1[END]
**Example 1:**
- Available Actions:(1): go to garbagecan 1, (2): take handtowel 1 from handtowelholder 1, (3): take faucet 1 from handtowelholder 1, (4): take handtowel 2 from handtowelholder 1
- Response:[BEGIN](2): go to dresser 1[END]

**Task Description:**
The task at hand is "put a clean soapbar in countertop". The agent must find an objectof the desired type, pick it up, go to a sink or a basin, clean the object with a sink or basin, then find the correct location to place it, and put it down there.

**Available Actions:**
(1): go to countertop 1
(2): go to sinkbasin 1
(3): go to sink 1
(4): go to garbagecan 1
(5): go to drawer 1
(6): go to sink 2
(7): go to sinkbasin 2
(8): go to toilet 1
(9): go to handtowelholder 1
(10): open drawer 2
(11): close drawer 2
(12): examine drawer 2

**Determine the appropriate action:**
- Identify relevant objects in the image related to the task.
- Evaluate each action's potential to successfully complete the task.

**Response:**
- Let's tink step-by-step.
- (i): [BEGIN][Selected Action][END]

Original VLM Response:
- (i): [BEGIN](5): go to drawer 1[END]

> Action: go to drawer 1
Running time: 3.994266986846924 seconds

Step:--------------------------------------------------------------------------4--------------------------------------------------------------------------
VLM Prompt:
<image>
Given an image depicting a complex scene with multiple elements, your objective is to analyze the scene of the image in relation to the specified task description and choose the appropriate action from a list of available actions to accomplish the task. There are two examples.

**Example 1:**
- Available Actions:(1): go to bed 1, (2): go to dresser 1, (3): go to drawer 1
- Response:[BEGIN](2): go to dresser 1[END]
**Example 1:**
- Available Actions:(1): go to garbagecan 1, (2): take handtowel 1 from handtowelholder 1, (3): take faucet 1 from handtowelholder 1, (4): take handtowel 2 from handtowelholder 1
- Response:[BEGIN](2): go to dresser 1[END]

**Task Description:**
The task at hand is "put a clean soapbar in countertop". The agent must find an objectof the desired type, pick it up, go to a sink or a basin, clean the object with a sink or basin, then find the correct location to place it, and put it down there.

**Available Actions:**
(1): go to countertop 1
(2): go to sinkbasin 1
(3): go to sink 1
(4): go to garbagecan 1
(5): go to drawer 2
(6): go to sink 2
(7): go to sinkbasin 2
(8): go to toilet 1
(9): go to handtowelholder 1
(10): open drawer 1
(11): close drawer 1
(12): examine drawer 1

**Determine the appropriate action:**
- Identify relevant objects in the image related to the task.
- Evaluate each action's potential to successfully complete the task.

**Response:**
- Let's tink step-by-step.
- (i): [BEGIN][Selected Action][END]

Original VLM Response:
- (i): [BEGIN](5): go to drawer 2[END]

> Action: go to drawer 2
Running time: 2.8912155628204346 seconds

Step:--------------------------------------------------------------------------5--------------------------------------------------------------------------
VLM Prompt:
<image>
Given an image depicting a complex scene with multiple elements, your objective is to analyze the scene of the image in relation to the specified task description and choose the appropriate action from a list of available actions to accomplish the task. There are two examples.

**Example 1:**
- Available Actions:(1): go to bed 1, (2): go to dresser 1, (3): go to drawer 1
- Response:[BEGIN](2): go to dresser 1[END]
**Example 1:**
- Available Actions:(1): go to garbagecan 1, (2): take handtowel 1 from handtowelholder 1, (3): take faucet 1 from handtowelholder 1, (4): take handtowel 2 from handtowelholder 1
- Response:[BEGIN](2): go to dresser 1[END]

**Task Description:**
The task at hand is "put a clean soapbar in countertop". The agent must find an objectof the desired type, pick it up, go to a sink or a basin, clean the object with a sink or basin, then find the correct location to place it, and put it down there.

**Available Actions:**
(1): go to countertop 1
(2): go to sinkbasin 1
(3): go to sink 1
(4): go to garbagecan 1
(5): go to drawer 1
(6): go to sink 2
(7): go to sinkbasin 2
(8): go to toilet 1
(9): go to handtowelholder 1
(10): open drawer 2
(11): close drawer 2
(12): examine drawer 2

**Determine the appropriate action:**
- Identify relevant objects in the image related to the task.
- Evaluate each action's potential to successfully complete the task.

**Response:**
- Let's tink step-by-step.
- (i): [BEGIN][Selected Action][END]

Original VLM Response:
- (i): [BEGIN](1): go to countertop 1[END]

> Action: go to countertop 1
Running time: 3.06072735786438 seconds

Step:--------------------------------------------------------------------------6--------------------------------------------------------------------------
VLM Prompt:
<image>
Given an image depicting a complex scene with multiple elements, your objective is to analyze the scene of the image in relation to the specified task description and choose the appropriate action from a list of available actions to accomplish the task. There are two examples.

**Example 1:**
- Available Actions:(1): go to bed 1, (2): go to dresser 1, (3): go to drawer 1
- Response:[BEGIN](2): go to dresser 1[END]
**Example 1:**
- Available Actions:(1): go to garbagecan 1, (2): take handtowel 1 from handtowelholder 1, (3): take faucet 1 from handtowelholder 1, (4): take handtowel 2 from handtowelholder 1
- Response:[BEGIN](2): go to dresser 1[END]

**Task Description:**
The task at hand is "put a clean soapbar in countertop". The agent must find an objectof the desired type, pick it up, go to a sink or a basin, clean the object with a sink or basin, then find the correct location to place it, and put it down there.

**Available Actions:**
(1): go to sinkbasin 1
(2): go to sink 1
(3): go to garbagecan 1
(4): go to drawer 1
(5): go to drawer 2
(6): go to sink 2
(7): go to sinkbasin 2
(8): go to toilet 1
(9): go to handtowelholder 1
(10): take faucet 2 from countertop 1
(11): take toiletpaper 1 from countertop 1
(12): examine countertop 1

**Determine the appropriate action:**
- Identify relevant objects in the image related to the task.
- Evaluate each action's potential to successfully complete the task.

**Response:**
- Let's tink step-by-step.
- (i): [BEGIN][Selected Action][END]

Original VLM Response:
- (i): [BEGIN](12): examine countertop 1[END]

> Action: examine countertop 1
Running time: 3.3058812618255615 seconds

Step:--------------------------------------------------------------------------7--------------------------------------------------------------------------
VLM Prompt:
<image>
Given an image depicting a complex scene with multiple elements, your objective is to analyze the scene of the image in relation to the specified task description and choose the appropriate action from a list of available actions to accomplish the task. There are two examples.

**Example 1:**
- Available Actions:(1): go to bed 1, (2): go to dresser 1, (3): go to drawer 1
- Response:[BEGIN](2): go to dresser 1[END]
**Example 1:**
- Available Actions:(1): go to garbagecan 1, (2): take handtowel 1 from handtowelholder 1, (3): take faucet 1 from handtowelholder 1, (4): take handtowel 2 from handtowelholder 1
- Response:[BEGIN](2): go to dresser 1[END]

**Task Description:**
The task at hand is "put a clean soapbar in countertop". The agent must find an objectof the desired type, pick it up, go to a sink or a basin, clean the object with a sink or basin, then find the correct location to place it, and put it down there.

**Available Actions:**
(1): go to sinkbasin 1
(2): go to sink 1
(3): go to garbagecan 1
(4): go to drawer 1
(5): go to drawer 2
(6): go to sink 2
(7): go to sinkbasin 2
(8): go to toilet 1
(9): go to handtowelholder 1
(10): take faucet 2 from countertop 1
(11): take toiletpaper 1 from countertop 1
(12): examine countertop 1

**Determine the appropriate action:**
- Identify relevant objects in the image related to the task.
- Evaluate each action's potential to successfully complete the task.

**Response:**
- Let's tink step-by-step.
- (i): [BEGIN][Selected Action][END]

Original VLM Response:
- (i): [BEGIN](12): examine countertop 1[END]

> Action: examine countertop 1
Running time: 2.5289111137390137 seconds

Step:--------------------------------------------------------------------------8--------------------------------------------------------------------------
VLM Prompt:
<image>
Given an image depicting a complex scene with multiple elements, your objective is to analyze the scene of the image in relation to the specified task description and choose the appropriate action from a list of available actions to accomplish the task. There are two examples.

**Example 1:**
- Available Actions:(1): go to bed 1, (2): go to dresser 1, (3): go to drawer 1
- Response:[BEGIN](2): go to dresser 1[END]
**Example 1:**
- Available Actions:(1): go to garbagecan 1, (2): take handtowel 1 from handtowelholder 1, (3): take faucet 1 from handtowelholder 1, (4): take handtowel 2 from handtowelholder 1
- Response:[BEGIN](2): go to dresser 1[END]

**Task Description:**
The task at hand is "put a clean soapbar in countertop". The agent must find an objectof the desired type, pick it up, go to a sink or a basin, clean the object with a sink or basin, then find the correct location to place it, and put it down there.

**Available Actions:**
(1): go to sinkbasin 1
(2): go to sink 1
(3): go to garbagecan 1
(4): go to drawer 1
(5): go to drawer 2
(6): go to sink 2
(7): go to sinkbasin 2
(8): go to toilet 1
(9): go to handtowelholder 1
(10): take faucet 2 from countertop 1
(11): take toiletpaper 1 from countertop 1
(12): examine countertop 1

**Determine the appropriate action:**
- Identify relevant objects in the image related to the task.
- Evaluate each action's potential to successfully complete the task.

**Response:**
- Let's tink step-by-step.
- (i): [BEGIN][Selected Action][END]

Original VLM Response:
- (i): [BEGIN](12): examine countertop 1[END]

> Action: examine countertop 1
Running time: 6.442284822463989 seconds

Step:--------------------------------------------------------------------------9--------------------------------------------------------------------------
VLM Prompt:
<image>
Given an image depicting a complex scene with multiple elements, your objective is to analyze the scene of the image in relation to the specified task description and choose the appropriate action from a list of available actions to accomplish the task. There are two examples.

**Example 1:**
- Available Actions:(1): go to bed 1, (2): go to dresser 1, (3): go to drawer 1
- Response:[BEGIN](2): go to dresser 1[END]
**Example 1:**
- Available Actions:(1): go to garbagecan 1, (2): take handtowel 1 from handtowelholder 1, (3): take faucet 1 from handtowelholder 1, (4): take handtowel 2 from handtowelholder 1
- Response:[BEGIN](2): go to dresser 1[END]

**Task Description:**
The task at hand is "put a clean soapbar in countertop". The agent must find an objectof the desired type, pick it up, go to a sink or a basin, clean the object with a sink or basin, then find the correct location to place it, and put it down there.

**Available Actions:**
(1): go to sinkbasin 1
(2): go to sink 1
(3): go to garbagecan 1
(4): go to drawer 1
(5): go to drawer 2
(6): go to sink 2
(7): go to sinkbasin 2
(8): go to toilet 1
(9): go to handtowelholder 1
(10): take faucet 2 from countertop 1
(11): take toiletpaper 1 from countertop 1
(12): examine countertop 1

**Determine the appropriate action:**
- Identify relevant objects in the image related to the task.
- Evaluate each action's potential to successfully complete the task.

**Response:**
- Let's tink step-by-step.
- (i): [BEGIN][Selected Action][END]

Original VLM Response:
- (i): [BEGIN](12): examine countertop 1[END]

> Action: examine countertop 1
Running time: 3.557448625564575 seconds

Step:--------------------------------------------------------------------------10--------------------------------------------------------------------------
VLM Prompt:
<image>
Given an image depicting a complex scene with multiple elements, your objective is to analyze the scene of the image in relation to the specified task description and choose the appropriate action from a list of available actions to accomplish the task. There are two examples.

**Example 1:**
- Available Actions:(1): go to bed 1, (2): go to dresser 1, (3): go to drawer 1
- Response:[BEGIN](2): go to dresser 1[END]
**Example 1:**
- Available Actions:(1): go to garbagecan 1, (2): take handtowel 1 from handtowelholder 1, (3): take faucet 1 from handtowelholder 1, (4): take handtowel 2 from handtowelholder 1
- Response:[BEGIN](2): go to dresser 1[END]

**Task Description:**
The task at hand is "put a clean soapbar in countertop". The agent must find an objectof the desired type, pick it up, go to a sink or a basin, clean the object with a sink or basin, then find the correct location to place it, and put it down there.

**Available Actions:**
(1): go to sinkbasin 1
(2): go to sink 1
(3): go to garbagecan 1
(4): go to drawer 1
(5): go to drawer 2
(6): go to sink 2
(7): go to sinkbasin 2
(8): go to toilet 1
(9): go to handtowelholder 1
(10): take faucet 2 from countertop 1
(11): take toiletpaper 1 from countertop 1
(12): examine countertop 1

**Determine the appropriate action:**
- Identify relevant objects in the image related to the task.
- Evaluate each action's potential to successfully complete the task.

**Response:**
- Let's tink step-by-step.
- (i): [BEGIN][Selected Action][END]

Original VLM Response:
- (i): [BEGIN](12): examine countertop 1[END]

> Action: examine countertop 1
Running time: 3.6424362659454346 seconds

Step:--------------------------------------------------------------------------11--------------------------------------------------------------------------
VLM Prompt:
<image>
Given an image depicting a complex scene with multiple elements, your objective is to analyze the scene of the image in relation to the specified task description and choose the appropriate action from a list of available actions to accomplish the task. There are two examples.

**Example 1:**
- Available Actions:(1): go to bed 1, (2): go to dresser 1, (3): go to drawer 1
- Response:[BEGIN](2): go to dresser 1[END]
**Example 1:**
- Available Actions:(1): go to garbagecan 1, (2): take handtowel 1 from handtowelholder 1, (3): take faucet 1 from handtowelholder 1, (4): take handtowel 2 from handtowelholder 1
- Response:[BEGIN](2): go to dresser 1[END]

**Task Description:**
The task at hand is "put a clean soapbar in countertop". The agent must find an objectof the desired type, pick it up, go to a sink or a basin, clean the object with a sink or basin, then find the correct location to place it, and put it down there.

**Available Actions:**
(1): go to sinkbasin 1
(2): go to sink 1
(3): go to garbagecan 1
(4): go to drawer 1
(5): go to drawer 2
(6): go to sink 2
(7): go to sinkbasin 2
(8): go to toilet 1
(9): go to handtowelholder 1
(10): take faucet 2 from countertop 1
(11): take toiletpaper 1 from countertop 1
(12): examine countertop 1

**Determine the appropriate action:**
- Identify relevant objects in the image related to the task.
- Evaluate each action's potential to successfully complete the task.

**Response:**
- Let's tink step-by-step.
- (i): [BEGIN][Selected Action][END]

Original VLM Response:
- (i): [BEGIN](12): examine countertop 1[END]

> Action: examine countertop 1
Running time: 3.0356311798095703 seconds

Step:--------------------------------------------------------------------------12--------------------------------------------------------------------------
VLM Prompt:
<image>
Given an image depicting a complex scene with multiple elements, your objective is to analyze the scene of the image in relation to the specified task description and choose the appropriate action from a list of available actions to accomplish the task. There are two examples.

**Example 1:**
- Available Actions:(1): go to bed 1, (2): go to dresser 1, (3): go to drawer 1
- Response:[BEGIN](2): go to dresser 1[END]
**Example 1:**
- Available Actions:(1): go to garbagecan 1, (2): take handtowel 1 from handtowelholder 1, (3): take faucet 1 from handtowelholder 1, (4): take handtowel 2 from handtowelholder 1
- Response:[BEGIN](2): go to dresser 1[END]

**Task Description:**
The task at hand is "put a clean soapbar in countertop". The agent must find an objectof the desired type, pick it up, go to a sink or a basin, clean the object with a sink or basin, then find the correct location to place it, and put it down there.

**Available Actions:**
(1): go to sinkbasin 1
(2): go to sink 1
(3): go to garbagecan 1
(4): go to drawer 1
(5): go to drawer 2
(6): go to sink 2
(7): go to sinkbasin 2
(8): go to toilet 1
(9): go to handtowelholder 1
(10): take faucet 2 from countertop 1
(11): take toiletpaper 1 from countertop 1
(12): examine countertop 1

**Determine the appropriate action:**
- Identify relevant objects in the image related to the task.
- Evaluate each action's potential to successfully complete the task.

**Response:**
- Let's tink step-by-step.
- (i): [BEGIN][Selected Action][END]

Original VLM Response:
- (i): [BEGIN](12): examine countertop 1[END]

> Action: examine countertop 1
Running time: 3.643035411834717 seconds

Step:--------------------------------------------------------------------------13--------------------------------------------------------------------------
VLM Prompt:
<image>
Given an image depicting a complex scene with multiple elements, your objective is to analyze the scene of the image in relation to the specified task description and choose the appropriate action from a list of available actions to accomplish the task. There are two examples.

**Example 1:**
- Available Actions:(1): go to bed 1, (2): go to dresser 1, (3): go to drawer 1
- Response:[BEGIN](2): go to dresser 1[END]
**Example 1:**
- Available Actions:(1): go to garbagecan 1, (2): take handtowel 1 from handtowelholder 1, (3): take faucet 1 from handtowelholder 1, (4): take handtowel 2 from handtowelholder 1
- Response:[BEGIN](2): go to dresser 1[END]

**Task Description:**
The task at hand is "put a clean soapbar in countertop". The agent must find an objectof the desired type, pick it up, go to a sink or a basin, clean the object with a sink or basin, then find the correct location to place it, and put it down there.

**Available Actions:**
(1): go to sinkbasin 1
(2): go to sink 1
(3): go to garbagecan 1
(4): go to drawer 1
(5): go to drawer 2
(6): go to sink 2
(7): go to sinkbasin 2
(8): go to toilet 1
(9): go to handtowelholder 1
(10): take faucet 2 from countertop 1
(11): take toiletpaper 1 from countertop 1
(12): examine countertop 1

**Determine the appropriate action:**
- Identify relevant objects in the image related to the task.
- Evaluate each action's potential to successfully complete the task.

**Response:**
- Let's tink step-by-step.
- (i): [BEGIN][Selected Action][END]

Original VLM Response:
- (i): [BEGIN](12): examine countertop 1[END]

> Action: examine countertop 1
Running time: 5.333763122558594 seconds

Step:--------------------------------------------------------------------------14--------------------------------------------------------------------------
VLM Prompt:
<image>
Given an image depicting a complex scene with multiple elements, your objective is to analyze the scene of the image in relation to the specified task description and choose the appropriate action from a list of available actions to accomplish the task. There are two examples.

**Example 1:**
- Available Actions:(1): go to bed 1, (2): go to dresser 1, (3): go to drawer 1
- Response:[BEGIN](2): go to dresser 1[END]
**Example 1:**
- Available Actions:(1): go to garbagecan 1, (2): take handtowel 1 from handtowelholder 1, (3): take faucet 1 from handtowelholder 1, (4): take handtowel 2 from handtowelholder 1
- Response:[BEGIN](2): go to dresser 1[END]

**Task Description:**
The task at hand is "put a clean soapbar in countertop". The agent must find an objectof the desired type, pick it up, go to a sink or a basin, clean the object with a sink or basin, then find the correct location to place it, and put it down there.

**Available Actions:**
(1): go to sinkbasin 1
(2): go to sink 1
(3): go to garbagecan 1
(4): go to drawer 1
(5): go to drawer 2
(6): go to sink 2
(7): go to sinkbasin 2
(8): go to toilet 1
(9): go to handtowelholder 1
(10): take faucet 2 from countertop 1
(11): take toiletpaper 1 from countertop 1
(12): examine countertop 1

**Determine the appropriate action:**
- Identify relevant objects in the image related to the task.
- Evaluate each action's potential to successfully complete the task.

**Response:**
- Let's tink step-by-step.
- (i): [BEGIN][Selected Action][END]

Original VLM Response:
- (i): [BEGIN](12): examine countertop 1[END]

> Action: examine countertop 1
Running time: 3.16274094581604 seconds

Step:--------------------------------------------------------------------------15--------------------------------------------------------------------------
VLM Prompt:
<image>
Given an image depicting a complex scene with multiple elements, your objective is to analyze the scene of the image in relation to the specified task description and choose the appropriate action from a list of available actions to accomplish the task. There are two examples.

**Example 1:**
- Available Actions:(1): go to bed 1, (2): go to dresser 1, (3): go to drawer 1
- Response:[BEGIN](2): go to dresser 1[END]
**Example 1:**
- Available Actions:(1): go to garbagecan 1, (2): take handtowel 1 from handtowelholder 1, (3): take faucet 1 from handtowelholder 1, (4): take handtowel 2 from handtowelholder 1
- Response:[BEGIN](2): go to dresser 1[END]

**Task Description:**
The task at hand is "put a clean soapbar in countertop". The agent must find an objectof the desired type, pick it up, go to a sink or a basin, clean the object with a sink or basin, then find the correct location to place it, and put it down there.

**Available Actions:**
(1): go to sinkbasin 1
(2): go to sink 1
(3): go to garbagecan 1
(4): go to drawer 1
(5): go to drawer 2
(6): go to sink 2
(7): go to sinkbasin 2
(8): go to toilet 1
(9): go to handtowelholder 1
(10): take faucet 2 from countertop 1
(11): take toiletpaper 1 from countertop 1
(12): examine countertop 1

**Determine the appropriate action:**
- Identify relevant objects in the image related to the task.
- Evaluate each action's potential to successfully complete the task.

**Response:**
- Let's tink step-by-step.
- (i): [BEGIN][Selected Action][END]

Original VLM Response:
- (i): [BEGIN](12): examine countertop 1[END]

> Action: examine countertop 1
Running time: 3.00553297996521 seconds

Step:--------------------------------------------------------------------------16--------------------------------------------------------------------------
VLM Prompt:
<image>
Given an image depicting a complex scene with multiple elements, your objective is to analyze the scene of the image in relation to the specified task description and choose the appropriate action from a list of available actions to accomplish the task. There are two examples.

**Example 1:**
- Available Actions:(1): go to bed 1, (2): go to dresser 1, (3): go to drawer 1
- Response:[BEGIN](2): go to dresser 1[END]
**Example 1:**
- Available Actions:(1): go to garbagecan 1, (2): take handtowel 1 from handtowelholder 1, (3): take faucet 1 from handtowelholder 1, (4): take handtowel 2 from handtowelholder 1
- Response:[BEGIN](2): go to dresser 1[END]

**Task Description:**
The task at hand is "put a clean soapbar in countertop". The agent must find an objectof the desired type, pick it up, go to a sink or a basin, clean the object with a sink or basin, then find the correct location to place it, and put it down there.

**Available Actions:**
(1): go to sinkbasin 1
(2): go to sink 1
(3): go to garbagecan 1
(4): go to drawer 1
(5): go to drawer 2
(6): go to sink 2
(7): go to sinkbasin 2
(8): go to toilet 1
(9): go to handtowelholder 1
(10): take faucet 2 from countertop 1
(11): take toiletpaper 1 from countertop 1
(12): examine countertop 1

**Determine the appropriate action:**
- Identify relevant objects in the image related to the task.
- Evaluate each action's potential to successfully complete the task.

**Response:**
- Let's tink step-by-step.
- (i): [BEGIN][Selected Action][END]

Original VLM Response:
- (i): [BEGIN](12): examine countertop 1[END]

> Action: examine countertop 1
Running time: 3.6628243923187256 seconds

Step:--------------------------------------------------------------------------17--------------------------------------------------------------------------
VLM Prompt:
<image>
Given an image depicting a complex scene with multiple elements, your objective is to analyze the scene of the image in relation to the specified task description and choose the appropriate action from a list of available actions to accomplish the task. There are two examples.

**Example 1:**
- Available Actions:(1): go to bed 1, (2): go to dresser 1, (3): go to drawer 1
- Response:[BEGIN](2): go to dresser 1[END]
**Example 1:**
- Available Actions:(1): go to garbagecan 1, (2): take handtowel 1 from handtowelholder 1, (3): take faucet 1 from handtowelholder 1, (4): take handtowel 2 from handtowelholder 1
- Response:[BEGIN](2): go to dresser 1[END]

**Task Description:**
The task at hand is "put a clean soapbar in countertop". The agent must find an objectof the desired type, pick it up, go to a sink or a basin, clean the object with a sink or basin, then find the correct location to place it, and put it down there.

**Available Actions:**
(1): go to sinkbasin 1
(2): go to sink 1
(3): go to garbagecan 1
(4): go to drawer 1
(5): go to drawer 2
(6): go to sink 2
(7): go to sinkbasin 2
(8): go to toilet 1
(9): go to handtowelholder 1
(10): take faucet 2 from countertop 1
(11): take toiletpaper 1 from countertop 1
(12): examine countertop 1

**Determine the appropriate action:**
- Identify relevant objects in the image related to the task.
- Evaluate each action's potential to successfully complete the task.

**Response:**
- Let's tink step-by-step.
- (i): [BEGIN][Selected Action][END]

Original VLM Response:
- (i): [BEGIN](12): examine countertop 1[END]

> Action: examine countertop 1
Running time: 2.2808518409729004 seconds

Step:--------------------------------------------------------------------------18--------------------------------------------------------------------------
VLM Prompt:
<image>
Given an image depicting a complex scene with multiple elements, your objective is to analyze the scene of the image in relation to the specified task description and choose the appropriate action from a list of available actions to accomplish the task. There are two examples.

**Example 1:**
- Available Actions:(1): go to bed 1, (2): go to dresser 1, (3): go to drawer 1
- Response:[BEGIN](2): go to dresser 1[END]
**Example 1:**
- Available Actions:(1): go to garbagecan 1, (2): take handtowel 1 from handtowelholder 1, (3): take faucet 1 from handtowelholder 1, (4): take handtowel 2 from handtowelholder 1
- Response:[BEGIN](2): go to dresser 1[END]

**Task Description:**
The task at hand is "put a clean soapbar in countertop". The agent must find an objectof the desired type, pick it up, go to a sink or a basin, clean the object with a sink or basin, then find the correct location to place it, and put it down there.

**Available Actions:**
(1): go to sinkbasin 1
(2): go to sink 1
(3): go to garbagecan 1
(4): go to drawer 1
(5): go to drawer 2
(6): go to sink 2
(7): go to sinkbasin 2
(8): go to toilet 1
(9): go to handtowelholder 1
(10): take faucet 2 from countertop 1
(11): take toiletpaper 1 from countertop 1
(12): examine countertop 1

**Determine the appropriate action:**
- Identify relevant objects in the image related to the task.
- Evaluate each action's potential to successfully complete the task.

**Response:**
- Let's tink step-by-step.
- (i): [BEGIN][Selected Action][END]

Original VLM Response:
- (i): [BEGIN](12): examine countertop 1[END]

> Action: examine countertop 1
Running time: 3.474052906036377 seconds

Step:--------------------------------------------------------------------------19--------------------------------------------------------------------------
VLM Prompt:
<image>
Given an image depicting a complex scene with multiple elements, your objective is to analyze the scene of the image in relation to the specified task description and choose the appropriate action from a list of available actions to accomplish the task. There are two examples.

**Example 1:**
- Available Actions:(1): go to bed 1, (2): go to dresser 1, (3): go to drawer 1
- Response:[BEGIN](2): go to dresser 1[END]
**Example 1:**
- Available Actions:(1): go to garbagecan 1, (2): take handtowel 1 from handtowelholder 1, (3): take faucet 1 from handtowelholder 1, (4): take handtowel 2 from handtowelholder 1
- Response:[BEGIN](2): go to dresser 1[END]

**Task Description:**
The task at hand is "put a clean soapbar in countertop". The agent must find an objectof the desired type, pick it up, go to a sink or a basin, clean the object with a sink or basin, then find the correct location to place it, and put it down there.

**Available Actions:**
(1): go to sinkbasin 1
(2): go to sink 1
(3): go to garbagecan 1
(4): go to drawer 1
(5): go to drawer 2
(6): go to sink 2
(7): go to sinkbasin 2
(8): go to toilet 1
(9): go to handtowelholder 1
(10): take faucet 2 from countertop 1
(11): take toiletpaper 1 from countertop 1
(12): examine countertop 1

**Determine the appropriate action:**
- Identify relevant objects in the image related to the task.
- Evaluate each action's potential to successfully complete the task.

**Response:**
- Let's tink step-by-step.
- (i): [BEGIN][Selected Action][END]

Original VLM Response:
- (i): [BEGIN](12): examine countertop 1[END]

> Action: examine countertop 1
Running time: 2.7378313541412354 seconds

Step:--------------------------------------------------------------------------20--------------------------------------------------------------------------
VLM Prompt:
<image>
Given an image depicting a complex scene with multiple elements, your objective is to analyze the scene of the image in relation to the specified task description and choose the appropriate action from a list of available actions to accomplish the task. There are two examples.

**Example 1:**
- Available Actions:(1): go to bed 1, (2): go to dresser 1, (3): go to drawer 1
- Response:[BEGIN](2): go to dresser 1[END]
**Example 1:**
- Available Actions:(1): go to garbagecan 1, (2): take handtowel 1 from handtowelholder 1, (3): take faucet 1 from handtowelholder 1, (4): take handtowel 2 from handtowelholder 1
- Response:[BEGIN](2): go to dresser 1[END]

**Task Description:**
The task at hand is "put a clean soapbar in countertop". The agent must find an objectof the desired type, pick it up, go to a sink or a basin, clean the object with a sink or basin, then find the correct location to place it, and put it down there.

**Available Actions:**
(1): go to sinkbasin 1
(2): go to sink 1
(3): go to garbagecan 1
(4): go to drawer 1
(5): go to drawer 2
(6): go to sink 2
(7): go to sinkbasin 2
(8): go to toilet 1
(9): go to handtowelholder 1
(10): take faucet 2 from countertop 1
(11): take toiletpaper 1 from countertop 1
(12): examine countertop 1

**Determine the appropriate action:**
- Identify relevant objects in the image related to the task.
- Evaluate each action's potential to successfully complete the task.

**Response:**
- Let's tink step-by-step.
- (i): [BEGIN][Selected Action][END]

Original VLM Response:
- (i): [BEGIN](12): examine countertop 1[END]

> Action: examine countertop 1
Running time: 3.533172607421875 seconds

Step:--------------------------------------------------------------------------21--------------------------------------------------------------------------
VLM Prompt:
<image>
Given an image depicting a complex scene with multiple elements, your objective is to analyze the scene of the image in relation to the specified task description and choose the appropriate action from a list of available actions to accomplish the task. There are two examples.

**Example 1:**
- Available Actions:(1): go to bed 1, (2): go to dresser 1, (3): go to drawer 1
- Response:[BEGIN](2): go to dresser 1[END]
**Example 1:**
- Available Actions:(1): go to garbagecan 1, (2): take handtowel 1 from handtowelholder 1, (3): take faucet 1 from handtowelholder 1, (4): take handtowel 2 from handtowelholder 1
- Response:[BEGIN](2): go to dresser 1[END]

**Task Description:**
The task at hand is "put a clean soapbar in countertop". The agent must find an objectof the desired type, pick it up, go to a sink or a basin, clean the object with a sink or basin, then find the correct location to place it, and put it down there.

**Available Actions:**
(1): go to sinkbasin 1
(2): go to sink 1
(3): go to garbagecan 1
(4): go to drawer 1
(5): go to drawer 2
(6): go to sink 2
(7): go to sinkbasin 2
(8): go to toilet 1
(9): go to handtowelholder 1
(10): take faucet 2 from countertop 1
(11): take toiletpaper 1 from countertop 1
(12): examine countertop 1

**Determine the appropriate action:**
- Identify relevant objects in the image related to the task.
- Evaluate each action's potential to successfully complete the task.

**Response:**
- Let's tink step-by-step.
- (i): [BEGIN][Selected Action][END]

Original VLM Response:
- (i): [BEGIN](4): go to drawer 1[END]

> Action: go to drawer 1
Running time: 6.3049633502960205 seconds

Step:--------------------------------------------------------------------------22--------------------------------------------------------------------------
VLM Prompt:
<image>
Given an image depicting a complex scene with multiple elements, your objective is to analyze the scene of the image in relation to the specified task description and choose the appropriate action from a list of available actions to accomplish the task. There are two examples.

**Example 1:**
- Available Actions:(1): go to bed 1, (2): go to dresser 1, (3): go to drawer 1
- Response:[BEGIN](2): go to dresser 1[END]
**Example 1:**
- Available Actions:(1): go to garbagecan 1, (2): take handtowel 1 from handtowelholder 1, (3): take faucet 1 from handtowelholder 1, (4): take handtowel 2 from handtowelholder 1
- Response:[BEGIN](2): go to dresser 1[END]

**Task Description:**
The task at hand is "put a clean soapbar in countertop". The agent must find an objectof the desired type, pick it up, go to a sink or a basin, clean the object with a sink or basin, then find the correct location to place it, and put it down there.

**Available Actions:**
(1): go to countertop 1
(2): go to sinkbasin 1
(3): go to sink 1
(4): go to garbagecan 1
(5): go to drawer 2
(6): go to sink 2
(7): go to sinkbasin 2
(8): go to toilet 1
(9): go to handtowelholder 1
(10): open drawer 1
(11): close drawer 1
(12): examine drawer 1

**Determine the appropriate action:**
- Identify relevant objects in the image related to the task.
- Evaluate each action's potential to successfully complete the task.

**Response:**
- Let's tink step-by-step.
- (i): [BEGIN][Selected Action][END]

Original VLM Response:
- (i): [BEGIN](5): go to drawer 2[END]

> Action: go to drawer 2
Running time: 3.0332906246185303 seconds

Step:--------------------------------------------------------------------------23--------------------------------------------------------------------------
VLM Prompt:
<image>
Given an image depicting a complex scene with multiple elements, your objective is to analyze the scene of the image in relation to the specified task description and choose the appropriate action from a list of available actions to accomplish the task. There are two examples.

**Example 1:**
- Available Actions:(1): go to bed 1, (2): go to dresser 1, (3): go to drawer 1
- Response:[BEGIN](2): go to dresser 1[END]
**Example 1:**
- Available Actions:(1): go to garbagecan 1, (2): take handtowel 1 from handtowelholder 1, (3): take faucet 1 from handtowelholder 1, (4): take handtowel 2 from handtowelholder 1
- Response:[BEGIN](2): go to dresser 1[END]

**Task Description:**
The task at hand is "put a clean soapbar in countertop". The agent must find an objectof the desired type, pick it up, go to a sink or a basin, clean the object with a sink or basin, then find the correct location to place it, and put it down there.

**Available Actions:**
(1): go to countertop 1
(2): go to sinkbasin 1
(3): go to sink 1
(4): go to garbagecan 1
(5): go to drawer 1
(6): go to sink 2
(7): go to sinkbasin 2
(8): go to toilet 1
(9): go to handtowelholder 1
(10): open drawer 2
(11): close drawer 2
(12): examine drawer 2

**Determine the appropriate action:**
- Identify relevant objects in the image related to the task.
- Evaluate each action's potential to successfully complete the task.

**Response:**
- Let's tink step-by-step.
- (i): [BEGIN][Selected Action][END]

Original VLM Response:
- (i): [BEGIN](5): go to drawer 1[END]

> Action: go to drawer 1
Running time: 3.670323133468628 seconds

Step:--------------------------------------------------------------------------24--------------------------------------------------------------------------
VLM Prompt:
<image>
Given an image depicting a complex scene with multiple elements, your objective is to analyze the scene of the image in relation to the specified task description and choose the appropriate action from a list of available actions to accomplish the task. There are two examples.

**Example 1:**
- Available Actions:(1): go to bed 1, (2): go to dresser 1, (3): go to drawer 1
- Response:[BEGIN](2): go to dresser 1[END]
**Example 1:**
- Available Actions:(1): go to garbagecan 1, (2): take handtowel 1 from handtowelholder 1, (3): take faucet 1 from handtowelholder 1, (4): take handtowel 2 from handtowelholder 1
- Response:[BEGIN](2): go to dresser 1[END]

**Task Description:**
The task at hand is "put a clean soapbar in countertop". The agent must find an objectof the desired type, pick it up, go to a sink or a basin, clean the object with a sink or basin, then find the correct location to place it, and put it down there.

**Available Actions:**
(1): go to countertop 1
(2): go to sinkbasin 1
(3): go to sink 1
(4): go to garbagecan 1
(5): go to drawer 2
(6): go to sink 2
(7): go to sinkbasin 2
(8): go to toilet 1
(9): go to handtowelholder 1
(10): open drawer 1
(11): close drawer 1
(12): examine drawer 1

**Determine the appropriate action:**
- Identify relevant objects in the image related to the task.
- Evaluate each action's potential to successfully complete the task.

**Response:**
- Let's tink step-by-step.
- (i): [BEGIN][Selected Action][END]

Original VLM Response:
- (i): [BEGIN](5): go to drawer 2[END]

> Action: go to drawer 2
Running time: 5.083426237106323 seconds

Step:--------------------------------------------------------------------------25--------------------------------------------------------------------------
VLM Prompt:
<image>
Given an image depicting a complex scene with multiple elements, your objective is to analyze the scene of the image in relation to the specified task description and choose the appropriate action from a list of available actions to accomplish the task. There are two examples.

**Example 1:**
- Available Actions:(1): go to bed 1, (2): go to dresser 1, (3): go to drawer 1
- Response:[BEGIN](2): go to dresser 1[END]
**Example 1:**
- Available Actions:(1): go to garbagecan 1, (2): take handtowel 1 from handtowelholder 1, (3): take faucet 1 from handtowelholder 1, (4): take handtowel 2 from handtowelholder 1
- Response:[BEGIN](2): go to dresser 1[END]

**Task Description:**
The task at hand is "put a clean soapbar in countertop". The agent must find an objectof the desired type, pick it up, go to a sink or a basin, clean the object with a sink or basin, then find the correct location to place it, and put it down there.

**Available Actions:**
(1): go to countertop 1
(2): go to sinkbasin 1
(3): go to sink 1
(4): go to garbagecan 1
(5): go to drawer 1
(6): go to sink 2
(7): go to sinkbasin 2
(8): go to toilet 1
(9): go to handtowelholder 1
(10): open drawer 2
(11): close drawer 2
(12): examine drawer 2

**Determine the appropriate action:**
- Identify relevant objects in the image related to the task.
- Evaluate each action's potential to successfully complete the task.

**Response:**
- Let's tink step-by-step.
- (i): [BEGIN][Selected Action][END]

Original VLM Response:
- (i): [BEGIN](5): go to drawer 1[END]

> Action: go to drawer 1
Running time: 3.2459113597869873 seconds

Step:--------------------------------------------------------------------------26--------------------------------------------------------------------------
VLM Prompt:
<image>
Given an image depicting a complex scene with multiple elements, your objective is to analyze the scene of the image in relation to the specified task description and choose the appropriate action from a list of available actions to accomplish the task. There are two examples.

**Example 1:**
- Available Actions:(1): go to bed 1, (2): go to dresser 1, (3): go to drawer 1
- Response:[BEGIN](2): go to dresser 1[END]
**Example 1:**
- Available Actions:(1): go to garbagecan 1, (2): take handtowel 1 from handtowelholder 1, (3): take faucet 1 from handtowelholder 1, (4): take handtowel 2 from handtowelholder 1
- Response:[BEGIN](2): go to dresser 1[END]

**Task Description:**
The task at hand is "put a clean soapbar in countertop". The agent must find an objectof the desired type, pick it up, go to a sink or a basin, clean the object with a sink or basin, then find the correct location to place it, and put it down there.

**Available Actions:**
(1): go to countertop 1
(2): go to sinkbasin 1
(3): go to sink 1
(4): go to garbagecan 1
(5): go to drawer 2
(6): go to sink 2
(7): go to sinkbasin 2
(8): go to toilet 1
(9): go to handtowelholder 1
(10): open drawer 1
(11): close drawer 1
(12): examine drawer 1

**Determine the appropriate action:**
- Identify relevant objects in the image related to the task.
- Evaluate each action's potential to successfully complete the task.

**Response:**
- Let's tink step-by-step.
- (i): [BEGIN][Selected Action][END]

Original VLM Response:
- (i): [BEGIN](5): go to drawer 2[END]

> Action: go to drawer 2
Running time: 4.744701623916626 seconds

Step:--------------------------------------------------------------------------27--------------------------------------------------------------------------
VLM Prompt:
<image>
Given an image depicting a complex scene with multiple elements, your objective is to analyze the scene of the image in relation to the specified task description and choose the appropriate action from a list of available actions to accomplish the task. There are two examples.

**Example 1:**
- Available Actions:(1): go to bed 1, (2): go to dresser 1, (3): go to drawer 1
- Response:[BEGIN](2): go to dresser 1[END]
**Example 1:**
- Available Actions:(1): go to garbagecan 1, (2): take handtowel 1 from handtowelholder 1, (3): take faucet 1 from handtowelholder 1, (4): take handtowel 2 from handtowelholder 1
- Response:[BEGIN](2): go to dresser 1[END]

**Task Description:**
The task at hand is "put a clean soapbar in countertop". The agent must find an objectof the desired type, pick it up, go to a sink or a basin, clean the object with a sink or basin, then find the correct location to place it, and put it down there.

**Available Actions:**
(1): go to countertop 1
(2): go to sinkbasin 1
(3): go to sink 1
(4): go to garbagecan 1
(5): go to drawer 1
(6): go to sink 2
(7): go to sinkbasin 2
(8): go to toilet 1
(9): go to handtowelholder 1
(10): open drawer 2
(11): close drawer 2
(12): examine drawer 2

**Determine the appropriate action:**
- Identify relevant objects in the image related to the task.
- Evaluate each action's potential to successfully complete the task.

**Response:**
- Let's tink step-by-step.
- (i): [BEGIN][Selected Action][END]

Original VLM Response:
- (i): [BEGIN](1): go to countertop 1[END]

> Action: go to countertop 1
Running time: 2.570596218109131 seconds

Step:--------------------------------------------------------------------------28--------------------------------------------------------------------------
VLM Prompt:
<image>
Given an image depicting a complex scene with multiple elements, your objective is to analyze the scene of the image in relation to the specified task description and choose the appropriate action from a list of available actions to accomplish the task. There are two examples.

**Example 1:**
- Available Actions:(1): go to bed 1, (2): go to dresser 1, (3): go to drawer 1
- Response:[BEGIN](2): go to dresser 1[END]
**Example 1:**
- Available Actions:(1): go to garbagecan 1, (2): take handtowel 1 from handtowelholder 1, (3): take faucet 1 from handtowelholder 1, (4): take handtowel 2 from handtowelholder 1
- Response:[BEGIN](2): go to dresser 1[END]

**Task Description:**
The task at hand is "put a clean soapbar in countertop". The agent must find an objectof the desired type, pick it up, go to a sink or a basin, clean the object with a sink or basin, then find the correct location to place it, and put it down there.

**Available Actions:**
(1): go to sinkbasin 1
(2): go to sink 1
(3): go to garbagecan 1
(4): go to drawer 1
(5): go to drawer 2
(6): go to sink 2
(7): go to sinkbasin 2
(8): go to toilet 1
(9): go to handtowelholder 1
(10): take faucet 2 from countertop 1
(11): take toiletpaper 1 from countertop 1
(12): examine countertop 1

**Determine the appropriate action:**
- Identify relevant objects in the image related to the task.
- Evaluate each action's potential to successfully complete the task.

**Response:**
- Let's tink step-by-step.
- (i): [BEGIN][Selected Action][END]

Original VLM Response:
- (i): [BEGIN](12): examine countertop 1[END]

> Action: examine countertop 1
Running time: 3.317064046859741 seconds

Step:--------------------------------------------------------------------------29--------------------------------------------------------------------------
VLM Prompt:
<image>
Given an image depicting a complex scene with multiple elements, your objective is to analyze the scene of the image in relation to the specified task description and choose the appropriate action from a list of available actions to accomplish the task. There are two examples.

**Example 1:**
- Available Actions:(1): go to bed 1, (2): go to dresser 1, (3): go to drawer 1
- Response:[BEGIN](2): go to dresser 1[END]
**Example 1:**
- Available Actions:(1): go to garbagecan 1, (2): take handtowel 1 from handtowelholder 1, (3): take faucet 1 from handtowelholder 1, (4): take handtowel 2 from handtowelholder 1
- Response:[BEGIN](2): go to dresser 1[END]

**Task Description:**
The task at hand is "put a clean soapbar in countertop". The agent must find an objectof the desired type, pick it up, go to a sink or a basin, clean the object with a sink or basin, then find the correct location to place it, and put it down there.

**Available Actions:**
(1): go to sinkbasin 1
(2): go to sink 1
(3): go to garbagecan 1
(4): go to drawer 1
(5): go to drawer 2
(6): go to sink 2
(7): go to sinkbasin 2
(8): go to toilet 1
(9): go to handtowelholder 1
(10): take faucet 2 from countertop 1
(11): take toiletpaper 1 from countertop 1
(12): examine countertop 1

**Determine the appropriate action:**
- Identify relevant objects in the image related to the task.
- Evaluate each action's potential to successfully complete the task.

**Response:**
- Let's tink step-by-step.
- (i): [BEGIN][Selected Action][END]

Original VLM Response:
- (i): [BEGIN](4): go to drawer 1[END]

> Action: go to drawer 1
Running time: 2.896883010864258 seconds

Step:--------------------------------------------------------------------------30--------------------------------------------------------------------------
VLM Prompt:
<image>
Given an image depicting a complex scene with multiple elements, your objective is to analyze the scene of the image in relation to the specified task description and choose the appropriate action from a list of available actions to accomplish the task. There are two examples.

**Example 1:**
- Available Actions:(1): go to bed 1, (2): go to dresser 1, (3): go to drawer 1
- Response:[BEGIN](2): go to dresser 1[END]
**Example 1:**
- Available Actions:(1): go to garbagecan 1, (2): take handtowel 1 from handtowelholder 1, (3): take faucet 1 from handtowelholder 1, (4): take handtowel 2 from handtowelholder 1
- Response:[BEGIN](2): go to dresser 1[END]

**Task Description:**
The task at hand is "put a clean soapbar in countertop". The agent must find an objectof the desired type, pick it up, go to a sink or a basin, clean the object with a sink or basin, then find the correct location to place it, and put it down there.

**Available Actions:**
(1): go to countertop 1
(2): go to sinkbasin 1
(3): go to sink 1
(4): go to garbagecan 1
(5): go to drawer 2
(6): go to sink 2
(7): go to sinkbasin 2
(8): go to toilet 1
(9): go to handtowelholder 1
(10): open drawer 1
(11): close drawer 1
(12): examine drawer 1

**Determine the appropriate action:**
- Identify relevant objects in the image related to the task.
- Evaluate each action's potential to successfully complete the task.

**Response:**
- Let's tink step-by-step.
- (i): [BEGIN][Selected Action][END]

Original VLM Response:
- (i): [BEGIN](5): go to drawer 2[END]

> Action: go to drawer 2
Running time: 3.7121365070343018 seconds

Step:--------------------------------------------------------------------------31--------------------------------------------------------------------------
VLM Prompt:
<image>
Given an image depicting a complex scene with multiple elements, your objective is to analyze the scene of the image in relation to the specified task description and choose the appropriate action from a list of available actions to accomplish the task. There are two examples.

**Example 1:**
- Available Actions:(1): go to bed 1, (2): go to dresser 1, (3): go to drawer 1
- Response:[BEGIN](2): go to dresser 1[END]
**Example 1:**
- Available Actions:(1): go to garbagecan 1, (2): take handtowel 1 from handtowelholder 1, (3): take faucet 1 from handtowelholder 1, (4): take handtowel 2 from handtowelholder 1
- Response:[BEGIN](2): go to dresser 1[END]

**Task Description:**
The task at hand is "put a clean soapbar in countertop". The agent must find an objectof the desired type, pick it up, go to a sink or a basin, clean the object with a sink or basin, then find the correct location to place it, and put it down there.

**Available Actions:**
(1): go to countertop 1
(2): go to sinkbasin 1
(3): go to sink 1
(4): go to garbagecan 1
(5): go to drawer 1
(6): go to sink 2
(7): go to sinkbasin 2
(8): go to toilet 1
(9): go to handtowelholder 1
(10): open drawer 2
(11): close drawer 2
(12): examine drawer 2

**Determine the appropriate action:**
- Identify relevant objects in the image related to the task.
- Evaluate each action's potential to successfully complete the task.

**Response:**
- Let's tink step-by-step.
- (i): [BEGIN][Selected Action][END]

Original VLM Response:
- (i): [BEGIN](5): go to drawer 1[END]

> Action: go to drawer 1
Running time: 7.1040120124816895 seconds

Step:--------------------------------------------------------------------------32--------------------------------------------------------------------------
VLM Prompt:
<image>
Given an image depicting a complex scene with multiple elements, your objective is to analyze the scene of the image in relation to the specified task description and choose the appropriate action from a list of available actions to accomplish the task. There are two examples.

**Example 1:**
- Available Actions:(1): go to bed 1, (2): go to dresser 1, (3): go to drawer 1
- Response:[BEGIN](2): go to dresser 1[END]
**Example 1:**
- Available Actions:(1): go to garbagecan 1, (2): take handtowel 1 from handtowelholder 1, (3): take faucet 1 from handtowelholder 1, (4): take handtowel 2 from handtowelholder 1
- Response:[BEGIN](2): go to dresser 1[END]

**Task Description:**
The task at hand is "put a clean soapbar in countertop". The agent must find an objectof the desired type, pick it up, go to a sink or a basin, clean the object with a sink or basin, then find the correct location to place it, and put it down there.

**Available Actions:**
(1): go to countertop 1
(2): go to sinkbasin 1
(3): go to sink 1
(4): go to garbagecan 1
(5): go to drawer 2
(6): go to sink 2
(7): go to sinkbasin 2
(8): go to toilet 1
(9): go to handtowelholder 1
(10): open drawer 1
(11): close drawer 1
(12): examine drawer 1

**Determine the appropriate action:**
- Identify relevant objects in the image related to the task.
- Evaluate each action's potential to successfully complete the task.

**Response:**
- Let's tink step-by-step.
- (i): [BEGIN][Selected Action][END]

Original VLM Response:
- (i): [BEGIN](1): go to countertop 1[END]

> Action: go to countertop 1
Running time: 6.3720057010650635 seconds

Step:--------------------------------------------------------------------------33--------------------------------------------------------------------------
VLM Prompt:
<image>
Given an image depicting a complex scene with multiple elements, your objective is to analyze the scene of the image in relation to the specified task description and choose the appropriate action from a list of available actions to accomplish the task. There are two examples.

**Example 1:**
- Available Actions:(1): go to bed 1, (2): go to dresser 1, (3): go to drawer 1
- Response:[BEGIN](2): go to dresser 1[END]
**Example 1:**
- Available Actions:(1): go to garbagecan 1, (2): take handtowel 1 from handtowelholder 1, (3): take faucet 1 from handtowelholder 1, (4): take handtowel 2 from handtowelholder 1
- Response:[BEGIN](2): go to dresser 1[END]

**Task Description:**
The task at hand is "put a clean soapbar in countertop". The agent must find an objectof the desired type, pick it up, go to a sink or a basin, clean the object with a sink or basin, then find the correct location to place it, and put it down there.

**Available Actions:**
(1): go to sinkbasin 1
(2): go to sink 1
(3): go to garbagecan 1
(4): go to drawer 1
(5): go to drawer 2
(6): go to sink 2
(7): go to sinkbasin 2
(8): go to toilet 1
(9): go to handtowelholder 1
(10): take faucet 2 from countertop 1
(11): take toiletpaper 1 from countertop 1
(12): examine countertop 1

**Determine the appropriate action:**
- Identify relevant objects in the image related to the task.
- Evaluate each action's potential to successfully complete the task.

**Response:**
- Let's tink step-by-step.
- (i): [BEGIN][Selected Action][END]

Original VLM Response:
- (i): [BEGIN](12): examine countertop 1[END]

> Action: examine countertop 1
Running time: 6.3620545864105225 seconds

Step:--------------------------------------------------------------------------34--------------------------------------------------------------------------
VLM Prompt:
<image>
Given an image depicting a complex scene with multiple elements, your objective is to analyze the scene of the image in relation to the specified task description and choose the appropriate action from a list of available actions to accomplish the task. There are two examples.

**Example 1:**
- Available Actions:(1): go to bed 1, (2): go to dresser 1, (3): go to drawer 1
- Response:[BEGIN](2): go to dresser 1[END]
**Example 1:**
- Available Actions:(1): go to garbagecan 1, (2): take handtowel 1 from handtowelholder 1, (3): take faucet 1 from handtowelholder 1, (4): take handtowel 2 from handtowelholder 1
- Response:[BEGIN](2): go to dresser 1[END]

**Task Description:**
The task at hand is "put a clean soapbar in countertop". The agent must find an objectof the desired type, pick it up, go to a sink or a basin, clean the object with a sink or basin, then find the correct location to place it, and put it down there.

**Available Actions:**
(1): go to sinkbasin 1
(2): go to sink 1
(3): go to garbagecan 1
(4): go to drawer 1
(5): go to drawer 2
(6): go to sink 2
(7): go to sinkbasin 2
(8): go to toilet 1
(9): go to handtowelholder 1
(10): take faucet 2 from countertop 1
(11): take toiletpaper 1 from countertop 1
(12): examine countertop 1

**Determine the appropriate action:**
- Identify relevant objects in the image related to the task.
- Evaluate each action's potential to successfully complete the task.

**Response:**
- Let's tink step-by-step.
- (i): [BEGIN][Selected Action][END]

Original VLM Response:
- (i): [BEGIN](4): go to drawer 1[END]

> Action: go to drawer 1
Running time: 3.1822774410247803 seconds

Step:--------------------------------------------------------------------------35--------------------------------------------------------------------------
VLM Prompt:
<image>
Given an image depicting a complex scene with multiple elements, your objective is to analyze the scene of the image in relation to the specified task description and choose the appropriate action from a list of available actions to accomplish the task. There are two examples.

**Example 1:**
- Available Actions:(1): go to bed 1, (2): go to dresser 1, (3): go to drawer 1
- Response:[BEGIN](2): go to dresser 1[END]
**Example 1:**
- Available Actions:(1): go to garbagecan 1, (2): take handtowel 1 from handtowelholder 1, (3): take faucet 1 from handtowelholder 1, (4): take handtowel 2 from handtowelholder 1
- Response:[BEGIN](2): go to dresser 1[END]

**Task Description:**
The task at hand is "put a clean soapbar in countertop". The agent must find an objectof the desired type, pick it up, go to a sink or a basin, clean the object with a sink or basin, then find the correct location to place it, and put it down there.

**Available Actions:**
(1): go to countertop 1
(2): go to sinkbasin 1
(3): go to sink 1
(4): go to garbagecan 1
(5): go to drawer 2
(6): go to sink 2
(7): go to sinkbasin 2
(8): go to toilet 1
(9): go to handtowelholder 1
(10): open drawer 1
(11): close drawer 1
(12): examine drawer 1

**Determine the appropriate action:**
- Identify relevant objects in the image related to the task.
- Evaluate each action's potential to successfully complete the task.

**Response:**
- Let's tink step-by-step.
- (i): [BEGIN][Selected Action][END]

Original VLM Response:
- (i): [BEGIN](5): go to drawer 2[END] - The agent needs to find a soapbar, which might be stored in a drawer.
- (ii): [BEGIN](10): open drawer 1[END] - The agent needs to open the drawer to access the soapbar.
- (iii): [BEGIN](2): go to sinkbasin 1[END] - The agent needs to clean the soapbar.
- (iv): [BEGIN](1): go to countertop 1[END] - Finally, the agent needs to place the clean soapbar on the countertop.

> Action: go to drawer 2
Running time: 7.5117785930633545 seconds

Step:--------------------------------------------------------------------------36--------------------------------------------------------------------------
VLM Prompt:
<image>
Given an image depicting a complex scene with multiple elements, your objective is to analyze the scene of the image in relation to the specified task description and choose the appropriate action from a list of available actions to accomplish the task. There are two examples.

**Example 1:**
- Available Actions:(1): go to bed 1, (2): go to dresser 1, (3): go to drawer 1
- Response:[BEGIN](2): go to dresser 1[END]
**Example 1:**
- Available Actions:(1): go to garbagecan 1, (2): take handtowel 1 from handtowelholder 1, (3): take faucet 1 from handtowelholder 1, (4): take handtowel 2 from handtowelholder 1
- Response:[BEGIN](2): go to dresser 1[END]

**Task Description:**
The task at hand is "put a clean soapbar in countertop". The agent must find an objectof the desired type, pick it up, go to a sink or a basin, clean the object with a sink or basin, then find the correct location to place it, and put it down there.

**Available Actions:**
(1): go to countertop 1
(2): go to sinkbasin 1
(3): go to sink 1
(4): go to garbagecan 1
(5): go to drawer 1
(6): go to sink 2
(7): go to sinkbasin 2
(8): go to toilet 1
(9): go to handtowelholder 1
(10): open drawer 2
(11): close drawer 2
(12): examine drawer 2

**Determine the appropriate action:**
- Identify relevant objects in the image related to the task.
- Evaluate each action's potential to successfully complete the task.

**Response:**
- Let's tink step-by-step.
- (i): [BEGIN][Selected Action][END]

Original VLM Response:
- (i): [BEGIN](5): go to drawer 1[END]

> Action: go to drawer 1
Running time: 3.825465440750122 seconds

Step:--------------------------------------------------------------------------37--------------------------------------------------------------------------
VLM Prompt:
<image>
Given an image depicting a complex scene with multiple elements, your objective is to analyze the scene of the image in relation to the specified task description and choose the appropriate action from a list of available actions to accomplish the task. There are two examples.

**Example 1:**
- Available Actions:(1): go to bed 1, (2): go to dresser 1, (3): go to drawer 1
- Response:[BEGIN](2): go to dresser 1[END]
**Example 1:**
- Available Actions:(1): go to garbagecan 1, (2): take handtowel 1 from handtowelholder 1, (3): take faucet 1 from handtowelholder 1, (4): take handtowel 2 from handtowelholder 1
- Response:[BEGIN](2): go to dresser 1[END]

**Task Description:**
The task at hand is "put a clean soapbar in countertop". The agent must find an objectof the desired type, pick it up, go to a sink or a basin, clean the object with a sink or basin, then find the correct location to place it, and put it down there.

**Available Actions:**
(1): go to countertop 1
(2): go to sinkbasin 1
(3): go to sink 1
(4): go to garbagecan 1
(5): go to drawer 2
(6): go to sink 2
(7): go to sinkbasin 2
(8): go to toilet 1
(9): go to handtowelholder 1
(10): open drawer 1
(11): close drawer 1
(12): examine drawer 1

**Determine the appropriate action:**
- Identify relevant objects in the image related to the task.
- Evaluate each action's potential to successfully complete the task.

**Response:**
- Let's tink step-by-step.
- (i): [BEGIN][Selected Action][END]

Original VLM Response:
- (i): [BEGIN](5): go to drawer 2[END]

> Action: go to drawer 2
Running time: 3.75517201423645 seconds

Step:--------------------------------------------------------------------------38--------------------------------------------------------------------------
VLM Prompt:
<image>
Given an image depicting a complex scene with multiple elements, your objective is to analyze the scene of the image in relation to the specified task description and choose the appropriate action from a list of available actions to accomplish the task. There are two examples.

**Example 1:**
- Available Actions:(1): go to bed 1, (2): go to dresser 1, (3): go to drawer 1
- Response:[BEGIN](2): go to dresser 1[END]
**Example 1:**
- Available Actions:(1): go to garbagecan 1, (2): take handtowel 1 from handtowelholder 1, (3): take faucet 1 from handtowelholder 1, (4): take handtowel 2 from handtowelholder 1
- Response:[BEGIN](2): go to dresser 1[END]

**Task Description:**
The task at hand is "put a clean soapbar in countertop". The agent must find an objectof the desired type, pick it up, go to a sink or a basin, clean the object with a sink or basin, then find the correct location to place it, and put it down there.

**Available Actions:**
(1): go to countertop 1
(2): go to sinkbasin 1
(3): go to sink 1
(4): go to garbagecan 1
(5): go to drawer 1
(6): go to sink 2
(7): go to sinkbasin 2
(8): go to toilet 1
(9): go to handtowelholder 1
(10): open drawer 2
(11): close drawer 2
(12): examine drawer 2

**Determine the appropriate action:**
- Identify relevant objects in the image related to the task.
- Evaluate each action's potential to successfully complete the task.

**Response:**
- Let's tink step-by-step.
- (i): [BEGIN][Selected Action][END]

Original VLM Response:
- (i): [BEGIN](1): go to countertop 1[END]

> Action: go to countertop 1
Running time: 5.950305938720703 seconds

Step:--------------------------------------------------------------------------39--------------------------------------------------------------------------
VLM Prompt:
<image>
Given an image depicting a complex scene with multiple elements, your objective is to analyze the scene of the image in relation to the specified task description and choose the appropriate action from a list of available actions to accomplish the task. There are two examples.

**Example 1:**
- Available Actions:(1): go to bed 1, (2): go to dresser 1, (3): go to drawer 1
- Response:[BEGIN](2): go to dresser 1[END]
**Example 1:**
- Available Actions:(1): go to garbagecan 1, (2): take handtowel 1 from handtowelholder 1, (3): take faucet 1 from handtowelholder 1, (4): take handtowel 2 from handtowelholder 1
- Response:[BEGIN](2): go to dresser 1[END]

**Task Description:**
The task at hand is "put a clean soapbar in countertop". The agent must find an objectof the desired type, pick it up, go to a sink or a basin, clean the object with a sink or basin, then find the correct location to place it, and put it down there.

**Available Actions:**
(1): go to sinkbasin 1
(2): go to sink 1
(3): go to garbagecan 1
(4): go to drawer 1
(5): go to drawer 2
(6): go to sink 2
(7): go to sinkbasin 2
(8): go to toilet 1
(9): go to handtowelholder 1
(10): take faucet 2 from countertop 1
(11): take toiletpaper 1 from countertop 1
(12): examine countertop 1

**Determine the appropriate action:**
- Identify relevant objects in the image related to the task.
- Evaluate each action's potential to successfully complete the task.

**Response:**
- Let's tink step-by-step.
- (i): [BEGIN][Selected Action][END]

Original VLM Response:
- Identify relevant objects in the image related to the task: countertop 1, sinkbasin 1, sink 1, sink 2.
- Evaluate each action's potential to successfully complete the task: To put a clean soapbar on the countertop, the agent would first need to find a soapbar. Since no soapbar is listed in the available actions, the agent should examine the countertop to see if there's already a soapbar there or a place to put one.

**Response:**
- (i): [BEGIN](12): examine countertop 1[END]

> Action: examine countertop 1
Running time: 4.811793565750122 seconds

Step:--------------------------------------------------------------------------40--------------------------------------------------------------------------
VLM Prompt:
<image>
Given an image depicting a complex scene with multiple elements, your objective is to analyze the scene of the image in relation to the specified task description and choose the appropriate action from a list of available actions to accomplish the task. There are two examples.

**Example 1:**
- Available Actions:(1): go to bed 1, (2): go to dresser 1, (3): go to drawer 1
- Response:[BEGIN](2): go to dresser 1[END]
**Example 1:**
- Available Actions:(1): go to garbagecan 1, (2): take handtowel 1 from handtowelholder 1, (3): take faucet 1 from handtowelholder 1, (4): take handtowel 2 from handtowelholder 1
- Response:[BEGIN](2): go to dresser 1[END]

**Task Description:**
The task at hand is "put a clean soapbar in countertop". The agent must find an objectof the desired type, pick it up, go to a sink or a basin, clean the object with a sink or basin, then find the correct location to place it, and put it down there.

**Available Actions:**
(1): go to sinkbasin 1
(2): go to sink 1
(3): go to garbagecan 1
(4): go to drawer 1
(5): go to drawer 2
(6): go to sink 2
(7): go to sinkbasin 2
(8): go to toilet 1
(9): go to handtowelholder 1
(10): take faucet 2 from countertop 1
(11): take toiletpaper 1 from countertop 1
(12): examine countertop 1

**Determine the appropriate action:**
- Identify relevant objects in the image related to the task.
- Evaluate each action's potential to successfully complete the task.

**Response:**
- Let's tink step-by-step.
- (i): [BEGIN][Selected Action][END]

Original VLM Response:
- (i): [BEGIN](12): examine countertop 1[END]

> Action: examine countertop 1
Running time: 3.6865580081939697 seconds

Step:--------------------------------------------------------------------------41--------------------------------------------------------------------------
VLM Prompt:
<image>
Given an image depicting a complex scene with multiple elements, your objective is to analyze the scene of the image in relation to the specified task description and choose the appropriate action from a list of available actions to accomplish the task. There are two examples.

**Example 1:**
- Available Actions:(1): go to bed 1, (2): go to dresser 1, (3): go to drawer 1
- Response:[BEGIN](2): go to dresser 1[END]
**Example 1:**
- Available Actions:(1): go to garbagecan 1, (2): take handtowel 1 from handtowelholder 1, (3): take faucet 1 from handtowelholder 1, (4): take handtowel 2 from handtowelholder 1
- Response:[BEGIN](2): go to dresser 1[END]

**Task Description:**
The task at hand is "put a clean soapbar in countertop". The agent must find an objectof the desired type, pick it up, go to a sink or a basin, clean the object with a sink or basin, then find the correct location to place it, and put it down there.

**Available Actions:**
(1): go to sinkbasin 1
(2): go to sink 1
(3): go to garbagecan 1
(4): go to drawer 1
(5): go to drawer 2
(6): go to sink 2
(7): go to sinkbasin 2
(8): go to toilet 1
(9): go to handtowelholder 1
(10): take faucet 2 from countertop 1
(11): take toiletpaper 1 from countertop 1
(12): examine countertop 1

**Determine the appropriate action:**
- Identify relevant objects in the image related to the task.
- Evaluate each action's potential to successfully complete the task.

**Response:**
- Let's tink step-by-step.
- (i): [BEGIN][Selected Action][END]

Original VLM Response:
- (i): [BEGIN](12): examine countertop 1[END]

> Action: examine countertop 1
Running time: 2.7471811771392822 seconds

Step:--------------------------------------------------------------------------42--------------------------------------------------------------------------
VLM Prompt:
<image>
Given an image depicting a complex scene with multiple elements, your objective is to analyze the scene of the image in relation to the specified task description and choose the appropriate action from a list of available actions to accomplish the task. There are two examples.

**Example 1:**
- Available Actions:(1): go to bed 1, (2): go to dresser 1, (3): go to drawer 1
- Response:[BEGIN](2): go to dresser 1[END]
**Example 1:**
- Available Actions:(1): go to garbagecan 1, (2): take handtowel 1 from handtowelholder 1, (3): take faucet 1 from handtowelholder 1, (4): take handtowel 2 from handtowelholder 1
- Response:[BEGIN](2): go to dresser 1[END]

**Task Description:**
The task at hand is "put a clean soapbar in countertop". The agent must find an objectof the desired type, pick it up, go to a sink or a basin, clean the object with a sink or basin, then find the correct location to place it, and put it down there.

**Available Actions:**
(1): go to sinkbasin 1
(2): go to sink 1
(3): go to garbagecan 1
(4): go to drawer 1
(5): go to drawer 2
(6): go to sink 2
(7): go to sinkbasin 2
(8): go to toilet 1
(9): go to handtowelholder 1
(10): take faucet 2 from countertop 1
(11): take toiletpaper 1 from countertop 1
(12): examine countertop 1

**Determine the appropriate action:**
- Identify relevant objects in the image related to the task.
- Evaluate each action's potential to successfully complete the task.

**Response:**
- Let's tink step-by-step.
- (i): [BEGIN][Selected Action][END]

Original VLM Response:
- (i): [BEGIN](12): examine countertop 1[END]

> Action: examine countertop 1
Running time: 2.706393241882324 seconds

Step:--------------------------------------------------------------------------43--------------------------------------------------------------------------
VLM Prompt:
<image>
Given an image depicting a complex scene with multiple elements, your objective is to analyze the scene of the image in relation to the specified task description and choose the appropriate action from a list of available actions to accomplish the task. There are two examples.

**Example 1:**
- Available Actions:(1): go to bed 1, (2): go to dresser 1, (3): go to drawer 1
- Response:[BEGIN](2): go to dresser 1[END]
**Example 1:**
- Available Actions:(1): go to garbagecan 1, (2): take handtowel 1 from handtowelholder 1, (3): take faucet 1 from handtowelholder 1, (4): take handtowel 2 from handtowelholder 1
- Response:[BEGIN](2): go to dresser 1[END]

**Task Description:**
The task at hand is "put a clean soapbar in countertop". The agent must find an objectof the desired type, pick it up, go to a sink or a basin, clean the object with a sink or basin, then find the correct location to place it, and put it down there.

**Available Actions:**
(1): go to sinkbasin 1
(2): go to sink 1
(3): go to garbagecan 1
(4): go to drawer 1
(5): go to drawer 2
(6): go to sink 2
(7): go to sinkbasin 2
(8): go to toilet 1
(9): go to handtowelholder 1
(10): take faucet 2 from countertop 1
(11): take toiletpaper 1 from countertop 1
(12): examine countertop 1

**Determine the appropriate action:**
- Identify relevant objects in the image related to the task.
- Evaluate each action's potential to successfully complete the task.

**Response:**
- Let's tink step-by-step.
- (i): [BEGIN][Selected Action][END]

Original VLM Response:
- (i): [BEGIN](12): examine countertop 1[END]

> Action: examine countertop 1
Running time: 2.890766143798828 seconds

Step:--------------------------------------------------------------------------44--------------------------------------------------------------------------
VLM Prompt:
<image>
Given an image depicting a complex scene with multiple elements, your objective is to analyze the scene of the image in relation to the specified task description and choose the appropriate action from a list of available actions to accomplish the task. There are two examples.

**Example 1:**
- Available Actions:(1): go to bed 1, (2): go to dresser 1, (3): go to drawer 1
- Response:[BEGIN](2): go to dresser 1[END]
**Example 1:**
- Available Actions:(1): go to garbagecan 1, (2): take handtowel 1 from handtowelholder 1, (3): take faucet 1 from handtowelholder 1, (4): take handtowel 2 from handtowelholder 1
- Response:[BEGIN](2): go to dresser 1[END]

**Task Description:**
The task at hand is "put a clean soapbar in countertop". The agent must find an objectof the desired type, pick it up, go to a sink or a basin, clean the object with a sink or basin, then find the correct location to place it, and put it down there.

**Available Actions:**
(1): go to sinkbasin 1
(2): go to sink 1
(3): go to garbagecan 1
(4): go to drawer 1
(5): go to drawer 2
(6): go to sink 2
(7): go to sinkbasin 2
(8): go to toilet 1
(9): go to handtowelholder 1
(10): take faucet 2 from countertop 1
(11): take toiletpaper 1 from countertop 1
(12): examine countertop 1

**Determine the appropriate action:**
- Identify relevant objects in the image related to the task.
- Evaluate each action's potential to successfully complete the task.

**Response:**
- Let's tink step-by-step.
- (i): [BEGIN][Selected Action][END]

Original VLM Response:
- (i): [BEGIN](12): examine countertop 1[END]

> Action: examine countertop 1
Running time: 2.6700942516326904 seconds

Step:--------------------------------------------------------------------------45--------------------------------------------------------------------------
VLM Prompt:
<image>
Given an image depicting a complex scene with multiple elements, your objective is to analyze the scene of the image in relation to the specified task description and choose the appropriate action from a list of available actions to accomplish the task. There are two examples.

**Example 1:**
- Available Actions:(1): go to bed 1, (2): go to dresser 1, (3): go to drawer 1
- Response:[BEGIN](2): go to dresser 1[END]
**Example 1:**
- Available Actions:(1): go to garbagecan 1, (2): take handtowel 1 from handtowelholder 1, (3): take faucet 1 from handtowelholder 1, (4): take handtowel 2 from handtowelholder 1
- Response:[BEGIN](2): go to dresser 1[END]

**Task Description:**
The task at hand is "put a clean soapbar in countertop". The agent must find an objectof the desired type, pick it up, go to a sink or a basin, clean the object with a sink or basin, then find the correct location to place it, and put it down there.

**Available Actions:**
(1): go to sinkbasin 1
(2): go to sink 1
(3): go to garbagecan 1
(4): go to drawer 1
(5): go to drawer 2
(6): go to sink 2
(7): go to sinkbasin 2
(8): go to toilet 1
(9): go to handtowelholder 1
(10): take faucet 2 from countertop 1
(11): take toiletpaper 1 from countertop 1
(12): examine countertop 1

**Determine the appropriate action:**
- Identify relevant objects in the image related to the task.
- Evaluate each action's potential to successfully complete the task.

**Response:**
- Let's tink step-by-step.
- (i): [BEGIN][Selected Action][END]

Original VLM Response:
- (i): [BEGIN](4): go to drawer 1[END]

> Action: go to drawer 1
Running time: 5.752483367919922 seconds

Step:--------------------------------------------------------------------------46--------------------------------------------------------------------------
VLM Prompt:
<image>
Given an image depicting a complex scene with multiple elements, your objective is to analyze the scene of the image in relation to the specified task description and choose the appropriate action from a list of available actions to accomplish the task. There are two examples.

**Example 1:**
- Available Actions:(1): go to bed 1, (2): go to dresser 1, (3): go to drawer 1
- Response:[BEGIN](2): go to dresser 1[END]
**Example 1:**
- Available Actions:(1): go to garbagecan 1, (2): take handtowel 1 from handtowelholder 1, (3): take faucet 1 from handtowelholder 1, (4): take handtowel 2 from handtowelholder 1
- Response:[BEGIN](2): go to dresser 1[END]

**Task Description:**
The task at hand is "put a clean soapbar in countertop". The agent must find an objectof the desired type, pick it up, go to a sink or a basin, clean the object with a sink or basin, then find the correct location to place it, and put it down there.

**Available Actions:**
(1): go to countertop 1
(2): go to sinkbasin 1
(3): go to sink 1
(4): go to garbagecan 1
(5): go to drawer 2
(6): go to sink 2
(7): go to sinkbasin 2
(8): go to toilet 1
(9): go to handtowelholder 1
(10): open drawer 1
(11): close drawer 1
(12): examine drawer 1

**Determine the appropriate action:**
- Identify relevant objects in the image related to the task.
- Evaluate each action's potential to successfully complete the task.

**Response:**
- Let's tink step-by-step.
- (i): [BEGIN][Selected Action][END]

Original VLM Response:
- (i): [BEGIN](10): open drawer 1[END]

> Action: open drawer 1
Running time: 9.450034856796265 seconds

Step:--------------------------------------------------------------------------47--------------------------------------------------------------------------
VLM Prompt:
<image>
Given an image depicting a complex scene with multiple elements, your objective is to analyze the scene of the image in relation to the specified task description and choose the appropriate action from a list of available actions to accomplish the task. There are two examples.

**Example 1:**
- Available Actions:(1): go to bed 1, (2): go to dresser 1, (3): go to drawer 1
- Response:[BEGIN](2): go to dresser 1[END]
**Example 1:**
- Available Actions:(1): go to garbagecan 1, (2): take handtowel 1 from handtowelholder 1, (3): take faucet 1 from handtowelholder 1, (4): take handtowel 2 from handtowelholder 1
- Response:[BEGIN](2): go to dresser 1[END]

**Task Description:**
The task at hand is "put a clean soapbar in countertop". The agent must find an objectof the desired type, pick it up, go to a sink or a basin, clean the object with a sink or basin, then find the correct location to place it, and put it down there.

**Available Actions:**
(1): go to countertop 1
(2): go to sinkbasin 1
(3): go to sink 1
(4): go to garbagecan 1
(5): go to drawer 2
(6): go to sink 2
(7): go to sinkbasin 2
(8): go to toilet 1
(9): go to handtowelholder 1
(10): open drawer 1
(11): close drawer 1
(12): take faucet 1 from drawer 1
(13): take faucet 2 from drawer 1
(14): take soapbottle 1 from drawer 1
(15): take soapbottle 2 from drawer 1
(16): take spraybottle 1 from drawer 1
(17): take candle 1 from drawer 1
(18): take spraybottle 2 from drawer 1
(19): take toiletpaper 1 from drawer 1
(20): examine drawer 1

**Determine the appropriate action:**
- Identify relevant objects in the image related to the task.
- Evaluate each action's potential to successfully complete the task.

**Response:**
- Let's tink step-by-step.
- (i): [BEGIN][Selected Action][END]

Original VLM Response:
(i): [BEGIN](10): open drawer 1[END]

> Action: open drawer 1
Running time: 8.703630208969116 seconds

Step:--------------------------------------------------------------------------48--------------------------------------------------------------------------
VLM Prompt:
<image>
Given an image depicting a complex scene with multiple elements, your objective is to analyze the scene of the image in relation to the specified task description and choose the appropriate action from a list of available actions to accomplish the task. There are two examples.

**Example 1:**
- Available Actions:(1): go to bed 1, (2): go to dresser 1, (3): go to drawer 1
- Response:[BEGIN](2): go to dresser 1[END]
**Example 1:**
- Available Actions:(1): go to garbagecan 1, (2): take handtowel 1 from handtowelholder 1, (3): take faucet 1 from handtowelholder 1, (4): take handtowel 2 from handtowelholder 1
- Response:[BEGIN](2): go to dresser 1[END]

**Task Description:**
The task at hand is "put a clean soapbar in countertop". The agent must find an objectof the desired type, pick it up, go to a sink or a basin, clean the object with a sink or basin, then find the correct location to place it, and put it down there.

**Available Actions:**
(1): go to countertop 1
(2): go to sinkbasin 1
(3): go to sink 1
(4): go to garbagecan 1
(5): go to drawer 2
(6): go to sink 2
(7): go to sinkbasin 2
(8): go to toilet 1
(9): go to handtowelholder 1
(10): open drawer 1
(11): close drawer 1
(12): take faucet 1 from drawer 1
(13): take faucet 2 from drawer 1
(14): take soapbottle 1 from drawer 1
(15): take soapbottle 2 from drawer 1
(16): take spraybottle 1 from drawer 1
(17): take candle 1 from drawer 1
(18): take spraybottle 2 from drawer 1
(19): take toiletpaper 1 from drawer 1
(20): examine drawer 1

**Determine the appropriate action:**
- Identify relevant objects in the image related to the task.
- Evaluate each action's potential to successfully complete the task.

**Response:**
- Let's tink step-by-step.
- (i): [BEGIN][Selected Action][END]

Original VLM Response:
(i): [BEGIN](10): open drawer 1[END]

> Action: open drawer 1
Running time: 3.168757677078247 seconds

Step:--------------------------------------------------------------------------49--------------------------------------------------------------------------
VLM Prompt:
<image>
Given an image depicting a complex scene with multiple elements, your objective is to analyze the scene of the image in relation to the specified task description and choose the appropriate action from a list of available actions to accomplish the task. There are two examples.

**Example 1:**
- Available Actions:(1): go to bed 1, (2): go to dresser 1, (3): go to drawer 1
- Response:[BEGIN](2): go to dresser 1[END]
**Example 1:**
- Available Actions:(1): go to garbagecan 1, (2): take handtowel 1 from handtowelholder 1, (3): take faucet 1 from handtowelholder 1, (4): take handtowel 2 from handtowelholder 1
- Response:[BEGIN](2): go to dresser 1[END]

**Task Description:**
The task at hand is "put a clean soapbar in countertop". The agent must find an objectof the desired type, pick it up, go to a sink or a basin, clean the object with a sink or basin, then find the correct location to place it, and put it down there.

**Available Actions:**
(1): go to countertop 1
(2): go to sinkbasin 1
(3): go to sink 1
(4): go to garbagecan 1
(5): go to drawer 2
(6): go to sink 2
(7): go to sinkbasin 2
(8): go to toilet 1
(9): go to handtowelholder 1
(10): open drawer 1
(11): close drawer 1
(12): take faucet 1 from drawer 1
(13): take faucet 2 from drawer 1
(14): take soapbottle 1 from drawer 1
(15): take soapbottle 2 from drawer 1
(16): take spraybottle 1 from drawer 1
(17): take candle 1 from drawer 1
(18): take spraybottle 2 from drawer 1
(19): take toiletpaper 1 from drawer 1
(20): examine drawer 1

**Determine the appropriate action:**
- Identify relevant objects in the image related to the task.
- Evaluate each action's potential to successfully complete the task.

**Response:**
- Let's tink step-by-step.
- (i): [BEGIN][Selected Action][END]

Original VLM Response:
- (i): [BEGIN](10): open drawer 1[END]

> Action: open drawer 1
Running time: 3.5091357231140137 seconds

Step:--------------------------------------------------------------------------50--------------------------------------------------------------------------
VLM Prompt:
<image>
Given an image depicting a complex scene with multiple elements, your objective is to analyze the scene of the image in relation to the specified task description and choose the appropriate action from a list of available actions to accomplish the task. There are two examples.

**Example 1:**
- Available Actions:(1): go to bed 1, (2): go to dresser 1, (3): go to drawer 1
- Response:[BEGIN](2): go to dresser 1[END]
**Example 1:**
- Available Actions:(1): go to garbagecan 1, (2): take handtowel 1 from handtowelholder 1, (3): take faucet 1 from handtowelholder 1, (4): take handtowel 2 from handtowelholder 1
- Response:[BEGIN](2): go to dresser 1[END]

**Task Description:**
The task at hand is "put a clean soapbar in countertop". The agent must find an objectof the desired type, pick it up, go to a sink or a basin, clean the object with a sink or basin, then find the correct location to place it, and put it down there.

**Available Actions:**
(1): go to countertop 1
(2): go to sinkbasin 1
(3): go to sink 1
(4): go to garbagecan 1
(5): go to drawer 2
(6): go to sink 2
(7): go to sinkbasin 2
(8): go to toilet 1
(9): go to handtowelholder 1
(10): open drawer 1
(11): close drawer 1
(12): take faucet 1 from drawer 1
(13): take faucet 2 from drawer 1
(14): take soapbottle 1 from drawer 1
(15): take soapbottle 2 from drawer 1
(16): take spraybottle 1 from drawer 1
(17): take candle 1 from drawer 1
(18): take spraybottle 2 from drawer 1
(19): take toiletpaper 1 from drawer 1
(20): examine drawer 1

**Determine the appropriate action:**
- Identify relevant objects in the image related to the task.
- Evaluate each action's potential to successfully complete the task.

**Response:**
- Let's tink step-by-step.
- (i): [BEGIN][Selected Action][END]

Original VLM Response:
- (i): [BEGIN](10): open drawer 1[END]

> Action: open drawer 1
Running time: 2.7759368419647217 seconds

UNSUCCEED
