---------------------------------------------------------Scene: 24---------------------------------------------------------
--------------------------------------------------------------------------------------------------------------------------------------------------------------------
--------------------------------------------------------------------------------------------------------------------------------------------------------------------
Step:--------------------------------------------------------------------------1--------------------------------------------------------------------------
VLM Prompt:
<image>
**Objective:** Achieve "put a soapbottle in garbagecan". There is a hint about the given task. The agent must find an object of the desired type, pick it up, find the correct location to place it, and put it down there. Remember that you must reach your destination before picking and puting..

**Visual Context:** Given the image, closely examine all elements within to gather clues and insights relevant to the objective. Consider how the arrangement, interactions, and details of the scene relate to the task at hand.

**Reflective Thought:**
Nothing. 

**Admissible Actions List:**
(1): go to bathtub 1
(2): go to bathtubbasin 1
(3): go to cabinet 1
(4): go to cabinet 2
(5): go to countertop 1
(6): go to cabinet 3
(7): go to sink 1
(8): go to sink 2
(9): go to cabinet 4
(10): go to sinkbasin 1
(11): go to sinkbasin 2
(12): go to garbagecan 1
(13): go to toilet 1
(14): go to toiletpaperhanger 1

**Output Examples:**
*Example 1*:
- Admissible Actions:(1): go to bed 1, (2): go to dresser 1, (3): go to drawer 1
- Response:[BEGIN](2): go to dresser 1[END]
*Example 2*:
- Admissible Actions:(1): go to garbagecan 1, (2): take handtowel 1 from handtowelholder 1, (3): take faucet 1 from handtowelholder 1, (4): take handtowel 2 from handtowelholder 1
- Response:[BEGIN](2): take handtowel 1 from handtowelholder 1[END]

**Response:**
- Choose an action from the admissible actions list directly contributing to the task objective based on the reflective thought and the visual context, are the form: [BEGIN](i): [Selected Action][END]

Original VLM Response:
[BEGIN](12): go to garbagecan 1[END]

> Action: go to garbagecan 1
Running time: 3.4000697135925293 seconds

Current Attempts Reflect Prompt:
Current Attempt 1:
<image>
- Action Taken: go to garbagecan 1
- Resulting Observation: You arrive at loc 11. On the garbagecan 1, you see a towel 1, a faucet 1, a cloth 1, and a faucet 2.
Interact with a household to solve a task. At begining, you are in the middle of a room. looking quickly around you, you see a bathtub 1, a bathtubbasin 1, a cabinet 1, a cabinet 2, a countertop 1, a cabinet 3, a sink 1, a sink 2, a cabinet 4, a sinkbasin 1, a sinkbasin 2, a garbagecan 1, a toilet 1, and a toiletpaperhanger 1. You have 1 sets of current tried attempts, and each attempt consists of an action, an image of the action after it happened, and a resulting observation.

**You also have the summary of previously tried attempts:** 
No the summary of previously tried attempts.

**For the task: 'put a soapbottle in garbagecan', you need to do**:
a. Analyze the impact of each current tried attempt including the image, resulting observation, and taken action on the task.
b. Combine the summary of previously tried attempts and the analysis of currently tried attempts to give a suggestion of the next step to complete the task.

**Response**: 
Let's think step-by-step.

Current Attempts Reflect:
a. The current attempt involved going to the garbagecan 1. The resulting observation indicates that there are several items on the garbagecan 1, but a soapbottle is not mentioned among them. Therefore, the action taken has not directly contributed to the completion of the task of putting a soapbottle in the garbagecan.
b. Since there is no summary of previously tried attempts, we only have the current attempt to analyze. Based on the observation, the next step should be to locate a soapbottle within the room. Once the soapbottle is found, the next action should be to pick it up and then place it in the garbagecan 1 to complete the task. If the soapbottle is not in the room, it may be necessary to search for it in adjacent rooms or areas.
Current Attempts Reflect Running time: 8.223811388015747 seconds

Step:--------------------------------------------------------------------------2--------------------------------------------------------------------------
VLM Prompt:
<image>
**Objective:** Achieve "put a soapbottle in garbagecan". There is a hint about the given task. The agent must find an object of the desired type, pick it up, find the correct location to place it, and put it down there. Remember that you must reach your destination before picking and puting..

**Visual Context:** Given the image, closely examine all elements within to gather clues and insights relevant to the objective. Consider how the arrangement, interactions, and details of the scene relate to the task at hand.

**Reflective Thought:**
a. The current attempt involved going to the garbagecan 1. The resulting observation indicates that there are several items on the garbagecan 1, but a soapbottle is not mentioned among them. Therefore, the action taken has not directly contributed to the completion of the task of putting a soapbottle in the garbagecan.
b. Since there is no summary of previously tried attempts, we only have the current attempt to analyze. Based on the observation, the next step should be to locate a soapbottle within the room. Once the soapbottle is found, the next action should be to pick it up and then place it in the garbagecan 1 to complete the task. If the soapbottle is not in the room, it may be necessary to search for it in adjacent rooms or areas.. 

**Admissible Actions List:**
(1): go to bathtub 1
(2): go to bathtubbasin 1
(3): go to cabinet 1
(4): go to cabinet 2
(5): go to countertop 1
(6): go to cabinet 3
(7): go to sink 1
(8): go to sink 2
(9): go to cabinet 4
(10): go to sinkbasin 1
(11): go to sinkbasin 2
(12): go to toilet 1
(13): go to toiletpaperhanger 1
(14): take towel 1 from garbagecan 1
(15): take faucet 1 from garbagecan 1
(16): take cloth 1 from garbagecan 1
(17): take faucet 2 from garbagecan 1
(18): examine garbagecan 1

**Output Examples:**
*Example 1*:
- Admissible Actions:(1): go to bed 1, (2): go to dresser 1, (3): go to drawer 1
- Response:[BEGIN](2): go to dresser 1[END]
*Example 2*:
- Admissible Actions:(1): go to garbagecan 1, (2): take handtowel 1 from handtowelholder 1, (3): take faucet 1 from handtowelholder 1, (4): take handtowel 2 from handtowelholder 1
- Response:[BEGIN](2): take handtowel 1 from handtowelholder 1[END]

**Response:**
- Choose an action from the admissible actions list directly contributing to the task objective based on the reflective thought and the visual context, are the form: [BEGIN](i): [Selected Action][END]

Original VLM Response:
- Response:[BEGIN](3): go to cabinet 1[END]

> Action: go to cabinet 1
Running time: 2.7259469032287598 seconds

Current Attempts Reflect Prompt:
Current Attempt 1:
<image>
- Action Taken: go to garbagecan 1
- Resulting Observation: You arrive at loc 11. On the garbagecan 1, you see a towel 1, a faucet 1, a cloth 1, and a faucet 2.
Current Attempt 2:
<image>
- Action Taken: go to cabinet 1
- Resulting Observation: You arrive at loc 2. The cabinet 1 is closed. 
Interact with a household to solve a task. At begining, you are in the middle of a room. looking quickly around you, you see a bathtub 1, a bathtubbasin 1, a cabinet 1, a cabinet 2, a countertop 1, a cabinet 3, a sink 1, a sink 2, a cabinet 4, a sinkbasin 1, a sinkbasin 2, a garbagecan 1, a toilet 1, and a toiletpaperhanger 1. You have 2 sets of current tried attempts, and each attempt consists of an action, an image of the action after it happened, and a resulting observation.

**You also have the summary of previously tried attempts:** 
No the summary of previously tried attempts.

**For the task: 'put a soapbottle in garbagecan', you need to do**:
a. Analyze the impact of each current tried attempt including the image, resulting observation, and taken action on the task.
b. Combine the summary of previously tried attempts and the analysis of currently tried attempts to give a suggestion of the next step to complete the task.

**Response**: 
Let's think step-by-step.

Current Attempts Reflect:
a. Analyzing the impact of each current tried attempt:
Attempt 1:
- Action Taken: go to garbagecan 1
- Resulting Observation: You arrive at loc 11. On the garbagecan 1, you see a towel 1, a faucet 1, a cloth 1, and a faucet 2.
- Impact on the task: This action brought you to the garbagecan, which is the target location for placing the soapbottle. However, no interaction with the soapbottle or an attempt to pick it up has been made yet.
Attempt 2:
- Action Taken: go to cabinet 1
- Resulting Observation: You arrive at loc 2. The cabinet 1 is closed.
- Impact on the task: This action did not contribute to the task as it involved moving to the cabinet, which does not contain the soapbottle and is not the target location for the task.
b. Suggestion for the next step:
- Since the task is to 'put a soapbottle in garbagecan', the next step should involve finding and picking up the soapbottle. From the current observations, we know that there is a soapbottle 1 located on the countertop between sink 1 and sink 2. The soapbottle is not in your possession yet, so the next action should be to go to the soapbottle 1, pick it up, and then go back to the garbagecan 1 to place the soapbottle inside it.
Current Attempts Reflect Running time: 12.206919431686401 seconds

Step:--------------------------------------------------------------------------3--------------------------------------------------------------------------
VLM Prompt:
<image>
**Objective:** Achieve "put a soapbottle in garbagecan". There is a hint about the given task. The agent must find an object of the desired type, pick it up, find the correct location to place it, and put it down there. Remember that you must reach your destination before picking and puting..

**Visual Context:** Given the image, closely examine all elements within to gather clues and insights relevant to the objective. Consider how the arrangement, interactions, and details of the scene relate to the task at hand.

**Reflective Thought:**
a. Analyzing the impact of each current tried attempt:
Attempt 1:
- Action Taken: go to garbagecan 1
- Resulting Observation: You arrive at loc 11. On the garbagecan 1, you see a towel 1, a faucet 1, a cloth 1, and a faucet 2.
- Impact on the task: This action brought you to the garbagecan, which is the target location for placing the soapbottle. However, no interaction with the soapbottle or an attempt to pick it up has been made yet.
Attempt 2:
- Action Taken: go to cabinet 1
- Resulting Observation: You arrive at loc 2. The cabinet 1 is closed.
- Impact on the task: This action did not contribute to the task as it involved moving to the cabinet, which does not contain the soapbottle and is not the target location for the task.
b. Suggestion for the next step:
- Since the task is to 'put a soapbottle in garbagecan', the next step should involve finding and picking up the soapbottle. From the current observations, we know that there is a soapbottle 1 located on the countertop between sink 1 and sink 2. The soapbottle is not in your possession yet, so the next action should be to go to the soapbottle 1, pick it up, and then go back to the garbagecan 1 to place the soapbottle inside it.. 

**Admissible Actions List:**
(1): go to bathtub 1
(2): go to bathtubbasin 1
(3): go to cabinet 2
(4): go to countertop 1
(5): go to cabinet 3
(6): go to sink 1
(7): go to sink 2
(8): go to cabinet 4
(9): go to sinkbasin 1
(10): go to sinkbasin 2
(11): go to garbagecan 1
(12): go to toilet 1
(13): go to toiletpaperhanger 1
(14): open cabinet 1
(15): close cabinet 1
(16): examine cabinet 1

**Output Examples:**
*Example 1*:
- Admissible Actions:(1): go to bed 1, (2): go to dresser 1, (3): go to drawer 1
- Response:[BEGIN](2): go to dresser 1[END]
*Example 2*:
- Admissible Actions:(1): go to garbagecan 1, (2): take handtowel 1 from handtowelholder 1, (3): take faucet 1 from handtowelholder 1, (4): take handtowel 2 from handtowelholder 1
- Response:[BEGIN](2): take handtowel 1 from handtowelholder 1[END]

**Response:**
- Choose an action from the admissible actions list directly contributing to the task objective based on the reflective thought and the visual context, are the form: [BEGIN](i): [Selected Action][END]

Original VLM Response:
- Response: [BEGIN](6): go to sink 1[END]

> Action: go to sink 1
Running time: 6.203924894332886 seconds

Current Attempts Reflect Prompt:
Current Attempt 1:
<image>
- Action Taken: go to garbagecan 1
- Resulting Observation: You arrive at loc 11. On the garbagecan 1, you see a towel 1, a faucet 1, a cloth 1, and a faucet 2.
Current Attempt 2:
<image>
- Action Taken: go to cabinet 1
- Resulting Observation: You arrive at loc 2. The cabinet 1 is closed. 
Current Attempt 3:
<image>
- Action Taken: go to sink 1
- Resulting Observation: You arrive at loc 6. On the sink 1, you see a cloth 1, a faucet 1, and a soapbottle 1.
Interact with a household to solve a task. At begining, you are in the middle of a room. looking quickly around you, you see a bathtub 1, a bathtubbasin 1, a cabinet 1, a cabinet 2, a countertop 1, a cabinet 3, a sink 1, a sink 2, a cabinet 4, a sinkbasin 1, a sinkbasin 2, a garbagecan 1, a toilet 1, and a toiletpaperhanger 1. You have 3 sets of current tried attempts, and each attempt consists of an action, an image of the action after it happened, and a resulting observation.

**You also have the summary of previously tried attempts:** 
No the summary of previously tried attempts.

**For the task: 'put a soapbottle in garbagecan', you need to do**:
a. Analyze the impact of each current tried attempt including the image, resulting observation, and taken action on the task.
b. Combine the summary of previously tried attempts and the analysis of currently tried attempts to give a suggestion of the next step to complete the task.

**Response**: 
Let's think step-by-step.

Current Attempts Reflect:
a. Analysis of current attempts:
- Attempt 1: The action taken was to go to the garbagecan 1. The observation reveals that there are several items on the garbagecan 1, but none of them is a soapbottle. This attempt does not directly contribute to the task of putting a soapbottle in the garbagecan.
- Attempt 2: The action taken was to go to cabinet 1. The observation indicates that the cabinet is closed. This attempt does not help with the task as no interaction with the soapbottle or the garbagecan occurred.
- Attempt 3: The action taken was to go to sink 1. The observation shows that there is a soapbottle 1 on the sink 1. This attempt is significant as it identifies the location of a soapbottle, which is necessary for the task.
b. Suggestion for the next step:
Based on the current attempts, the next logical step to complete the task 'put a soapbottle in garbagecan' would be to take the soapbottle 1 from sink 1, as identified in Attempt 3, and then proceed to place it in the garbagecan 1. This action would directly fulfill the task requirement.
Current Attempts Reflect Running time: 9.994089126586914 seconds


**Earlier Memory Attempt Prompt:**
Earlier Attempts 1:
a. Analysis of current attempts:
- Attempt 1: The action taken was to go to the garbagecan 1. The observation reveals that there are several items on the garbagecan 1, but none of them is a soapbottle. This attempt does not directly contribute to the task of putting a soapbottle in the garbagecan.
- Attempt 2: The action taken was to go to cabinet 1. The observation indicates that the cabinet is closed. This attempt does not help with the task as no interaction with the soapbottle or the garbagecan occurred.
- Attempt 3: The action taken was to go to sink 1. The observation shows that there is a soapbottle 1 on the sink 1. This attempt is significant as it identifies the location of a soapbottle, which is necessary for the task.
b. Suggestion for the next step:
Based on the current attempts, the next logical step to complete the task 'put a soapbottle in garbagecan' would be to take the soapbottle 1 from sink 1, as identified in Attempt 3, and then proceed to place it in the garbagecan 1. This action would directly fulfill the task requirement.



Earlier Memory Attempt:
In the initial attempts, three actions were taken involving different instance objects. The first attempt involved going to garbagecan 1, but it did not yield any soapbottle, thus not contributing to the task. The second action was directed towards cabinet 1, which was found closed and did not aid the task as it involved no interaction with the soapbottle or garbagecan. The third attempt was significant as it involved going to sink 1, where soapbottle 1 was located. This discovery is crucial for the task of putting a soapbottle in the garbagecan. Considering these outcomes, the next strategic action suggested involves taking soapbottle 1 from sink 1 and placing it in garbagecan 1, thus directly fulfilling the task requirement.
Earlier Memory Attempt Running time: 8.343099355697632 seconds

Step:--------------------------------------------------------------------------4--------------------------------------------------------------------------
VLM Prompt:
<image>
**Objective:** Achieve "put a soapbottle in garbagecan". There is a hint about the given task. The agent must find an object of the desired type, pick it up, find the correct location to place it, and put it down there. Remember that you must reach your destination before picking and puting..

**Visual Context:** Given the image, closely examine all elements within to gather clues and insights relevant to the objective. Consider how the arrangement, interactions, and details of the scene relate to the task at hand.

**Reflective Thought:**
a. Analysis of current attempts:
- Attempt 1: The action taken was to go to the garbagecan 1. The observation reveals that there are several items on the garbagecan 1, but none of them is a soapbottle. This attempt does not directly contribute to the task of putting a soapbottle in the garbagecan.
- Attempt 2: The action taken was to go to cabinet 1. The observation indicates that the cabinet is closed. This attempt does not help with the task as no interaction with the soapbottle or the garbagecan occurred.
- Attempt 3: The action taken was to go to sink 1. The observation shows that there is a soapbottle 1 on the sink 1. This attempt is significant as it identifies the location of a soapbottle, which is necessary for the task.
b. Suggestion for the next step:
Based on the current attempts, the next logical step to complete the task 'put a soapbottle in garbagecan' would be to take the soapbottle 1 from sink 1, as identified in Attempt 3, and then proceed to place it in the garbagecan 1. This action would directly fulfill the task requirement.. 

**Admissible Actions List:**
(1): go to bathtub 1
(2): go to bathtubbasin 1
(3): go to cabinet 1
(4): go to cabinet 2
(5): go to countertop 1
(6): go to cabinet 3
(7): go to sink 2
(8): go to cabinet 4
(9): go to sinkbasin 1
(10): go to sinkbasin 2
(11): go to garbagecan 1
(12): go to toilet 1
(13): go to toiletpaperhanger 1
(14): take cloth 1 from sink 1
(15): take faucet 1 from sink 1
(16): take soapbottle 1 from sink 1
(17): examine sink 1

**Output Examples:**
*Example 1*:
- Admissible Actions:(1): go to bed 1, (2): go to dresser 1, (3): go to drawer 1
- Response:[BEGIN](2): go to dresser 1[END]
*Example 2*:
- Admissible Actions:(1): go to garbagecan 1, (2): take handtowel 1 from handtowelholder 1, (3): take faucet 1 from handtowelholder 1, (4): take handtowel 2 from handtowelholder 1
- Response:[BEGIN](2): take handtowel 1 from handtowelholder 1[END]

**Response:**
- Choose an action from the admissible actions list directly contributing to the task objective based on the reflective thought and the visual context, are the form: [BEGIN](i): [Selected Action][END]

Original VLM Response:
[BEGIN](16): take soapbottle 1 from sink 1[END]

> Action: take soapbottle 1 from sink 1
Running time: 2.8634915351867676 seconds

Current Attempts Reflect Prompt:
Current Attempt 1:
<image>
- Action Taken: go to cabinet 1
- Resulting Observation: You arrive at loc 2. The cabinet 1 is closed. 
Current Attempt 2:
<image>
- Action Taken: go to sink 1
- Resulting Observation: You arrive at loc 6. On the sink 1, you see a cloth 1, a faucet 1, and a soapbottle 1.
Current Attempt 3:
<image>
- Action Taken: take soapbottle 1 from sink 1
- Resulting Observation: You pick up the soapbottle 1 from the sink 1.
Interact with a household to solve a task. At begining, you are in the middle of a room. looking quickly around you, you see a bathtub 1, a bathtubbasin 1, a cabinet 1, a cabinet 2, a countertop 1, a cabinet 3, a sink 1, a sink 2, a cabinet 4, a sinkbasin 1, a sinkbasin 2, a garbagecan 1, a toilet 1, and a toiletpaperhanger 1. You have 3 sets of current tried attempts, and each attempt consists of an action, an image of the action after it happened, and a resulting observation.

**You also have the summary of previously tried attempts:** 
In the initial attempts, three actions were taken involving different instance objects. The first attempt involved going to garbagecan 1, but it did not yield any soapbottle, thus not contributing to the task. The second action was directed towards cabinet 1, which was found closed and did not aid the task as it involved no interaction with the soapbottle or garbagecan. The third attempt was significant as it involved going to sink 1, where soapbottle 1 was located. This discovery is crucial for the task of putting a soapbottle in the garbagecan. Considering these outcomes, the next strategic action suggested involves taking soapbottle 1 from sink 1 and placing it in garbagecan 1, thus directly fulfilling the task requirement.

**For the task: 'put a soapbottle in garbagecan', you need to do**:
a. Analyze the impact of each current tried attempt including the image, resulting observation, and taken action on the task.
b. Combine the summary of previously tried attempts and the analysis of currently tried attempts to give a suggestion of the next step to complete the task.

**Response**: 
Let's think step-by-step.

Current Attempts Reflect:
a. Analysis of Current Attempts:
- Attempt 1: The action taken was going to cabinet 1, which resulted in the observation that cabinet 1 is closed. This action does not directly contribute to the task as it did not involve interaction with a soapbottle or garbagecan.
- Attempt 2: The action taken was going to sink 1, which resulted in the observation of a soapbottle, among other items, being present on the sink. This attempt is crucial as it locates a soapbottle, which is needed for the task.
- Attempt 3: The action taken was picking up the soapbottle from sink 1. This action is significant as it now gives the agent possession of the soapbottle, which is necessary for completing the task.
b. Suggestion for Next Step:
Combining the summary of previously tried attempts with the analysis of current attempts, the next logical step to complete the task would be to go to the garbagecan 1 and put the soapbottle in it. Since the agent now has the soapbottle in possession, it can directly interact with the garbagecan to complete the task. Therefore, the suggested action is:
- Action Taken: put soapbottle 1 in garbagecan 1
- Expected Resulting Observation: The soapbottle will be successfully placed in the garbagecan, thus completing the task.
Current Attempts Reflect Running time: 13.013425827026367 seconds

Step:--------------------------------------------------------------------------5--------------------------------------------------------------------------
VLM Prompt:
<image>
**Objective:** Achieve "put a soapbottle in garbagecan". There is a hint about the given task. The agent must find an object of the desired type, pick it up, find the correct location to place it, and put it down there. Remember that you must reach your destination before picking and puting..

**Visual Context:** Given the image, closely examine all elements within to gather clues and insights relevant to the objective. Consider how the arrangement, interactions, and details of the scene relate to the task at hand.

**Reflective Thought:**
a. Analysis of Current Attempts:
- Attempt 1: The action taken was going to cabinet 1, which resulted in the observation that cabinet 1 is closed. This action does not directly contribute to the task as it did not involve interaction with a soapbottle or garbagecan.
- Attempt 2: The action taken was going to sink 1, which resulted in the observation of a soapbottle, among other items, being present on the sink. This attempt is crucial as it locates a soapbottle, which is needed for the task.
- Attempt 3: The action taken was picking up the soapbottle from sink 1. This action is significant as it now gives the agent possession of the soapbottle, which is necessary for completing the task.
b. Suggestion for Next Step:
Combining the summary of previously tried attempts with the analysis of current attempts, the next logical step to complete the task would be to go to the garbagecan 1 and put the soapbottle in it. Since the agent now has the soapbottle in possession, it can directly interact with the garbagecan to complete the task. Therefore, the suggested action is:
- Action Taken: put soapbottle 1 in garbagecan 1
- Expected Resulting Observation: The soapbottle will be successfully placed in the garbagecan, thus completing the task.. 

**Admissible Actions List:**
(1): go to bathtub 1
(2): go to bathtubbasin 1
(3): go to cabinet 1
(4): go to cabinet 2
(5): go to countertop 1
(6): go to cabinet 3
(7): go to sink 2
(8): go to cabinet 4
(9): go to sinkbasin 1
(10): go to sinkbasin 2
(11): go to garbagecan 1
(12): go to toilet 1
(13): go to toiletpaperhanger 1
(14): put soapbottle 1 in/on sink 1
(15): clean soapbottle 1 with bathtub 1
(16): clean soapbottle 1 with bathtubbasin 1
(17): clean soapbottle 1 with sink 1
(18): clean soapbottle 1 with sink 2
(19): clean soapbottle 1 with sinkbasin 1
(20): clean soapbottle 1 with sinkbasin 2
(21): examine soapbottle 1
(22): examine sink 1

**Output Examples:**
*Example 1*:
- Admissible Actions:(1): go to bed 1, (2): go to dresser 1, (3): go to drawer 1
- Response:[BEGIN](2): go to dresser 1[END]
*Example 2*:
- Admissible Actions:(1): go to garbagecan 1, (2): take handtowel 1 from handtowelholder 1, (3): take faucet 1 from handtowelholder 1, (4): take handtowel 2 from handtowelholder 1
- Response:[BEGIN](2): take handtowel 1 from handtowelholder 1[END]

**Response:**
- Choose an action from the admissible actions list directly contributing to the task objective based on the reflective thought and the visual context, are the form: [BEGIN](i): [Selected Action][END]

Original VLM Response:
- Response:[BEGIN](11): go to garbagecan 1[END]

> Action: go to garbagecan 1
Running time: 2.8401362895965576 seconds

Current Attempts Reflect Prompt:
Current Attempt 1:
<image>
- Action Taken: go to sink 1
- Resulting Observation: You arrive at loc 6. On the sink 1, you see a cloth 1, a faucet 1, and a soapbottle 1.
Current Attempt 2:
<image>
- Action Taken: take soapbottle 1 from sink 1
- Resulting Observation: You pick up the soapbottle 1 from the sink 1.
Current Attempt 3:
<image>
- Action Taken: go to garbagecan 1
- Resulting Observation: You arrive at loc 11. On the garbagecan 1, you see a towel 1, a faucet 1, a cloth 1, and a faucet 2.
Interact with a household to solve a task. At begining, you are in the middle of a room. looking quickly around you, you see a bathtub 1, a bathtubbasin 1, a cabinet 1, a cabinet 2, a countertop 1, a cabinet 3, a sink 1, a sink 2, a cabinet 4, a sinkbasin 1, a sinkbasin 2, a garbagecan 1, a toilet 1, and a toiletpaperhanger 1. You have 3 sets of current tried attempts, and each attempt consists of an action, an image of the action after it happened, and a resulting observation.

**You also have the summary of previously tried attempts:** 
In the initial attempts, three actions were taken involving different instance objects. The first attempt involved going to garbagecan 1, but it did not yield any soapbottle, thus not contributing to the task. The second action was directed towards cabinet 1, which was found closed and did not aid the task as it involved no interaction with the soapbottle or garbagecan. The third attempt was significant as it involved going to sink 1, where soapbottle 1 was located. This discovery is crucial for the task of putting a soapbottle in the garbagecan. Considering these outcomes, the next strategic action suggested involves taking soapbottle 1 from sink 1 and placing it in garbagecan 1, thus directly fulfilling the task requirement.

**For the task: 'put a soapbottle in garbagecan', you need to do**:
a. Analyze the impact of each current tried attempt including the image, resulting observation, and taken action on the task.
b. Combine the summary of previously tried attempts and the analysis of currently tried attempts to give a suggestion of the next step to complete the task.

**Response**: 
Let's think step-by-step.

Current Attempts Reflect:
a. Analyzing the impact of each current tried attempt:
- Attempt 1: The action taken was to go to sink 1. The resulting observation was that on sink 1, there was a cloth 1, a faucet 1, and a soapbottle 1. This attempt was crucial as it located the soapbottle 1, which is needed for the task.
- Attempt 2: The action taken was to take soapbottle 1 from sink 1. The resulting observation was that the soapbottle 1 was successfully picked up from sink 1. This attempt is significant as it means you now have the soapbottle 1 in your possession, which is necessary to complete the task.
- Attempt 3: The action taken was to go to garbagecan 1. The resulting observation was that on the garbagecan 1, there were other items, but no mention of placing the soapbottle 1 in it. This attempt suggests you are now at the location of the garbagecan 1 but have not yet completed the task.
b. Combining the summary of previously tried attempts and the analysis of currently tried attempts:
From the initial attempts, we know that the soapbottle 1 is the object needed for the task and that it was located on sink 1. The current attempts have led to you taking the soapbottle 1 and moving to the location of garbagecan 1. 
**Suggestion for the next step to complete the task**: 
Now that you are at garbagecan 1 with the soapbottle 1 in your possession, the next logical step would be to place or put the soapbottle 1 into garbagecan 1 to complete the task. The action would be "put soapbottle 1 in garbagecan 1".
Current Attempts Reflect Running time: 12.40076732635498 seconds

Step:--------------------------------------------------------------------------6--------------------------------------------------------------------------
VLM Prompt:
<image>
**Objective:** Achieve "put a soapbottle in garbagecan". There is a hint about the given task. The agent must find an object of the desired type, pick it up, find the correct location to place it, and put it down there. Remember that you must reach your destination before picking and puting..

**Visual Context:** Given the image, closely examine all elements within to gather clues and insights relevant to the objective. Consider how the arrangement, interactions, and details of the scene relate to the task at hand.

**Reflective Thought:**
a. Analyzing the impact of each current tried attempt:
- Attempt 1: The action taken was to go to sink 1. The resulting observation was that on sink 1, there was a cloth 1, a faucet 1, and a soapbottle 1. This attempt was crucial as it located the soapbottle 1, which is needed for the task.
- Attempt 2: The action taken was to take soapbottle 1 from sink 1. The resulting observation was that the soapbottle 1 was successfully picked up from sink 1. This attempt is significant as it means you now have the soapbottle 1 in your possession, which is necessary to complete the task.
- Attempt 3: The action taken was to go to garbagecan 1. The resulting observation was that on the garbagecan 1, there were other items, but no mention of placing the soapbottle 1 in it. This attempt suggests you are now at the location of the garbagecan 1 but have not yet completed the task.
b. Combining the summary of previously tried attempts and the analysis of currently tried attempts:
From the initial attempts, we know that the soapbottle 1 is the object needed for the task and that it was located on sink 1. The current attempts have led to you taking the soapbottle 1 and moving to the location of garbagecan 1. 
**Suggestion for the next step to complete the task**: 
Now that you are at garbagecan 1 with the soapbottle 1 in your possession, the next logical step would be to place or put the soapbottle 1 into garbagecan 1 to complete the task. The action would be "put soapbottle 1 in garbagecan 1".. 

**Admissible Actions List:**
(1): go to bathtub 1
(2): go to bathtubbasin 1
(3): go to cabinet 1
(4): go to cabinet 2
(5): go to countertop 1
(6): go to cabinet 3
(7): go to sink 1
(8): go to sink 2
(9): go to cabinet 4
(10): go to sinkbasin 1
(11): go to sinkbasin 2
(12): go to toilet 1
(13): go to toiletpaperhanger 1
(14): put soapbottle 1 in/on garbagecan 1
(15): examine soapbottle 1
(16): examine garbagecan 1

**Output Examples:**
*Example 1*:
- Admissible Actions:(1): go to bed 1, (2): go to dresser 1, (3): go to drawer 1
- Response:[BEGIN](2): go to dresser 1[END]
*Example 2*:
- Admissible Actions:(1): go to garbagecan 1, (2): take handtowel 1 from handtowelholder 1, (3): take faucet 1 from handtowelholder 1, (4): take handtowel 2 from handtowelholder 1
- Response:[BEGIN](2): take handtowel 1 from handtowelholder 1[END]

**Response:**
- Choose an action from the admissible actions list directly contributing to the task objective based on the reflective thought and the visual context, are the form: [BEGIN](i): [Selected Action][END]

Original VLM Response:
- Response: [BEGIN](14): put soapbottle 1 in/on garbagecan 1[END]

> Action: put soapbottle 1 in/on garbagecan 1
Running time: 2.6604626178741455 seconds

SUCCEED
