---------------------------------------------------------Scene: 93---------------------------------------------------------
--------------------------------------------------------------------------------------------------------------------------------------------------------------------
--------------------------------------------------------------------------------------------------------------------------------------------------------------------
Step:--------------------------------------------------------------------------1--------------------------------------------------------------------------
VLM Prompt:
<image>
Given an image depicting a complex scene with multiple elements, your objective is to analyze the scene of the image in relation to the specified task description and choose the appropriate action from a list of available actions to accomplish the task. There are two examples.

**Example 1:**
- Available Actions:(1): go to bed 1, (2): go to dresser 1, (3): go to drawer 1
- Response:[BEGIN](2): go to dresser 1[END]
**Example 1:**
- Available Actions:(1): go to garbagecan 1, (2): take handtowel 1 from handtowelholder 1, (3): take faucet 1 from handtowelholder 1, (4): take handtowel 2 from handtowelholder 1
- Response:[BEGIN](2): go to dresser 1[END]

**Task Description:**
The task at hand is "find two handtowel and put them in countertop". The agent must find an object of the desired type, pick it up, find the correct location to place it, put it down there, then look for another object of the desired type, pick it up, return to previous location, and put it down there with the other object.

**Available Actions:**
(1): go to countertop 1
(2): go to cabinet 1
(3): go to cabinet 2
(4): go to sink 1
(5): go to cabinet 3
(6): go to sinkbasin 1
(7): go to handtowelholder 1
(8): go to handtowelholder 2
(9): go to toilet 1
(10): go to garbagecan 1

**Determine the appropriate action:**
- Identify relevant objects in the image related to the task.
- Evaluate each action's potential to successfully complete the task.

**Response:**
- Let's tink step-by-step.
- (i): [BEGIN][Selected Action][END]

Original VLM Response:
- (i): [BEGIN](7): go to handtowelholder 1[END]

> Action: go to handtowelholder 1
Running time: 3.955737590789795 seconds

Step:--------------------------------------------------------------------------2--------------------------------------------------------------------------
VLM Prompt:
<image>
Given an image depicting a complex scene with multiple elements, your objective is to analyze the scene of the image in relation to the specified task description and choose the appropriate action from a list of available actions to accomplish the task. There are two examples.

**Example 1:**
- Available Actions:(1): go to bed 1, (2): go to dresser 1, (3): go to drawer 1
- Response:[BEGIN](2): go to dresser 1[END]
**Example 1:**
- Available Actions:(1): go to garbagecan 1, (2): take handtowel 1 from handtowelholder 1, (3): take faucet 1 from handtowelholder 1, (4): take handtowel 2 from handtowelholder 1
- Response:[BEGIN](2): go to dresser 1[END]

**Task Description:**
The task at hand is "find two handtowel and put them in countertop". The agent must find an object of the desired type, pick it up, find the correct location to place it, put it down there, then look for another object of the desired type, pick it up, return to previous location, and put it down there with the other object.

**Available Actions:**
(1): go to countertop 1
(2): go to cabinet 1
(3): go to cabinet 2
(4): go to sink 1
(5): go to cabinet 3
(6): go to sinkbasin 1
(7): go to handtowelholder 2
(8): go to toilet 1
(9): go to garbagecan 1
(10): take handtowel 1 from handtowelholder 1
(11): take faucet 1 from handtowelholder 1
(12): take handtowel 2 from handtowelholder 1
(13): take soapbar 1 from handtowelholder 1
(14): take soapbottle 1 from handtowelholder 1
(15): examine handtowelholder 1

**Determine the appropriate action:**
- Identify relevant objects in the image related to the task.
- Evaluate each action's potential to successfully complete the task.

**Response:**
- Let's tink step-by-step.
- (i): [BEGIN][Selected Action][END]

Original VLM Response:
(i): [BEGIN](10): take handtowel 1 from handtowelholder 1[END]
(ii): [BEGIN](1): go to countertop 1[END]
(iii): [BEGIN](12): take handtowel 2 from handtowelholder 1[END]
(iv): [BEGIN](1): go to countertop 1[END]

> Action: take handtowel 1 from handtowelholder 1
Running time: 5.937561750411987 seconds

Step:--------------------------------------------------------------------------3--------------------------------------------------------------------------
VLM Prompt:
<image>
Given an image depicting a complex scene with multiple elements, your objective is to analyze the scene of the image in relation to the specified task description and choose the appropriate action from a list of available actions to accomplish the task. There are two examples.

**Example 1:**
- Available Actions:(1): go to bed 1, (2): go to dresser 1, (3): go to drawer 1
- Response:[BEGIN](2): go to dresser 1[END]
**Example 1:**
- Available Actions:(1): go to garbagecan 1, (2): take handtowel 1 from handtowelholder 1, (3): take faucet 1 from handtowelholder 1, (4): take handtowel 2 from handtowelholder 1
- Response:[BEGIN](2): go to dresser 1[END]

**Task Description:**
The task at hand is "find two handtowel and put them in countertop". The agent must find an object of the desired type, pick it up, find the correct location to place it, put it down there, then look for another object of the desired type, pick it up, return to previous location, and put it down there with the other object.

**Available Actions:**
(1): go to countertop 1
(2): go to cabinet 1
(3): go to cabinet 2
(4): go to sink 1
(5): go to cabinet 3
(6): go to sinkbasin 1
(7): go to handtowelholder 2
(8): go to toilet 1
(9): go to garbagecan 1
(10): put handtowel 1 in/on handtowelholder 1
(11): examine handtowel 1
(12): examine handtowelholder 1

**Determine the appropriate action:**
- Identify relevant objects in the image related to the task.
- Evaluate each action's potential to successfully complete the task.

**Response:**
- Let's tink step-by-step.
- (i): [BEGIN][Selected Action][END]

Original VLM Response:
- (i): [BEGIN](7): go to handtowelholder 2[END]

> Action: go to handtowelholder 2
Running time: 2.718449354171753 seconds

Step:--------------------------------------------------------------------------4--------------------------------------------------------------------------
VLM Prompt:
<image>
Given an image depicting a complex scene with multiple elements, your objective is to analyze the scene of the image in relation to the specified task description and choose the appropriate action from a list of available actions to accomplish the task. There are two examples.

**Example 1:**
- Available Actions:(1): go to bed 1, (2): go to dresser 1, (3): go to drawer 1
- Response:[BEGIN](2): go to dresser 1[END]
**Example 1:**
- Available Actions:(1): go to garbagecan 1, (2): take handtowel 1 from handtowelholder 1, (3): take faucet 1 from handtowelholder 1, (4): take handtowel 2 from handtowelholder 1
- Response:[BEGIN](2): go to dresser 1[END]

**Task Description:**
The task at hand is "find two handtowel and put them in countertop". The agent must find an object of the desired type, pick it up, find the correct location to place it, put it down there, then look for another object of the desired type, pick it up, return to previous location, and put it down there with the other object.

**Available Actions:**
(1): go to countertop 1
(2): go to cabinet 1
(3): go to cabinet 2
(4): go to sink 1
(5): go to cabinet 3
(6): go to sinkbasin 1
(7): go to handtowelholder 1
(8): go to toilet 1
(9): go to garbagecan 1
(10): put handtowel 1 in/on handtowelholder 2
(11): examine handtowel 1
(12): examine handtowelholder 2

**Determine the appropriate action:**
- Identify relevant objects in the image related to the task.
- Evaluate each action's potential to successfully complete the task.

**Response:**
- Let's tink step-by-step.
- (i): [BEGIN][Selected Action][END]

Original VLM Response:
- (i): [BEGIN](7): go to handtowelholder 1[END]

> Action: go to handtowelholder 1
Running time: 2.9985530376434326 seconds

Step:--------------------------------------------------------------------------5--------------------------------------------------------------------------
VLM Prompt:
<image>
Given an image depicting a complex scene with multiple elements, your objective is to analyze the scene of the image in relation to the specified task description and choose the appropriate action from a list of available actions to accomplish the task. There are two examples.

**Example 1:**
- Available Actions:(1): go to bed 1, (2): go to dresser 1, (3): go to drawer 1
- Response:[BEGIN](2): go to dresser 1[END]
**Example 1:**
- Available Actions:(1): go to garbagecan 1, (2): take handtowel 1 from handtowelholder 1, (3): take faucet 1 from handtowelholder 1, (4): take handtowel 2 from handtowelholder 1
- Response:[BEGIN](2): go to dresser 1[END]

**Task Description:**
The task at hand is "find two handtowel and put them in countertop". The agent must find an object of the desired type, pick it up, find the correct location to place it, put it down there, then look for another object of the desired type, pick it up, return to previous location, and put it down there with the other object.

**Available Actions:**
(1): go to countertop 1
(2): go to cabinet 1
(3): go to cabinet 2
(4): go to sink 1
(5): go to cabinet 3
(6): go to sinkbasin 1
(7): go to handtowelholder 2
(8): go to toilet 1
(9): go to garbagecan 1
(10): put handtowel 1 in/on handtowelholder 1
(11): examine handtowel 1
(12): examine handtowelholder 1

**Determine the appropriate action:**
- Identify relevant objects in the image related to the task.
- Evaluate each action's potential to successfully complete the task.

**Response:**
- Let's tink step-by-step.
- (i): [BEGIN][Selected Action][END]

Original VLM Response:
- (i): [BEGIN](7): go to handtowelholder 2[END]

> Action: go to handtowelholder 2
Running time: 3.5014843940734863 seconds

Step:--------------------------------------------------------------------------6--------------------------------------------------------------------------
VLM Prompt:
<image>
Given an image depicting a complex scene with multiple elements, your objective is to analyze the scene of the image in relation to the specified task description and choose the appropriate action from a list of available actions to accomplish the task. There are two examples.

**Example 1:**
- Available Actions:(1): go to bed 1, (2): go to dresser 1, (3): go to drawer 1
- Response:[BEGIN](2): go to dresser 1[END]
**Example 1:**
- Available Actions:(1): go to garbagecan 1, (2): take handtowel 1 from handtowelholder 1, (3): take faucet 1 from handtowelholder 1, (4): take handtowel 2 from handtowelholder 1
- Response:[BEGIN](2): go to dresser 1[END]

**Task Description:**
The task at hand is "find two handtowel and put them in countertop". The agent must find an object of the desired type, pick it up, find the correct location to place it, put it down there, then look for another object of the desired type, pick it up, return to previous location, and put it down there with the other object.

**Available Actions:**
(1): go to countertop 1
(2): go to cabinet 1
(3): go to cabinet 2
(4): go to sink 1
(5): go to cabinet 3
(6): go to sinkbasin 1
(7): go to handtowelholder 1
(8): go to toilet 1
(9): go to garbagecan 1
(10): put handtowel 1 in/on handtowelholder 2
(11): examine handtowel 1
(12): examine handtowelholder 2

**Determine the appropriate action:**
- Identify relevant objects in the image related to the task.
- Evaluate each action's potential to successfully complete the task.

**Response:**
- Let's tink step-by-step.
- (i): [BEGIN][Selected Action][END]

Original VLM Response:
- (i): [BEGIN](7): go to handtowelholder 1[END]

> Action: go to handtowelholder 1
Running time: 2.5536577701568604 seconds

Step:--------------------------------------------------------------------------7--------------------------------------------------------------------------
VLM Prompt:
<image>
Given an image depicting a complex scene with multiple elements, your objective is to analyze the scene of the image in relation to the specified task description and choose the appropriate action from a list of available actions to accomplish the task. There are two examples.

**Example 1:**
- Available Actions:(1): go to bed 1, (2): go to dresser 1, (3): go to drawer 1
- Response:[BEGIN](2): go to dresser 1[END]
**Example 1:**
- Available Actions:(1): go to garbagecan 1, (2): take handtowel 1 from handtowelholder 1, (3): take faucet 1 from handtowelholder 1, (4): take handtowel 2 from handtowelholder 1
- Response:[BEGIN](2): go to dresser 1[END]

**Task Description:**
The task at hand is "find two handtowel and put them in countertop". The agent must find an object of the desired type, pick it up, find the correct location to place it, put it down there, then look for another object of the desired type, pick it up, return to previous location, and put it down there with the other object.

**Available Actions:**
(1): go to countertop 1
(2): go to cabinet 1
(3): go to cabinet 2
(4): go to sink 1
(5): go to cabinet 3
(6): go to sinkbasin 1
(7): go to handtowelholder 2
(8): go to toilet 1
(9): go to garbagecan 1
(10): put handtowel 1 in/on handtowelholder 1
(11): examine handtowel 1
(12): examine handtowelholder 1

**Determine the appropriate action:**
- Identify relevant objects in the image related to the task.
- Evaluate each action's potential to successfully complete the task.

**Response:**
- Let's tink step-by-step.
- (i): [BEGIN][Selected Action][END]

Original VLM Response:
- (i): [BEGIN](7): go to handtowelholder 2[END]

> Action: go to handtowelholder 2
Running time: 3.319870948791504 seconds

Step:--------------------------------------------------------------------------8--------------------------------------------------------------------------
VLM Prompt:
<image>
Given an image depicting a complex scene with multiple elements, your objective is to analyze the scene of the image in relation to the specified task description and choose the appropriate action from a list of available actions to accomplish the task. There are two examples.

**Example 1:**
- Available Actions:(1): go to bed 1, (2): go to dresser 1, (3): go to drawer 1
- Response:[BEGIN](2): go to dresser 1[END]
**Example 1:**
- Available Actions:(1): go to garbagecan 1, (2): take handtowel 1 from handtowelholder 1, (3): take faucet 1 from handtowelholder 1, (4): take handtowel 2 from handtowelholder 1
- Response:[BEGIN](2): go to dresser 1[END]

**Task Description:**
The task at hand is "find two handtowel and put them in countertop". The agent must find an object of the desired type, pick it up, find the correct location to place it, put it down there, then look for another object of the desired type, pick it up, return to previous location, and put it down there with the other object.

**Available Actions:**
(1): go to countertop 1
(2): go to cabinet 1
(3): go to cabinet 2
(4): go to sink 1
(5): go to cabinet 3
(6): go to sinkbasin 1
(7): go to handtowelholder 1
(8): go to toilet 1
(9): go to garbagecan 1
(10): put handtowel 1 in/on handtowelholder 2
(11): examine handtowel 1
(12): examine handtowelholder 2

**Determine the appropriate action:**
- Identify relevant objects in the image related to the task.
- Evaluate each action's potential to successfully complete the task.

**Response:**
- Let's tink step-by-step.
- (i): [BEGIN][Selected Action][END]

Original VLM Response:
- (i): [BEGIN](7): go to handtowelholder 1[END]

> Action: go to handtowelholder 1
Running time: 2.5894522666931152 seconds

Step:--------------------------------------------------------------------------9--------------------------------------------------------------------------
VLM Prompt:
<image>
Given an image depicting a complex scene with multiple elements, your objective is to analyze the scene of the image in relation to the specified task description and choose the appropriate action from a list of available actions to accomplish the task. There are two examples.

**Example 1:**
- Available Actions:(1): go to bed 1, (2): go to dresser 1, (3): go to drawer 1
- Response:[BEGIN](2): go to dresser 1[END]
**Example 1:**
- Available Actions:(1): go to garbagecan 1, (2): take handtowel 1 from handtowelholder 1, (3): take faucet 1 from handtowelholder 1, (4): take handtowel 2 from handtowelholder 1
- Response:[BEGIN](2): go to dresser 1[END]

**Task Description:**
The task at hand is "find two handtowel and put them in countertop". The agent must find an object of the desired type, pick it up, find the correct location to place it, put it down there, then look for another object of the desired type, pick it up, return to previous location, and put it down there with the other object.

**Available Actions:**
(1): go to countertop 1
(2): go to cabinet 1
(3): go to cabinet 2
(4): go to sink 1
(5): go to cabinet 3
(6): go to sinkbasin 1
(7): go to handtowelholder 2
(8): go to toilet 1
(9): go to garbagecan 1
(10): put handtowel 1 in/on handtowelholder 1
(11): examine handtowel 1
(12): examine handtowelholder 1

**Determine the appropriate action:**
- Identify relevant objects in the image related to the task.
- Evaluate each action's potential to successfully complete the task.

**Response:**
- Let's tink step-by-step.
- (i): [BEGIN][Selected Action][END]

Original VLM Response:
- (i): [BEGIN](7): go to handtowelholder 2[END]

> Action: go to handtowelholder 2
Running time: 3.7752134799957275 seconds

Step:--------------------------------------------------------------------------10--------------------------------------------------------------------------
VLM Prompt:
<image>
Given an image depicting a complex scene with multiple elements, your objective is to analyze the scene of the image in relation to the specified task description and choose the appropriate action from a list of available actions to accomplish the task. There are two examples.

**Example 1:**
- Available Actions:(1): go to bed 1, (2): go to dresser 1, (3): go to drawer 1
- Response:[BEGIN](2): go to dresser 1[END]
**Example 1:**
- Available Actions:(1): go to garbagecan 1, (2): take handtowel 1 from handtowelholder 1, (3): take faucet 1 from handtowelholder 1, (4): take handtowel 2 from handtowelholder 1
- Response:[BEGIN](2): go to dresser 1[END]

**Task Description:**
The task at hand is "find two handtowel and put them in countertop". The agent must find an object of the desired type, pick it up, find the correct location to place it, put it down there, then look for another object of the desired type, pick it up, return to previous location, and put it down there with the other object.

**Available Actions:**
(1): go to countertop 1
(2): go to cabinet 1
(3): go to cabinet 2
(4): go to sink 1
(5): go to cabinet 3
(6): go to sinkbasin 1
(7): go to handtowelholder 1
(8): go to toilet 1
(9): go to garbagecan 1
(10): put handtowel 1 in/on handtowelholder 2
(11): examine handtowel 1
(12): examine handtowelholder 2

**Determine the appropriate action:**
- Identify relevant objects in the image related to the task.
- Evaluate each action's potential to successfully complete the task.

**Response:**
- Let's tink step-by-step.
- (i): [BEGIN][Selected Action][END]

Original VLM Response:
- (i): [BEGIN](7): go to handtowelholder 1[END]

> Action: go to handtowelholder 1
Running time: 2.4353981018066406 seconds

Step:--------------------------------------------------------------------------11--------------------------------------------------------------------------
VLM Prompt:
<image>
Given an image depicting a complex scene with multiple elements, your objective is to analyze the scene of the image in relation to the specified task description and choose the appropriate action from a list of available actions to accomplish the task. There are two examples.

**Example 1:**
- Available Actions:(1): go to bed 1, (2): go to dresser 1, (3): go to drawer 1
- Response:[BEGIN](2): go to dresser 1[END]
**Example 1:**
- Available Actions:(1): go to garbagecan 1, (2): take handtowel 1 from handtowelholder 1, (3): take faucet 1 from handtowelholder 1, (4): take handtowel 2 from handtowelholder 1
- Response:[BEGIN](2): go to dresser 1[END]

**Task Description:**
The task at hand is "find two handtowel and put them in countertop". The agent must find an object of the desired type, pick it up, find the correct location to place it, put it down there, then look for another object of the desired type, pick it up, return to previous location, and put it down there with the other object.

**Available Actions:**
(1): go to countertop 1
(2): go to cabinet 1
(3): go to cabinet 2
(4): go to sink 1
(5): go to cabinet 3
(6): go to sinkbasin 1
(7): go to handtowelholder 2
(8): go to toilet 1
(9): go to garbagecan 1
(10): put handtowel 1 in/on handtowelholder 1
(11): examine handtowel 1
(12): examine handtowelholder 1

**Determine the appropriate action:**
- Identify relevant objects in the image related to the task.
- Evaluate each action's potential to successfully complete the task.

**Response:**
- Let's tink step-by-step.
- (i): [BEGIN][Selected Action][END]

Original VLM Response:
- (i): [BEGIN](4): go to sink 1[END]

> Action: go to sink 1
Running time: 2.52364444732666 seconds

Step:--------------------------------------------------------------------------12--------------------------------------------------------------------------
VLM Prompt:
<image>
Given an image depicting a complex scene with multiple elements, your objective is to analyze the scene of the image in relation to the specified task description and choose the appropriate action from a list of available actions to accomplish the task. There are two examples.

**Example 1:**
- Available Actions:(1): go to bed 1, (2): go to dresser 1, (3): go to drawer 1
- Response:[BEGIN](2): go to dresser 1[END]
**Example 1:**
- Available Actions:(1): go to garbagecan 1, (2): take handtowel 1 from handtowelholder 1, (3): take faucet 1 from handtowelholder 1, (4): take handtowel 2 from handtowelholder 1
- Response:[BEGIN](2): go to dresser 1[END]

**Task Description:**
The task at hand is "find two handtowel and put them in countertop". The agent must find an object of the desired type, pick it up, find the correct location to place it, put it down there, then look for another object of the desired type, pick it up, return to previous location, and put it down there with the other object.

**Available Actions:**
(1): go to countertop 1
(2): go to cabinet 1
(3): go to cabinet 2
(4): go to cabinet 3
(5): go to sinkbasin 1
(6): go to handtowelholder 1
(7): go to handtowelholder 2
(8): go to toilet 1
(9): go to garbagecan 1
(10): put handtowel 1 in/on sink 1
(11): clean handtowel 1 with sink 1
(12): clean handtowel 1 with sinkbasin 1
(13): examine handtowel 1
(14): examine sink 1

**Determine the appropriate action:**
- Identify relevant objects in the image related to the task.
- Evaluate each action's potential to successfully complete the task.

**Response:**
- Let's tink step-by-step.
- (i): [BEGIN][Selected Action][END]

Original VLM Response:
- (i): [BEGIN](6): go to handtowelholder 1[END]

> Action: go to handtowelholder 1
Running time: 2.439948558807373 seconds

Step:--------------------------------------------------------------------------13--------------------------------------------------------------------------
VLM Prompt:
<image>
Given an image depicting a complex scene with multiple elements, your objective is to analyze the scene of the image in relation to the specified task description and choose the appropriate action from a list of available actions to accomplish the task. There are two examples.

**Example 1:**
- Available Actions:(1): go to bed 1, (2): go to dresser 1, (3): go to drawer 1
- Response:[BEGIN](2): go to dresser 1[END]
**Example 1:**
- Available Actions:(1): go to garbagecan 1, (2): take handtowel 1 from handtowelholder 1, (3): take faucet 1 from handtowelholder 1, (4): take handtowel 2 from handtowelholder 1
- Response:[BEGIN](2): go to dresser 1[END]

**Task Description:**
The task at hand is "find two handtowel and put them in countertop". The agent must find an object of the desired type, pick it up, find the correct location to place it, put it down there, then look for another object of the desired type, pick it up, return to previous location, and put it down there with the other object.

**Available Actions:**
(1): go to countertop 1
(2): go to cabinet 1
(3): go to cabinet 2
(4): go to sink 1
(5): go to cabinet 3
(6): go to sinkbasin 1
(7): go to handtowelholder 2
(8): go to toilet 1
(9): go to garbagecan 1
(10): put handtowel 1 in/on handtowelholder 1
(11): examine handtowel 1
(12): examine handtowelholder 1

**Determine the appropriate action:**
- Identify relevant objects in the image related to the task.
- Evaluate each action's potential to successfully complete the task.

**Response:**
- Let's tink step-by-step.
- (i): [BEGIN][Selected Action][END]

Original VLM Response:
- (i): [BEGIN](7): go to handtowelholder 2[END]

> Action: go to handtowelholder 2
Running time: 2.0143930912017822 seconds

Step:--------------------------------------------------------------------------14--------------------------------------------------------------------------
VLM Prompt:
<image>
Given an image depicting a complex scene with multiple elements, your objective is to analyze the scene of the image in relation to the specified task description and choose the appropriate action from a list of available actions to accomplish the task. There are two examples.

**Example 1:**
- Available Actions:(1): go to bed 1, (2): go to dresser 1, (3): go to drawer 1
- Response:[BEGIN](2): go to dresser 1[END]
**Example 1:**
- Available Actions:(1): go to garbagecan 1, (2): take handtowel 1 from handtowelholder 1, (3): take faucet 1 from handtowelholder 1, (4): take handtowel 2 from handtowelholder 1
- Response:[BEGIN](2): go to dresser 1[END]

**Task Description:**
The task at hand is "find two handtowel and put them in countertop". The agent must find an object of the desired type, pick it up, find the correct location to place it, put it down there, then look for another object of the desired type, pick it up, return to previous location, and put it down there with the other object.

**Available Actions:**
(1): go to countertop 1
(2): go to cabinet 1
(3): go to cabinet 2
(4): go to sink 1
(5): go to cabinet 3
(6): go to sinkbasin 1
(7): go to handtowelholder 1
(8): go to toilet 1
(9): go to garbagecan 1
(10): put handtowel 1 in/on handtowelholder 2
(11): examine handtowel 1
(12): examine handtowelholder 2

**Determine the appropriate action:**
- Identify relevant objects in the image related to the task.
- Evaluate each action's potential to successfully complete the task.

**Response:**
- Let's tink step-by-step.
- (i): [BEGIN][Selected Action][END]

Original VLM Response:
- (i): [BEGIN](7): go to handtowelholder 1[END]

> Action: go to handtowelholder 1
Running time: 2.6799983978271484 seconds

Step:--------------------------------------------------------------------------15--------------------------------------------------------------------------
VLM Prompt:
<image>
Given an image depicting a complex scene with multiple elements, your objective is to analyze the scene of the image in relation to the specified task description and choose the appropriate action from a list of available actions to accomplish the task. There are two examples.

**Example 1:**
- Available Actions:(1): go to bed 1, (2): go to dresser 1, (3): go to drawer 1
- Response:[BEGIN](2): go to dresser 1[END]
**Example 1:**
- Available Actions:(1): go to garbagecan 1, (2): take handtowel 1 from handtowelholder 1, (3): take faucet 1 from handtowelholder 1, (4): take handtowel 2 from handtowelholder 1
- Response:[BEGIN](2): go to dresser 1[END]

**Task Description:**
The task at hand is "find two handtowel and put them in countertop". The agent must find an object of the desired type, pick it up, find the correct location to place it, put it down there, then look for another object of the desired type, pick it up, return to previous location, and put it down there with the other object.

**Available Actions:**
(1): go to countertop 1
(2): go to cabinet 1
(3): go to cabinet 2
(4): go to sink 1
(5): go to cabinet 3
(6): go to sinkbasin 1
(7): go to handtowelholder 2
(8): go to toilet 1
(9): go to garbagecan 1
(10): put handtowel 1 in/on handtowelholder 1
(11): examine handtowel 1
(12): examine handtowelholder 1

**Determine the appropriate action:**
- Identify relevant objects in the image related to the task.
- Evaluate each action's potential to successfully complete the task.

**Response:**
- Let's tink step-by-step.
- (i): [BEGIN][Selected Action][END]

Original VLM Response:
- (i): [BEGIN](7): go to handtowelholder 2[END]

> Action: go to handtowelholder 2
Running time: 2.438357353210449 seconds

Step:--------------------------------------------------------------------------16--------------------------------------------------------------------------
VLM Prompt:
<image>
Given an image depicting a complex scene with multiple elements, your objective is to analyze the scene of the image in relation to the specified task description and choose the appropriate action from a list of available actions to accomplish the task. There are two examples.

**Example 1:**
- Available Actions:(1): go to bed 1, (2): go to dresser 1, (3): go to drawer 1
- Response:[BEGIN](2): go to dresser 1[END]
**Example 1:**
- Available Actions:(1): go to garbagecan 1, (2): take handtowel 1 from handtowelholder 1, (3): take faucet 1 from handtowelholder 1, (4): take handtowel 2 from handtowelholder 1
- Response:[BEGIN](2): go to dresser 1[END]

**Task Description:**
The task at hand is "find two handtowel and put them in countertop". The agent must find an object of the desired type, pick it up, find the correct location to place it, put it down there, then look for another object of the desired type, pick it up, return to previous location, and put it down there with the other object.

**Available Actions:**
(1): go to countertop 1
(2): go to cabinet 1
(3): go to cabinet 2
(4): go to sink 1
(5): go to cabinet 3
(6): go to sinkbasin 1
(7): go to handtowelholder 1
(8): go to toilet 1
(9): go to garbagecan 1
(10): put handtowel 1 in/on handtowelholder 2
(11): examine handtowel 1
(12): examine handtowelholder 2

**Determine the appropriate action:**
- Identify relevant objects in the image related to the task.
- Evaluate each action's potential to successfully complete the task.

**Response:**
- Let's tink step-by-step.
- (i): [BEGIN][Selected Action][END]

Original VLM Response:
- (i): [BEGIN](7): go to handtowelholder 1[END]

> Action: go to handtowelholder 1
Running time: 3.3717589378356934 seconds

Step:--------------------------------------------------------------------------17--------------------------------------------------------------------------
VLM Prompt:
<image>
Given an image depicting a complex scene with multiple elements, your objective is to analyze the scene of the image in relation to the specified task description and choose the appropriate action from a list of available actions to accomplish the task. There are two examples.

**Example 1:**
- Available Actions:(1): go to bed 1, (2): go to dresser 1, (3): go to drawer 1
- Response:[BEGIN](2): go to dresser 1[END]
**Example 1:**
- Available Actions:(1): go to garbagecan 1, (2): take handtowel 1 from handtowelholder 1, (3): take faucet 1 from handtowelholder 1, (4): take handtowel 2 from handtowelholder 1
- Response:[BEGIN](2): go to dresser 1[END]

**Task Description:**
The task at hand is "find two handtowel and put them in countertop". The agent must find an object of the desired type, pick it up, find the correct location to place it, put it down there, then look for another object of the desired type, pick it up, return to previous location, and put it down there with the other object.

**Available Actions:**
(1): go to countertop 1
(2): go to cabinet 1
(3): go to cabinet 2
(4): go to sink 1
(5): go to cabinet 3
(6): go to sinkbasin 1
(7): go to handtowelholder 2
(8): go to toilet 1
(9): go to garbagecan 1
(10): put handtowel 1 in/on handtowelholder 1
(11): examine handtowel 1
(12): examine handtowelholder 1

**Determine the appropriate action:**
- Identify relevant objects in the image related to the task.
- Evaluate each action's potential to successfully complete the task.

**Response:**
- Let's tink step-by-step.
- (i): [BEGIN][Selected Action][END]

Original VLM Response:
- (i): [BEGIN](7): go to handtowelholder 2[END]

> Action: go to handtowelholder 2
Running time: 2.8471968173980713 seconds

Step:--------------------------------------------------------------------------18--------------------------------------------------------------------------
VLM Prompt:
<image>
Given an image depicting a complex scene with multiple elements, your objective is to analyze the scene of the image in relation to the specified task description and choose the appropriate action from a list of available actions to accomplish the task. There are two examples.

**Example 1:**
- Available Actions:(1): go to bed 1, (2): go to dresser 1, (3): go to drawer 1
- Response:[BEGIN](2): go to dresser 1[END]
**Example 1:**
- Available Actions:(1): go to garbagecan 1, (2): take handtowel 1 from handtowelholder 1, (3): take faucet 1 from handtowelholder 1, (4): take handtowel 2 from handtowelholder 1
- Response:[BEGIN](2): go to dresser 1[END]

**Task Description:**
The task at hand is "find two handtowel and put them in countertop". The agent must find an object of the desired type, pick it up, find the correct location to place it, put it down there, then look for another object of the desired type, pick it up, return to previous location, and put it down there with the other object.

**Available Actions:**
(1): go to countertop 1
(2): go to cabinet 1
(3): go to cabinet 2
(4): go to sink 1
(5): go to cabinet 3
(6): go to sinkbasin 1
(7): go to handtowelholder 1
(8): go to toilet 1
(9): go to garbagecan 1
(10): put handtowel 1 in/on handtowelholder 2
(11): examine handtowel 1
(12): examine handtowelholder 2

**Determine the appropriate action:**
- Identify relevant objects in the image related to the task.
- Evaluate each action's potential to successfully complete the task.

**Response:**
- Let's tink step-by-step.
- (i): [BEGIN][Selected Action][END]

Original VLM Response:
- (i): [BEGIN](7): go to handtowelholder 1[END]

> Action: go to handtowelholder 1
Running time: 2.2404913902282715 seconds

Step:--------------------------------------------------------------------------19--------------------------------------------------------------------------
VLM Prompt:
<image>
Given an image depicting a complex scene with multiple elements, your objective is to analyze the scene of the image in relation to the specified task description and choose the appropriate action from a list of available actions to accomplish the task. There are two examples.

**Example 1:**
- Available Actions:(1): go to bed 1, (2): go to dresser 1, (3): go to drawer 1
- Response:[BEGIN](2): go to dresser 1[END]
**Example 1:**
- Available Actions:(1): go to garbagecan 1, (2): take handtowel 1 from handtowelholder 1, (3): take faucet 1 from handtowelholder 1, (4): take handtowel 2 from handtowelholder 1
- Response:[BEGIN](2): go to dresser 1[END]

**Task Description:**
The task at hand is "find two handtowel and put them in countertop". The agent must find an object of the desired type, pick it up, find the correct location to place it, put it down there, then look for another object of the desired type, pick it up, return to previous location, and put it down there with the other object.

**Available Actions:**
(1): go to countertop 1
(2): go to cabinet 1
(3): go to cabinet 2
(4): go to sink 1
(5): go to cabinet 3
(6): go to sinkbasin 1
(7): go to handtowelholder 2
(8): go to toilet 1
(9): go to garbagecan 1
(10): put handtowel 1 in/on handtowelholder 1
(11): examine handtowel 1
(12): examine handtowelholder 1

**Determine the appropriate action:**
- Identify relevant objects in the image related to the task.
- Evaluate each action's potential to successfully complete the task.

**Response:**
- Let's tink step-by-step.
- (i): [BEGIN][Selected Action][END]

Original VLM Response:
- (i): [BEGIN](7): go to handtowelholder 2[END]

> Action: go to handtowelholder 2
Running time: 3.161240816116333 seconds

Step:--------------------------------------------------------------------------20--------------------------------------------------------------------------
VLM Prompt:
<image>
Given an image depicting a complex scene with multiple elements, your objective is to analyze the scene of the image in relation to the specified task description and choose the appropriate action from a list of available actions to accomplish the task. There are two examples.

**Example 1:**
- Available Actions:(1): go to bed 1, (2): go to dresser 1, (3): go to drawer 1
- Response:[BEGIN](2): go to dresser 1[END]
**Example 1:**
- Available Actions:(1): go to garbagecan 1, (2): take handtowel 1 from handtowelholder 1, (3): take faucet 1 from handtowelholder 1, (4): take handtowel 2 from handtowelholder 1
- Response:[BEGIN](2): go to dresser 1[END]

**Task Description:**
The task at hand is "find two handtowel and put them in countertop". The agent must find an object of the desired type, pick it up, find the correct location to place it, put it down there, then look for another object of the desired type, pick it up, return to previous location, and put it down there with the other object.

**Available Actions:**
(1): go to countertop 1
(2): go to cabinet 1
(3): go to cabinet 2
(4): go to sink 1
(5): go to cabinet 3
(6): go to sinkbasin 1
(7): go to handtowelholder 1
(8): go to toilet 1
(9): go to garbagecan 1
(10): put handtowel 1 in/on handtowelholder 2
(11): examine handtowel 1
(12): examine handtowelholder 2

**Determine the appropriate action:**
- Identify relevant objects in the image related to the task.
- Evaluate each action's potential to successfully complete the task.

**Response:**
- Let's tink step-by-step.
- (i): [BEGIN][Selected Action][END]

Original VLM Response:
- (i): [BEGIN](7): go to handtowelholder 1[END]

> Action: go to handtowelholder 1
Running time: 2.325296640396118 seconds

Step:--------------------------------------------------------------------------21--------------------------------------------------------------------------
VLM Prompt:
<image>
Given an image depicting a complex scene with multiple elements, your objective is to analyze the scene of the image in relation to the specified task description and choose the appropriate action from a list of available actions to accomplish the task. There are two examples.

**Example 1:**
- Available Actions:(1): go to bed 1, (2): go to dresser 1, (3): go to drawer 1
- Response:[BEGIN](2): go to dresser 1[END]
**Example 1:**
- Available Actions:(1): go to garbagecan 1, (2): take handtowel 1 from handtowelholder 1, (3): take faucet 1 from handtowelholder 1, (4): take handtowel 2 from handtowelholder 1
- Response:[BEGIN](2): go to dresser 1[END]

**Task Description:**
The task at hand is "find two handtowel and put them in countertop". The agent must find an object of the desired type, pick it up, find the correct location to place it, put it down there, then look for another object of the desired type, pick it up, return to previous location, and put it down there with the other object.

**Available Actions:**
(1): go to countertop 1
(2): go to cabinet 1
(3): go to cabinet 2
(4): go to sink 1
(5): go to cabinet 3
(6): go to sinkbasin 1
(7): go to handtowelholder 2
(8): go to toilet 1
(9): go to garbagecan 1
(10): put handtowel 1 in/on handtowelholder 1
(11): examine handtowel 1
(12): examine handtowelholder 1

**Determine the appropriate action:**
- Identify relevant objects in the image related to the task.
- Evaluate each action's potential to successfully complete the task.

**Response:**
- Let's tink step-by-step.
- (i): [BEGIN][Selected Action][END]

Original VLM Response:
- (i): [BEGIN](7): go to handtowelholder 2[END]

> Action: go to handtowelholder 2
Running time: 3.5099868774414062 seconds

Step:--------------------------------------------------------------------------22--------------------------------------------------------------------------
VLM Prompt:
<image>
Given an image depicting a complex scene with multiple elements, your objective is to analyze the scene of the image in relation to the specified task description and choose the appropriate action from a list of available actions to accomplish the task. There are two examples.

**Example 1:**
- Available Actions:(1): go to bed 1, (2): go to dresser 1, (3): go to drawer 1
- Response:[BEGIN](2): go to dresser 1[END]
**Example 1:**
- Available Actions:(1): go to garbagecan 1, (2): take handtowel 1 from handtowelholder 1, (3): take faucet 1 from handtowelholder 1, (4): take handtowel 2 from handtowelholder 1
- Response:[BEGIN](2): go to dresser 1[END]

**Task Description:**
The task at hand is "find two handtowel and put them in countertop". The agent must find an object of the desired type, pick it up, find the correct location to place it, put it down there, then look for another object of the desired type, pick it up, return to previous location, and put it down there with the other object.

**Available Actions:**
(1): go to countertop 1
(2): go to cabinet 1
(3): go to cabinet 2
(4): go to sink 1
(5): go to cabinet 3
(6): go to sinkbasin 1
(7): go to handtowelholder 1
(8): go to toilet 1
(9): go to garbagecan 1
(10): put handtowel 1 in/on handtowelholder 2
(11): examine handtowel 1
(12): examine handtowelholder 2

**Determine the appropriate action:**
- Identify relevant objects in the image related to the task.
- Evaluate each action's potential to successfully complete the task.

**Response:**
- Let's tink step-by-step.
- (i): [BEGIN][Selected Action][END]

Original VLM Response:
- (i): [BEGIN](7): go to handtowelholder 1[END]

> Action: go to handtowelholder 1
Running time: 3.117253541946411 seconds

Step:--------------------------------------------------------------------------23--------------------------------------------------------------------------
VLM Prompt:
<image>
Given an image depicting a complex scene with multiple elements, your objective is to analyze the scene of the image in relation to the specified task description and choose the appropriate action from a list of available actions to accomplish the task. There are two examples.

**Example 1:**
- Available Actions:(1): go to bed 1, (2): go to dresser 1, (3): go to drawer 1
- Response:[BEGIN](2): go to dresser 1[END]
**Example 1:**
- Available Actions:(1): go to garbagecan 1, (2): take handtowel 1 from handtowelholder 1, (3): take faucet 1 from handtowelholder 1, (4): take handtowel 2 from handtowelholder 1
- Response:[BEGIN](2): go to dresser 1[END]

**Task Description:**
The task at hand is "find two handtowel and put them in countertop". The agent must find an object of the desired type, pick it up, find the correct location to place it, put it down there, then look for another object of the desired type, pick it up, return to previous location, and put it down there with the other object.

**Available Actions:**
(1): go to countertop 1
(2): go to cabinet 1
(3): go to cabinet 2
(4): go to sink 1
(5): go to cabinet 3
(6): go to sinkbasin 1
(7): go to handtowelholder 2
(8): go to toilet 1
(9): go to garbagecan 1
(10): put handtowel 1 in/on handtowelholder 1
(11): examine handtowel 1
(12): examine handtowelholder 1

**Determine the appropriate action:**
- Identify relevant objects in the image related to the task.
- Evaluate each action's potential to successfully complete the task.

**Response:**
- Let's tink step-by-step.
- (i): [BEGIN][Selected Action][END]

Original VLM Response:
- (i): [BEGIN](7): go to handtowelholder 2[END]

> Action: go to handtowelholder 2
Running time: 2.7543394565582275 seconds

Step:--------------------------------------------------------------------------24--------------------------------------------------------------------------
VLM Prompt:
<image>
Given an image depicting a complex scene with multiple elements, your objective is to analyze the scene of the image in relation to the specified task description and choose the appropriate action from a list of available actions to accomplish the task. There are two examples.

**Example 1:**
- Available Actions:(1): go to bed 1, (2): go to dresser 1, (3): go to drawer 1
- Response:[BEGIN](2): go to dresser 1[END]
**Example 1:**
- Available Actions:(1): go to garbagecan 1, (2): take handtowel 1 from handtowelholder 1, (3): take faucet 1 from handtowelholder 1, (4): take handtowel 2 from handtowelholder 1
- Response:[BEGIN](2): go to dresser 1[END]

**Task Description:**
The task at hand is "find two handtowel and put them in countertop". The agent must find an object of the desired type, pick it up, find the correct location to place it, put it down there, then look for another object of the desired type, pick it up, return to previous location, and put it down there with the other object.

**Available Actions:**
(1): go to countertop 1
(2): go to cabinet 1
(3): go to cabinet 2
(4): go to sink 1
(5): go to cabinet 3
(6): go to sinkbasin 1
(7): go to handtowelholder 1
(8): go to toilet 1
(9): go to garbagecan 1
(10): put handtowel 1 in/on handtowelholder 2
(11): examine handtowel 1
(12): examine handtowelholder 2

**Determine the appropriate action:**
- Identify relevant objects in the image related to the task.
- Evaluate each action's potential to successfully complete the task.

**Response:**
- Let's tink step-by-step.
- (i): [BEGIN][Selected Action][END]

Original VLM Response:
- (i): [BEGIN](7): go to handtowelholder 1[END]

> Action: go to handtowelholder 1
Running time: 2.0968668460845947 seconds

Step:--------------------------------------------------------------------------25--------------------------------------------------------------------------
VLM Prompt:
<image>
Given an image depicting a complex scene with multiple elements, your objective is to analyze the scene of the image in relation to the specified task description and choose the appropriate action from a list of available actions to accomplish the task. There are two examples.

**Example 1:**
- Available Actions:(1): go to bed 1, (2): go to dresser 1, (3): go to drawer 1
- Response:[BEGIN](2): go to dresser 1[END]
**Example 1:**
- Available Actions:(1): go to garbagecan 1, (2): take handtowel 1 from handtowelholder 1, (3): take faucet 1 from handtowelholder 1, (4): take handtowel 2 from handtowelholder 1
- Response:[BEGIN](2): go to dresser 1[END]

**Task Description:**
The task at hand is "find two handtowel and put them in countertop". The agent must find an object of the desired type, pick it up, find the correct location to place it, put it down there, then look for another object of the desired type, pick it up, return to previous location, and put it down there with the other object.

**Available Actions:**
(1): go to countertop 1
(2): go to cabinet 1
(3): go to cabinet 2
(4): go to sink 1
(5): go to cabinet 3
(6): go to sinkbasin 1
(7): go to handtowelholder 2
(8): go to toilet 1
(9): go to garbagecan 1
(10): put handtowel 1 in/on handtowelholder 1
(11): examine handtowel 1
(12): examine handtowelholder 1

**Determine the appropriate action:**
- Identify relevant objects in the image related to the task.
- Evaluate each action's potential to successfully complete the task.

**Response:**
- Let's tink step-by-step.
- (i): [BEGIN][Selected Action][END]

Original VLM Response:
- (i): [BEGIN](7): go to handtowelholder 2[END]

> Action: go to handtowelholder 2
Running time: 3.011057138442993 seconds

Step:--------------------------------------------------------------------------26--------------------------------------------------------------------------
VLM Prompt:
<image>
Given an image depicting a complex scene with multiple elements, your objective is to analyze the scene of the image in relation to the specified task description and choose the appropriate action from a list of available actions to accomplish the task. There are two examples.

**Example 1:**
- Available Actions:(1): go to bed 1, (2): go to dresser 1, (3): go to drawer 1
- Response:[BEGIN](2): go to dresser 1[END]
**Example 1:**
- Available Actions:(1): go to garbagecan 1, (2): take handtowel 1 from handtowelholder 1, (3): take faucet 1 from handtowelholder 1, (4): take handtowel 2 from handtowelholder 1
- Response:[BEGIN](2): go to dresser 1[END]

**Task Description:**
The task at hand is "find two handtowel and put them in countertop". The agent must find an object of the desired type, pick it up, find the correct location to place it, put it down there, then look for another object of the desired type, pick it up, return to previous location, and put it down there with the other object.

**Available Actions:**
(1): go to countertop 1
(2): go to cabinet 1
(3): go to cabinet 2
(4): go to sink 1
(5): go to cabinet 3
(6): go to sinkbasin 1
(7): go to handtowelholder 1
(8): go to toilet 1
(9): go to garbagecan 1
(10): put handtowel 1 in/on handtowelholder 2
(11): examine handtowel 1
(12): examine handtowelholder 2

**Determine the appropriate action:**
- Identify relevant objects in the image related to the task.
- Evaluate each action's potential to successfully complete the task.

**Response:**
- Let's tink step-by-step.
- (i): [BEGIN][Selected Action][END]

Original VLM Response:
- (i): [BEGIN](7): go to handtowelholder 1[END]

> Action: go to handtowelholder 1
Running time: 2.148714303970337 seconds

Step:--------------------------------------------------------------------------27--------------------------------------------------------------------------
VLM Prompt:
<image>
Given an image depicting a complex scene with multiple elements, your objective is to analyze the scene of the image in relation to the specified task description and choose the appropriate action from a list of available actions to accomplish the task. There are two examples.

**Example 1:**
- Available Actions:(1): go to bed 1, (2): go to dresser 1, (3): go to drawer 1
- Response:[BEGIN](2): go to dresser 1[END]
**Example 1:**
- Available Actions:(1): go to garbagecan 1, (2): take handtowel 1 from handtowelholder 1, (3): take faucet 1 from handtowelholder 1, (4): take handtowel 2 from handtowelholder 1
- Response:[BEGIN](2): go to dresser 1[END]

**Task Description:**
The task at hand is "find two handtowel and put them in countertop". The agent must find an object of the desired type, pick it up, find the correct location to place it, put it down there, then look for another object of the desired type, pick it up, return to previous location, and put it down there with the other object.

**Available Actions:**
(1): go to countertop 1
(2): go to cabinet 1
(3): go to cabinet 2
(4): go to sink 1
(5): go to cabinet 3
(6): go to sinkbasin 1
(7): go to handtowelholder 2
(8): go to toilet 1
(9): go to garbagecan 1
(10): put handtowel 1 in/on handtowelholder 1
(11): examine handtowel 1
(12): examine handtowelholder 1

**Determine the appropriate action:**
- Identify relevant objects in the image related to the task.
- Evaluate each action's potential to successfully complete the task.

**Response:**
- Let's tink step-by-step.
- (i): [BEGIN][Selected Action][END]

Original VLM Response:
- (i): [BEGIN](4): go to sink 1[END]

> Action: go to sink 1
Running time: 2.0273869037628174 seconds

Step:--------------------------------------------------------------------------28--------------------------------------------------------------------------
VLM Prompt:
<image>
Given an image depicting a complex scene with multiple elements, your objective is to analyze the scene of the image in relation to the specified task description and choose the appropriate action from a list of available actions to accomplish the task. There are two examples.

**Example 1:**
- Available Actions:(1): go to bed 1, (2): go to dresser 1, (3): go to drawer 1
- Response:[BEGIN](2): go to dresser 1[END]
**Example 1:**
- Available Actions:(1): go to garbagecan 1, (2): take handtowel 1 from handtowelholder 1, (3): take faucet 1 from handtowelholder 1, (4): take handtowel 2 from handtowelholder 1
- Response:[BEGIN](2): go to dresser 1[END]

**Task Description:**
The task at hand is "find two handtowel and put them in countertop". The agent must find an object of the desired type, pick it up, find the correct location to place it, put it down there, then look for another object of the desired type, pick it up, return to previous location, and put it down there with the other object.

**Available Actions:**
(1): go to countertop 1
(2): go to cabinet 1
(3): go to cabinet 2
(4): go to cabinet 3
(5): go to sinkbasin 1
(6): go to handtowelholder 1
(7): go to handtowelholder 2
(8): go to toilet 1
(9): go to garbagecan 1
(10): put handtowel 1 in/on sink 1
(11): clean handtowel 1 with sink 1
(12): clean handtowel 1 with sinkbasin 1
(13): examine handtowel 1
(14): examine sink 1

**Determine the appropriate action:**
- Identify relevant objects in the image related to the task.
- Evaluate each action's potential to successfully complete the task.

**Response:**
- Let's tink step-by-step.
- (i): [BEGIN][Selected Action][END]

Original VLM Response:
- (i): [BEGIN](6): go to handtowelholder 1[END]

> Action: go to handtowelholder 1
Running time: 3.411851644515991 seconds

Step:--------------------------------------------------------------------------29--------------------------------------------------------------------------
VLM Prompt:
<image>
Given an image depicting a complex scene with multiple elements, your objective is to analyze the scene of the image in relation to the specified task description and choose the appropriate action from a list of available actions to accomplish the task. There are two examples.

**Example 1:**
- Available Actions:(1): go to bed 1, (2): go to dresser 1, (3): go to drawer 1
- Response:[BEGIN](2): go to dresser 1[END]
**Example 1:**
- Available Actions:(1): go to garbagecan 1, (2): take handtowel 1 from handtowelholder 1, (3): take faucet 1 from handtowelholder 1, (4): take handtowel 2 from handtowelholder 1
- Response:[BEGIN](2): go to dresser 1[END]

**Task Description:**
The task at hand is "find two handtowel and put them in countertop". The agent must find an object of the desired type, pick it up, find the correct location to place it, put it down there, then look for another object of the desired type, pick it up, return to previous location, and put it down there with the other object.

**Available Actions:**
(1): go to countertop 1
(2): go to cabinet 1
(3): go to cabinet 2
(4): go to sink 1
(5): go to cabinet 3
(6): go to sinkbasin 1
(7): go to handtowelholder 2
(8): go to toilet 1
(9): go to garbagecan 1
(10): put handtowel 1 in/on handtowelholder 1
(11): examine handtowel 1
(12): examine handtowelholder 1

**Determine the appropriate action:**
- Identify relevant objects in the image related to the task.
- Evaluate each action's potential to successfully complete the task.

**Response:**
- Let's tink step-by-step.
- (i): [BEGIN][Selected Action][END]

Original VLM Response:
- (i): [BEGIN](7): go to handtowelholder 2[END]

> Action: go to handtowelholder 2
Running time: 2.2537925243377686 seconds

Step:--------------------------------------------------------------------------30--------------------------------------------------------------------------
VLM Prompt:
<image>
Given an image depicting a complex scene with multiple elements, your objective is to analyze the scene of the image in relation to the specified task description and choose the appropriate action from a list of available actions to accomplish the task. There are two examples.

**Example 1:**
- Available Actions:(1): go to bed 1, (2): go to dresser 1, (3): go to drawer 1
- Response:[BEGIN](2): go to dresser 1[END]
**Example 1:**
- Available Actions:(1): go to garbagecan 1, (2): take handtowel 1 from handtowelholder 1, (3): take faucet 1 from handtowelholder 1, (4): take handtowel 2 from handtowelholder 1
- Response:[BEGIN](2): go to dresser 1[END]

**Task Description:**
The task at hand is "find two handtowel and put them in countertop". The agent must find an object of the desired type, pick it up, find the correct location to place it, put it down there, then look for another object of the desired type, pick it up, return to previous location, and put it down there with the other object.

**Available Actions:**
(1): go to countertop 1
(2): go to cabinet 1
(3): go to cabinet 2
(4): go to sink 1
(5): go to cabinet 3
(6): go to sinkbasin 1
(7): go to handtowelholder 1
(8): go to toilet 1
(9): go to garbagecan 1
(10): put handtowel 1 in/on handtowelholder 2
(11): examine handtowel 1
(12): examine handtowelholder 2

**Determine the appropriate action:**
- Identify relevant objects in the image related to the task.
- Evaluate each action's potential to successfully complete the task.

**Response:**
- Let's tink step-by-step.
- (i): [BEGIN][Selected Action][END]

Original VLM Response:
- (i): [BEGIN](7): go to handtowelholder 1[END]

> Action: go to handtowelholder 1
Running time: 4.287668943405151 seconds

Step:--------------------------------------------------------------------------31--------------------------------------------------------------------------
VLM Prompt:
<image>
Given an image depicting a complex scene with multiple elements, your objective is to analyze the scene of the image in relation to the specified task description and choose the appropriate action from a list of available actions to accomplish the task. There are two examples.

**Example 1:**
- Available Actions:(1): go to bed 1, (2): go to dresser 1, (3): go to drawer 1
- Response:[BEGIN](2): go to dresser 1[END]
**Example 1:**
- Available Actions:(1): go to garbagecan 1, (2): take handtowel 1 from handtowelholder 1, (3): take faucet 1 from handtowelholder 1, (4): take handtowel 2 from handtowelholder 1
- Response:[BEGIN](2): go to dresser 1[END]

**Task Description:**
The task at hand is "find two handtowel and put them in countertop". The agent must find an object of the desired type, pick it up, find the correct location to place it, put it down there, then look for another object of the desired type, pick it up, return to previous location, and put it down there with the other object.

**Available Actions:**
(1): go to countertop 1
(2): go to cabinet 1
(3): go to cabinet 2
(4): go to sink 1
(5): go to cabinet 3
(6): go to sinkbasin 1
(7): go to handtowelholder 2
(8): go to toilet 1
(9): go to garbagecan 1
(10): put handtowel 1 in/on handtowelholder 1
(11): examine handtowel 1
(12): examine handtowelholder 1

**Determine the appropriate action:**
- Identify relevant objects in the image related to the task.
- Evaluate each action's potential to successfully complete the task.

**Response:**
- Let's tink step-by-step.
- (i): [BEGIN][Selected Action][END]

Original VLM Response:
- (i): [BEGIN](7): go to handtowelholder 2[END]

> Action: go to handtowelholder 2
Running time: 2.5484116077423096 seconds

Step:--------------------------------------------------------------------------32--------------------------------------------------------------------------
VLM Prompt:
<image>
Given an image depicting a complex scene with multiple elements, your objective is to analyze the scene of the image in relation to the specified task description and choose the appropriate action from a list of available actions to accomplish the task. There are two examples.

**Example 1:**
- Available Actions:(1): go to bed 1, (2): go to dresser 1, (3): go to drawer 1
- Response:[BEGIN](2): go to dresser 1[END]
**Example 1:**
- Available Actions:(1): go to garbagecan 1, (2): take handtowel 1 from handtowelholder 1, (3): take faucet 1 from handtowelholder 1, (4): take handtowel 2 from handtowelholder 1
- Response:[BEGIN](2): go to dresser 1[END]

**Task Description:**
The task at hand is "find two handtowel and put them in countertop". The agent must find an object of the desired type, pick it up, find the correct location to place it, put it down there, then look for another object of the desired type, pick it up, return to previous location, and put it down there with the other object.

**Available Actions:**
(1): go to countertop 1
(2): go to cabinet 1
(3): go to cabinet 2
(4): go to sink 1
(5): go to cabinet 3
(6): go to sinkbasin 1
(7): go to handtowelholder 1
(8): go to toilet 1
(9): go to garbagecan 1
(10): put handtowel 1 in/on handtowelholder 2
(11): examine handtowel 1
(12): examine handtowelholder 2

**Determine the appropriate action:**
- Identify relevant objects in the image related to the task.
- Evaluate each action's potential to successfully complete the task.

**Response:**
- Let's tink step-by-step.
- (i): [BEGIN][Selected Action][END]

Original VLM Response:
- (i): [BEGIN](7): go to handtowelholder 1[END]

> Action: go to handtowelholder 1
Running time: 2.972511053085327 seconds

Step:--------------------------------------------------------------------------33--------------------------------------------------------------------------
VLM Prompt:
<image>
Given an image depicting a complex scene with multiple elements, your objective is to analyze the scene of the image in relation to the specified task description and choose the appropriate action from a list of available actions to accomplish the task. There are two examples.

**Example 1:**
- Available Actions:(1): go to bed 1, (2): go to dresser 1, (3): go to drawer 1
- Response:[BEGIN](2): go to dresser 1[END]
**Example 1:**
- Available Actions:(1): go to garbagecan 1, (2): take handtowel 1 from handtowelholder 1, (3): take faucet 1 from handtowelholder 1, (4): take handtowel 2 from handtowelholder 1
- Response:[BEGIN](2): go to dresser 1[END]

**Task Description:**
The task at hand is "find two handtowel and put them in countertop". The agent must find an object of the desired type, pick it up, find the correct location to place it, put it down there, then look for another object of the desired type, pick it up, return to previous location, and put it down there with the other object.

**Available Actions:**
(1): go to countertop 1
(2): go to cabinet 1
(3): go to cabinet 2
(4): go to sink 1
(5): go to cabinet 3
(6): go to sinkbasin 1
(7): go to handtowelholder 2
(8): go to toilet 1
(9): go to garbagecan 1
(10): put handtowel 1 in/on handtowelholder 1
(11): examine handtowel 1
(12): examine handtowelholder 1

**Determine the appropriate action:**
- Identify relevant objects in the image related to the task.
- Evaluate each action's potential to successfully complete the task.

**Response:**
- Let's tink step-by-step.
- (i): [BEGIN][Selected Action][END]

Original VLM Response:
- (i): [BEGIN](7): go to handtowelholder 2[END]

> Action: go to handtowelholder 2
Running time: 2.721621513366699 seconds

Step:--------------------------------------------------------------------------34--------------------------------------------------------------------------
VLM Prompt:
<image>
Given an image depicting a complex scene with multiple elements, your objective is to analyze the scene of the image in relation to the specified task description and choose the appropriate action from a list of available actions to accomplish the task. There are two examples.

**Example 1:**
- Available Actions:(1): go to bed 1, (2): go to dresser 1, (3): go to drawer 1
- Response:[BEGIN](2): go to dresser 1[END]
**Example 1:**
- Available Actions:(1): go to garbagecan 1, (2): take handtowel 1 from handtowelholder 1, (3): take faucet 1 from handtowelholder 1, (4): take handtowel 2 from handtowelholder 1
- Response:[BEGIN](2): go to dresser 1[END]

**Task Description:**
The task at hand is "find two handtowel and put them in countertop". The agent must find an object of the desired type, pick it up, find the correct location to place it, put it down there, then look for another object of the desired type, pick it up, return to previous location, and put it down there with the other object.

**Available Actions:**
(1): go to countertop 1
(2): go to cabinet 1
(3): go to cabinet 2
(4): go to sink 1
(5): go to cabinet 3
(6): go to sinkbasin 1
(7): go to handtowelholder 1
(8): go to toilet 1
(9): go to garbagecan 1
(10): put handtowel 1 in/on handtowelholder 2
(11): examine handtowel 1
(12): examine handtowelholder 2

**Determine the appropriate action:**
- Identify relevant objects in the image related to the task.
- Evaluate each action's potential to successfully complete the task.

**Response:**
- Let's tink step-by-step.
- (i): [BEGIN][Selected Action][END]

Original VLM Response:
- (i): [BEGIN](7): go to handtowelholder 1[END]

> Action: go to handtowelholder 1
Running time: 2.0527360439300537 seconds

Step:--------------------------------------------------------------------------35--------------------------------------------------------------------------
VLM Prompt:
<image>
Given an image depicting a complex scene with multiple elements, your objective is to analyze the scene of the image in relation to the specified task description and choose the appropriate action from a list of available actions to accomplish the task. There are two examples.

**Example 1:**
- Available Actions:(1): go to bed 1, (2): go to dresser 1, (3): go to drawer 1
- Response:[BEGIN](2): go to dresser 1[END]
**Example 1:**
- Available Actions:(1): go to garbagecan 1, (2): take handtowel 1 from handtowelholder 1, (3): take faucet 1 from handtowelholder 1, (4): take handtowel 2 from handtowelholder 1
- Response:[BEGIN](2): go to dresser 1[END]

**Task Description:**
The task at hand is "find two handtowel and put them in countertop". The agent must find an object of the desired type, pick it up, find the correct location to place it, put it down there, then look for another object of the desired type, pick it up, return to previous location, and put it down there with the other object.

**Available Actions:**
(1): go to countertop 1
(2): go to cabinet 1
(3): go to cabinet 2
(4): go to sink 1
(5): go to cabinet 3
(6): go to sinkbasin 1
(7): go to handtowelholder 2
(8): go to toilet 1
(9): go to garbagecan 1
(10): put handtowel 1 in/on handtowelholder 1
(11): examine handtowel 1
(12): examine handtowelholder 1

**Determine the appropriate action:**
- Identify relevant objects in the image related to the task.
- Evaluate each action's potential to successfully complete the task.

**Response:**
- Let's tink step-by-step.
- (i): [BEGIN][Selected Action][END]

Original VLM Response:
- (i): [BEGIN](7): go to handtowelholder 2[END]

> Action: go to handtowelholder 2
Running time: 3.857713460922241 seconds

Step:--------------------------------------------------------------------------36--------------------------------------------------------------------------
VLM Prompt:
<image>
Given an image depicting a complex scene with multiple elements, your objective is to analyze the scene of the image in relation to the specified task description and choose the appropriate action from a list of available actions to accomplish the task. There are two examples.

**Example 1:**
- Available Actions:(1): go to bed 1, (2): go to dresser 1, (3): go to drawer 1
- Response:[BEGIN](2): go to dresser 1[END]
**Example 1:**
- Available Actions:(1): go to garbagecan 1, (2): take handtowel 1 from handtowelholder 1, (3): take faucet 1 from handtowelholder 1, (4): take handtowel 2 from handtowelholder 1
- Response:[BEGIN](2): go to dresser 1[END]

**Task Description:**
The task at hand is "find two handtowel and put them in countertop". The agent must find an object of the desired type, pick it up, find the correct location to place it, put it down there, then look for another object of the desired type, pick it up, return to previous location, and put it down there with the other object.

**Available Actions:**
(1): go to countertop 1
(2): go to cabinet 1
(3): go to cabinet 2
(4): go to sink 1
(5): go to cabinet 3
(6): go to sinkbasin 1
(7): go to handtowelholder 1
(8): go to toilet 1
(9): go to garbagecan 1
(10): put handtowel 1 in/on handtowelholder 2
(11): examine handtowel 1
(12): examine handtowelholder 2

**Determine the appropriate action:**
- Identify relevant objects in the image related to the task.
- Evaluate each action's potential to successfully complete the task.

**Response:**
- Let's tink step-by-step.
- (i): [BEGIN][Selected Action][END]

Original VLM Response:
- (i): [BEGIN](7): go to handtowelholder 1[END]

> Action: go to handtowelholder 1
Running time: 3.203587532043457 seconds

Step:--------------------------------------------------------------------------37--------------------------------------------------------------------------
VLM Prompt:
<image>
Given an image depicting a complex scene with multiple elements, your objective is to analyze the scene of the image in relation to the specified task description and choose the appropriate action from a list of available actions to accomplish the task. There are two examples.

**Example 1:**
- Available Actions:(1): go to bed 1, (2): go to dresser 1, (3): go to drawer 1
- Response:[BEGIN](2): go to dresser 1[END]
**Example 1:**
- Available Actions:(1): go to garbagecan 1, (2): take handtowel 1 from handtowelholder 1, (3): take faucet 1 from handtowelholder 1, (4): take handtowel 2 from handtowelholder 1
- Response:[BEGIN](2): go to dresser 1[END]

**Task Description:**
The task at hand is "find two handtowel and put them in countertop". The agent must find an object of the desired type, pick it up, find the correct location to place it, put it down there, then look for another object of the desired type, pick it up, return to previous location, and put it down there with the other object.

**Available Actions:**
(1): go to countertop 1
(2): go to cabinet 1
(3): go to cabinet 2
(4): go to sink 1
(5): go to cabinet 3
(6): go to sinkbasin 1
(7): go to handtowelholder 2
(8): go to toilet 1
(9): go to garbagecan 1
(10): put handtowel 1 in/on handtowelholder 1
(11): examine handtowel 1
(12): examine handtowelholder 1

**Determine the appropriate action:**
- Identify relevant objects in the image related to the task.
- Evaluate each action's potential to successfully complete the task.

**Response:**
- Let's tink step-by-step.
- (i): [BEGIN][Selected Action][END]

Original VLM Response:
- (i): [BEGIN](7): go to handtowelholder 2[END]

> Action: go to handtowelholder 2
Running time: 3.2229223251342773 seconds

Step:--------------------------------------------------------------------------38--------------------------------------------------------------------------
VLM Prompt:
<image>
Given an image depicting a complex scene with multiple elements, your objective is to analyze the scene of the image in relation to the specified task description and choose the appropriate action from a list of available actions to accomplish the task. There are two examples.

**Example 1:**
- Available Actions:(1): go to bed 1, (2): go to dresser 1, (3): go to drawer 1
- Response:[BEGIN](2): go to dresser 1[END]
**Example 1:**
- Available Actions:(1): go to garbagecan 1, (2): take handtowel 1 from handtowelholder 1, (3): take faucet 1 from handtowelholder 1, (4): take handtowel 2 from handtowelholder 1
- Response:[BEGIN](2): go to dresser 1[END]

**Task Description:**
The task at hand is "find two handtowel and put them in countertop". The agent must find an object of the desired type, pick it up, find the correct location to place it, put it down there, then look for another object of the desired type, pick it up, return to previous location, and put it down there with the other object.

**Available Actions:**
(1): go to countertop 1
(2): go to cabinet 1
(3): go to cabinet 2
(4): go to sink 1
(5): go to cabinet 3
(6): go to sinkbasin 1
(7): go to handtowelholder 1
(8): go to toilet 1
(9): go to garbagecan 1
(10): put handtowel 1 in/on handtowelholder 2
(11): examine handtowel 1
(12): examine handtowelholder 2

**Determine the appropriate action:**
- Identify relevant objects in the image related to the task.
- Evaluate each action's potential to successfully complete the task.

**Response:**
- Let's tink step-by-step.
- (i): [BEGIN][Selected Action][END]

Original VLM Response:
- (i): [BEGIN](7): go to handtowelholder 1[END]

> Action: go to handtowelholder 1
Running time: 3.1646060943603516 seconds

Step:--------------------------------------------------------------------------39--------------------------------------------------------------------------
VLM Prompt:
<image>
Given an image depicting a complex scene with multiple elements, your objective is to analyze the scene of the image in relation to the specified task description and choose the appropriate action from a list of available actions to accomplish the task. There are two examples.

**Example 1:**
- Available Actions:(1): go to bed 1, (2): go to dresser 1, (3): go to drawer 1
- Response:[BEGIN](2): go to dresser 1[END]
**Example 1:**
- Available Actions:(1): go to garbagecan 1, (2): take handtowel 1 from handtowelholder 1, (3): take faucet 1 from handtowelholder 1, (4): take handtowel 2 from handtowelholder 1
- Response:[BEGIN](2): go to dresser 1[END]

**Task Description:**
The task at hand is "find two handtowel and put them in countertop". The agent must find an object of the desired type, pick it up, find the correct location to place it, put it down there, then look for another object of the desired type, pick it up, return to previous location, and put it down there with the other object.

**Available Actions:**
(1): go to countertop 1
(2): go to cabinet 1
(3): go to cabinet 2
(4): go to sink 1
(5): go to cabinet 3
(6): go to sinkbasin 1
(7): go to handtowelholder 2
(8): go to toilet 1
(9): go to garbagecan 1
(10): put handtowel 1 in/on handtowelholder 1
(11): examine handtowel 1
(12): examine handtowelholder 1

**Determine the appropriate action:**
- Identify relevant objects in the image related to the task.
- Evaluate each action's potential to successfully complete the task.

**Response:**
- Let's tink step-by-step.
- (i): [BEGIN][Selected Action][END]

Original VLM Response:
- (i): [BEGIN](7): go to handtowelholder 2[END]

> Action: go to handtowelholder 2
Running time: 2.4526400566101074 seconds

Step:--------------------------------------------------------------------------40--------------------------------------------------------------------------
VLM Prompt:
<image>
Given an image depicting a complex scene with multiple elements, your objective is to analyze the scene of the image in relation to the specified task description and choose the appropriate action from a list of available actions to accomplish the task. There are two examples.

**Example 1:**
- Available Actions:(1): go to bed 1, (2): go to dresser 1, (3): go to drawer 1
- Response:[BEGIN](2): go to dresser 1[END]
**Example 1:**
- Available Actions:(1): go to garbagecan 1, (2): take handtowel 1 from handtowelholder 1, (3): take faucet 1 from handtowelholder 1, (4): take handtowel 2 from handtowelholder 1
- Response:[BEGIN](2): go to dresser 1[END]

**Task Description:**
The task at hand is "find two handtowel and put them in countertop". The agent must find an object of the desired type, pick it up, find the correct location to place it, put it down there, then look for another object of the desired type, pick it up, return to previous location, and put it down there with the other object.

**Available Actions:**
(1): go to countertop 1
(2): go to cabinet 1
(3): go to cabinet 2
(4): go to sink 1
(5): go to cabinet 3
(6): go to sinkbasin 1
(7): go to handtowelholder 1
(8): go to toilet 1
(9): go to garbagecan 1
(10): put handtowel 1 in/on handtowelholder 2
(11): examine handtowel 1
(12): examine handtowelholder 2

**Determine the appropriate action:**
- Identify relevant objects in the image related to the task.
- Evaluate each action's potential to successfully complete the task.

**Response:**
- Let's tink step-by-step.
- (i): [BEGIN][Selected Action][END]

Original VLM Response:
- (i): [BEGIN](7): go to handtowelholder 1[END]

> Action: go to handtowelholder 1
Running time: 3.142914295196533 seconds

Step:--------------------------------------------------------------------------41--------------------------------------------------------------------------
VLM Prompt:
<image>
Given an image depicting a complex scene with multiple elements, your objective is to analyze the scene of the image in relation to the specified task description and choose the appropriate action from a list of available actions to accomplish the task. There are two examples.

**Example 1:**
- Available Actions:(1): go to bed 1, (2): go to dresser 1, (3): go to drawer 1
- Response:[BEGIN](2): go to dresser 1[END]
**Example 1:**
- Available Actions:(1): go to garbagecan 1, (2): take handtowel 1 from handtowelholder 1, (3): take faucet 1 from handtowelholder 1, (4): take handtowel 2 from handtowelholder 1
- Response:[BEGIN](2): go to dresser 1[END]

**Task Description:**
The task at hand is "find two handtowel and put them in countertop". The agent must find an object of the desired type, pick it up, find the correct location to place it, put it down there, then look for another object of the desired type, pick it up, return to previous location, and put it down there with the other object.

**Available Actions:**
(1): go to countertop 1
(2): go to cabinet 1
(3): go to cabinet 2
(4): go to sink 1
(5): go to cabinet 3
(6): go to sinkbasin 1
(7): go to handtowelholder 2
(8): go to toilet 1
(9): go to garbagecan 1
(10): put handtowel 1 in/on handtowelholder 1
(11): examine handtowel 1
(12): examine handtowelholder 1

**Determine the appropriate action:**
- Identify relevant objects in the image related to the task.
- Evaluate each action's potential to successfully complete the task.

**Response:**
- Let's tink step-by-step.
- (i): [BEGIN][Selected Action][END]

Original VLM Response:
- (i): [BEGIN](7): go to handtowelholder 2[END]

> Action: go to handtowelholder 2
Running time: 2.1750025749206543 seconds

Step:--------------------------------------------------------------------------42--------------------------------------------------------------------------
VLM Prompt:
<image>
Given an image depicting a complex scene with multiple elements, your objective is to analyze the scene of the image in relation to the specified task description and choose the appropriate action from a list of available actions to accomplish the task. There are two examples.

**Example 1:**
- Available Actions:(1): go to bed 1, (2): go to dresser 1, (3): go to drawer 1
- Response:[BEGIN](2): go to dresser 1[END]
**Example 1:**
- Available Actions:(1): go to garbagecan 1, (2): take handtowel 1 from handtowelholder 1, (3): take faucet 1 from handtowelholder 1, (4): take handtowel 2 from handtowelholder 1
- Response:[BEGIN](2): go to dresser 1[END]

**Task Description:**
The task at hand is "find two handtowel and put them in countertop". The agent must find an object of the desired type, pick it up, find the correct location to place it, put it down there, then look for another object of the desired type, pick it up, return to previous location, and put it down there with the other object.

**Available Actions:**
(1): go to countertop 1
(2): go to cabinet 1
(3): go to cabinet 2
(4): go to sink 1
(5): go to cabinet 3
(6): go to sinkbasin 1
(7): go to handtowelholder 1
(8): go to toilet 1
(9): go to garbagecan 1
(10): put handtowel 1 in/on handtowelholder 2
(11): examine handtowel 1
(12): examine handtowelholder 2

**Determine the appropriate action:**
- Identify relevant objects in the image related to the task.
- Evaluate each action's potential to successfully complete the task.

**Response:**
- Let's tink step-by-step.
- (i): [BEGIN][Selected Action][END]

Original VLM Response:
- (i): [BEGIN](7): go to handtowelholder 1[END]

> Action: go to handtowelholder 1
Running time: 3.3107824325561523 seconds

Step:--------------------------------------------------------------------------43--------------------------------------------------------------------------
VLM Prompt:
<image>
Given an image depicting a complex scene with multiple elements, your objective is to analyze the scene of the image in relation to the specified task description and choose the appropriate action from a list of available actions to accomplish the task. There are two examples.

**Example 1:**
- Available Actions:(1): go to bed 1, (2): go to dresser 1, (3): go to drawer 1
- Response:[BEGIN](2): go to dresser 1[END]
**Example 1:**
- Available Actions:(1): go to garbagecan 1, (2): take handtowel 1 from handtowelholder 1, (3): take faucet 1 from handtowelholder 1, (4): take handtowel 2 from handtowelholder 1
- Response:[BEGIN](2): go to dresser 1[END]

**Task Description:**
The task at hand is "find two handtowel and put them in countertop". The agent must find an object of the desired type, pick it up, find the correct location to place it, put it down there, then look for another object of the desired type, pick it up, return to previous location, and put it down there with the other object.

**Available Actions:**
(1): go to countertop 1
(2): go to cabinet 1
(3): go to cabinet 2
(4): go to sink 1
(5): go to cabinet 3
(6): go to sinkbasin 1
(7): go to handtowelholder 2
(8): go to toilet 1
(9): go to garbagecan 1
(10): put handtowel 1 in/on handtowelholder 1
(11): examine handtowel 1
(12): examine handtowelholder 1

**Determine the appropriate action:**
- Identify relevant objects in the image related to the task.
- Evaluate each action's potential to successfully complete the task.

**Response:**
- Let's tink step-by-step.
- (i): [BEGIN][Selected Action][END]

Original VLM Response:
- (i): [BEGIN](7): go to handtowelholder 2[END]

> Action: go to handtowelholder 2
Running time: 2.353797197341919 seconds

Step:--------------------------------------------------------------------------44--------------------------------------------------------------------------
VLM Prompt:
<image>
Given an image depicting a complex scene with multiple elements, your objective is to analyze the scene of the image in relation to the specified task description and choose the appropriate action from a list of available actions to accomplish the task. There are two examples.

**Example 1:**
- Available Actions:(1): go to bed 1, (2): go to dresser 1, (3): go to drawer 1
- Response:[BEGIN](2): go to dresser 1[END]
**Example 1:**
- Available Actions:(1): go to garbagecan 1, (2): take handtowel 1 from handtowelholder 1, (3): take faucet 1 from handtowelholder 1, (4): take handtowel 2 from handtowelholder 1
- Response:[BEGIN](2): go to dresser 1[END]

**Task Description:**
The task at hand is "find two handtowel and put them in countertop". The agent must find an object of the desired type, pick it up, find the correct location to place it, put it down there, then look for another object of the desired type, pick it up, return to previous location, and put it down there with the other object.

**Available Actions:**
(1): go to countertop 1
(2): go to cabinet 1
(3): go to cabinet 2
(4): go to sink 1
(5): go to cabinet 3
(6): go to sinkbasin 1
(7): go to handtowelholder 1
(8): go to toilet 1
(9): go to garbagecan 1
(10): put handtowel 1 in/on handtowelholder 2
(11): examine handtowel 1
(12): examine handtowelholder 2

**Determine the appropriate action:**
- Identify relevant objects in the image related to the task.
- Evaluate each action's potential to successfully complete the task.

**Response:**
- Let's tink step-by-step.
- (i): [BEGIN][Selected Action][END]

Original VLM Response:
- (i): [BEGIN](7): go to handtowelholder 1[END]

> Action: go to handtowelholder 1
Running time: 3.412396192550659 seconds

Step:--------------------------------------------------------------------------45--------------------------------------------------------------------------
VLM Prompt:
<image>
Given an image depicting a complex scene with multiple elements, your objective is to analyze the scene of the image in relation to the specified task description and choose the appropriate action from a list of available actions to accomplish the task. There are two examples.

**Example 1:**
- Available Actions:(1): go to bed 1, (2): go to dresser 1, (3): go to drawer 1
- Response:[BEGIN](2): go to dresser 1[END]
**Example 1:**
- Available Actions:(1): go to garbagecan 1, (2): take handtowel 1 from handtowelholder 1, (3): take faucet 1 from handtowelholder 1, (4): take handtowel 2 from handtowelholder 1
- Response:[BEGIN](2): go to dresser 1[END]

**Task Description:**
The task at hand is "find two handtowel and put them in countertop". The agent must find an object of the desired type, pick it up, find the correct location to place it, put it down there, then look for another object of the desired type, pick it up, return to previous location, and put it down there with the other object.

**Available Actions:**
(1): go to countertop 1
(2): go to cabinet 1
(3): go to cabinet 2
(4): go to sink 1
(5): go to cabinet 3
(6): go to sinkbasin 1
(7): go to handtowelholder 2
(8): go to toilet 1
(9): go to garbagecan 1
(10): put handtowel 1 in/on handtowelholder 1
(11): examine handtowel 1
(12): examine handtowelholder 1

**Determine the appropriate action:**
- Identify relevant objects in the image related to the task.
- Evaluate each action's potential to successfully complete the task.

**Response:**
- Let's tink step-by-step.
- (i): [BEGIN][Selected Action][END]

Original VLM Response:
- (i): [BEGIN](7): go to handtowelholder 2[END]

> Action: go to handtowelholder 2
Running time: 3.0986642837524414 seconds

Step:--------------------------------------------------------------------------46--------------------------------------------------------------------------
VLM Prompt:
<image>
Given an image depicting a complex scene with multiple elements, your objective is to analyze the scene of the image in relation to the specified task description and choose the appropriate action from a list of available actions to accomplish the task. There are two examples.

**Example 1:**
- Available Actions:(1): go to bed 1, (2): go to dresser 1, (3): go to drawer 1
- Response:[BEGIN](2): go to dresser 1[END]
**Example 1:**
- Available Actions:(1): go to garbagecan 1, (2): take handtowel 1 from handtowelholder 1, (3): take faucet 1 from handtowelholder 1, (4): take handtowel 2 from handtowelholder 1
- Response:[BEGIN](2): go to dresser 1[END]

**Task Description:**
The task at hand is "find two handtowel and put them in countertop". The agent must find an object of the desired type, pick it up, find the correct location to place it, put it down there, then look for another object of the desired type, pick it up, return to previous location, and put it down there with the other object.

**Available Actions:**
(1): go to countertop 1
(2): go to cabinet 1
(3): go to cabinet 2
(4): go to sink 1
(5): go to cabinet 3
(6): go to sinkbasin 1
(7): go to handtowelholder 1
(8): go to toilet 1
(9): go to garbagecan 1
(10): put handtowel 1 in/on handtowelholder 2
(11): examine handtowel 1
(12): examine handtowelholder 2

**Determine the appropriate action:**
- Identify relevant objects in the image related to the task.
- Evaluate each action's potential to successfully complete the task.

**Response:**
- Let's tink step-by-step.
- (i): [BEGIN][Selected Action][END]

Original VLM Response:
- (i): [BEGIN](7): go to handtowelholder 1[END]

> Action: go to handtowelholder 1
Running time: 2.154182195663452 seconds

Step:--------------------------------------------------------------------------47--------------------------------------------------------------------------
VLM Prompt:
<image>
Given an image depicting a complex scene with multiple elements, your objective is to analyze the scene of the image in relation to the specified task description and choose the appropriate action from a list of available actions to accomplish the task. There are two examples.

**Example 1:**
- Available Actions:(1): go to bed 1, (2): go to dresser 1, (3): go to drawer 1
- Response:[BEGIN](2): go to dresser 1[END]
**Example 1:**
- Available Actions:(1): go to garbagecan 1, (2): take handtowel 1 from handtowelholder 1, (3): take faucet 1 from handtowelholder 1, (4): take handtowel 2 from handtowelholder 1
- Response:[BEGIN](2): go to dresser 1[END]

**Task Description:**
The task at hand is "find two handtowel and put them in countertop". The agent must find an object of the desired type, pick it up, find the correct location to place it, put it down there, then look for another object of the desired type, pick it up, return to previous location, and put it down there with the other object.

**Available Actions:**
(1): go to countertop 1
(2): go to cabinet 1
(3): go to cabinet 2
(4): go to sink 1
(5): go to cabinet 3
(6): go to sinkbasin 1
(7): go to handtowelholder 2
(8): go to toilet 1
(9): go to garbagecan 1
(10): put handtowel 1 in/on handtowelholder 1
(11): examine handtowel 1
(12): examine handtowelholder 1

**Determine the appropriate action:**
- Identify relevant objects in the image related to the task.
- Evaluate each action's potential to successfully complete the task.

**Response:**
- Let's tink step-by-step.
- (i): [BEGIN][Selected Action][END]

Original VLM Response:
- (i): [BEGIN](7): go to handtowelholder 2[END]

> Action: go to handtowelholder 2
Running time: 3.401911735534668 seconds

Step:--------------------------------------------------------------------------48--------------------------------------------------------------------------
VLM Prompt:
<image>
Given an image depicting a complex scene with multiple elements, your objective is to analyze the scene of the image in relation to the specified task description and choose the appropriate action from a list of available actions to accomplish the task. There are two examples.

**Example 1:**
- Available Actions:(1): go to bed 1, (2): go to dresser 1, (3): go to drawer 1
- Response:[BEGIN](2): go to dresser 1[END]
**Example 1:**
- Available Actions:(1): go to garbagecan 1, (2): take handtowel 1 from handtowelholder 1, (3): take faucet 1 from handtowelholder 1, (4): take handtowel 2 from handtowelholder 1
- Response:[BEGIN](2): go to dresser 1[END]

**Task Description:**
The task at hand is "find two handtowel and put them in countertop". The agent must find an object of the desired type, pick it up, find the correct location to place it, put it down there, then look for another object of the desired type, pick it up, return to previous location, and put it down there with the other object.

**Available Actions:**
(1): go to countertop 1
(2): go to cabinet 1
(3): go to cabinet 2
(4): go to sink 1
(5): go to cabinet 3
(6): go to sinkbasin 1
(7): go to handtowelholder 1
(8): go to toilet 1
(9): go to garbagecan 1
(10): put handtowel 1 in/on handtowelholder 2
(11): examine handtowel 1
(12): examine handtowelholder 2

**Determine the appropriate action:**
- Identify relevant objects in the image related to the task.
- Evaluate each action's potential to successfully complete the task.

**Response:**
- Let's tink step-by-step.
- (i): [BEGIN][Selected Action][END]

Original VLM Response:
- (i): [BEGIN](7): go to handtowelholder 1[END]

> Action: go to handtowelholder 1
Running time: 3.049250841140747 seconds

Step:--------------------------------------------------------------------------49--------------------------------------------------------------------------
VLM Prompt:
<image>
Given an image depicting a complex scene with multiple elements, your objective is to analyze the scene of the image in relation to the specified task description and choose the appropriate action from a list of available actions to accomplish the task. There are two examples.

**Example 1:**
- Available Actions:(1): go to bed 1, (2): go to dresser 1, (3): go to drawer 1
- Response:[BEGIN](2): go to dresser 1[END]
**Example 1:**
- Available Actions:(1): go to garbagecan 1, (2): take handtowel 1 from handtowelholder 1, (3): take faucet 1 from handtowelholder 1, (4): take handtowel 2 from handtowelholder 1
- Response:[BEGIN](2): go to dresser 1[END]

**Task Description:**
The task at hand is "find two handtowel and put them in countertop". The agent must find an object of the desired type, pick it up, find the correct location to place it, put it down there, then look for another object of the desired type, pick it up, return to previous location, and put it down there with the other object.

**Available Actions:**
(1): go to countertop 1
(2): go to cabinet 1
(3): go to cabinet 2
(4): go to sink 1
(5): go to cabinet 3
(6): go to sinkbasin 1
(7): go to handtowelholder 2
(8): go to toilet 1
(9): go to garbagecan 1
(10): put handtowel 1 in/on handtowelholder 1
(11): examine handtowel 1
(12): examine handtowelholder 1

**Determine the appropriate action:**
- Identify relevant objects in the image related to the task.
- Evaluate each action's potential to successfully complete the task.

**Response:**
- Let's tink step-by-step.
- (i): [BEGIN][Selected Action][END]

Original VLM Response:
- (i): [BEGIN](7): go to handtowelholder 2[END]

> Action: go to handtowelholder 2
Running time: 2.2233073711395264 seconds

Step:--------------------------------------------------------------------------50--------------------------------------------------------------------------
VLM Prompt:
<image>
Given an image depicting a complex scene with multiple elements, your objective is to analyze the scene of the image in relation to the specified task description and choose the appropriate action from a list of available actions to accomplish the task. There are two examples.

**Example 1:**
- Available Actions:(1): go to bed 1, (2): go to dresser 1, (3): go to drawer 1
- Response:[BEGIN](2): go to dresser 1[END]
**Example 1:**
- Available Actions:(1): go to garbagecan 1, (2): take handtowel 1 from handtowelholder 1, (3): take faucet 1 from handtowelholder 1, (4): take handtowel 2 from handtowelholder 1
- Response:[BEGIN](2): go to dresser 1[END]

**Task Description:**
The task at hand is "find two handtowel and put them in countertop". The agent must find an object of the desired type, pick it up, find the correct location to place it, put it down there, then look for another object of the desired type, pick it up, return to previous location, and put it down there with the other object.

**Available Actions:**
(1): go to countertop 1
(2): go to cabinet 1
(3): go to cabinet 2
(4): go to sink 1
(5): go to cabinet 3
(6): go to sinkbasin 1
(7): go to handtowelholder 1
(8): go to toilet 1
(9): go to garbagecan 1
(10): put handtowel 1 in/on handtowelholder 2
(11): examine handtowel 1
(12): examine handtowelholder 2

**Determine the appropriate action:**
- Identify relevant objects in the image related to the task.
- Evaluate each action's potential to successfully complete the task.

**Response:**
- Let's tink step-by-step.
- (i): [BEGIN][Selected Action][END]

Original VLM Response:
- (i): [BEGIN](7): go to handtowelholder 1[END]

> Action: go to handtowelholder 1
Running time: 2.102252960205078 seconds

UNSUCCEED
