---------------------------------------------------------Scene: 2---------------------------------------------------------
--------------------------------------------------------------------------------------------------------------------------------------------------------------------
--------------------------------------------------------------------------------------------------------------------------------------------------------------------
Step:--------------------------------------------------------------------------1--------------------------------------------------------------------------
VLM Prompt:
<image>
**Objective:** Achieve "examine the alarmclock with the desklamp". There is a hint about the given task. The agent must find an object of the desired type, locate and turn on a light source with the desired object in-hand. Remember that you must reach your destination before interacting with the object..

**Visual Context:** Given the image, closely examine all elements within to gather clues and insights relevant to the objective. Consider how the arrangement, interactions, and details of the scene relate to the task at hand.

**Reflective Thought:**
Nothing. 

**Admissible Actions List:**
(1): go to bed 1
(2): go to desk 1
(3): go to shelf 1
(4): go to sidetable 1
(5): go to drawer 1
(6): go to drawer 2
(7): go to garbagecan 1

**Output Examples:**
*Example 1*:
- Admissible Actions:(1): go to bed 1, (2): go to dresser 1, (3): go to drawer 1
- Response:[BEGIN](2): go to dresser 1[END]
*Example 2*:
- Admissible Actions:(1): go to garbagecan 1, (2): take handtowel 1 from handtowelholder 1, (3): take faucet 1 from handtowelholder 1, (4): take handtowel 2 from handtowelholder 1
- Response:[BEGIN](2): take handtowel 1 from handtowelholder 1[END]

**Response:**
- Choose an action from the admissible actions list directly contributing to the task objective based on the reflective thought and the visual context, are the form: [BEGIN](i): [Selected Action][END]

Original VLM Response:
[BEGIN](3): go to shelf 1[END]

> Action: go to shelf 1
Running time: 2.70296311378479 seconds

Current Attempts Reflect Prompt:
Current Attempt 1:
<image>
- Action Taken: go to shelf 1
- Resulting Observation: You arrive at loc 2. On the shelf 1, you see a desklamp 1, a book 1, a alarmclock 1, a tissuebox 1, a cellphone 1, a cellphone 2, a keychain 1, a keychain 2, and a pen 1.
Interact with a household to solve a task. At begining, you are in the middle of a room. looking quickly around you, you see a bed 1, a desk 1, a shelf 1, a sidetable 1, a drawer 1, a drawer 2, and a garbagecan 1. You have 1 sets of current tried attempts, and each attempt consists of an action, an image of the action after it happened, and a resulting observation.

**You also have the summary of previously tried attempts:** 
No the summary of previously tried attempts.

**For the task: 'examine the alarmclock with the desklamp', you need to do**:
a. Analyze the impact of each current tried attempt including the image, resulting observation, and taken action on the task.
b. Combine the summary of previously tried attempts and the analysis of currently tried attempts to give a suggestion of the next step to complete the task.

**Response**: 
Let's think step-by-step.

Current Attempts Reflect:
a. The current attempt shows that the action taken was to go to shelf 1, where the desklamp 1 and alarmclock 1 are located. The resulting observation confirms that both items are on the shelf, along with other items such as books, tissue box, cellphones, and keychains. The image shows the layout of the items on the shelf, with the desklamp and alarmclock visible and within reach.
b. Since there are no previously tried attempts to summarize, we only have the current attempt to work with. To complete the task of examining the alarmclock with the desklamp, the next step would be to turn on the desklamp to provide light and then interact with the alarmclock to examine it more closely. This could involve looking at the time displayed, checking if the alarm is set, or inspecting the alarmclock for any damages or issues.
Current Attempts Reflect Running time: 9.612582445144653 seconds

Step:--------------------------------------------------------------------------2--------------------------------------------------------------------------
VLM Prompt:
<image>
**Objective:** Achieve "examine the alarmclock with the desklamp". There is a hint about the given task. The agent must find an object of the desired type, locate and turn on a light source with the desired object in-hand. Remember that you must reach your destination before interacting with the object..

**Visual Context:** Given the image, closely examine all elements within to gather clues and insights relevant to the objective. Consider how the arrangement, interactions, and details of the scene relate to the task at hand.

**Reflective Thought:**
a. The current attempt shows that the action taken was to go to shelf 1, where the desklamp 1 and alarmclock 1 are located. The resulting observation confirms that both items are on the shelf, along with other items such as books, tissue box, cellphones, and keychains. The image shows the layout of the items on the shelf, with the desklamp and alarmclock visible and within reach.
b. Since there are no previously tried attempts to summarize, we only have the current attempt to work with. To complete the task of examining the alarmclock with the desklamp, the next step would be to turn on the desklamp to provide light and then interact with the alarmclock to examine it more closely. This could involve looking at the time displayed, checking if the alarm is set, or inspecting the alarmclock for any damages or issues.. 

**Admissible Actions List:**
(1): go to bed 1
(2): go to desk 1
(3): go to sidetable 1
(4): go to drawer 1
(5): go to drawer 2
(6): go to garbagecan 1
(7): take book 1 from shelf 1
(8): take alarmclock 1 from shelf 1
(9): take tissuebox 1 from shelf 1
(10): take cellphone 1 from shelf 1
(11): take cellphone 2 from shelf 1
(12): take keychain 1 from shelf 1
(13): take keychain 2 from shelf 1
(14): take pen 1 from shelf 1
(15): use desklamp 1
(16): examine shelf 1

**Output Examples:**
*Example 1*:
- Admissible Actions:(1): go to bed 1, (2): go to dresser 1, (3): go to drawer 1
- Response:[BEGIN](2): go to dresser 1[END]
*Example 2*:
- Admissible Actions:(1): go to garbagecan 1, (2): take handtowel 1 from handtowelholder 1, (3): take faucet 1 from handtowelholder 1, (4): take handtowel 2 from handtowelholder 1
- Response:[BEGIN](2): take handtowel 1 from handtowelholder 1[END]

**Response:**
- Choose an action from the admissible actions list directly contributing to the task objective based on the reflective thought and the visual context, are the form: [BEGIN](i): [Selected Action][END]

Original VLM Response:
[BEGIN](15): use desklamp 1[END]

> Action: use desklamp 1
Running time: 2.187392234802246 seconds

Current Attempts Reflect Prompt:
Current Attempt 1:
<image>
- Action Taken: go to shelf 1
- Resulting Observation: You arrive at loc 2. On the shelf 1, you see a desklamp 1, a book 1, a alarmclock 1, a tissuebox 1, a cellphone 1, a cellphone 2, a keychain 1, a keychain 2, and a pen 1.
Current Attempt 2:
<image>
- Action Taken: use desklamp 1
- Resulting Observation: You turn on the desklamp 1.
Interact with a household to solve a task. At begining, you are in the middle of a room. looking quickly around you, you see a bed 1, a desk 1, a shelf 1, a sidetable 1, a drawer 1, a drawer 2, and a garbagecan 1. You have 2 sets of current tried attempts, and each attempt consists of an action, an image of the action after it happened, and a resulting observation.

**You also have the summary of previously tried attempts:** 
No the summary of previously tried attempts.

**For the task: 'examine the alarmclock with the desklamp', you need to do**:
a. Analyze the impact of each current tried attempt including the image, resulting observation, and taken action on the task.
b. Combine the summary of previously tried attempts and the analysis of currently tried attempts to give a suggestion of the next step to complete the task.

**Response**: 
Let's think step-by-step.

Current Attempts Reflect:
a. Analysis of Current Attempts:
- Attempt 1: The action taken was to go to shelf 1. The resulting observation was a list of items on the shelf, including the desklamp 1 and the alarmclock 1. This action was necessary to approach the items we need to interact with for the task.
- Attempt 2: The action taken was to use the desklamp 1. The resulting observation was that the desklamp was turned on. This action was necessary to have a light source to examine the alarmclock.
b. Suggestion for Next Step:
Since we have approached the shelf and turned on the desklamp, the next logical step to complete the task 'examine the alarmclock with the desklamp' would be to interact with the alarmclock 1. Specifically, the action would be to examine the alarmclock 1 now that the desklamp 1 is providing light. This should allow for a detailed observation of the alarmclock.
Current Attempts Reflect Running time: 8.554864168167114 seconds

Step:--------------------------------------------------------------------------3--------------------------------------------------------------------------
VLM Prompt:
<image>
**Objective:** Achieve "examine the alarmclock with the desklamp". There is a hint about the given task. The agent must find an object of the desired type, locate and turn on a light source with the desired object in-hand. Remember that you must reach your destination before interacting with the object..

**Visual Context:** Given the image, closely examine all elements within to gather clues and insights relevant to the objective. Consider how the arrangement, interactions, and details of the scene relate to the task at hand.

**Reflective Thought:**
a. Analysis of Current Attempts:
- Attempt 1: The action taken was to go to shelf 1. The resulting observation was a list of items on the shelf, including the desklamp 1 and the alarmclock 1. This action was necessary to approach the items we need to interact with for the task.
- Attempt 2: The action taken was to use the desklamp 1. The resulting observation was that the desklamp was turned on. This action was necessary to have a light source to examine the alarmclock.
b. Suggestion for Next Step:
Since we have approached the shelf and turned on the desklamp, the next logical step to complete the task 'examine the alarmclock with the desklamp' would be to interact with the alarmclock 1. Specifically, the action would be to examine the alarmclock 1 now that the desklamp 1 is providing light. This should allow for a detailed observation of the alarmclock.. 

**Admissible Actions List:**
(1): go to bed 1
(2): go to desk 1
(3): go to sidetable 1
(4): go to drawer 1
(5): go to drawer 2
(6): go to garbagecan 1
(7): take book 1 from shelf 1
(8): take alarmclock 1 from shelf 1
(9): take tissuebox 1 from shelf 1
(10): take cellphone 1 from shelf 1
(11): take cellphone 2 from shelf 1
(12): take keychain 1 from shelf 1
(13): take keychain 2 from shelf 1
(14): take pen 1 from shelf 1
(15): use desklamp 1
(16): examine shelf 1

**Output Examples:**
*Example 1*:
- Admissible Actions:(1): go to bed 1, (2): go to dresser 1, (3): go to drawer 1
- Response:[BEGIN](2): go to dresser 1[END]
*Example 2*:
- Admissible Actions:(1): go to garbagecan 1, (2): take handtowel 1 from handtowelholder 1, (3): take faucet 1 from handtowelholder 1, (4): take handtowel 2 from handtowelholder 1
- Response:[BEGIN](2): take handtowel 1 from handtowelholder 1[END]

**Response:**
- Choose an action from the admissible actions list directly contributing to the task objective based on the reflective thought and the visual context, are the form: [BEGIN](i): [Selected Action][END]

Original VLM Response:
[BEGIN](8): take alarmclock 1 from shelf 1[END]

> Action: take alarmclock 1 from shelf 1
Running time: 3.6935489177703857 seconds

SUCCEED
