---------------------------------------------------------Scene: 18---------------------------------------------------------
--------------------------------------------------------------------------------------------------------------------------------------------------------------------
--------------------------------------------------------------------------------------------------------------------------------------------------------------------
Step:--------------------------------------------------------------------------1--------------------------------------------------------------------------
VLM Prompt:
<image>
**Objective:** Achieve "put a cd in diningtable". There is a hint about the given task. The agent must find an object of the desired type, pick it up, find the correct location to place it, and put it down there. Remember that you must reach your destination before picking and puting..

**Visual Context:** Given the image, closely examine all elements within to gather clues and insights relevant to the objective. Consider how the arrangement, interactions, and details of the scene relate to the task at hand.

**Reflective Thought:**
Nothing. 

**Admissible Actions List:**
(1): go to armchair 1
(2): go to sidetable 1
(3): go to dresser 1
(4): go to armchair 2
(5): go to bed 1
(6): go to countertop 1
(7): go to garbagecan 1
(8): go to diningtable 1
(9): go to drawer 1
(10): go to drawer 2

**Output Examples:**
*Example 1*:
- Admissible Actions:(1): go to bed 1, (2): go to dresser 1, (3): go to drawer 1
- Response:[BEGIN](2): go to dresser 1[END]
*Example 2*:
- Admissible Actions:(1): go to garbagecan 1, (2): take handtowel 1 from handtowelholder 1, (3): take faucet 1 from handtowelholder 1, (4): take handtowel 2 from handtowelholder 1
- Response:[BEGIN](2): take handtowel 1 from handtowelholder 1[END]

**Response:**
- Choose an action from the admissible actions list directly contributing to the task objective based on the reflective thought and the visual context, are the form: [BEGIN](i): [Selected Action][END]

Original VLM Response:
- Admissible Actions:(1): go to armchair 1, (2): go to sidetable 1, (3): go to dresser 1, (4): go to armchair 2, (5): go to bed 1, (6): go to countertop 1, (7): go to garbagecan 1, (8): go to diningtable 1, (9): go to drawer 1, (10): go to drawer 2
- Response:[BEGIN](8): go to diningtable 1[END]

> Action: go to diningtable 1
Running time: 5.899816274642944 seconds

Current Attempts Reflect Prompt:
Current Attempt 1:
<image>
- Action Taken: go to diningtable 1
- Resulting Observation: You arrive at loc 7. On the diningtable 1, you see a bowl 1, a mug 1, a laptop 1, a mug 2, a keychain 1, and a pencil 1.
Interact with a household to solve a task. At begining, you are in the middle of a room. looking quickly around you, you see a armchair 1, a sidetable 1, a dresser 1, a armchair 2, a bed 1, a countertop 1, a garbagecan 1, a diningtable 1, a drawer 1, and a drawer 2. You have 1 sets of current tried attempts, and each attempt consists of an action, an image of the action after it happened, and a resulting observation.

**You also have the summary of previously tried attempts:** 
No the summary of previously tried attempts.

**For the task: 'put a cd in diningtable', you need to do**:
a. Analyze the impact of each current tried attempt including the image, resulting observation, and taken action on the task.
b. Combine the summary of previously tried attempts and the analysis of currently tried attempts to give a suggestion of the next step to complete the task.

**Response**: 
Let's think step-by-step.

Current Attempts Reflect:
a. The current attempt involved going to the dining table and observing the items on it. The image shows a bowl, two mugs, a laptop, a keychain, and a pencil on the dining table. The action of going to the dining table was successful as it brought us closer to the items on it, but it did not directly contribute to the task of putting a CD on the dining table.
b. Since there is no summary of previously tried attempts, we only have the current attempt to analyze. To complete the task of putting a CD on the dining table, the next step would be to find a CD. We should look around the room to see if there is a CD nearby, or if there is another location in the room where a CD might be stored, such as a drawer or a shelf. Once we locate a CD, we can then take the action of placing it on the dining table to complete the task.
Current Attempts Reflect Running time: 8.109339714050293 seconds

Step:--------------------------------------------------------------------------2--------------------------------------------------------------------------
VLM Prompt:
<image>
**Objective:** Achieve "put a cd in diningtable". There is a hint about the given task. The agent must find an object of the desired type, pick it up, find the correct location to place it, and put it down there. Remember that you must reach your destination before picking and puting..

**Visual Context:** Given the image, closely examine all elements within to gather clues and insights relevant to the objective. Consider how the arrangement, interactions, and details of the scene relate to the task at hand.

**Reflective Thought:**
a. The current attempt involved going to the dining table and observing the items on it. The image shows a bowl, two mugs, a laptop, a keychain, and a pencil on the dining table. The action of going to the dining table was successful as it brought us closer to the items on it, but it did not directly contribute to the task of putting a CD on the dining table.
b. Since there is no summary of previously tried attempts, we only have the current attempt to analyze. To complete the task of putting a CD on the dining table, the next step would be to find a CD. We should look around the room to see if there is a CD nearby, or if there is another location in the room where a CD might be stored, such as a drawer or a shelf. Once we locate a CD, we can then take the action of placing it on the dining table to complete the task.. 

**Admissible Actions List:**
(1): go to armchair 1
(2): go to sidetable 1
(3): go to dresser 1
(4): go to armchair 2
(5): go to bed 1
(6): go to countertop 1
(7): go to garbagecan 1
(8): go to drawer 1
(9): go to drawer 2
(10): take bowl 1 from diningtable 1
(11): take mug 1 from diningtable 1
(12): take laptop 1 from diningtable 1
(13): take mug 2 from diningtable 1
(14): take keychain 1 from diningtable 1
(15): take pencil 1 from diningtable 1
(16): examine diningtable 1

**Output Examples:**
*Example 1*:
- Admissible Actions:(1): go to bed 1, (2): go to dresser 1, (3): go to drawer 1
- Response:[BEGIN](2): go to dresser 1[END]
*Example 2*:
- Admissible Actions:(1): go to garbagecan 1, (2): take handtowel 1 from handtowelholder 1, (3): take faucet 1 from handtowelholder 1, (4): take handtowel 2 from handtowelholder 1
- Response:[BEGIN](2): take handtowel 1 from handtowelholder 1[END]

**Response:**
- Choose an action from the admissible actions list directly contributing to the task objective based on the reflective thought and the visual context, are the form: [BEGIN](i): [Selected Action][END]

Original VLM Response:
- Admissible Actions:(1): go to armchair 1, (2): go to sidetable 1, (3): go to dresser 1, (4): go to armchair 2, (5): go to bed 1, (6): go to countertop 1, (7): go to garbagecan 1, (8): go to drawer 1, (9): go to drawer 2
- Response:[BEGIN](3): go to dresser 1[END]

> Action: go to dresser 1
Running time: 5.450397253036499 seconds

Current Attempts Reflect Prompt:
Current Attempt 1:
<image>
- Action Taken: go to diningtable 1
- Resulting Observation: You arrive at loc 7. On the diningtable 1, you see a bowl 1, a mug 1, a laptop 1, a mug 2, a keychain 1, and a pencil 1.
Current Attempt 2:
<image>
- Action Taken: go to dresser 1
- Resulting Observation: You arrive at loc 2. On the dresser 1, you see a television 1.
Interact with a household to solve a task. At begining, you are in the middle of a room. looking quickly around you, you see a armchair 1, a sidetable 1, a dresser 1, a armchair 2, a bed 1, a countertop 1, a garbagecan 1, a diningtable 1, a drawer 1, and a drawer 2. You have 2 sets of current tried attempts, and each attempt consists of an action, an image of the action after it happened, and a resulting observation.

**You also have the summary of previously tried attempts:** 
No the summary of previously tried attempts.

**For the task: 'put a cd in diningtable', you need to do**:
a. Analyze the impact of each current tried attempt including the image, resulting observation, and taken action on the task.
b. Combine the summary of previously tried attempts and the analysis of currently tried attempts to give a suggestion of the next step to complete the task.

**Response**: 
Let's think step-by-step.

Current Attempts Reflect:
a. Analysis of current attempts:
- Attempt 1: The action taken was going to the dining table. The resulting observation tells us that there is a bowl, two mugs, a laptop, a keychain, and a pencil on the dining table, but no CD is mentioned or visible in the image. This attempt does not directly impact the task of putting a CD on the dining table as it does not involve finding or handling a CD.
- Attempt 2: The action taken was going to the dresser. The resulting observation is that there is a television on the dresser, but again, no CD is mentioned or visible in the image. This attempt also does not directly impact the task as it does not involve finding or handling a CD.
b. Suggestion for the next step:
Since neither of the current attempts involved finding a CD, the next step should be to locate a CD. Based on the items and furniture mentioned in the initial room description, a CD might be found in a drawer or near the television (as sometimes CDs are stored near entertainment systems). The next action should be to either "go to drawer 1" or "go to drawer 2" and search for a CD. If a CD is not found in the drawers, the next step would be to inspect the area around the television on the dresser more closely. Once a CD is found, the task can be completed by taking the CD and placing it on the dining table.
Current Attempts Reflect Running time: 10.026084184646606 seconds

Step:--------------------------------------------------------------------------3--------------------------------------------------------------------------
VLM Prompt:
<image>
**Objective:** Achieve "put a cd in diningtable". There is a hint about the given task. The agent must find an object of the desired type, pick it up, find the correct location to place it, and put it down there. Remember that you must reach your destination before picking and puting..

**Visual Context:** Given the image, closely examine all elements within to gather clues and insights relevant to the objective. Consider how the arrangement, interactions, and details of the scene relate to the task at hand.

**Reflective Thought:**
a. Analysis of current attempts:
- Attempt 1: The action taken was going to the dining table. The resulting observation tells us that there is a bowl, two mugs, a laptop, a keychain, and a pencil on the dining table, but no CD is mentioned or visible in the image. This attempt does not directly impact the task of putting a CD on the dining table as it does not involve finding or handling a CD.
- Attempt 2: The action taken was going to the dresser. The resulting observation is that there is a television on the dresser, but again, no CD is mentioned or visible in the image. This attempt also does not directly impact the task as it does not involve finding or handling a CD.
b. Suggestion for the next step:
Since neither of the current attempts involved finding a CD, the next step should be to locate a CD. Based on the items and furniture mentioned in the initial room description, a CD might be found in a drawer or near the television (as sometimes CDs are stored near entertainment systems). The next action should be to either "go to drawer 1" or "go to drawer 2" and search for a CD. If a CD is not found in the drawers, the next step would be to inspect the area around the television on the dresser more closely. Once a CD is found, the task can be completed by taking the CD and placing it on the dining table.. 

**Admissible Actions List:**
(1): go to armchair 1
(2): go to sidetable 1
(3): go to armchair 2
(4): go to bed 1
(5): go to countertop 1
(6): go to garbagecan 1
(7): go to diningtable 1
(8): go to drawer 1
(9): go to drawer 2
(10): take television 1 from dresser 1
(11): examine dresser 1

**Output Examples:**
*Example 1*:
- Admissible Actions:(1): go to bed 1, (2): go to dresser 1, (3): go to drawer 1
- Response:[BEGIN](2): go to dresser 1[END]
*Example 2*:
- Admissible Actions:(1): go to garbagecan 1, (2): take handtowel 1 from handtowelholder 1, (3): take faucet 1 from handtowelholder 1, (4): take handtowel 2 from handtowelholder 1
- Response:[BEGIN](2): take handtowel 1 from handtowelholder 1[END]

**Response:**
- Choose an action from the admissible actions list directly contributing to the task objective based on the reflective thought and the visual context, are the form: [BEGIN](i): [Selected Action][END]

Original VLM Response:
[BEGIN](8): go to drawer 1[END]

> Action: go to drawer 1
Running time: 2.399362802505493 seconds

Current Attempts Reflect Prompt:
Current Attempt 1:
<image>
- Action Taken: go to diningtable 1
- Resulting Observation: You arrive at loc 7. On the diningtable 1, you see a bowl 1, a mug 1, a laptop 1, a mug 2, a keychain 1, and a pencil 1.
Current Attempt 2:
<image>
- Action Taken: go to dresser 1
- Resulting Observation: You arrive at loc 2. On the dresser 1, you see a television 1.
Current Attempt 3:
<image>
- Action Taken: go to drawer 1
- Resulting Observation: You arrive at loc 8. The drawer 1 is closed. 
Interact with a household to solve a task. At begining, you are in the middle of a room. looking quickly around you, you see a armchair 1, a sidetable 1, a dresser 1, a armchair 2, a bed 1, a countertop 1, a garbagecan 1, a diningtable 1, a drawer 1, and a drawer 2. You have 3 sets of current tried attempts, and each attempt consists of an action, an image of the action after it happened, and a resulting observation.

**You also have the summary of previously tried attempts:** 
No the summary of previously tried attempts.

**For the task: 'put a cd in diningtable', you need to do**:
a. Analyze the impact of each current tried attempt including the image, resulting observation, and taken action on the task.
b. Combine the summary of previously tried attempts and the analysis of currently tried attempts to give a suggestion of the next step to complete the task.

**Response**: 
Let's think step-by-step.

Current Attempts Reflect:
a. Analysis of current attempts:
- Attempt 1: The action taken was to go to the dining table, which is a relevant action since the task is to put a CD on the dining table. However, the resulting observation does not mention any CD present on the dining table or in the vicinity.
- Attempt 2: The action taken was to go to the dresser, and the resulting observation shows only a television on the dresser. This action does not directly contribute to the task, as there is no mention of a CD.
- Attempt 3: The action taken was to go to drawer 1, and the resulting observation indicates that the drawer is closed. This could be a potential place to look for a CD, but it does not directly accomplish the task.
b. Suggestion for the next step:
Combining the analysis of the current attempts with the fact that there is no summary of previously tried attempts, the next logical step would be to interact with the drawer 1 by opening it to check for the presence of a CD. If a CD is found inside the drawer, the next action would be to take the CD and place it on the dining table, thus completing the task. If no CD is found, the next step would be to continue searching other locations such as drawer 2, the countertop, or any other storage spaces in the room.
Current Attempts Reflect Running time: 11.008544921875 seconds


**Earlier Memory Attempt Prompt:**
Earlier Attempts 1:
a. Analysis of current attempts:
- Attempt 1: The action taken was to go to the dining table, which is a relevant action since the task is to put a CD on the dining table. However, the resulting observation does not mention any CD present on the dining table or in the vicinity.
- Attempt 2: The action taken was to go to the dresser, and the resulting observation shows only a television on the dresser. This action does not directly contribute to the task, as there is no mention of a CD.
- Attempt 3: The action taken was to go to drawer 1, and the resulting observation indicates that the drawer is closed. This could be a potential place to look for a CD, but it does not directly accomplish the task.
b. Suggestion for the next step:
Combining the analysis of the current attempts with the fact that there is no summary of previously tried attempts, the next logical step would be to interact with the drawer 1 by opening it to check for the presence of a CD. If a CD is found inside the drawer, the next action would be to take the CD and place it on the dining table, thus completing the task. If no CD is found, the next step would be to continue searching other locations such as drawer 2, the countertop, or any other storage spaces in the room.



Earlier Memory Attempt:
Summary:
The narrative details three attempts to complete a task - placing a CD on the dining table. In the first attempt, the subject went to the dining table, but no CD was observed. The second attempt involved going to the dresser, but only a television was found. The third attempt involved going to drawer 1, but the drawer was closed. The results of these actions show that the CD has not yet been located or placed on the dining table. The combined effect of these attempts suggests that the CD might be in a storage space, like drawer 1. Therefore, the recommended future strategy involves opening and checking drawer 1 for the CD. If not found, the search should continue in other locations like drawer 2 or the countertop.
Earlier Memory Attempt Running time: 15.391271352767944 seconds

Step:--------------------------------------------------------------------------4--------------------------------------------------------------------------
VLM Prompt:
<image>
**Objective:** Achieve "put a cd in diningtable". There is a hint about the given task. The agent must find an object of the desired type, pick it up, find the correct location to place it, and put it down there. Remember that you must reach your destination before picking and puting..

**Visual Context:** Given the image, closely examine all elements within to gather clues and insights relevant to the objective. Consider how the arrangement, interactions, and details of the scene relate to the task at hand.

**Reflective Thought:**
a. Analysis of current attempts:
- Attempt 1: The action taken was to go to the dining table, which is a relevant action since the task is to put a CD on the dining table. However, the resulting observation does not mention any CD present on the dining table or in the vicinity.
- Attempt 2: The action taken was to go to the dresser, and the resulting observation shows only a television on the dresser. This action does not directly contribute to the task, as there is no mention of a CD.
- Attempt 3: The action taken was to go to drawer 1, and the resulting observation indicates that the drawer is closed. This could be a potential place to look for a CD, but it does not directly accomplish the task.
b. Suggestion for the next step:
Combining the analysis of the current attempts with the fact that there is no summary of previously tried attempts, the next logical step would be to interact with the drawer 1 by opening it to check for the presence of a CD. If a CD is found inside the drawer, the next action would be to take the CD and place it on the dining table, thus completing the task. If no CD is found, the next step would be to continue searching other locations such as drawer 2, the countertop, or any other storage spaces in the room.. 

**Admissible Actions List:**
(1): go to armchair 1
(2): go to sidetable 1
(3): go to dresser 1
(4): go to armchair 2
(5): go to bed 1
(6): go to countertop 1
(7): go to garbagecan 1
(8): go to diningtable 1
(9): go to drawer 2
(10): open drawer 1
(11): close drawer 1
(12): examine drawer 1

**Output Examples:**
*Example 1*:
- Admissible Actions:(1): go to bed 1, (2): go to dresser 1, (3): go to drawer 1
- Response:[BEGIN](2): go to dresser 1[END]
*Example 2*:
- Admissible Actions:(1): go to garbagecan 1, (2): take handtowel 1 from handtowelholder 1, (3): take faucet 1 from handtowelholder 1, (4): take handtowel 2 from handtowelholder 1
- Response:[BEGIN](2): take handtowel 1 from handtowelholder 1[END]

**Response:**
- Choose an action from the admissible actions list directly contributing to the task objective based on the reflective thought and the visual context, are the form: [BEGIN](i): [Selected Action][END]

Original VLM Response:
- Response:[BEGIN](10): open drawer 1[END]

> Action: open drawer 1
Running time: 2.1773409843444824 seconds

Current Attempts Reflect Prompt:
Current Attempt 1:
<image>
- Action Taken: go to dresser 1
- Resulting Observation: You arrive at loc 2. On the dresser 1, you see a television 1.
Current Attempt 2:
<image>
- Action Taken: go to drawer 1
- Resulting Observation: You arrive at loc 8. The drawer 1 is closed. 
Current Attempt 3:
<image>
- Action Taken: open drawer 1
- Resulting Observation: You open the drawer 1. The drawer 1 is open. In it, you see a television 1, a bowl 2, and a remotecontrol 1.
Interact with a household to solve a task. At begining, you are in the middle of a room. looking quickly around you, you see a armchair 1, a sidetable 1, a dresser 1, a armchair 2, a bed 1, a countertop 1, a garbagecan 1, a diningtable 1, a drawer 1, and a drawer 2. You have 3 sets of current tried attempts, and each attempt consists of an action, an image of the action after it happened, and a resulting observation.

**You also have the summary of previously tried attempts:** 
Summary:
The narrative details three attempts to complete a task - placing a CD on the dining table. In the first attempt, the subject went to the dining table, but no CD was observed. The second attempt involved going to the dresser, but only a television was found. The third attempt involved going to drawer 1, but the drawer was closed. The results of these actions show that the CD has not yet been located or placed on the dining table. The combined effect of these attempts suggests that the CD might be in a storage space, like drawer 1. Therefore, the recommended future strategy involves opening and checking drawer 1 for the CD. If not found, the search should continue in other locations like drawer 2 or the countertop.

**For the task: 'put a cd in diningtable', you need to do**:
a. Analyze the impact of each current tried attempt including the image, resulting observation, and taken action on the task.
b. Combine the summary of previously tried attempts and the analysis of currently tried attempts to give a suggestion of the next step to complete the task.

**Response**: 
Let's think step-by-step.

Current Attempts Reflect:
a. Analysis of Current Attempts:
- Attempt 1: Going to the dresser did not yield the CD, only a television was found.
- Attempt 2: Going to drawer 1 resulted in finding that the drawer was closed.
- Attempt 3: Opening drawer 1 revealed a television remote and a bowl, but no CD.
b. Suggestion for Next Step:
Combining the summary of previous attempts with the current attempts, we have checked the dining table, dresser, and drawer 1 without finding the CD. The next logical step would be to check drawer 2 since it is another storage space that has not been explored yet. If the CD is not there, we should then check the countertop or any other storage areas in the room. The goal is to find the CD and then place it on the dining table to complete the task.
Current Attempts Reflect Running time: 9.180354595184326 seconds

Step:--------------------------------------------------------------------------5--------------------------------------------------------------------------
VLM Prompt:
<image>
**Objective:** Achieve "put a cd in diningtable". There is a hint about the given task. The agent must find an object of the desired type, pick it up, find the correct location to place it, and put it down there. Remember that you must reach your destination before picking and puting..

**Visual Context:** Given the image, closely examine all elements within to gather clues and insights relevant to the objective. Consider how the arrangement, interactions, and details of the scene relate to the task at hand.

**Reflective Thought:**
a. Analysis of Current Attempts:
- Attempt 1: Going to the dresser did not yield the CD, only a television was found.
- Attempt 2: Going to drawer 1 resulted in finding that the drawer was closed.
- Attempt 3: Opening drawer 1 revealed a television remote and a bowl, but no CD.
b. Suggestion for Next Step:
Combining the summary of previous attempts with the current attempts, we have checked the dining table, dresser, and drawer 1 without finding the CD. The next logical step would be to check drawer 2 since it is another storage space that has not been explored yet. If the CD is not there, we should then check the countertop or any other storage areas in the room. The goal is to find the CD and then place it on the dining table to complete the task.. 

**Admissible Actions List:**
(1): go to armchair 1
(2): go to sidetable 1
(3): go to dresser 1
(4): go to armchair 2
(5): go to bed 1
(6): go to countertop 1
(7): go to garbagecan 1
(8): go to diningtable 1
(9): go to drawer 2
(10): open drawer 1
(11): close drawer 1
(12): take television 1 from drawer 1
(13): take bowl 2 from drawer 1
(14): take remotecontrol 1 from drawer 1
(15): examine drawer 1

**Output Examples:**
*Example 1*:
- Admissible Actions:(1): go to bed 1, (2): go to dresser 1, (3): go to drawer 1
- Response:[BEGIN](2): go to dresser 1[END]
*Example 2*:
- Admissible Actions:(1): go to garbagecan 1, (2): take handtowel 1 from handtowelholder 1, (3): take faucet 1 from handtowelholder 1, (4): take handtowel 2 from handtowelholder 1
- Response:[BEGIN](2): take handtowel 1 from handtowelholder 1[END]

**Response:**
- Choose an action from the admissible actions list directly contributing to the task objective based on the reflective thought and the visual context, are the form: [BEGIN](i): [Selected Action][END]

Original VLM Response:
- Response: [BEGIN](9): go to drawer 2[END]

> Action: go to drawer 2
Running time: 2.460865020751953 seconds

Current Attempts Reflect Prompt:
Current Attempt 1:
<image>
- Action Taken: go to drawer 1
- Resulting Observation: You arrive at loc 8. The drawer 1 is closed. 
Current Attempt 2:
<image>
- Action Taken: open drawer 1
- Resulting Observation: You open the drawer 1. The drawer 1 is open. In it, you see a television 1, a bowl 2, and a remotecontrol 1.
Current Attempt 3:
<image>
- Action Taken: go to drawer 2
- Resulting Observation: You arrive at loc 9. The drawer 2 is closed. 
Interact with a household to solve a task. At begining, you are in the middle of a room. looking quickly around you, you see a armchair 1, a sidetable 1, a dresser 1, a armchair 2, a bed 1, a countertop 1, a garbagecan 1, a diningtable 1, a drawer 1, and a drawer 2. You have 3 sets of current tried attempts, and each attempt consists of an action, an image of the action after it happened, and a resulting observation.

**You also have the summary of previously tried attempts:** 
Summary:
The narrative details three attempts to complete a task - placing a CD on the dining table. In the first attempt, the subject went to the dining table, but no CD was observed. The second attempt involved going to the dresser, but only a television was found. The third attempt involved going to drawer 1, but the drawer was closed. The results of these actions show that the CD has not yet been located or placed on the dining table. The combined effect of these attempts suggests that the CD might be in a storage space, like drawer 1. Therefore, the recommended future strategy involves opening and checking drawer 1 for the CD. If not found, the search should continue in other locations like drawer 2 or the countertop.

**For the task: 'put a cd in diningtable', you need to do**:
a. Analyze the impact of each current tried attempt including the image, resulting observation, and taken action on the task.
b. Combine the summary of previously tried attempts and the analysis of currently tried attempts to give a suggestion of the next step to complete the task.

**Response**: 
Let's think step-by-step.

Current Attempts Reflect:
a. Analysis of Current Attempts:
- Attempt 1: The action of going to drawer 1 resulted in the observation that the drawer is closed. This does not help in finding the CD.
- Attempt 2: Opening drawer 1 revealed a television, a bowl, and a remote control, but no CD. This eliminates drawer 1 as a potential location for the CD.
- Attempt 3: Going to drawer 2 only showed that the drawer is closed, similar to the first attempt with drawer 1.
b. Suggestion for Next Step:
Combining the summary of previous attempts and the analysis of current attempts, it is clear that the CD has not been found in the explored locations (dining table, dresser, drawer 1). The next logical step would be to open drawer 2, as it is another storage space that has not been checked yet. If the CD is not in drawer 2, the search should continue to other areas like the countertop or any other storage spaces in the room that have not been explored.
Current Attempts Reflect Running time: 11.443716287612915 seconds

Step:--------------------------------------------------------------------------6--------------------------------------------------------------------------
VLM Prompt:
<image>
**Objective:** Achieve "put a cd in diningtable". There is a hint about the given task. The agent must find an object of the desired type, pick it up, find the correct location to place it, and put it down there. Remember that you must reach your destination before picking and puting..

**Visual Context:** Given the image, closely examine all elements within to gather clues and insights relevant to the objective. Consider how the arrangement, interactions, and details of the scene relate to the task at hand.

**Reflective Thought:**
a. Analysis of Current Attempts:
- Attempt 1: The action of going to drawer 1 resulted in the observation that the drawer is closed. This does not help in finding the CD.
- Attempt 2: Opening drawer 1 revealed a television, a bowl, and a remote control, but no CD. This eliminates drawer 1 as a potential location for the CD.
- Attempt 3: Going to drawer 2 only showed that the drawer is closed, similar to the first attempt with drawer 1.
b. Suggestion for Next Step:
Combining the summary of previous attempts and the analysis of current attempts, it is clear that the CD has not been found in the explored locations (dining table, dresser, drawer 1). The next logical step would be to open drawer 2, as it is another storage space that has not been checked yet. If the CD is not in drawer 2, the search should continue to other areas like the countertop or any other storage spaces in the room that have not been explored.. 

**Admissible Actions List:**
(1): go to armchair 1
(2): go to sidetable 1
(3): go to dresser 1
(4): go to armchair 2
(5): go to bed 1
(6): go to countertop 1
(7): go to garbagecan 1
(8): go to diningtable 1
(9): go to drawer 1
(10): open drawer 2
(11): close drawer 2
(12): examine drawer 2

**Output Examples:**
*Example 1*:
- Admissible Actions:(1): go to bed 1, (2): go to dresser 1, (3): go to drawer 1
- Response:[BEGIN](2): go to dresser 1[END]
*Example 2*:
- Admissible Actions:(1): go to garbagecan 1, (2): take handtowel 1 from handtowelholder 1, (3): take faucet 1 from handtowelholder 1, (4): take handtowel 2 from handtowelholder 1
- Response:[BEGIN](2): take handtowel 1 from handtowelholder 1[END]

**Response:**
- Choose an action from the admissible actions list directly contributing to the task objective based on the reflective thought and the visual context, are the form: [BEGIN](i): [Selected Action][END]

Original VLM Response:
- Response:[BEGIN](10): open drawer 2[END]

> Action: open drawer 2
Running time: 3.0772714614868164 seconds

Current Attempts Reflect Prompt:
Current Attempt 1:
<image>
- Action Taken: open drawer 1
- Resulting Observation: You open the drawer 1. The drawer 1 is open. In it, you see a television 1, a bowl 2, and a remotecontrol 1.
Current Attempt 2:
<image>
- Action Taken: go to drawer 2
- Resulting Observation: You arrive at loc 9. The drawer 2 is closed. 
Current Attempt 3:
<image>
- Action Taken: open drawer 2
- Resulting Observation: You open the drawer 2. The drawer 2 is open. In it, you see a television 1, a bowl 2, and a remotecontrol 1.
Interact with a household to solve a task. At begining, you are in the middle of a room. looking quickly around you, you see a armchair 1, a sidetable 1, a dresser 1, a armchair 2, a bed 1, a countertop 1, a garbagecan 1, a diningtable 1, a drawer 1, and a drawer 2. You have 3 sets of current tried attempts, and each attempt consists of an action, an image of the action after it happened, and a resulting observation.

**You also have the summary of previously tried attempts:** 
Summary:
The narrative details three attempts to complete a task - placing a CD on the dining table. In the first attempt, the subject went to the dining table, but no CD was observed. The second attempt involved going to the dresser, but only a television was found. The third attempt involved going to drawer 1, but the drawer was closed. The results of these actions show that the CD has not yet been located or placed on the dining table. The combined effect of these attempts suggests that the CD might be in a storage space, like drawer 1. Therefore, the recommended future strategy involves opening and checking drawer 1 for the CD. If not found, the search should continue in other locations like drawer 2 or the countertop.

**For the task: 'put a cd in diningtable', you need to do**:
a. Analyze the impact of each current tried attempt including the image, resulting observation, and taken action on the task.
b. Combine the summary of previously tried attempts and the analysis of currently tried attempts to give a suggestion of the next step to complete the task.

**Response**: 
Let's think step-by-step.

Current Attempts Reflect:
a. Analysis of current attempts:
- Attempt 1: Opening drawer 1 revealed a television, a bowl, and a remote control, but no CD.
- Attempt 2: Going to drawer 2 did not yield any results as the drawer was closed.
- Attempt 3: Opening drawer 2 also showed the same items as drawer 1, which is likely an error in the observation report since it's unlikely both drawers contain the exact same items.
b. Suggestion for next step:
Considering the summary of previous attempts and the current attempts, it seems there might have been an error in reporting the contents of drawer 2. Since the CD has not been found in any of the previously checked locations, the next step should be to re-examine drawer 2 to confirm its contents. If the CD is not there, the search should continue to other storage areas or surfaces that have not been checked yet, such as the countertop or sidetable. It's important to thoroughly check each location to ensure the CD is not overlooked.
Current Attempts Reflect Running time: 9.547908544540405 seconds


**Earlier Memory Attempt Prompt:**
Earlier Attempts 1:
a. Analysis of current attempts:
- Attempt 1: The action taken was to go to the dining table, which is a relevant action since the task is to put a CD on the dining table. However, the resulting observation does not mention any CD present on the dining table or in the vicinity.
- Attempt 2: The action taken was to go to the dresser, and the resulting observation shows only a television on the dresser. This action does not directly contribute to the task, as there is no mention of a CD.
- Attempt 3: The action taken was to go to drawer 1, and the resulting observation indicates that the drawer is closed. This could be a potential place to look for a CD, but it does not directly accomplish the task.
b. Suggestion for the next step:
Combining the analysis of the current attempts with the fact that there is no summary of previously tried attempts, the next logical step would be to interact with the drawer 1 by opening it to check for the presence of a CD. If a CD is found inside the drawer, the next action would be to take the CD and place it on the dining table, thus completing the task. If no CD is found, the next step would be to continue searching other locations such as drawer 2, the countertop, or any other storage spaces in the room.

Earlier Attempts 2:
a. Analysis of current attempts:
- Attempt 1: Opening drawer 1 revealed a television, a bowl, and a remote control, but no CD.
- Attempt 2: Going to drawer 2 did not yield any results as the drawer was closed.
- Attempt 3: Opening drawer 2 also showed the same items as drawer 1, which is likely an error in the observation report since it's unlikely both drawers contain the exact same items.
b. Suggestion for next step:
Considering the summary of previous attempts and the current attempts, it seems there might have been an error in reporting the contents of drawer 2. Since the CD has not been found in any of the previously checked locations, the next step should be to re-examine drawer 2 to confirm its contents. If the CD is not there, the search should continue to other storage areas or surfaces that have not been checked yet, such as the countertop or sidetable. It's important to thoroughly check each location to ensure the CD is not overlooked.



Earlier Memory Attempt:
**Summary:**
In the first set of attempts, the actions involved going to the dining table, dresser, and drawer 1, but none of these actions resulted in finding a CD. The dining table and dresser did not have any CDs, and drawer 1 was closed. The suggested next step was to open drawer 1 to search for a CD. If unsuccessful, the search should continue in other locations such as drawer 2 or the countertop.
In the second set of attempts, drawer 1 was opened, revealing a television, a bowl, and a remote control, but no CD. Drawer 2 was approached but remained closed, and when finally opened, it reportedly contained the same items as drawer 1, which was deemed likely an error in the observation report. The suggested next step was to re-examine drawer 2 or continue the search in other unchecked locations such as the countertop or sidetable.
The combined effects of these actions suggest a systematic but as yet unsuccessful search for a CD in various locations. The repeated focus on drawers suggests they are considered likely storage places for a CD. Future strategies should involve rechecking drawer 2 due to a possible reporting error and expanding the search to other unexplored locations.
Earlier Memory Attempt Running time: 44.94081401824951 seconds

Step:--------------------------------------------------------------------------7--------------------------------------------------------------------------
VLM Prompt:
<image>
**Objective:** Achieve "put a cd in diningtable". There is a hint about the given task. The agent must find an object of the desired type, pick it up, find the correct location to place it, and put it down there. Remember that you must reach your destination before picking and puting..

**Visual Context:** Given the image, closely examine all elements within to gather clues and insights relevant to the objective. Consider how the arrangement, interactions, and details of the scene relate to the task at hand.

**Reflective Thought:**
a. Analysis of current attempts:
- Attempt 1: Opening drawer 1 revealed a television, a bowl, and a remote control, but no CD.
- Attempt 2: Going to drawer 2 did not yield any results as the drawer was closed.
- Attempt 3: Opening drawer 2 also showed the same items as drawer 1, which is likely an error in the observation report since it's unlikely both drawers contain the exact same items.
b. Suggestion for next step:
Considering the summary of previous attempts and the current attempts, it seems there might have been an error in reporting the contents of drawer 2. Since the CD has not been found in any of the previously checked locations, the next step should be to re-examine drawer 2 to confirm its contents. If the CD is not there, the search should continue to other storage areas or surfaces that have not been checked yet, such as the countertop or sidetable. It's important to thoroughly check each location to ensure the CD is not overlooked.. 

**Admissible Actions List:**
(1): go to armchair 1
(2): go to sidetable 1
(3): go to dresser 1
(4): go to armchair 2
(5): go to bed 1
(6): go to countertop 1
(7): go to garbagecan 1
(8): go to diningtable 1
(9): go to drawer 1
(10): open drawer 2
(11): close drawer 2
(12): take television 1 from drawer 2
(13): take bowl 2 from drawer 2
(14): take remotecontrol 1 from drawer 2
(15): examine drawer 2

**Output Examples:**
*Example 1*:
- Admissible Actions:(1): go to bed 1, (2): go to dresser 1, (3): go to drawer 1
- Response:[BEGIN](2): go to dresser 1[END]
*Example 2*:
- Admissible Actions:(1): go to garbagecan 1, (2): take handtowel 1 from handtowelholder 1, (3): take faucet 1 from handtowelholder 1, (4): take handtowel 2 from handtowelholder 1
- Response:[BEGIN](2): take handtowel 1 from handtowelholder 1[END]

**Response:**
- Choose an action from the admissible actions list directly contributing to the task objective based on the reflective thought and the visual context, are the form: [BEGIN](i): [Selected Action][END]

Original VLM Response:
- Response:[BEGIN](15): examine drawer 2[END]

> Action: examine drawer 2
Running time: 4.884839773178101 seconds

Current Attempts Reflect Prompt:
Current Attempt 1:
<image>
- Action Taken: go to drawer 2
- Resulting Observation: You arrive at loc 9. The drawer 2 is closed. 
Current Attempt 2:
<image>
- Action Taken: open drawer 2
- Resulting Observation: You open the drawer 2. The drawer 2 is open. In it, you see a television 1, a bowl 2, and a remotecontrol 1.
Current Attempt 3:
<image>
- Action Taken: examine drawer 2
- Resulting Observation: On the drawer 2, you see a television 1, a bowl 2, and a remotecontrol 1.
Interact with a household to solve a task. At begining, you are in the middle of a room. looking quickly around you, you see a armchair 1, a sidetable 1, a dresser 1, a armchair 2, a bed 1, a countertop 1, a garbagecan 1, a diningtable 1, a drawer 1, and a drawer 2. You have 3 sets of current tried attempts, and each attempt consists of an action, an image of the action after it happened, and a resulting observation.

**You also have the summary of previously tried attempts:** 
**Summary:**
In the first set of attempts, the actions involved going to the dining table, dresser, and drawer 1, but none of these actions resulted in finding a CD. The dining table and dresser did not have any CDs, and drawer 1 was closed. The suggested next step was to open drawer 1 to search for a CD. If unsuccessful, the search should continue in other locations such as drawer 2 or the countertop.
In the second set of attempts, drawer 1 was opened, revealing a television, a bowl, and a remote control, but no CD. Drawer 2 was approached but remained closed, and when finally opened, it reportedly contained the same items as drawer 1, which was deemed likely an error in the observation report. The suggested next step was to re-examine drawer 2 or continue the search in other unchecked locations such as the countertop or sidetable.
The combined effects of these actions suggest a systematic but as yet unsuccessful search for a CD in various locations. The repeated focus on drawers suggests they are considered likely storage places for a CD. Future strategies should involve rechecking drawer 2 due to a possible reporting error and expanding the search to other unexplored locations.

**For the task: 'put a cd in diningtable', you need to do**:
a. Analyze the impact of each current tried attempt including the image, resulting observation, and taken action on the task.
b. Combine the summary of previously tried attempts and the analysis of currently tried attempts to give a suggestion of the next step to complete the task.

**Response**: 
Let's think step-by-step.

Current Attempts Reflect:
a. Analysis of Current Tried Attempts:
- Attempt 1 involved going to drawer 2, but it was found to be closed.
- Attempt 2 included opening drawer 2, which revealed a television, a bowl, and a remote control, but no CD.
- Attempt 3 consisted of examining drawer 2 again, confirming the presence of the same items as before, with no CD found.
b. Suggestion for Next Step:
Considering the summary of previous attempts and the current tried attempts, it is clear that the search for a CD in drawers 1 and 2 was not successful. The repeated observation of the same items (television, bowl, and remote control) in both drawers indicates a possible error, but it is also possible that there is simply no CD in these drawers. 
To complete the task of 'put a cd in diningtable,' the next step should be to expand the search to other locations that have not yet been checked. The countertop and sidetable were mentioned as potential locations to explore. It would be logical to approach and examine these areas next, starting with the countertop, as it is a common place to keep CDs in a household. If the CD is not found on the countertop, the search should continue to the sidetable. If the CD is still not located, other areas of the room should be systematically searched until the CD is found and placed on the dining table.
Current Attempts Reflect Running time: 11.28864336013794 seconds

Step:--------------------------------------------------------------------------8--------------------------------------------------------------------------
VLM Prompt:
<image>
**Objective:** Achieve "put a cd in diningtable". There is a hint about the given task. The agent must find an object of the desired type, pick it up, find the correct location to place it, and put it down there. Remember that you must reach your destination before picking and puting..

**Visual Context:** Given the image, closely examine all elements within to gather clues and insights relevant to the objective. Consider how the arrangement, interactions, and details of the scene relate to the task at hand.

**Reflective Thought:**
a. Analysis of Current Tried Attempts:
- Attempt 1 involved going to drawer 2, but it was found to be closed.
- Attempt 2 included opening drawer 2, which revealed a television, a bowl, and a remote control, but no CD.
- Attempt 3 consisted of examining drawer 2 again, confirming the presence of the same items as before, with no CD found.
b. Suggestion for Next Step:
Considering the summary of previous attempts and the current tried attempts, it is clear that the search for a CD in drawers 1 and 2 was not successful. The repeated observation of the same items (television, bowl, and remote control) in both drawers indicates a possible error, but it is also possible that there is simply no CD in these drawers. 
To complete the task of 'put a cd in diningtable,' the next step should be to expand the search to other locations that have not yet been checked. The countertop and sidetable were mentioned as potential locations to explore. It would be logical to approach and examine these areas next, starting with the countertop, as it is a common place to keep CDs in a household. If the CD is not found on the countertop, the search should continue to the sidetable. If the CD is still not located, other areas of the room should be systematically searched until the CD is found and placed on the dining table.. 

**Admissible Actions List:**
(1): go to armchair 1
(2): go to sidetable 1
(3): go to dresser 1
(4): go to armchair 2
(5): go to bed 1
(6): go to countertop 1
(7): go to garbagecan 1
(8): go to diningtable 1
(9): go to drawer 1
(10): open drawer 2
(11): close drawer 2
(12): take television 1 from drawer 2
(13): take bowl 2 from drawer 2
(14): take remotecontrol 1 from drawer 2
(15): examine drawer 2

**Output Examples:**
*Example 1*:
- Admissible Actions:(1): go to bed 1, (2): go to dresser 1, (3): go to drawer 1
- Response:[BEGIN](2): go to dresser 1[END]
*Example 2*:
- Admissible Actions:(1): go to garbagecan 1, (2): take handtowel 1 from handtowelholder 1, (3): take faucet 1 from handtowelholder 1, (4): take handtowel 2 from handtowelholder 1
- Response:[BEGIN](2): take handtowel 1 from handtowelholder 1[END]

**Response:**
- Choose an action from the admissible actions list directly contributing to the task objective based on the reflective thought and the visual context, are the form: [BEGIN](i): [Selected Action][END]

Original VLM Response:
- Admissible Actions:(6): go to countertop 1
- Response:[BEGIN](6): go to countertop 1[END]

> Action: go to countertop 1
Running time: 3.154357433319092 seconds

Current Attempts Reflect Prompt:
Current Attempt 1:
<image>
- Action Taken: open drawer 2
- Resulting Observation: You open the drawer 2. The drawer 2 is open. In it, you see a television 1, a bowl 2, and a remotecontrol 1.
Current Attempt 2:
<image>
- Action Taken: examine drawer 2
- Resulting Observation: On the drawer 2, you see a television 1, a bowl 2, and a remotecontrol 1.
Current Attempt 3:
<image>
- Action Taken: go to countertop 1
- Resulting Observation: You arrive at loc 5. On the countertop 1, you see a alarmclock 1, a creditcard 1, and a pen 1.
Interact with a household to solve a task. At begining, you are in the middle of a room. looking quickly around you, you see a armchair 1, a sidetable 1, a dresser 1, a armchair 2, a bed 1, a countertop 1, a garbagecan 1, a diningtable 1, a drawer 1, and a drawer 2. You have 3 sets of current tried attempts, and each attempt consists of an action, an image of the action after it happened, and a resulting observation.

**You also have the summary of previously tried attempts:** 
**Summary:**
In the first set of attempts, the actions involved going to the dining table, dresser, and drawer 1, but none of these actions resulted in finding a CD. The dining table and dresser did not have any CDs, and drawer 1 was closed. The suggested next step was to open drawer 1 to search for a CD. If unsuccessful, the search should continue in other locations such as drawer 2 or the countertop.
In the second set of attempts, drawer 1 was opened, revealing a television, a bowl, and a remote control, but no CD. Drawer 2 was approached but remained closed, and when finally opened, it reportedly contained the same items as drawer 1, which was deemed likely an error in the observation report. The suggested next step was to re-examine drawer 2 or continue the search in other unchecked locations such as the countertop or sidetable.
The combined effects of these actions suggest a systematic but as yet unsuccessful search for a CD in various locations. The repeated focus on drawers suggests they are considered likely storage places for a CD. Future strategies should involve rechecking drawer 2 due to a possible reporting error and expanding the search to other unexplored locations.

**For the task: 'put a cd in diningtable', you need to do**:
a. Analyze the impact of each current tried attempt including the image, resulting observation, and taken action on the task.
b. Combine the summary of previously tried attempts and the analysis of currently tried attempts to give a suggestion of the next step to complete the task.

**Response**: 
Let's think step-by-step.

Current Attempts Reflect:
a. Analysis of Current Tried Attempts:
- Attempt 1: The action taken was to open drawer 2, but the observation reported the same items as in drawer 1, which is likely an error. This attempt did not help in finding a CD.
- Attempt 2: The action taken was to examine drawer 2, but again the same items as in drawer 1 were reported, which does not seem correct. This attempt also did not aid in locating a CD.
- Attempt 3: The action taken was to go to the countertop 1, and the resulting observation listed an alarm clock, a credit card, and a pen, but no CD. This attempt did not contribute to the task of putting a CD on the dining table.
b. Suggestion for Next Step:
Combining the summary of previously tried attempts with the current analysis, it is clear that the search for a CD has not yet been successful. The repeated error in reporting the contents of drawer 2 suggests that it should be re-examined carefully. Additionally, the search should be expanded to other unexplored locations. The sidetable has not been checked yet, and it is a common place for storing CDs. Therefore, the next step should be to:
1. Re-examine drawer 2 thoroughly to ensure there is no mistake in the observation.
2. Check the sidetable for the presence of a CD.
3. If a CD is found, take it and place it on the dining table to complete the task.
Current Attempts Reflect Running time: 12.348520517349243 seconds

Step:--------------------------------------------------------------------------9--------------------------------------------------------------------------
VLM Prompt:
<image>
**Objective:** Achieve "put a cd in diningtable". There is a hint about the given task. The agent must find an object of the desired type, pick it up, find the correct location to place it, and put it down there. Remember that you must reach your destination before picking and puting..

**Visual Context:** Given the image, closely examine all elements within to gather clues and insights relevant to the objective. Consider how the arrangement, interactions, and details of the scene relate to the task at hand.

**Reflective Thought:**
a. Analysis of Current Tried Attempts:
- Attempt 1: The action taken was to open drawer 2, but the observation reported the same items as in drawer 1, which is likely an error. This attempt did not help in finding a CD.
- Attempt 2: The action taken was to examine drawer 2, but again the same items as in drawer 1 were reported, which does not seem correct. This attempt also did not aid in locating a CD.
- Attempt 3: The action taken was to go to the countertop 1, and the resulting observation listed an alarm clock, a credit card, and a pen, but no CD. This attempt did not contribute to the task of putting a CD on the dining table.
b. Suggestion for Next Step:
Combining the summary of previously tried attempts with the current analysis, it is clear that the search for a CD has not yet been successful. The repeated error in reporting the contents of drawer 2 suggests that it should be re-examined carefully. Additionally, the search should be expanded to other unexplored locations. The sidetable has not been checked yet, and it is a common place for storing CDs. Therefore, the next step should be to:
1. Re-examine drawer 2 thoroughly to ensure there is no mistake in the observation.
2. Check the sidetable for the presence of a CD.
3. If a CD is found, take it and place it on the dining table to complete the task.. 

**Admissible Actions List:**
(1): go to armchair 1
(2): go to sidetable 1
(3): go to dresser 1
(4): go to armchair 2
(5): go to bed 1
(6): go to garbagecan 1
(7): go to diningtable 1
(8): go to drawer 1
(9): go to drawer 2
(10): take alarmclock 1 from countertop 1
(11): take creditcard 1 from countertop 1
(12): take pen 1 from countertop 1
(13): examine countertop 1

**Output Examples:**
*Example 1*:
- Admissible Actions:(1): go to bed 1, (2): go to dresser 1, (3): go to drawer 1
- Response:[BEGIN](2): go to dresser 1[END]
*Example 2*:
- Admissible Actions:(1): go to garbagecan 1, (2): take handtowel 1 from handtowelholder 1, (3): take faucet 1 from handtowelholder 1, (4): take handtowel 2 from handtowelholder 1
- Response:[BEGIN](2): take handtowel 1 from handtowelholder 1[END]

**Response:**
- Choose an action from the admissible actions list directly contributing to the task objective based on the reflective thought and the visual context, are the form: [BEGIN](i): [Selected Action][END]

Original VLM Response:
[BEGIN](2): go to sidetable 1[END]

> Action: go to sidetable 1
Running time: 2.5989460945129395 seconds

Current Attempts Reflect Prompt:
Current Attempt 1:
<image>
- Action Taken: examine drawer 2
- Resulting Observation: On the drawer 2, you see a television 1, a bowl 2, and a remotecontrol 1.
Current Attempt 2:
<image>
- Action Taken: go to countertop 1
- Resulting Observation: You arrive at loc 5. On the countertop 1, you see a alarmclock 1, a creditcard 1, and a pen 1.
Current Attempt 3:
<image>
- Action Taken: go to sidetable 1
- Resulting Observation: You arrive at loc 1. On the sidetable 1, you see a alarmclock 2, a cd 1, and a pencil 2.
Interact with a household to solve a task. At begining, you are in the middle of a room. looking quickly around you, you see a armchair 1, a sidetable 1, a dresser 1, a armchair 2, a bed 1, a countertop 1, a garbagecan 1, a diningtable 1, a drawer 1, and a drawer 2. You have 3 sets of current tried attempts, and each attempt consists of an action, an image of the action after it happened, and a resulting observation.

**You also have the summary of previously tried attempts:** 
**Summary:**
In the first set of attempts, the actions involved going to the dining table, dresser, and drawer 1, but none of these actions resulted in finding a CD. The dining table and dresser did not have any CDs, and drawer 1 was closed. The suggested next step was to open drawer 1 to search for a CD. If unsuccessful, the search should continue in other locations such as drawer 2 or the countertop.
In the second set of attempts, drawer 1 was opened, revealing a television, a bowl, and a remote control, but no CD. Drawer 2 was approached but remained closed, and when finally opened, it reportedly contained the same items as drawer 1, which was deemed likely an error in the observation report. The suggested next step was to re-examine drawer 2 or continue the search in other unchecked locations such as the countertop or sidetable.
The combined effects of these actions suggest a systematic but as yet unsuccessful search for a CD in various locations. The repeated focus on drawers suggests they are considered likely storage places for a CD. Future strategies should involve rechecking drawer 2 due to a possible reporting error and expanding the search to other unexplored locations.

**For the task: 'put a cd in diningtable', you need to do**:
a. Analyze the impact of each current tried attempt including the image, resulting observation, and taken action on the task.
b. Combine the summary of previously tried attempts and the analysis of currently tried attempts to give a suggestion of the next step to complete the task.

**Response**: 
Let's think step-by-step.

Current Attempts Reflect:
a. Analysis of Current Tried Attempts:
- Attempt 1: The action was to examine drawer 2, which resulted in an observation that it contained a television, a bowl, and a remote control. However, this observation is likely incorrect as it matches the contents of drawer 1, and it's improbable for drawer 2 to have the same items, specifically a television. This attempt did not help in finding a CD.
- Attempt 2: The action taken was going to the countertop, where an alarm clock, a credit card, and a pen were found. No CD was observed here, so this attempt was also unsuccessful in aiding the task.
- Attempt 3: The action was to go to the sidetable, which resulted in finding an alarm clock, a CD, and a pencil. This attempt was successful in locating a CD, which is the item needed for the task.
b. Suggestion for the Next Step:
Combining the summary of previously tried attempts and the analysis of the current attempts, the next step should be to take the CD found on the sidetable in Attempt 3 and place it on the dining table to complete the task. If for any reason the CD cannot be taken from the sidetable, then the next step would be to re-examine drawer 2 to ensure the observation was accurate, as the error reported previously suggests there may be a CD there. If the CD is indeed in drawer 2, it should then be placed on the dining table to complete the task.
Current Attempts Reflect Running time: 12.908092737197876 seconds


**Earlier Memory Attempt Prompt:**
Earlier Attempts 1:
a. Analysis of current attempts:
- Attempt 1: The action taken was to go to the dining table, which is a relevant action since the task is to put a CD on the dining table. However, the resulting observation does not mention any CD present on the dining table or in the vicinity.
- Attempt 2: The action taken was to go to the dresser, and the resulting observation shows only a television on the dresser. This action does not directly contribute to the task, as there is no mention of a CD.
- Attempt 3: The action taken was to go to drawer 1, and the resulting observation indicates that the drawer is closed. This could be a potential place to look for a CD, but it does not directly accomplish the task.
b. Suggestion for the next step:
Combining the analysis of the current attempts with the fact that there is no summary of previously tried attempts, the next logical step would be to interact with the drawer 1 by opening it to check for the presence of a CD. If a CD is found inside the drawer, the next action would be to take the CD and place it on the dining table, thus completing the task. If no CD is found, the next step would be to continue searching other locations such as drawer 2, the countertop, or any other storage spaces in the room.

Earlier Attempts 2:
a. Analysis of current attempts:
- Attempt 1: Opening drawer 1 revealed a television, a bowl, and a remote control, but no CD.
- Attempt 2: Going to drawer 2 did not yield any results as the drawer was closed.
- Attempt 3: Opening drawer 2 also showed the same items as drawer 1, which is likely an error in the observation report since it's unlikely both drawers contain the exact same items.
b. Suggestion for next step:
Considering the summary of previous attempts and the current attempts, it seems there might have been an error in reporting the contents of drawer 2. Since the CD has not been found in any of the previously checked locations, the next step should be to re-examine drawer 2 to confirm its contents. If the CD is not there, the search should continue to other storage areas or surfaces that have not been checked yet, such as the countertop or sidetable. It's important to thoroughly check each location to ensure the CD is not overlooked.

Earlier Attempts 3:
a. Analysis of Current Tried Attempts:
- Attempt 1: The action was to examine drawer 2, which resulted in an observation that it contained a television, a bowl, and a remote control. However, this observation is likely incorrect as it matches the contents of drawer 1, and it's improbable for drawer 2 to have the same items, specifically a television. This attempt did not help in finding a CD.
- Attempt 2: The action taken was going to the countertop, where an alarm clock, a credit card, and a pen were found. No CD was observed here, so this attempt was also unsuccessful in aiding the task.
- Attempt 3: The action was to go to the sidetable, which resulted in finding an alarm clock, a CD, and a pencil. This attempt was successful in locating a CD, which is the item needed for the task.
b. Suggestion for the Next Step:
Combining the summary of previously tried attempts and the analysis of the current attempts, the next step should be to take the CD found on the sidetable in Attempt 3 and place it on the dining table to complete the task. If for any reason the CD cannot be taken from the sidetable, then the next step would be to re-examine drawer 2 to ensure the observation was accurate, as the error reported previously suggests there may be a CD there. If the CD is indeed in drawer 2, it should then be placed on the dining table to complete the task.



Earlier Memory Attempt:
Summary:
In the first series of attempts, the actions involved going to the dining table, the dresser, and drawer 1, but none of these locations contained a CD. The suggestion was made to open drawer 1 in search of a CD. In the second series of attempts, drawer 1 was opened, revealing a television, a bowl, and a remote control, but no CD. Drawer 2 was also checked, but the observation report was suspected to be erroneous as it mirrored the contents of drawer 1. The recommendation was to re-examine drawer 2.
In the third series of attempts, drawer 2 was examined again, but the observation was still the same, suggesting a possible error in reporting. The countertop and sidetable were also checked, with the CD finally found on the sidetable. The suggested next step is to take the CD from the sidetable and place it on the dining table. If this is not possible, drawer 2 should be re-examined due to the previous reporting error, and if a CD is found there, it should be placed on the dining table.
In summary, the actions taken have involved searching various locations for a CD, with the CD ultimately found on the sidetable. The combined effect of these actions has been a thorough search of the room, with a potential reporting error identified regarding drawer 2. Future strategies should involve double-checking any suspected errors in observations and taking the CD from the sidetable to the dining table to complete the task.
Earlier Memory Attempt Running time: 53.60962700843811 seconds

Step:--------------------------------------------------------------------------10--------------------------------------------------------------------------
VLM Prompt:
<image>
**Objective:** Achieve "put a cd in diningtable". There is a hint about the given task. The agent must find an object of the desired type, pick it up, find the correct location to place it, and put it down there. Remember that you must reach your destination before picking and puting..

**Visual Context:** Given the image, closely examine all elements within to gather clues and insights relevant to the objective. Consider how the arrangement, interactions, and details of the scene relate to the task at hand.

**Reflective Thought:**
a. Analysis of Current Tried Attempts:
- Attempt 1: The action was to examine drawer 2, which resulted in an observation that it contained a television, a bowl, and a remote control. However, this observation is likely incorrect as it matches the contents of drawer 1, and it's improbable for drawer 2 to have the same items, specifically a television. This attempt did not help in finding a CD.
- Attempt 2: The action taken was going to the countertop, where an alarm clock, a credit card, and a pen were found. No CD was observed here, so this attempt was also unsuccessful in aiding the task.
- Attempt 3: The action was to go to the sidetable, which resulted in finding an alarm clock, a CD, and a pencil. This attempt was successful in locating a CD, which is the item needed for the task.
b. Suggestion for the Next Step:
Combining the summary of previously tried attempts and the analysis of the current attempts, the next step should be to take the CD found on the sidetable in Attempt 3 and place it on the dining table to complete the task. If for any reason the CD cannot be taken from the sidetable, then the next step would be to re-examine drawer 2 to ensure the observation was accurate, as the error reported previously suggests there may be a CD there. If the CD is indeed in drawer 2, it should then be placed on the dining table to complete the task.. 

**Admissible Actions List:**
(1): go to armchair 1
(2): go to dresser 1
(3): go to armchair 2
(4): go to bed 1
(5): go to countertop 1
(6): go to garbagecan 1
(7): go to diningtable 1
(8): go to drawer 1
(9): go to drawer 2
(10): take alarmclock 2 from sidetable 1
(11): take cd 1 from sidetable 1
(12): take pencil 2 from sidetable 1
(13): examine sidetable 1

**Output Examples:**
*Example 1*:
- Admissible Actions:(1): go to bed 1, (2): go to dresser 1, (3): go to drawer 1
- Response:[BEGIN](2): go to dresser 1[END]
*Example 2*:
- Admissible Actions:(1): go to garbagecan 1, (2): take handtowel 1 from handtowelholder 1, (3): take faucet 1 from handtowelholder 1, (4): take handtowel 2 from handtowelholder 1
- Response:[BEGIN](2): take handtowel 1 from handtowelholder 1[END]

**Response:**
- Choose an action from the admissible actions list directly contributing to the task objective based on the reflective thought and the visual context, are the form: [BEGIN](i): [Selected Action][END]

Original VLM Response:
[BEGIN](11): take cd 1 from sidetable 1[END]

> Action: take cd 1 from sidetable 1
Running time: 4.159479856491089 seconds

Current Attempts Reflect Prompt:
Current Attempt 1:
<image>
- Action Taken: go to countertop 1
- Resulting Observation: You arrive at loc 5. On the countertop 1, you see a alarmclock 1, a creditcard 1, and a pen 1.
Current Attempt 2:
<image>
- Action Taken: go to sidetable 1
- Resulting Observation: You arrive at loc 1. On the sidetable 1, you see a alarmclock 2, a cd 1, and a pencil 2.
Current Attempt 3:
<image>
- Action Taken: take cd 1 from sidetable 1
- Resulting Observation: You pick up the cd 1 from the sidetable 1.
Interact with a household to solve a task. At begining, you are in the middle of a room. looking quickly around you, you see a armchair 1, a sidetable 1, a dresser 1, a armchair 2, a bed 1, a countertop 1, a garbagecan 1, a diningtable 1, a drawer 1, and a drawer 2. You have 3 sets of current tried attempts, and each attempt consists of an action, an image of the action after it happened, and a resulting observation.

**You also have the summary of previously tried attempts:** 
Summary:
In the first series of attempts, the actions involved going to the dining table, the dresser, and drawer 1, but none of these locations contained a CD. The suggestion was made to open drawer 1 in search of a CD. In the second series of attempts, drawer 1 was opened, revealing a television, a bowl, and a remote control, but no CD. Drawer 2 was also checked, but the observation report was suspected to be erroneous as it mirrored the contents of drawer 1. The recommendation was to re-examine drawer 2.
In the third series of attempts, drawer 2 was examined again, but the observation was still the same, suggesting a possible error in reporting. The countertop and sidetable were also checked, with the CD finally found on the sidetable. The suggested next step is to take the CD from the sidetable and place it on the dining table. If this is not possible, drawer 2 should be re-examined due to the previous reporting error, and if a CD is found there, it should be placed on the dining table.
In summary, the actions taken have involved searching various locations for a CD, with the CD ultimately found on the sidetable. The combined effect of these actions has been a thorough search of the room, with a potential reporting error identified regarding drawer 2. Future strategies should involve double-checking any suspected errors in observations and taking the CD from the sidetable to the dining table to complete the task.

**For the task: 'put a cd in diningtable', you need to do**:
a. Analyze the impact of each current tried attempt including the image, resulting observation, and taken action on the task.
b. Combine the summary of previously tried attempts and the analysis of currently tried attempts to give a suggestion of the next step to complete the task.

**Response**: 
Let's think step-by-step.

Current Attempts Reflect:
a. Analysis of Current Attempts:
- Attempt 1: The action taken was to go to countertop 1, and the resulting observation was that there was no CD on the countertop, only an alarm clock, a credit card, and a pen. This attempt had no direct impact on the task as the CD was not found here.
- Attempt 2: The action taken was to go to sidetable 1, and the resulting observation revealed the presence of a CD along with an alarm clock and a pencil. This attempt had a significant impact on the task as the CD, which is needed to complete the task, was found.
- Attempt 3: The action taken was to take the CD from sidetable 1, and the resulting observation confirmed that the CD was successfully picked up. This attempt directly impacts the task as it is a necessary step towards completing it.
b. Suggestion for Next Step:
Combining the summary of previously tried attempts with the current analysis, the next step to complete the task 'put a cd in diningtable' is clear. Since the CD has been successfully picked up from sidetable 1, the next action should be to go to the dining table and place the CD on it. This should complete the task. If for any reason this action cannot be performed, re-examining drawer 2 should be considered due to the previous reporting error. However, since the CD has already been found and picked up, this step may not be necessary.
Current Attempts Reflect Running time: 13.59812617301941 seconds

Step:--------------------------------------------------------------------------11--------------------------------------------------------------------------
VLM Prompt:
<image>
**Objective:** Achieve "put a cd in diningtable". There is a hint about the given task. The agent must find an object of the desired type, pick it up, find the correct location to place it, and put it down there. Remember that you must reach your destination before picking and puting..

**Visual Context:** Given the image, closely examine all elements within to gather clues and insights relevant to the objective. Consider how the arrangement, interactions, and details of the scene relate to the task at hand.

**Reflective Thought:**
a. Analysis of Current Attempts:
- Attempt 1: The action taken was to go to countertop 1, and the resulting observation was that there was no CD on the countertop, only an alarm clock, a credit card, and a pen. This attempt had no direct impact on the task as the CD was not found here.
- Attempt 2: The action taken was to go to sidetable 1, and the resulting observation revealed the presence of a CD along with an alarm clock and a pencil. This attempt had a significant impact on the task as the CD, which is needed to complete the task, was found.
- Attempt 3: The action taken was to take the CD from sidetable 1, and the resulting observation confirmed that the CD was successfully picked up. This attempt directly impacts the task as it is a necessary step towards completing it.
b. Suggestion for Next Step:
Combining the summary of previously tried attempts with the current analysis, the next step to complete the task 'put a cd in diningtable' is clear. Since the CD has been successfully picked up from sidetable 1, the next action should be to go to the dining table and place the CD on it. This should complete the task. If for any reason this action cannot be performed, re-examining drawer 2 should be considered due to the previous reporting error. However, since the CD has already been found and picked up, this step may not be necessary.. 

**Admissible Actions List:**
(1): go to armchair 1
(2): go to dresser 1
(3): go to armchair 2
(4): go to bed 1
(5): go to countertop 1
(6): go to garbagecan 1
(7): go to diningtable 1
(8): go to drawer 1
(9): go to drawer 2
(10): put cd 1 in/on sidetable 1
(11): examine cd 1
(12): examine sidetable 1

**Output Examples:**
*Example 1*:
- Admissible Actions:(1): go to bed 1, (2): go to dresser 1, (3): go to drawer 1
- Response:[BEGIN](2): go to dresser 1[END]
*Example 2*:
- Admissible Actions:(1): go to garbagecan 1, (2): take handtowel 1 from handtowelholder 1, (3): take faucet 1 from handtowelholder 1, (4): take handtowel 2 from handtowelholder 1
- Response:[BEGIN](2): take handtowel 1 from handtowelholder 1[END]

**Response:**
- Choose an action from the admissible actions list directly contributing to the task objective based on the reflective thought and the visual context, are the form: [BEGIN](i): [Selected Action][END]

Original VLM Response:
- Response:[BEGIN](7): go to diningtable 1[END]

> Action: go to diningtable 1
Running time: 4.445655345916748 seconds

Current Attempts Reflect Prompt:
Current Attempt 1:
<image>
- Action Taken: go to sidetable 1
- Resulting Observation: You arrive at loc 1. On the sidetable 1, you see a alarmclock 2, a cd 1, and a pencil 2.
Current Attempt 2:
<image>
- Action Taken: take cd 1 from sidetable 1
- Resulting Observation: You pick up the cd 1 from the sidetable 1.
Current Attempt 3:
<image>
- Action Taken: go to diningtable 1
- Resulting Observation: You arrive at loc 7. On the diningtable 1, you see a bowl 1, a mug 1, a laptop 1, a mug 2, a keychain 1, and a pencil 1.
Interact with a household to solve a task. At begining, you are in the middle of a room. looking quickly around you, you see a armchair 1, a sidetable 1, a dresser 1, a armchair 2, a bed 1, a countertop 1, a garbagecan 1, a diningtable 1, a drawer 1, and a drawer 2. You have 3 sets of current tried attempts, and each attempt consists of an action, an image of the action after it happened, and a resulting observation.

**You also have the summary of previously tried attempts:** 
Summary:
In the first series of attempts, the actions involved going to the dining table, the dresser, and drawer 1, but none of these locations contained a CD. The suggestion was made to open drawer 1 in search of a CD. In the second series of attempts, drawer 1 was opened, revealing a television, a bowl, and a remote control, but no CD. Drawer 2 was also checked, but the observation report was suspected to be erroneous as it mirrored the contents of drawer 1. The recommendation was to re-examine drawer 2.
In the third series of attempts, drawer 2 was examined again, but the observation was still the same, suggesting a possible error in reporting. The countertop and sidetable were also checked, with the CD finally found on the sidetable. The suggested next step is to take the CD from the sidetable and place it on the dining table. If this is not possible, drawer 2 should be re-examined due to the previous reporting error, and if a CD is found there, it should be placed on the dining table.
In summary, the actions taken have involved searching various locations for a CD, with the CD ultimately found on the sidetable. The combined effect of these actions has been a thorough search of the room, with a potential reporting error identified regarding drawer 2. Future strategies should involve double-checking any suspected errors in observations and taking the CD from the sidetable to the dining table to complete the task.

**For the task: 'put a cd in diningtable', you need to do**:
a. Analyze the impact of each current tried attempt including the image, resulting observation, and taken action on the task.
b. Combine the summary of previously tried attempts and the analysis of currently tried attempts to give a suggestion of the next step to complete the task.

**Response**: 
Let's think step-by-step.

Current Attempts Reflect:
a. Analysis of Current Attempts:
- Attempt 1: The action taken was to go to the sidetable 1. The resulting observation was that there was a CD present on the sidetable. This action was impactful because it led to the discovery of the CD, which is necessary for completing the task.
- Attempt 2: The action taken was to take the CD from the sidetable 1. The resulting observation confirmed that the CD was successfully picked up. This action is crucial as it now allows for the possibility of placing the CD on the dining table.
- Attempt 3: The action taken was to go to diningtable 1. The resulting observation was that various items were present on the dining table, but the CD was not yet placed there. This action is preparatory, as it positions the agent at the correct location to complete the task.
b. Suggestion for Next Step:
Combining the summary of previous attempts with the current attempts, the next step to complete the task 'put a cd in diningtable' should be to place the CD that was taken from the sidetable onto the diningtable 1. Since the agent is already at the dining table, the action should be to place or put down the CD on the table. If the system allows for specific placement commands, the agent should execute the command to place the CD on the dining table to successfully complete the task.
Current Attempts Reflect Running time: 12.433157682418823 seconds

Step:--------------------------------------------------------------------------12--------------------------------------------------------------------------
VLM Prompt:
<image>
**Objective:** Achieve "put a cd in diningtable". There is a hint about the given task. The agent must find an object of the desired type, pick it up, find the correct location to place it, and put it down there. Remember that you must reach your destination before picking and puting..

**Visual Context:** Given the image, closely examine all elements within to gather clues and insights relevant to the objective. Consider how the arrangement, interactions, and details of the scene relate to the task at hand.

**Reflective Thought:**
a. Analysis of Current Attempts:
- Attempt 1: The action taken was to go to the sidetable 1. The resulting observation was that there was a CD present on the sidetable. This action was impactful because it led to the discovery of the CD, which is necessary for completing the task.
- Attempt 2: The action taken was to take the CD from the sidetable 1. The resulting observation confirmed that the CD was successfully picked up. This action is crucial as it now allows for the possibility of placing the CD on the dining table.
- Attempt 3: The action taken was to go to diningtable 1. The resulting observation was that various items were present on the dining table, but the CD was not yet placed there. This action is preparatory, as it positions the agent at the correct location to complete the task.
b. Suggestion for Next Step:
Combining the summary of previous attempts with the current attempts, the next step to complete the task 'put a cd in diningtable' should be to place the CD that was taken from the sidetable onto the diningtable 1. Since the agent is already at the dining table, the action should be to place or put down the CD on the table. If the system allows for specific placement commands, the agent should execute the command to place the CD on the dining table to successfully complete the task.. 

**Admissible Actions List:**
(1): go to armchair 1
(2): go to sidetable 1
(3): go to dresser 1
(4): go to armchair 2
(5): go to bed 1
(6): go to countertop 1
(7): go to garbagecan 1
(8): go to drawer 1
(9): go to drawer 2
(10): put cd 1 in/on diningtable 1
(11): examine cd 1
(12): examine diningtable 1

**Output Examples:**
*Example 1*:
- Admissible Actions:(1): go to bed 1, (2): go to dresser 1, (3): go to drawer 1
- Response:[BEGIN](2): go to dresser 1[END]
*Example 2*:
- Admissible Actions:(1): go to garbagecan 1, (2): take handtowel 1 from handtowelholder 1, (3): take faucet 1 from handtowelholder 1, (4): take handtowel 2 from handtowelholder 1
- Response:[BEGIN](2): take handtowel 1 from handtowelholder 1[END]

**Response:**
- Choose an action from the admissible actions list directly contributing to the task objective based on the reflective thought and the visual context, are the form: [BEGIN](i): [Selected Action][END]

Original VLM Response:
- Response:[BEGIN](10): put cd 1 in/on diningtable 1[END]

> Action: put cd 1 in/on diningtable 1
Running time: 3.052961587905884 seconds

SUCCEED
