---------------------------------------------------------Scene: 6---------------------------------------------------------
--------------------------------------------------------------------------------------------------------------------------------------------------------------------
--------------------------------------------------------------------------------------------------------------------------------------------------------------------
Step:--------------------------------------------------------------------------1--------------------------------------------------------------------------
VLM Prompt:
<image>
Given images depicting complex scenes with multiple elements, your objective is to analyze scenes of the image in relation to the specified task description and choose the appropriate action from a list of available actions to accomplish the task. There are two examples.

**Example 1:**
- Available Actions:(1): go to bed 1, (2): go to dresser 1, (3): go to drawer 1
- Response:[BEGIN](2): go to dresser 1[END]
**Example 2:**
- Available Actions:(1): go to garbagecan 1, (2): take handtowel 1 from handtowelholder 1, (3): take faucet 1 from handtowelholder 1, (4): take handtowel 2 from handtowelholder 1
- Response:[BEGIN](2): take handtowel 1 from handtowelholder 1[END]

**Task Description:**
The task at hand is "examine the pencil with the desklamp". The agent must find an object of the desired type, locate and turn on a light source with the desired object in-hand.

**Available Actions:**
(1): go to bed 1
(2): go to drawer 1
(3): go to drawer 2
(4): go to dresser 1
(5): go to drawer 3
(6): go to drawer 4
(7): go to sidetable 1
(8): go to drawer 5
(9): go to desk 1
(10): go to shelf 1
(11): go to shelf 2
(12): go to shelf 3
(13): go to shelf 4
(14): go to shelf 5
(15): go to shelf 6
(16): go to shelf 7
(17): go to shelf 8
(18): go to shelf 9
(19): go to shelf 10
(20): go to shelf 11
(21): go to shelf 12
(22): go to shelf 13
(23): go to shelf 14

**Determine the appropriate action:**
- Identify relevant objects in the image related to the task.
- Evaluate each action's potential to successfully complete the task.

**Response:**
- Let's tink step-by-step.
- (i): [BEGIN][Selected Action][END]

Original VLM Response:
- (i): [BEGIN](9): go to desk 1[END]

> Action: go to desk 1
Running time: 3.4914722442626953 seconds

Step:--------------------------------------------------------------------------2--------------------------------------------------------------------------
VLM Prompt:
<image>
<image>
Given images depicting complex scenes with multiple elements, your objective is to analyze scenes of the image in relation to the specified task description and choose the appropriate action from a list of available actions to accomplish the task. There are two examples.

**Example 1:**
- Available Actions:(1): go to bed 1, (2): go to dresser 1, (3): go to drawer 1
- Response:[BEGIN](2): go to dresser 1[END]
**Example 2:**
- Available Actions:(1): go to garbagecan 1, (2): take handtowel 1 from handtowelholder 1, (3): take faucet 1 from handtowelholder 1, (4): take handtowel 2 from handtowelholder 1
- Response:[BEGIN](2): take handtowel 1 from handtowelholder 1[END]

**Task Description:**
The task at hand is "examine the pencil with the desklamp". The agent must find an object of the desired type, locate and turn on a light source with the desired object in-hand.

**Available Actions:**
(1): go to bed 1
(2): go to drawer 1
(3): go to drawer 2
(4): go to dresser 1
(5): go to drawer 3
(6): go to drawer 4
(7): go to sidetable 1
(8): go to drawer 5
(9): go to shelf 1
(10): go to shelf 2
(11): go to shelf 3
(12): go to shelf 4
(13): go to shelf 5
(14): go to shelf 6
(15): go to shelf 7
(16): go to shelf 8
(17): go to shelf 9
(18): go to shelf 10
(19): go to shelf 11
(20): go to shelf 12
(21): go to shelf 13
(22): go to shelf 14
(23): take laptop 1 from desk 1
(24): take alarmclock 1 from desk 1
(25): take vase 1 from desk 1
(26): take cd 1 from desk 1
(27): take cd 2 from desk 1
(28): take keychain 1 from desk 1
(29): take pencil 1 from desk 1
(30): use desklamp 1
(31): examine desk 1

**Determine the appropriate action:**
- Identify relevant objects in the image related to the task.
- Evaluate each action's potential to successfully complete the task.

**Response:**
- Let's tink step-by-step.
- (i): [BEGIN][Selected Action][END]

Original VLM Response:
- (i): [BEGIN](29): take pencil 1 from desk 1[END]
- (ii): [BEGIN](30): use desklamp 1[END]

> Action: take pencil 1 from desk 1
Running time: 4.246769189834595 seconds

Step:--------------------------------------------------------------------------3--------------------------------------------------------------------------
VLM Prompt:
<image>
<image>
Given images depicting complex scenes with multiple elements, your objective is to analyze scenes of the image in relation to the specified task description and choose the appropriate action from a list of available actions to accomplish the task. There are two examples.

**Example 1:**
- Available Actions:(1): go to bed 1, (2): go to dresser 1, (3): go to drawer 1
- Response:[BEGIN](2): go to dresser 1[END]
**Example 2:**
- Available Actions:(1): go to garbagecan 1, (2): take handtowel 1 from handtowelholder 1, (3): take faucet 1 from handtowelholder 1, (4): take handtowel 2 from handtowelholder 1
- Response:[BEGIN](2): take handtowel 1 from handtowelholder 1[END]

**Task Description:**
The task at hand is "examine the pencil with the desklamp". The agent must find an object of the desired type, locate and turn on a light source with the desired object in-hand.

**Available Actions:**
(1): go to bed 1
(2): go to drawer 1
(3): go to drawer 2
(4): go to dresser 1
(5): go to drawer 3
(6): go to drawer 4
(7): go to sidetable 1
(8): go to drawer 5
(9): go to shelf 1
(10): go to shelf 2
(11): go to shelf 3
(12): go to shelf 4
(13): go to shelf 5
(14): go to shelf 6
(15): go to shelf 7
(16): go to shelf 8
(17): go to shelf 9
(18): go to shelf 10
(19): go to shelf 11
(20): go to shelf 12
(21): go to shelf 13
(22): go to shelf 14
(23): put pencil 1 in/on desk 1
(24): use desklamp 1
(25): examine pencil 1
(26): examine desk 1

**Determine the appropriate action:**
- Identify relevant objects in the image related to the task.
- Evaluate each action's potential to successfully complete the task.

**Response:**
- Let's tink step-by-step.
- (i): [BEGIN][Selected Action][END]

Original VLM Response:
- (i): [BEGIN](23): put pencil 1 in/on desk 1[END]
- (ii): [BEGIN](24): use desklamp 1[END]
- (iii): [BEGIN](25): examine pencil 1[END]

> Action: put pencil 1 in/on desk 1
Running time: 5.2884039878845215 seconds

Step:--------------------------------------------------------------------------4--------------------------------------------------------------------------
VLM Prompt:
<image>
<image>
Given images depicting complex scenes with multiple elements, your objective is to analyze scenes of the image in relation to the specified task description and choose the appropriate action from a list of available actions to accomplish the task. There are two examples.

**Example 1:**
- Available Actions:(1): go to bed 1, (2): go to dresser 1, (3): go to drawer 1
- Response:[BEGIN](2): go to dresser 1[END]
**Example 2:**
- Available Actions:(1): go to garbagecan 1, (2): take handtowel 1 from handtowelholder 1, (3): take faucet 1 from handtowelholder 1, (4): take handtowel 2 from handtowelholder 1
- Response:[BEGIN](2): take handtowel 1 from handtowelholder 1[END]

**Task Description:**
The task at hand is "examine the pencil with the desklamp". The agent must find an object of the desired type, locate and turn on a light source with the desired object in-hand.

**Available Actions:**
(1): go to bed 1
(2): go to drawer 1
(3): go to drawer 2
(4): go to dresser 1
(5): go to drawer 3
(6): go to drawer 4
(7): go to sidetable 1
(8): go to drawer 5
(9): go to shelf 1
(10): go to shelf 2
(11): go to shelf 3
(12): go to shelf 4
(13): go to shelf 5
(14): go to shelf 6
(15): go to shelf 7
(16): go to shelf 8
(17): go to shelf 9
(18): go to shelf 10
(19): go to shelf 11
(20): go to shelf 12
(21): go to shelf 13
(22): go to shelf 14
(23): take laptop 1 from desk 1
(24): take alarmclock 1 from desk 1
(25): take vase 1 from desk 1
(26): take cd 1 from desk 1
(27): take cd 2 from desk 1
(28): take keychain 1 from desk 1
(29): take pencil 1 from desk 1
(30): use desklamp 1
(31): examine desk 1

**Determine the appropriate action:**
- Identify relevant objects in the image related to the task.
- Evaluate each action's potential to successfully complete the task.

**Response:**
- Let's tink step-by-step.
- (i): [BEGIN][Selected Action][END]

Original VLM Response:
- (i): [BEGIN](29): take pencil 1 from desk 1[END]
- (ii): [BEGIN](30): use desklamp 1[END]

> Action: take pencil 1 from desk 1
Running time: 3.9337875843048096 seconds

Step:--------------------------------------------------------------------------5--------------------------------------------------------------------------
VLM Prompt:
<image>
<image>
Given images depicting complex scenes with multiple elements, your objective is to analyze scenes of the image in relation to the specified task description and choose the appropriate action from a list of available actions to accomplish the task. There are two examples.

**Example 1:**
- Available Actions:(1): go to bed 1, (2): go to dresser 1, (3): go to drawer 1
- Response:[BEGIN](2): go to dresser 1[END]
**Example 2:**
- Available Actions:(1): go to garbagecan 1, (2): take handtowel 1 from handtowelholder 1, (3): take faucet 1 from handtowelholder 1, (4): take handtowel 2 from handtowelholder 1
- Response:[BEGIN](2): take handtowel 1 from handtowelholder 1[END]

**Task Description:**
The task at hand is "examine the pencil with the desklamp". The agent must find an object of the desired type, locate and turn on a light source with the desired object in-hand.

**Available Actions:**
(1): go to bed 1
(2): go to drawer 1
(3): go to drawer 2
(4): go to dresser 1
(5): go to drawer 3
(6): go to drawer 4
(7): go to sidetable 1
(8): go to drawer 5
(9): go to shelf 1
(10): go to shelf 2
(11): go to shelf 3
(12): go to shelf 4
(13): go to shelf 5
(14): go to shelf 6
(15): go to shelf 7
(16): go to shelf 8
(17): go to shelf 9
(18): go to shelf 10
(19): go to shelf 11
(20): go to shelf 12
(21): go to shelf 13
(22): go to shelf 14
(23): put pencil 1 in/on desk 1
(24): use desklamp 1
(25): examine pencil 1
(26): examine desk 1

**Determine the appropriate action:**
- Identify relevant objects in the image related to the task.
- Evaluate each action's potential to successfully complete the task.

**Response:**
- Let's tink step-by-step.
- (i): [BEGIN][Selected Action][END]

Original VLM Response:
- (i): [BEGIN](23): put pencil 1 in/on desk 1[END]
- After placing the pencil on the desk, the next step would be to turn on the desklamp to examine the pencil.
- (ii): [BEGIN](24): use desklamp 1[END]
- With the desklamp on, the final step would be to examine the pencil.
- (iii): [BEGIN](25): examine pencil 1[END]

> Action: put pencil 1 in/on desk 1
Running time: 5.599805116653442 seconds

Step:--------------------------------------------------------------------------6--------------------------------------------------------------------------
VLM Prompt:
<image>
<image>
Given images depicting complex scenes with multiple elements, your objective is to analyze scenes of the image in relation to the specified task description and choose the appropriate action from a list of available actions to accomplish the task. There are two examples.

**Example 1:**
- Available Actions:(1): go to bed 1, (2): go to dresser 1, (3): go to drawer 1
- Response:[BEGIN](2): go to dresser 1[END]
**Example 2:**
- Available Actions:(1): go to garbagecan 1, (2): take handtowel 1 from handtowelholder 1, (3): take faucet 1 from handtowelholder 1, (4): take handtowel 2 from handtowelholder 1
- Response:[BEGIN](2): take handtowel 1 from handtowelholder 1[END]

**Task Description:**
The task at hand is "examine the pencil with the desklamp". The agent must find an object of the desired type, locate and turn on a light source with the desired object in-hand.

**Available Actions:**
(1): go to bed 1
(2): go to drawer 1
(3): go to drawer 2
(4): go to dresser 1
(5): go to drawer 3
(6): go to drawer 4
(7): go to sidetable 1
(8): go to drawer 5
(9): go to shelf 1
(10): go to shelf 2
(11): go to shelf 3
(12): go to shelf 4
(13): go to shelf 5
(14): go to shelf 6
(15): go to shelf 7
(16): go to shelf 8
(17): go to shelf 9
(18): go to shelf 10
(19): go to shelf 11
(20): go to shelf 12
(21): go to shelf 13
(22): go to shelf 14
(23): take laptop 1 from desk 1
(24): take alarmclock 1 from desk 1
(25): take vase 1 from desk 1
(26): take cd 1 from desk 1
(27): take cd 2 from desk 1
(28): take keychain 1 from desk 1
(29): take pencil 1 from desk 1
(30): use desklamp 1
(31): examine desk 1

**Determine the appropriate action:**
- Identify relevant objects in the image related to the task.
- Evaluate each action's potential to successfully complete the task.

**Response:**
- Let's tink step-by-step.
- (i): [BEGIN][Selected Action][END]

Original VLM Response:
- (i): [BEGIN](29): take pencil 1 from desk 1[END]
- (ii): [BEGIN](30): use desklamp 1[END]

> Action: take pencil 1 from desk 1
Running time: 3.7560603618621826 seconds

Step:--------------------------------------------------------------------------7--------------------------------------------------------------------------
VLM Prompt:
<image>
<image>
Given images depicting complex scenes with multiple elements, your objective is to analyze scenes of the image in relation to the specified task description and choose the appropriate action from a list of available actions to accomplish the task. There are two examples.

**Example 1:**
- Available Actions:(1): go to bed 1, (2): go to dresser 1, (3): go to drawer 1
- Response:[BEGIN](2): go to dresser 1[END]
**Example 2:**
- Available Actions:(1): go to garbagecan 1, (2): take handtowel 1 from handtowelholder 1, (3): take faucet 1 from handtowelholder 1, (4): take handtowel 2 from handtowelholder 1
- Response:[BEGIN](2): take handtowel 1 from handtowelholder 1[END]

**Task Description:**
The task at hand is "examine the pencil with the desklamp". The agent must find an object of the desired type, locate and turn on a light source with the desired object in-hand.

**Available Actions:**
(1): go to bed 1
(2): go to drawer 1
(3): go to drawer 2
(4): go to dresser 1
(5): go to drawer 3
(6): go to drawer 4
(7): go to sidetable 1
(8): go to drawer 5
(9): go to shelf 1
(10): go to shelf 2
(11): go to shelf 3
(12): go to shelf 4
(13): go to shelf 5
(14): go to shelf 6
(15): go to shelf 7
(16): go to shelf 8
(17): go to shelf 9
(18): go to shelf 10
(19): go to shelf 11
(20): go to shelf 12
(21): go to shelf 13
(22): go to shelf 14
(23): put pencil 1 in/on desk 1
(24): use desklamp 1
(25): examine pencil 1
(26): examine desk 1

**Determine the appropriate action:**
- Identify relevant objects in the image related to the task.
- Evaluate each action's potential to successfully complete the task.

**Response:**
- Let's tink step-by-step.
- (i): [BEGIN][Selected Action][END]

Original VLM Response:
- (i): [BEGIN](24): use desklamp 1[END]

> Action: use desklamp 1
Running time: 4.421079635620117 seconds

SUCCEED
