---------------------------------------------------------Scene: 28---------------------------------------------------------
--------------------------------------------------------------------------------------------------------------------------------------------------------------------
--------------------------------------------------------------------------------------------------------------------------------------------------------------------
Step:--------------------------------------------------------------------------1--------------------------------------------------------------------------
VLM Prompt:
<image>
Given an image depicting a complex scene with multiple elements, your objective is to analyze the scene of the image in relation to the specified task description and choose the appropriate action from a list of available actions to accomplish the task. There are two examples.

**Example 1:**
- Available Actions:(1): go to bed 1, (2): go to dresser 1, (3): go to drawer 1
- Response:[BEGIN](2): go to dresser 1[END]
**Example 1:**
- Available Actions:(1): go to garbagecan 1, (2): take handtowel 1 from handtowelholder 1, (3): take faucet 1 from handtowelholder 1, (4): take handtowel 2 from handtowelholder 1
- Response:[BEGIN](2): go to dresser 1[END]

**Task Description:**
The task at hand is "put a toiletpaper in shelf". The agent must find an object of the desired type, pick it up, find the correct location to place it, and put it down there.

**Available Actions:**
(1): go to bathtub 1
(2): go to bathtubbasin 1
(3): go to toilet 1
(4): go to garbagecan 1
(5): go to toiletpaperhanger 1
(6): go to shelf 1
(7): go to shelf 2
(8): go to shelf 3

**Determine the appropriate action:**
- Identify relevant objects in the image related to the task.
- Evaluate each action's potential to successfully complete the task.

**Response:**
- Let's tink step-by-step.
- (i): [BEGIN][Selected Action][END]

Original VLM Response:
- (i): [BEGIN](5): go to toiletpaperhanger 1[END]

> Action: go to toiletpaperhanger 1
Running time: 3.573340654373169 seconds

Step:--------------------------------------------------------------------------2--------------------------------------------------------------------------
VLM Prompt:
<image>
Given an image depicting a complex scene with multiple elements, your objective is to analyze the scene of the image in relation to the specified task description and choose the appropriate action from a list of available actions to accomplish the task. There are two examples.

**Example 1:**
- Available Actions:(1): go to bed 1, (2): go to dresser 1, (3): go to drawer 1
- Response:[BEGIN](2): go to dresser 1[END]
**Example 1:**
- Available Actions:(1): go to garbagecan 1, (2): take handtowel 1 from handtowelholder 1, (3): take faucet 1 from handtowelholder 1, (4): take handtowel 2 from handtowelholder 1
- Response:[BEGIN](2): go to dresser 1[END]

**Task Description:**
The task at hand is "put a toiletpaper in shelf". The agent must find an object of the desired type, pick it up, find the correct location to place it, and put it down there.

**Available Actions:**
(1): go to bathtub 1
(2): go to bathtubbasin 1
(3): go to toilet 1
(4): go to garbagecan 1
(5): go to shelf 1
(6): go to shelf 2
(7): go to shelf 3
(8): take scrubbrush 1 from toiletpaperhanger 1
(9): take toiletpaper 1 from toiletpaperhanger 1
(10): take faucet 1 from toiletpaperhanger 1
(11): take plunger 1 from toiletpaperhanger 1
(12): take cloth 1 from toiletpaperhanger 1
(13): take candle 1 from toiletpaperhanger 1
(14): take toiletpaper 2 from toiletpaperhanger 1
(15): examine toiletpaperhanger 1

**Determine the appropriate action:**
- Identify relevant objects in the image related to the task.
- Evaluate each action's potential to successfully complete the task.

**Response:**
- Let's tink step-by-step.
- (i): [BEGIN][Selected Action][END]

Original VLM Response:
- (i): [BEGIN](9): take toiletpaper 1 from toiletpaperhanger 1[END]
- (ii): [BEGIN](5): go to shelf 1[END]

> Action: take toiletpaper 1 from toiletpaperhanger 1
Running time: 3.644498586654663 seconds

Step:--------------------------------------------------------------------------3--------------------------------------------------------------------------
VLM Prompt:
<image>
Given an image depicting a complex scene with multiple elements, your objective is to analyze the scene of the image in relation to the specified task description and choose the appropriate action from a list of available actions to accomplish the task. There are two examples.

**Example 1:**
- Available Actions:(1): go to bed 1, (2): go to dresser 1, (3): go to drawer 1
- Response:[BEGIN](2): go to dresser 1[END]
**Example 1:**
- Available Actions:(1): go to garbagecan 1, (2): take handtowel 1 from handtowelholder 1, (3): take faucet 1 from handtowelholder 1, (4): take handtowel 2 from handtowelholder 1
- Response:[BEGIN](2): go to dresser 1[END]

**Task Description:**
The task at hand is "put a toiletpaper in shelf". The agent must find an object of the desired type, pick it up, find the correct location to place it, and put it down there.

**Available Actions:**
(1): go to bathtub 1
(2): go to bathtubbasin 1
(3): go to toilet 1
(4): go to garbagecan 1
(5): go to shelf 1
(6): go to shelf 2
(7): go to shelf 3
(8): put toiletpaper 1 in/on toiletpaperhanger 1
(9): examine toiletpaper 1
(10): examine toiletpaperhanger 1

**Determine the appropriate action:**
- Identify relevant objects in the image related to the task.
- Evaluate each action's potential to successfully complete the task.

**Response:**
- Let's tink step-by-step.
- (i): [BEGIN][Selected Action][END]

Original VLM Response:
- (i): [BEGIN](9): examine toiletpaper 1[END]

> Action: examine toiletpaper 1
Running time: 3.8002376556396484 seconds

Step:--------------------------------------------------------------------------4--------------------------------------------------------------------------
VLM Prompt:
<image>
Given an image depicting a complex scene with multiple elements, your objective is to analyze the scene of the image in relation to the specified task description and choose the appropriate action from a list of available actions to accomplish the task. There are two examples.

**Example 1:**
- Available Actions:(1): go to bed 1, (2): go to dresser 1, (3): go to drawer 1
- Response:[BEGIN](2): go to dresser 1[END]
**Example 1:**
- Available Actions:(1): go to garbagecan 1, (2): take handtowel 1 from handtowelholder 1, (3): take faucet 1 from handtowelholder 1, (4): take handtowel 2 from handtowelholder 1
- Response:[BEGIN](2): go to dresser 1[END]

**Task Description:**
The task at hand is "put a toiletpaper in shelf". The agent must find an object of the desired type, pick it up, find the correct location to place it, and put it down there.

**Available Actions:**
(1): go to bathtub 1
(2): go to bathtubbasin 1
(3): go to toilet 1
(4): go to garbagecan 1
(5): go to shelf 1
(6): go to shelf 2
(7): go to shelf 3
(8): put toiletpaper 1 in/on toiletpaperhanger 1
(9): examine toiletpaper 1
(10): examine toiletpaperhanger 1

**Determine the appropriate action:**
- Identify relevant objects in the image related to the task.
- Evaluate each action's potential to successfully complete the task.

**Response:**
- Let's tink step-by-step.
- (i): [BEGIN][Selected Action][END]

Original VLM Response:
- (i): [BEGIN](9): examine toiletpaper 1[END]

> Action: examine toiletpaper 1
Running time: 2.765636444091797 seconds

Step:--------------------------------------------------------------------------5--------------------------------------------------------------------------
VLM Prompt:
<image>
Given an image depicting a complex scene with multiple elements, your objective is to analyze the scene of the image in relation to the specified task description and choose the appropriate action from a list of available actions to accomplish the task. There are two examples.

**Example 1:**
- Available Actions:(1): go to bed 1, (2): go to dresser 1, (3): go to drawer 1
- Response:[BEGIN](2): go to dresser 1[END]
**Example 1:**
- Available Actions:(1): go to garbagecan 1, (2): take handtowel 1 from handtowelholder 1, (3): take faucet 1 from handtowelholder 1, (4): take handtowel 2 from handtowelholder 1
- Response:[BEGIN](2): go to dresser 1[END]

**Task Description:**
The task at hand is "put a toiletpaper in shelf". The agent must find an object of the desired type, pick it up, find the correct location to place it, and put it down there.

**Available Actions:**
(1): go to bathtub 1
(2): go to bathtubbasin 1
(3): go to toilet 1
(4): go to garbagecan 1
(5): go to shelf 1
(6): go to shelf 2
(7): go to shelf 3
(8): put toiletpaper 1 in/on toiletpaperhanger 1
(9): examine toiletpaper 1
(10): examine toiletpaperhanger 1

**Determine the appropriate action:**
- Identify relevant objects in the image related to the task.
- Evaluate each action's potential to successfully complete the task.

**Response:**
- Let's tink step-by-step.
- (i): [BEGIN][Selected Action][END]

Original VLM Response:
- (i): [BEGIN](5): go to shelf 1[END]

> Action: go to shelf 1
Running time: 2.7009565830230713 seconds

Step:--------------------------------------------------------------------------6--------------------------------------------------------------------------
VLM Prompt:
<image>
Given an image depicting a complex scene with multiple elements, your objective is to analyze the scene of the image in relation to the specified task description and choose the appropriate action from a list of available actions to accomplish the task. There are two examples.

**Example 1:**
- Available Actions:(1): go to bed 1, (2): go to dresser 1, (3): go to drawer 1
- Response:[BEGIN](2): go to dresser 1[END]
**Example 1:**
- Available Actions:(1): go to garbagecan 1, (2): take handtowel 1 from handtowelholder 1, (3): take faucet 1 from handtowelholder 1, (4): take handtowel 2 from handtowelholder 1
- Response:[BEGIN](2): go to dresser 1[END]

**Task Description:**
The task at hand is "put a toiletpaper in shelf". The agent must find an object of the desired type, pick it up, find the correct location to place it, and put it down there.

**Available Actions:**
(1): go to bathtub 1
(2): go to bathtubbasin 1
(3): go to toilet 1
(4): go to garbagecan 1
(5): go to toiletpaperhanger 1
(6): go to shelf 2
(7): go to shelf 3
(8): put toiletpaper 1 in/on shelf 1
(9): examine toiletpaper 1
(10): examine shelf 1

**Determine the appropriate action:**
- Identify relevant objects in the image related to the task.
- Evaluate each action's potential to successfully complete the task.

**Response:**
- Let's tink step-by-step.
- (i): [BEGIN][Selected Action][END]

Original VLM Response:
- (i): [BEGIN](8): put toiletpaper 1 in/on shelf 1[END]

> Action: put toiletpaper 1 in/on shelf 1
Running time: 3.8517119884490967 seconds

Step:--------------------------------------------------------------------------7--------------------------------------------------------------------------
VLM Prompt:
<image>
Given an image depicting a complex scene with multiple elements, your objective is to analyze the scene of the image in relation to the specified task description and choose the appropriate action from a list of available actions to accomplish the task. There are two examples.

**Example 1:**
- Available Actions:(1): go to bed 1, (2): go to dresser 1, (3): go to drawer 1
- Response:[BEGIN](2): go to dresser 1[END]
**Example 1:**
- Available Actions:(1): go to garbagecan 1, (2): take handtowel 1 from handtowelholder 1, (3): take faucet 1 from handtowelholder 1, (4): take handtowel 2 from handtowelholder 1
- Response:[BEGIN](2): go to dresser 1[END]

**Task Description:**
The task at hand is "put a toiletpaper in shelf". The agent must find an object of the desired type, pick it up, find the correct location to place it, and put it down there.

**Available Actions:**
(1): go to bathtub 1
(2): go to bathtubbasin 1
(3): go to toilet 1
(4): go to garbagecan 1
(5): go to toiletpaperhanger 1
(6): go to shelf 2
(7): go to shelf 3
(8): put toiletpaper 1 in/on shelf 1
(9): examine toiletpaper 1
(10): examine shelf 1

**Determine the appropriate action:**
- Identify relevant objects in the image related to the task.
- Evaluate each action's potential to successfully complete the task.

**Response:**
- Let's tink step-by-step.
- (i): [BEGIN][Selected Action][END]

Original VLM Response:
- (i): [BEGIN](8): put toiletpaper 1 in/on shelf 1[END]

> Action: put toiletpaper 1 in/on shelf 1
Running time: 3.7828993797302246 seconds

Step:--------------------------------------------------------------------------8--------------------------------------------------------------------------
VLM Prompt:
<image>
Given an image depicting a complex scene with multiple elements, your objective is to analyze the scene of the image in relation to the specified task description and choose the appropriate action from a list of available actions to accomplish the task. There are two examples.

**Example 1:**
- Available Actions:(1): go to bed 1, (2): go to dresser 1, (3): go to drawer 1
- Response:[BEGIN](2): go to dresser 1[END]
**Example 1:**
- Available Actions:(1): go to garbagecan 1, (2): take handtowel 1 from handtowelholder 1, (3): take faucet 1 from handtowelholder 1, (4): take handtowel 2 from handtowelholder 1
- Response:[BEGIN](2): go to dresser 1[END]

**Task Description:**
The task at hand is "put a toiletpaper in shelf". The agent must find an object of the desired type, pick it up, find the correct location to place it, and put it down there.

**Available Actions:**
(1): go to bathtub 1
(2): go to bathtubbasin 1
(3): go to toilet 1
(4): go to garbagecan 1
(5): go to toiletpaperhanger 1
(6): go to shelf 2
(7): go to shelf 3
(8): put toiletpaper 1 in/on shelf 1
(9): examine toiletpaper 1
(10): examine shelf 1

**Determine the appropriate action:**
- Identify relevant objects in the image related to the task.
- Evaluate each action's potential to successfully complete the task.

**Response:**
- Let's tink step-by-step.
- (i): [BEGIN][Selected Action][END]

Original VLM Response:
- (i): [BEGIN](9): examine toiletpaper 1[END]

> Action: examine toiletpaper 1
Running time: 3.4937708377838135 seconds

Step:--------------------------------------------------------------------------9--------------------------------------------------------------------------
VLM Prompt:
<image>
Given an image depicting a complex scene with multiple elements, your objective is to analyze the scene of the image in relation to the specified task description and choose the appropriate action from a list of available actions to accomplish the task. There are two examples.

**Example 1:**
- Available Actions:(1): go to bed 1, (2): go to dresser 1, (3): go to drawer 1
- Response:[BEGIN](2): go to dresser 1[END]
**Example 1:**
- Available Actions:(1): go to garbagecan 1, (2): take handtowel 1 from handtowelholder 1, (3): take faucet 1 from handtowelholder 1, (4): take handtowel 2 from handtowelholder 1
- Response:[BEGIN](2): go to dresser 1[END]

**Task Description:**
The task at hand is "put a toiletpaper in shelf". The agent must find an object of the desired type, pick it up, find the correct location to place it, and put it down there.

**Available Actions:**
(1): go to bathtub 1
(2): go to bathtubbasin 1
(3): go to toilet 1
(4): go to garbagecan 1
(5): go to toiletpaperhanger 1
(6): go to shelf 2
(7): go to shelf 3
(8): put toiletpaper 1 in/on shelf 1
(9): examine toiletpaper 1
(10): examine shelf 1

**Determine the appropriate action:**
- Identify relevant objects in the image related to the task.
- Evaluate each action's potential to successfully complete the task.

**Response:**
- Let's tink step-by-step.
- (i): [BEGIN][Selected Action][END]

Original VLM Response:
- (i): [BEGIN](9): examine toiletpaper 1[END]

> Action: examine toiletpaper 1
Running time: 2.7890677452087402 seconds

Step:--------------------------------------------------------------------------10--------------------------------------------------------------------------
VLM Prompt:
<image>
Given an image depicting a complex scene with multiple elements, your objective is to analyze the scene of the image in relation to the specified task description and choose the appropriate action from a list of available actions to accomplish the task. There are two examples.

**Example 1:**
- Available Actions:(1): go to bed 1, (2): go to dresser 1, (3): go to drawer 1
- Response:[BEGIN](2): go to dresser 1[END]
**Example 1:**
- Available Actions:(1): go to garbagecan 1, (2): take handtowel 1 from handtowelholder 1, (3): take faucet 1 from handtowelholder 1, (4): take handtowel 2 from handtowelholder 1
- Response:[BEGIN](2): go to dresser 1[END]

**Task Description:**
The task at hand is "put a toiletpaper in shelf". The agent must find an object of the desired type, pick it up, find the correct location to place it, and put it down there.

**Available Actions:**
(1): go to bathtub 1
(2): go to bathtubbasin 1
(3): go to toilet 1
(4): go to garbagecan 1
(5): go to toiletpaperhanger 1
(6): go to shelf 2
(7): go to shelf 3
(8): put toiletpaper 1 in/on shelf 1
(9): examine toiletpaper 1
(10): examine shelf 1

**Determine the appropriate action:**
- Identify relevant objects in the image related to the task.
- Evaluate each action's potential to successfully complete the task.

**Response:**
- Let's tink step-by-step.
- (i): [BEGIN][Selected Action][END]

Original VLM Response:
- (i): [BEGIN](9): examine toiletpaper 1[END]

> Action: examine toiletpaper 1
Running time: 3.604024887084961 seconds

Step:--------------------------------------------------------------------------11--------------------------------------------------------------------------
VLM Prompt:
<image>
Given an image depicting a complex scene with multiple elements, your objective is to analyze the scene of the image in relation to the specified task description and choose the appropriate action from a list of available actions to accomplish the task. There are two examples.

**Example 1:**
- Available Actions:(1): go to bed 1, (2): go to dresser 1, (3): go to drawer 1
- Response:[BEGIN](2): go to dresser 1[END]
**Example 1:**
- Available Actions:(1): go to garbagecan 1, (2): take handtowel 1 from handtowelholder 1, (3): take faucet 1 from handtowelholder 1, (4): take handtowel 2 from handtowelholder 1
- Response:[BEGIN](2): go to dresser 1[END]

**Task Description:**
The task at hand is "put a toiletpaper in shelf". The agent must find an object of the desired type, pick it up, find the correct location to place it, and put it down there.

**Available Actions:**
(1): go to bathtub 1
(2): go to bathtubbasin 1
(3): go to toilet 1
(4): go to garbagecan 1
(5): go to toiletpaperhanger 1
(6): go to shelf 2
(7): go to shelf 3
(8): put toiletpaper 1 in/on shelf 1
(9): examine toiletpaper 1
(10): examine shelf 1

**Determine the appropriate action:**
- Identify relevant objects in the image related to the task.
- Evaluate each action's potential to successfully complete the task.

**Response:**
- Let's tink step-by-step.
- (i): [BEGIN][Selected Action][END]

Original VLM Response:
- (i): [BEGIN](8): put toiletpaper 1 in/on shelf 1[END]

> Action: put toiletpaper 1 in/on shelf 1
Running time: 2.8026516437530518 seconds

Step:--------------------------------------------------------------------------12--------------------------------------------------------------------------
VLM Prompt:
<image>
Given an image depicting a complex scene with multiple elements, your objective is to analyze the scene of the image in relation to the specified task description and choose the appropriate action from a list of available actions to accomplish the task. There are two examples.

**Example 1:**
- Available Actions:(1): go to bed 1, (2): go to dresser 1, (3): go to drawer 1
- Response:[BEGIN](2): go to dresser 1[END]
**Example 1:**
- Available Actions:(1): go to garbagecan 1, (2): take handtowel 1 from handtowelholder 1, (3): take faucet 1 from handtowelholder 1, (4): take handtowel 2 from handtowelholder 1
- Response:[BEGIN](2): go to dresser 1[END]

**Task Description:**
The task at hand is "put a toiletpaper in shelf". The agent must find an object of the desired type, pick it up, find the correct location to place it, and put it down there.

**Available Actions:**
(1): go to bathtub 1
(2): go to bathtubbasin 1
(3): go to toilet 1
(4): go to garbagecan 1
(5): go to toiletpaperhanger 1
(6): go to shelf 2
(7): go to shelf 3
(8): put toiletpaper 1 in/on shelf 1
(9): examine toiletpaper 1
(10): examine shelf 1

**Determine the appropriate action:**
- Identify relevant objects in the image related to the task.
- Evaluate each action's potential to successfully complete the task.

**Response:**
- Let's tink step-by-step.
- (i): [BEGIN][Selected Action][END]

Original VLM Response:
- (i): [BEGIN](9): examine toiletpaper 1[END]

> Action: examine toiletpaper 1
Running time: 2.472405195236206 seconds

Step:--------------------------------------------------------------------------13--------------------------------------------------------------------------
VLM Prompt:
<image>
Given an image depicting a complex scene with multiple elements, your objective is to analyze the scene of the image in relation to the specified task description and choose the appropriate action from a list of available actions to accomplish the task. There are two examples.

**Example 1:**
- Available Actions:(1): go to bed 1, (2): go to dresser 1, (3): go to drawer 1
- Response:[BEGIN](2): go to dresser 1[END]
**Example 1:**
- Available Actions:(1): go to garbagecan 1, (2): take handtowel 1 from handtowelholder 1, (3): take faucet 1 from handtowelholder 1, (4): take handtowel 2 from handtowelholder 1
- Response:[BEGIN](2): go to dresser 1[END]

**Task Description:**
The task at hand is "put a toiletpaper in shelf". The agent must find an object of the desired type, pick it up, find the correct location to place it, and put it down there.

**Available Actions:**
(1): go to bathtub 1
(2): go to bathtubbasin 1
(3): go to toilet 1
(4): go to garbagecan 1
(5): go to toiletpaperhanger 1
(6): go to shelf 2
(7): go to shelf 3
(8): put toiletpaper 1 in/on shelf 1
(9): examine toiletpaper 1
(10): examine shelf 1

**Determine the appropriate action:**
- Identify relevant objects in the image related to the task.
- Evaluate each action's potential to successfully complete the task.

**Response:**
- Let's tink step-by-step.
- (i): [BEGIN][Selected Action][END]

Original VLM Response:
- First, we need to identify if there is a toiletpaper available in the scene. Looking at the image, we can see a toiletpaper roll on the counter.
- (ii): Next, we need to check which shelf we should put the toiletpaper in. The task does not specify which shelf, but since "shelf 1" is mentioned in the available actions and not visible in the image, we will assume it is the correct one.
- (iii): Before we put the toiletpaper in the shelf, we should examine the shelf to ensure it is the right place. Therefore, the action to take first would be to examine the shelf.

**Response:**
[BEGIN](10): examine shelf 1[END]

> Action: examine shelf 1
Running time: 7.482547998428345 seconds

Step:--------------------------------------------------------------------------14--------------------------------------------------------------------------
VLM Prompt:
<image>
Given an image depicting a complex scene with multiple elements, your objective is to analyze the scene of the image in relation to the specified task description and choose the appropriate action from a list of available actions to accomplish the task. There are two examples.

**Example 1:**
- Available Actions:(1): go to bed 1, (2): go to dresser 1, (3): go to drawer 1
- Response:[BEGIN](2): go to dresser 1[END]
**Example 1:**
- Available Actions:(1): go to garbagecan 1, (2): take handtowel 1 from handtowelholder 1, (3): take faucet 1 from handtowelholder 1, (4): take handtowel 2 from handtowelholder 1
- Response:[BEGIN](2): go to dresser 1[END]

**Task Description:**
The task at hand is "put a toiletpaper in shelf". The agent must find an object of the desired type, pick it up, find the correct location to place it, and put it down there.

**Available Actions:**
(1): go to bathtub 1
(2): go to bathtubbasin 1
(3): go to toilet 1
(4): go to garbagecan 1
(5): go to toiletpaperhanger 1
(6): go to shelf 2
(7): go to shelf 3
(8): put toiletpaper 1 in/on shelf 1
(9): examine toiletpaper 1
(10): examine shelf 1

**Determine the appropriate action:**
- Identify relevant objects in the image related to the task.
- Evaluate each action's potential to successfully complete the task.

**Response:**
- Let's tink step-by-step.
- (i): [BEGIN][Selected Action][END]

Original VLM Response:
- (i): [BEGIN](5): go to toiletpaperhanger 1[END]

> Action: go to toiletpaperhanger 1
Running time: 2.7010796070098877 seconds

Step:--------------------------------------------------------------------------15--------------------------------------------------------------------------
VLM Prompt:
<image>
Given an image depicting a complex scene with multiple elements, your objective is to analyze the scene of the image in relation to the specified task description and choose the appropriate action from a list of available actions to accomplish the task. There are two examples.

**Example 1:**
- Available Actions:(1): go to bed 1, (2): go to dresser 1, (3): go to drawer 1
- Response:[BEGIN](2): go to dresser 1[END]
**Example 1:**
- Available Actions:(1): go to garbagecan 1, (2): take handtowel 1 from handtowelholder 1, (3): take faucet 1 from handtowelholder 1, (4): take handtowel 2 from handtowelholder 1
- Response:[BEGIN](2): go to dresser 1[END]

**Task Description:**
The task at hand is "put a toiletpaper in shelf". The agent must find an object of the desired type, pick it up, find the correct location to place it, and put it down there.

**Available Actions:**
(1): go to bathtub 1
(2): go to bathtubbasin 1
(3): go to toilet 1
(4): go to garbagecan 1
(5): go to shelf 1
(6): go to shelf 2
(7): go to shelf 3
(8): put toiletpaper 1 in/on toiletpaperhanger 1
(9): examine toiletpaper 1
(10): examine toiletpaperhanger 1

**Determine the appropriate action:**
- Identify relevant objects in the image related to the task.
- Evaluate each action's potential to successfully complete the task.

**Response:**
- Let's tink step-by-step.
- (i): [BEGIN][Selected Action][END]

Original VLM Response:
- (i): [BEGIN](9): examine toiletpaper 1[END]

> Action: examine toiletpaper 1
Running time: 6.607142925262451 seconds

Step:--------------------------------------------------------------------------16--------------------------------------------------------------------------
VLM Prompt:
<image>
Given an image depicting a complex scene with multiple elements, your objective is to analyze the scene of the image in relation to the specified task description and choose the appropriate action from a list of available actions to accomplish the task. There are two examples.

**Example 1:**
- Available Actions:(1): go to bed 1, (2): go to dresser 1, (3): go to drawer 1
- Response:[BEGIN](2): go to dresser 1[END]
**Example 1:**
- Available Actions:(1): go to garbagecan 1, (2): take handtowel 1 from handtowelholder 1, (3): take faucet 1 from handtowelholder 1, (4): take handtowel 2 from handtowelholder 1
- Response:[BEGIN](2): go to dresser 1[END]

**Task Description:**
The task at hand is "put a toiletpaper in shelf". The agent must find an object of the desired type, pick it up, find the correct location to place it, and put it down there.

**Available Actions:**
(1): go to bathtub 1
(2): go to bathtubbasin 1
(3): go to toilet 1
(4): go to garbagecan 1
(5): go to shelf 1
(6): go to shelf 2
(7): go to shelf 3
(8): put toiletpaper 1 in/on toiletpaperhanger 1
(9): examine toiletpaper 1
(10): examine toiletpaperhanger 1

**Determine the appropriate action:**
- Identify relevant objects in the image related to the task.
- Evaluate each action's potential to successfully complete the task.

**Response:**
- Let's tink step-by-step.
- (i): [BEGIN][Selected Action][END]

Original VLM Response:
- (i): [BEGIN](9): examine toiletpaper 1[END]

> Action: examine toiletpaper 1
Running time: 2.8647677898406982 seconds

Step:--------------------------------------------------------------------------17--------------------------------------------------------------------------
VLM Prompt:
<image>
Given an image depicting a complex scene with multiple elements, your objective is to analyze the scene of the image in relation to the specified task description and choose the appropriate action from a list of available actions to accomplish the task. There are two examples.

**Example 1:**
- Available Actions:(1): go to bed 1, (2): go to dresser 1, (3): go to drawer 1
- Response:[BEGIN](2): go to dresser 1[END]
**Example 1:**
- Available Actions:(1): go to garbagecan 1, (2): take handtowel 1 from handtowelholder 1, (3): take faucet 1 from handtowelholder 1, (4): take handtowel 2 from handtowelholder 1
- Response:[BEGIN](2): go to dresser 1[END]

**Task Description:**
The task at hand is "put a toiletpaper in shelf". The agent must find an object of the desired type, pick it up, find the correct location to place it, and put it down there.

**Available Actions:**
(1): go to bathtub 1
(2): go to bathtubbasin 1
(3): go to toilet 1
(4): go to garbagecan 1
(5): go to shelf 1
(6): go to shelf 2
(7): go to shelf 3
(8): put toiletpaper 1 in/on toiletpaperhanger 1
(9): examine toiletpaper 1
(10): examine toiletpaperhanger 1

**Determine the appropriate action:**
- Identify relevant objects in the image related to the task.
- Evaluate each action's potential to successfully complete the task.

**Response:**
- Let's tink step-by-step.
- (i): [BEGIN][Selected Action][END]

Original VLM Response:
- (i): [BEGIN](9): examine toiletpaper 1[END]

> Action: examine toiletpaper 1
Running time: 2.620887517929077 seconds

Step:--------------------------------------------------------------------------18--------------------------------------------------------------------------
VLM Prompt:
<image>
Given an image depicting a complex scene with multiple elements, your objective is to analyze the scene of the image in relation to the specified task description and choose the appropriate action from a list of available actions to accomplish the task. There are two examples.

**Example 1:**
- Available Actions:(1): go to bed 1, (2): go to dresser 1, (3): go to drawer 1
- Response:[BEGIN](2): go to dresser 1[END]
**Example 1:**
- Available Actions:(1): go to garbagecan 1, (2): take handtowel 1 from handtowelholder 1, (3): take faucet 1 from handtowelholder 1, (4): take handtowel 2 from handtowelholder 1
- Response:[BEGIN](2): go to dresser 1[END]

**Task Description:**
The task at hand is "put a toiletpaper in shelf". The agent must find an object of the desired type, pick it up, find the correct location to place it, and put it down there.

**Available Actions:**
(1): go to bathtub 1
(2): go to bathtubbasin 1
(3): go to toilet 1
(4): go to garbagecan 1
(5): go to shelf 1
(6): go to shelf 2
(7): go to shelf 3
(8): put toiletpaper 1 in/on toiletpaperhanger 1
(9): examine toiletpaper 1
(10): examine toiletpaperhanger 1

**Determine the appropriate action:**
- Identify relevant objects in the image related to the task.
- Evaluate each action's potential to successfully complete the task.

**Response:**
- Let's tink step-by-step.
- (i): [BEGIN][Selected Action][END]

Original VLM Response:
- (i): [BEGIN](9): examine toiletpaper 1[END]

> Action: examine toiletpaper 1
Running time: 3.6273419857025146 seconds

Step:--------------------------------------------------------------------------19--------------------------------------------------------------------------
VLM Prompt:
<image>
Given an image depicting a complex scene with multiple elements, your objective is to analyze the scene of the image in relation to the specified task description and choose the appropriate action from a list of available actions to accomplish the task. There are two examples.

**Example 1:**
- Available Actions:(1): go to bed 1, (2): go to dresser 1, (3): go to drawer 1
- Response:[BEGIN](2): go to dresser 1[END]
**Example 1:**
- Available Actions:(1): go to garbagecan 1, (2): take handtowel 1 from handtowelholder 1, (3): take faucet 1 from handtowelholder 1, (4): take handtowel 2 from handtowelholder 1
- Response:[BEGIN](2): go to dresser 1[END]

**Task Description:**
The task at hand is "put a toiletpaper in shelf". The agent must find an object of the desired type, pick it up, find the correct location to place it, and put it down there.

**Available Actions:**
(1): go to bathtub 1
(2): go to bathtubbasin 1
(3): go to toilet 1
(4): go to garbagecan 1
(5): go to shelf 1
(6): go to shelf 2
(7): go to shelf 3
(8): put toiletpaper 1 in/on toiletpaperhanger 1
(9): examine toiletpaper 1
(10): examine toiletpaperhanger 1

**Determine the appropriate action:**
- Identify relevant objects in the image related to the task.
- Evaluate each action's potential to successfully complete the task.

**Response:**
- Let's tink step-by-step.
- (i): [BEGIN][Selected Action][END]

Original VLM Response:
- (i): [BEGIN](9): examine toiletpaper 1[END]

> Action: examine toiletpaper 1
Running time: 2.5793800354003906 seconds

Step:--------------------------------------------------------------------------20--------------------------------------------------------------------------
VLM Prompt:
<image>
Given an image depicting a complex scene with multiple elements, your objective is to analyze the scene of the image in relation to the specified task description and choose the appropriate action from a list of available actions to accomplish the task. There are two examples.

**Example 1:**
- Available Actions:(1): go to bed 1, (2): go to dresser 1, (3): go to drawer 1
- Response:[BEGIN](2): go to dresser 1[END]
**Example 1:**
- Available Actions:(1): go to garbagecan 1, (2): take handtowel 1 from handtowelholder 1, (3): take faucet 1 from handtowelholder 1, (4): take handtowel 2 from handtowelholder 1
- Response:[BEGIN](2): go to dresser 1[END]

**Task Description:**
The task at hand is "put a toiletpaper in shelf". The agent must find an object of the desired type, pick it up, find the correct location to place it, and put it down there.

**Available Actions:**
(1): go to bathtub 1
(2): go to bathtubbasin 1
(3): go to toilet 1
(4): go to garbagecan 1
(5): go to shelf 1
(6): go to shelf 2
(7): go to shelf 3
(8): put toiletpaper 1 in/on toiletpaperhanger 1
(9): examine toiletpaper 1
(10): examine toiletpaperhanger 1

**Determine the appropriate action:**
- Identify relevant objects in the image related to the task.
- Evaluate each action's potential to successfully complete the task.

**Response:**
- Let's tink step-by-step.
- (i): [BEGIN][Selected Action][END]

Original VLM Response:
- (i): [BEGIN](9): examine toiletpaper 1[END]

> Action: examine toiletpaper 1
Running time: 4.33734130859375 seconds

Step:--------------------------------------------------------------------------21--------------------------------------------------------------------------
VLM Prompt:
<image>
Given an image depicting a complex scene with multiple elements, your objective is to analyze the scene of the image in relation to the specified task description and choose the appropriate action from a list of available actions to accomplish the task. There are two examples.

**Example 1:**
- Available Actions:(1): go to bed 1, (2): go to dresser 1, (3): go to drawer 1
- Response:[BEGIN](2): go to dresser 1[END]
**Example 1:**
- Available Actions:(1): go to garbagecan 1, (2): take handtowel 1 from handtowelholder 1, (3): take faucet 1 from handtowelholder 1, (4): take handtowel 2 from handtowelholder 1
- Response:[BEGIN](2): go to dresser 1[END]

**Task Description:**
The task at hand is "put a toiletpaper in shelf". The agent must find an object of the desired type, pick it up, find the correct location to place it, and put it down there.

**Available Actions:**
(1): go to bathtub 1
(2): go to bathtubbasin 1
(3): go to toilet 1
(4): go to garbagecan 1
(5): go to shelf 1
(6): go to shelf 2
(7): go to shelf 3
(8): put toiletpaper 1 in/on toiletpaperhanger 1
(9): examine toiletpaper 1
(10): examine toiletpaperhanger 1

**Determine the appropriate action:**
- Identify relevant objects in the image related to the task.
- Evaluate each action's potential to successfully complete the task.

**Response:**
- Let's tink step-by-step.
- (i): [BEGIN][Selected Action][END]

Original VLM Response:
- (i): [BEGIN](5): go to shelf 1[END]

> Action: go to shelf 1
Running time: 5.978923082351685 seconds

Step:--------------------------------------------------------------------------22--------------------------------------------------------------------------
VLM Prompt:
<image>
Given an image depicting a complex scene with multiple elements, your objective is to analyze the scene of the image in relation to the specified task description and choose the appropriate action from a list of available actions to accomplish the task. There are two examples.

**Example 1:**
- Available Actions:(1): go to bed 1, (2): go to dresser 1, (3): go to drawer 1
- Response:[BEGIN](2): go to dresser 1[END]
**Example 1:**
- Available Actions:(1): go to garbagecan 1, (2): take handtowel 1 from handtowelholder 1, (3): take faucet 1 from handtowelholder 1, (4): take handtowel 2 from handtowelholder 1
- Response:[BEGIN](2): go to dresser 1[END]

**Task Description:**
The task at hand is "put a toiletpaper in shelf". The agent must find an object of the desired type, pick it up, find the correct location to place it, and put it down there.

**Available Actions:**
(1): go to bathtub 1
(2): go to bathtubbasin 1
(3): go to toilet 1
(4): go to garbagecan 1
(5): go to toiletpaperhanger 1
(6): go to shelf 2
(7): go to shelf 3
(8): put toiletpaper 1 in/on shelf 1
(9): examine toiletpaper 1
(10): examine shelf 1

**Determine the appropriate action:**
- Identify relevant objects in the image related to the task.
- Evaluate each action's potential to successfully complete the task.

**Response:**
- Let's tink step-by-step.
- (i): [BEGIN][Selected Action][END]

Original VLM Response:
- (i): [BEGIN](9): examine toiletpaper 1[END]

> Action: examine toiletpaper 1
Running time: 2.5136539936065674 seconds

Step:--------------------------------------------------------------------------23--------------------------------------------------------------------------
VLM Prompt:
<image>
Given an image depicting a complex scene with multiple elements, your objective is to analyze the scene of the image in relation to the specified task description and choose the appropriate action from a list of available actions to accomplish the task. There are two examples.

**Example 1:**
- Available Actions:(1): go to bed 1, (2): go to dresser 1, (3): go to drawer 1
- Response:[BEGIN](2): go to dresser 1[END]
**Example 1:**
- Available Actions:(1): go to garbagecan 1, (2): take handtowel 1 from handtowelholder 1, (3): take faucet 1 from handtowelholder 1, (4): take handtowel 2 from handtowelholder 1
- Response:[BEGIN](2): go to dresser 1[END]

**Task Description:**
The task at hand is "put a toiletpaper in shelf". The agent must find an object of the desired type, pick it up, find the correct location to place it, and put it down there.

**Available Actions:**
(1): go to bathtub 1
(2): go to bathtubbasin 1
(3): go to toilet 1
(4): go to garbagecan 1
(5): go to toiletpaperhanger 1
(6): go to shelf 2
(7): go to shelf 3
(8): put toiletpaper 1 in/on shelf 1
(9): examine toiletpaper 1
(10): examine shelf 1

**Determine the appropriate action:**
- Identify relevant objects in the image related to the task.
- Evaluate each action's potential to successfully complete the task.

**Response:**
- Let's tink step-by-step.
- (i): [BEGIN][Selected Action][END]

Original VLM Response:
- (i): [BEGIN](9): examine toiletpaper 1[END]

> Action: examine toiletpaper 1
Running time: 3.3714091777801514 seconds

Step:--------------------------------------------------------------------------24--------------------------------------------------------------------------
VLM Prompt:
<image>
Given an image depicting a complex scene with multiple elements, your objective is to analyze the scene of the image in relation to the specified task description and choose the appropriate action from a list of available actions to accomplish the task. There are two examples.

**Example 1:**
- Available Actions:(1): go to bed 1, (2): go to dresser 1, (3): go to drawer 1
- Response:[BEGIN](2): go to dresser 1[END]
**Example 1:**
- Available Actions:(1): go to garbagecan 1, (2): take handtowel 1 from handtowelholder 1, (3): take faucet 1 from handtowelholder 1, (4): take handtowel 2 from handtowelholder 1
- Response:[BEGIN](2): go to dresser 1[END]

**Task Description:**
The task at hand is "put a toiletpaper in shelf". The agent must find an object of the desired type, pick it up, find the correct location to place it, and put it down there.

**Available Actions:**
(1): go to bathtub 1
(2): go to bathtubbasin 1
(3): go to toilet 1
(4): go to garbagecan 1
(5): go to toiletpaperhanger 1
(6): go to shelf 2
(7): go to shelf 3
(8): put toiletpaper 1 in/on shelf 1
(9): examine toiletpaper 1
(10): examine shelf 1

**Determine the appropriate action:**
- Identify relevant objects in the image related to the task.
- Evaluate each action's potential to successfully complete the task.

**Response:**
- Let's tink step-by-step.
- (i): [BEGIN][Selected Action][END]

Original VLM Response:
- (i): [BEGIN](8): put toiletpaper 1 in/on shelf 1[END]

> Action: put toiletpaper 1 in/on shelf 1
Running time: 3.7439074516296387 seconds

Step:--------------------------------------------------------------------------25--------------------------------------------------------------------------
VLM Prompt:
<image>
Given an image depicting a complex scene with multiple elements, your objective is to analyze the scene of the image in relation to the specified task description and choose the appropriate action from a list of available actions to accomplish the task. There are two examples.

**Example 1:**
- Available Actions:(1): go to bed 1, (2): go to dresser 1, (3): go to drawer 1
- Response:[BEGIN](2): go to dresser 1[END]
**Example 1:**
- Available Actions:(1): go to garbagecan 1, (2): take handtowel 1 from handtowelholder 1, (3): take faucet 1 from handtowelholder 1, (4): take handtowel 2 from handtowelholder 1
- Response:[BEGIN](2): go to dresser 1[END]

**Task Description:**
The task at hand is "put a toiletpaper in shelf". The agent must find an object of the desired type, pick it up, find the correct location to place it, and put it down there.

**Available Actions:**
(1): go to bathtub 1
(2): go to bathtubbasin 1
(3): go to toilet 1
(4): go to garbagecan 1
(5): go to toiletpaperhanger 1
(6): go to shelf 2
(7): go to shelf 3
(8): put toiletpaper 1 in/on shelf 1
(9): examine toiletpaper 1
(10): examine shelf 1

**Determine the appropriate action:**
- Identify relevant objects in the image related to the task.
- Evaluate each action's potential to successfully complete the task.

**Response:**
- Let's tink step-by-step.
- (i): [BEGIN][Selected Action][END]

Original VLM Response:
- (i): [BEGIN](8): put toiletpaper 1 in/on shelf 1[END]

> Action: put toiletpaper 1 in/on shelf 1
Running time: 3.2704215049743652 seconds

Step:--------------------------------------------------------------------------26--------------------------------------------------------------------------
VLM Prompt:
<image>
Given an image depicting a complex scene with multiple elements, your objective is to analyze the scene of the image in relation to the specified task description and choose the appropriate action from a list of available actions to accomplish the task. There are two examples.

**Example 1:**
- Available Actions:(1): go to bed 1, (2): go to dresser 1, (3): go to drawer 1
- Response:[BEGIN](2): go to dresser 1[END]
**Example 1:**
- Available Actions:(1): go to garbagecan 1, (2): take handtowel 1 from handtowelholder 1, (3): take faucet 1 from handtowelholder 1, (4): take handtowel 2 from handtowelholder 1
- Response:[BEGIN](2): go to dresser 1[END]

**Task Description:**
The task at hand is "put a toiletpaper in shelf". The agent must find an object of the desired type, pick it up, find the correct location to place it, and put it down there.

**Available Actions:**
(1): go to bathtub 1
(2): go to bathtubbasin 1
(3): go to toilet 1
(4): go to garbagecan 1
(5): go to toiletpaperhanger 1
(6): go to shelf 2
(7): go to shelf 3
(8): put toiletpaper 1 in/on shelf 1
(9): examine toiletpaper 1
(10): examine shelf 1

**Determine the appropriate action:**
- Identify relevant objects in the image related to the task.
- Evaluate each action's potential to successfully complete the task.

**Response:**
- Let's tink step-by-step.
- (i): [BEGIN][Selected Action][END]

Original VLM Response:
- (i): [BEGIN](8): put toiletpaper 1 in/on shelf 1[END]

> Action: put toiletpaper 1 in/on shelf 1
Running time: 3.5743930339813232 seconds

Step:--------------------------------------------------------------------------27--------------------------------------------------------------------------
VLM Prompt:
<image>
Given an image depicting a complex scene with multiple elements, your objective is to analyze the scene of the image in relation to the specified task description and choose the appropriate action from a list of available actions to accomplish the task. There are two examples.

**Example 1:**
- Available Actions:(1): go to bed 1, (2): go to dresser 1, (3): go to drawer 1
- Response:[BEGIN](2): go to dresser 1[END]
**Example 1:**
- Available Actions:(1): go to garbagecan 1, (2): take handtowel 1 from handtowelholder 1, (3): take faucet 1 from handtowelholder 1, (4): take handtowel 2 from handtowelholder 1
- Response:[BEGIN](2): go to dresser 1[END]

**Task Description:**
The task at hand is "put a toiletpaper in shelf". The agent must find an object of the desired type, pick it up, find the correct location to place it, and put it down there.

**Available Actions:**
(1): go to bathtub 1
(2): go to bathtubbasin 1
(3): go to toilet 1
(4): go to garbagecan 1
(5): go to toiletpaperhanger 1
(6): go to shelf 2
(7): go to shelf 3
(8): put toiletpaper 1 in/on shelf 1
(9): examine toiletpaper 1
(10): examine shelf 1

**Determine the appropriate action:**
- Identify relevant objects in the image related to the task.
- Evaluate each action's potential to successfully complete the task.

**Response:**
- Let's tink step-by-step.
- (i): [BEGIN][Selected Action][END]

Original VLM Response:
- (i): [BEGIN](9): examine toiletpaper 1[END]

> Action: examine toiletpaper 1
Running time: 2.8260958194732666 seconds

Step:--------------------------------------------------------------------------28--------------------------------------------------------------------------
VLM Prompt:
<image>
Given an image depicting a complex scene with multiple elements, your objective is to analyze the scene of the image in relation to the specified task description and choose the appropriate action from a list of available actions to accomplish the task. There are two examples.

**Example 1:**
- Available Actions:(1): go to bed 1, (2): go to dresser 1, (3): go to drawer 1
- Response:[BEGIN](2): go to dresser 1[END]
**Example 1:**
- Available Actions:(1): go to garbagecan 1, (2): take handtowel 1 from handtowelholder 1, (3): take faucet 1 from handtowelholder 1, (4): take handtowel 2 from handtowelholder 1
- Response:[BEGIN](2): go to dresser 1[END]

**Task Description:**
The task at hand is "put a toiletpaper in shelf". The agent must find an object of the desired type, pick it up, find the correct location to place it, and put it down there.

**Available Actions:**
(1): go to bathtub 1
(2): go to bathtubbasin 1
(3): go to toilet 1
(4): go to garbagecan 1
(5): go to toiletpaperhanger 1
(6): go to shelf 2
(7): go to shelf 3
(8): put toiletpaper 1 in/on shelf 1
(9): examine toiletpaper 1
(10): examine shelf 1

**Determine the appropriate action:**
- Identify relevant objects in the image related to the task.
- Evaluate each action's potential to successfully complete the task.

**Response:**
- Let's tink step-by-step.
- (i): [BEGIN][Selected Action][END]

Original VLM Response:
- (i): [BEGIN](9): examine toiletpaper 1[END]

> Action: examine toiletpaper 1
Running time: 2.6238889694213867 seconds

Step:--------------------------------------------------------------------------29--------------------------------------------------------------------------
VLM Prompt:
<image>
Given an image depicting a complex scene with multiple elements, your objective is to analyze the scene of the image in relation to the specified task description and choose the appropriate action from a list of available actions to accomplish the task. There are two examples.

**Example 1:**
- Available Actions:(1): go to bed 1, (2): go to dresser 1, (3): go to drawer 1
- Response:[BEGIN](2): go to dresser 1[END]
**Example 1:**
- Available Actions:(1): go to garbagecan 1, (2): take handtowel 1 from handtowelholder 1, (3): take faucet 1 from handtowelholder 1, (4): take handtowel 2 from handtowelholder 1
- Response:[BEGIN](2): go to dresser 1[END]

**Task Description:**
The task at hand is "put a toiletpaper in shelf". The agent must find an object of the desired type, pick it up, find the correct location to place it, and put it down there.

**Available Actions:**
(1): go to bathtub 1
(2): go to bathtubbasin 1
(3): go to toilet 1
(4): go to garbagecan 1
(5): go to toiletpaperhanger 1
(6): go to shelf 2
(7): go to shelf 3
(8): put toiletpaper 1 in/on shelf 1
(9): examine toiletpaper 1
(10): examine shelf 1

**Determine the appropriate action:**
- Identify relevant objects in the image related to the task.
- Evaluate each action's potential to successfully complete the task.

**Response:**
- Let's tink step-by-step.
- (i): [BEGIN][Selected Action][END]

Original VLM Response:
- (i): [BEGIN](5): go to toiletpaperhanger 1[END]

> Action: go to toiletpaperhanger 1
Running time: 4.374506950378418 seconds

Step:--------------------------------------------------------------------------30--------------------------------------------------------------------------
VLM Prompt:
<image>
Given an image depicting a complex scene with multiple elements, your objective is to analyze the scene of the image in relation to the specified task description and choose the appropriate action from a list of available actions to accomplish the task. There are two examples.

**Example 1:**
- Available Actions:(1): go to bed 1, (2): go to dresser 1, (3): go to drawer 1
- Response:[BEGIN](2): go to dresser 1[END]
**Example 1:**
- Available Actions:(1): go to garbagecan 1, (2): take handtowel 1 from handtowelholder 1, (3): take faucet 1 from handtowelholder 1, (4): take handtowel 2 from handtowelholder 1
- Response:[BEGIN](2): go to dresser 1[END]

**Task Description:**
The task at hand is "put a toiletpaper in shelf". The agent must find an object of the desired type, pick it up, find the correct location to place it, and put it down there.

**Available Actions:**
(1): go to bathtub 1
(2): go to bathtubbasin 1
(3): go to toilet 1
(4): go to garbagecan 1
(5): go to shelf 1
(6): go to shelf 2
(7): go to shelf 3
(8): put toiletpaper 1 in/on toiletpaperhanger 1
(9): examine toiletpaper 1
(10): examine toiletpaperhanger 1

**Determine the appropriate action:**
- Identify relevant objects in the image related to the task.
- Evaluate each action's potential to successfully complete the task.

**Response:**
- Let's tink step-by-step.
- (i): [BEGIN][Selected Action][END]

Original VLM Response:
- (i): [BEGIN](9): examine toiletpaper 1[END]

> Action: examine toiletpaper 1
Running time: 2.8493969440460205 seconds

Step:--------------------------------------------------------------------------31--------------------------------------------------------------------------
VLM Prompt:
<image>
Given an image depicting a complex scene with multiple elements, your objective is to analyze the scene of the image in relation to the specified task description and choose the appropriate action from a list of available actions to accomplish the task. There are two examples.

**Example 1:**
- Available Actions:(1): go to bed 1, (2): go to dresser 1, (3): go to drawer 1
- Response:[BEGIN](2): go to dresser 1[END]
**Example 1:**
- Available Actions:(1): go to garbagecan 1, (2): take handtowel 1 from handtowelholder 1, (3): take faucet 1 from handtowelholder 1, (4): take handtowel 2 from handtowelholder 1
- Response:[BEGIN](2): go to dresser 1[END]

**Task Description:**
The task at hand is "put a toiletpaper in shelf". The agent must find an object of the desired type, pick it up, find the correct location to place it, and put it down there.

**Available Actions:**
(1): go to bathtub 1
(2): go to bathtubbasin 1
(3): go to toilet 1
(4): go to garbagecan 1
(5): go to shelf 1
(6): go to shelf 2
(7): go to shelf 3
(8): put toiletpaper 1 in/on toiletpaperhanger 1
(9): examine toiletpaper 1
(10): examine toiletpaperhanger 1

**Determine the appropriate action:**
- Identify relevant objects in the image related to the task.
- Evaluate each action's potential to successfully complete the task.

**Response:**
- Let's tink step-by-step.
- (i): [BEGIN][Selected Action][END]

Original VLM Response:
- (i): [BEGIN](9): examine toiletpaper 1[END]

> Action: examine toiletpaper 1
Running time: 3.7899553775787354 seconds

Step:--------------------------------------------------------------------------32--------------------------------------------------------------------------
VLM Prompt:
<image>
Given an image depicting a complex scene with multiple elements, your objective is to analyze the scene of the image in relation to the specified task description and choose the appropriate action from a list of available actions to accomplish the task. There are two examples.

**Example 1:**
- Available Actions:(1): go to bed 1, (2): go to dresser 1, (3): go to drawer 1
- Response:[BEGIN](2): go to dresser 1[END]
**Example 1:**
- Available Actions:(1): go to garbagecan 1, (2): take handtowel 1 from handtowelholder 1, (3): take faucet 1 from handtowelholder 1, (4): take handtowel 2 from handtowelholder 1
- Response:[BEGIN](2): go to dresser 1[END]

**Task Description:**
The task at hand is "put a toiletpaper in shelf". The agent must find an object of the desired type, pick it up, find the correct location to place it, and put it down there.

**Available Actions:**
(1): go to bathtub 1
(2): go to bathtubbasin 1
(3): go to toilet 1
(4): go to garbagecan 1
(5): go to shelf 1
(6): go to shelf 2
(7): go to shelf 3
(8): put toiletpaper 1 in/on toiletpaperhanger 1
(9): examine toiletpaper 1
(10): examine toiletpaperhanger 1

**Determine the appropriate action:**
- Identify relevant objects in the image related to the task.
- Evaluate each action's potential to successfully complete the task.

**Response:**
- Let's tink step-by-step.
- (i): [BEGIN][Selected Action][END]

Original VLM Response:
- (i): [BEGIN](9): examine toiletpaper 1[END]

> Action: examine toiletpaper 1
Running time: 2.510587453842163 seconds

Step:--------------------------------------------------------------------------33--------------------------------------------------------------------------
VLM Prompt:
<image>
Given an image depicting a complex scene with multiple elements, your objective is to analyze the scene of the image in relation to the specified task description and choose the appropriate action from a list of available actions to accomplish the task. There are two examples.

**Example 1:**
- Available Actions:(1): go to bed 1, (2): go to dresser 1, (3): go to drawer 1
- Response:[BEGIN](2): go to dresser 1[END]
**Example 1:**
- Available Actions:(1): go to garbagecan 1, (2): take handtowel 1 from handtowelholder 1, (3): take faucet 1 from handtowelholder 1, (4): take handtowel 2 from handtowelholder 1
- Response:[BEGIN](2): go to dresser 1[END]

**Task Description:**
The task at hand is "put a toiletpaper in shelf". The agent must find an object of the desired type, pick it up, find the correct location to place it, and put it down there.

**Available Actions:**
(1): go to bathtub 1
(2): go to bathtubbasin 1
(3): go to toilet 1
(4): go to garbagecan 1
(5): go to shelf 1
(6): go to shelf 2
(7): go to shelf 3
(8): put toiletpaper 1 in/on toiletpaperhanger 1
(9): examine toiletpaper 1
(10): examine toiletpaperhanger 1

**Determine the appropriate action:**
- Identify relevant objects in the image related to the task.
- Evaluate each action's potential to successfully complete the task.

**Response:**
- Let's tink step-by-step.
- (i): [BEGIN][Selected Action][END]

Original VLM Response:
- (i): [BEGIN](5): go to shelf 1[END]

> Action: go to shelf 1
Running time: 3.477747678756714 seconds

Step:--------------------------------------------------------------------------34--------------------------------------------------------------------------
VLM Prompt:
<image>
Given an image depicting a complex scene with multiple elements, your objective is to analyze the scene of the image in relation to the specified task description and choose the appropriate action from a list of available actions to accomplish the task. There are two examples.

**Example 1:**
- Available Actions:(1): go to bed 1, (2): go to dresser 1, (3): go to drawer 1
- Response:[BEGIN](2): go to dresser 1[END]
**Example 1:**
- Available Actions:(1): go to garbagecan 1, (2): take handtowel 1 from handtowelholder 1, (3): take faucet 1 from handtowelholder 1, (4): take handtowel 2 from handtowelholder 1
- Response:[BEGIN](2): go to dresser 1[END]

**Task Description:**
The task at hand is "put a toiletpaper in shelf". The agent must find an object of the desired type, pick it up, find the correct location to place it, and put it down there.

**Available Actions:**
(1): go to bathtub 1
(2): go to bathtubbasin 1
(3): go to toilet 1
(4): go to garbagecan 1
(5): go to toiletpaperhanger 1
(6): go to shelf 2
(7): go to shelf 3
(8): put toiletpaper 1 in/on shelf 1
(9): examine toiletpaper 1
(10): examine shelf 1

**Determine the appropriate action:**
- Identify relevant objects in the image related to the task.
- Evaluate each action's potential to successfully complete the task.

**Response:**
- Let's tink step-by-step.
- (i): [BEGIN][Selected Action][END]

Original VLM Response:
- (i): [BEGIN](9): examine toiletpaper 1[END]

> Action: examine toiletpaper 1
Running time: 4.272727727890015 seconds

Step:--------------------------------------------------------------------------35--------------------------------------------------------------------------
VLM Prompt:
<image>
Given an image depicting a complex scene with multiple elements, your objective is to analyze the scene of the image in relation to the specified task description and choose the appropriate action from a list of available actions to accomplish the task. There are two examples.

**Example 1:**
- Available Actions:(1): go to bed 1, (2): go to dresser 1, (3): go to drawer 1
- Response:[BEGIN](2): go to dresser 1[END]
**Example 1:**
- Available Actions:(1): go to garbagecan 1, (2): take handtowel 1 from handtowelholder 1, (3): take faucet 1 from handtowelholder 1, (4): take handtowel 2 from handtowelholder 1
- Response:[BEGIN](2): go to dresser 1[END]

**Task Description:**
The task at hand is "put a toiletpaper in shelf". The agent must find an object of the desired type, pick it up, find the correct location to place it, and put it down there.

**Available Actions:**
(1): go to bathtub 1
(2): go to bathtubbasin 1
(3): go to toilet 1
(4): go to garbagecan 1
(5): go to toiletpaperhanger 1
(6): go to shelf 2
(7): go to shelf 3
(8): put toiletpaper 1 in/on shelf 1
(9): examine toiletpaper 1
(10): examine shelf 1

**Determine the appropriate action:**
- Identify relevant objects in the image related to the task.
- Evaluate each action's potential to successfully complete the task.

**Response:**
- Let's tink step-by-step.
- (i): [BEGIN][Selected Action][END]

Original VLM Response:
- (i): [BEGIN](9): examine toiletpaper 1[END]

> Action: examine toiletpaper 1
Running time: 3.4668896198272705 seconds

Step:--------------------------------------------------------------------------36--------------------------------------------------------------------------
VLM Prompt:
<image>
Given an image depicting a complex scene with multiple elements, your objective is to analyze the scene of the image in relation to the specified task description and choose the appropriate action from a list of available actions to accomplish the task. There are two examples.

**Example 1:**
- Available Actions:(1): go to bed 1, (2): go to dresser 1, (3): go to drawer 1
- Response:[BEGIN](2): go to dresser 1[END]
**Example 1:**
- Available Actions:(1): go to garbagecan 1, (2): take handtowel 1 from handtowelholder 1, (3): take faucet 1 from handtowelholder 1, (4): take handtowel 2 from handtowelholder 1
- Response:[BEGIN](2): go to dresser 1[END]

**Task Description:**
The task at hand is "put a toiletpaper in shelf". The agent must find an object of the desired type, pick it up, find the correct location to place it, and put it down there.

**Available Actions:**
(1): go to bathtub 1
(2): go to bathtubbasin 1
(3): go to toilet 1
(4): go to garbagecan 1
(5): go to toiletpaperhanger 1
(6): go to shelf 2
(7): go to shelf 3
(8): put toiletpaper 1 in/on shelf 1
(9): examine toiletpaper 1
(10): examine shelf 1

**Determine the appropriate action:**
- Identify relevant objects in the image related to the task.
- Evaluate each action's potential to successfully complete the task.

**Response:**
- Let's tink step-by-step.
- (i): [BEGIN][Selected Action][END]

Original VLM Response:
- (i): [BEGIN](9): examine toiletpaper 1[END]

> Action: examine toiletpaper 1
Running time: 2.5829339027404785 seconds

Step:--------------------------------------------------------------------------37--------------------------------------------------------------------------
VLM Prompt:
<image>
Given an image depicting a complex scene with multiple elements, your objective is to analyze the scene of the image in relation to the specified task description and choose the appropriate action from a list of available actions to accomplish the task. There are two examples.

**Example 1:**
- Available Actions:(1): go to bed 1, (2): go to dresser 1, (3): go to drawer 1
- Response:[BEGIN](2): go to dresser 1[END]
**Example 1:**
- Available Actions:(1): go to garbagecan 1, (2): take handtowel 1 from handtowelholder 1, (3): take faucet 1 from handtowelholder 1, (4): take handtowel 2 from handtowelholder 1
- Response:[BEGIN](2): go to dresser 1[END]

**Task Description:**
The task at hand is "put a toiletpaper in shelf". The agent must find an object of the desired type, pick it up, find the correct location to place it, and put it down there.

**Available Actions:**
(1): go to bathtub 1
(2): go to bathtubbasin 1
(3): go to toilet 1
(4): go to garbagecan 1
(5): go to toiletpaperhanger 1
(6): go to shelf 2
(7): go to shelf 3
(8): put toiletpaper 1 in/on shelf 1
(9): examine toiletpaper 1
(10): examine shelf 1

**Determine the appropriate action:**
- Identify relevant objects in the image related to the task.
- Evaluate each action's potential to successfully complete the task.

**Response:**
- Let's tink step-by-step.
- (i): [BEGIN][Selected Action][END]

Original VLM Response:
- (i): [BEGIN](9): examine toiletpaper 1[END]

> Action: examine toiletpaper 1
Running time: 2.4980642795562744 seconds

Step:--------------------------------------------------------------------------38--------------------------------------------------------------------------
VLM Prompt:
<image>
Given an image depicting a complex scene with multiple elements, your objective is to analyze the scene of the image in relation to the specified task description and choose the appropriate action from a list of available actions to accomplish the task. There are two examples.

**Example 1:**
- Available Actions:(1): go to bed 1, (2): go to dresser 1, (3): go to drawer 1
- Response:[BEGIN](2): go to dresser 1[END]
**Example 1:**
- Available Actions:(1): go to garbagecan 1, (2): take handtowel 1 from handtowelholder 1, (3): take faucet 1 from handtowelholder 1, (4): take handtowel 2 from handtowelholder 1
- Response:[BEGIN](2): go to dresser 1[END]

**Task Description:**
The task at hand is "put a toiletpaper in shelf". The agent must find an object of the desired type, pick it up, find the correct location to place it, and put it down there.

**Available Actions:**
(1): go to bathtub 1
(2): go to bathtubbasin 1
(3): go to toilet 1
(4): go to garbagecan 1
(5): go to toiletpaperhanger 1
(6): go to shelf 2
(7): go to shelf 3
(8): put toiletpaper 1 in/on shelf 1
(9): examine toiletpaper 1
(10): examine shelf 1

**Determine the appropriate action:**
- Identify relevant objects in the image related to the task.
- Evaluate each action's potential to successfully complete the task.

**Response:**
- Let's tink step-by-step.
- (i): [BEGIN][Selected Action][END]

Original VLM Response:
- (i): [BEGIN](9): examine toiletpaper 1[END]

> Action: examine toiletpaper 1
Running time: 3.5421249866485596 seconds

Step:--------------------------------------------------------------------------39--------------------------------------------------------------------------
VLM Prompt:
<image>
Given an image depicting a complex scene with multiple elements, your objective is to analyze the scene of the image in relation to the specified task description and choose the appropriate action from a list of available actions to accomplish the task. There are two examples.

**Example 1:**
- Available Actions:(1): go to bed 1, (2): go to dresser 1, (3): go to drawer 1
- Response:[BEGIN](2): go to dresser 1[END]
**Example 1:**
- Available Actions:(1): go to garbagecan 1, (2): take handtowel 1 from handtowelholder 1, (3): take faucet 1 from handtowelholder 1, (4): take handtowel 2 from handtowelholder 1
- Response:[BEGIN](2): go to dresser 1[END]

**Task Description:**
The task at hand is "put a toiletpaper in shelf". The agent must find an object of the desired type, pick it up, find the correct location to place it, and put it down there.

**Available Actions:**
(1): go to bathtub 1
(2): go to bathtubbasin 1
(3): go to toilet 1
(4): go to garbagecan 1
(5): go to toiletpaperhanger 1
(6): go to shelf 2
(7): go to shelf 3
(8): put toiletpaper 1 in/on shelf 1
(9): examine toiletpaper 1
(10): examine shelf 1

**Determine the appropriate action:**
- Identify relevant objects in the image related to the task.
- Evaluate each action's potential to successfully complete the task.

**Response:**
- Let's tink step-by-step.
- (i): [BEGIN][Selected Action][END]

Original VLM Response:
- (i): [BEGIN](9): examine toiletpaper 1[END]

> Action: examine toiletpaper 1
Running time: 2.4857892990112305 seconds

Step:--------------------------------------------------------------------------40--------------------------------------------------------------------------
VLM Prompt:
<image>
Given an image depicting a complex scene with multiple elements, your objective is to analyze the scene of the image in relation to the specified task description and choose the appropriate action from a list of available actions to accomplish the task. There are two examples.

**Example 1:**
- Available Actions:(1): go to bed 1, (2): go to dresser 1, (3): go to drawer 1
- Response:[BEGIN](2): go to dresser 1[END]
**Example 1:**
- Available Actions:(1): go to garbagecan 1, (2): take handtowel 1 from handtowelholder 1, (3): take faucet 1 from handtowelholder 1, (4): take handtowel 2 from handtowelholder 1
- Response:[BEGIN](2): go to dresser 1[END]

**Task Description:**
The task at hand is "put a toiletpaper in shelf". The agent must find an object of the desired type, pick it up, find the correct location to place it, and put it down there.

**Available Actions:**
(1): go to bathtub 1
(2): go to bathtubbasin 1
(3): go to toilet 1
(4): go to garbagecan 1
(5): go to toiletpaperhanger 1
(6): go to shelf 2
(7): go to shelf 3
(8): put toiletpaper 1 in/on shelf 1
(9): examine toiletpaper 1
(10): examine shelf 1

**Determine the appropriate action:**
- Identify relevant objects in the image related to the task.
- Evaluate each action's potential to successfully complete the task.

**Response:**
- Let's tink step-by-step.
- (i): [BEGIN][Selected Action][END]

Original VLM Response:
- (i): [BEGIN](8): put toiletpaper 1 in/on shelf 1[END]

> Action: put toiletpaper 1 in/on shelf 1
Running time: 3.2412984371185303 seconds

Step:--------------------------------------------------------------------------41--------------------------------------------------------------------------
VLM Prompt:
<image>
Given an image depicting a complex scene with multiple elements, your objective is to analyze the scene of the image in relation to the specified task description and choose the appropriate action from a list of available actions to accomplish the task. There are two examples.

**Example 1:**
- Available Actions:(1): go to bed 1, (2): go to dresser 1, (3): go to drawer 1
- Response:[BEGIN](2): go to dresser 1[END]
**Example 1:**
- Available Actions:(1): go to garbagecan 1, (2): take handtowel 1 from handtowelholder 1, (3): take faucet 1 from handtowelholder 1, (4): take handtowel 2 from handtowelholder 1
- Response:[BEGIN](2): go to dresser 1[END]

**Task Description:**
The task at hand is "put a toiletpaper in shelf". The agent must find an object of the desired type, pick it up, find the correct location to place it, and put it down there.

**Available Actions:**
(1): go to bathtub 1
(2): go to bathtubbasin 1
(3): go to toilet 1
(4): go to garbagecan 1
(5): go to toiletpaperhanger 1
(6): go to shelf 2
(7): go to shelf 3
(8): put toiletpaper 1 in/on shelf 1
(9): examine toiletpaper 1
(10): examine shelf 1

**Determine the appropriate action:**
- Identify relevant objects in the image related to the task.
- Evaluate each action's potential to successfully complete the task.

**Response:**
- Let's tink step-by-step.
- (i): [BEGIN][Selected Action][END]

Original VLM Response:
- (i): [BEGIN](8): put toiletpaper 1 in/on shelf 1[END]

> Action: put toiletpaper 1 in/on shelf 1
Running time: 2.668147087097168 seconds

Step:--------------------------------------------------------------------------42--------------------------------------------------------------------------
VLM Prompt:
<image>
Given an image depicting a complex scene with multiple elements, your objective is to analyze the scene of the image in relation to the specified task description and choose the appropriate action from a list of available actions to accomplish the task. There are two examples.

**Example 1:**
- Available Actions:(1): go to bed 1, (2): go to dresser 1, (3): go to drawer 1
- Response:[BEGIN](2): go to dresser 1[END]
**Example 1:**
- Available Actions:(1): go to garbagecan 1, (2): take handtowel 1 from handtowelholder 1, (3): take faucet 1 from handtowelholder 1, (4): take handtowel 2 from handtowelholder 1
- Response:[BEGIN](2): go to dresser 1[END]

**Task Description:**
The task at hand is "put a toiletpaper in shelf". The agent must find an object of the desired type, pick it up, find the correct location to place it, and put it down there.

**Available Actions:**
(1): go to bathtub 1
(2): go to bathtubbasin 1
(3): go to toilet 1
(4): go to garbagecan 1
(5): go to toiletpaperhanger 1
(6): go to shelf 2
(7): go to shelf 3
(8): put toiletpaper 1 in/on shelf 1
(9): examine toiletpaper 1
(10): examine shelf 1

**Determine the appropriate action:**
- Identify relevant objects in the image related to the task.
- Evaluate each action's potential to successfully complete the task.

**Response:**
- Let's tink step-by-step.
- (i): [BEGIN][Selected Action][END]

Original VLM Response:
- (i): [BEGIN](8): put toiletpaper 1 in/on shelf 1[END]

> Action: put toiletpaper 1 in/on shelf 1
Running time: 3.0619900226593018 seconds

Step:--------------------------------------------------------------------------43--------------------------------------------------------------------------
VLM Prompt:
<image>
Given an image depicting a complex scene with multiple elements, your objective is to analyze the scene of the image in relation to the specified task description and choose the appropriate action from a list of available actions to accomplish the task. There are two examples.

**Example 1:**
- Available Actions:(1): go to bed 1, (2): go to dresser 1, (3): go to drawer 1
- Response:[BEGIN](2): go to dresser 1[END]
**Example 1:**
- Available Actions:(1): go to garbagecan 1, (2): take handtowel 1 from handtowelholder 1, (3): take faucet 1 from handtowelholder 1, (4): take handtowel 2 from handtowelholder 1
- Response:[BEGIN](2): go to dresser 1[END]

**Task Description:**
The task at hand is "put a toiletpaper in shelf". The agent must find an object of the desired type, pick it up, find the correct location to place it, and put it down there.

**Available Actions:**
(1): go to bathtub 1
(2): go to bathtubbasin 1
(3): go to toilet 1
(4): go to garbagecan 1
(5): go to toiletpaperhanger 1
(6): go to shelf 2
(7): go to shelf 3
(8): put toiletpaper 1 in/on shelf 1
(9): examine toiletpaper 1
(10): examine shelf 1

**Determine the appropriate action:**
- Identify relevant objects in the image related to the task.
- Evaluate each action's potential to successfully complete the task.

**Response:**
- Let's tink step-by-step.
- (i): [BEGIN][Selected Action][END]

Original VLM Response:
- (i): [BEGIN](8): put toiletpaper 1 in/on shelf 1[END]

> Action: put toiletpaper 1 in/on shelf 1
Running time: 3.7587928771972656 seconds

Step:--------------------------------------------------------------------------44--------------------------------------------------------------------------
VLM Prompt:
<image>
Given an image depicting a complex scene with multiple elements, your objective is to analyze the scene of the image in relation to the specified task description and choose the appropriate action from a list of available actions to accomplish the task. There are two examples.

**Example 1:**
- Available Actions:(1): go to bed 1, (2): go to dresser 1, (3): go to drawer 1
- Response:[BEGIN](2): go to dresser 1[END]
**Example 1:**
- Available Actions:(1): go to garbagecan 1, (2): take handtowel 1 from handtowelholder 1, (3): take faucet 1 from handtowelholder 1, (4): take handtowel 2 from handtowelholder 1
- Response:[BEGIN](2): go to dresser 1[END]

**Task Description:**
The task at hand is "put a toiletpaper in shelf". The agent must find an object of the desired type, pick it up, find the correct location to place it, and put it down there.

**Available Actions:**
(1): go to bathtub 1
(2): go to bathtubbasin 1
(3): go to toilet 1
(4): go to garbagecan 1
(5): go to toiletpaperhanger 1
(6): go to shelf 2
(7): go to shelf 3
(8): put toiletpaper 1 in/on shelf 1
(9): examine toiletpaper 1
(10): examine shelf 1

**Determine the appropriate action:**
- Identify relevant objects in the image related to the task.
- Evaluate each action's potential to successfully complete the task.

**Response:**
- Let's tink step-by-step.
- (i): [BEGIN][Selected Action][END]

Original VLM Response:
- (i): [BEGIN](8): put toiletpaper 1 in/on shelf 1[END]

> Action: put toiletpaper 1 in/on shelf 1
Running time: 3.1625356674194336 seconds

Step:--------------------------------------------------------------------------45--------------------------------------------------------------------------
VLM Prompt:
<image>
Given an image depicting a complex scene with multiple elements, your objective is to analyze the scene of the image in relation to the specified task description and choose the appropriate action from a list of available actions to accomplish the task. There are two examples.

**Example 1:**
- Available Actions:(1): go to bed 1, (2): go to dresser 1, (3): go to drawer 1
- Response:[BEGIN](2): go to dresser 1[END]
**Example 1:**
- Available Actions:(1): go to garbagecan 1, (2): take handtowel 1 from handtowelholder 1, (3): take faucet 1 from handtowelholder 1, (4): take handtowel 2 from handtowelholder 1
- Response:[BEGIN](2): go to dresser 1[END]

**Task Description:**
The task at hand is "put a toiletpaper in shelf". The agent must find an object of the desired type, pick it up, find the correct location to place it, and put it down there.

**Available Actions:**
(1): go to bathtub 1
(2): go to bathtubbasin 1
(3): go to toilet 1
(4): go to garbagecan 1
(5): go to toiletpaperhanger 1
(6): go to shelf 2
(7): go to shelf 3
(8): put toiletpaper 1 in/on shelf 1
(9): examine toiletpaper 1
(10): examine shelf 1

**Determine the appropriate action:**
- Identify relevant objects in the image related to the task.
- Evaluate each action's potential to successfully complete the task.

**Response:**
- Let's tink step-by-step.
- (i): [BEGIN][Selected Action][END]

Original VLM Response:
- (i): [BEGIN](8): put toiletpaper 1 in/on shelf 1[END]

> Action: put toiletpaper 1 in/on shelf 1
Running time: 3.724682331085205 seconds

Step:--------------------------------------------------------------------------46--------------------------------------------------------------------------
VLM Prompt:
<image>
Given an image depicting a complex scene with multiple elements, your objective is to analyze the scene of the image in relation to the specified task description and choose the appropriate action from a list of available actions to accomplish the task. There are two examples.

**Example 1:**
- Available Actions:(1): go to bed 1, (2): go to dresser 1, (3): go to drawer 1
- Response:[BEGIN](2): go to dresser 1[END]
**Example 1:**
- Available Actions:(1): go to garbagecan 1, (2): take handtowel 1 from handtowelholder 1, (3): take faucet 1 from handtowelholder 1, (4): take handtowel 2 from handtowelholder 1
- Response:[BEGIN](2): go to dresser 1[END]

**Task Description:**
The task at hand is "put a toiletpaper in shelf". The agent must find an object of the desired type, pick it up, find the correct location to place it, and put it down there.

**Available Actions:**
(1): go to bathtub 1
(2): go to bathtubbasin 1
(3): go to toilet 1
(4): go to garbagecan 1
(5): go to toiletpaperhanger 1
(6): go to shelf 2
(7): go to shelf 3
(8): put toiletpaper 1 in/on shelf 1
(9): examine toiletpaper 1
(10): examine shelf 1

**Determine the appropriate action:**
- Identify relevant objects in the image related to the task.
- Evaluate each action's potential to successfully complete the task.

**Response:**
- Let's tink step-by-step.
- (i): [BEGIN][Selected Action][END]

Original VLM Response:
[BEGIN](8): put toiletpaper 1 in/on shelf 1[END]

> Action: put toiletpaper 1 in/on shelf 1
Running time: 2.7517333030700684 seconds

Step:--------------------------------------------------------------------------47--------------------------------------------------------------------------
VLM Prompt:
<image>
Given an image depicting a complex scene with multiple elements, your objective is to analyze the scene of the image in relation to the specified task description and choose the appropriate action from a list of available actions to accomplish the task. There are two examples.

**Example 1:**
- Available Actions:(1): go to bed 1, (2): go to dresser 1, (3): go to drawer 1
- Response:[BEGIN](2): go to dresser 1[END]
**Example 1:**
- Available Actions:(1): go to garbagecan 1, (2): take handtowel 1 from handtowelholder 1, (3): take faucet 1 from handtowelholder 1, (4): take handtowel 2 from handtowelholder 1
- Response:[BEGIN](2): go to dresser 1[END]

**Task Description:**
The task at hand is "put a toiletpaper in shelf". The agent must find an object of the desired type, pick it up, find the correct location to place it, and put it down there.

**Available Actions:**
(1): go to bathtub 1
(2): go to bathtubbasin 1
(3): go to toilet 1
(4): go to garbagecan 1
(5): go to toiletpaperhanger 1
(6): go to shelf 2
(7): go to shelf 3
(8): put toiletpaper 1 in/on shelf 1
(9): examine toiletpaper 1
(10): examine shelf 1

**Determine the appropriate action:**
- Identify relevant objects in the image related to the task.
- Evaluate each action's potential to successfully complete the task.

**Response:**
- Let's tink step-by-step.
- (i): [BEGIN][Selected Action][END]

Original VLM Response:
- (i): [BEGIN](8): put toiletpaper 1 in/on shelf 1[END]

> Action: put toiletpaper 1 in/on shelf 1
Running time: 4.028087377548218 seconds

Step:--------------------------------------------------------------------------48--------------------------------------------------------------------------
VLM Prompt:
<image>
Given an image depicting a complex scene with multiple elements, your objective is to analyze the scene of the image in relation to the specified task description and choose the appropriate action from a list of available actions to accomplish the task. There are two examples.

**Example 1:**
- Available Actions:(1): go to bed 1, (2): go to dresser 1, (3): go to drawer 1
- Response:[BEGIN](2): go to dresser 1[END]
**Example 1:**
- Available Actions:(1): go to garbagecan 1, (2): take handtowel 1 from handtowelholder 1, (3): take faucet 1 from handtowelholder 1, (4): take handtowel 2 from handtowelholder 1
- Response:[BEGIN](2): go to dresser 1[END]

**Task Description:**
The task at hand is "put a toiletpaper in shelf". The agent must find an object of the desired type, pick it up, find the correct location to place it, and put it down there.

**Available Actions:**
(1): go to bathtub 1
(2): go to bathtubbasin 1
(3): go to toilet 1
(4): go to garbagecan 1
(5): go to toiletpaperhanger 1
(6): go to shelf 2
(7): go to shelf 3
(8): put toiletpaper 1 in/on shelf 1
(9): examine toiletpaper 1
(10): examine shelf 1

**Determine the appropriate action:**
- Identify relevant objects in the image related to the task.
- Evaluate each action's potential to successfully complete the task.

**Response:**
- Let's tink step-by-step.
- (i): [BEGIN][Selected Action][END]

Original VLM Response:
- (i): [BEGIN](9): examine toiletpaper 1[END]

> Action: examine toiletpaper 1
Running time: 2.7055013179779053 seconds

Step:--------------------------------------------------------------------------49--------------------------------------------------------------------------
VLM Prompt:
<image>
Given an image depicting a complex scene with multiple elements, your objective is to analyze the scene of the image in relation to the specified task description and choose the appropriate action from a list of available actions to accomplish the task. There are two examples.

**Example 1:**
- Available Actions:(1): go to bed 1, (2): go to dresser 1, (3): go to drawer 1
- Response:[BEGIN](2): go to dresser 1[END]
**Example 1:**
- Available Actions:(1): go to garbagecan 1, (2): take handtowel 1 from handtowelholder 1, (3): take faucet 1 from handtowelholder 1, (4): take handtowel 2 from handtowelholder 1
- Response:[BEGIN](2): go to dresser 1[END]

**Task Description:**
The task at hand is "put a toiletpaper in shelf". The agent must find an object of the desired type, pick it up, find the correct location to place it, and put it down there.

**Available Actions:**
(1): go to bathtub 1
(2): go to bathtubbasin 1
(3): go to toilet 1
(4): go to garbagecan 1
(5): go to toiletpaperhanger 1
(6): go to shelf 2
(7): go to shelf 3
(8): put toiletpaper 1 in/on shelf 1
(9): examine toiletpaper 1
(10): examine shelf 1

**Determine the appropriate action:**
- Identify relevant objects in the image related to the task.
- Evaluate each action's potential to successfully complete the task.

**Response:**
- Let's tink step-by-step.
- (i): [BEGIN][Selected Action][END]

Original VLM Response:
- (i): [BEGIN](9): examine toiletpaper 1[END]

> Action: examine toiletpaper 1
Running time: 3.006894111633301 seconds

Step:--------------------------------------------------------------------------50--------------------------------------------------------------------------
VLM Prompt:
<image>
Given an image depicting a complex scene with multiple elements, your objective is to analyze the scene of the image in relation to the specified task description and choose the appropriate action from a list of available actions to accomplish the task. There are two examples.

**Example 1:**
- Available Actions:(1): go to bed 1, (2): go to dresser 1, (3): go to drawer 1
- Response:[BEGIN](2): go to dresser 1[END]
**Example 1:**
- Available Actions:(1): go to garbagecan 1, (2): take handtowel 1 from handtowelholder 1, (3): take faucet 1 from handtowelholder 1, (4): take handtowel 2 from handtowelholder 1
- Response:[BEGIN](2): go to dresser 1[END]

**Task Description:**
The task at hand is "put a toiletpaper in shelf". The agent must find an object of the desired type, pick it up, find the correct location to place it, and put it down there.

**Available Actions:**
(1): go to bathtub 1
(2): go to bathtubbasin 1
(3): go to toilet 1
(4): go to garbagecan 1
(5): go to toiletpaperhanger 1
(6): go to shelf 2
(7): go to shelf 3
(8): put toiletpaper 1 in/on shelf 1
(9): examine toiletpaper 1
(10): examine shelf 1

**Determine the appropriate action:**
- Identify relevant objects in the image related to the task.
- Evaluate each action's potential to successfully complete the task.

**Response:**
- Let's tink step-by-step.
- (i): [BEGIN][Selected Action][END]

Original VLM Response:
- (i): [BEGIN](9): examine toiletpaper 1[END]

> Action: examine toiletpaper 1
Running time: 2.4270565509796143 seconds

UNSUCCEED
