---------------------------------------------------------Scene: 4---------------------------------------------------------
--------------------------------------------------------------------------------------------------------------------------------------------------------------------
--------------------------------------------------------------------------------------------------------------------------------------------------------------------
Step:--------------------------------------------------------------------------1--------------------------------------------------------------------------
VLM Prompt:
<image>
Given an image depicting a complex scene with multiple elements, your objective is to analyze the scene of the image in relation to the specified task description and choose the appropriate action from a list of available actions to accomplish the task. There are two examples.

**Example 1:**
- Available Actions:(1): go to bed 1, (2): go to dresser 1, (3): go to drawer 1
- Response:[BEGIN](2): go to dresser 1[END]
**Example 1:**
- Available Actions:(1): go to garbagecan 1, (2): take handtowel 1 from handtowelholder 1, (3): take faucet 1 from handtowelholder 1, (4): take handtowel 2 from handtowelholder 1
- Response:[BEGIN](2): go to dresser 1[END]

**Task Description:**
The task at hand is "look at keychain under the floorlamp". The agent must find an object of the desired type, locate and turn on a light source with the desired object in-hand.

**Available Actions:**
(1): go to armchair 1
(2): go to sof1
(3): go to coffeetable 1
(4): go to tvstand 1
(5): go to garbagecan 1
(6): go to sidetable 1

**Determine the appropriate action:**
- Identify relevant objects in the image related to the task.
- Evaluate each action's potential to successfully complete the task.

**Response:**
- Let's tink step-by-step.
- (i): [BEGIN][Selected Action][END]

Original VLM Response:
- (i): [BEGIN](4): go to tvstand 1[END]

> Action: go to tvstand 1
Running time: 2.5737650394439697 seconds

Step:--------------------------------------------------------------------------2--------------------------------------------------------------------------
VLM Prompt:
<image>
Given an image depicting a complex scene with multiple elements, your objective is to analyze the scene of the image in relation to the specified task description and choose the appropriate action from a list of available actions to accomplish the task. There are two examples.

**Example 1:**
- Available Actions:(1): go to bed 1, (2): go to dresser 1, (3): go to drawer 1
- Response:[BEGIN](2): go to dresser 1[END]
**Example 1:**
- Available Actions:(1): go to garbagecan 1, (2): take handtowel 1 from handtowelholder 1, (3): take faucet 1 from handtowelholder 1, (4): take handtowel 2 from handtowelholder 1
- Response:[BEGIN](2): go to dresser 1[END]

**Task Description:**
The task at hand is "look at keychain under the floorlamp". The agent must find an object of the desired type, locate and turn on a light source with the desired object in-hand.

**Available Actions:**
(1): go to armchair 1
(2): go to sof1
(3): go to coffeetable 1
(4): go to garbagecan 1
(5): go to sidetable 1
(6): take television 1 from tvstand 1
(7): take laptop 1 from tvstand 1
(8): take keychain 1 from tvstand 1
(9): examine tvstand 1

**Determine the appropriate action:**
- Identify relevant objects in the image related to the task.
- Evaluate each action's potential to successfully complete the task.

**Response:**
- Let's tink step-by-step.
- (i): [BEGIN][Selected Action][END]

Original VLM Response:
- (i): [BEGIN](8): take keychain 1 from tvstand 1[END]

> Action: take keychain 1 from tvstand 1
Running time: 3.4109344482421875 seconds

Step:--------------------------------------------------------------------------3--------------------------------------------------------------------------
VLM Prompt:
<image>
Given an image depicting a complex scene with multiple elements, your objective is to analyze the scene of the image in relation to the specified task description and choose the appropriate action from a list of available actions to accomplish the task. There are two examples.

**Example 1:**
- Available Actions:(1): go to bed 1, (2): go to dresser 1, (3): go to drawer 1
- Response:[BEGIN](2): go to dresser 1[END]
**Example 1:**
- Available Actions:(1): go to garbagecan 1, (2): take handtowel 1 from handtowelholder 1, (3): take faucet 1 from handtowelholder 1, (4): take handtowel 2 from handtowelholder 1
- Response:[BEGIN](2): go to dresser 1[END]

**Task Description:**
The task at hand is "look at keychain under the floorlamp". The agent must find an object of the desired type, locate and turn on a light source with the desired object in-hand.

**Available Actions:**
(1): go to armchair 1
(2): go to sof1
(3): go to coffeetable 1
(4): go to garbagecan 1
(5): go to sidetable 1
(6): put keychain 1 in/on tvstand 1
(7): examine keychain 1
(8): examine tvstand 1

**Determine the appropriate action:**
- Identify relevant objects in the image related to the task.
- Evaluate each action's potential to successfully complete the task.

**Response:**
- Let's tink step-by-step.
- (i): [BEGIN][Selected Action][END]

Original VLM Response:
- (i): [BEGIN](7): examine keychain 1[END]

> Action: examine keychain 1
Running time: 2.7462031841278076 seconds

Step:--------------------------------------------------------------------------4--------------------------------------------------------------------------
VLM Prompt:
<image>
Given an image depicting a complex scene with multiple elements, your objective is to analyze the scene of the image in relation to the specified task description and choose the appropriate action from a list of available actions to accomplish the task. There are two examples.

**Example 1:**
- Available Actions:(1): go to bed 1, (2): go to dresser 1, (3): go to drawer 1
- Response:[BEGIN](2): go to dresser 1[END]
**Example 1:**
- Available Actions:(1): go to garbagecan 1, (2): take handtowel 1 from handtowelholder 1, (3): take faucet 1 from handtowelholder 1, (4): take handtowel 2 from handtowelholder 1
- Response:[BEGIN](2): go to dresser 1[END]

**Task Description:**
The task at hand is "look at keychain under the floorlamp". The agent must find an object of the desired type, locate and turn on a light source with the desired object in-hand.

**Available Actions:**
(1): go to armchair 1
(2): go to sof1
(3): go to coffeetable 1
(4): go to garbagecan 1
(5): go to sidetable 1
(6): put keychain 1 in/on tvstand 1
(7): examine keychain 1
(8): examine tvstand 1

**Determine the appropriate action:**
- Identify relevant objects in the image related to the task.
- Evaluate each action's potential to successfully complete the task.

**Response:**
- Let's tink step-by-step.
- (i): [BEGIN][Selected Action][END]

Original VLM Response:
- (i): [BEGIN](7): examine keychain 1[END]

> Action: examine keychain 1
Running time: 3.7330384254455566 seconds

Step:--------------------------------------------------------------------------5--------------------------------------------------------------------------
VLM Prompt:
<image>
Given an image depicting a complex scene with multiple elements, your objective is to analyze the scene of the image in relation to the specified task description and choose the appropriate action from a list of available actions to accomplish the task. There are two examples.

**Example 1:**
- Available Actions:(1): go to bed 1, (2): go to dresser 1, (3): go to drawer 1
- Response:[BEGIN](2): go to dresser 1[END]
**Example 1:**
- Available Actions:(1): go to garbagecan 1, (2): take handtowel 1 from handtowelholder 1, (3): take faucet 1 from handtowelholder 1, (4): take handtowel 2 from handtowelholder 1
- Response:[BEGIN](2): go to dresser 1[END]

**Task Description:**
The task at hand is "look at keychain under the floorlamp". The agent must find an object of the desired type, locate and turn on a light source with the desired object in-hand.

**Available Actions:**
(1): go to armchair 1
(2): go to sof1
(3): go to coffeetable 1
(4): go to garbagecan 1
(5): go to sidetable 1
(6): put keychain 1 in/on tvstand 1
(7): examine keychain 1
(8): examine tvstand 1

**Determine the appropriate action:**
- Identify relevant objects in the image related to the task.
- Evaluate each action's potential to successfully complete the task.

**Response:**
- Let's tink step-by-step.
- (i): [BEGIN][Selected Action][END]

Original VLM Response:
- (i): [BEGIN](7): examine keychain 1[END]

> Action: examine keychain 1
Running time: 2.8573081493377686 seconds

Step:--------------------------------------------------------------------------6--------------------------------------------------------------------------
VLM Prompt:
<image>
Given an image depicting a complex scene with multiple elements, your objective is to analyze the scene of the image in relation to the specified task description and choose the appropriate action from a list of available actions to accomplish the task. There are two examples.

**Example 1:**
- Available Actions:(1): go to bed 1, (2): go to dresser 1, (3): go to drawer 1
- Response:[BEGIN](2): go to dresser 1[END]
**Example 1:**
- Available Actions:(1): go to garbagecan 1, (2): take handtowel 1 from handtowelholder 1, (3): take faucet 1 from handtowelholder 1, (4): take handtowel 2 from handtowelholder 1
- Response:[BEGIN](2): go to dresser 1[END]

**Task Description:**
The task at hand is "look at keychain under the floorlamp". The agent must find an object of the desired type, locate and turn on a light source with the desired object in-hand.

**Available Actions:**
(1): go to armchair 1
(2): go to sof1
(3): go to coffeetable 1
(4): go to garbagecan 1
(5): go to sidetable 1
(6): put keychain 1 in/on tvstand 1
(7): examine keychain 1
(8): examine tvstand 1

**Determine the appropriate action:**
- Identify relevant objects in the image related to the task.
- Evaluate each action's potential to successfully complete the task.

**Response:**
- Let's tink step-by-step.
- (i): [BEGIN][Selected Action][END]

Original VLM Response:
- (i): [BEGIN](7): examine keychain 1[END]

> Action: examine keychain 1
Running time: 2.3897292613983154 seconds

Step:--------------------------------------------------------------------------7--------------------------------------------------------------------------
VLM Prompt:
<image>
Given an image depicting a complex scene with multiple elements, your objective is to analyze the scene of the image in relation to the specified task description and choose the appropriate action from a list of available actions to accomplish the task. There are two examples.

**Example 1:**
- Available Actions:(1): go to bed 1, (2): go to dresser 1, (3): go to drawer 1
- Response:[BEGIN](2): go to dresser 1[END]
**Example 1:**
- Available Actions:(1): go to garbagecan 1, (2): take handtowel 1 from handtowelholder 1, (3): take faucet 1 from handtowelholder 1, (4): take handtowel 2 from handtowelholder 1
- Response:[BEGIN](2): go to dresser 1[END]

**Task Description:**
The task at hand is "look at keychain under the floorlamp". The agent must find an object of the desired type, locate and turn on a light source with the desired object in-hand.

**Available Actions:**
(1): go to armchair 1
(2): go to sof1
(3): go to coffeetable 1
(4): go to garbagecan 1
(5): go to sidetable 1
(6): put keychain 1 in/on tvstand 1
(7): examine keychain 1
(8): examine tvstand 1

**Determine the appropriate action:**
- Identify relevant objects in the image related to the task.
- Evaluate each action's potential to successfully complete the task.

**Response:**
- Let's tink step-by-step.
- (i): [BEGIN][Selected Action][END]

Original VLM Response:
- (i): [BEGIN](7): examine keychain 1[END]

> Action: examine keychain 1
Running time: 10.43923282623291 seconds

Step:--------------------------------------------------------------------------8--------------------------------------------------------------------------
VLM Prompt:
<image>
Given an image depicting a complex scene with multiple elements, your objective is to analyze the scene of the image in relation to the specified task description and choose the appropriate action from a list of available actions to accomplish the task. There are two examples.

**Example 1:**
- Available Actions:(1): go to bed 1, (2): go to dresser 1, (3): go to drawer 1
- Response:[BEGIN](2): go to dresser 1[END]
**Example 1:**
- Available Actions:(1): go to garbagecan 1, (2): take handtowel 1 from handtowelholder 1, (3): take faucet 1 from handtowelholder 1, (4): take handtowel 2 from handtowelholder 1
- Response:[BEGIN](2): go to dresser 1[END]

**Task Description:**
The task at hand is "look at keychain under the floorlamp". The agent must find an object of the desired type, locate and turn on a light source with the desired object in-hand.

**Available Actions:**
(1): go to armchair 1
(2): go to sof1
(3): go to coffeetable 1
(4): go to garbagecan 1
(5): go to sidetable 1
(6): put keychain 1 in/on tvstand 1
(7): examine keychain 1
(8): examine tvstand 1

**Determine the appropriate action:**
- Identify relevant objects in the image related to the task.
- Evaluate each action's potential to successfully complete the task.

**Response:**
- Let's tink step-by-step.
- (i): [BEGIN][Selected Action][END]

Original VLM Response:
- (i): [BEGIN](7): examine keychain 1[END]

> Action: examine keychain 1
Running time: 2.2424416542053223 seconds

Step:--------------------------------------------------------------------------9--------------------------------------------------------------------------
VLM Prompt:
<image>
Given an image depicting a complex scene with multiple elements, your objective is to analyze the scene of the image in relation to the specified task description and choose the appropriate action from a list of available actions to accomplish the task. There are two examples.

**Example 1:**
- Available Actions:(1): go to bed 1, (2): go to dresser 1, (3): go to drawer 1
- Response:[BEGIN](2): go to dresser 1[END]
**Example 1:**
- Available Actions:(1): go to garbagecan 1, (2): take handtowel 1 from handtowelholder 1, (3): take faucet 1 from handtowelholder 1, (4): take handtowel 2 from handtowelholder 1
- Response:[BEGIN](2): go to dresser 1[END]

**Task Description:**
The task at hand is "look at keychain under the floorlamp". The agent must find an object of the desired type, locate and turn on a light source with the desired object in-hand.

**Available Actions:**
(1): go to armchair 1
(2): go to sof1
(3): go to coffeetable 1
(4): go to garbagecan 1
(5): go to sidetable 1
(6): put keychain 1 in/on tvstand 1
(7): examine keychain 1
(8): examine tvstand 1

**Determine the appropriate action:**
- Identify relevant objects in the image related to the task.
- Evaluate each action's potential to successfully complete the task.

**Response:**
- Let's tink step-by-step.
- (i): [BEGIN][Selected Action][END]

Original VLM Response:
- (i): [BEGIN](7): examine keychain 1[END]

> Action: examine keychain 1
Running time: 2.5546417236328125 seconds

Step:--------------------------------------------------------------------------10--------------------------------------------------------------------------
VLM Prompt:
<image>
Given an image depicting a complex scene with multiple elements, your objective is to analyze the scene of the image in relation to the specified task description and choose the appropriate action from a list of available actions to accomplish the task. There are two examples.

**Example 1:**
- Available Actions:(1): go to bed 1, (2): go to dresser 1, (3): go to drawer 1
- Response:[BEGIN](2): go to dresser 1[END]
**Example 1:**
- Available Actions:(1): go to garbagecan 1, (2): take handtowel 1 from handtowelholder 1, (3): take faucet 1 from handtowelholder 1, (4): take handtowel 2 from handtowelholder 1
- Response:[BEGIN](2): go to dresser 1[END]

**Task Description:**
The task at hand is "look at keychain under the floorlamp". The agent must find an object of the desired type, locate and turn on a light source with the desired object in-hand.

**Available Actions:**
(1): go to armchair 1
(2): go to sof1
(3): go to coffeetable 1
(4): go to garbagecan 1
(5): go to sidetable 1
(6): put keychain 1 in/on tvstand 1
(7): examine keychain 1
(8): examine tvstand 1

**Determine the appropriate action:**
- Identify relevant objects in the image related to the task.
- Evaluate each action's potential to successfully complete the task.

**Response:**
- Let's tink step-by-step.
- (i): [BEGIN][Selected Action][END]

Original VLM Response:
- (i): [BEGIN](7): examine keychain 1[END]

> Action: examine keychain 1
Running time: 2.0736091136932373 seconds

Step:--------------------------------------------------------------------------11--------------------------------------------------------------------------
VLM Prompt:
<image>
Given an image depicting a complex scene with multiple elements, your objective is to analyze the scene of the image in relation to the specified task description and choose the appropriate action from a list of available actions to accomplish the task. There are two examples.

**Example 1:**
- Available Actions:(1): go to bed 1, (2): go to dresser 1, (3): go to drawer 1
- Response:[BEGIN](2): go to dresser 1[END]
**Example 1:**
- Available Actions:(1): go to garbagecan 1, (2): take handtowel 1 from handtowelholder 1, (3): take faucet 1 from handtowelholder 1, (4): take handtowel 2 from handtowelholder 1
- Response:[BEGIN](2): go to dresser 1[END]

**Task Description:**
The task at hand is "look at keychain under the floorlamp". The agent must find an object of the desired type, locate and turn on a light source with the desired object in-hand.

**Available Actions:**
(1): go to armchair 1
(2): go to sof1
(3): go to coffeetable 1
(4): go to garbagecan 1
(5): go to sidetable 1
(6): put keychain 1 in/on tvstand 1
(7): examine keychain 1
(8): examine tvstand 1

**Determine the appropriate action:**
- Identify relevant objects in the image related to the task.
- Evaluate each action's potential to successfully complete the task.

**Response:**
- Let's tink step-by-step.
- (i): [BEGIN][Selected Action][END]

Original VLM Response:
- (i): [BEGIN](7): examine keychain 1[END]

> Action: examine keychain 1
Running time: 4.4532716274261475 seconds

Step:--------------------------------------------------------------------------12--------------------------------------------------------------------------
VLM Prompt:
<image>
Given an image depicting a complex scene with multiple elements, your objective is to analyze the scene of the image in relation to the specified task description and choose the appropriate action from a list of available actions to accomplish the task. There are two examples.

**Example 1:**
- Available Actions:(1): go to bed 1, (2): go to dresser 1, (3): go to drawer 1
- Response:[BEGIN](2): go to dresser 1[END]
**Example 1:**
- Available Actions:(1): go to garbagecan 1, (2): take handtowel 1 from handtowelholder 1, (3): take faucet 1 from handtowelholder 1, (4): take handtowel 2 from handtowelholder 1
- Response:[BEGIN](2): go to dresser 1[END]

**Task Description:**
The task at hand is "look at keychain under the floorlamp". The agent must find an object of the desired type, locate and turn on a light source with the desired object in-hand.

**Available Actions:**
(1): go to armchair 1
(2): go to sof1
(3): go to coffeetable 1
(4): go to garbagecan 1
(5): go to sidetable 1
(6): put keychain 1 in/on tvstand 1
(7): examine keychain 1
(8): examine tvstand 1

**Determine the appropriate action:**
- Identify relevant objects in the image related to the task.
- Evaluate each action's potential to successfully complete the task.

**Response:**
- Let's tink step-by-step.
- (i): [BEGIN][Selected Action][END]

Original VLM Response:
- (i): [BEGIN](7): examine keychain 1[END]

> Action: examine keychain 1
Running time: 1.9993877410888672 seconds

Step:--------------------------------------------------------------------------13--------------------------------------------------------------------------
VLM Prompt:
<image>
Given an image depicting a complex scene with multiple elements, your objective is to analyze the scene of the image in relation to the specified task description and choose the appropriate action from a list of available actions to accomplish the task. There are two examples.

**Example 1:**
- Available Actions:(1): go to bed 1, (2): go to dresser 1, (3): go to drawer 1
- Response:[BEGIN](2): go to dresser 1[END]
**Example 1:**
- Available Actions:(1): go to garbagecan 1, (2): take handtowel 1 from handtowelholder 1, (3): take faucet 1 from handtowelholder 1, (4): take handtowel 2 from handtowelholder 1
- Response:[BEGIN](2): go to dresser 1[END]

**Task Description:**
The task at hand is "look at keychain under the floorlamp". The agent must find an object of the desired type, locate and turn on a light source with the desired object in-hand.

**Available Actions:**
(1): go to armchair 1
(2): go to sof1
(3): go to coffeetable 1
(4): go to garbagecan 1
(5): go to sidetable 1
(6): put keychain 1 in/on tvstand 1
(7): examine keychain 1
(8): examine tvstand 1

**Determine the appropriate action:**
- Identify relevant objects in the image related to the task.
- Evaluate each action's potential to successfully complete the task.

**Response:**
- Let's tink step-by-step.
- (i): [BEGIN][Selected Action][END]

Original VLM Response:
- (i): [BEGIN](7): examine keychain 1[END]

> Action: examine keychain 1
Running time: 2.386009454727173 seconds

Step:--------------------------------------------------------------------------14--------------------------------------------------------------------------
VLM Prompt:
<image>
Given an image depicting a complex scene with multiple elements, your objective is to analyze the scene of the image in relation to the specified task description and choose the appropriate action from a list of available actions to accomplish the task. There are two examples.

**Example 1:**
- Available Actions:(1): go to bed 1, (2): go to dresser 1, (3): go to drawer 1
- Response:[BEGIN](2): go to dresser 1[END]
**Example 1:**
- Available Actions:(1): go to garbagecan 1, (2): take handtowel 1 from handtowelholder 1, (3): take faucet 1 from handtowelholder 1, (4): take handtowel 2 from handtowelholder 1
- Response:[BEGIN](2): go to dresser 1[END]

**Task Description:**
The task at hand is "look at keychain under the floorlamp". The agent must find an object of the desired type, locate and turn on a light source with the desired object in-hand.

**Available Actions:**
(1): go to armchair 1
(2): go to sof1
(3): go to coffeetable 1
(4): go to garbagecan 1
(5): go to sidetable 1
(6): put keychain 1 in/on tvstand 1
(7): examine keychain 1
(8): examine tvstand 1

**Determine the appropriate action:**
- Identify relevant objects in the image related to the task.
- Evaluate each action's potential to successfully complete the task.

**Response:**
- Let's tink step-by-step.
- (i): [BEGIN][Selected Action][END]

Original VLM Response:
- (i): [BEGIN](7): examine keychain 1[END]

> Action: examine keychain 1
Running time: 2.777174711227417 seconds

Step:--------------------------------------------------------------------------15--------------------------------------------------------------------------
VLM Prompt:
<image>
Given an image depicting a complex scene with multiple elements, your objective is to analyze the scene of the image in relation to the specified task description and choose the appropriate action from a list of available actions to accomplish the task. There are two examples.

**Example 1:**
- Available Actions:(1): go to bed 1, (2): go to dresser 1, (3): go to drawer 1
- Response:[BEGIN](2): go to dresser 1[END]
**Example 1:**
- Available Actions:(1): go to garbagecan 1, (2): take handtowel 1 from handtowelholder 1, (3): take faucet 1 from handtowelholder 1, (4): take handtowel 2 from handtowelholder 1
- Response:[BEGIN](2): go to dresser 1[END]

**Task Description:**
The task at hand is "look at keychain under the floorlamp". The agent must find an object of the desired type, locate and turn on a light source with the desired object in-hand.

**Available Actions:**
(1): go to armchair 1
(2): go to sof1
(3): go to coffeetable 1
(4): go to garbagecan 1
(5): go to sidetable 1
(6): put keychain 1 in/on tvstand 1
(7): examine keychain 1
(8): examine tvstand 1

**Determine the appropriate action:**
- Identify relevant objects in the image related to the task.
- Evaluate each action's potential to successfully complete the task.

**Response:**
- Let's tink step-by-step.
- (i): [BEGIN][Selected Action][END]

Original VLM Response:
- (i): [BEGIN](7): examine keychain 1[END]

> Action: examine keychain 1
Running time: 3.1299703121185303 seconds

Step:--------------------------------------------------------------------------16--------------------------------------------------------------------------
VLM Prompt:
<image>
Given an image depicting a complex scene with multiple elements, your objective is to analyze the scene of the image in relation to the specified task description and choose the appropriate action from a list of available actions to accomplish the task. There are two examples.

**Example 1:**
- Available Actions:(1): go to bed 1, (2): go to dresser 1, (3): go to drawer 1
- Response:[BEGIN](2): go to dresser 1[END]
**Example 1:**
- Available Actions:(1): go to garbagecan 1, (2): take handtowel 1 from handtowelholder 1, (3): take faucet 1 from handtowelholder 1, (4): take handtowel 2 from handtowelholder 1
- Response:[BEGIN](2): go to dresser 1[END]

**Task Description:**
The task at hand is "look at keychain under the floorlamp". The agent must find an object of the desired type, locate and turn on a light source with the desired object in-hand.

**Available Actions:**
(1): go to armchair 1
(2): go to sof1
(3): go to coffeetable 1
(4): go to garbagecan 1
(5): go to sidetable 1
(6): put keychain 1 in/on tvstand 1
(7): examine keychain 1
(8): examine tvstand 1

**Determine the appropriate action:**
- Identify relevant objects in the image related to the task.
- Evaluate each action's potential to successfully complete the task.

**Response:**
- Let's tink step-by-step.
- (i): [BEGIN][Selected Action][END]

Original VLM Response:
- (i): [BEGIN](7): examine keychain 1[END]

> Action: examine keychain 1
Running time: 3.1673014163970947 seconds

Step:--------------------------------------------------------------------------17--------------------------------------------------------------------------
VLM Prompt:
<image>
Given an image depicting a complex scene with multiple elements, your objective is to analyze the scene of the image in relation to the specified task description and choose the appropriate action from a list of available actions to accomplish the task. There are two examples.

**Example 1:**
- Available Actions:(1): go to bed 1, (2): go to dresser 1, (3): go to drawer 1
- Response:[BEGIN](2): go to dresser 1[END]
**Example 1:**
- Available Actions:(1): go to garbagecan 1, (2): take handtowel 1 from handtowelholder 1, (3): take faucet 1 from handtowelholder 1, (4): take handtowel 2 from handtowelholder 1
- Response:[BEGIN](2): go to dresser 1[END]

**Task Description:**
The task at hand is "look at keychain under the floorlamp". The agent must find an object of the desired type, locate and turn on a light source with the desired object in-hand.

**Available Actions:**
(1): go to armchair 1
(2): go to sof1
(3): go to coffeetable 1
(4): go to garbagecan 1
(5): go to sidetable 1
(6): put keychain 1 in/on tvstand 1
(7): examine keychain 1
(8): examine tvstand 1

**Determine the appropriate action:**
- Identify relevant objects in the image related to the task.
- Evaluate each action's potential to successfully complete the task.

**Response:**
- Let's tink step-by-step.
- (i): [BEGIN][Selected Action][END]

Original VLM Response:
- (i): [BEGIN](7): examine keychain 1[END]

> Action: examine keychain 1
Running time: 2.449218988418579 seconds

Step:--------------------------------------------------------------------------18--------------------------------------------------------------------------
VLM Prompt:
<image>
Given an image depicting a complex scene with multiple elements, your objective is to analyze the scene of the image in relation to the specified task description and choose the appropriate action from a list of available actions to accomplish the task. There are two examples.

**Example 1:**
- Available Actions:(1): go to bed 1, (2): go to dresser 1, (3): go to drawer 1
- Response:[BEGIN](2): go to dresser 1[END]
**Example 1:**
- Available Actions:(1): go to garbagecan 1, (2): take handtowel 1 from handtowelholder 1, (3): take faucet 1 from handtowelholder 1, (4): take handtowel 2 from handtowelholder 1
- Response:[BEGIN](2): go to dresser 1[END]

**Task Description:**
The task at hand is "look at keychain under the floorlamp". The agent must find an object of the desired type, locate and turn on a light source with the desired object in-hand.

**Available Actions:**
(1): go to armchair 1
(2): go to sof1
(3): go to coffeetable 1
(4): go to garbagecan 1
(5): go to sidetable 1
(6): put keychain 1 in/on tvstand 1
(7): examine keychain 1
(8): examine tvstand 1

**Determine the appropriate action:**
- Identify relevant objects in the image related to the task.
- Evaluate each action's potential to successfully complete the task.

**Response:**
- Let's tink step-by-step.
- (i): [BEGIN][Selected Action][END]

Original VLM Response:
- (i): [BEGIN](7): examine keychain 1[END]

> Action: examine keychain 1
Running time: 3.1252570152282715 seconds

Step:--------------------------------------------------------------------------19--------------------------------------------------------------------------
VLM Prompt:
<image>
Given an image depicting a complex scene with multiple elements, your objective is to analyze the scene of the image in relation to the specified task description and choose the appropriate action from a list of available actions to accomplish the task. There are two examples.

**Example 1:**
- Available Actions:(1): go to bed 1, (2): go to dresser 1, (3): go to drawer 1
- Response:[BEGIN](2): go to dresser 1[END]
**Example 1:**
- Available Actions:(1): go to garbagecan 1, (2): take handtowel 1 from handtowelholder 1, (3): take faucet 1 from handtowelholder 1, (4): take handtowel 2 from handtowelholder 1
- Response:[BEGIN](2): go to dresser 1[END]

**Task Description:**
The task at hand is "look at keychain under the floorlamp". The agent must find an object of the desired type, locate and turn on a light source with the desired object in-hand.

**Available Actions:**
(1): go to armchair 1
(2): go to sof1
(3): go to coffeetable 1
(4): go to garbagecan 1
(5): go to sidetable 1
(6): put keychain 1 in/on tvstand 1
(7): examine keychain 1
(8): examine tvstand 1

**Determine the appropriate action:**
- Identify relevant objects in the image related to the task.
- Evaluate each action's potential to successfully complete the task.

**Response:**
- Let's tink step-by-step.
- (i): [BEGIN][Selected Action][END]

Original VLM Response:
- (i): [BEGIN](7): examine keychain 1[END]

> Action: examine keychain 1
Running time: 1.9868037700653076 seconds

Step:--------------------------------------------------------------------------20--------------------------------------------------------------------------
VLM Prompt:
<image>
Given an image depicting a complex scene with multiple elements, your objective is to analyze the scene of the image in relation to the specified task description and choose the appropriate action from a list of available actions to accomplish the task. There are two examples.

**Example 1:**
- Available Actions:(1): go to bed 1, (2): go to dresser 1, (3): go to drawer 1
- Response:[BEGIN](2): go to dresser 1[END]
**Example 1:**
- Available Actions:(1): go to garbagecan 1, (2): take handtowel 1 from handtowelholder 1, (3): take faucet 1 from handtowelholder 1, (4): take handtowel 2 from handtowelholder 1
- Response:[BEGIN](2): go to dresser 1[END]

**Task Description:**
The task at hand is "look at keychain under the floorlamp". The agent must find an object of the desired type, locate and turn on a light source with the desired object in-hand.

**Available Actions:**
(1): go to armchair 1
(2): go to sof1
(3): go to coffeetable 1
(4): go to garbagecan 1
(5): go to sidetable 1
(6): put keychain 1 in/on tvstand 1
(7): examine keychain 1
(8): examine tvstand 1

**Determine the appropriate action:**
- Identify relevant objects in the image related to the task.
- Evaluate each action's potential to successfully complete the task.

**Response:**
- Let's tink step-by-step.
- (i): [BEGIN][Selected Action][END]

Original VLM Response:
- (i): [BEGIN](7): examine keychain 1[END]

> Action: examine keychain 1
Running time: 1.9675495624542236 seconds

Step:--------------------------------------------------------------------------21--------------------------------------------------------------------------
VLM Prompt:
<image>
Given an image depicting a complex scene with multiple elements, your objective is to analyze the scene of the image in relation to the specified task description and choose the appropriate action from a list of available actions to accomplish the task. There are two examples.

**Example 1:**
- Available Actions:(1): go to bed 1, (2): go to dresser 1, (3): go to drawer 1
- Response:[BEGIN](2): go to dresser 1[END]
**Example 1:**
- Available Actions:(1): go to garbagecan 1, (2): take handtowel 1 from handtowelholder 1, (3): take faucet 1 from handtowelholder 1, (4): take handtowel 2 from handtowelholder 1
- Response:[BEGIN](2): go to dresser 1[END]

**Task Description:**
The task at hand is "look at keychain under the floorlamp". The agent must find an object of the desired type, locate and turn on a light source with the desired object in-hand.

**Available Actions:**
(1): go to armchair 1
(2): go to sof1
(3): go to coffeetable 1
(4): go to garbagecan 1
(5): go to sidetable 1
(6): put keychain 1 in/on tvstand 1
(7): examine keychain 1
(8): examine tvstand 1

**Determine the appropriate action:**
- Identify relevant objects in the image related to the task.
- Evaluate each action's potential to successfully complete the task.

**Response:**
- Let's tink step-by-step.
- (i): [BEGIN][Selected Action][END]

Original VLM Response:
- (i): [BEGIN](7): examine keychain 1[END]

> Action: examine keychain 1
Running time: 2.511206865310669 seconds

Step:--------------------------------------------------------------------------22--------------------------------------------------------------------------
VLM Prompt:
<image>
Given an image depicting a complex scene with multiple elements, your objective is to analyze the scene of the image in relation to the specified task description and choose the appropriate action from a list of available actions to accomplish the task. There are two examples.

**Example 1:**
- Available Actions:(1): go to bed 1, (2): go to dresser 1, (3): go to drawer 1
- Response:[BEGIN](2): go to dresser 1[END]
**Example 1:**
- Available Actions:(1): go to garbagecan 1, (2): take handtowel 1 from handtowelholder 1, (3): take faucet 1 from handtowelholder 1, (4): take handtowel 2 from handtowelholder 1
- Response:[BEGIN](2): go to dresser 1[END]

**Task Description:**
The task at hand is "look at keychain under the floorlamp". The agent must find an object of the desired type, locate and turn on a light source with the desired object in-hand.

**Available Actions:**
(1): go to armchair 1
(2): go to sof1
(3): go to coffeetable 1
(4): go to garbagecan 1
(5): go to sidetable 1
(6): put keychain 1 in/on tvstand 1
(7): examine keychain 1
(8): examine tvstand 1

**Determine the appropriate action:**
- Identify relevant objects in the image related to the task.
- Evaluate each action's potential to successfully complete the task.

**Response:**
- Let's tink step-by-step.
- (i): [BEGIN][Selected Action][END]

Original VLM Response:
- (i): [BEGIN](7): examine keychain 1[END]

> Action: examine keychain 1
Running time: 2.0614418983459473 seconds

Step:--------------------------------------------------------------------------23--------------------------------------------------------------------------
VLM Prompt:
<image>
Given an image depicting a complex scene with multiple elements, your objective is to analyze the scene of the image in relation to the specified task description and choose the appropriate action from a list of available actions to accomplish the task. There are two examples.

**Example 1:**
- Available Actions:(1): go to bed 1, (2): go to dresser 1, (3): go to drawer 1
- Response:[BEGIN](2): go to dresser 1[END]
**Example 1:**
- Available Actions:(1): go to garbagecan 1, (2): take handtowel 1 from handtowelholder 1, (3): take faucet 1 from handtowelholder 1, (4): take handtowel 2 from handtowelholder 1
- Response:[BEGIN](2): go to dresser 1[END]

**Task Description:**
The task at hand is "look at keychain under the floorlamp". The agent must find an object of the desired type, locate and turn on a light source with the desired object in-hand.

**Available Actions:**
(1): go to armchair 1
(2): go to sof1
(3): go to coffeetable 1
(4): go to garbagecan 1
(5): go to sidetable 1
(6): put keychain 1 in/on tvstand 1
(7): examine keychain 1
(8): examine tvstand 1

**Determine the appropriate action:**
- Identify relevant objects in the image related to the task.
- Evaluate each action's potential to successfully complete the task.

**Response:**
- Let's tink step-by-step.
- (i): [BEGIN][Selected Action][END]

Original VLM Response:
- (i): [BEGIN](7): examine keychain 1[END]

> Action: examine keychain 1
Running time: 2.695906639099121 seconds

Step:--------------------------------------------------------------------------24--------------------------------------------------------------------------
VLM Prompt:
<image>
Given an image depicting a complex scene with multiple elements, your objective is to analyze the scene of the image in relation to the specified task description and choose the appropriate action from a list of available actions to accomplish the task. There are two examples.

**Example 1:**
- Available Actions:(1): go to bed 1, (2): go to dresser 1, (3): go to drawer 1
- Response:[BEGIN](2): go to dresser 1[END]
**Example 1:**
- Available Actions:(1): go to garbagecan 1, (2): take handtowel 1 from handtowelholder 1, (3): take faucet 1 from handtowelholder 1, (4): take handtowel 2 from handtowelholder 1
- Response:[BEGIN](2): go to dresser 1[END]

**Task Description:**
The task at hand is "look at keychain under the floorlamp". The agent must find an object of the desired type, locate and turn on a light source with the desired object in-hand.

**Available Actions:**
(1): go to armchair 1
(2): go to sof1
(3): go to coffeetable 1
(4): go to garbagecan 1
(5): go to sidetable 1
(6): put keychain 1 in/on tvstand 1
(7): examine keychain 1
(8): examine tvstand 1

**Determine the appropriate action:**
- Identify relevant objects in the image related to the task.
- Evaluate each action's potential to successfully complete the task.

**Response:**
- Let's tink step-by-step.
- (i): [BEGIN][Selected Action][END]

Original VLM Response:
- (i): [BEGIN](7): examine keychain 1[END]

> Action: examine keychain 1
Running time: 2.0010032653808594 seconds

Step:--------------------------------------------------------------------------25--------------------------------------------------------------------------
VLM Prompt:
<image>
Given an image depicting a complex scene with multiple elements, your objective is to analyze the scene of the image in relation to the specified task description and choose the appropriate action from a list of available actions to accomplish the task. There are two examples.

**Example 1:**
- Available Actions:(1): go to bed 1, (2): go to dresser 1, (3): go to drawer 1
- Response:[BEGIN](2): go to dresser 1[END]
**Example 1:**
- Available Actions:(1): go to garbagecan 1, (2): take handtowel 1 from handtowelholder 1, (3): take faucet 1 from handtowelholder 1, (4): take handtowel 2 from handtowelholder 1
- Response:[BEGIN](2): go to dresser 1[END]

**Task Description:**
The task at hand is "look at keychain under the floorlamp". The agent must find an object of the desired type, locate and turn on a light source with the desired object in-hand.

**Available Actions:**
(1): go to armchair 1
(2): go to sof1
(3): go to coffeetable 1
(4): go to garbagecan 1
(5): go to sidetable 1
(6): put keychain 1 in/on tvstand 1
(7): examine keychain 1
(8): examine tvstand 1

**Determine the appropriate action:**
- Identify relevant objects in the image related to the task.
- Evaluate each action's potential to successfully complete the task.

**Response:**
- Let's tink step-by-step.
- (i): [BEGIN][Selected Action][END]

Original VLM Response:
- (i): [BEGIN](7): examine keychain 1[END]

> Action: examine keychain 1
Running time: 1.8709688186645508 seconds

Step:--------------------------------------------------------------------------26--------------------------------------------------------------------------
VLM Prompt:
<image>
Given an image depicting a complex scene with multiple elements, your objective is to analyze the scene of the image in relation to the specified task description and choose the appropriate action from a list of available actions to accomplish the task. There are two examples.

**Example 1:**
- Available Actions:(1): go to bed 1, (2): go to dresser 1, (3): go to drawer 1
- Response:[BEGIN](2): go to dresser 1[END]
**Example 1:**
- Available Actions:(1): go to garbagecan 1, (2): take handtowel 1 from handtowelholder 1, (3): take faucet 1 from handtowelholder 1, (4): take handtowel 2 from handtowelholder 1
- Response:[BEGIN](2): go to dresser 1[END]

**Task Description:**
The task at hand is "look at keychain under the floorlamp". The agent must find an object of the desired type, locate and turn on a light source with the desired object in-hand.

**Available Actions:**
(1): go to armchair 1
(2): go to sof1
(3): go to coffeetable 1
(4): go to garbagecan 1
(5): go to sidetable 1
(6): put keychain 1 in/on tvstand 1
(7): examine keychain 1
(8): examine tvstand 1

**Determine the appropriate action:**
- Identify relevant objects in the image related to the task.
- Evaluate each action's potential to successfully complete the task.

**Response:**
- Let's tink step-by-step.
- (i): [BEGIN][Selected Action][END]

Original VLM Response:
- (i): [BEGIN](7): examine keychain 1[END]

> Action: examine keychain 1
Running time: 1.8767032623291016 seconds

Step:--------------------------------------------------------------------------27--------------------------------------------------------------------------
VLM Prompt:
<image>
Given an image depicting a complex scene with multiple elements, your objective is to analyze the scene of the image in relation to the specified task description and choose the appropriate action from a list of available actions to accomplish the task. There are two examples.

**Example 1:**
- Available Actions:(1): go to bed 1, (2): go to dresser 1, (3): go to drawer 1
- Response:[BEGIN](2): go to dresser 1[END]
**Example 1:**
- Available Actions:(1): go to garbagecan 1, (2): take handtowel 1 from handtowelholder 1, (3): take faucet 1 from handtowelholder 1, (4): take handtowel 2 from handtowelholder 1
- Response:[BEGIN](2): go to dresser 1[END]

**Task Description:**
The task at hand is "look at keychain under the floorlamp". The agent must find an object of the desired type, locate and turn on a light source with the desired object in-hand.

**Available Actions:**
(1): go to armchair 1
(2): go to sof1
(3): go to coffeetable 1
(4): go to garbagecan 1
(5): go to sidetable 1
(6): put keychain 1 in/on tvstand 1
(7): examine keychain 1
(8): examine tvstand 1

**Determine the appropriate action:**
- Identify relevant objects in the image related to the task.
- Evaluate each action's potential to successfully complete the task.

**Response:**
- Let's tink step-by-step.
- (i): [BEGIN][Selected Action][END]

Original VLM Response:
- (i): [BEGIN](7): examine keychain 1[END]

> Action: examine keychain 1
Running time: 4.360538959503174 seconds

Step:--------------------------------------------------------------------------28--------------------------------------------------------------------------
VLM Prompt:
<image>
Given an image depicting a complex scene with multiple elements, your objective is to analyze the scene of the image in relation to the specified task description and choose the appropriate action from a list of available actions to accomplish the task. There are two examples.

**Example 1:**
- Available Actions:(1): go to bed 1, (2): go to dresser 1, (3): go to drawer 1
- Response:[BEGIN](2): go to dresser 1[END]
**Example 1:**
- Available Actions:(1): go to garbagecan 1, (2): take handtowel 1 from handtowelholder 1, (3): take faucet 1 from handtowelholder 1, (4): take handtowel 2 from handtowelholder 1
- Response:[BEGIN](2): go to dresser 1[END]

**Task Description:**
The task at hand is "look at keychain under the floorlamp". The agent must find an object of the desired type, locate and turn on a light source with the desired object in-hand.

**Available Actions:**
(1): go to armchair 1
(2): go to sof1
(3): go to coffeetable 1
(4): go to garbagecan 1
(5): go to sidetable 1
(6): put keychain 1 in/on tvstand 1
(7): examine keychain 1
(8): examine tvstand 1

**Determine the appropriate action:**
- Identify relevant objects in the image related to the task.
- Evaluate each action's potential to successfully complete the task.

**Response:**
- Let's tink step-by-step.
- (i): [BEGIN][Selected Action][END]

Original VLM Response:
- (i): [BEGIN](7): examine keychain 1[END]

> Action: examine keychain 1
Running time: 2.0547122955322266 seconds

Step:--------------------------------------------------------------------------29--------------------------------------------------------------------------
VLM Prompt:
<image>
Given an image depicting a complex scene with multiple elements, your objective is to analyze the scene of the image in relation to the specified task description and choose the appropriate action from a list of available actions to accomplish the task. There are two examples.

**Example 1:**
- Available Actions:(1): go to bed 1, (2): go to dresser 1, (3): go to drawer 1
- Response:[BEGIN](2): go to dresser 1[END]
**Example 1:**
- Available Actions:(1): go to garbagecan 1, (2): take handtowel 1 from handtowelholder 1, (3): take faucet 1 from handtowelholder 1, (4): take handtowel 2 from handtowelholder 1
- Response:[BEGIN](2): go to dresser 1[END]

**Task Description:**
The task at hand is "look at keychain under the floorlamp". The agent must find an object of the desired type, locate and turn on a light source with the desired object in-hand.

**Available Actions:**
(1): go to armchair 1
(2): go to sof1
(3): go to coffeetable 1
(4): go to garbagecan 1
(5): go to sidetable 1
(6): put keychain 1 in/on tvstand 1
(7): examine keychain 1
(8): examine tvstand 1

**Determine the appropriate action:**
- Identify relevant objects in the image related to the task.
- Evaluate each action's potential to successfully complete the task.

**Response:**
- Let's tink step-by-step.
- (i): [BEGIN][Selected Action][END]

Original VLM Response:
- (i): [BEGIN](7): examine keychain 1[END]

> Action: examine keychain 1
Running time: 3.0941905975341797 seconds

Step:--------------------------------------------------------------------------30--------------------------------------------------------------------------
VLM Prompt:
<image>
Given an image depicting a complex scene with multiple elements, your objective is to analyze the scene of the image in relation to the specified task description and choose the appropriate action from a list of available actions to accomplish the task. There are two examples.

**Example 1:**
- Available Actions:(1): go to bed 1, (2): go to dresser 1, (3): go to drawer 1
- Response:[BEGIN](2): go to dresser 1[END]
**Example 1:**
- Available Actions:(1): go to garbagecan 1, (2): take handtowel 1 from handtowelholder 1, (3): take faucet 1 from handtowelholder 1, (4): take handtowel 2 from handtowelholder 1
- Response:[BEGIN](2): go to dresser 1[END]

**Task Description:**
The task at hand is "look at keychain under the floorlamp". The agent must find an object of the desired type, locate and turn on a light source with the desired object in-hand.

**Available Actions:**
(1): go to armchair 1
(2): go to sof1
(3): go to coffeetable 1
(4): go to garbagecan 1
(5): go to sidetable 1
(6): put keychain 1 in/on tvstand 1
(7): examine keychain 1
(8): examine tvstand 1

**Determine the appropriate action:**
- Identify relevant objects in the image related to the task.
- Evaluate each action's potential to successfully complete the task.

**Response:**
- Let's tink step-by-step.
- (i): [BEGIN][Selected Action][END]

Original VLM Response:
- (i): [BEGIN](7): examine keychain 1[END]

> Action: examine keychain 1
Running time: 1.9496510028839111 seconds

Step:--------------------------------------------------------------------------31--------------------------------------------------------------------------
VLM Prompt:
<image>
Given an image depicting a complex scene with multiple elements, your objective is to analyze the scene of the image in relation to the specified task description and choose the appropriate action from a list of available actions to accomplish the task. There are two examples.

**Example 1:**
- Available Actions:(1): go to bed 1, (2): go to dresser 1, (3): go to drawer 1
- Response:[BEGIN](2): go to dresser 1[END]
**Example 1:**
- Available Actions:(1): go to garbagecan 1, (2): take handtowel 1 from handtowelholder 1, (3): take faucet 1 from handtowelholder 1, (4): take handtowel 2 from handtowelholder 1
- Response:[BEGIN](2): go to dresser 1[END]

**Task Description:**
The task at hand is "look at keychain under the floorlamp". The agent must find an object of the desired type, locate and turn on a light source with the desired object in-hand.

**Available Actions:**
(1): go to armchair 1
(2): go to sof1
(3): go to coffeetable 1
(4): go to garbagecan 1
(5): go to sidetable 1
(6): put keychain 1 in/on tvstand 1
(7): examine keychain 1
(8): examine tvstand 1

**Determine the appropriate action:**
- Identify relevant objects in the image related to the task.
- Evaluate each action's potential to successfully complete the task.

**Response:**
- Let's tink step-by-step.
- (i): [BEGIN][Selected Action][END]

Original VLM Response:
- (i): [BEGIN](7): examine keychain 1[END]

> Action: examine keychain 1
Running time: 1.9391088485717773 seconds

Step:--------------------------------------------------------------------------32--------------------------------------------------------------------------
VLM Prompt:
<image>
Given an image depicting a complex scene with multiple elements, your objective is to analyze the scene of the image in relation to the specified task description and choose the appropriate action from a list of available actions to accomplish the task. There are two examples.

**Example 1:**
- Available Actions:(1): go to bed 1, (2): go to dresser 1, (3): go to drawer 1
- Response:[BEGIN](2): go to dresser 1[END]
**Example 1:**
- Available Actions:(1): go to garbagecan 1, (2): take handtowel 1 from handtowelholder 1, (3): take faucet 1 from handtowelholder 1, (4): take handtowel 2 from handtowelholder 1
- Response:[BEGIN](2): go to dresser 1[END]

**Task Description:**
The task at hand is "look at keychain under the floorlamp". The agent must find an object of the desired type, locate and turn on a light source with the desired object in-hand.

**Available Actions:**
(1): go to armchair 1
(2): go to sof1
(3): go to coffeetable 1
(4): go to garbagecan 1
(5): go to sidetable 1
(6): put keychain 1 in/on tvstand 1
(7): examine keychain 1
(8): examine tvstand 1

**Determine the appropriate action:**
- Identify relevant objects in the image related to the task.
- Evaluate each action's potential to successfully complete the task.

**Response:**
- Let's tink step-by-step.
- (i): [BEGIN][Selected Action][END]

Original VLM Response:
- (i): [BEGIN](7): examine keychain 1[END]

> Action: examine keychain 1
Running time: 2.365776538848877 seconds

Step:--------------------------------------------------------------------------33--------------------------------------------------------------------------
VLM Prompt:
<image>
Given an image depicting a complex scene with multiple elements, your objective is to analyze the scene of the image in relation to the specified task description and choose the appropriate action from a list of available actions to accomplish the task. There are two examples.

**Example 1:**
- Available Actions:(1): go to bed 1, (2): go to dresser 1, (3): go to drawer 1
- Response:[BEGIN](2): go to dresser 1[END]
**Example 1:**
- Available Actions:(1): go to garbagecan 1, (2): take handtowel 1 from handtowelholder 1, (3): take faucet 1 from handtowelholder 1, (4): take handtowel 2 from handtowelholder 1
- Response:[BEGIN](2): go to dresser 1[END]

**Task Description:**
The task at hand is "look at keychain under the floorlamp". The agent must find an object of the desired type, locate and turn on a light source with the desired object in-hand.

**Available Actions:**
(1): go to armchair 1
(2): go to sof1
(3): go to coffeetable 1
(4): go to garbagecan 1
(5): go to sidetable 1
(6): put keychain 1 in/on tvstand 1
(7): examine keychain 1
(8): examine tvstand 1

**Determine the appropriate action:**
- Identify relevant objects in the image related to the task.
- Evaluate each action's potential to successfully complete the task.

**Response:**
- Let's tink step-by-step.
- (i): [BEGIN][Selected Action][END]

Original VLM Response:
- (i): [BEGIN](7): examine keychain 1[END]

> Action: examine keychain 1
Running time: 1.8154246807098389 seconds

Step:--------------------------------------------------------------------------34--------------------------------------------------------------------------
VLM Prompt:
<image>
Given an image depicting a complex scene with multiple elements, your objective is to analyze the scene of the image in relation to the specified task description and choose the appropriate action from a list of available actions to accomplish the task. There are two examples.

**Example 1:**
- Available Actions:(1): go to bed 1, (2): go to dresser 1, (3): go to drawer 1
- Response:[BEGIN](2): go to dresser 1[END]
**Example 1:**
- Available Actions:(1): go to garbagecan 1, (2): take handtowel 1 from handtowelholder 1, (3): take faucet 1 from handtowelholder 1, (4): take handtowel 2 from handtowelholder 1
- Response:[BEGIN](2): go to dresser 1[END]

**Task Description:**
The task at hand is "look at keychain under the floorlamp". The agent must find an object of the desired type, locate and turn on a light source with the desired object in-hand.

**Available Actions:**
(1): go to armchair 1
(2): go to sof1
(3): go to coffeetable 1
(4): go to garbagecan 1
(5): go to sidetable 1
(6): put keychain 1 in/on tvstand 1
(7): examine keychain 1
(8): examine tvstand 1

**Determine the appropriate action:**
- Identify relevant objects in the image related to the task.
- Evaluate each action's potential to successfully complete the task.

**Response:**
- Let's tink step-by-step.
- (i): [BEGIN][Selected Action][END]

Original VLM Response:
- (i): [BEGIN](7): examine keychain 1[END]

> Action: examine keychain 1
Running time: 5.5582215785980225 seconds

Step:--------------------------------------------------------------------------35--------------------------------------------------------------------------
VLM Prompt:
<image>
Given an image depicting a complex scene with multiple elements, your objective is to analyze the scene of the image in relation to the specified task description and choose the appropriate action from a list of available actions to accomplish the task. There are two examples.

**Example 1:**
- Available Actions:(1): go to bed 1, (2): go to dresser 1, (3): go to drawer 1
- Response:[BEGIN](2): go to dresser 1[END]
**Example 1:**
- Available Actions:(1): go to garbagecan 1, (2): take handtowel 1 from handtowelholder 1, (3): take faucet 1 from handtowelholder 1, (4): take handtowel 2 from handtowelholder 1
- Response:[BEGIN](2): go to dresser 1[END]

**Task Description:**
The task at hand is "look at keychain under the floorlamp". The agent must find an object of the desired type, locate and turn on a light source with the desired object in-hand.

**Available Actions:**
(1): go to armchair 1
(2): go to sof1
(3): go to coffeetable 1
(4): go to garbagecan 1
(5): go to sidetable 1
(6): put keychain 1 in/on tvstand 1
(7): examine keychain 1
(8): examine tvstand 1

**Determine the appropriate action:**
- Identify relevant objects in the image related to the task.
- Evaluate each action's potential to successfully complete the task.

**Response:**
- Let's tink step-by-step.
- (i): [BEGIN][Selected Action][END]

Original VLM Response:
- (i): [BEGIN](7): examine keychain 1[END]

> Action: examine keychain 1
Running time: 2.2191474437713623 seconds

Step:--------------------------------------------------------------------------36--------------------------------------------------------------------------
VLM Prompt:
<image>
Given an image depicting a complex scene with multiple elements, your objective is to analyze the scene of the image in relation to the specified task description and choose the appropriate action from a list of available actions to accomplish the task. There are two examples.

**Example 1:**
- Available Actions:(1): go to bed 1, (2): go to dresser 1, (3): go to drawer 1
- Response:[BEGIN](2): go to dresser 1[END]
**Example 1:**
- Available Actions:(1): go to garbagecan 1, (2): take handtowel 1 from handtowelholder 1, (3): take faucet 1 from handtowelholder 1, (4): take handtowel 2 from handtowelholder 1
- Response:[BEGIN](2): go to dresser 1[END]

**Task Description:**
The task at hand is "look at keychain under the floorlamp". The agent must find an object of the desired type, locate and turn on a light source with the desired object in-hand.

**Available Actions:**
(1): go to armchair 1
(2): go to sof1
(3): go to coffeetable 1
(4): go to garbagecan 1
(5): go to sidetable 1
(6): put keychain 1 in/on tvstand 1
(7): examine keychain 1
(8): examine tvstand 1

**Determine the appropriate action:**
- Identify relevant objects in the image related to the task.
- Evaluate each action's potential to successfully complete the task.

**Response:**
- Let's tink step-by-step.
- (i): [BEGIN][Selected Action][END]

Original VLM Response:
- (i): [BEGIN](7): examine keychain 1[END]

> Action: examine keychain 1
Running time: 4.930016756057739 seconds

Step:--------------------------------------------------------------------------37--------------------------------------------------------------------------
VLM Prompt:
<image>
Given an image depicting a complex scene with multiple elements, your objective is to analyze the scene of the image in relation to the specified task description and choose the appropriate action from a list of available actions to accomplish the task. There are two examples.

**Example 1:**
- Available Actions:(1): go to bed 1, (2): go to dresser 1, (3): go to drawer 1
- Response:[BEGIN](2): go to dresser 1[END]
**Example 1:**
- Available Actions:(1): go to garbagecan 1, (2): take handtowel 1 from handtowelholder 1, (3): take faucet 1 from handtowelholder 1, (4): take handtowel 2 from handtowelholder 1
- Response:[BEGIN](2): go to dresser 1[END]

**Task Description:**
The task at hand is "look at keychain under the floorlamp". The agent must find an object of the desired type, locate and turn on a light source with the desired object in-hand.

**Available Actions:**
(1): go to armchair 1
(2): go to sof1
(3): go to coffeetable 1
(4): go to garbagecan 1
(5): go to sidetable 1
(6): put keychain 1 in/on tvstand 1
(7): examine keychain 1
(8): examine tvstand 1

**Determine the appropriate action:**
- Identify relevant objects in the image related to the task.
- Evaluate each action's potential to successfully complete the task.

**Response:**
- Let's tink step-by-step.
- (i): [BEGIN][Selected Action][END]

Original VLM Response:
- (i): [BEGIN](7): examine keychain 1[END]

> Action: examine keychain 1
Running time: 2.009791135787964 seconds

Step:--------------------------------------------------------------------------38--------------------------------------------------------------------------
VLM Prompt:
<image>
Given an image depicting a complex scene with multiple elements, your objective is to analyze the scene of the image in relation to the specified task description and choose the appropriate action from a list of available actions to accomplish the task. There are two examples.

**Example 1:**
- Available Actions:(1): go to bed 1, (2): go to dresser 1, (3): go to drawer 1
- Response:[BEGIN](2): go to dresser 1[END]
**Example 1:**
- Available Actions:(1): go to garbagecan 1, (2): take handtowel 1 from handtowelholder 1, (3): take faucet 1 from handtowelholder 1, (4): take handtowel 2 from handtowelholder 1
- Response:[BEGIN](2): go to dresser 1[END]

**Task Description:**
The task at hand is "look at keychain under the floorlamp". The agent must find an object of the desired type, locate and turn on a light source with the desired object in-hand.

**Available Actions:**
(1): go to armchair 1
(2): go to sof1
(3): go to coffeetable 1
(4): go to garbagecan 1
(5): go to sidetable 1
(6): put keychain 1 in/on tvstand 1
(7): examine keychain 1
(8): examine tvstand 1

**Determine the appropriate action:**
- Identify relevant objects in the image related to the task.
- Evaluate each action's potential to successfully complete the task.

**Response:**
- Let's tink step-by-step.
- (i): [BEGIN][Selected Action][END]

Original VLM Response:
- (i): [BEGIN](7): examine keychain 1[END]

> Action: examine keychain 1
Running time: 5.281307220458984 seconds

Step:--------------------------------------------------------------------------39--------------------------------------------------------------------------
VLM Prompt:
<image>
Given an image depicting a complex scene with multiple elements, your objective is to analyze the scene of the image in relation to the specified task description and choose the appropriate action from a list of available actions to accomplish the task. There are two examples.

**Example 1:**
- Available Actions:(1): go to bed 1, (2): go to dresser 1, (3): go to drawer 1
- Response:[BEGIN](2): go to dresser 1[END]
**Example 1:**
- Available Actions:(1): go to garbagecan 1, (2): take handtowel 1 from handtowelholder 1, (3): take faucet 1 from handtowelholder 1, (4): take handtowel 2 from handtowelholder 1
- Response:[BEGIN](2): go to dresser 1[END]

**Task Description:**
The task at hand is "look at keychain under the floorlamp". The agent must find an object of the desired type, locate and turn on a light source with the desired object in-hand.

**Available Actions:**
(1): go to armchair 1
(2): go to sof1
(3): go to coffeetable 1
(4): go to garbagecan 1
(5): go to sidetable 1
(6): put keychain 1 in/on tvstand 1
(7): examine keychain 1
(8): examine tvstand 1

**Determine the appropriate action:**
- Identify relevant objects in the image related to the task.
- Evaluate each action's potential to successfully complete the task.

**Response:**
- Let's tink step-by-step.
- (i): [BEGIN][Selected Action][END]

Original VLM Response:
- (i): [BEGIN](7): examine keychain 1[END]

> Action: examine keychain 1
Running time: 1.941359043121338 seconds

Step:--------------------------------------------------------------------------40--------------------------------------------------------------------------
VLM Prompt:
<image>
Given an image depicting a complex scene with multiple elements, your objective is to analyze the scene of the image in relation to the specified task description and choose the appropriate action from a list of available actions to accomplish the task. There are two examples.

**Example 1:**
- Available Actions:(1): go to bed 1, (2): go to dresser 1, (3): go to drawer 1
- Response:[BEGIN](2): go to dresser 1[END]
**Example 1:**
- Available Actions:(1): go to garbagecan 1, (2): take handtowel 1 from handtowelholder 1, (3): take faucet 1 from handtowelholder 1, (4): take handtowel 2 from handtowelholder 1
- Response:[BEGIN](2): go to dresser 1[END]

**Task Description:**
The task at hand is "look at keychain under the floorlamp". The agent must find an object of the desired type, locate and turn on a light source with the desired object in-hand.

**Available Actions:**
(1): go to armchair 1
(2): go to sof1
(3): go to coffeetable 1
(4): go to garbagecan 1
(5): go to sidetable 1
(6): put keychain 1 in/on tvstand 1
(7): examine keychain 1
(8): examine tvstand 1

**Determine the appropriate action:**
- Identify relevant objects in the image related to the task.
- Evaluate each action's potential to successfully complete the task.

**Response:**
- Let's tink step-by-step.
- (i): [BEGIN][Selected Action][END]

Original VLM Response:
- (i): [BEGIN](7): examine keychain 1[END]

> Action: examine keychain 1
Running time: 10.770353317260742 seconds

Step:--------------------------------------------------------------------------41--------------------------------------------------------------------------
VLM Prompt:
<image>
Given an image depicting a complex scene with multiple elements, your objective is to analyze the scene of the image in relation to the specified task description and choose the appropriate action from a list of available actions to accomplish the task. There are two examples.

**Example 1:**
- Available Actions:(1): go to bed 1, (2): go to dresser 1, (3): go to drawer 1
- Response:[BEGIN](2): go to dresser 1[END]
**Example 1:**
- Available Actions:(1): go to garbagecan 1, (2): take handtowel 1 from handtowelholder 1, (3): take faucet 1 from handtowelholder 1, (4): take handtowel 2 from handtowelholder 1
- Response:[BEGIN](2): go to dresser 1[END]

**Task Description:**
The task at hand is "look at keychain under the floorlamp". The agent must find an object of the desired type, locate and turn on a light source with the desired object in-hand.

**Available Actions:**
(1): go to armchair 1
(2): go to sof1
(3): go to coffeetable 1
(4): go to garbagecan 1
(5): go to sidetable 1
(6): put keychain 1 in/on tvstand 1
(7): examine keychain 1
(8): examine tvstand 1

**Determine the appropriate action:**
- Identify relevant objects in the image related to the task.
- Evaluate each action's potential to successfully complete the task.

**Response:**
- Let's tink step-by-step.
- (i): [BEGIN][Selected Action][END]

Original VLM Response:
- (i): [BEGIN](7): examine keychain 1[END]

> Action: examine keychain 1
Running time: 3.6993305683135986 seconds

Step:--------------------------------------------------------------------------42--------------------------------------------------------------------------
VLM Prompt:
<image>
Given an image depicting a complex scene with multiple elements, your objective is to analyze the scene of the image in relation to the specified task description and choose the appropriate action from a list of available actions to accomplish the task. There are two examples.

**Example 1:**
- Available Actions:(1): go to bed 1, (2): go to dresser 1, (3): go to drawer 1
- Response:[BEGIN](2): go to dresser 1[END]
**Example 1:**
- Available Actions:(1): go to garbagecan 1, (2): take handtowel 1 from handtowelholder 1, (3): take faucet 1 from handtowelholder 1, (4): take handtowel 2 from handtowelholder 1
- Response:[BEGIN](2): go to dresser 1[END]

**Task Description:**
The task at hand is "look at keychain under the floorlamp". The agent must find an object of the desired type, locate and turn on a light source with the desired object in-hand.

**Available Actions:**
(1): go to armchair 1
(2): go to sof1
(3): go to coffeetable 1
(4): go to garbagecan 1
(5): go to sidetable 1
(6): put keychain 1 in/on tvstand 1
(7): examine keychain 1
(8): examine tvstand 1

**Determine the appropriate action:**
- Identify relevant objects in the image related to the task.
- Evaluate each action's potential to successfully complete the task.

**Response:**
- Let's tink step-by-step.
- (i): [BEGIN][Selected Action][END]

Original VLM Response:
- (i): [BEGIN](7): examine keychain 1[END]

> Action: examine keychain 1
Running time: 11.243388175964355 seconds

Step:--------------------------------------------------------------------------43--------------------------------------------------------------------------
VLM Prompt:
<image>
Given an image depicting a complex scene with multiple elements, your objective is to analyze the scene of the image in relation to the specified task description and choose the appropriate action from a list of available actions to accomplish the task. There are two examples.

**Example 1:**
- Available Actions:(1): go to bed 1, (2): go to dresser 1, (3): go to drawer 1
- Response:[BEGIN](2): go to dresser 1[END]
**Example 1:**
- Available Actions:(1): go to garbagecan 1, (2): take handtowel 1 from handtowelholder 1, (3): take faucet 1 from handtowelholder 1, (4): take handtowel 2 from handtowelholder 1
- Response:[BEGIN](2): go to dresser 1[END]

**Task Description:**
The task at hand is "look at keychain under the floorlamp". The agent must find an object of the desired type, locate and turn on a light source with the desired object in-hand.

**Available Actions:**
(1): go to armchair 1
(2): go to sof1
(3): go to coffeetable 1
(4): go to garbagecan 1
(5): go to sidetable 1
(6): put keychain 1 in/on tvstand 1
(7): examine keychain 1
(8): examine tvstand 1

**Determine the appropriate action:**
- Identify relevant objects in the image related to the task.
- Evaluate each action's potential to successfully complete the task.

**Response:**
- Let's tink step-by-step.
- (i): [BEGIN][Selected Action][END]

Original VLM Response:
- (i): [BEGIN](7): examine keychain 1[END]

> Action: examine keychain 1
Running time: 2.5447070598602295 seconds

Step:--------------------------------------------------------------------------44--------------------------------------------------------------------------
VLM Prompt:
<image>
Given an image depicting a complex scene with multiple elements, your objective is to analyze the scene of the image in relation to the specified task description and choose the appropriate action from a list of available actions to accomplish the task. There are two examples.

**Example 1:**
- Available Actions:(1): go to bed 1, (2): go to dresser 1, (3): go to drawer 1
- Response:[BEGIN](2): go to dresser 1[END]
**Example 1:**
- Available Actions:(1): go to garbagecan 1, (2): take handtowel 1 from handtowelholder 1, (3): take faucet 1 from handtowelholder 1, (4): take handtowel 2 from handtowelholder 1
- Response:[BEGIN](2): go to dresser 1[END]

**Task Description:**
The task at hand is "look at keychain under the floorlamp". The agent must find an object of the desired type, locate and turn on a light source with the desired object in-hand.

**Available Actions:**
(1): go to armchair 1
(2): go to sof1
(3): go to coffeetable 1
(4): go to garbagecan 1
(5): go to sidetable 1
(6): put keychain 1 in/on tvstand 1
(7): examine keychain 1
(8): examine tvstand 1

**Determine the appropriate action:**
- Identify relevant objects in the image related to the task.
- Evaluate each action's potential to successfully complete the task.

**Response:**
- Let's tink step-by-step.
- (i): [BEGIN][Selected Action][END]

Original VLM Response:
- (i): [BEGIN](7): examine keychain 1[END]

> Action: examine keychain 1
Running time: 1.8302464485168457 seconds

Step:--------------------------------------------------------------------------45--------------------------------------------------------------------------
VLM Prompt:
<image>
Given an image depicting a complex scene with multiple elements, your objective is to analyze the scene of the image in relation to the specified task description and choose the appropriate action from a list of available actions to accomplish the task. There are two examples.

**Example 1:**
- Available Actions:(1): go to bed 1, (2): go to dresser 1, (3): go to drawer 1
- Response:[BEGIN](2): go to dresser 1[END]
**Example 1:**
- Available Actions:(1): go to garbagecan 1, (2): take handtowel 1 from handtowelholder 1, (3): take faucet 1 from handtowelholder 1, (4): take handtowel 2 from handtowelholder 1
- Response:[BEGIN](2): go to dresser 1[END]

**Task Description:**
The task at hand is "look at keychain under the floorlamp". The agent must find an object of the desired type, locate and turn on a light source with the desired object in-hand.

**Available Actions:**
(1): go to armchair 1
(2): go to sof1
(3): go to coffeetable 1
(4): go to garbagecan 1
(5): go to sidetable 1
(6): put keychain 1 in/on tvstand 1
(7): examine keychain 1
(8): examine tvstand 1

**Determine the appropriate action:**
- Identify relevant objects in the image related to the task.
- Evaluate each action's potential to successfully complete the task.

**Response:**
- Let's tink step-by-step.
- (i): [BEGIN][Selected Action][END]

Original VLM Response:
- (i): [BEGIN](7): examine keychain 1[END]

> Action: examine keychain 1
Running time: 1.8148455619812012 seconds

Step:--------------------------------------------------------------------------46--------------------------------------------------------------------------
VLM Prompt:
<image>
Given an image depicting a complex scene with multiple elements, your objective is to analyze the scene of the image in relation to the specified task description and choose the appropriate action from a list of available actions to accomplish the task. There are two examples.

**Example 1:**
- Available Actions:(1): go to bed 1, (2): go to dresser 1, (3): go to drawer 1
- Response:[BEGIN](2): go to dresser 1[END]
**Example 1:**
- Available Actions:(1): go to garbagecan 1, (2): take handtowel 1 from handtowelholder 1, (3): take faucet 1 from handtowelholder 1, (4): take handtowel 2 from handtowelholder 1
- Response:[BEGIN](2): go to dresser 1[END]

**Task Description:**
The task at hand is "look at keychain under the floorlamp". The agent must find an object of the desired type, locate and turn on a light source with the desired object in-hand.

**Available Actions:**
(1): go to armchair 1
(2): go to sof1
(3): go to coffeetable 1
(4): go to garbagecan 1
(5): go to sidetable 1
(6): put keychain 1 in/on tvstand 1
(7): examine keychain 1
(8): examine tvstand 1

**Determine the appropriate action:**
- Identify relevant objects in the image related to the task.
- Evaluate each action's potential to successfully complete the task.

**Response:**
- Let's tink step-by-step.
- (i): [BEGIN][Selected Action][END]

Original VLM Response:
- (i): [BEGIN](7): examine keychain 1[END]

> Action: examine keychain 1
Running time: 3.1008777618408203 seconds

Step:--------------------------------------------------------------------------47--------------------------------------------------------------------------
VLM Prompt:
<image>
Given an image depicting a complex scene with multiple elements, your objective is to analyze the scene of the image in relation to the specified task description and choose the appropriate action from a list of available actions to accomplish the task. There are two examples.

**Example 1:**
- Available Actions:(1): go to bed 1, (2): go to dresser 1, (3): go to drawer 1
- Response:[BEGIN](2): go to dresser 1[END]
**Example 1:**
- Available Actions:(1): go to garbagecan 1, (2): take handtowel 1 from handtowelholder 1, (3): take faucet 1 from handtowelholder 1, (4): take handtowel 2 from handtowelholder 1
- Response:[BEGIN](2): go to dresser 1[END]

**Task Description:**
The task at hand is "look at keychain under the floorlamp". The agent must find an object of the desired type, locate and turn on a light source with the desired object in-hand.

**Available Actions:**
(1): go to armchair 1
(2): go to sof1
(3): go to coffeetable 1
(4): go to garbagecan 1
(5): go to sidetable 1
(6): put keychain 1 in/on tvstand 1
(7): examine keychain 1
(8): examine tvstand 1

**Determine the appropriate action:**
- Identify relevant objects in the image related to the task.
- Evaluate each action's potential to successfully complete the task.

**Response:**
- Let's tink step-by-step.
- (i): [BEGIN][Selected Action][END]

Original VLM Response:
- (i): [BEGIN](7): examine keychain 1[END]

> Action: examine keychain 1
Running time: 1.9879839420318604 seconds

Step:--------------------------------------------------------------------------48--------------------------------------------------------------------------
VLM Prompt:
<image>
Given an image depicting a complex scene with multiple elements, your objective is to analyze the scene of the image in relation to the specified task description and choose the appropriate action from a list of available actions to accomplish the task. There are two examples.

**Example 1:**
- Available Actions:(1): go to bed 1, (2): go to dresser 1, (3): go to drawer 1
- Response:[BEGIN](2): go to dresser 1[END]
**Example 1:**
- Available Actions:(1): go to garbagecan 1, (2): take handtowel 1 from handtowelholder 1, (3): take faucet 1 from handtowelholder 1, (4): take handtowel 2 from handtowelholder 1
- Response:[BEGIN](2): go to dresser 1[END]

**Task Description:**
The task at hand is "look at keychain under the floorlamp". The agent must find an object of the desired type, locate and turn on a light source with the desired object in-hand.

**Available Actions:**
(1): go to armchair 1
(2): go to sof1
(3): go to coffeetable 1
(4): go to garbagecan 1
(5): go to sidetable 1
(6): put keychain 1 in/on tvstand 1
(7): examine keychain 1
(8): examine tvstand 1

**Determine the appropriate action:**
- Identify relevant objects in the image related to the task.
- Evaluate each action's potential to successfully complete the task.

**Response:**
- Let's tink step-by-step.
- (i): [BEGIN][Selected Action][END]

Original VLM Response:
- (i): [BEGIN](7): examine keychain 1[END]

> Action: examine keychain 1
Running time: 2.493175745010376 seconds

Step:--------------------------------------------------------------------------49--------------------------------------------------------------------------
VLM Prompt:
<image>
Given an image depicting a complex scene with multiple elements, your objective is to analyze the scene of the image in relation to the specified task description and choose the appropriate action from a list of available actions to accomplish the task. There are two examples.

**Example 1:**
- Available Actions:(1): go to bed 1, (2): go to dresser 1, (3): go to drawer 1
- Response:[BEGIN](2): go to dresser 1[END]
**Example 1:**
- Available Actions:(1): go to garbagecan 1, (2): take handtowel 1 from handtowelholder 1, (3): take faucet 1 from handtowelholder 1, (4): take handtowel 2 from handtowelholder 1
- Response:[BEGIN](2): go to dresser 1[END]

**Task Description:**
The task at hand is "look at keychain under the floorlamp". The agent must find an object of the desired type, locate and turn on a light source with the desired object in-hand.

**Available Actions:**
(1): go to armchair 1
(2): go to sof1
(3): go to coffeetable 1
(4): go to garbagecan 1
(5): go to sidetable 1
(6): put keychain 1 in/on tvstand 1
(7): examine keychain 1
(8): examine tvstand 1

**Determine the appropriate action:**
- Identify relevant objects in the image related to the task.
- Evaluate each action's potential to successfully complete the task.

**Response:**
- Let's tink step-by-step.
- (i): [BEGIN][Selected Action][END]

Original VLM Response:
- (i): [BEGIN](7): examine keychain 1[END]

> Action: examine keychain 1
Running time: 2.196316719055176 seconds

Step:--------------------------------------------------------------------------50--------------------------------------------------------------------------
VLM Prompt:
<image>
Given an image depicting a complex scene with multiple elements, your objective is to analyze the scene of the image in relation to the specified task description and choose the appropriate action from a list of available actions to accomplish the task. There are two examples.

**Example 1:**
- Available Actions:(1): go to bed 1, (2): go to dresser 1, (3): go to drawer 1
- Response:[BEGIN](2): go to dresser 1[END]
**Example 1:**
- Available Actions:(1): go to garbagecan 1, (2): take handtowel 1 from handtowelholder 1, (3): take faucet 1 from handtowelholder 1, (4): take handtowel 2 from handtowelholder 1
- Response:[BEGIN](2): go to dresser 1[END]

**Task Description:**
The task at hand is "look at keychain under the floorlamp". The agent must find an object of the desired type, locate and turn on a light source with the desired object in-hand.

**Available Actions:**
(1): go to armchair 1
(2): go to sof1
(3): go to coffeetable 1
(4): go to garbagecan 1
(5): go to sidetable 1
(6): put keychain 1 in/on tvstand 1
(7): examine keychain 1
(8): examine tvstand 1

**Determine the appropriate action:**
- Identify relevant objects in the image related to the task.
- Evaluate each action's potential to successfully complete the task.

**Response:**
- Let's tink step-by-step.
- (i): [BEGIN][Selected Action][END]

Original VLM Response:
- (i): [BEGIN](7): examine keychain 1[END]

> Action: examine keychain 1
Running time: 3.0581259727478027 seconds

UNSUCCEED
