---------------------------------------------------------Scene: 22---------------------------------------------------------
--------------------------------------------------------------------------------------------------------------------------------------------------------------------
--------------------------------------------------------------------------------------------------------------------------------------------------------------------
Step:--------------------------------------------------------------------------1--------------------------------------------------------------------------
VLM Prompt:
<image>
Given an image depicting a complex scene with multiple elements, your objective is to analyze the scene of the image in relation to the specified task description and choose the appropriate action from a list of available actions to accomplish the task. There are two examples.

**Example 1:**
- Available Actions:(1): go to bed 1, (2): go to dresser 1, (3): go to drawer 1
- Response:[BEGIN](2): go to dresser 1[END]
**Example 1:**
- Available Actions:(1): go to garbagecan 1, (2): take handtowel 1 from handtowelholder 1, (3): take faucet 1 from handtowelholder 1, (4): take handtowel 2 from handtowelholder 1
- Response:[BEGIN](2): go to dresser 1[END]

**Task Description:**
The task at hand is "put a handtowel in sinkbasin". The agent must find an object of the desired type, pick it up, find the correct location to place it, and put it down there.

**Available Actions:**
(1): go to bathtub 1
(2): go to bathtubbasin 1
(3): go to countertop 1
(4): go to dresser 1
(5): go to drawer 1
(6): go to drawer 2
(7): go to drawer 3
(8): go to garbagecan 1
(9): go to sink 1
(10): go to handtowelholder 1
(11): go to drawer 4
(12): go to sinkbasin 1
(13): go to handtowelholder 2
(14): go to shelf 1
(15): go to shelf 2
(16): go to toilet 1
(17): go to towelholder 1

**Determine the appropriate action:**
- Identify relevant objects in the image related to the task.
- Evaluate each action's potential to successfully complete the task.

**Response:**
- Let's tink step-by-step.
- (i): [BEGIN][Selected Action][END]

Original VLM Response:
- (i): [BEGIN](10): go to handtowelholder 1[END]

> Action: go to handtowelholder 1
Running time: 4.2918524742126465 seconds

Step:--------------------------------------------------------------------------2--------------------------------------------------------------------------
VLM Prompt:
<image>
Given an image depicting a complex scene with multiple elements, your objective is to analyze the scene of the image in relation to the specified task description and choose the appropriate action from a list of available actions to accomplish the task. There are two examples.

**Example 1:**
- Available Actions:(1): go to bed 1, (2): go to dresser 1, (3): go to drawer 1
- Response:[BEGIN](2): go to dresser 1[END]
**Example 1:**
- Available Actions:(1): go to garbagecan 1, (2): take handtowel 1 from handtowelholder 1, (3): take faucet 1 from handtowelholder 1, (4): take handtowel 2 from handtowelholder 1
- Response:[BEGIN](2): go to dresser 1[END]

**Task Description:**
The task at hand is "put a handtowel in sinkbasin". The agent must find an object of the desired type, pick it up, find the correct location to place it, and put it down there.

**Available Actions:**
(1): go to bathtub 1
(2): go to bathtubbasin 1
(3): go to countertop 1
(4): go to dresser 1
(5): go to drawer 1
(6): go to drawer 2
(7): go to drawer 3
(8): go to garbagecan 1
(9): go to sink 1
(10): go to drawer 4
(11): go to sinkbasin 1
(12): go to handtowelholder 2
(13): go to shelf 1
(14): go to shelf 2
(15): go to toilet 1
(16): go to towelholder 1
(17): take spraybottle 1 from handtowelholder 1
(18): examine handtowelholder 1

**Determine the appropriate action:**
- Identify relevant objects in the image related to the task.
- Evaluate each action's potential to successfully complete the task.

**Response:**
- Let's tink step-by-step.
- (i): [BEGIN][Selected Action][END]

Original VLM Response:
- (i): [BEGIN](18): examine handtowelholder 1[END]

> Action: examine handtowelholder 1
Running time: 3.442884683609009 seconds

Step:--------------------------------------------------------------------------3--------------------------------------------------------------------------
VLM Prompt:
<image>
Given an image depicting a complex scene with multiple elements, your objective is to analyze the scene of the image in relation to the specified task description and choose the appropriate action from a list of available actions to accomplish the task. There are two examples.

**Example 1:**
- Available Actions:(1): go to bed 1, (2): go to dresser 1, (3): go to drawer 1
- Response:[BEGIN](2): go to dresser 1[END]
**Example 1:**
- Available Actions:(1): go to garbagecan 1, (2): take handtowel 1 from handtowelholder 1, (3): take faucet 1 from handtowelholder 1, (4): take handtowel 2 from handtowelholder 1
- Response:[BEGIN](2): go to dresser 1[END]

**Task Description:**
The task at hand is "put a handtowel in sinkbasin". The agent must find an object of the desired type, pick it up, find the correct location to place it, and put it down there.

**Available Actions:**
(1): go to bathtub 1
(2): go to bathtubbasin 1
(3): go to countertop 1
(4): go to dresser 1
(5): go to drawer 1
(6): go to drawer 2
(7): go to drawer 3
(8): go to garbagecan 1
(9): go to sink 1
(10): go to drawer 4
(11): go to sinkbasin 1
(12): go to handtowelholder 2
(13): go to shelf 1
(14): go to shelf 2
(15): go to toilet 1
(16): go to towelholder 1
(17): take spraybottle 1 from handtowelholder 1
(18): examine handtowelholder 1

**Determine the appropriate action:**
- Identify relevant objects in the image related to the task.
- Evaluate each action's potential to successfully complete the task.

**Response:**
- Let's tink step-by-step.
- (i): [BEGIN][Selected Action][END]

Original VLM Response:
- (i): [BEGIN](18): examine handtowelholder 1[END]

> Action: examine handtowelholder 1
Running time: 2.6316962242126465 seconds

Step:--------------------------------------------------------------------------4--------------------------------------------------------------------------
VLM Prompt:
<image>
Given an image depicting a complex scene with multiple elements, your objective is to analyze the scene of the image in relation to the specified task description and choose the appropriate action from a list of available actions to accomplish the task. There are two examples.

**Example 1:**
- Available Actions:(1): go to bed 1, (2): go to dresser 1, (3): go to drawer 1
- Response:[BEGIN](2): go to dresser 1[END]
**Example 1:**
- Available Actions:(1): go to garbagecan 1, (2): take handtowel 1 from handtowelholder 1, (3): take faucet 1 from handtowelholder 1, (4): take handtowel 2 from handtowelholder 1
- Response:[BEGIN](2): go to dresser 1[END]

**Task Description:**
The task at hand is "put a handtowel in sinkbasin". The agent must find an object of the desired type, pick it up, find the correct location to place it, and put it down there.

**Available Actions:**
(1): go to bathtub 1
(2): go to bathtubbasin 1
(3): go to countertop 1
(4): go to dresser 1
(5): go to drawer 1
(6): go to drawer 2
(7): go to drawer 3
(8): go to garbagecan 1
(9): go to sink 1
(10): go to drawer 4
(11): go to sinkbasin 1
(12): go to handtowelholder 2
(13): go to shelf 1
(14): go to shelf 2
(15): go to toilet 1
(16): go to towelholder 1
(17): take spraybottle 1 from handtowelholder 1
(18): examine handtowelholder 1

**Determine the appropriate action:**
- Identify relevant objects in the image related to the task.
- Evaluate each action's potential to successfully complete the task.

**Response:**
- Let's tink step-by-step.
- (i): [BEGIN][Selected Action][END]

Original VLM Response:
- (i): [BEGIN](18): examine handtowelholder 1[END]

> Action: examine handtowelholder 1
Running time: 2.88845157623291 seconds

Step:--------------------------------------------------------------------------5--------------------------------------------------------------------------
VLM Prompt:
<image>
Given an image depicting a complex scene with multiple elements, your objective is to analyze the scene of the image in relation to the specified task description and choose the appropriate action from a list of available actions to accomplish the task. There are two examples.

**Example 1:**
- Available Actions:(1): go to bed 1, (2): go to dresser 1, (3): go to drawer 1
- Response:[BEGIN](2): go to dresser 1[END]
**Example 1:**
- Available Actions:(1): go to garbagecan 1, (2): take handtowel 1 from handtowelholder 1, (3): take faucet 1 from handtowelholder 1, (4): take handtowel 2 from handtowelholder 1
- Response:[BEGIN](2): go to dresser 1[END]

**Task Description:**
The task at hand is "put a handtowel in sinkbasin". The agent must find an object of the desired type, pick it up, find the correct location to place it, and put it down there.

**Available Actions:**
(1): go to bathtub 1
(2): go to bathtubbasin 1
(3): go to countertop 1
(4): go to dresser 1
(5): go to drawer 1
(6): go to drawer 2
(7): go to drawer 3
(8): go to garbagecan 1
(9): go to sink 1
(10): go to drawer 4
(11): go to sinkbasin 1
(12): go to handtowelholder 2
(13): go to shelf 1
(14): go to shelf 2
(15): go to toilet 1
(16): go to towelholder 1
(17): take spraybottle 1 from handtowelholder 1
(18): examine handtowelholder 1

**Determine the appropriate action:**
- Identify relevant objects in the image related to the task.
- Evaluate each action's potential to successfully complete the task.

**Response:**
- Let's tink step-by-step.
- (i): [BEGIN][Selected Action][END]

Original VLM Response:
- (i): [BEGIN](18): examine handtowelholder 1[END]

> Action: examine handtowelholder 1
Running time: 2.679002046585083 seconds

Step:--------------------------------------------------------------------------6--------------------------------------------------------------------------
VLM Prompt:
<image>
Given an image depicting a complex scene with multiple elements, your objective is to analyze the scene of the image in relation to the specified task description and choose the appropriate action from a list of available actions to accomplish the task. There are two examples.

**Example 1:**
- Available Actions:(1): go to bed 1, (2): go to dresser 1, (3): go to drawer 1
- Response:[BEGIN](2): go to dresser 1[END]
**Example 1:**
- Available Actions:(1): go to garbagecan 1, (2): take handtowel 1 from handtowelholder 1, (3): take faucet 1 from handtowelholder 1, (4): take handtowel 2 from handtowelholder 1
- Response:[BEGIN](2): go to dresser 1[END]

**Task Description:**
The task at hand is "put a handtowel in sinkbasin". The agent must find an object of the desired type, pick it up, find the correct location to place it, and put it down there.

**Available Actions:**
(1): go to bathtub 1
(2): go to bathtubbasin 1
(3): go to countertop 1
(4): go to dresser 1
(5): go to drawer 1
(6): go to drawer 2
(7): go to drawer 3
(8): go to garbagecan 1
(9): go to sink 1
(10): go to drawer 4
(11): go to sinkbasin 1
(12): go to handtowelholder 2
(13): go to shelf 1
(14): go to shelf 2
(15): go to toilet 1
(16): go to towelholder 1
(17): take spraybottle 1 from handtowelholder 1
(18): examine handtowelholder 1

**Determine the appropriate action:**
- Identify relevant objects in the image related to the task.
- Evaluate each action's potential to successfully complete the task.

**Response:**
- Let's tink step-by-step.
- (i): [BEGIN][Selected Action][END]

Original VLM Response:
- (i): [BEGIN](18): examine handtowelholder 1[END]

> Action: examine handtowelholder 1
Running time: 2.418081521987915 seconds

Step:--------------------------------------------------------------------------7--------------------------------------------------------------------------
VLM Prompt:
<image>
Given an image depicting a complex scene with multiple elements, your objective is to analyze the scene of the image in relation to the specified task description and choose the appropriate action from a list of available actions to accomplish the task. There are two examples.

**Example 1:**
- Available Actions:(1): go to bed 1, (2): go to dresser 1, (3): go to drawer 1
- Response:[BEGIN](2): go to dresser 1[END]
**Example 1:**
- Available Actions:(1): go to garbagecan 1, (2): take handtowel 1 from handtowelholder 1, (3): take faucet 1 from handtowelholder 1, (4): take handtowel 2 from handtowelholder 1
- Response:[BEGIN](2): go to dresser 1[END]

**Task Description:**
The task at hand is "put a handtowel in sinkbasin". The agent must find an object of the desired type, pick it up, find the correct location to place it, and put it down there.

**Available Actions:**
(1): go to bathtub 1
(2): go to bathtubbasin 1
(3): go to countertop 1
(4): go to dresser 1
(5): go to drawer 1
(6): go to drawer 2
(7): go to drawer 3
(8): go to garbagecan 1
(9): go to sink 1
(10): go to drawer 4
(11): go to sinkbasin 1
(12): go to handtowelholder 2
(13): go to shelf 1
(14): go to shelf 2
(15): go to toilet 1
(16): go to towelholder 1
(17): take spraybottle 1 from handtowelholder 1
(18): examine handtowelholder 1

**Determine the appropriate action:**
- Identify relevant objects in the image related to the task.
- Evaluate each action's potential to successfully complete the task.

**Response:**
- Let's tink step-by-step.
- (i): [BEGIN][Selected Action][END]

Original VLM Response:
- (i): [BEGIN](18): examine handtowelholder 1[END]

> Action: examine handtowelholder 1
Running time: 3.69795560836792 seconds

Step:--------------------------------------------------------------------------8--------------------------------------------------------------------------
VLM Prompt:
<image>
Given an image depicting a complex scene with multiple elements, your objective is to analyze the scene of the image in relation to the specified task description and choose the appropriate action from a list of available actions to accomplish the task. There are two examples.

**Example 1:**
- Available Actions:(1): go to bed 1, (2): go to dresser 1, (3): go to drawer 1
- Response:[BEGIN](2): go to dresser 1[END]
**Example 1:**
- Available Actions:(1): go to garbagecan 1, (2): take handtowel 1 from handtowelholder 1, (3): take faucet 1 from handtowelholder 1, (4): take handtowel 2 from handtowelholder 1
- Response:[BEGIN](2): go to dresser 1[END]

**Task Description:**
The task at hand is "put a handtowel in sinkbasin". The agent must find an object of the desired type, pick it up, find the correct location to place it, and put it down there.

**Available Actions:**
(1): go to bathtub 1
(2): go to bathtubbasin 1
(3): go to countertop 1
(4): go to dresser 1
(5): go to drawer 1
(6): go to drawer 2
(7): go to drawer 3
(8): go to garbagecan 1
(9): go to sink 1
(10): go to drawer 4
(11): go to sinkbasin 1
(12): go to handtowelholder 2
(13): go to shelf 1
(14): go to shelf 2
(15): go to toilet 1
(16): go to towelholder 1
(17): take spraybottle 1 from handtowelholder 1
(18): examine handtowelholder 1

**Determine the appropriate action:**
- Identify relevant objects in the image related to the task.
- Evaluate each action's potential to successfully complete the task.

**Response:**
- Let's tink step-by-step.
- (i): [BEGIN][Selected Action][END]

Original VLM Response:
- (i): [BEGIN](18): examine handtowelholder 1[END]

> Action: examine handtowelholder 1
Running time: 2.2862839698791504 seconds

Step:--------------------------------------------------------------------------9--------------------------------------------------------------------------
VLM Prompt:
<image>
Given an image depicting a complex scene with multiple elements, your objective is to analyze the scene of the image in relation to the specified task description and choose the appropriate action from a list of available actions to accomplish the task. There are two examples.

**Example 1:**
- Available Actions:(1): go to bed 1, (2): go to dresser 1, (3): go to drawer 1
- Response:[BEGIN](2): go to dresser 1[END]
**Example 1:**
- Available Actions:(1): go to garbagecan 1, (2): take handtowel 1 from handtowelholder 1, (3): take faucet 1 from handtowelholder 1, (4): take handtowel 2 from handtowelholder 1
- Response:[BEGIN](2): go to dresser 1[END]

**Task Description:**
The task at hand is "put a handtowel in sinkbasin". The agent must find an object of the desired type, pick it up, find the correct location to place it, and put it down there.

**Available Actions:**
(1): go to bathtub 1
(2): go to bathtubbasin 1
(3): go to countertop 1
(4): go to dresser 1
(5): go to drawer 1
(6): go to drawer 2
(7): go to drawer 3
(8): go to garbagecan 1
(9): go to sink 1
(10): go to drawer 4
(11): go to sinkbasin 1
(12): go to handtowelholder 2
(13): go to shelf 1
(14): go to shelf 2
(15): go to toilet 1
(16): go to towelholder 1
(17): take spraybottle 1 from handtowelholder 1
(18): examine handtowelholder 1

**Determine the appropriate action:**
- Identify relevant objects in the image related to the task.
- Evaluate each action's potential to successfully complete the task.

**Response:**
- Let's tink step-by-step.
- (i): [BEGIN][Selected Action][END]

Original VLM Response:
- (i): [BEGIN](18): examine handtowelholder 1[END]

> Action: examine handtowelholder 1
Running time: 4.465634822845459 seconds

Step:--------------------------------------------------------------------------10--------------------------------------------------------------------------
VLM Prompt:
<image>
Given an image depicting a complex scene with multiple elements, your objective is to analyze the scene of the image in relation to the specified task description and choose the appropriate action from a list of available actions to accomplish the task. There are two examples.

**Example 1:**
- Available Actions:(1): go to bed 1, (2): go to dresser 1, (3): go to drawer 1
- Response:[BEGIN](2): go to dresser 1[END]
**Example 1:**
- Available Actions:(1): go to garbagecan 1, (2): take handtowel 1 from handtowelholder 1, (3): take faucet 1 from handtowelholder 1, (4): take handtowel 2 from handtowelholder 1
- Response:[BEGIN](2): go to dresser 1[END]

**Task Description:**
The task at hand is "put a handtowel in sinkbasin". The agent must find an object of the desired type, pick it up, find the correct location to place it, and put it down there.

**Available Actions:**
(1): go to bathtub 1
(2): go to bathtubbasin 1
(3): go to countertop 1
(4): go to dresser 1
(5): go to drawer 1
(6): go to drawer 2
(7): go to drawer 3
(8): go to garbagecan 1
(9): go to sink 1
(10): go to drawer 4
(11): go to sinkbasin 1
(12): go to handtowelholder 2
(13): go to shelf 1
(14): go to shelf 2
(15): go to toilet 1
(16): go to towelholder 1
(17): take spraybottle 1 from handtowelholder 1
(18): examine handtowelholder 1

**Determine the appropriate action:**
- Identify relevant objects in the image related to the task.
- Evaluate each action's potential to successfully complete the task.

**Response:**
- Let's tink step-by-step.
- (i): [BEGIN][Selected Action][END]

Original VLM Response:
- (i): [BEGIN](18): examine handtowelholder 1[END]

> Action: examine handtowelholder 1
Running time: 2.0676109790802 seconds

Step:--------------------------------------------------------------------------11--------------------------------------------------------------------------
VLM Prompt:
<image>
Given an image depicting a complex scene with multiple elements, your objective is to analyze the scene of the image in relation to the specified task description and choose the appropriate action from a list of available actions to accomplish the task. There are two examples.

**Example 1:**
- Available Actions:(1): go to bed 1, (2): go to dresser 1, (3): go to drawer 1
- Response:[BEGIN](2): go to dresser 1[END]
**Example 1:**
- Available Actions:(1): go to garbagecan 1, (2): take handtowel 1 from handtowelholder 1, (3): take faucet 1 from handtowelholder 1, (4): take handtowel 2 from handtowelholder 1
- Response:[BEGIN](2): go to dresser 1[END]

**Task Description:**
The task at hand is "put a handtowel in sinkbasin". The agent must find an object of the desired type, pick it up, find the correct location to place it, and put it down there.

**Available Actions:**
(1): go to bathtub 1
(2): go to bathtubbasin 1
(3): go to countertop 1
(4): go to dresser 1
(5): go to drawer 1
(6): go to drawer 2
(7): go to drawer 3
(8): go to garbagecan 1
(9): go to sink 1
(10): go to drawer 4
(11): go to sinkbasin 1
(12): go to handtowelholder 2
(13): go to shelf 1
(14): go to shelf 2
(15): go to toilet 1
(16): go to towelholder 1
(17): take spraybottle 1 from handtowelholder 1
(18): examine handtowelholder 1

**Determine the appropriate action:**
- Identify relevant objects in the image related to the task.
- Evaluate each action's potential to successfully complete the task.

**Response:**
- Let's tink step-by-step.
- (i): [BEGIN][Selected Action][END]

Original VLM Response:
- (i): [BEGIN](18): examine handtowelholder 1[END]

> Action: examine handtowelholder 1
Running time: 4.757867097854614 seconds

Step:--------------------------------------------------------------------------12--------------------------------------------------------------------------
VLM Prompt:
<image>
Given an image depicting a complex scene with multiple elements, your objective is to analyze the scene of the image in relation to the specified task description and choose the appropriate action from a list of available actions to accomplish the task. There are two examples.

**Example 1:**
- Available Actions:(1): go to bed 1, (2): go to dresser 1, (3): go to drawer 1
- Response:[BEGIN](2): go to dresser 1[END]
**Example 1:**
- Available Actions:(1): go to garbagecan 1, (2): take handtowel 1 from handtowelholder 1, (3): take faucet 1 from handtowelholder 1, (4): take handtowel 2 from handtowelholder 1
- Response:[BEGIN](2): go to dresser 1[END]

**Task Description:**
The task at hand is "put a handtowel in sinkbasin". The agent must find an object of the desired type, pick it up, find the correct location to place it, and put it down there.

**Available Actions:**
(1): go to bathtub 1
(2): go to bathtubbasin 1
(3): go to countertop 1
(4): go to dresser 1
(5): go to drawer 1
(6): go to drawer 2
(7): go to drawer 3
(8): go to garbagecan 1
(9): go to sink 1
(10): go to drawer 4
(11): go to sinkbasin 1
(12): go to handtowelholder 2
(13): go to shelf 1
(14): go to shelf 2
(15): go to toilet 1
(16): go to towelholder 1
(17): take spraybottle 1 from handtowelholder 1
(18): examine handtowelholder 1

**Determine the appropriate action:**
- Identify relevant objects in the image related to the task.
- Evaluate each action's potential to successfully complete the task.

**Response:**
- Let's tink step-by-step.
- (i): [BEGIN][Selected Action][END]

Original VLM Response:
- (i): [BEGIN](18): examine handtowelholder 1[END]

> Action: examine handtowelholder 1
Running time: 3.263662338256836 seconds

Step:--------------------------------------------------------------------------13--------------------------------------------------------------------------
VLM Prompt:
<image>
Given an image depicting a complex scene with multiple elements, your objective is to analyze the scene of the image in relation to the specified task description and choose the appropriate action from a list of available actions to accomplish the task. There are two examples.

**Example 1:**
- Available Actions:(1): go to bed 1, (2): go to dresser 1, (3): go to drawer 1
- Response:[BEGIN](2): go to dresser 1[END]
**Example 1:**
- Available Actions:(1): go to garbagecan 1, (2): take handtowel 1 from handtowelholder 1, (3): take faucet 1 from handtowelholder 1, (4): take handtowel 2 from handtowelholder 1
- Response:[BEGIN](2): go to dresser 1[END]

**Task Description:**
The task at hand is "put a handtowel in sinkbasin". The agent must find an object of the desired type, pick it up, find the correct location to place it, and put it down there.

**Available Actions:**
(1): go to bathtub 1
(2): go to bathtubbasin 1
(3): go to countertop 1
(4): go to dresser 1
(5): go to drawer 1
(6): go to drawer 2
(7): go to drawer 3
(8): go to garbagecan 1
(9): go to sink 1
(10): go to drawer 4
(11): go to sinkbasin 1
(12): go to handtowelholder 2
(13): go to shelf 1
(14): go to shelf 2
(15): go to toilet 1
(16): go to towelholder 1
(17): take spraybottle 1 from handtowelholder 1
(18): examine handtowelholder 1

**Determine the appropriate action:**
- Identify relevant objects in the image related to the task.
- Evaluate each action's potential to successfully complete the task.

**Response:**
- Let's tink step-by-step.
- (i): [BEGIN][Selected Action][END]

Original VLM Response:
- (i): [BEGIN](18): examine handtowelholder 1[END]

> Action: examine handtowelholder 1
Running time: 3.2911205291748047 seconds

Step:--------------------------------------------------------------------------14--------------------------------------------------------------------------
VLM Prompt:
<image>
Given an image depicting a complex scene with multiple elements, your objective is to analyze the scene of the image in relation to the specified task description and choose the appropriate action from a list of available actions to accomplish the task. There are two examples.

**Example 1:**
- Available Actions:(1): go to bed 1, (2): go to dresser 1, (3): go to drawer 1
- Response:[BEGIN](2): go to dresser 1[END]
**Example 1:**
- Available Actions:(1): go to garbagecan 1, (2): take handtowel 1 from handtowelholder 1, (3): take faucet 1 from handtowelholder 1, (4): take handtowel 2 from handtowelholder 1
- Response:[BEGIN](2): go to dresser 1[END]

**Task Description:**
The task at hand is "put a handtowel in sinkbasin". The agent must find an object of the desired type, pick it up, find the correct location to place it, and put it down there.

**Available Actions:**
(1): go to bathtub 1
(2): go to bathtubbasin 1
(3): go to countertop 1
(4): go to dresser 1
(5): go to drawer 1
(6): go to drawer 2
(7): go to drawer 3
(8): go to garbagecan 1
(9): go to sink 1
(10): go to drawer 4
(11): go to sinkbasin 1
(12): go to handtowelholder 2
(13): go to shelf 1
(14): go to shelf 2
(15): go to toilet 1
(16): go to towelholder 1
(17): take spraybottle 1 from handtowelholder 1
(18): examine handtowelholder 1

**Determine the appropriate action:**
- Identify relevant objects in the image related to the task.
- Evaluate each action's potential to successfully complete the task.

**Response:**
- Let's tink step-by-step.
- (i): [BEGIN][Selected Action][END]

Original VLM Response:
- (i): [BEGIN](18): examine handtowelholder 1[END]

> Action: examine handtowelholder 1
Running time: 2.8210127353668213 seconds

Step:--------------------------------------------------------------------------15--------------------------------------------------------------------------
VLM Prompt:
<image>
Given an image depicting a complex scene with multiple elements, your objective is to analyze the scene of the image in relation to the specified task description and choose the appropriate action from a list of available actions to accomplish the task. There are two examples.

**Example 1:**
- Available Actions:(1): go to bed 1, (2): go to dresser 1, (3): go to drawer 1
- Response:[BEGIN](2): go to dresser 1[END]
**Example 1:**
- Available Actions:(1): go to garbagecan 1, (2): take handtowel 1 from handtowelholder 1, (3): take faucet 1 from handtowelholder 1, (4): take handtowel 2 from handtowelholder 1
- Response:[BEGIN](2): go to dresser 1[END]

**Task Description:**
The task at hand is "put a handtowel in sinkbasin". The agent must find an object of the desired type, pick it up, find the correct location to place it, and put it down there.

**Available Actions:**
(1): go to bathtub 1
(2): go to bathtubbasin 1
(3): go to countertop 1
(4): go to dresser 1
(5): go to drawer 1
(6): go to drawer 2
(7): go to drawer 3
(8): go to garbagecan 1
(9): go to sink 1
(10): go to drawer 4
(11): go to sinkbasin 1
(12): go to handtowelholder 2
(13): go to shelf 1
(14): go to shelf 2
(15): go to toilet 1
(16): go to towelholder 1
(17): take spraybottle 1 from handtowelholder 1
(18): examine handtowelholder 1

**Determine the appropriate action:**
- Identify relevant objects in the image related to the task.
- Evaluate each action's potential to successfully complete the task.

**Response:**
- Let's tink step-by-step.
- (i): [BEGIN][Selected Action][END]

Original VLM Response:
- (i): [BEGIN](18): examine handtowelholder 1[END]

> Action: examine handtowelholder 1
Running time: 3.6767475605010986 seconds

Step:--------------------------------------------------------------------------16--------------------------------------------------------------------------
VLM Prompt:
<image>
Given an image depicting a complex scene with multiple elements, your objective is to analyze the scene of the image in relation to the specified task description and choose the appropriate action from a list of available actions to accomplish the task. There are two examples.

**Example 1:**
- Available Actions:(1): go to bed 1, (2): go to dresser 1, (3): go to drawer 1
- Response:[BEGIN](2): go to dresser 1[END]
**Example 1:**
- Available Actions:(1): go to garbagecan 1, (2): take handtowel 1 from handtowelholder 1, (3): take faucet 1 from handtowelholder 1, (4): take handtowel 2 from handtowelholder 1
- Response:[BEGIN](2): go to dresser 1[END]

**Task Description:**
The task at hand is "put a handtowel in sinkbasin". The agent must find an object of the desired type, pick it up, find the correct location to place it, and put it down there.

**Available Actions:**
(1): go to bathtub 1
(2): go to bathtubbasin 1
(3): go to countertop 1
(4): go to dresser 1
(5): go to drawer 1
(6): go to drawer 2
(7): go to drawer 3
(8): go to garbagecan 1
(9): go to sink 1
(10): go to drawer 4
(11): go to sinkbasin 1
(12): go to handtowelholder 2
(13): go to shelf 1
(14): go to shelf 2
(15): go to toilet 1
(16): go to towelholder 1
(17): take spraybottle 1 from handtowelholder 1
(18): examine handtowelholder 1

**Determine the appropriate action:**
- Identify relevant objects in the image related to the task.
- Evaluate each action's potential to successfully complete the task.

**Response:**
- Let's tink step-by-step.
- (i): [BEGIN][Selected Action][END]

Original VLM Response:
- (i): [BEGIN](18): examine handtowelholder 1[END]

> Action: examine handtowelholder 1
Running time: 2.2372076511383057 seconds

Step:--------------------------------------------------------------------------17--------------------------------------------------------------------------
VLM Prompt:
<image>
Given an image depicting a complex scene with multiple elements, your objective is to analyze the scene of the image in relation to the specified task description and choose the appropriate action from a list of available actions to accomplish the task. There are two examples.

**Example 1:**
- Available Actions:(1): go to bed 1, (2): go to dresser 1, (3): go to drawer 1
- Response:[BEGIN](2): go to dresser 1[END]
**Example 1:**
- Available Actions:(1): go to garbagecan 1, (2): take handtowel 1 from handtowelholder 1, (3): take faucet 1 from handtowelholder 1, (4): take handtowel 2 from handtowelholder 1
- Response:[BEGIN](2): go to dresser 1[END]

**Task Description:**
The task at hand is "put a handtowel in sinkbasin". The agent must find an object of the desired type, pick it up, find the correct location to place it, and put it down there.

**Available Actions:**
(1): go to bathtub 1
(2): go to bathtubbasin 1
(3): go to countertop 1
(4): go to dresser 1
(5): go to drawer 1
(6): go to drawer 2
(7): go to drawer 3
(8): go to garbagecan 1
(9): go to sink 1
(10): go to drawer 4
(11): go to sinkbasin 1
(12): go to handtowelholder 2
(13): go to shelf 1
(14): go to shelf 2
(15): go to toilet 1
(16): go to towelholder 1
(17): take spraybottle 1 from handtowelholder 1
(18): examine handtowelholder 1

**Determine the appropriate action:**
- Identify relevant objects in the image related to the task.
- Evaluate each action's potential to successfully complete the task.

**Response:**
- Let's tink step-by-step.
- (i): [BEGIN][Selected Action][END]

Original VLM Response:
- (i): [BEGIN](18): examine handtowelholder 1[END]

> Action: examine handtowelholder 1
Running time: 2.780888557434082 seconds

Step:--------------------------------------------------------------------------18--------------------------------------------------------------------------
VLM Prompt:
<image>
Given an image depicting a complex scene with multiple elements, your objective is to analyze the scene of the image in relation to the specified task description and choose the appropriate action from a list of available actions to accomplish the task. There are two examples.

**Example 1:**
- Available Actions:(1): go to bed 1, (2): go to dresser 1, (3): go to drawer 1
- Response:[BEGIN](2): go to dresser 1[END]
**Example 1:**
- Available Actions:(1): go to garbagecan 1, (2): take handtowel 1 from handtowelholder 1, (3): take faucet 1 from handtowelholder 1, (4): take handtowel 2 from handtowelholder 1
- Response:[BEGIN](2): go to dresser 1[END]

**Task Description:**
The task at hand is "put a handtowel in sinkbasin". The agent must find an object of the desired type, pick it up, find the correct location to place it, and put it down there.

**Available Actions:**
(1): go to bathtub 1
(2): go to bathtubbasin 1
(3): go to countertop 1
(4): go to dresser 1
(5): go to drawer 1
(6): go to drawer 2
(7): go to drawer 3
(8): go to garbagecan 1
(9): go to sink 1
(10): go to drawer 4
(11): go to sinkbasin 1
(12): go to handtowelholder 2
(13): go to shelf 1
(14): go to shelf 2
(15): go to toilet 1
(16): go to towelholder 1
(17): take spraybottle 1 from handtowelholder 1
(18): examine handtowelholder 1

**Determine the appropriate action:**
- Identify relevant objects in the image related to the task.
- Evaluate each action's potential to successfully complete the task.

**Response:**
- Let's tink step-by-step.
- (i): [BEGIN][Selected Action][END]

Original VLM Response:
- (i): [BEGIN](18): examine handtowelholder 1[END]

> Action: examine handtowelholder 1
Running time: 2.6567862033843994 seconds

Step:--------------------------------------------------------------------------19--------------------------------------------------------------------------
VLM Prompt:
<image>
Given an image depicting a complex scene with multiple elements, your objective is to analyze the scene of the image in relation to the specified task description and choose the appropriate action from a list of available actions to accomplish the task. There are two examples.

**Example 1:**
- Available Actions:(1): go to bed 1, (2): go to dresser 1, (3): go to drawer 1
- Response:[BEGIN](2): go to dresser 1[END]
**Example 1:**
- Available Actions:(1): go to garbagecan 1, (2): take handtowel 1 from handtowelholder 1, (3): take faucet 1 from handtowelholder 1, (4): take handtowel 2 from handtowelholder 1
- Response:[BEGIN](2): go to dresser 1[END]

**Task Description:**
The task at hand is "put a handtowel in sinkbasin". The agent must find an object of the desired type, pick it up, find the correct location to place it, and put it down there.

**Available Actions:**
(1): go to bathtub 1
(2): go to bathtubbasin 1
(3): go to countertop 1
(4): go to dresser 1
(5): go to drawer 1
(6): go to drawer 2
(7): go to drawer 3
(8): go to garbagecan 1
(9): go to sink 1
(10): go to drawer 4
(11): go to sinkbasin 1
(12): go to handtowelholder 2
(13): go to shelf 1
(14): go to shelf 2
(15): go to toilet 1
(16): go to towelholder 1
(17): take spraybottle 1 from handtowelholder 1
(18): examine handtowelholder 1

**Determine the appropriate action:**
- Identify relevant objects in the image related to the task.
- Evaluate each action's potential to successfully complete the task.

**Response:**
- Let's tink step-by-step.
- (i): [BEGIN][Selected Action][END]

Original VLM Response:
- (i): [BEGIN](18): examine handtowelholder 1[END]

> Action: examine handtowelholder 1
Running time: 2.9755561351776123 seconds

Step:--------------------------------------------------------------------------20--------------------------------------------------------------------------
VLM Prompt:
<image>
Given an image depicting a complex scene with multiple elements, your objective is to analyze the scene of the image in relation to the specified task description and choose the appropriate action from a list of available actions to accomplish the task. There are two examples.

**Example 1:**
- Available Actions:(1): go to bed 1, (2): go to dresser 1, (3): go to drawer 1
- Response:[BEGIN](2): go to dresser 1[END]
**Example 1:**
- Available Actions:(1): go to garbagecan 1, (2): take handtowel 1 from handtowelholder 1, (3): take faucet 1 from handtowelholder 1, (4): take handtowel 2 from handtowelholder 1
- Response:[BEGIN](2): go to dresser 1[END]

**Task Description:**
The task at hand is "put a handtowel in sinkbasin". The agent must find an object of the desired type, pick it up, find the correct location to place it, and put it down there.

**Available Actions:**
(1): go to bathtub 1
(2): go to bathtubbasin 1
(3): go to countertop 1
(4): go to dresser 1
(5): go to drawer 1
(6): go to drawer 2
(7): go to drawer 3
(8): go to garbagecan 1
(9): go to sink 1
(10): go to drawer 4
(11): go to sinkbasin 1
(12): go to handtowelholder 2
(13): go to shelf 1
(14): go to shelf 2
(15): go to toilet 1
(16): go to towelholder 1
(17): take spraybottle 1 from handtowelholder 1
(18): examine handtowelholder 1

**Determine the appropriate action:**
- Identify relevant objects in the image related to the task.
- Evaluate each action's potential to successfully complete the task.

**Response:**
- Let's tink step-by-step.
- (i): [BEGIN][Selected Action][END]

Original VLM Response:
- (i): [BEGIN](18): examine handtowelholder 1[END]

> Action: examine handtowelholder 1
Running time: 3.0707271099090576 seconds

Step:--------------------------------------------------------------------------21--------------------------------------------------------------------------
VLM Prompt:
<image>
Given an image depicting a complex scene with multiple elements, your objective is to analyze the scene of the image in relation to the specified task description and choose the appropriate action from a list of available actions to accomplish the task. There are two examples.

**Example 1:**
- Available Actions:(1): go to bed 1, (2): go to dresser 1, (3): go to drawer 1
- Response:[BEGIN](2): go to dresser 1[END]
**Example 1:**
- Available Actions:(1): go to garbagecan 1, (2): take handtowel 1 from handtowelholder 1, (3): take faucet 1 from handtowelholder 1, (4): take handtowel 2 from handtowelholder 1
- Response:[BEGIN](2): go to dresser 1[END]

**Task Description:**
The task at hand is "put a handtowel in sinkbasin". The agent must find an object of the desired type, pick it up, find the correct location to place it, and put it down there.

**Available Actions:**
(1): go to bathtub 1
(2): go to bathtubbasin 1
(3): go to countertop 1
(4): go to dresser 1
(5): go to drawer 1
(6): go to drawer 2
(7): go to drawer 3
(8): go to garbagecan 1
(9): go to sink 1
(10): go to drawer 4
(11): go to sinkbasin 1
(12): go to handtowelholder 2
(13): go to shelf 1
(14): go to shelf 2
(15): go to toilet 1
(16): go to towelholder 1
(17): take spraybottle 1 from handtowelholder 1
(18): examine handtowelholder 1

**Determine the appropriate action:**
- Identify relevant objects in the image related to the task.
- Evaluate each action's potential to successfully complete the task.

**Response:**
- Let's tink step-by-step.
- (i): [BEGIN][Selected Action][END]

Original VLM Response:
- (i): [BEGIN](18): examine handtowelholder 1[END]

> Action: examine handtowelholder 1
Running time: 2.7831051349639893 seconds

Step:--------------------------------------------------------------------------22--------------------------------------------------------------------------
VLM Prompt:
<image>
Given an image depicting a complex scene with multiple elements, your objective is to analyze the scene of the image in relation to the specified task description and choose the appropriate action from a list of available actions to accomplish the task. There are two examples.

**Example 1:**
- Available Actions:(1): go to bed 1, (2): go to dresser 1, (3): go to drawer 1
- Response:[BEGIN](2): go to dresser 1[END]
**Example 1:**
- Available Actions:(1): go to garbagecan 1, (2): take handtowel 1 from handtowelholder 1, (3): take faucet 1 from handtowelholder 1, (4): take handtowel 2 from handtowelholder 1
- Response:[BEGIN](2): go to dresser 1[END]

**Task Description:**
The task at hand is "put a handtowel in sinkbasin". The agent must find an object of the desired type, pick it up, find the correct location to place it, and put it down there.

**Available Actions:**
(1): go to bathtub 1
(2): go to bathtubbasin 1
(3): go to countertop 1
(4): go to dresser 1
(5): go to drawer 1
(6): go to drawer 2
(7): go to drawer 3
(8): go to garbagecan 1
(9): go to sink 1
(10): go to drawer 4
(11): go to sinkbasin 1
(12): go to handtowelholder 2
(13): go to shelf 1
(14): go to shelf 2
(15): go to toilet 1
(16): go to towelholder 1
(17): take spraybottle 1 from handtowelholder 1
(18): examine handtowelholder 1

**Determine the appropriate action:**
- Identify relevant objects in the image related to the task.
- Evaluate each action's potential to successfully complete the task.

**Response:**
- Let's tink step-by-step.
- (i): [BEGIN][Selected Action][END]

Original VLM Response:
- (i): [BEGIN](18): examine handtowelholder 1[END]

> Action: examine handtowelholder 1
Running time: 4.119297981262207 seconds

Step:--------------------------------------------------------------------------23--------------------------------------------------------------------------
VLM Prompt:
<image>
Given an image depicting a complex scene with multiple elements, your objective is to analyze the scene of the image in relation to the specified task description and choose the appropriate action from a list of available actions to accomplish the task. There are two examples.

**Example 1:**
- Available Actions:(1): go to bed 1, (2): go to dresser 1, (3): go to drawer 1
- Response:[BEGIN](2): go to dresser 1[END]
**Example 1:**
- Available Actions:(1): go to garbagecan 1, (2): take handtowel 1 from handtowelholder 1, (3): take faucet 1 from handtowelholder 1, (4): take handtowel 2 from handtowelholder 1
- Response:[BEGIN](2): go to dresser 1[END]

**Task Description:**
The task at hand is "put a handtowel in sinkbasin". The agent must find an object of the desired type, pick it up, find the correct location to place it, and put it down there.

**Available Actions:**
(1): go to bathtub 1
(2): go to bathtubbasin 1
(3): go to countertop 1
(4): go to dresser 1
(5): go to drawer 1
(6): go to drawer 2
(7): go to drawer 3
(8): go to garbagecan 1
(9): go to sink 1
(10): go to drawer 4
(11): go to sinkbasin 1
(12): go to handtowelholder 2
(13): go to shelf 1
(14): go to shelf 2
(15): go to toilet 1
(16): go to towelholder 1
(17): take spraybottle 1 from handtowelholder 1
(18): examine handtowelholder 1

**Determine the appropriate action:**
- Identify relevant objects in the image related to the task.
- Evaluate each action's potential to successfully complete the task.

**Response:**
- Let's tink step-by-step.
- (i): [BEGIN][Selected Action][END]

Original VLM Response:
- (i): [BEGIN](18): examine handtowelholder 1[END]

> Action: examine handtowelholder 1
Running time: 2.951404094696045 seconds

Step:--------------------------------------------------------------------------24--------------------------------------------------------------------------
VLM Prompt:
<image>
Given an image depicting a complex scene with multiple elements, your objective is to analyze the scene of the image in relation to the specified task description and choose the appropriate action from a list of available actions to accomplish the task. There are two examples.

**Example 1:**
- Available Actions:(1): go to bed 1, (2): go to dresser 1, (3): go to drawer 1
- Response:[BEGIN](2): go to dresser 1[END]
**Example 1:**
- Available Actions:(1): go to garbagecan 1, (2): take handtowel 1 from handtowelholder 1, (3): take faucet 1 from handtowelholder 1, (4): take handtowel 2 from handtowelholder 1
- Response:[BEGIN](2): go to dresser 1[END]

**Task Description:**
The task at hand is "put a handtowel in sinkbasin". The agent must find an object of the desired type, pick it up, find the correct location to place it, and put it down there.

**Available Actions:**
(1): go to bathtub 1
(2): go to bathtubbasin 1
(3): go to countertop 1
(4): go to dresser 1
(5): go to drawer 1
(6): go to drawer 2
(7): go to drawer 3
(8): go to garbagecan 1
(9): go to sink 1
(10): go to drawer 4
(11): go to sinkbasin 1
(12): go to handtowelholder 2
(13): go to shelf 1
(14): go to shelf 2
(15): go to toilet 1
(16): go to towelholder 1
(17): take spraybottle 1 from handtowelholder 1
(18): examine handtowelholder 1

**Determine the appropriate action:**
- Identify relevant objects in the image related to the task.
- Evaluate each action's potential to successfully complete the task.

**Response:**
- Let's tink step-by-step.
- (i): [BEGIN][Selected Action][END]

Original VLM Response:
- (i): [BEGIN](18): examine handtowelholder 1[END]

> Action: examine handtowelholder 1
Running time: 2.8929898738861084 seconds

Step:--------------------------------------------------------------------------25--------------------------------------------------------------------------
VLM Prompt:
<image>
Given an image depicting a complex scene with multiple elements, your objective is to analyze the scene of the image in relation to the specified task description and choose the appropriate action from a list of available actions to accomplish the task. There are two examples.

**Example 1:**
- Available Actions:(1): go to bed 1, (2): go to dresser 1, (3): go to drawer 1
- Response:[BEGIN](2): go to dresser 1[END]
**Example 1:**
- Available Actions:(1): go to garbagecan 1, (2): take handtowel 1 from handtowelholder 1, (3): take faucet 1 from handtowelholder 1, (4): take handtowel 2 from handtowelholder 1
- Response:[BEGIN](2): go to dresser 1[END]

**Task Description:**
The task at hand is "put a handtowel in sinkbasin". The agent must find an object of the desired type, pick it up, find the correct location to place it, and put it down there.

**Available Actions:**
(1): go to bathtub 1
(2): go to bathtubbasin 1
(3): go to countertop 1
(4): go to dresser 1
(5): go to drawer 1
(6): go to drawer 2
(7): go to drawer 3
(8): go to garbagecan 1
(9): go to sink 1
(10): go to drawer 4
(11): go to sinkbasin 1
(12): go to handtowelholder 2
(13): go to shelf 1
(14): go to shelf 2
(15): go to toilet 1
(16): go to towelholder 1
(17): take spraybottle 1 from handtowelholder 1
(18): examine handtowelholder 1

**Determine the appropriate action:**
- Identify relevant objects in the image related to the task.
- Evaluate each action's potential to successfully complete the task.

**Response:**
- Let's tink step-by-step.
- (i): [BEGIN][Selected Action][END]

Original VLM Response:
- (i): [BEGIN](18): examine handtowelholder 1[END]

> Action: examine handtowelholder 1
Running time: 2.9045863151550293 seconds

Step:--------------------------------------------------------------------------26--------------------------------------------------------------------------
VLM Prompt:
<image>
Given an image depicting a complex scene with multiple elements, your objective is to analyze the scene of the image in relation to the specified task description and choose the appropriate action from a list of available actions to accomplish the task. There are two examples.

**Example 1:**
- Available Actions:(1): go to bed 1, (2): go to dresser 1, (3): go to drawer 1
- Response:[BEGIN](2): go to dresser 1[END]
**Example 1:**
- Available Actions:(1): go to garbagecan 1, (2): take handtowel 1 from handtowelholder 1, (3): take faucet 1 from handtowelholder 1, (4): take handtowel 2 from handtowelholder 1
- Response:[BEGIN](2): go to dresser 1[END]

**Task Description:**
The task at hand is "put a handtowel in sinkbasin". The agent must find an object of the desired type, pick it up, find the correct location to place it, and put it down there.

**Available Actions:**
(1): go to bathtub 1
(2): go to bathtubbasin 1
(3): go to countertop 1
(4): go to dresser 1
(5): go to drawer 1
(6): go to drawer 2
(7): go to drawer 3
(8): go to garbagecan 1
(9): go to sink 1
(10): go to drawer 4
(11): go to sinkbasin 1
(12): go to handtowelholder 2
(13): go to shelf 1
(14): go to shelf 2
(15): go to toilet 1
(16): go to towelholder 1
(17): take spraybottle 1 from handtowelholder 1
(18): examine handtowelholder 1

**Determine the appropriate action:**
- Identify relevant objects in the image related to the task.
- Evaluate each action's potential to successfully complete the task.

**Response:**
- Let's tink step-by-step.
- (i): [BEGIN][Selected Action][END]

Original VLM Response:
- (i): [BEGIN](18): examine handtowelholder 1[END]

> Action: examine handtowelholder 1
Running time: 2.3888673782348633 seconds

Step:--------------------------------------------------------------------------27--------------------------------------------------------------------------
VLM Prompt:
<image>
Given an image depicting a complex scene with multiple elements, your objective is to analyze the scene of the image in relation to the specified task description and choose the appropriate action from a list of available actions to accomplish the task. There are two examples.

**Example 1:**
- Available Actions:(1): go to bed 1, (2): go to dresser 1, (3): go to drawer 1
- Response:[BEGIN](2): go to dresser 1[END]
**Example 1:**
- Available Actions:(1): go to garbagecan 1, (2): take handtowel 1 from handtowelholder 1, (3): take faucet 1 from handtowelholder 1, (4): take handtowel 2 from handtowelholder 1
- Response:[BEGIN](2): go to dresser 1[END]

**Task Description:**
The task at hand is "put a handtowel in sinkbasin". The agent must find an object of the desired type, pick it up, find the correct location to place it, and put it down there.

**Available Actions:**
(1): go to bathtub 1
(2): go to bathtubbasin 1
(3): go to countertop 1
(4): go to dresser 1
(5): go to drawer 1
(6): go to drawer 2
(7): go to drawer 3
(8): go to garbagecan 1
(9): go to sink 1
(10): go to drawer 4
(11): go to sinkbasin 1
(12): go to handtowelholder 2
(13): go to shelf 1
(14): go to shelf 2
(15): go to toilet 1
(16): go to towelholder 1
(17): take spraybottle 1 from handtowelholder 1
(18): examine handtowelholder 1

**Determine the appropriate action:**
- Identify relevant objects in the image related to the task.
- Evaluate each action's potential to successfully complete the task.

**Response:**
- Let's tink step-by-step.
- (i): [BEGIN][Selected Action][END]

Original VLM Response:
- (i): [BEGIN](18): examine handtowelholder 1[END]

> Action: examine handtowelholder 1
Running time: 2.953953742980957 seconds

Step:--------------------------------------------------------------------------28--------------------------------------------------------------------------
VLM Prompt:
<image>
Given an image depicting a complex scene with multiple elements, your objective is to analyze the scene of the image in relation to the specified task description and choose the appropriate action from a list of available actions to accomplish the task. There are two examples.

**Example 1:**
- Available Actions:(1): go to bed 1, (2): go to dresser 1, (3): go to drawer 1
- Response:[BEGIN](2): go to dresser 1[END]
**Example 1:**
- Available Actions:(1): go to garbagecan 1, (2): take handtowel 1 from handtowelholder 1, (3): take faucet 1 from handtowelholder 1, (4): take handtowel 2 from handtowelholder 1
- Response:[BEGIN](2): go to dresser 1[END]

**Task Description:**
The task at hand is "put a handtowel in sinkbasin". The agent must find an object of the desired type, pick it up, find the correct location to place it, and put it down there.

**Available Actions:**
(1): go to bathtub 1
(2): go to bathtubbasin 1
(3): go to countertop 1
(4): go to dresser 1
(5): go to drawer 1
(6): go to drawer 2
(7): go to drawer 3
(8): go to garbagecan 1
(9): go to sink 1
(10): go to drawer 4
(11): go to sinkbasin 1
(12): go to handtowelholder 2
(13): go to shelf 1
(14): go to shelf 2
(15): go to toilet 1
(16): go to towelholder 1
(17): take spraybottle 1 from handtowelholder 1
(18): examine handtowelholder 1

**Determine the appropriate action:**
- Identify relevant objects in the image related to the task.
- Evaluate each action's potential to successfully complete the task.

**Response:**
- Let's tink step-by-step.
- (i): [BEGIN][Selected Action][END]

Original VLM Response:
- (i): [BEGIN](18): examine handtowelholder 1[END]

> Action: examine handtowelholder 1
Running time: 3.0991227626800537 seconds

Step:--------------------------------------------------------------------------29--------------------------------------------------------------------------
VLM Prompt:
<image>
Given an image depicting a complex scene with multiple elements, your objective is to analyze the scene of the image in relation to the specified task description and choose the appropriate action from a list of available actions to accomplish the task. There are two examples.

**Example 1:**
- Available Actions:(1): go to bed 1, (2): go to dresser 1, (3): go to drawer 1
- Response:[BEGIN](2): go to dresser 1[END]
**Example 1:**
- Available Actions:(1): go to garbagecan 1, (2): take handtowel 1 from handtowelholder 1, (3): take faucet 1 from handtowelholder 1, (4): take handtowel 2 from handtowelholder 1
- Response:[BEGIN](2): go to dresser 1[END]

**Task Description:**
The task at hand is "put a handtowel in sinkbasin". The agent must find an object of the desired type, pick it up, find the correct location to place it, and put it down there.

**Available Actions:**
(1): go to bathtub 1
(2): go to bathtubbasin 1
(3): go to countertop 1
(4): go to dresser 1
(5): go to drawer 1
(6): go to drawer 2
(7): go to drawer 3
(8): go to garbagecan 1
(9): go to sink 1
(10): go to drawer 4
(11): go to sinkbasin 1
(12): go to handtowelholder 2
(13): go to shelf 1
(14): go to shelf 2
(15): go to toilet 1
(16): go to towelholder 1
(17): take spraybottle 1 from handtowelholder 1
(18): examine handtowelholder 1

**Determine the appropriate action:**
- Identify relevant objects in the image related to the task.
- Evaluate each action's potential to successfully complete the task.

**Response:**
- Let's tink step-by-step.
- (i): [BEGIN][Selected Action][END]

Original VLM Response:
- (i): [BEGIN](18): examine handtowelholder 1[END]

> Action: examine handtowelholder 1
Running time: 2.4321022033691406 seconds

Step:--------------------------------------------------------------------------30--------------------------------------------------------------------------
VLM Prompt:
<image>
Given an image depicting a complex scene with multiple elements, your objective is to analyze the scene of the image in relation to the specified task description and choose the appropriate action from a list of available actions to accomplish the task. There are two examples.

**Example 1:**
- Available Actions:(1): go to bed 1, (2): go to dresser 1, (3): go to drawer 1
- Response:[BEGIN](2): go to dresser 1[END]
**Example 1:**
- Available Actions:(1): go to garbagecan 1, (2): take handtowel 1 from handtowelholder 1, (3): take faucet 1 from handtowelholder 1, (4): take handtowel 2 from handtowelholder 1
- Response:[BEGIN](2): go to dresser 1[END]

**Task Description:**
The task at hand is "put a handtowel in sinkbasin". The agent must find an object of the desired type, pick it up, find the correct location to place it, and put it down there.

**Available Actions:**
(1): go to bathtub 1
(2): go to bathtubbasin 1
(3): go to countertop 1
(4): go to dresser 1
(5): go to drawer 1
(6): go to drawer 2
(7): go to drawer 3
(8): go to garbagecan 1
(9): go to sink 1
(10): go to drawer 4
(11): go to sinkbasin 1
(12): go to handtowelholder 2
(13): go to shelf 1
(14): go to shelf 2
(15): go to toilet 1
(16): go to towelholder 1
(17): take spraybottle 1 from handtowelholder 1
(18): examine handtowelholder 1

**Determine the appropriate action:**
- Identify relevant objects in the image related to the task.
- Evaluate each action's potential to successfully complete the task.

**Response:**
- Let's tink step-by-step.
- (i): [BEGIN][Selected Action][END]

Original VLM Response:
- (i): [BEGIN](18): examine handtowelholder 1[END]

> Action: examine handtowelholder 1
Running time: 2.8230807781219482 seconds

Step:--------------------------------------------------------------------------31--------------------------------------------------------------------------
VLM Prompt:
<image>
Given an image depicting a complex scene with multiple elements, your objective is to analyze the scene of the image in relation to the specified task description and choose the appropriate action from a list of available actions to accomplish the task. There are two examples.

**Example 1:**
- Available Actions:(1): go to bed 1, (2): go to dresser 1, (3): go to drawer 1
- Response:[BEGIN](2): go to dresser 1[END]
**Example 1:**
- Available Actions:(1): go to garbagecan 1, (2): take handtowel 1 from handtowelholder 1, (3): take faucet 1 from handtowelholder 1, (4): take handtowel 2 from handtowelholder 1
- Response:[BEGIN](2): go to dresser 1[END]

**Task Description:**
The task at hand is "put a handtowel in sinkbasin". The agent must find an object of the desired type, pick it up, find the correct location to place it, and put it down there.

**Available Actions:**
(1): go to bathtub 1
(2): go to bathtubbasin 1
(3): go to countertop 1
(4): go to dresser 1
(5): go to drawer 1
(6): go to drawer 2
(7): go to drawer 3
(8): go to garbagecan 1
(9): go to sink 1
(10): go to drawer 4
(11): go to sinkbasin 1
(12): go to handtowelholder 2
(13): go to shelf 1
(14): go to shelf 2
(15): go to toilet 1
(16): go to towelholder 1
(17): take spraybottle 1 from handtowelholder 1
(18): examine handtowelholder 1

**Determine the appropriate action:**
- Identify relevant objects in the image related to the task.
- Evaluate each action's potential to successfully complete the task.

**Response:**
- Let's tink step-by-step.
- (i): [BEGIN][Selected Action][END]

Original VLM Response:
- (i): [BEGIN](18): examine handtowelholder 1[END]

> Action: examine handtowelholder 1
Running time: 3.2665910720825195 seconds

Step:--------------------------------------------------------------------------32--------------------------------------------------------------------------
VLM Prompt:
<image>
Given an image depicting a complex scene with multiple elements, your objective is to analyze the scene of the image in relation to the specified task description and choose the appropriate action from a list of available actions to accomplish the task. There are two examples.

**Example 1:**
- Available Actions:(1): go to bed 1, (2): go to dresser 1, (3): go to drawer 1
- Response:[BEGIN](2): go to dresser 1[END]
**Example 1:**
- Available Actions:(1): go to garbagecan 1, (2): take handtowel 1 from handtowelholder 1, (3): take faucet 1 from handtowelholder 1, (4): take handtowel 2 from handtowelholder 1
- Response:[BEGIN](2): go to dresser 1[END]

**Task Description:**
The task at hand is "put a handtowel in sinkbasin". The agent must find an object of the desired type, pick it up, find the correct location to place it, and put it down there.

**Available Actions:**
(1): go to bathtub 1
(2): go to bathtubbasin 1
(3): go to countertop 1
(4): go to dresser 1
(5): go to drawer 1
(6): go to drawer 2
(7): go to drawer 3
(8): go to garbagecan 1
(9): go to sink 1
(10): go to drawer 4
(11): go to sinkbasin 1
(12): go to handtowelholder 2
(13): go to shelf 1
(14): go to shelf 2
(15): go to toilet 1
(16): go to towelholder 1
(17): take spraybottle 1 from handtowelholder 1
(18): examine handtowelholder 1

**Determine the appropriate action:**
- Identify relevant objects in the image related to the task.
- Evaluate each action's potential to successfully complete the task.

**Response:**
- Let's tink step-by-step.
- (i): [BEGIN][Selected Action][END]

Original VLM Response:
- (i): [BEGIN](9): go to sink 1[END]
- (ii): [BEGIN](11): go to sinkbasin 1[END]
- (iii): [BEGIN](18): examine handtowelholder 1[END]

> Action: go to sink 1
Running time: 3.9038829803466797 seconds

Step:--------------------------------------------------------------------------33--------------------------------------------------------------------------
VLM Prompt:
<image>
Given an image depicting a complex scene with multiple elements, your objective is to analyze the scene of the image in relation to the specified task description and choose the appropriate action from a list of available actions to accomplish the task. There are two examples.

**Example 1:**
- Available Actions:(1): go to bed 1, (2): go to dresser 1, (3): go to drawer 1
- Response:[BEGIN](2): go to dresser 1[END]
**Example 1:**
- Available Actions:(1): go to garbagecan 1, (2): take handtowel 1 from handtowelholder 1, (3): take faucet 1 from handtowelholder 1, (4): take handtowel 2 from handtowelholder 1
- Response:[BEGIN](2): go to dresser 1[END]

**Task Description:**
The task at hand is "put a handtowel in sinkbasin". The agent must find an object of the desired type, pick it up, find the correct location to place it, and put it down there.

**Available Actions:**
(1): go to bathtub 1
(2): go to bathtubbasin 1
(3): go to countertop 1
(4): go to dresser 1
(5): go to drawer 1
(6): go to drawer 2
(7): go to drawer 3
(8): go to garbagecan 1
(9): go to handtowelholder 1
(10): go to drawer 4
(11): go to sinkbasin 1
(12): go to handtowelholder 2
(13): go to shelf 1
(14): go to shelf 2
(15): go to toilet 1
(16): go to towelholder 1
(17): take handtowel 1 from sink 1
(18): take faucet 1 from sink 1
(19): take soapbar 1 from sink 1
(20): examine sink 1

**Determine the appropriate action:**
- Identify relevant objects in the image related to the task.
- Evaluate each action's potential to successfully complete the task.

**Response:**
- Let's tink step-by-step.
- (i): [BEGIN][Selected Action][END]

Original VLM Response:
- (i): [BEGIN](9): go to handtowelholder 1[END]
- (ii): [BEGIN](17): take handtowel 1 from sink 1[END]
- (iii): [BEGIN](11): go to sinkbasin 1[END]

> Action: go to handtowelholder 1
Running time: 5.269985198974609 seconds

Step:--------------------------------------------------------------------------34--------------------------------------------------------------------------
VLM Prompt:
<image>
Given an image depicting a complex scene with multiple elements, your objective is to analyze the scene of the image in relation to the specified task description and choose the appropriate action from a list of available actions to accomplish the task. There are two examples.

**Example 1:**
- Available Actions:(1): go to bed 1, (2): go to dresser 1, (3): go to drawer 1
- Response:[BEGIN](2): go to dresser 1[END]
**Example 1:**
- Available Actions:(1): go to garbagecan 1, (2): take handtowel 1 from handtowelholder 1, (3): take faucet 1 from handtowelholder 1, (4): take handtowel 2 from handtowelholder 1
- Response:[BEGIN](2): go to dresser 1[END]

**Task Description:**
The task at hand is "put a handtowel in sinkbasin". The agent must find an object of the desired type, pick it up, find the correct location to place it, and put it down there.

**Available Actions:**
(1): go to bathtub 1
(2): go to bathtubbasin 1
(3): go to countertop 1
(4): go to dresser 1
(5): go to drawer 1
(6): go to drawer 2
(7): go to drawer 3
(8): go to garbagecan 1
(9): go to sink 1
(10): go to drawer 4
(11): go to sinkbasin 1
(12): go to handtowelholder 2
(13): go to shelf 1
(14): go to shelf 2
(15): go to toilet 1
(16): go to towelholder 1
(17): take spraybottle 1 from handtowelholder 1
(18): examine handtowelholder 1

**Determine the appropriate action:**
- Identify relevant objects in the image related to the task.
- Evaluate each action's potential to successfully complete the task.

**Response:**
- Let's tink step-by-step.
- (i): [BEGIN][Selected Action][END]

Original VLM Response:
- (i): [BEGIN](18): examine handtowelholder 1[END]

> Action: examine handtowelholder 1
Running time: 2.8346545696258545 seconds

Step:--------------------------------------------------------------------------35--------------------------------------------------------------------------
VLM Prompt:
<image>
Given an image depicting a complex scene with multiple elements, your objective is to analyze the scene of the image in relation to the specified task description and choose the appropriate action from a list of available actions to accomplish the task. There are two examples.

**Example 1:**
- Available Actions:(1): go to bed 1, (2): go to dresser 1, (3): go to drawer 1
- Response:[BEGIN](2): go to dresser 1[END]
**Example 1:**
- Available Actions:(1): go to garbagecan 1, (2): take handtowel 1 from handtowelholder 1, (3): take faucet 1 from handtowelholder 1, (4): take handtowel 2 from handtowelholder 1
- Response:[BEGIN](2): go to dresser 1[END]

**Task Description:**
The task at hand is "put a handtowel in sinkbasin". The agent must find an object of the desired type, pick it up, find the correct location to place it, and put it down there.

**Available Actions:**
(1): go to bathtub 1
(2): go to bathtubbasin 1
(3): go to countertop 1
(4): go to dresser 1
(5): go to drawer 1
(6): go to drawer 2
(7): go to drawer 3
(8): go to garbagecan 1
(9): go to sink 1
(10): go to drawer 4
(11): go to sinkbasin 1
(12): go to handtowelholder 2
(13): go to shelf 1
(14): go to shelf 2
(15): go to toilet 1
(16): go to towelholder 1
(17): take spraybottle 1 from handtowelholder 1
(18): examine handtowelholder 1

**Determine the appropriate action:**
- Identify relevant objects in the image related to the task.
- Evaluate each action's potential to successfully complete the task.

**Response:**
- Let's tink step-by-step.
- (i): [BEGIN][Selected Action][END]

Original VLM Response:
- (i): [BEGIN](18): examine handtowelholder 1[END]

> Action: examine handtowelholder 1
Running time: 3.10263729095459 seconds

Step:--------------------------------------------------------------------------36--------------------------------------------------------------------------
VLM Prompt:
<image>
Given an image depicting a complex scene with multiple elements, your objective is to analyze the scene of the image in relation to the specified task description and choose the appropriate action from a list of available actions to accomplish the task. There are two examples.

**Example 1:**
- Available Actions:(1): go to bed 1, (2): go to dresser 1, (3): go to drawer 1
- Response:[BEGIN](2): go to dresser 1[END]
**Example 1:**
- Available Actions:(1): go to garbagecan 1, (2): take handtowel 1 from handtowelholder 1, (3): take faucet 1 from handtowelholder 1, (4): take handtowel 2 from handtowelholder 1
- Response:[BEGIN](2): go to dresser 1[END]

**Task Description:**
The task at hand is "put a handtowel in sinkbasin". The agent must find an object of the desired type, pick it up, find the correct location to place it, and put it down there.

**Available Actions:**
(1): go to bathtub 1
(2): go to bathtubbasin 1
(3): go to countertop 1
(4): go to dresser 1
(5): go to drawer 1
(6): go to drawer 2
(7): go to drawer 3
(8): go to garbagecan 1
(9): go to sink 1
(10): go to drawer 4
(11): go to sinkbasin 1
(12): go to handtowelholder 2
(13): go to shelf 1
(14): go to shelf 2
(15): go to toilet 1
(16): go to towelholder 1
(17): take spraybottle 1 from handtowelholder 1
(18): examine handtowelholder 1

**Determine the appropriate action:**
- Identify relevant objects in the image related to the task.
- Evaluate each action's potential to successfully complete the task.

**Response:**
- Let's tink step-by-step.
- (i): [BEGIN][Selected Action][END]

Original VLM Response:
- (i): [BEGIN](18): examine handtowelholder 1[END]

> Action: examine handtowelholder 1
Running time: 2.616041421890259 seconds

Step:--------------------------------------------------------------------------37--------------------------------------------------------------------------
VLM Prompt:
<image>
Given an image depicting a complex scene with multiple elements, your objective is to analyze the scene of the image in relation to the specified task description and choose the appropriate action from a list of available actions to accomplish the task. There are two examples.

**Example 1:**
- Available Actions:(1): go to bed 1, (2): go to dresser 1, (3): go to drawer 1
- Response:[BEGIN](2): go to dresser 1[END]
**Example 1:**
- Available Actions:(1): go to garbagecan 1, (2): take handtowel 1 from handtowelholder 1, (3): take faucet 1 from handtowelholder 1, (4): take handtowel 2 from handtowelholder 1
- Response:[BEGIN](2): go to dresser 1[END]

**Task Description:**
The task at hand is "put a handtowel in sinkbasin". The agent must find an object of the desired type, pick it up, find the correct location to place it, and put it down there.

**Available Actions:**
(1): go to bathtub 1
(2): go to bathtubbasin 1
(3): go to countertop 1
(4): go to dresser 1
(5): go to drawer 1
(6): go to drawer 2
(7): go to drawer 3
(8): go to garbagecan 1
(9): go to sink 1
(10): go to drawer 4
(11): go to sinkbasin 1
(12): go to handtowelholder 2
(13): go to shelf 1
(14): go to shelf 2
(15): go to toilet 1
(16): go to towelholder 1
(17): take spraybottle 1 from handtowelholder 1
(18): examine handtowelholder 1

**Determine the appropriate action:**
- Identify relevant objects in the image related to the task.
- Evaluate each action's potential to successfully complete the task.

**Response:**
- Let's tink step-by-step.
- (i): [BEGIN][Selected Action][END]

Original VLM Response:
- (i): [BEGIN](18): examine handtowelholder 1[END]

> Action: examine handtowelholder 1
Running time: 2.3210091590881348 seconds

Step:--------------------------------------------------------------------------38--------------------------------------------------------------------------
VLM Prompt:
<image>
Given an image depicting a complex scene with multiple elements, your objective is to analyze the scene of the image in relation to the specified task description and choose the appropriate action from a list of available actions to accomplish the task. There are two examples.

**Example 1:**
- Available Actions:(1): go to bed 1, (2): go to dresser 1, (3): go to drawer 1
- Response:[BEGIN](2): go to dresser 1[END]
**Example 1:**
- Available Actions:(1): go to garbagecan 1, (2): take handtowel 1 from handtowelholder 1, (3): take faucet 1 from handtowelholder 1, (4): take handtowel 2 from handtowelholder 1
- Response:[BEGIN](2): go to dresser 1[END]

**Task Description:**
The task at hand is "put a handtowel in sinkbasin". The agent must find an object of the desired type, pick it up, find the correct location to place it, and put it down there.

**Available Actions:**
(1): go to bathtub 1
(2): go to bathtubbasin 1
(3): go to countertop 1
(4): go to dresser 1
(5): go to drawer 1
(6): go to drawer 2
(7): go to drawer 3
(8): go to garbagecan 1
(9): go to sink 1
(10): go to drawer 4
(11): go to sinkbasin 1
(12): go to handtowelholder 2
(13): go to shelf 1
(14): go to shelf 2
(15): go to toilet 1
(16): go to towelholder 1
(17): take spraybottle 1 from handtowelholder 1
(18): examine handtowelholder 1

**Determine the appropriate action:**
- Identify relevant objects in the image related to the task.
- Evaluate each action's potential to successfully complete the task.

**Response:**
- Let's tink step-by-step.
- (i): [BEGIN][Selected Action][END]

Original VLM Response:
- (i): [BEGIN](18): examine handtowelholder 1[END]

> Action: examine handtowelholder 1
Running time: 1.9316582679748535 seconds

Step:--------------------------------------------------------------------------39--------------------------------------------------------------------------
VLM Prompt:
<image>
Given an image depicting a complex scene with multiple elements, your objective is to analyze the scene of the image in relation to the specified task description and choose the appropriate action from a list of available actions to accomplish the task. There are two examples.

**Example 1:**
- Available Actions:(1): go to bed 1, (2): go to dresser 1, (3): go to drawer 1
- Response:[BEGIN](2): go to dresser 1[END]
**Example 1:**
- Available Actions:(1): go to garbagecan 1, (2): take handtowel 1 from handtowelholder 1, (3): take faucet 1 from handtowelholder 1, (4): take handtowel 2 from handtowelholder 1
- Response:[BEGIN](2): go to dresser 1[END]

**Task Description:**
The task at hand is "put a handtowel in sinkbasin". The agent must find an object of the desired type, pick it up, find the correct location to place it, and put it down there.

**Available Actions:**
(1): go to bathtub 1
(2): go to bathtubbasin 1
(3): go to countertop 1
(4): go to dresser 1
(5): go to drawer 1
(6): go to drawer 2
(7): go to drawer 3
(8): go to garbagecan 1
(9): go to sink 1
(10): go to drawer 4
(11): go to sinkbasin 1
(12): go to handtowelholder 2
(13): go to shelf 1
(14): go to shelf 2
(15): go to toilet 1
(16): go to towelholder 1
(17): take spraybottle 1 from handtowelholder 1
(18): examine handtowelholder 1

**Determine the appropriate action:**
- Identify relevant objects in the image related to the task.
- Evaluate each action's potential to successfully complete the task.

**Response:**
- Let's tink step-by-step.
- (i): [BEGIN][Selected Action][END]

Original VLM Response:
- (i): [BEGIN](18): examine handtowelholder 1[END]

> Action: examine handtowelholder 1
Running time: 2.8896498680114746 seconds

Step:--------------------------------------------------------------------------40--------------------------------------------------------------------------
VLM Prompt:
<image>
Given an image depicting a complex scene with multiple elements, your objective is to analyze the scene of the image in relation to the specified task description and choose the appropriate action from a list of available actions to accomplish the task. There are two examples.

**Example 1:**
- Available Actions:(1): go to bed 1, (2): go to dresser 1, (3): go to drawer 1
- Response:[BEGIN](2): go to dresser 1[END]
**Example 1:**
- Available Actions:(1): go to garbagecan 1, (2): take handtowel 1 from handtowelholder 1, (3): take faucet 1 from handtowelholder 1, (4): take handtowel 2 from handtowelholder 1
- Response:[BEGIN](2): go to dresser 1[END]

**Task Description:**
The task at hand is "put a handtowel in sinkbasin". The agent must find an object of the desired type, pick it up, find the correct location to place it, and put it down there.

**Available Actions:**
(1): go to bathtub 1
(2): go to bathtubbasin 1
(3): go to countertop 1
(4): go to dresser 1
(5): go to drawer 1
(6): go to drawer 2
(7): go to drawer 3
(8): go to garbagecan 1
(9): go to sink 1
(10): go to drawer 4
(11): go to sinkbasin 1
(12): go to handtowelholder 2
(13): go to shelf 1
(14): go to shelf 2
(15): go to toilet 1
(16): go to towelholder 1
(17): take spraybottle 1 from handtowelholder 1
(18): examine handtowelholder 1

**Determine the appropriate action:**
- Identify relevant objects in the image related to the task.
- Evaluate each action's potential to successfully complete the task.

**Response:**
- Let's tink step-by-step.
- (i): [BEGIN][Selected Action][END]

Original VLM Response:
- (i): [BEGIN](18): examine handtowelholder 1[END]

> Action: examine handtowelholder 1
Running time: 3.2099225521087646 seconds

Step:--------------------------------------------------------------------------41--------------------------------------------------------------------------
VLM Prompt:
<image>
Given an image depicting a complex scene with multiple elements, your objective is to analyze the scene of the image in relation to the specified task description and choose the appropriate action from a list of available actions to accomplish the task. There are two examples.

**Example 1:**
- Available Actions:(1): go to bed 1, (2): go to dresser 1, (3): go to drawer 1
- Response:[BEGIN](2): go to dresser 1[END]
**Example 1:**
- Available Actions:(1): go to garbagecan 1, (2): take handtowel 1 from handtowelholder 1, (3): take faucet 1 from handtowelholder 1, (4): take handtowel 2 from handtowelholder 1
- Response:[BEGIN](2): go to dresser 1[END]

**Task Description:**
The task at hand is "put a handtowel in sinkbasin". The agent must find an object of the desired type, pick it up, find the correct location to place it, and put it down there.

**Available Actions:**
(1): go to bathtub 1
(2): go to bathtubbasin 1
(3): go to countertop 1
(4): go to dresser 1
(5): go to drawer 1
(6): go to drawer 2
(7): go to drawer 3
(8): go to garbagecan 1
(9): go to sink 1
(10): go to drawer 4
(11): go to sinkbasin 1
(12): go to handtowelholder 2
(13): go to shelf 1
(14): go to shelf 2
(15): go to toilet 1
(16): go to towelholder 1
(17): take spraybottle 1 from handtowelholder 1
(18): examine handtowelholder 1

**Determine the appropriate action:**
- Identify relevant objects in the image related to the task.
- Evaluate each action's potential to successfully complete the task.

**Response:**
- Let's tink step-by-step.
- (i): [BEGIN][Selected Action][END]

Original VLM Response:
- (i): [BEGIN](18): examine handtowelholder 1[END]

> Action: examine handtowelholder 1
Running time: 3.1948094367980957 seconds

Step:--------------------------------------------------------------------------42--------------------------------------------------------------------------
VLM Prompt:
<image>
Given an image depicting a complex scene with multiple elements, your objective is to analyze the scene of the image in relation to the specified task description and choose the appropriate action from a list of available actions to accomplish the task. There are two examples.

**Example 1:**
- Available Actions:(1): go to bed 1, (2): go to dresser 1, (3): go to drawer 1
- Response:[BEGIN](2): go to dresser 1[END]
**Example 1:**
- Available Actions:(1): go to garbagecan 1, (2): take handtowel 1 from handtowelholder 1, (3): take faucet 1 from handtowelholder 1, (4): take handtowel 2 from handtowelholder 1
- Response:[BEGIN](2): go to dresser 1[END]

**Task Description:**
The task at hand is "put a handtowel in sinkbasin". The agent must find an object of the desired type, pick it up, find the correct location to place it, and put it down there.

**Available Actions:**
(1): go to bathtub 1
(2): go to bathtubbasin 1
(3): go to countertop 1
(4): go to dresser 1
(5): go to drawer 1
(6): go to drawer 2
(7): go to drawer 3
(8): go to garbagecan 1
(9): go to sink 1
(10): go to drawer 4
(11): go to sinkbasin 1
(12): go to handtowelholder 2
(13): go to shelf 1
(14): go to shelf 2
(15): go to toilet 1
(16): go to towelholder 1
(17): take spraybottle 1 from handtowelholder 1
(18): examine handtowelholder 1

**Determine the appropriate action:**
- Identify relevant objects in the image related to the task.
- Evaluate each action's potential to successfully complete the task.

**Response:**
- Let's tink step-by-step.
- (i): [BEGIN][Selected Action][END]

Original VLM Response:
- (i): [BEGIN](18): examine handtowelholder 1[END]

> Action: examine handtowelholder 1
Running time: 2.733121633529663 seconds

Step:--------------------------------------------------------------------------43--------------------------------------------------------------------------
VLM Prompt:
<image>
Given an image depicting a complex scene with multiple elements, your objective is to analyze the scene of the image in relation to the specified task description and choose the appropriate action from a list of available actions to accomplish the task. There are two examples.

**Example 1:**
- Available Actions:(1): go to bed 1, (2): go to dresser 1, (3): go to drawer 1
- Response:[BEGIN](2): go to dresser 1[END]
**Example 1:**
- Available Actions:(1): go to garbagecan 1, (2): take handtowel 1 from handtowelholder 1, (3): take faucet 1 from handtowelholder 1, (4): take handtowel 2 from handtowelholder 1
- Response:[BEGIN](2): go to dresser 1[END]

**Task Description:**
The task at hand is "put a handtowel in sinkbasin". The agent must find an object of the desired type, pick it up, find the correct location to place it, and put it down there.

**Available Actions:**
(1): go to bathtub 1
(2): go to bathtubbasin 1
(3): go to countertop 1
(4): go to dresser 1
(5): go to drawer 1
(6): go to drawer 2
(7): go to drawer 3
(8): go to garbagecan 1
(9): go to sink 1
(10): go to drawer 4
(11): go to sinkbasin 1
(12): go to handtowelholder 2
(13): go to shelf 1
(14): go to shelf 2
(15): go to toilet 1
(16): go to towelholder 1
(17): take spraybottle 1 from handtowelholder 1
(18): examine handtowelholder 1

**Determine the appropriate action:**
- Identify relevant objects in the image related to the task.
- Evaluate each action's potential to successfully complete the task.

**Response:**
- Let's tink step-by-step.
- (i): [BEGIN][Selected Action][END]

Original VLM Response:
- (i): [BEGIN](18): examine handtowelholder 1[END]

> Action: examine handtowelholder 1
Running time: 2.2979836463928223 seconds

Step:--------------------------------------------------------------------------44--------------------------------------------------------------------------
VLM Prompt:
<image>
Given an image depicting a complex scene with multiple elements, your objective is to analyze the scene of the image in relation to the specified task description and choose the appropriate action from a list of available actions to accomplish the task. There are two examples.

**Example 1:**
- Available Actions:(1): go to bed 1, (2): go to dresser 1, (3): go to drawer 1
- Response:[BEGIN](2): go to dresser 1[END]
**Example 1:**
- Available Actions:(1): go to garbagecan 1, (2): take handtowel 1 from handtowelholder 1, (3): take faucet 1 from handtowelholder 1, (4): take handtowel 2 from handtowelholder 1
- Response:[BEGIN](2): go to dresser 1[END]

**Task Description:**
The task at hand is "put a handtowel in sinkbasin". The agent must find an object of the desired type, pick it up, find the correct location to place it, and put it down there.

**Available Actions:**
(1): go to bathtub 1
(2): go to bathtubbasin 1
(3): go to countertop 1
(4): go to dresser 1
(5): go to drawer 1
(6): go to drawer 2
(7): go to drawer 3
(8): go to garbagecan 1
(9): go to sink 1
(10): go to drawer 4
(11): go to sinkbasin 1
(12): go to handtowelholder 2
(13): go to shelf 1
(14): go to shelf 2
(15): go to toilet 1
(16): go to towelholder 1
(17): take spraybottle 1 from handtowelholder 1
(18): examine handtowelholder 1

**Determine the appropriate action:**
- Identify relevant objects in the image related to the task.
- Evaluate each action's potential to successfully complete the task.

**Response:**
- Let's tink step-by-step.
- (i): [BEGIN][Selected Action][END]

Original VLM Response:
- (i): [BEGIN](18): examine handtowelholder 1[END]

> Action: examine handtowelholder 1
Running time: 3.7780730724334717 seconds

Step:--------------------------------------------------------------------------45--------------------------------------------------------------------------
VLM Prompt:
<image>
Given an image depicting a complex scene with multiple elements, your objective is to analyze the scene of the image in relation to the specified task description and choose the appropriate action from a list of available actions to accomplish the task. There are two examples.

**Example 1:**
- Available Actions:(1): go to bed 1, (2): go to dresser 1, (3): go to drawer 1
- Response:[BEGIN](2): go to dresser 1[END]
**Example 1:**
- Available Actions:(1): go to garbagecan 1, (2): take handtowel 1 from handtowelholder 1, (3): take faucet 1 from handtowelholder 1, (4): take handtowel 2 from handtowelholder 1
- Response:[BEGIN](2): go to dresser 1[END]

**Task Description:**
The task at hand is "put a handtowel in sinkbasin". The agent must find an object of the desired type, pick it up, find the correct location to place it, and put it down there.

**Available Actions:**
(1): go to bathtub 1
(2): go to bathtubbasin 1
(3): go to countertop 1
(4): go to dresser 1
(5): go to drawer 1
(6): go to drawer 2
(7): go to drawer 3
(8): go to garbagecan 1
(9): go to sink 1
(10): go to drawer 4
(11): go to sinkbasin 1
(12): go to handtowelholder 2
(13): go to shelf 1
(14): go to shelf 2
(15): go to toilet 1
(16): go to towelholder 1
(17): take spraybottle 1 from handtowelholder 1
(18): examine handtowelholder 1

**Determine the appropriate action:**
- Identify relevant objects in the image related to the task.
- Evaluate each action's potential to successfully complete the task.

**Response:**
- Let's tink step-by-step.
- (i): [BEGIN][Selected Action][END]

Original VLM Response:
- (i): [BEGIN](18): examine handtowelholder 1[END]

> Action: examine handtowelholder 1
Running time: 4.763887405395508 seconds

Step:--------------------------------------------------------------------------46--------------------------------------------------------------------------
VLM Prompt:
<image>
Given an image depicting a complex scene with multiple elements, your objective is to analyze the scene of the image in relation to the specified task description and choose the appropriate action from a list of available actions to accomplish the task. There are two examples.

**Example 1:**
- Available Actions:(1): go to bed 1, (2): go to dresser 1, (3): go to drawer 1
- Response:[BEGIN](2): go to dresser 1[END]
**Example 1:**
- Available Actions:(1): go to garbagecan 1, (2): take handtowel 1 from handtowelholder 1, (3): take faucet 1 from handtowelholder 1, (4): take handtowel 2 from handtowelholder 1
- Response:[BEGIN](2): go to dresser 1[END]

**Task Description:**
The task at hand is "put a handtowel in sinkbasin". The agent must find an object of the desired type, pick it up, find the correct location to place it, and put it down there.

**Available Actions:**
(1): go to bathtub 1
(2): go to bathtubbasin 1
(3): go to countertop 1
(4): go to dresser 1
(5): go to drawer 1
(6): go to drawer 2
(7): go to drawer 3
(8): go to garbagecan 1
(9): go to sink 1
(10): go to drawer 4
(11): go to sinkbasin 1
(12): go to handtowelholder 2
(13): go to shelf 1
(14): go to shelf 2
(15): go to toilet 1
(16): go to towelholder 1
(17): take spraybottle 1 from handtowelholder 1
(18): examine handtowelholder 1

**Determine the appropriate action:**
- Identify relevant objects in the image related to the task.
- Evaluate each action's potential to successfully complete the task.

**Response:**
- Let's tink step-by-step.
- (i): [BEGIN][Selected Action][END]

Original VLM Response:
- (i): [BEGIN](18): examine handtowelholder 1[END]

> Action: examine handtowelholder 1
Running time: 2.4412693977355957 seconds

Step:--------------------------------------------------------------------------47--------------------------------------------------------------------------
VLM Prompt:
<image>
Given an image depicting a complex scene with multiple elements, your objective is to analyze the scene of the image in relation to the specified task description and choose the appropriate action from a list of available actions to accomplish the task. There are two examples.

**Example 1:**
- Available Actions:(1): go to bed 1, (2): go to dresser 1, (3): go to drawer 1
- Response:[BEGIN](2): go to dresser 1[END]
**Example 1:**
- Available Actions:(1): go to garbagecan 1, (2): take handtowel 1 from handtowelholder 1, (3): take faucet 1 from handtowelholder 1, (4): take handtowel 2 from handtowelholder 1
- Response:[BEGIN](2): go to dresser 1[END]

**Task Description:**
The task at hand is "put a handtowel in sinkbasin". The agent must find an object of the desired type, pick it up, find the correct location to place it, and put it down there.

**Available Actions:**
(1): go to bathtub 1
(2): go to bathtubbasin 1
(3): go to countertop 1
(4): go to dresser 1
(5): go to drawer 1
(6): go to drawer 2
(7): go to drawer 3
(8): go to garbagecan 1
(9): go to sink 1
(10): go to drawer 4
(11): go to sinkbasin 1
(12): go to handtowelholder 2
(13): go to shelf 1
(14): go to shelf 2
(15): go to toilet 1
(16): go to towelholder 1
(17): take spraybottle 1 from handtowelholder 1
(18): examine handtowelholder 1

**Determine the appropriate action:**
- Identify relevant objects in the image related to the task.
- Evaluate each action's potential to successfully complete the task.

**Response:**
- Let's tink step-by-step.
- (i): [BEGIN][Selected Action][END]

Original VLM Response:
- (i): [BEGIN](18): examine handtowelholder 1[END]

> Action: examine handtowelholder 1
Running time: 2.7264647483825684 seconds

Step:--------------------------------------------------------------------------48--------------------------------------------------------------------------
VLM Prompt:
<image>
Given an image depicting a complex scene with multiple elements, your objective is to analyze the scene of the image in relation to the specified task description and choose the appropriate action from a list of available actions to accomplish the task. There are two examples.

**Example 1:**
- Available Actions:(1): go to bed 1, (2): go to dresser 1, (3): go to drawer 1
- Response:[BEGIN](2): go to dresser 1[END]
**Example 1:**
- Available Actions:(1): go to garbagecan 1, (2): take handtowel 1 from handtowelholder 1, (3): take faucet 1 from handtowelholder 1, (4): take handtowel 2 from handtowelholder 1
- Response:[BEGIN](2): go to dresser 1[END]

**Task Description:**
The task at hand is "put a handtowel in sinkbasin". The agent must find an object of the desired type, pick it up, find the correct location to place it, and put it down there.

**Available Actions:**
(1): go to bathtub 1
(2): go to bathtubbasin 1
(3): go to countertop 1
(4): go to dresser 1
(5): go to drawer 1
(6): go to drawer 2
(7): go to drawer 3
(8): go to garbagecan 1
(9): go to sink 1
(10): go to drawer 4
(11): go to sinkbasin 1
(12): go to handtowelholder 2
(13): go to shelf 1
(14): go to shelf 2
(15): go to toilet 1
(16): go to towelholder 1
(17): take spraybottle 1 from handtowelholder 1
(18): examine handtowelholder 1

**Determine the appropriate action:**
- Identify relevant objects in the image related to the task.
- Evaluate each action's potential to successfully complete the task.

**Response:**
- Let's tink step-by-step.
- (i): [BEGIN][Selected Action][END]

Original VLM Response:
- (i): [BEGIN](18): examine handtowelholder 1[END]

> Action: examine handtowelholder 1
Running time: 2.036468505859375 seconds

Step:--------------------------------------------------------------------------49--------------------------------------------------------------------------
VLM Prompt:
<image>
Given an image depicting a complex scene with multiple elements, your objective is to analyze the scene of the image in relation to the specified task description and choose the appropriate action from a list of available actions to accomplish the task. There are two examples.

**Example 1:**
- Available Actions:(1): go to bed 1, (2): go to dresser 1, (3): go to drawer 1
- Response:[BEGIN](2): go to dresser 1[END]
**Example 1:**
- Available Actions:(1): go to garbagecan 1, (2): take handtowel 1 from handtowelholder 1, (3): take faucet 1 from handtowelholder 1, (4): take handtowel 2 from handtowelholder 1
- Response:[BEGIN](2): go to dresser 1[END]

**Task Description:**
The task at hand is "put a handtowel in sinkbasin". The agent must find an object of the desired type, pick it up, find the correct location to place it, and put it down there.

**Available Actions:**
(1): go to bathtub 1
(2): go to bathtubbasin 1
(3): go to countertop 1
(4): go to dresser 1
(5): go to drawer 1
(6): go to drawer 2
(7): go to drawer 3
(8): go to garbagecan 1
(9): go to sink 1
(10): go to drawer 4
(11): go to sinkbasin 1
(12): go to handtowelholder 2
(13): go to shelf 1
(14): go to shelf 2
(15): go to toilet 1
(16): go to towelholder 1
(17): take spraybottle 1 from handtowelholder 1
(18): examine handtowelholder 1

**Determine the appropriate action:**
- Identify relevant objects in the image related to the task.
- Evaluate each action's potential to successfully complete the task.

**Response:**
- Let's tink step-by-step.
- (i): [BEGIN][Selected Action][END]

Original VLM Response:
- (i): [BEGIN](18): examine handtowelholder 1[END]

> Action: examine handtowelholder 1
Running time: 1.9388351440429688 seconds

Step:--------------------------------------------------------------------------50--------------------------------------------------------------------------
VLM Prompt:
<image>
Given an image depicting a complex scene with multiple elements, your objective is to analyze the scene of the image in relation to the specified task description and choose the appropriate action from a list of available actions to accomplish the task. There are two examples.

**Example 1:**
- Available Actions:(1): go to bed 1, (2): go to dresser 1, (3): go to drawer 1
- Response:[BEGIN](2): go to dresser 1[END]
**Example 1:**
- Available Actions:(1): go to garbagecan 1, (2): take handtowel 1 from handtowelholder 1, (3): take faucet 1 from handtowelholder 1, (4): take handtowel 2 from handtowelholder 1
- Response:[BEGIN](2): go to dresser 1[END]

**Task Description:**
The task at hand is "put a handtowel in sinkbasin". The agent must find an object of the desired type, pick it up, find the correct location to place it, and put it down there.

**Available Actions:**
(1): go to bathtub 1
(2): go to bathtubbasin 1
(3): go to countertop 1
(4): go to dresser 1
(5): go to drawer 1
(6): go to drawer 2
(7): go to drawer 3
(8): go to garbagecan 1
(9): go to sink 1
(10): go to drawer 4
(11): go to sinkbasin 1
(12): go to handtowelholder 2
(13): go to shelf 1
(14): go to shelf 2
(15): go to toilet 1
(16): go to towelholder 1
(17): take spraybottle 1 from handtowelholder 1
(18): examine handtowelholder 1

**Determine the appropriate action:**
- Identify relevant objects in the image related to the task.
- Evaluate each action's potential to successfully complete the task.

**Response:**
- Let's tink step-by-step.
- (i): [BEGIN][Selected Action][END]

Original VLM Response:
- (i): [BEGIN](18): examine handtowelholder 1[END]

> Action: examine handtowelholder 1
Running time: 3.257155656814575 seconds

UNSUCCEED
