---------------------------------------------------------Scene: 35---------------------------------------------------------
--------------------------------------------------------------------------------------------------------------------------------------------------------------------
--------------------------------------------------------------------------------------------------------------------------------------------------------------------
Step:--------------------------------------------------------------------------1--------------------------------------------------------------------------
VLM Prompt:
<image>
Given an image depicting a complex scene with multiple elements, your objective is to analyze the scene of the image in relation to the specified task description and choose the appropriate action from a list of available actions to accomplish the task. There are two examples.

**Example 1:**
- Available Actions:(1): go to bed 1, (2): go to dresser 1, (3): go to drawer 1
- Response:[BEGIN](2): go to dresser 1[END]
**Example 1:**
- Available Actions:(1): go to garbagecan 1, (2): take handtowel 1 from handtowelholder 1, (3): take faucet 1 from handtowelholder 1, (4): take handtowel 2 from handtowelholder 1
- Response:[BEGIN](2): go to dresser 1[END]

**Task Description:**
The task at hand is "put a clean cloth in toilet". The agent must find an objectof the desired type, pick it up, go to a sink or a basin, clean the object with a sink or basin, then find the correct location to place it, and put it down there.

**Available Actions:**
(1): go to bathtub 1
(2): go to countertop 1
(3): go to drawer 1
(4): go to drawer 2
(5): go to drawer 3
(6): go to drawer 4
(7): go to drawer 5
(8): go to drawer 6
(9): go to drawer 7
(10): go to drawer 8
(11): go to sink 1
(12): go to garbagecan 1
(13): go to sinkbasin 1
(14): go to toiletpaperhanger 1
(15): go to toilet 1

**Determine the appropriate action:**
- Identify relevant objects in the image related to the task.
- Evaluate each action's potential to successfully complete the task.

**Response:**
- Let's tink step-by-step.
- (i): [BEGIN][Selected Action][END]

Original VLM Response:
- (i): [BEGIN](15): go to toilet 1[END]

> Action: go to toilet 1
Running time: 2.887305498123169 seconds

Step:--------------------------------------------------------------------------2--------------------------------------------------------------------------
VLM Prompt:
<image>
Given an image depicting a complex scene with multiple elements, your objective is to analyze the scene of the image in relation to the specified task description and choose the appropriate action from a list of available actions to accomplish the task. There are two examples.

**Example 1:**
- Available Actions:(1): go to bed 1, (2): go to dresser 1, (3): go to drawer 1
- Response:[BEGIN](2): go to dresser 1[END]
**Example 1:**
- Available Actions:(1): go to garbagecan 1, (2): take handtowel 1 from handtowelholder 1, (3): take faucet 1 from handtowelholder 1, (4): take handtowel 2 from handtowelholder 1
- Response:[BEGIN](2): go to dresser 1[END]

**Task Description:**
The task at hand is "put a clean cloth in toilet". The agent must find an objectof the desired type, pick it up, go to a sink or a basin, clean the object with a sink or basin, then find the correct location to place it, and put it down there.

**Available Actions:**
(1): go to bathtub 1
(2): go to countertop 1
(3): go to drawer 1
(4): go to drawer 2
(5): go to drawer 3
(6): go to drawer 4
(7): go to drawer 5
(8): go to drawer 6
(9): go to drawer 7
(10): go to drawer 8
(11): go to sink 1
(12): go to garbagecan 1
(13): go to sinkbasin 1
(14): go to toiletpaperhanger 1
(15): take toiletpaper 1 from toilet 1
(16): take soapbar 1 from toilet 1
(17): take candle 1 from toilet 1
(18): take scrubbrush 1 from toilet 1
(19): take spraybottle 1 from toilet 1
(20): examine toilet 1

**Determine the appropriate action:**
- Identify relevant objects in the image related to the task.
- Evaluate each action's potential to successfully complete the task.

**Response:**
- Let's tink step-by-step.
- (i): [BEGIN][Selected Action][END]

Original VLM Response:
- (i): [BEGIN](16): take soapbar 1 from toilet 1[END]

> Action: take soapbar 1 from toilet 1
Running time: 2.650203227996826 seconds

Step:--------------------------------------------------------------------------3--------------------------------------------------------------------------
VLM Prompt:
<image>
Given an image depicting a complex scene with multiple elements, your objective is to analyze the scene of the image in relation to the specified task description and choose the appropriate action from a list of available actions to accomplish the task. There are two examples.

**Example 1:**
- Available Actions:(1): go to bed 1, (2): go to dresser 1, (3): go to drawer 1
- Response:[BEGIN](2): go to dresser 1[END]
**Example 1:**
- Available Actions:(1): go to garbagecan 1, (2): take handtowel 1 from handtowelholder 1, (3): take faucet 1 from handtowelholder 1, (4): take handtowel 2 from handtowelholder 1
- Response:[BEGIN](2): go to dresser 1[END]

**Task Description:**
The task at hand is "put a clean cloth in toilet". The agent must find an objectof the desired type, pick it up, go to a sink or a basin, clean the object with a sink or basin, then find the correct location to place it, and put it down there.

**Available Actions:**
(1): go to bathtub 1
(2): go to countertop 1
(3): go to drawer 1
(4): go to drawer 2
(5): go to drawer 3
(6): go to drawer 4
(7): go to drawer 5
(8): go to drawer 6
(9): go to drawer 7
(10): go to drawer 8
(11): go to sink 1
(12): go to garbagecan 1
(13): go to sinkbasin 1
(14): go to toiletpaperhanger 1
(15): put soapbar 1 in/on toilet 1
(16): examine soapbar 1
(17): examine toilet 1

**Determine the appropriate action:**
- Identify relevant objects in the image related to the task.
- Evaluate each action's potential to successfully complete the task.

**Response:**
- Let's tink step-by-step.
- (i): [BEGIN][Selected Action][END]

Original VLM Response:
- (i): [BEGIN](3): go to drawer 1[END]

> Action: go to drawer 1
Running time: 4.024503946304321 seconds

Step:--------------------------------------------------------------------------4--------------------------------------------------------------------------
VLM Prompt:
<image>
Given an image depicting a complex scene with multiple elements, your objective is to analyze the scene of the image in relation to the specified task description and choose the appropriate action from a list of available actions to accomplish the task. There are two examples.

**Example 1:**
- Available Actions:(1): go to bed 1, (2): go to dresser 1, (3): go to drawer 1
- Response:[BEGIN](2): go to dresser 1[END]
**Example 1:**
- Available Actions:(1): go to garbagecan 1, (2): take handtowel 1 from handtowelholder 1, (3): take faucet 1 from handtowelholder 1, (4): take handtowel 2 from handtowelholder 1
- Response:[BEGIN](2): go to dresser 1[END]

**Task Description:**
The task at hand is "put a clean cloth in toilet". The agent must find an objectof the desired type, pick it up, go to a sink or a basin, clean the object with a sink or basin, then find the correct location to place it, and put it down there.

**Available Actions:**
(1): go to bathtub 1
(2): go to countertop 1
(3): go to drawer 2
(4): go to drawer 3
(5): go to drawer 4
(6): go to drawer 5
(7): go to drawer 6
(8): go to drawer 7
(9): go to drawer 8
(10): go to sink 1
(11): go to garbagecan 1
(12): go to sinkbasin 1
(13): go to toiletpaperhanger 1
(14): go to toilet 1
(15): open drawer 1
(16): close drawer 1
(17): put soapbar 1 in/on drawer 1
(18): examine soapbar 1
(19): examine drawer 1

**Determine the appropriate action:**
- Identify relevant objects in the image related to the task.
- Evaluate each action's potential to successfully complete the task.

**Response:**
- Let's tink step-by-step.
- (i): [BEGIN][Selected Action][END]

Original VLM Response:
- (i): [BEGIN](2): go to countertop 1[END]

> Action: go to countertop 1
Running time: 2.6909525394439697 seconds

Step:--------------------------------------------------------------------------5--------------------------------------------------------------------------
VLM Prompt:
<image>
Given an image depicting a complex scene with multiple elements, your objective is to analyze the scene of the image in relation to the specified task description and choose the appropriate action from a list of available actions to accomplish the task. There are two examples.

**Example 1:**
- Available Actions:(1): go to bed 1, (2): go to dresser 1, (3): go to drawer 1
- Response:[BEGIN](2): go to dresser 1[END]
**Example 1:**
- Available Actions:(1): go to garbagecan 1, (2): take handtowel 1 from handtowelholder 1, (3): take faucet 1 from handtowelholder 1, (4): take handtowel 2 from handtowelholder 1
- Response:[BEGIN](2): go to dresser 1[END]

**Task Description:**
The task at hand is "put a clean cloth in toilet". The agent must find an objectof the desired type, pick it up, go to a sink or a basin, clean the object with a sink or basin, then find the correct location to place it, and put it down there.

**Available Actions:**
(1): go to bathtub 1
(2): go to drawer 1
(3): go to drawer 2
(4): go to drawer 3
(5): go to drawer 4
(6): go to drawer 5
(7): go to drawer 6
(8): go to drawer 7
(9): go to drawer 8
(10): go to sink 1
(11): go to garbagecan 1
(12): go to sinkbasin 1
(13): go to toiletpaperhanger 1
(14): go to toilet 1
(15): put soapbar 1 in/on countertop 1
(16): examine soapbar 1
(17): examine countertop 1

**Determine the appropriate action:**
- Identify relevant objects in the image related to the task.
- Evaluate each action's potential to successfully complete the task.

**Response:**
- Let's tink step-by-step.
- (i): [BEGIN][Selected Action][END]

Original VLM Response:
- (i): [BEGIN](2): go to drawer 1[END]

> Action: go to drawer 1
Running time: 2.586294174194336 seconds

Step:--------------------------------------------------------------------------6--------------------------------------------------------------------------
VLM Prompt:
<image>
Given an image depicting a complex scene with multiple elements, your objective is to analyze the scene of the image in relation to the specified task description and choose the appropriate action from a list of available actions to accomplish the task. There are two examples.

**Example 1:**
- Available Actions:(1): go to bed 1, (2): go to dresser 1, (3): go to drawer 1
- Response:[BEGIN](2): go to dresser 1[END]
**Example 1:**
- Available Actions:(1): go to garbagecan 1, (2): take handtowel 1 from handtowelholder 1, (3): take faucet 1 from handtowelholder 1, (4): take handtowel 2 from handtowelholder 1
- Response:[BEGIN](2): go to dresser 1[END]

**Task Description:**
The task at hand is "put a clean cloth in toilet". The agent must find an objectof the desired type, pick it up, go to a sink or a basin, clean the object with a sink or basin, then find the correct location to place it, and put it down there.

**Available Actions:**
(1): go to bathtub 1
(2): go to countertop 1
(3): go to drawer 2
(4): go to drawer 3
(5): go to drawer 4
(6): go to drawer 5
(7): go to drawer 6
(8): go to drawer 7
(9): go to drawer 8
(10): go to sink 1
(11): go to garbagecan 1
(12): go to sinkbasin 1
(13): go to toiletpaperhanger 1
(14): go to toilet 1
(15): open drawer 1
(16): close drawer 1
(17): put soapbar 1 in/on drawer 1
(18): examine soapbar 1
(19): examine drawer 1

**Determine the appropriate action:**
- Identify relevant objects in the image related to the task.
- Evaluate each action's potential to successfully complete the task.

**Response:**
- Let's tink step-by-step.
- (i): [BEGIN][Selected Action][END]

Original VLM Response:
- (i): [BEGIN](2): go to countertop 1[END]

> Action: go to countertop 1
Running time: 3.582530975341797 seconds

Step:--------------------------------------------------------------------------7--------------------------------------------------------------------------
VLM Prompt:
<image>
Given an image depicting a complex scene with multiple elements, your objective is to analyze the scene of the image in relation to the specified task description and choose the appropriate action from a list of available actions to accomplish the task. There are two examples.

**Example 1:**
- Available Actions:(1): go to bed 1, (2): go to dresser 1, (3): go to drawer 1
- Response:[BEGIN](2): go to dresser 1[END]
**Example 1:**
- Available Actions:(1): go to garbagecan 1, (2): take handtowel 1 from handtowelholder 1, (3): take faucet 1 from handtowelholder 1, (4): take handtowel 2 from handtowelholder 1
- Response:[BEGIN](2): go to dresser 1[END]

**Task Description:**
The task at hand is "put a clean cloth in toilet". The agent must find an objectof the desired type, pick it up, go to a sink or a basin, clean the object with a sink or basin, then find the correct location to place it, and put it down there.

**Available Actions:**
(1): go to bathtub 1
(2): go to drawer 1
(3): go to drawer 2
(4): go to drawer 3
(5): go to drawer 4
(6): go to drawer 5
(7): go to drawer 6
(8): go to drawer 7
(9): go to drawer 8
(10): go to sink 1
(11): go to garbagecan 1
(12): go to sinkbasin 1
(13): go to toiletpaperhanger 1
(14): go to toilet 1
(15): put soapbar 1 in/on countertop 1
(16): examine soapbar 1
(17): examine countertop 1

**Determine the appropriate action:**
- Identify relevant objects in the image related to the task.
- Evaluate each action's potential to successfully complete the task.

**Response:**
- Let's tink step-by-step.
- (i): [BEGIN][Selected Action][END]

Original VLM Response:
- (i): [BEGIN](2): go to drawer 1[END]

> Action: go to drawer 1
Running time: 3.4596686363220215 seconds

Step:--------------------------------------------------------------------------8--------------------------------------------------------------------------
VLM Prompt:
<image>
Given an image depicting a complex scene with multiple elements, your objective is to analyze the scene of the image in relation to the specified task description and choose the appropriate action from a list of available actions to accomplish the task. There are two examples.

**Example 1:**
- Available Actions:(1): go to bed 1, (2): go to dresser 1, (3): go to drawer 1
- Response:[BEGIN](2): go to dresser 1[END]
**Example 1:**
- Available Actions:(1): go to garbagecan 1, (2): take handtowel 1 from handtowelholder 1, (3): take faucet 1 from handtowelholder 1, (4): take handtowel 2 from handtowelholder 1
- Response:[BEGIN](2): go to dresser 1[END]

**Task Description:**
The task at hand is "put a clean cloth in toilet". The agent must find an objectof the desired type, pick it up, go to a sink or a basin, clean the object with a sink or basin, then find the correct location to place it, and put it down there.

**Available Actions:**
(1): go to bathtub 1
(2): go to countertop 1
(3): go to drawer 2
(4): go to drawer 3
(5): go to drawer 4
(6): go to drawer 5
(7): go to drawer 6
(8): go to drawer 7
(9): go to drawer 8
(10): go to sink 1
(11): go to garbagecan 1
(12): go to sinkbasin 1
(13): go to toiletpaperhanger 1
(14): go to toilet 1
(15): open drawer 1
(16): close drawer 1
(17): put soapbar 1 in/on drawer 1
(18): examine soapbar 1
(19): examine drawer 1

**Determine the appropriate action:**
- Identify relevant objects in the image related to the task.
- Evaluate each action's potential to successfully complete the task.

**Response:**
- Let's tink step-by-step.
- (i): [BEGIN][Selected Action][END]

Original VLM Response:
- (i): [BEGIN](3): go to drawer 2[END]

> Action: go to drawer 2
Running time: 3.6090164184570312 seconds

Step:--------------------------------------------------------------------------9--------------------------------------------------------------------------
VLM Prompt:
<image>
Given an image depicting a complex scene with multiple elements, your objective is to analyze the scene of the image in relation to the specified task description and choose the appropriate action from a list of available actions to accomplish the task. There are two examples.

**Example 1:**
- Available Actions:(1): go to bed 1, (2): go to dresser 1, (3): go to drawer 1
- Response:[BEGIN](2): go to dresser 1[END]
**Example 1:**
- Available Actions:(1): go to garbagecan 1, (2): take handtowel 1 from handtowelholder 1, (3): take faucet 1 from handtowelholder 1, (4): take handtowel 2 from handtowelholder 1
- Response:[BEGIN](2): go to dresser 1[END]

**Task Description:**
The task at hand is "put a clean cloth in toilet". The agent must find an objectof the desired type, pick it up, go to a sink or a basin, clean the object with a sink or basin, then find the correct location to place it, and put it down there.

**Available Actions:**
(1): go to bathtub 1
(2): go to countertop 1
(3): go to drawer 1
(4): go to drawer 3
(5): go to drawer 4
(6): go to drawer 5
(7): go to drawer 6
(8): go to drawer 7
(9): go to drawer 8
(10): go to sink 1
(11): go to garbagecan 1
(12): go to sinkbasin 1
(13): go to toiletpaperhanger 1
(14): go to toilet 1
(15): open drawer 2
(16): close drawer 2
(17): put soapbar 1 in/on drawer 2
(18): examine soapbar 1
(19): examine drawer 2

**Determine the appropriate action:**
- Identify relevant objects in the image related to the task.
- Evaluate each action's potential to successfully complete the task.

**Response:**
- Let's tink step-by-step.
- (i): [BEGIN][Selected Action][END]

Original VLM Response:
- (i): [BEGIN](2): go to countertop 1[END]

> Action: go to countertop 1
Running time: 2.677520990371704 seconds

Step:--------------------------------------------------------------------------10--------------------------------------------------------------------------
VLM Prompt:
<image>
Given an image depicting a complex scene with multiple elements, your objective is to analyze the scene of the image in relation to the specified task description and choose the appropriate action from a list of available actions to accomplish the task. There are two examples.

**Example 1:**
- Available Actions:(1): go to bed 1, (2): go to dresser 1, (3): go to drawer 1
- Response:[BEGIN](2): go to dresser 1[END]
**Example 1:**
- Available Actions:(1): go to garbagecan 1, (2): take handtowel 1 from handtowelholder 1, (3): take faucet 1 from handtowelholder 1, (4): take handtowel 2 from handtowelholder 1
- Response:[BEGIN](2): go to dresser 1[END]

**Task Description:**
The task at hand is "put a clean cloth in toilet". The agent must find an objectof the desired type, pick it up, go to a sink or a basin, clean the object with a sink or basin, then find the correct location to place it, and put it down there.

**Available Actions:**
(1): go to bathtub 1
(2): go to drawer 1
(3): go to drawer 2
(4): go to drawer 3
(5): go to drawer 4
(6): go to drawer 5
(7): go to drawer 6
(8): go to drawer 7
(9): go to drawer 8
(10): go to sink 1
(11): go to garbagecan 1
(12): go to sinkbasin 1
(13): go to toiletpaperhanger 1
(14): go to toilet 1
(15): put soapbar 1 in/on countertop 1
(16): examine soapbar 1
(17): examine countertop 1

**Determine the appropriate action:**
- Identify relevant objects in the image related to the task.
- Evaluate each action's potential to successfully complete the task.

**Response:**
- Let's tink step-by-step.
- (i): [BEGIN][Selected Action][END]

Original VLM Response:
- (i): [BEGIN](2): go to drawer 1[END]

> Action: go to drawer 1
Running time: 2.4480865001678467 seconds

Step:--------------------------------------------------------------------------11--------------------------------------------------------------------------
VLM Prompt:
<image>
Given an image depicting a complex scene with multiple elements, your objective is to analyze the scene of the image in relation to the specified task description and choose the appropriate action from a list of available actions to accomplish the task. There are two examples.

**Example 1:**
- Available Actions:(1): go to bed 1, (2): go to dresser 1, (3): go to drawer 1
- Response:[BEGIN](2): go to dresser 1[END]
**Example 1:**
- Available Actions:(1): go to garbagecan 1, (2): take handtowel 1 from handtowelholder 1, (3): take faucet 1 from handtowelholder 1, (4): take handtowel 2 from handtowelholder 1
- Response:[BEGIN](2): go to dresser 1[END]

**Task Description:**
The task at hand is "put a clean cloth in toilet". The agent must find an objectof the desired type, pick it up, go to a sink or a basin, clean the object with a sink or basin, then find the correct location to place it, and put it down there.

**Available Actions:**
(1): go to bathtub 1
(2): go to countertop 1
(3): go to drawer 2
(4): go to drawer 3
(5): go to drawer 4
(6): go to drawer 5
(7): go to drawer 6
(8): go to drawer 7
(9): go to drawer 8
(10): go to sink 1
(11): go to garbagecan 1
(12): go to sinkbasin 1
(13): go to toiletpaperhanger 1
(14): go to toilet 1
(15): open drawer 1
(16): close drawer 1
(17): put soapbar 1 in/on drawer 1
(18): examine soapbar 1
(19): examine drawer 1

**Determine the appropriate action:**
- Identify relevant objects in the image related to the task.
- Evaluate each action's potential to successfully complete the task.

**Response:**
- Let's tink step-by-step.
- (i): [BEGIN][Selected Action][END]

Original VLM Response:
- (i): [BEGIN](2): go to countertop 1[END]

> Action: go to countertop 1
Running time: 2.78104567527771 seconds

Step:--------------------------------------------------------------------------12--------------------------------------------------------------------------
VLM Prompt:
<image>
Given an image depicting a complex scene with multiple elements, your objective is to analyze the scene of the image in relation to the specified task description and choose the appropriate action from a list of available actions to accomplish the task. There are two examples.

**Example 1:**
- Available Actions:(1): go to bed 1, (2): go to dresser 1, (3): go to drawer 1
- Response:[BEGIN](2): go to dresser 1[END]
**Example 1:**
- Available Actions:(1): go to garbagecan 1, (2): take handtowel 1 from handtowelholder 1, (3): take faucet 1 from handtowelholder 1, (4): take handtowel 2 from handtowelholder 1
- Response:[BEGIN](2): go to dresser 1[END]

**Task Description:**
The task at hand is "put a clean cloth in toilet". The agent must find an objectof the desired type, pick it up, go to a sink or a basin, clean the object with a sink or basin, then find the correct location to place it, and put it down there.

**Available Actions:**
(1): go to bathtub 1
(2): go to drawer 1
(3): go to drawer 2
(4): go to drawer 3
(5): go to drawer 4
(6): go to drawer 5
(7): go to drawer 6
(8): go to drawer 7
(9): go to drawer 8
(10): go to sink 1
(11): go to garbagecan 1
(12): go to sinkbasin 1
(13): go to toiletpaperhanger 1
(14): go to toilet 1
(15): put soapbar 1 in/on countertop 1
(16): examine soapbar 1
(17): examine countertop 1

**Determine the appropriate action:**
- Identify relevant objects in the image related to the task.
- Evaluate each action's potential to successfully complete the task.

**Response:**
- Let's tink step-by-step.
- (i): [BEGIN][Selected Action][END]

Original VLM Response:
- (i): [BEGIN](2): go to drawer 1[END]

> Action: go to drawer 1
Running time: 2.427022933959961 seconds

Step:--------------------------------------------------------------------------13--------------------------------------------------------------------------
VLM Prompt:
<image>
Given an image depicting a complex scene with multiple elements, your objective is to analyze the scene of the image in relation to the specified task description and choose the appropriate action from a list of available actions to accomplish the task. There are two examples.

**Example 1:**
- Available Actions:(1): go to bed 1, (2): go to dresser 1, (3): go to drawer 1
- Response:[BEGIN](2): go to dresser 1[END]
**Example 1:**
- Available Actions:(1): go to garbagecan 1, (2): take handtowel 1 from handtowelholder 1, (3): take faucet 1 from handtowelholder 1, (4): take handtowel 2 from handtowelholder 1
- Response:[BEGIN](2): go to dresser 1[END]

**Task Description:**
The task at hand is "put a clean cloth in toilet". The agent must find an objectof the desired type, pick it up, go to a sink or a basin, clean the object with a sink or basin, then find the correct location to place it, and put it down there.

**Available Actions:**
(1): go to bathtub 1
(2): go to countertop 1
(3): go to drawer 2
(4): go to drawer 3
(5): go to drawer 4
(6): go to drawer 5
(7): go to drawer 6
(8): go to drawer 7
(9): go to drawer 8
(10): go to sink 1
(11): go to garbagecan 1
(12): go to sinkbasin 1
(13): go to toiletpaperhanger 1
(14): go to toilet 1
(15): open drawer 1
(16): close drawer 1
(17): put soapbar 1 in/on drawer 1
(18): examine soapbar 1
(19): examine drawer 1

**Determine the appropriate action:**
- Identify relevant objects in the image related to the task.
- Evaluate each action's potential to successfully complete the task.

**Response:**
- Let's tink step-by-step.
- (i): [BEGIN][Selected Action][END]

Original VLM Response:
- (i): [BEGIN](2): go to countertop 1[END]

> Action: go to countertop 1
Running time: 3.4332315921783447 seconds

Step:--------------------------------------------------------------------------14--------------------------------------------------------------------------
VLM Prompt:
<image>
Given an image depicting a complex scene with multiple elements, your objective is to analyze the scene of the image in relation to the specified task description and choose the appropriate action from a list of available actions to accomplish the task. There are two examples.

**Example 1:**
- Available Actions:(1): go to bed 1, (2): go to dresser 1, (3): go to drawer 1
- Response:[BEGIN](2): go to dresser 1[END]
**Example 1:**
- Available Actions:(1): go to garbagecan 1, (2): take handtowel 1 from handtowelholder 1, (3): take faucet 1 from handtowelholder 1, (4): take handtowel 2 from handtowelholder 1
- Response:[BEGIN](2): go to dresser 1[END]

**Task Description:**
The task at hand is "put a clean cloth in toilet". The agent must find an objectof the desired type, pick it up, go to a sink or a basin, clean the object with a sink or basin, then find the correct location to place it, and put it down there.

**Available Actions:**
(1): go to bathtub 1
(2): go to drawer 1
(3): go to drawer 2
(4): go to drawer 3
(5): go to drawer 4
(6): go to drawer 5
(7): go to drawer 6
(8): go to drawer 7
(9): go to drawer 8
(10): go to sink 1
(11): go to garbagecan 1
(12): go to sinkbasin 1
(13): go to toiletpaperhanger 1
(14): go to toilet 1
(15): put soapbar 1 in/on countertop 1
(16): examine soapbar 1
(17): examine countertop 1

**Determine the appropriate action:**
- Identify relevant objects in the image related to the task.
- Evaluate each action's potential to successfully complete the task.

**Response:**
- Let's tink step-by-step.
- (i): [BEGIN][Selected Action][END]

Original VLM Response:
- (i): [BEGIN](2): go to drawer 1[END]

> Action: go to drawer 1
Running time: 3.5378551483154297 seconds

Step:--------------------------------------------------------------------------15--------------------------------------------------------------------------
VLM Prompt:
<image>
Given an image depicting a complex scene with multiple elements, your objective is to analyze the scene of the image in relation to the specified task description and choose the appropriate action from a list of available actions to accomplish the task. There are two examples.

**Example 1:**
- Available Actions:(1): go to bed 1, (2): go to dresser 1, (3): go to drawer 1
- Response:[BEGIN](2): go to dresser 1[END]
**Example 1:**
- Available Actions:(1): go to garbagecan 1, (2): take handtowel 1 from handtowelholder 1, (3): take faucet 1 from handtowelholder 1, (4): take handtowel 2 from handtowelholder 1
- Response:[BEGIN](2): go to dresser 1[END]

**Task Description:**
The task at hand is "put a clean cloth in toilet". The agent must find an objectof the desired type, pick it up, go to a sink or a basin, clean the object with a sink or basin, then find the correct location to place it, and put it down there.

**Available Actions:**
(1): go to bathtub 1
(2): go to countertop 1
(3): go to drawer 2
(4): go to drawer 3
(5): go to drawer 4
(6): go to drawer 5
(7): go to drawer 6
(8): go to drawer 7
(9): go to drawer 8
(10): go to sink 1
(11): go to garbagecan 1
(12): go to sinkbasin 1
(13): go to toiletpaperhanger 1
(14): go to toilet 1
(15): open drawer 1
(16): close drawer 1
(17): put soapbar 1 in/on drawer 1
(18): examine soapbar 1
(19): examine drawer 1

**Determine the appropriate action:**
- Identify relevant objects in the image related to the task.
- Evaluate each action's potential to successfully complete the task.

**Response:**
- Let's tink step-by-step.
- (i): [BEGIN][Selected Action][END]

Original VLM Response:
- (i): [BEGIN](3): go to drawer 2[END]

> Action: go to drawer 2
Running time: 3.6229641437530518 seconds

Step:--------------------------------------------------------------------------16--------------------------------------------------------------------------
VLM Prompt:
<image>
Given an image depicting a complex scene with multiple elements, your objective is to analyze the scene of the image in relation to the specified task description and choose the appropriate action from a list of available actions to accomplish the task. There are two examples.

**Example 1:**
- Available Actions:(1): go to bed 1, (2): go to dresser 1, (3): go to drawer 1
- Response:[BEGIN](2): go to dresser 1[END]
**Example 1:**
- Available Actions:(1): go to garbagecan 1, (2): take handtowel 1 from handtowelholder 1, (3): take faucet 1 from handtowelholder 1, (4): take handtowel 2 from handtowelholder 1
- Response:[BEGIN](2): go to dresser 1[END]

**Task Description:**
The task at hand is "put a clean cloth in toilet". The agent must find an objectof the desired type, pick it up, go to a sink or a basin, clean the object with a sink or basin, then find the correct location to place it, and put it down there.

**Available Actions:**
(1): go to bathtub 1
(2): go to countertop 1
(3): go to drawer 1
(4): go to drawer 3
(5): go to drawer 4
(6): go to drawer 5
(7): go to drawer 6
(8): go to drawer 7
(9): go to drawer 8
(10): go to sink 1
(11): go to garbagecan 1
(12): go to sinkbasin 1
(13): go to toiletpaperhanger 1
(14): go to toilet 1
(15): open drawer 2
(16): close drawer 2
(17): put soapbar 1 in/on drawer 2
(18): examine soapbar 1
(19): examine drawer 2

**Determine the appropriate action:**
- Identify relevant objects in the image related to the task.
- Evaluate each action's potential to successfully complete the task.

**Response:**
- Let's tink step-by-step.
- (i): [BEGIN][Selected Action][END]

Original VLM Response:
- (i): [BEGIN](2): go to countertop 1[END]

> Action: go to countertop 1
Running time: 5.134689092636108 seconds

Step:--------------------------------------------------------------------------17--------------------------------------------------------------------------
VLM Prompt:
<image>
Given an image depicting a complex scene with multiple elements, your objective is to analyze the scene of the image in relation to the specified task description and choose the appropriate action from a list of available actions to accomplish the task. There are two examples.

**Example 1:**
- Available Actions:(1): go to bed 1, (2): go to dresser 1, (3): go to drawer 1
- Response:[BEGIN](2): go to dresser 1[END]
**Example 1:**
- Available Actions:(1): go to garbagecan 1, (2): take handtowel 1 from handtowelholder 1, (3): take faucet 1 from handtowelholder 1, (4): take handtowel 2 from handtowelholder 1
- Response:[BEGIN](2): go to dresser 1[END]

**Task Description:**
The task at hand is "put a clean cloth in toilet". The agent must find an objectof the desired type, pick it up, go to a sink or a basin, clean the object with a sink or basin, then find the correct location to place it, and put it down there.

**Available Actions:**
(1): go to bathtub 1
(2): go to drawer 1
(3): go to drawer 2
(4): go to drawer 3
(5): go to drawer 4
(6): go to drawer 5
(7): go to drawer 6
(8): go to drawer 7
(9): go to drawer 8
(10): go to sink 1
(11): go to garbagecan 1
(12): go to sinkbasin 1
(13): go to toiletpaperhanger 1
(14): go to toilet 1
(15): put soapbar 1 in/on countertop 1
(16): examine soapbar 1
(17): examine countertop 1

**Determine the appropriate action:**
- Identify relevant objects in the image related to the task.
- Evaluate each action's potential to successfully complete the task.

**Response:**
- Let's tink step-by-step.
- (i): [BEGIN][Selected Action][END]

Original VLM Response:
- (i): [BEGIN](2): go to drawer 1[END]

> Action: go to drawer 1
Running time: 2.4185025691986084 seconds

Step:--------------------------------------------------------------------------18--------------------------------------------------------------------------
VLM Prompt:
<image>
Given an image depicting a complex scene with multiple elements, your objective is to analyze the scene of the image in relation to the specified task description and choose the appropriate action from a list of available actions to accomplish the task. There are two examples.

**Example 1:**
- Available Actions:(1): go to bed 1, (2): go to dresser 1, (3): go to drawer 1
- Response:[BEGIN](2): go to dresser 1[END]
**Example 1:**
- Available Actions:(1): go to garbagecan 1, (2): take handtowel 1 from handtowelholder 1, (3): take faucet 1 from handtowelholder 1, (4): take handtowel 2 from handtowelholder 1
- Response:[BEGIN](2): go to dresser 1[END]

**Task Description:**
The task at hand is "put a clean cloth in toilet". The agent must find an objectof the desired type, pick it up, go to a sink or a basin, clean the object with a sink or basin, then find the correct location to place it, and put it down there.

**Available Actions:**
(1): go to bathtub 1
(2): go to countertop 1
(3): go to drawer 2
(4): go to drawer 3
(5): go to drawer 4
(6): go to drawer 5
(7): go to drawer 6
(8): go to drawer 7
(9): go to drawer 8
(10): go to sink 1
(11): go to garbagecan 1
(12): go to sinkbasin 1
(13): go to toiletpaperhanger 1
(14): go to toilet 1
(15): open drawer 1
(16): close drawer 1
(17): put soapbar 1 in/on drawer 1
(18): examine soapbar 1
(19): examine drawer 1

**Determine the appropriate action:**
- Identify relevant objects in the image related to the task.
- Evaluate each action's potential to successfully complete the task.

**Response:**
- Let's tink step-by-step.
- (i): [BEGIN][Selected Action][END]

Original VLM Response:
- (i): [BEGIN](2): go to countertop 1[END]

> Action: go to countertop 1
Running time: 3.689471960067749 seconds

Step:--------------------------------------------------------------------------19--------------------------------------------------------------------------
VLM Prompt:
<image>
Given an image depicting a complex scene with multiple elements, your objective is to analyze the scene of the image in relation to the specified task description and choose the appropriate action from a list of available actions to accomplish the task. There are two examples.

**Example 1:**
- Available Actions:(1): go to bed 1, (2): go to dresser 1, (3): go to drawer 1
- Response:[BEGIN](2): go to dresser 1[END]
**Example 1:**
- Available Actions:(1): go to garbagecan 1, (2): take handtowel 1 from handtowelholder 1, (3): take faucet 1 from handtowelholder 1, (4): take handtowel 2 from handtowelholder 1
- Response:[BEGIN](2): go to dresser 1[END]

**Task Description:**
The task at hand is "put a clean cloth in toilet". The agent must find an objectof the desired type, pick it up, go to a sink or a basin, clean the object with a sink or basin, then find the correct location to place it, and put it down there.

**Available Actions:**
(1): go to bathtub 1
(2): go to drawer 1
(3): go to drawer 2
(4): go to drawer 3
(5): go to drawer 4
(6): go to drawer 5
(7): go to drawer 6
(8): go to drawer 7
(9): go to drawer 8
(10): go to sink 1
(11): go to garbagecan 1
(12): go to sinkbasin 1
(13): go to toiletpaperhanger 1
(14): go to toilet 1
(15): put soapbar 1 in/on countertop 1
(16): examine soapbar 1
(17): examine countertop 1

**Determine the appropriate action:**
- Identify relevant objects in the image related to the task.
- Evaluate each action's potential to successfully complete the task.

**Response:**
- Let's tink step-by-step.
- (i): [BEGIN][Selected Action][END]

Original VLM Response:
- (i): [BEGIN](2): go to drawer 1[END]

> Action: go to drawer 1
Running time: 4.0918357372283936 seconds

Step:--------------------------------------------------------------------------20--------------------------------------------------------------------------
VLM Prompt:
<image>
Given an image depicting a complex scene with multiple elements, your objective is to analyze the scene of the image in relation to the specified task description and choose the appropriate action from a list of available actions to accomplish the task. There are two examples.

**Example 1:**
- Available Actions:(1): go to bed 1, (2): go to dresser 1, (3): go to drawer 1
- Response:[BEGIN](2): go to dresser 1[END]
**Example 1:**
- Available Actions:(1): go to garbagecan 1, (2): take handtowel 1 from handtowelholder 1, (3): take faucet 1 from handtowelholder 1, (4): take handtowel 2 from handtowelholder 1
- Response:[BEGIN](2): go to dresser 1[END]

**Task Description:**
The task at hand is "put a clean cloth in toilet". The agent must find an objectof the desired type, pick it up, go to a sink or a basin, clean the object with a sink or basin, then find the correct location to place it, and put it down there.

**Available Actions:**
(1): go to bathtub 1
(2): go to countertop 1
(3): go to drawer 2
(4): go to drawer 3
(5): go to drawer 4
(6): go to drawer 5
(7): go to drawer 6
(8): go to drawer 7
(9): go to drawer 8
(10): go to sink 1
(11): go to garbagecan 1
(12): go to sinkbasin 1
(13): go to toiletpaperhanger 1
(14): go to toilet 1
(15): open drawer 1
(16): close drawer 1
(17): put soapbar 1 in/on drawer 1
(18): examine soapbar 1
(19): examine drawer 1

**Determine the appropriate action:**
- Identify relevant objects in the image related to the task.
- Evaluate each action's potential to successfully complete the task.

**Response:**
- Let's tink step-by-step.
- (i): [BEGIN][Selected Action][END]

Original VLM Response:
- (i): [BEGIN](2): go to countertop 1[END]

> Action: go to countertop 1
Running time: 2.4881036281585693 seconds

Step:--------------------------------------------------------------------------21--------------------------------------------------------------------------
VLM Prompt:
<image>
Given an image depicting a complex scene with multiple elements, your objective is to analyze the scene of the image in relation to the specified task description and choose the appropriate action from a list of available actions to accomplish the task. There are two examples.

**Example 1:**
- Available Actions:(1): go to bed 1, (2): go to dresser 1, (3): go to drawer 1
- Response:[BEGIN](2): go to dresser 1[END]
**Example 1:**
- Available Actions:(1): go to garbagecan 1, (2): take handtowel 1 from handtowelholder 1, (3): take faucet 1 from handtowelholder 1, (4): take handtowel 2 from handtowelholder 1
- Response:[BEGIN](2): go to dresser 1[END]

**Task Description:**
The task at hand is "put a clean cloth in toilet". The agent must find an objectof the desired type, pick it up, go to a sink or a basin, clean the object with a sink or basin, then find the correct location to place it, and put it down there.

**Available Actions:**
(1): go to bathtub 1
(2): go to drawer 1
(3): go to drawer 2
(4): go to drawer 3
(5): go to drawer 4
(6): go to drawer 5
(7): go to drawer 6
(8): go to drawer 7
(9): go to drawer 8
(10): go to sink 1
(11): go to garbagecan 1
(12): go to sinkbasin 1
(13): go to toiletpaperhanger 1
(14): go to toilet 1
(15): put soapbar 1 in/on countertop 1
(16): examine soapbar 1
(17): examine countertop 1

**Determine the appropriate action:**
- Identify relevant objects in the image related to the task.
- Evaluate each action's potential to successfully complete the task.

**Response:**
- Let's tink step-by-step.
- (i): [BEGIN][Selected Action][END]

Original VLM Response:
- (i): [BEGIN](2): go to drawer 1[END]

> Action: go to drawer 1
Running time: 2.069614887237549 seconds

Step:--------------------------------------------------------------------------22--------------------------------------------------------------------------
VLM Prompt:
<image>
Given an image depicting a complex scene with multiple elements, your objective is to analyze the scene of the image in relation to the specified task description and choose the appropriate action from a list of available actions to accomplish the task. There are two examples.

**Example 1:**
- Available Actions:(1): go to bed 1, (2): go to dresser 1, (3): go to drawer 1
- Response:[BEGIN](2): go to dresser 1[END]
**Example 1:**
- Available Actions:(1): go to garbagecan 1, (2): take handtowel 1 from handtowelholder 1, (3): take faucet 1 from handtowelholder 1, (4): take handtowel 2 from handtowelholder 1
- Response:[BEGIN](2): go to dresser 1[END]

**Task Description:**
The task at hand is "put a clean cloth in toilet". The agent must find an objectof the desired type, pick it up, go to a sink or a basin, clean the object with a sink or basin, then find the correct location to place it, and put it down there.

**Available Actions:**
(1): go to bathtub 1
(2): go to countertop 1
(3): go to drawer 2
(4): go to drawer 3
(5): go to drawer 4
(6): go to drawer 5
(7): go to drawer 6
(8): go to drawer 7
(9): go to drawer 8
(10): go to sink 1
(11): go to garbagecan 1
(12): go to sinkbasin 1
(13): go to toiletpaperhanger 1
(14): go to toilet 1
(15): open drawer 1
(16): close drawer 1
(17): put soapbar 1 in/on drawer 1
(18): examine soapbar 1
(19): examine drawer 1

**Determine the appropriate action:**
- Identify relevant objects in the image related to the task.
- Evaluate each action's potential to successfully complete the task.

**Response:**
- Let's tink step-by-step.
- (i): [BEGIN][Selected Action][END]

Original VLM Response:
- (i): [BEGIN](2): go to countertop 1[END]

> Action: go to countertop 1
Running time: 2.3106801509857178 seconds

Step:--------------------------------------------------------------------------23--------------------------------------------------------------------------
VLM Prompt:
<image>
Given an image depicting a complex scene with multiple elements, your objective is to analyze the scene of the image in relation to the specified task description and choose the appropriate action from a list of available actions to accomplish the task. There are two examples.

**Example 1:**
- Available Actions:(1): go to bed 1, (2): go to dresser 1, (3): go to drawer 1
- Response:[BEGIN](2): go to dresser 1[END]
**Example 1:**
- Available Actions:(1): go to garbagecan 1, (2): take handtowel 1 from handtowelholder 1, (3): take faucet 1 from handtowelholder 1, (4): take handtowel 2 from handtowelholder 1
- Response:[BEGIN](2): go to dresser 1[END]

**Task Description:**
The task at hand is "put a clean cloth in toilet". The agent must find an objectof the desired type, pick it up, go to a sink or a basin, clean the object with a sink or basin, then find the correct location to place it, and put it down there.

**Available Actions:**
(1): go to bathtub 1
(2): go to drawer 1
(3): go to drawer 2
(4): go to drawer 3
(5): go to drawer 4
(6): go to drawer 5
(7): go to drawer 6
(8): go to drawer 7
(9): go to drawer 8
(10): go to sink 1
(11): go to garbagecan 1
(12): go to sinkbasin 1
(13): go to toiletpaperhanger 1
(14): go to toilet 1
(15): put soapbar 1 in/on countertop 1
(16): examine soapbar 1
(17): examine countertop 1

**Determine the appropriate action:**
- Identify relevant objects in the image related to the task.
- Evaluate each action's potential to successfully complete the task.

**Response:**
- Let's tink step-by-step.
- (i): [BEGIN][Selected Action][END]

Original VLM Response:
- (i): [BEGIN](2): go to drawer 1[END]

> Action: go to drawer 1
Running time: 3.3578996658325195 seconds

Step:--------------------------------------------------------------------------24--------------------------------------------------------------------------
VLM Prompt:
<image>
Given an image depicting a complex scene with multiple elements, your objective is to analyze the scene of the image in relation to the specified task description and choose the appropriate action from a list of available actions to accomplish the task. There are two examples.

**Example 1:**
- Available Actions:(1): go to bed 1, (2): go to dresser 1, (3): go to drawer 1
- Response:[BEGIN](2): go to dresser 1[END]
**Example 1:**
- Available Actions:(1): go to garbagecan 1, (2): take handtowel 1 from handtowelholder 1, (3): take faucet 1 from handtowelholder 1, (4): take handtowel 2 from handtowelholder 1
- Response:[BEGIN](2): go to dresser 1[END]

**Task Description:**
The task at hand is "put a clean cloth in toilet". The agent must find an objectof the desired type, pick it up, go to a sink or a basin, clean the object with a sink or basin, then find the correct location to place it, and put it down there.

**Available Actions:**
(1): go to bathtub 1
(2): go to countertop 1
(3): go to drawer 2
(4): go to drawer 3
(5): go to drawer 4
(6): go to drawer 5
(7): go to drawer 6
(8): go to drawer 7
(9): go to drawer 8
(10): go to sink 1
(11): go to garbagecan 1
(12): go to sinkbasin 1
(13): go to toiletpaperhanger 1
(14): go to toilet 1
(15): open drawer 1
(16): close drawer 1
(17): put soapbar 1 in/on drawer 1
(18): examine soapbar 1
(19): examine drawer 1

**Determine the appropriate action:**
- Identify relevant objects in the image related to the task.
- Evaluate each action's potential to successfully complete the task.

**Response:**
- Let's tink step-by-step.
- (i): [BEGIN][Selected Action][END]

Original VLM Response:
- (i): [BEGIN](2): go to countertop 1[END]

> Action: go to countertop 1
Running time: 2.1819698810577393 seconds

Step:--------------------------------------------------------------------------25--------------------------------------------------------------------------
VLM Prompt:
<image>
Given an image depicting a complex scene with multiple elements, your objective is to analyze the scene of the image in relation to the specified task description and choose the appropriate action from a list of available actions to accomplish the task. There are two examples.

**Example 1:**
- Available Actions:(1): go to bed 1, (2): go to dresser 1, (3): go to drawer 1
- Response:[BEGIN](2): go to dresser 1[END]
**Example 1:**
- Available Actions:(1): go to garbagecan 1, (2): take handtowel 1 from handtowelholder 1, (3): take faucet 1 from handtowelholder 1, (4): take handtowel 2 from handtowelholder 1
- Response:[BEGIN](2): go to dresser 1[END]

**Task Description:**
The task at hand is "put a clean cloth in toilet". The agent must find an objectof the desired type, pick it up, go to a sink or a basin, clean the object with a sink or basin, then find the correct location to place it, and put it down there.

**Available Actions:**
(1): go to bathtub 1
(2): go to drawer 1
(3): go to drawer 2
(4): go to drawer 3
(5): go to drawer 4
(6): go to drawer 5
(7): go to drawer 6
(8): go to drawer 7
(9): go to drawer 8
(10): go to sink 1
(11): go to garbagecan 1
(12): go to sinkbasin 1
(13): go to toiletpaperhanger 1
(14): go to toilet 1
(15): put soapbar 1 in/on countertop 1
(16): examine soapbar 1
(17): examine countertop 1

**Determine the appropriate action:**
- Identify relevant objects in the image related to the task.
- Evaluate each action's potential to successfully complete the task.

**Response:**
- Let's tink step-by-step.
- (i): [BEGIN][Selected Action][END]

Original VLM Response:
- (i): [BEGIN](2): go to drawer 1[END]

> Action: go to drawer 1
Running time: 2.3413352966308594 seconds

Step:--------------------------------------------------------------------------26--------------------------------------------------------------------------
VLM Prompt:
<image>
Given an image depicting a complex scene with multiple elements, your objective is to analyze the scene of the image in relation to the specified task description and choose the appropriate action from a list of available actions to accomplish the task. There are two examples.

**Example 1:**
- Available Actions:(1): go to bed 1, (2): go to dresser 1, (3): go to drawer 1
- Response:[BEGIN](2): go to dresser 1[END]
**Example 1:**
- Available Actions:(1): go to garbagecan 1, (2): take handtowel 1 from handtowelholder 1, (3): take faucet 1 from handtowelholder 1, (4): take handtowel 2 from handtowelholder 1
- Response:[BEGIN](2): go to dresser 1[END]

**Task Description:**
The task at hand is "put a clean cloth in toilet". The agent must find an objectof the desired type, pick it up, go to a sink or a basin, clean the object with a sink or basin, then find the correct location to place it, and put it down there.

**Available Actions:**
(1): go to bathtub 1
(2): go to countertop 1
(3): go to drawer 2
(4): go to drawer 3
(5): go to drawer 4
(6): go to drawer 5
(7): go to drawer 6
(8): go to drawer 7
(9): go to drawer 8
(10): go to sink 1
(11): go to garbagecan 1
(12): go to sinkbasin 1
(13): go to toiletpaperhanger 1
(14): go to toilet 1
(15): open drawer 1
(16): close drawer 1
(17): put soapbar 1 in/on drawer 1
(18): examine soapbar 1
(19): examine drawer 1

**Determine the appropriate action:**
- Identify relevant objects in the image related to the task.
- Evaluate each action's potential to successfully complete the task.

**Response:**
- Let's tink step-by-step.
- (i): [BEGIN][Selected Action][END]

Original VLM Response:
- (i): [BEGIN](2): go to countertop 1[END]

> Action: go to countertop 1
Running time: 4.4221837520599365 seconds

Step:--------------------------------------------------------------------------27--------------------------------------------------------------------------
VLM Prompt:
<image>
Given an image depicting a complex scene with multiple elements, your objective is to analyze the scene of the image in relation to the specified task description and choose the appropriate action from a list of available actions to accomplish the task. There are two examples.

**Example 1:**
- Available Actions:(1): go to bed 1, (2): go to dresser 1, (3): go to drawer 1
- Response:[BEGIN](2): go to dresser 1[END]
**Example 1:**
- Available Actions:(1): go to garbagecan 1, (2): take handtowel 1 from handtowelholder 1, (3): take faucet 1 from handtowelholder 1, (4): take handtowel 2 from handtowelholder 1
- Response:[BEGIN](2): go to dresser 1[END]

**Task Description:**
The task at hand is "put a clean cloth in toilet". The agent must find an objectof the desired type, pick it up, go to a sink or a basin, clean the object with a sink or basin, then find the correct location to place it, and put it down there.

**Available Actions:**
(1): go to bathtub 1
(2): go to drawer 1
(3): go to drawer 2
(4): go to drawer 3
(5): go to drawer 4
(6): go to drawer 5
(7): go to drawer 6
(8): go to drawer 7
(9): go to drawer 8
(10): go to sink 1
(11): go to garbagecan 1
(12): go to sinkbasin 1
(13): go to toiletpaperhanger 1
(14): go to toilet 1
(15): put soapbar 1 in/on countertop 1
(16): examine soapbar 1
(17): examine countertop 1

**Determine the appropriate action:**
- Identify relevant objects in the image related to the task.
- Evaluate each action's potential to successfully complete the task.

**Response:**
- Let's tink step-by-step.
- (i): [BEGIN][Selected Action][END]

Original VLM Response:
- (i): [BEGIN](2): go to drawer 1[END]

> Action: go to drawer 1
Running time: 2.177058696746826 seconds

Step:--------------------------------------------------------------------------28--------------------------------------------------------------------------
VLM Prompt:
<image>
Given an image depicting a complex scene with multiple elements, your objective is to analyze the scene of the image in relation to the specified task description and choose the appropriate action from a list of available actions to accomplish the task. There are two examples.

**Example 1:**
- Available Actions:(1): go to bed 1, (2): go to dresser 1, (3): go to drawer 1
- Response:[BEGIN](2): go to dresser 1[END]
**Example 1:**
- Available Actions:(1): go to garbagecan 1, (2): take handtowel 1 from handtowelholder 1, (3): take faucet 1 from handtowelholder 1, (4): take handtowel 2 from handtowelholder 1
- Response:[BEGIN](2): go to dresser 1[END]

**Task Description:**
The task at hand is "put a clean cloth in toilet". The agent must find an objectof the desired type, pick it up, go to a sink or a basin, clean the object with a sink or basin, then find the correct location to place it, and put it down there.

**Available Actions:**
(1): go to bathtub 1
(2): go to countertop 1
(3): go to drawer 2
(4): go to drawer 3
(5): go to drawer 4
(6): go to drawer 5
(7): go to drawer 6
(8): go to drawer 7
(9): go to drawer 8
(10): go to sink 1
(11): go to garbagecan 1
(12): go to sinkbasin 1
(13): go to toiletpaperhanger 1
(14): go to toilet 1
(15): open drawer 1
(16): close drawer 1
(17): put soapbar 1 in/on drawer 1
(18): examine soapbar 1
(19): examine drawer 1

**Determine the appropriate action:**
- Identify relevant objects in the image related to the task.
- Evaluate each action's potential to successfully complete the task.

**Response:**
- Let's tink step-by-step.
- (i): [BEGIN][Selected Action][END]

Original VLM Response:
- (i): [BEGIN](2): go to countertop 1[END]

> Action: go to countertop 1
Running time: 3.313732624053955 seconds

Step:--------------------------------------------------------------------------29--------------------------------------------------------------------------
VLM Prompt:
<image>
Given an image depicting a complex scene with multiple elements, your objective is to analyze the scene of the image in relation to the specified task description and choose the appropriate action from a list of available actions to accomplish the task. There are two examples.

**Example 1:**
- Available Actions:(1): go to bed 1, (2): go to dresser 1, (3): go to drawer 1
- Response:[BEGIN](2): go to dresser 1[END]
**Example 1:**
- Available Actions:(1): go to garbagecan 1, (2): take handtowel 1 from handtowelholder 1, (3): take faucet 1 from handtowelholder 1, (4): take handtowel 2 from handtowelholder 1
- Response:[BEGIN](2): go to dresser 1[END]

**Task Description:**
The task at hand is "put a clean cloth in toilet". The agent must find an objectof the desired type, pick it up, go to a sink or a basin, clean the object with a sink or basin, then find the correct location to place it, and put it down there.

**Available Actions:**
(1): go to bathtub 1
(2): go to drawer 1
(3): go to drawer 2
(4): go to drawer 3
(5): go to drawer 4
(6): go to drawer 5
(7): go to drawer 6
(8): go to drawer 7
(9): go to drawer 8
(10): go to sink 1
(11): go to garbagecan 1
(12): go to sinkbasin 1
(13): go to toiletpaperhanger 1
(14): go to toilet 1
(15): put soapbar 1 in/on countertop 1
(16): examine soapbar 1
(17): examine countertop 1

**Determine the appropriate action:**
- Identify relevant objects in the image related to the task.
- Evaluate each action's potential to successfully complete the task.

**Response:**
- Let's tink step-by-step.
- (i): [BEGIN][Selected Action][END]

Original VLM Response:
- (i): [BEGIN](2): go to drawer 1[END]

> Action: go to drawer 1
Running time: 2.217395305633545 seconds

Step:--------------------------------------------------------------------------30--------------------------------------------------------------------------
VLM Prompt:
<image>
Given an image depicting a complex scene with multiple elements, your objective is to analyze the scene of the image in relation to the specified task description and choose the appropriate action from a list of available actions to accomplish the task. There are two examples.

**Example 1:**
- Available Actions:(1): go to bed 1, (2): go to dresser 1, (3): go to drawer 1
- Response:[BEGIN](2): go to dresser 1[END]
**Example 1:**
- Available Actions:(1): go to garbagecan 1, (2): take handtowel 1 from handtowelholder 1, (3): take faucet 1 from handtowelholder 1, (4): take handtowel 2 from handtowelholder 1
- Response:[BEGIN](2): go to dresser 1[END]

**Task Description:**
The task at hand is "put a clean cloth in toilet". The agent must find an objectof the desired type, pick it up, go to a sink or a basin, clean the object with a sink or basin, then find the correct location to place it, and put it down there.

**Available Actions:**
(1): go to bathtub 1
(2): go to countertop 1
(3): go to drawer 2
(4): go to drawer 3
(5): go to drawer 4
(6): go to drawer 5
(7): go to drawer 6
(8): go to drawer 7
(9): go to drawer 8
(10): go to sink 1
(11): go to garbagecan 1
(12): go to sinkbasin 1
(13): go to toiletpaperhanger 1
(14): go to toilet 1
(15): open drawer 1
(16): close drawer 1
(17): put soapbar 1 in/on drawer 1
(18): examine soapbar 1
(19): examine drawer 1

**Determine the appropriate action:**
- Identify relevant objects in the image related to the task.
- Evaluate each action's potential to successfully complete the task.

**Response:**
- Let's tink step-by-step.
- (i): [BEGIN][Selected Action][END]

Original VLM Response:
- (i): [BEGIN](2): go to countertop 1[END]

> Action: go to countertop 1
Running time: 2.460291624069214 seconds

Step:--------------------------------------------------------------------------31--------------------------------------------------------------------------
VLM Prompt:
<image>
Given an image depicting a complex scene with multiple elements, your objective is to analyze the scene of the image in relation to the specified task description and choose the appropriate action from a list of available actions to accomplish the task. There are two examples.

**Example 1:**
- Available Actions:(1): go to bed 1, (2): go to dresser 1, (3): go to drawer 1
- Response:[BEGIN](2): go to dresser 1[END]
**Example 1:**
- Available Actions:(1): go to garbagecan 1, (2): take handtowel 1 from handtowelholder 1, (3): take faucet 1 from handtowelholder 1, (4): take handtowel 2 from handtowelholder 1
- Response:[BEGIN](2): go to dresser 1[END]

**Task Description:**
The task at hand is "put a clean cloth in toilet". The agent must find an objectof the desired type, pick it up, go to a sink or a basin, clean the object with a sink or basin, then find the correct location to place it, and put it down there.

**Available Actions:**
(1): go to bathtub 1
(2): go to drawer 1
(3): go to drawer 2
(4): go to drawer 3
(5): go to drawer 4
(6): go to drawer 5
(7): go to drawer 6
(8): go to drawer 7
(9): go to drawer 8
(10): go to sink 1
(11): go to garbagecan 1
(12): go to sinkbasin 1
(13): go to toiletpaperhanger 1
(14): go to toilet 1
(15): put soapbar 1 in/on countertop 1
(16): examine soapbar 1
(17): examine countertop 1

**Determine the appropriate action:**
- Identify relevant objects in the image related to the task.
- Evaluate each action's potential to successfully complete the task.

**Response:**
- Let's tink step-by-step.
- (i): [BEGIN][Selected Action][END]

Original VLM Response:
- (i): [BEGIN](2): go to drawer 1[END]

> Action: go to drawer 1
Running time: 2.5274198055267334 seconds

Step:--------------------------------------------------------------------------32--------------------------------------------------------------------------
VLM Prompt:
<image>
Given an image depicting a complex scene with multiple elements, your objective is to analyze the scene of the image in relation to the specified task description and choose the appropriate action from a list of available actions to accomplish the task. There are two examples.

**Example 1:**
- Available Actions:(1): go to bed 1, (2): go to dresser 1, (3): go to drawer 1
- Response:[BEGIN](2): go to dresser 1[END]
**Example 1:**
- Available Actions:(1): go to garbagecan 1, (2): take handtowel 1 from handtowelholder 1, (3): take faucet 1 from handtowelholder 1, (4): take handtowel 2 from handtowelholder 1
- Response:[BEGIN](2): go to dresser 1[END]

**Task Description:**
The task at hand is "put a clean cloth in toilet". The agent must find an objectof the desired type, pick it up, go to a sink or a basin, clean the object with a sink or basin, then find the correct location to place it, and put it down there.

**Available Actions:**
(1): go to bathtub 1
(2): go to countertop 1
(3): go to drawer 2
(4): go to drawer 3
(5): go to drawer 4
(6): go to drawer 5
(7): go to drawer 6
(8): go to drawer 7
(9): go to drawer 8
(10): go to sink 1
(11): go to garbagecan 1
(12): go to sinkbasin 1
(13): go to toiletpaperhanger 1
(14): go to toilet 1
(15): open drawer 1
(16): close drawer 1
(17): put soapbar 1 in/on drawer 1
(18): examine soapbar 1
(19): examine drawer 1

**Determine the appropriate action:**
- Identify relevant objects in the image related to the task.
- Evaluate each action's potential to successfully complete the task.

**Response:**
- Let's tink step-by-step.
- (i): [BEGIN][Selected Action][END]

Original VLM Response:
- (i): [BEGIN](2): go to countertop 1[END]

> Action: go to countertop 1
Running time: 3.839390754699707 seconds

Step:--------------------------------------------------------------------------33--------------------------------------------------------------------------
VLM Prompt:
<image>
Given an image depicting a complex scene with multiple elements, your objective is to analyze the scene of the image in relation to the specified task description and choose the appropriate action from a list of available actions to accomplish the task. There are two examples.

**Example 1:**
- Available Actions:(1): go to bed 1, (2): go to dresser 1, (3): go to drawer 1
- Response:[BEGIN](2): go to dresser 1[END]
**Example 1:**
- Available Actions:(1): go to garbagecan 1, (2): take handtowel 1 from handtowelholder 1, (3): take faucet 1 from handtowelholder 1, (4): take handtowel 2 from handtowelholder 1
- Response:[BEGIN](2): go to dresser 1[END]

**Task Description:**
The task at hand is "put a clean cloth in toilet". The agent must find an objectof the desired type, pick it up, go to a sink or a basin, clean the object with a sink or basin, then find the correct location to place it, and put it down there.

**Available Actions:**
(1): go to bathtub 1
(2): go to drawer 1
(3): go to drawer 2
(4): go to drawer 3
(5): go to drawer 4
(6): go to drawer 5
(7): go to drawer 6
(8): go to drawer 7
(9): go to drawer 8
(10): go to sink 1
(11): go to garbagecan 1
(12): go to sinkbasin 1
(13): go to toiletpaperhanger 1
(14): go to toilet 1
(15): put soapbar 1 in/on countertop 1
(16): examine soapbar 1
(17): examine countertop 1

**Determine the appropriate action:**
- Identify relevant objects in the image related to the task.
- Evaluate each action's potential to successfully complete the task.

**Response:**
- Let's tink step-by-step.
- (i): [BEGIN][Selected Action][END]

Original VLM Response:
- (i): [BEGIN](2): go to drawer 1[END]

> Action: go to drawer 1
Running time: 3.5496785640716553 seconds

Step:--------------------------------------------------------------------------34--------------------------------------------------------------------------
VLM Prompt:
<image>
Given an image depicting a complex scene with multiple elements, your objective is to analyze the scene of the image in relation to the specified task description and choose the appropriate action from a list of available actions to accomplish the task. There are two examples.

**Example 1:**
- Available Actions:(1): go to bed 1, (2): go to dresser 1, (3): go to drawer 1
- Response:[BEGIN](2): go to dresser 1[END]
**Example 1:**
- Available Actions:(1): go to garbagecan 1, (2): take handtowel 1 from handtowelholder 1, (3): take faucet 1 from handtowelholder 1, (4): take handtowel 2 from handtowelholder 1
- Response:[BEGIN](2): go to dresser 1[END]

**Task Description:**
The task at hand is "put a clean cloth in toilet". The agent must find an objectof the desired type, pick it up, go to a sink or a basin, clean the object with a sink or basin, then find the correct location to place it, and put it down there.

**Available Actions:**
(1): go to bathtub 1
(2): go to countertop 1
(3): go to drawer 2
(4): go to drawer 3
(5): go to drawer 4
(6): go to drawer 5
(7): go to drawer 6
(8): go to drawer 7
(9): go to drawer 8
(10): go to sink 1
(11): go to garbagecan 1
(12): go to sinkbasin 1
(13): go to toiletpaperhanger 1
(14): go to toilet 1
(15): open drawer 1
(16): close drawer 1
(17): put soapbar 1 in/on drawer 1
(18): examine soapbar 1
(19): examine drawer 1

**Determine the appropriate action:**
- Identify relevant objects in the image related to the task.
- Evaluate each action's potential to successfully complete the task.

**Response:**
- Let's tink step-by-step.
- (i): [BEGIN][Selected Action][END]

Original VLM Response:
- (i): [BEGIN](2): go to countertop 1[END]

> Action: go to countertop 1
Running time: 2.6934382915496826 seconds

Step:--------------------------------------------------------------------------35--------------------------------------------------------------------------
VLM Prompt:
<image>
Given an image depicting a complex scene with multiple elements, your objective is to analyze the scene of the image in relation to the specified task description and choose the appropriate action from a list of available actions to accomplish the task. There are two examples.

**Example 1:**
- Available Actions:(1): go to bed 1, (2): go to dresser 1, (3): go to drawer 1
- Response:[BEGIN](2): go to dresser 1[END]
**Example 1:**
- Available Actions:(1): go to garbagecan 1, (2): take handtowel 1 from handtowelholder 1, (3): take faucet 1 from handtowelholder 1, (4): take handtowel 2 from handtowelholder 1
- Response:[BEGIN](2): go to dresser 1[END]

**Task Description:**
The task at hand is "put a clean cloth in toilet". The agent must find an objectof the desired type, pick it up, go to a sink or a basin, clean the object with a sink or basin, then find the correct location to place it, and put it down there.

**Available Actions:**
(1): go to bathtub 1
(2): go to drawer 1
(3): go to drawer 2
(4): go to drawer 3
(5): go to drawer 4
(6): go to drawer 5
(7): go to drawer 6
(8): go to drawer 7
(9): go to drawer 8
(10): go to sink 1
(11): go to garbagecan 1
(12): go to sinkbasin 1
(13): go to toiletpaperhanger 1
(14): go to toilet 1
(15): put soapbar 1 in/on countertop 1
(16): examine soapbar 1
(17): examine countertop 1

**Determine the appropriate action:**
- Identify relevant objects in the image related to the task.
- Evaluate each action's potential to successfully complete the task.

**Response:**
- Let's tink step-by-step.
- (i): [BEGIN][Selected Action][END]

Original VLM Response:
- (i): [BEGIN](2): go to drawer 1[END]

> Action: go to drawer 1
Running time: 2.6080870628356934 seconds

Step:--------------------------------------------------------------------------36--------------------------------------------------------------------------
VLM Prompt:
<image>
Given an image depicting a complex scene with multiple elements, your objective is to analyze the scene of the image in relation to the specified task description and choose the appropriate action from a list of available actions to accomplish the task. There are two examples.

**Example 1:**
- Available Actions:(1): go to bed 1, (2): go to dresser 1, (3): go to drawer 1
- Response:[BEGIN](2): go to dresser 1[END]
**Example 1:**
- Available Actions:(1): go to garbagecan 1, (2): take handtowel 1 from handtowelholder 1, (3): take faucet 1 from handtowelholder 1, (4): take handtowel 2 from handtowelholder 1
- Response:[BEGIN](2): go to dresser 1[END]

**Task Description:**
The task at hand is "put a clean cloth in toilet". The agent must find an objectof the desired type, pick it up, go to a sink or a basin, clean the object with a sink or basin, then find the correct location to place it, and put it down there.

**Available Actions:**
(1): go to bathtub 1
(2): go to countertop 1
(3): go to drawer 2
(4): go to drawer 3
(5): go to drawer 4
(6): go to drawer 5
(7): go to drawer 6
(8): go to drawer 7
(9): go to drawer 8
(10): go to sink 1
(11): go to garbagecan 1
(12): go to sinkbasin 1
(13): go to toiletpaperhanger 1
(14): go to toilet 1
(15): open drawer 1
(16): close drawer 1
(17): put soapbar 1 in/on drawer 1
(18): examine soapbar 1
(19): examine drawer 1

**Determine the appropriate action:**
- Identify relevant objects in the image related to the task.
- Evaluate each action's potential to successfully complete the task.

**Response:**
- Let's tink step-by-step.
- (i): [BEGIN][Selected Action][END]

Original VLM Response:
- (i): [BEGIN](2): go to countertop 1[END]

> Action: go to countertop 1
Running time: 3.3099775314331055 seconds

Step:--------------------------------------------------------------------------37--------------------------------------------------------------------------
VLM Prompt:
<image>
Given an image depicting a complex scene with multiple elements, your objective is to analyze the scene of the image in relation to the specified task description and choose the appropriate action from a list of available actions to accomplish the task. There are two examples.

**Example 1:**
- Available Actions:(1): go to bed 1, (2): go to dresser 1, (3): go to drawer 1
- Response:[BEGIN](2): go to dresser 1[END]
**Example 1:**
- Available Actions:(1): go to garbagecan 1, (2): take handtowel 1 from handtowelholder 1, (3): take faucet 1 from handtowelholder 1, (4): take handtowel 2 from handtowelholder 1
- Response:[BEGIN](2): go to dresser 1[END]

**Task Description:**
The task at hand is "put a clean cloth in toilet". The agent must find an objectof the desired type, pick it up, go to a sink or a basin, clean the object with a sink or basin, then find the correct location to place it, and put it down there.

**Available Actions:**
(1): go to bathtub 1
(2): go to drawer 1
(3): go to drawer 2
(4): go to drawer 3
(5): go to drawer 4
(6): go to drawer 5
(7): go to drawer 6
(8): go to drawer 7
(9): go to drawer 8
(10): go to sink 1
(11): go to garbagecan 1
(12): go to sinkbasin 1
(13): go to toiletpaperhanger 1
(14): go to toilet 1
(15): put soapbar 1 in/on countertop 1
(16): examine soapbar 1
(17): examine countertop 1

**Determine the appropriate action:**
- Identify relevant objects in the image related to the task.
- Evaluate each action's potential to successfully complete the task.

**Response:**
- Let's tink step-by-step.
- (i): [BEGIN][Selected Action][END]

Original VLM Response:
- (i): [BEGIN](2): go to drawer 1[END]

> Action: go to drawer 1
Running time: 3.5276920795440674 seconds

Step:--------------------------------------------------------------------------38--------------------------------------------------------------------------
VLM Prompt:
<image>
Given an image depicting a complex scene with multiple elements, your objective is to analyze the scene of the image in relation to the specified task description and choose the appropriate action from a list of available actions to accomplish the task. There are two examples.

**Example 1:**
- Available Actions:(1): go to bed 1, (2): go to dresser 1, (3): go to drawer 1
- Response:[BEGIN](2): go to dresser 1[END]
**Example 1:**
- Available Actions:(1): go to garbagecan 1, (2): take handtowel 1 from handtowelholder 1, (3): take faucet 1 from handtowelholder 1, (4): take handtowel 2 from handtowelholder 1
- Response:[BEGIN](2): go to dresser 1[END]

**Task Description:**
The task at hand is "put a clean cloth in toilet". The agent must find an objectof the desired type, pick it up, go to a sink or a basin, clean the object with a sink or basin, then find the correct location to place it, and put it down there.

**Available Actions:**
(1): go to bathtub 1
(2): go to countertop 1
(3): go to drawer 2
(4): go to drawer 3
(5): go to drawer 4
(6): go to drawer 5
(7): go to drawer 6
(8): go to drawer 7
(9): go to drawer 8
(10): go to sink 1
(11): go to garbagecan 1
(12): go to sinkbasin 1
(13): go to toiletpaperhanger 1
(14): go to toilet 1
(15): open drawer 1
(16): close drawer 1
(17): put soapbar 1 in/on drawer 1
(18): examine soapbar 1
(19): examine drawer 1

**Determine the appropriate action:**
- Identify relevant objects in the image related to the task.
- Evaluate each action's potential to successfully complete the task.

**Response:**
- Let's tink step-by-step.
- (i): [BEGIN][Selected Action][END]

Original VLM Response:
- (i): [BEGIN](2): go to countertop 1[END]

> Action: go to countertop 1
Running time: 2.7972829341888428 seconds

Step:--------------------------------------------------------------------------39--------------------------------------------------------------------------
VLM Prompt:
<image>
Given an image depicting a complex scene with multiple elements, your objective is to analyze the scene of the image in relation to the specified task description and choose the appropriate action from a list of available actions to accomplish the task. There are two examples.

**Example 1:**
- Available Actions:(1): go to bed 1, (2): go to dresser 1, (3): go to drawer 1
- Response:[BEGIN](2): go to dresser 1[END]
**Example 1:**
- Available Actions:(1): go to garbagecan 1, (2): take handtowel 1 from handtowelholder 1, (3): take faucet 1 from handtowelholder 1, (4): take handtowel 2 from handtowelholder 1
- Response:[BEGIN](2): go to dresser 1[END]

**Task Description:**
The task at hand is "put a clean cloth in toilet". The agent must find an objectof the desired type, pick it up, go to a sink or a basin, clean the object with a sink or basin, then find the correct location to place it, and put it down there.

**Available Actions:**
(1): go to bathtub 1
(2): go to drawer 1
(3): go to drawer 2
(4): go to drawer 3
(5): go to drawer 4
(6): go to drawer 5
(7): go to drawer 6
(8): go to drawer 7
(9): go to drawer 8
(10): go to sink 1
(11): go to garbagecan 1
(12): go to sinkbasin 1
(13): go to toiletpaperhanger 1
(14): go to toilet 1
(15): put soapbar 1 in/on countertop 1
(16): examine soapbar 1
(17): examine countertop 1

**Determine the appropriate action:**
- Identify relevant objects in the image related to the task.
- Evaluate each action's potential to successfully complete the task.

**Response:**
- Let's tink step-by-step.
- (i): [BEGIN][Selected Action][END]

Original VLM Response:
- (i): [BEGIN](2): go to drawer 1[END]

> Action: go to drawer 1
Running time: 2.9699482917785645 seconds

Step:--------------------------------------------------------------------------40--------------------------------------------------------------------------
VLM Prompt:
<image>
Given an image depicting a complex scene with multiple elements, your objective is to analyze the scene of the image in relation to the specified task description and choose the appropriate action from a list of available actions to accomplish the task. There are two examples.

**Example 1:**
- Available Actions:(1): go to bed 1, (2): go to dresser 1, (3): go to drawer 1
- Response:[BEGIN](2): go to dresser 1[END]
**Example 1:**
- Available Actions:(1): go to garbagecan 1, (2): take handtowel 1 from handtowelholder 1, (3): take faucet 1 from handtowelholder 1, (4): take handtowel 2 from handtowelholder 1
- Response:[BEGIN](2): go to dresser 1[END]

**Task Description:**
The task at hand is "put a clean cloth in toilet". The agent must find an objectof the desired type, pick it up, go to a sink or a basin, clean the object with a sink or basin, then find the correct location to place it, and put it down there.

**Available Actions:**
(1): go to bathtub 1
(2): go to countertop 1
(3): go to drawer 2
(4): go to drawer 3
(5): go to drawer 4
(6): go to drawer 5
(7): go to drawer 6
(8): go to drawer 7
(9): go to drawer 8
(10): go to sink 1
(11): go to garbagecan 1
(12): go to sinkbasin 1
(13): go to toiletpaperhanger 1
(14): go to toilet 1
(15): open drawer 1
(16): close drawer 1
(17): put soapbar 1 in/on drawer 1
(18): examine soapbar 1
(19): examine drawer 1

**Determine the appropriate action:**
- Identify relevant objects in the image related to the task.
- Evaluate each action's potential to successfully complete the task.

**Response:**
- Let's tink step-by-step.
- (i): [BEGIN][Selected Action][END]

Original VLM Response:
- (i): [BEGIN](2): go to countertop 1[END]

> Action: go to countertop 1
Running time: 3.7157232761383057 seconds

Step:--------------------------------------------------------------------------41--------------------------------------------------------------------------
VLM Prompt:
<image>
Given an image depicting a complex scene with multiple elements, your objective is to analyze the scene of the image in relation to the specified task description and choose the appropriate action from a list of available actions to accomplish the task. There are two examples.

**Example 1:**
- Available Actions:(1): go to bed 1, (2): go to dresser 1, (3): go to drawer 1
- Response:[BEGIN](2): go to dresser 1[END]
**Example 1:**
- Available Actions:(1): go to garbagecan 1, (2): take handtowel 1 from handtowelholder 1, (3): take faucet 1 from handtowelholder 1, (4): take handtowel 2 from handtowelholder 1
- Response:[BEGIN](2): go to dresser 1[END]

**Task Description:**
The task at hand is "put a clean cloth in toilet". The agent must find an objectof the desired type, pick it up, go to a sink or a basin, clean the object with a sink or basin, then find the correct location to place it, and put it down there.

**Available Actions:**
(1): go to bathtub 1
(2): go to drawer 1
(3): go to drawer 2
(4): go to drawer 3
(5): go to drawer 4
(6): go to drawer 5
(7): go to drawer 6
(8): go to drawer 7
(9): go to drawer 8
(10): go to sink 1
(11): go to garbagecan 1
(12): go to sinkbasin 1
(13): go to toiletpaperhanger 1
(14): go to toilet 1
(15): put soapbar 1 in/on countertop 1
(16): examine soapbar 1
(17): examine countertop 1

**Determine the appropriate action:**
- Identify relevant objects in the image related to the task.
- Evaluate each action's potential to successfully complete the task.

**Response:**
- Let's tink step-by-step.
- (i): [BEGIN][Selected Action][END]

Original VLM Response:
- (i): [BEGIN](2): go to drawer 1[END]

> Action: go to drawer 1
Running time: 3.2270519733428955 seconds

Step:--------------------------------------------------------------------------42--------------------------------------------------------------------------
VLM Prompt:
<image>
Given an image depicting a complex scene with multiple elements, your objective is to analyze the scene of the image in relation to the specified task description and choose the appropriate action from a list of available actions to accomplish the task. There are two examples.

**Example 1:**
- Available Actions:(1): go to bed 1, (2): go to dresser 1, (3): go to drawer 1
- Response:[BEGIN](2): go to dresser 1[END]
**Example 1:**
- Available Actions:(1): go to garbagecan 1, (2): take handtowel 1 from handtowelholder 1, (3): take faucet 1 from handtowelholder 1, (4): take handtowel 2 from handtowelholder 1
- Response:[BEGIN](2): go to dresser 1[END]

**Task Description:**
The task at hand is "put a clean cloth in toilet". The agent must find an objectof the desired type, pick it up, go to a sink or a basin, clean the object with a sink or basin, then find the correct location to place it, and put it down there.

**Available Actions:**
(1): go to bathtub 1
(2): go to countertop 1
(3): go to drawer 2
(4): go to drawer 3
(5): go to drawer 4
(6): go to drawer 5
(7): go to drawer 6
(8): go to drawer 7
(9): go to drawer 8
(10): go to sink 1
(11): go to garbagecan 1
(12): go to sinkbasin 1
(13): go to toiletpaperhanger 1
(14): go to toilet 1
(15): open drawer 1
(16): close drawer 1
(17): put soapbar 1 in/on drawer 1
(18): examine soapbar 1
(19): examine drawer 1

**Determine the appropriate action:**
- Identify relevant objects in the image related to the task.
- Evaluate each action's potential to successfully complete the task.

**Response:**
- Let's tink step-by-step.
- (i): [BEGIN][Selected Action][END]

Original VLM Response:
- (i): [BEGIN](2): go to countertop 1[END]

> Action: go to countertop 1
Running time: 3.8879008293151855 seconds

Step:--------------------------------------------------------------------------43--------------------------------------------------------------------------
VLM Prompt:
<image>
Given an image depicting a complex scene with multiple elements, your objective is to analyze the scene of the image in relation to the specified task description and choose the appropriate action from a list of available actions to accomplish the task. There are two examples.

**Example 1:**
- Available Actions:(1): go to bed 1, (2): go to dresser 1, (3): go to drawer 1
- Response:[BEGIN](2): go to dresser 1[END]
**Example 1:**
- Available Actions:(1): go to garbagecan 1, (2): take handtowel 1 from handtowelholder 1, (3): take faucet 1 from handtowelholder 1, (4): take handtowel 2 from handtowelholder 1
- Response:[BEGIN](2): go to dresser 1[END]

**Task Description:**
The task at hand is "put a clean cloth in toilet". The agent must find an objectof the desired type, pick it up, go to a sink or a basin, clean the object with a sink or basin, then find the correct location to place it, and put it down there.

**Available Actions:**
(1): go to bathtub 1
(2): go to drawer 1
(3): go to drawer 2
(4): go to drawer 3
(5): go to drawer 4
(6): go to drawer 5
(7): go to drawer 6
(8): go to drawer 7
(9): go to drawer 8
(10): go to sink 1
(11): go to garbagecan 1
(12): go to sinkbasin 1
(13): go to toiletpaperhanger 1
(14): go to toilet 1
(15): put soapbar 1 in/on countertop 1
(16): examine soapbar 1
(17): examine countertop 1

**Determine the appropriate action:**
- Identify relevant objects in the image related to the task.
- Evaluate each action's potential to successfully complete the task.

**Response:**
- Let's tink step-by-step.
- (i): [BEGIN][Selected Action][END]

Original VLM Response:
- (i): [BEGIN](2): go to drawer 1[END]

> Action: go to drawer 1
Running time: 2.5987708568573 seconds

Step:--------------------------------------------------------------------------44--------------------------------------------------------------------------
VLM Prompt:
<image>
Given an image depicting a complex scene with multiple elements, your objective is to analyze the scene of the image in relation to the specified task description and choose the appropriate action from a list of available actions to accomplish the task. There are two examples.

**Example 1:**
- Available Actions:(1): go to bed 1, (2): go to dresser 1, (3): go to drawer 1
- Response:[BEGIN](2): go to dresser 1[END]
**Example 1:**
- Available Actions:(1): go to garbagecan 1, (2): take handtowel 1 from handtowelholder 1, (3): take faucet 1 from handtowelholder 1, (4): take handtowel 2 from handtowelholder 1
- Response:[BEGIN](2): go to dresser 1[END]

**Task Description:**
The task at hand is "put a clean cloth in toilet". The agent must find an objectof the desired type, pick it up, go to a sink or a basin, clean the object with a sink or basin, then find the correct location to place it, and put it down there.

**Available Actions:**
(1): go to bathtub 1
(2): go to countertop 1
(3): go to drawer 2
(4): go to drawer 3
(5): go to drawer 4
(6): go to drawer 5
(7): go to drawer 6
(8): go to drawer 7
(9): go to drawer 8
(10): go to sink 1
(11): go to garbagecan 1
(12): go to sinkbasin 1
(13): go to toiletpaperhanger 1
(14): go to toilet 1
(15): open drawer 1
(16): close drawer 1
(17): put soapbar 1 in/on drawer 1
(18): examine soapbar 1
(19): examine drawer 1

**Determine the appropriate action:**
- Identify relevant objects in the image related to the task.
- Evaluate each action's potential to successfully complete the task.

**Response:**
- Let's tink step-by-step.
- (i): [BEGIN][Selected Action][END]

Original VLM Response:
- (i): [BEGIN](2): go to countertop 1[END]

> Action: go to countertop 1
Running time: 2.1861753463745117 seconds

Step:--------------------------------------------------------------------------45--------------------------------------------------------------------------
VLM Prompt:
<image>
Given an image depicting a complex scene with multiple elements, your objective is to analyze the scene of the image in relation to the specified task description and choose the appropriate action from a list of available actions to accomplish the task. There are two examples.

**Example 1:**
- Available Actions:(1): go to bed 1, (2): go to dresser 1, (3): go to drawer 1
- Response:[BEGIN](2): go to dresser 1[END]
**Example 1:**
- Available Actions:(1): go to garbagecan 1, (2): take handtowel 1 from handtowelholder 1, (3): take faucet 1 from handtowelholder 1, (4): take handtowel 2 from handtowelholder 1
- Response:[BEGIN](2): go to dresser 1[END]

**Task Description:**
The task at hand is "put a clean cloth in toilet". The agent must find an objectof the desired type, pick it up, go to a sink or a basin, clean the object with a sink or basin, then find the correct location to place it, and put it down there.

**Available Actions:**
(1): go to bathtub 1
(2): go to drawer 1
(3): go to drawer 2
(4): go to drawer 3
(5): go to drawer 4
(6): go to drawer 5
(7): go to drawer 6
(8): go to drawer 7
(9): go to drawer 8
(10): go to sink 1
(11): go to garbagecan 1
(12): go to sinkbasin 1
(13): go to toiletpaperhanger 1
(14): go to toilet 1
(15): put soapbar 1 in/on countertop 1
(16): examine soapbar 1
(17): examine countertop 1

**Determine the appropriate action:**
- Identify relevant objects in the image related to the task.
- Evaluate each action's potential to successfully complete the task.

**Response:**
- Let's tink step-by-step.
- (i): [BEGIN][Selected Action][END]

Original VLM Response:
- (i): [BEGIN](2): go to drawer 1[END]

> Action: go to drawer 1
Running time: 3.325355291366577 seconds

Step:--------------------------------------------------------------------------46--------------------------------------------------------------------------
VLM Prompt:
<image>
Given an image depicting a complex scene with multiple elements, your objective is to analyze the scene of the image in relation to the specified task description and choose the appropriate action from a list of available actions to accomplish the task. There are two examples.

**Example 1:**
- Available Actions:(1): go to bed 1, (2): go to dresser 1, (3): go to drawer 1
- Response:[BEGIN](2): go to dresser 1[END]
**Example 1:**
- Available Actions:(1): go to garbagecan 1, (2): take handtowel 1 from handtowelholder 1, (3): take faucet 1 from handtowelholder 1, (4): take handtowel 2 from handtowelholder 1
- Response:[BEGIN](2): go to dresser 1[END]

**Task Description:**
The task at hand is "put a clean cloth in toilet". The agent must find an objectof the desired type, pick it up, go to a sink or a basin, clean the object with a sink or basin, then find the correct location to place it, and put it down there.

**Available Actions:**
(1): go to bathtub 1
(2): go to countertop 1
(3): go to drawer 2
(4): go to drawer 3
(5): go to drawer 4
(6): go to drawer 5
(7): go to drawer 6
(8): go to drawer 7
(9): go to drawer 8
(10): go to sink 1
(11): go to garbagecan 1
(12): go to sinkbasin 1
(13): go to toiletpaperhanger 1
(14): go to toilet 1
(15): open drawer 1
(16): close drawer 1
(17): put soapbar 1 in/on drawer 1
(18): examine soapbar 1
(19): examine drawer 1

**Determine the appropriate action:**
- Identify relevant objects in the image related to the task.
- Evaluate each action's potential to successfully complete the task.

**Response:**
- Let's tink step-by-step.
- (i): [BEGIN][Selected Action][END]

Original VLM Response:
- (i): [BEGIN](15): open drawer 1[END]

> Action: open drawer 1
Running time: 17.104906797409058 seconds

Step:--------------------------------------------------------------------------47--------------------------------------------------------------------------
VLM Prompt:
<image>
Given an image depicting a complex scene with multiple elements, your objective is to analyze the scene of the image in relation to the specified task description and choose the appropriate action from a list of available actions to accomplish the task. There are two examples.

**Example 1:**
- Available Actions:(1): go to bed 1, (2): go to dresser 1, (3): go to drawer 1
- Response:[BEGIN](2): go to dresser 1[END]
**Example 1:**
- Available Actions:(1): go to garbagecan 1, (2): take handtowel 1 from handtowelholder 1, (3): take faucet 1 from handtowelholder 1, (4): take handtowel 2 from handtowelholder 1
- Response:[BEGIN](2): go to dresser 1[END]

**Task Description:**
The task at hand is "put a clean cloth in toilet". The agent must find an objectof the desired type, pick it up, go to a sink or a basin, clean the object with a sink or basin, then find the correct location to place it, and put it down there.

**Available Actions:**
(1): go to bathtub 1
(2): go to countertop 1
(3): go to drawer 2
(4): go to drawer 3
(5): go to drawer 4
(6): go to drawer 5
(7): go to drawer 6
(8): go to drawer 7
(9): go to drawer 8
(10): go to sink 1
(11): go to garbagecan 1
(12): go to sinkbasin 1
(13): go to toiletpaperhanger 1
(14): go to toilet 1
(15): open drawer 1
(16): close drawer 1
(17): put soapbar 1 in/on drawer 1
(18): examine soapbar 1
(19): examine drawer 1

**Determine the appropriate action:**
- Identify relevant objects in the image related to the task.
- Evaluate each action's potential to successfully complete the task.

**Response:**
- Let's tink step-by-step.
- (i): [BEGIN][Selected Action][END]

Original VLM Response:
- (i): [BEGIN](3): go to drawer 2[END]

> Action: go to drawer 2
Running time: 2.713768243789673 seconds

Step:--------------------------------------------------------------------------48--------------------------------------------------------------------------
VLM Prompt:
<image>
Given an image depicting a complex scene with multiple elements, your objective is to analyze the scene of the image in relation to the specified task description and choose the appropriate action from a list of available actions to accomplish the task. There are two examples.

**Example 1:**
- Available Actions:(1): go to bed 1, (2): go to dresser 1, (3): go to drawer 1
- Response:[BEGIN](2): go to dresser 1[END]
**Example 1:**
- Available Actions:(1): go to garbagecan 1, (2): take handtowel 1 from handtowelholder 1, (3): take faucet 1 from handtowelholder 1, (4): take handtowel 2 from handtowelholder 1
- Response:[BEGIN](2): go to dresser 1[END]

**Task Description:**
The task at hand is "put a clean cloth in toilet". The agent must find an objectof the desired type, pick it up, go to a sink or a basin, clean the object with a sink or basin, then find the correct location to place it, and put it down there.

**Available Actions:**
(1): go to bathtub 1
(2): go to countertop 1
(3): go to drawer 1
(4): go to drawer 3
(5): go to drawer 4
(6): go to drawer 5
(7): go to drawer 6
(8): go to drawer 7
(9): go to drawer 8
(10): go to sink 1
(11): go to garbagecan 1
(12): go to sinkbasin 1
(13): go to toiletpaperhanger 1
(14): go to toilet 1
(15): open drawer 2
(16): close drawer 2
(17): put soapbar 1 in/on drawer 2
(18): examine soapbar 1
(19): examine drawer 2

**Determine the appropriate action:**
- Identify relevant objects in the image related to the task.
- Evaluate each action's potential to successfully complete the task.

**Response:**
- Let's tink step-by-step.
- (i): [BEGIN][Selected Action][END]

Original VLM Response:
- (i): [BEGIN](3): go to drawer 1[END]

> Action: go to drawer 1
Running time: 2.5798709392547607 seconds

Step:--------------------------------------------------------------------------49--------------------------------------------------------------------------
VLM Prompt:
<image>
Given an image depicting a complex scene with multiple elements, your objective is to analyze the scene of the image in relation to the specified task description and choose the appropriate action from a list of available actions to accomplish the task. There are two examples.

**Example 1:**
- Available Actions:(1): go to bed 1, (2): go to dresser 1, (3): go to drawer 1
- Response:[BEGIN](2): go to dresser 1[END]
**Example 1:**
- Available Actions:(1): go to garbagecan 1, (2): take handtowel 1 from handtowelholder 1, (3): take faucet 1 from handtowelholder 1, (4): take handtowel 2 from handtowelholder 1
- Response:[BEGIN](2): go to dresser 1[END]

**Task Description:**
The task at hand is "put a clean cloth in toilet". The agent must find an objectof the desired type, pick it up, go to a sink or a basin, clean the object with a sink or basin, then find the correct location to place it, and put it down there.

**Available Actions:**
(1): go to bathtub 1
(2): go to countertop 1
(3): go to drawer 2
(4): go to drawer 3
(5): go to drawer 4
(6): go to drawer 5
(7): go to drawer 6
(8): go to drawer 7
(9): go to drawer 8
(10): go to sink 1
(11): go to garbagecan 1
(12): go to sinkbasin 1
(13): go to toiletpaperhanger 1
(14): go to toilet 1
(15): open drawer 1
(16): close drawer 1
(17): put soapbar 1 in/on drawer 1
(18): examine soapbar 1
(19): examine drawer 1

**Determine the appropriate action:**
- Identify relevant objects in the image related to the task.
- Evaluate each action's potential to successfully complete the task.

**Response:**
- Let's tink step-by-step.
- (i): [BEGIN][Selected Action][END]

Original VLM Response:
- (i): [BEGIN](3): go to drawer 2[END]

> Action: go to drawer 2
Running time: 3.6282689571380615 seconds

Step:--------------------------------------------------------------------------50--------------------------------------------------------------------------
VLM Prompt:
<image>
Given an image depicting a complex scene with multiple elements, your objective is to analyze the scene of the image in relation to the specified task description and choose the appropriate action from a list of available actions to accomplish the task. There are two examples.

**Example 1:**
- Available Actions:(1): go to bed 1, (2): go to dresser 1, (3): go to drawer 1
- Response:[BEGIN](2): go to dresser 1[END]
**Example 1:**
- Available Actions:(1): go to garbagecan 1, (2): take handtowel 1 from handtowelholder 1, (3): take faucet 1 from handtowelholder 1, (4): take handtowel 2 from handtowelholder 1
- Response:[BEGIN](2): go to dresser 1[END]

**Task Description:**
The task at hand is "put a clean cloth in toilet". The agent must find an objectof the desired type, pick it up, go to a sink or a basin, clean the object with a sink or basin, then find the correct location to place it, and put it down there.

**Available Actions:**
(1): go to bathtub 1
(2): go to countertop 1
(3): go to drawer 1
(4): go to drawer 3
(5): go to drawer 4
(6): go to drawer 5
(7): go to drawer 6
(8): go to drawer 7
(9): go to drawer 8
(10): go to sink 1
(11): go to garbagecan 1
(12): go to sinkbasin 1
(13): go to toiletpaperhanger 1
(14): go to toilet 1
(15): open drawer 2
(16): close drawer 2
(17): put soapbar 1 in/on drawer 2
(18): examine soapbar 1
(19): examine drawer 2

**Determine the appropriate action:**
- Identify relevant objects in the image related to the task.
- Evaluate each action's potential to successfully complete the task.

**Response:**
- Let's tink step-by-step.
- (i): [BEGIN][Selected Action][END]

Original VLM Response:
- (i): [BEGIN](3): go to drawer 1[END]

> Action: go to drawer 1
Running time: 3.9376864433288574 seconds

UNSUCCEED
