---------------------------------------------------------Scene: 24---------------------------------------------------------
--------------------------------------------------------------------------------------------------------------------------------------------------------------------
--------------------------------------------------------------------------------------------------------------------------------------------------------------------
Step:--------------------------------------------------------------------------1--------------------------------------------------------------------------
VLM Prompt:
<image>
Given an image depicting a complex scene with multiple elements, your objective is to analyze the scene of the image in relation to the specified task description and choose the appropriate action from a list of available actions to accomplish the task. There are two examples.

**Example 1:**
- Available Actions:(1): go to bed 1, (2): go to dresser 1, (3): go to drawer 1
- Response:[BEGIN](2): go to dresser 1[END]
**Example 1:**
- Available Actions:(1): go to garbagecan 1, (2): take handtowel 1 from handtowelholder 1, (3): take faucet 1 from handtowelholder 1, (4): take handtowel 2 from handtowelholder 1
- Response:[BEGIN](2): go to dresser 1[END]

**Task Description:**
The task at hand is "put a soapbottle in garbagecan". The agent must find an object of the desired type, pick it up, find the correct location to place it, and put it down there.

**Available Actions:**
(1): go to bathtub 1
(2): go to bathtubbasin 1
(3): go to cabinet 1
(4): go to cabinet 2
(5): go to countertop 1
(6): go to cabinet 3
(7): go to sink 1
(8): go to sink 2
(9): go to cabinet 4
(10): go to sinkbasin 1
(11): go to sinkbasin 2
(12): go to garbagecan 1
(13): go to toilet 1
(14): go to toiletpaperhanger 1

**Determine the appropriate action:**
- Identify relevant objects in the image related to the task.
- Evaluate each action's potential to successfully complete the task.

**Response:**
- Let's tink step-by-step.
- (i): [BEGIN][Selected Action][END]

Original VLM Response:
- (i): [BEGIN](12): go to garbagecan 1[END]

> Action: go to garbagecan 1
Running time: 3.590897798538208 seconds

Step:--------------------------------------------------------------------------2--------------------------------------------------------------------------
VLM Prompt:
<image>
Given an image depicting a complex scene with multiple elements, your objective is to analyze the scene of the image in relation to the specified task description and choose the appropriate action from a list of available actions to accomplish the task. There are two examples.

**Example 1:**
- Available Actions:(1): go to bed 1, (2): go to dresser 1, (3): go to drawer 1
- Response:[BEGIN](2): go to dresser 1[END]
**Example 1:**
- Available Actions:(1): go to garbagecan 1, (2): take handtowel 1 from handtowelholder 1, (3): take faucet 1 from handtowelholder 1, (4): take handtowel 2 from handtowelholder 1
- Response:[BEGIN](2): go to dresser 1[END]

**Task Description:**
The task at hand is "put a soapbottle in garbagecan". The agent must find an object of the desired type, pick it up, find the correct location to place it, and put it down there.

**Available Actions:**
(1): go to bathtub 1
(2): go to bathtubbasin 1
(3): go to cabinet 1
(4): go to cabinet 2
(5): go to countertop 1
(6): go to cabinet 3
(7): go to sink 1
(8): go to sink 2
(9): go to cabinet 4
(10): go to sinkbasin 1
(11): go to sinkbasin 2
(12): go to toilet 1
(13): go to toiletpaperhanger 1
(14): take towel 1 from garbagecan 1
(15): take faucet 1 from garbagecan 1
(16): take cloth 1 from garbagecan 1
(17): take faucet 2 from garbagecan 1
(18): examine garbagecan 1

**Determine the appropriate action:**
- Identify relevant objects in the image related to the task.
- Evaluate each action's potential to successfully complete the task.

**Response:**
- Let's tink step-by-step.
- (i): [BEGIN][Selected Action][END]

Original VLM Response:
- (i): [BEGIN](18): examine garbagecan 1[END]

> Action: examine garbagecan 1
Running time: 4.4929258823394775 seconds

Step:--------------------------------------------------------------------------3--------------------------------------------------------------------------
VLM Prompt:
<image>
Given an image depicting a complex scene with multiple elements, your objective is to analyze the scene of the image in relation to the specified task description and choose the appropriate action from a list of available actions to accomplish the task. There are two examples.

**Example 1:**
- Available Actions:(1): go to bed 1, (2): go to dresser 1, (3): go to drawer 1
- Response:[BEGIN](2): go to dresser 1[END]
**Example 1:**
- Available Actions:(1): go to garbagecan 1, (2): take handtowel 1 from handtowelholder 1, (3): take faucet 1 from handtowelholder 1, (4): take handtowel 2 from handtowelholder 1
- Response:[BEGIN](2): go to dresser 1[END]

**Task Description:**
The task at hand is "put a soapbottle in garbagecan". The agent must find an object of the desired type, pick it up, find the correct location to place it, and put it down there.

**Available Actions:**
(1): go to bathtub 1
(2): go to bathtubbasin 1
(3): go to cabinet 1
(4): go to cabinet 2
(5): go to countertop 1
(6): go to cabinet 3
(7): go to sink 1
(8): go to sink 2
(9): go to cabinet 4
(10): go to sinkbasin 1
(11): go to sinkbasin 2
(12): go to toilet 1
(13): go to toiletpaperhanger 1
(14): take towel 1 from garbagecan 1
(15): take faucet 1 from garbagecan 1
(16): take cloth 1 from garbagecan 1
(17): take faucet 2 from garbagecan 1
(18): examine garbagecan 1

**Determine the appropriate action:**
- Identify relevant objects in the image related to the task.
- Evaluate each action's potential to successfully complete the task.

**Response:**
- Let's tink step-by-step.
- (i): [BEGIN][Selected Action][END]

Original VLM Response:
- (i): [BEGIN](18): examine garbagecan 1[END]

> Action: examine garbagecan 1
Running time: 2.7007696628570557 seconds

Step:--------------------------------------------------------------------------4--------------------------------------------------------------------------
VLM Prompt:
<image>
Given an image depicting a complex scene with multiple elements, your objective is to analyze the scene of the image in relation to the specified task description and choose the appropriate action from a list of available actions to accomplish the task. There are two examples.

**Example 1:**
- Available Actions:(1): go to bed 1, (2): go to dresser 1, (3): go to drawer 1
- Response:[BEGIN](2): go to dresser 1[END]
**Example 1:**
- Available Actions:(1): go to garbagecan 1, (2): take handtowel 1 from handtowelholder 1, (3): take faucet 1 from handtowelholder 1, (4): take handtowel 2 from handtowelholder 1
- Response:[BEGIN](2): go to dresser 1[END]

**Task Description:**
The task at hand is "put a soapbottle in garbagecan". The agent must find an object of the desired type, pick it up, find the correct location to place it, and put it down there.

**Available Actions:**
(1): go to bathtub 1
(2): go to bathtubbasin 1
(3): go to cabinet 1
(4): go to cabinet 2
(5): go to countertop 1
(6): go to cabinet 3
(7): go to sink 1
(8): go to sink 2
(9): go to cabinet 4
(10): go to sinkbasin 1
(11): go to sinkbasin 2
(12): go to toilet 1
(13): go to toiletpaperhanger 1
(14): take towel 1 from garbagecan 1
(15): take faucet 1 from garbagecan 1
(16): take cloth 1 from garbagecan 1
(17): take faucet 2 from garbagecan 1
(18): examine garbagecan 1

**Determine the appropriate action:**
- Identify relevant objects in the image related to the task.
- Evaluate each action's potential to successfully complete the task.

**Response:**
- Let's tink step-by-step.
- (i): [BEGIN][Selected Action][END]

Original VLM Response:
- (i): [BEGIN](18): examine garbagecan 1[END]

> Action: examine garbagecan 1
Running time: 3.601653575897217 seconds

Step:--------------------------------------------------------------------------5--------------------------------------------------------------------------
VLM Prompt:
<image>
Given an image depicting a complex scene with multiple elements, your objective is to analyze the scene of the image in relation to the specified task description and choose the appropriate action from a list of available actions to accomplish the task. There are two examples.

**Example 1:**
- Available Actions:(1): go to bed 1, (2): go to dresser 1, (3): go to drawer 1
- Response:[BEGIN](2): go to dresser 1[END]
**Example 1:**
- Available Actions:(1): go to garbagecan 1, (2): take handtowel 1 from handtowelholder 1, (3): take faucet 1 from handtowelholder 1, (4): take handtowel 2 from handtowelholder 1
- Response:[BEGIN](2): go to dresser 1[END]

**Task Description:**
The task at hand is "put a soapbottle in garbagecan". The agent must find an object of the desired type, pick it up, find the correct location to place it, and put it down there.

**Available Actions:**
(1): go to bathtub 1
(2): go to bathtubbasin 1
(3): go to cabinet 1
(4): go to cabinet 2
(5): go to countertop 1
(6): go to cabinet 3
(7): go to sink 1
(8): go to sink 2
(9): go to cabinet 4
(10): go to sinkbasin 1
(11): go to sinkbasin 2
(12): go to toilet 1
(13): go to toiletpaperhanger 1
(14): take towel 1 from garbagecan 1
(15): take faucet 1 from garbagecan 1
(16): take cloth 1 from garbagecan 1
(17): take faucet 2 from garbagecan 1
(18): examine garbagecan 1

**Determine the appropriate action:**
- Identify relevant objects in the image related to the task.
- Evaluate each action's potential to successfully complete the task.

**Response:**
- Let's tink step-by-step.
- (i): [BEGIN][Selected Action][END]

Original VLM Response:
- (i): [BEGIN](18): examine garbagecan 1[END]

> Action: examine garbagecan 1
Running time: 4.237915277481079 seconds

Step:--------------------------------------------------------------------------6--------------------------------------------------------------------------
VLM Prompt:
<image>
Given an image depicting a complex scene with multiple elements, your objective is to analyze the scene of the image in relation to the specified task description and choose the appropriate action from a list of available actions to accomplish the task. There are two examples.

**Example 1:**
- Available Actions:(1): go to bed 1, (2): go to dresser 1, (3): go to drawer 1
- Response:[BEGIN](2): go to dresser 1[END]
**Example 1:**
- Available Actions:(1): go to garbagecan 1, (2): take handtowel 1 from handtowelholder 1, (3): take faucet 1 from handtowelholder 1, (4): take handtowel 2 from handtowelholder 1
- Response:[BEGIN](2): go to dresser 1[END]

**Task Description:**
The task at hand is "put a soapbottle in garbagecan". The agent must find an object of the desired type, pick it up, find the correct location to place it, and put it down there.

**Available Actions:**
(1): go to bathtub 1
(2): go to bathtubbasin 1
(3): go to cabinet 1
(4): go to cabinet 2
(5): go to countertop 1
(6): go to cabinet 3
(7): go to sink 1
(8): go to sink 2
(9): go to cabinet 4
(10): go to sinkbasin 1
(11): go to sinkbasin 2
(12): go to toilet 1
(13): go to toiletpaperhanger 1
(14): take towel 1 from garbagecan 1
(15): take faucet 1 from garbagecan 1
(16): take cloth 1 from garbagecan 1
(17): take faucet 2 from garbagecan 1
(18): examine garbagecan 1

**Determine the appropriate action:**
- Identify relevant objects in the image related to the task.
- Evaluate each action's potential to successfully complete the task.

**Response:**
- Let's tink step-by-step.
- (i): [BEGIN][Selected Action][END]

Original VLM Response:
- (i): [BEGIN](18): examine garbagecan 1[END]

> Action: examine garbagecan 1
Running time: 2.126932144165039 seconds

Step:--------------------------------------------------------------------------7--------------------------------------------------------------------------
VLM Prompt:
<image>
Given an image depicting a complex scene with multiple elements, your objective is to analyze the scene of the image in relation to the specified task description and choose the appropriate action from a list of available actions to accomplish the task. There are two examples.

**Example 1:**
- Available Actions:(1): go to bed 1, (2): go to dresser 1, (3): go to drawer 1
- Response:[BEGIN](2): go to dresser 1[END]
**Example 1:**
- Available Actions:(1): go to garbagecan 1, (2): take handtowel 1 from handtowelholder 1, (3): take faucet 1 from handtowelholder 1, (4): take handtowel 2 from handtowelholder 1
- Response:[BEGIN](2): go to dresser 1[END]

**Task Description:**
The task at hand is "put a soapbottle in garbagecan". The agent must find an object of the desired type, pick it up, find the correct location to place it, and put it down there.

**Available Actions:**
(1): go to bathtub 1
(2): go to bathtubbasin 1
(3): go to cabinet 1
(4): go to cabinet 2
(5): go to countertop 1
(6): go to cabinet 3
(7): go to sink 1
(8): go to sink 2
(9): go to cabinet 4
(10): go to sinkbasin 1
(11): go to sinkbasin 2
(12): go to toilet 1
(13): go to toiletpaperhanger 1
(14): take towel 1 from garbagecan 1
(15): take faucet 1 from garbagecan 1
(16): take cloth 1 from garbagecan 1
(17): take faucet 2 from garbagecan 1
(18): examine garbagecan 1

**Determine the appropriate action:**
- Identify relevant objects in the image related to the task.
- Evaluate each action's potential to successfully complete the task.

**Response:**
- Let's tink step-by-step.
- (i): [BEGIN][Selected Action][END]

Original VLM Response:
- (i): [BEGIN](18): examine garbagecan 1[END]

> Action: examine garbagecan 1
Running time: 2.7568631172180176 seconds

Step:--------------------------------------------------------------------------8--------------------------------------------------------------------------
VLM Prompt:
<image>
Given an image depicting a complex scene with multiple elements, your objective is to analyze the scene of the image in relation to the specified task description and choose the appropriate action from a list of available actions to accomplish the task. There are two examples.

**Example 1:**
- Available Actions:(1): go to bed 1, (2): go to dresser 1, (3): go to drawer 1
- Response:[BEGIN](2): go to dresser 1[END]
**Example 1:**
- Available Actions:(1): go to garbagecan 1, (2): take handtowel 1 from handtowelholder 1, (3): take faucet 1 from handtowelholder 1, (4): take handtowel 2 from handtowelholder 1
- Response:[BEGIN](2): go to dresser 1[END]

**Task Description:**
The task at hand is "put a soapbottle in garbagecan". The agent must find an object of the desired type, pick it up, find the correct location to place it, and put it down there.

**Available Actions:**
(1): go to bathtub 1
(2): go to bathtubbasin 1
(3): go to cabinet 1
(4): go to cabinet 2
(5): go to countertop 1
(6): go to cabinet 3
(7): go to sink 1
(8): go to sink 2
(9): go to cabinet 4
(10): go to sinkbasin 1
(11): go to sinkbasin 2
(12): go to toilet 1
(13): go to toiletpaperhanger 1
(14): take towel 1 from garbagecan 1
(15): take faucet 1 from garbagecan 1
(16): take cloth 1 from garbagecan 1
(17): take faucet 2 from garbagecan 1
(18): examine garbagecan 1

**Determine the appropriate action:**
- Identify relevant objects in the image related to the task.
- Evaluate each action's potential to successfully complete the task.

**Response:**
- Let's tink step-by-step.
- (i): [BEGIN][Selected Action][END]

Original VLM Response:
- (i): [BEGIN](18): examine garbagecan 1[END]

> Action: examine garbagecan 1
Running time: 3.1698384284973145 seconds

Step:--------------------------------------------------------------------------9--------------------------------------------------------------------------
VLM Prompt:
<image>
Given an image depicting a complex scene with multiple elements, your objective is to analyze the scene of the image in relation to the specified task description and choose the appropriate action from a list of available actions to accomplish the task. There are two examples.

**Example 1:**
- Available Actions:(1): go to bed 1, (2): go to dresser 1, (3): go to drawer 1
- Response:[BEGIN](2): go to dresser 1[END]
**Example 1:**
- Available Actions:(1): go to garbagecan 1, (2): take handtowel 1 from handtowelholder 1, (3): take faucet 1 from handtowelholder 1, (4): take handtowel 2 from handtowelholder 1
- Response:[BEGIN](2): go to dresser 1[END]

**Task Description:**
The task at hand is "put a soapbottle in garbagecan". The agent must find an object of the desired type, pick it up, find the correct location to place it, and put it down there.

**Available Actions:**
(1): go to bathtub 1
(2): go to bathtubbasin 1
(3): go to cabinet 1
(4): go to cabinet 2
(5): go to countertop 1
(6): go to cabinet 3
(7): go to sink 1
(8): go to sink 2
(9): go to cabinet 4
(10): go to sinkbasin 1
(11): go to sinkbasin 2
(12): go to toilet 1
(13): go to toiletpaperhanger 1
(14): take towel 1 from garbagecan 1
(15): take faucet 1 from garbagecan 1
(16): take cloth 1 from garbagecan 1
(17): take faucet 2 from garbagecan 1
(18): examine garbagecan 1

**Determine the appropriate action:**
- Identify relevant objects in the image related to the task.
- Evaluate each action's potential to successfully complete the task.

**Response:**
- Let's tink step-by-step.
- (i): [BEGIN][Selected Action][END]

Original VLM Response:
- (i): [BEGIN](18): examine garbagecan 1[END]

> Action: examine garbagecan 1
Running time: 2.448669910430908 seconds

Step:--------------------------------------------------------------------------10--------------------------------------------------------------------------
VLM Prompt:
<image>
Given an image depicting a complex scene with multiple elements, your objective is to analyze the scene of the image in relation to the specified task description and choose the appropriate action from a list of available actions to accomplish the task. There are two examples.

**Example 1:**
- Available Actions:(1): go to bed 1, (2): go to dresser 1, (3): go to drawer 1
- Response:[BEGIN](2): go to dresser 1[END]
**Example 1:**
- Available Actions:(1): go to garbagecan 1, (2): take handtowel 1 from handtowelholder 1, (3): take faucet 1 from handtowelholder 1, (4): take handtowel 2 from handtowelholder 1
- Response:[BEGIN](2): go to dresser 1[END]

**Task Description:**
The task at hand is "put a soapbottle in garbagecan". The agent must find an object of the desired type, pick it up, find the correct location to place it, and put it down there.

**Available Actions:**
(1): go to bathtub 1
(2): go to bathtubbasin 1
(3): go to cabinet 1
(4): go to cabinet 2
(5): go to countertop 1
(6): go to cabinet 3
(7): go to sink 1
(8): go to sink 2
(9): go to cabinet 4
(10): go to sinkbasin 1
(11): go to sinkbasin 2
(12): go to toilet 1
(13): go to toiletpaperhanger 1
(14): take towel 1 from garbagecan 1
(15): take faucet 1 from garbagecan 1
(16): take cloth 1 from garbagecan 1
(17): take faucet 2 from garbagecan 1
(18): examine garbagecan 1

**Determine the appropriate action:**
- Identify relevant objects in the image related to the task.
- Evaluate each action's potential to successfully complete the task.

**Response:**
- Let's tink step-by-step.
- (i): [BEGIN][Selected Action][END]

Original VLM Response:
- (i): [BEGIN](18): examine garbagecan 1[END]

> Action: examine garbagecan 1
Running time: 3.7119624614715576 seconds

Step:--------------------------------------------------------------------------11--------------------------------------------------------------------------
VLM Prompt:
<image>
Given an image depicting a complex scene with multiple elements, your objective is to analyze the scene of the image in relation to the specified task description and choose the appropriate action from a list of available actions to accomplish the task. There are two examples.

**Example 1:**
- Available Actions:(1): go to bed 1, (2): go to dresser 1, (3): go to drawer 1
- Response:[BEGIN](2): go to dresser 1[END]
**Example 1:**
- Available Actions:(1): go to garbagecan 1, (2): take handtowel 1 from handtowelholder 1, (3): take faucet 1 from handtowelholder 1, (4): take handtowel 2 from handtowelholder 1
- Response:[BEGIN](2): go to dresser 1[END]

**Task Description:**
The task at hand is "put a soapbottle in garbagecan". The agent must find an object of the desired type, pick it up, find the correct location to place it, and put it down there.

**Available Actions:**
(1): go to bathtub 1
(2): go to bathtubbasin 1
(3): go to cabinet 1
(4): go to cabinet 2
(5): go to countertop 1
(6): go to cabinet 3
(7): go to sink 1
(8): go to sink 2
(9): go to cabinet 4
(10): go to sinkbasin 1
(11): go to sinkbasin 2
(12): go to toilet 1
(13): go to toiletpaperhanger 1
(14): take towel 1 from garbagecan 1
(15): take faucet 1 from garbagecan 1
(16): take cloth 1 from garbagecan 1
(17): take faucet 2 from garbagecan 1
(18): examine garbagecan 1

**Determine the appropriate action:**
- Identify relevant objects in the image related to the task.
- Evaluate each action's potential to successfully complete the task.

**Response:**
- Let's tink step-by-step.
- (i): [BEGIN][Selected Action][END]

Original VLM Response:
- (i): [BEGIN](18): examine garbagecan 1[END]

> Action: examine garbagecan 1
Running time: 3.676013946533203 seconds

Step:--------------------------------------------------------------------------12--------------------------------------------------------------------------
VLM Prompt:
<image>
Given an image depicting a complex scene with multiple elements, your objective is to analyze the scene of the image in relation to the specified task description and choose the appropriate action from a list of available actions to accomplish the task. There are two examples.

**Example 1:**
- Available Actions:(1): go to bed 1, (2): go to dresser 1, (3): go to drawer 1
- Response:[BEGIN](2): go to dresser 1[END]
**Example 1:**
- Available Actions:(1): go to garbagecan 1, (2): take handtowel 1 from handtowelholder 1, (3): take faucet 1 from handtowelholder 1, (4): take handtowel 2 from handtowelholder 1
- Response:[BEGIN](2): go to dresser 1[END]

**Task Description:**
The task at hand is "put a soapbottle in garbagecan". The agent must find an object of the desired type, pick it up, find the correct location to place it, and put it down there.

**Available Actions:**
(1): go to bathtub 1
(2): go to bathtubbasin 1
(3): go to cabinet 1
(4): go to cabinet 2
(5): go to countertop 1
(6): go to cabinet 3
(7): go to sink 1
(8): go to sink 2
(9): go to cabinet 4
(10): go to sinkbasin 1
(11): go to sinkbasin 2
(12): go to toilet 1
(13): go to toiletpaperhanger 1
(14): take towel 1 from garbagecan 1
(15): take faucet 1 from garbagecan 1
(16): take cloth 1 from garbagecan 1
(17): take faucet 2 from garbagecan 1
(18): examine garbagecan 1

**Determine the appropriate action:**
- Identify relevant objects in the image related to the task.
- Evaluate each action's potential to successfully complete the task.

**Response:**
- Let's tink step-by-step.
- (i): [BEGIN][Selected Action][END]

Original VLM Response:
- (i): [BEGIN](18): examine garbagecan 1[END]

> Action: examine garbagecan 1
Running time: 2.589785099029541 seconds

Step:--------------------------------------------------------------------------13--------------------------------------------------------------------------
VLM Prompt:
<image>
Given an image depicting a complex scene with multiple elements, your objective is to analyze the scene of the image in relation to the specified task description and choose the appropriate action from a list of available actions to accomplish the task. There are two examples.

**Example 1:**
- Available Actions:(1): go to bed 1, (2): go to dresser 1, (3): go to drawer 1
- Response:[BEGIN](2): go to dresser 1[END]
**Example 1:**
- Available Actions:(1): go to garbagecan 1, (2): take handtowel 1 from handtowelholder 1, (3): take faucet 1 from handtowelholder 1, (4): take handtowel 2 from handtowelholder 1
- Response:[BEGIN](2): go to dresser 1[END]

**Task Description:**
The task at hand is "put a soapbottle in garbagecan". The agent must find an object of the desired type, pick it up, find the correct location to place it, and put it down there.

**Available Actions:**
(1): go to bathtub 1
(2): go to bathtubbasin 1
(3): go to cabinet 1
(4): go to cabinet 2
(5): go to countertop 1
(6): go to cabinet 3
(7): go to sink 1
(8): go to sink 2
(9): go to cabinet 4
(10): go to sinkbasin 1
(11): go to sinkbasin 2
(12): go to toilet 1
(13): go to toiletpaperhanger 1
(14): take towel 1 from garbagecan 1
(15): take faucet 1 from garbagecan 1
(16): take cloth 1 from garbagecan 1
(17): take faucet 2 from garbagecan 1
(18): examine garbagecan 1

**Determine the appropriate action:**
- Identify relevant objects in the image related to the task.
- Evaluate each action's potential to successfully complete the task.

**Response:**
- Let's tink step-by-step.
- (i): [BEGIN][Selected Action][END]

Original VLM Response:
- (i): [BEGIN](18): examine garbagecan 1[END]

> Action: examine garbagecan 1
Running time: 2.019524574279785 seconds

Step:--------------------------------------------------------------------------14--------------------------------------------------------------------------
VLM Prompt:
<image>
Given an image depicting a complex scene with multiple elements, your objective is to analyze the scene of the image in relation to the specified task description and choose the appropriate action from a list of available actions to accomplish the task. There are two examples.

**Example 1:**
- Available Actions:(1): go to bed 1, (2): go to dresser 1, (3): go to drawer 1
- Response:[BEGIN](2): go to dresser 1[END]
**Example 1:**
- Available Actions:(1): go to garbagecan 1, (2): take handtowel 1 from handtowelholder 1, (3): take faucet 1 from handtowelholder 1, (4): take handtowel 2 from handtowelholder 1
- Response:[BEGIN](2): go to dresser 1[END]

**Task Description:**
The task at hand is "put a soapbottle in garbagecan". The agent must find an object of the desired type, pick it up, find the correct location to place it, and put it down there.

**Available Actions:**
(1): go to bathtub 1
(2): go to bathtubbasin 1
(3): go to cabinet 1
(4): go to cabinet 2
(5): go to countertop 1
(6): go to cabinet 3
(7): go to sink 1
(8): go to sink 2
(9): go to cabinet 4
(10): go to sinkbasin 1
(11): go to sinkbasin 2
(12): go to toilet 1
(13): go to toiletpaperhanger 1
(14): take towel 1 from garbagecan 1
(15): take faucet 1 from garbagecan 1
(16): take cloth 1 from garbagecan 1
(17): take faucet 2 from garbagecan 1
(18): examine garbagecan 1

**Determine the appropriate action:**
- Identify relevant objects in the image related to the task.
- Evaluate each action's potential to successfully complete the task.

**Response:**
- Let's tink step-by-step.
- (i): [BEGIN][Selected Action][END]

Original VLM Response:
- (i): [BEGIN](18): examine garbagecan 1[END]

> Action: examine garbagecan 1
Running time: 2.032949924468994 seconds

Step:--------------------------------------------------------------------------15--------------------------------------------------------------------------
VLM Prompt:
<image>
Given an image depicting a complex scene with multiple elements, your objective is to analyze the scene of the image in relation to the specified task description and choose the appropriate action from a list of available actions to accomplish the task. There are two examples.

**Example 1:**
- Available Actions:(1): go to bed 1, (2): go to dresser 1, (3): go to drawer 1
- Response:[BEGIN](2): go to dresser 1[END]
**Example 1:**
- Available Actions:(1): go to garbagecan 1, (2): take handtowel 1 from handtowelholder 1, (3): take faucet 1 from handtowelholder 1, (4): take handtowel 2 from handtowelholder 1
- Response:[BEGIN](2): go to dresser 1[END]

**Task Description:**
The task at hand is "put a soapbottle in garbagecan". The agent must find an object of the desired type, pick it up, find the correct location to place it, and put it down there.

**Available Actions:**
(1): go to bathtub 1
(2): go to bathtubbasin 1
(3): go to cabinet 1
(4): go to cabinet 2
(5): go to countertop 1
(6): go to cabinet 3
(7): go to sink 1
(8): go to sink 2
(9): go to cabinet 4
(10): go to sinkbasin 1
(11): go to sinkbasin 2
(12): go to toilet 1
(13): go to toiletpaperhanger 1
(14): take towel 1 from garbagecan 1
(15): take faucet 1 from garbagecan 1
(16): take cloth 1 from garbagecan 1
(17): take faucet 2 from garbagecan 1
(18): examine garbagecan 1

**Determine the appropriate action:**
- Identify relevant objects in the image related to the task.
- Evaluate each action's potential to successfully complete the task.

**Response:**
- Let's tink step-by-step.
- (i): [BEGIN][Selected Action][END]

Original VLM Response:
- (i): [BEGIN](18): examine garbagecan 1[END]

> Action: examine garbagecan 1
Running time: 2.3378772735595703 seconds

Step:--------------------------------------------------------------------------16--------------------------------------------------------------------------
VLM Prompt:
<image>
Given an image depicting a complex scene with multiple elements, your objective is to analyze the scene of the image in relation to the specified task description and choose the appropriate action from a list of available actions to accomplish the task. There are two examples.

**Example 1:**
- Available Actions:(1): go to bed 1, (2): go to dresser 1, (3): go to drawer 1
- Response:[BEGIN](2): go to dresser 1[END]
**Example 1:**
- Available Actions:(1): go to garbagecan 1, (2): take handtowel 1 from handtowelholder 1, (3): take faucet 1 from handtowelholder 1, (4): take handtowel 2 from handtowelholder 1
- Response:[BEGIN](2): go to dresser 1[END]

**Task Description:**
The task at hand is "put a soapbottle in garbagecan". The agent must find an object of the desired type, pick it up, find the correct location to place it, and put it down there.

**Available Actions:**
(1): go to bathtub 1
(2): go to bathtubbasin 1
(3): go to cabinet 1
(4): go to cabinet 2
(5): go to countertop 1
(6): go to cabinet 3
(7): go to sink 1
(8): go to sink 2
(9): go to cabinet 4
(10): go to sinkbasin 1
(11): go to sinkbasin 2
(12): go to toilet 1
(13): go to toiletpaperhanger 1
(14): take towel 1 from garbagecan 1
(15): take faucet 1 from garbagecan 1
(16): take cloth 1 from garbagecan 1
(17): take faucet 2 from garbagecan 1
(18): examine garbagecan 1

**Determine the appropriate action:**
- Identify relevant objects in the image related to the task.
- Evaluate each action's potential to successfully complete the task.

**Response:**
- Let's tink step-by-step.
- (i): [BEGIN][Selected Action][END]

Original VLM Response:
- (i): [BEGIN](18): examine garbagecan 1[END]

> Action: examine garbagecan 1
Running time: 4.179263114929199 seconds

Step:--------------------------------------------------------------------------17--------------------------------------------------------------------------
VLM Prompt:
<image>
Given an image depicting a complex scene with multiple elements, your objective is to analyze the scene of the image in relation to the specified task description and choose the appropriate action from a list of available actions to accomplish the task. There are two examples.

**Example 1:**
- Available Actions:(1): go to bed 1, (2): go to dresser 1, (3): go to drawer 1
- Response:[BEGIN](2): go to dresser 1[END]
**Example 1:**
- Available Actions:(1): go to garbagecan 1, (2): take handtowel 1 from handtowelholder 1, (3): take faucet 1 from handtowelholder 1, (4): take handtowel 2 from handtowelholder 1
- Response:[BEGIN](2): go to dresser 1[END]

**Task Description:**
The task at hand is "put a soapbottle in garbagecan". The agent must find an object of the desired type, pick it up, find the correct location to place it, and put it down there.

**Available Actions:**
(1): go to bathtub 1
(2): go to bathtubbasin 1
(3): go to cabinet 1
(4): go to cabinet 2
(5): go to countertop 1
(6): go to cabinet 3
(7): go to sink 1
(8): go to sink 2
(9): go to cabinet 4
(10): go to sinkbasin 1
(11): go to sinkbasin 2
(12): go to toilet 1
(13): go to toiletpaperhanger 1
(14): take towel 1 from garbagecan 1
(15): take faucet 1 from garbagecan 1
(16): take cloth 1 from garbagecan 1
(17): take faucet 2 from garbagecan 1
(18): examine garbagecan 1

**Determine the appropriate action:**
- Identify relevant objects in the image related to the task.
- Evaluate each action's potential to successfully complete the task.

**Response:**
- Let's tink step-by-step.
- (i): [BEGIN][Selected Action][END]

Original VLM Response:
- (i): [BEGIN](18): examine garbagecan 1[END]

> Action: examine garbagecan 1
Running time: 2.269744634628296 seconds

Step:--------------------------------------------------------------------------18--------------------------------------------------------------------------
VLM Prompt:
<image>
Given an image depicting a complex scene with multiple elements, your objective is to analyze the scene of the image in relation to the specified task description and choose the appropriate action from a list of available actions to accomplish the task. There are two examples.

**Example 1:**
- Available Actions:(1): go to bed 1, (2): go to dresser 1, (3): go to drawer 1
- Response:[BEGIN](2): go to dresser 1[END]
**Example 1:**
- Available Actions:(1): go to garbagecan 1, (2): take handtowel 1 from handtowelholder 1, (3): take faucet 1 from handtowelholder 1, (4): take handtowel 2 from handtowelholder 1
- Response:[BEGIN](2): go to dresser 1[END]

**Task Description:**
The task at hand is "put a soapbottle in garbagecan". The agent must find an object of the desired type, pick it up, find the correct location to place it, and put it down there.

**Available Actions:**
(1): go to bathtub 1
(2): go to bathtubbasin 1
(3): go to cabinet 1
(4): go to cabinet 2
(5): go to countertop 1
(6): go to cabinet 3
(7): go to sink 1
(8): go to sink 2
(9): go to cabinet 4
(10): go to sinkbasin 1
(11): go to sinkbasin 2
(12): go to toilet 1
(13): go to toiletpaperhanger 1
(14): take towel 1 from garbagecan 1
(15): take faucet 1 from garbagecan 1
(16): take cloth 1 from garbagecan 1
(17): take faucet 2 from garbagecan 1
(18): examine garbagecan 1

**Determine the appropriate action:**
- Identify relevant objects in the image related to the task.
- Evaluate each action's potential to successfully complete the task.

**Response:**
- Let's tink step-by-step.
- (i): [BEGIN][Selected Action][END]

Original VLM Response:
- (i): [BEGIN](18): examine garbagecan 1[END]

> Action: examine garbagecan 1
Running time: 2.4455342292785645 seconds

Step:--------------------------------------------------------------------------19--------------------------------------------------------------------------
VLM Prompt:
<image>
Given an image depicting a complex scene with multiple elements, your objective is to analyze the scene of the image in relation to the specified task description and choose the appropriate action from a list of available actions to accomplish the task. There are two examples.

**Example 1:**
- Available Actions:(1): go to bed 1, (2): go to dresser 1, (3): go to drawer 1
- Response:[BEGIN](2): go to dresser 1[END]
**Example 1:**
- Available Actions:(1): go to garbagecan 1, (2): take handtowel 1 from handtowelholder 1, (3): take faucet 1 from handtowelholder 1, (4): take handtowel 2 from handtowelholder 1
- Response:[BEGIN](2): go to dresser 1[END]

**Task Description:**
The task at hand is "put a soapbottle in garbagecan". The agent must find an object of the desired type, pick it up, find the correct location to place it, and put it down there.

**Available Actions:**
(1): go to bathtub 1
(2): go to bathtubbasin 1
(3): go to cabinet 1
(4): go to cabinet 2
(5): go to countertop 1
(6): go to cabinet 3
(7): go to sink 1
(8): go to sink 2
(9): go to cabinet 4
(10): go to sinkbasin 1
(11): go to sinkbasin 2
(12): go to toilet 1
(13): go to toiletpaperhanger 1
(14): take towel 1 from garbagecan 1
(15): take faucet 1 from garbagecan 1
(16): take cloth 1 from garbagecan 1
(17): take faucet 2 from garbagecan 1
(18): examine garbagecan 1

**Determine the appropriate action:**
- Identify relevant objects in the image related to the task.
- Evaluate each action's potential to successfully complete the task.

**Response:**
- Let's tink step-by-step.
- (i): [BEGIN][Selected Action][END]

Original VLM Response:
- (i): [BEGIN](18): examine garbagecan 1[END]

> Action: examine garbagecan 1
Running time: 3.445542812347412 seconds

Step:--------------------------------------------------------------------------20--------------------------------------------------------------------------
VLM Prompt:
<image>
Given an image depicting a complex scene with multiple elements, your objective is to analyze the scene of the image in relation to the specified task description and choose the appropriate action from a list of available actions to accomplish the task. There are two examples.

**Example 1:**
- Available Actions:(1): go to bed 1, (2): go to dresser 1, (3): go to drawer 1
- Response:[BEGIN](2): go to dresser 1[END]
**Example 1:**
- Available Actions:(1): go to garbagecan 1, (2): take handtowel 1 from handtowelholder 1, (3): take faucet 1 from handtowelholder 1, (4): take handtowel 2 from handtowelholder 1
- Response:[BEGIN](2): go to dresser 1[END]

**Task Description:**
The task at hand is "put a soapbottle in garbagecan". The agent must find an object of the desired type, pick it up, find the correct location to place it, and put it down there.

**Available Actions:**
(1): go to bathtub 1
(2): go to bathtubbasin 1
(3): go to cabinet 1
(4): go to cabinet 2
(5): go to countertop 1
(6): go to cabinet 3
(7): go to sink 1
(8): go to sink 2
(9): go to cabinet 4
(10): go to sinkbasin 1
(11): go to sinkbasin 2
(12): go to toilet 1
(13): go to toiletpaperhanger 1
(14): take towel 1 from garbagecan 1
(15): take faucet 1 from garbagecan 1
(16): take cloth 1 from garbagecan 1
(17): take faucet 2 from garbagecan 1
(18): examine garbagecan 1

**Determine the appropriate action:**
- Identify relevant objects in the image related to the task.
- Evaluate each action's potential to successfully complete the task.

**Response:**
- Let's tink step-by-step.
- (i): [BEGIN][Selected Action][END]

Original VLM Response:
- (i): [BEGIN](18): examine garbagecan 1[END]

> Action: examine garbagecan 1
Running time: 2.927834987640381 seconds

Step:--------------------------------------------------------------------------21--------------------------------------------------------------------------
VLM Prompt:
<image>
Given an image depicting a complex scene with multiple elements, your objective is to analyze the scene of the image in relation to the specified task description and choose the appropriate action from a list of available actions to accomplish the task. There are two examples.

**Example 1:**
- Available Actions:(1): go to bed 1, (2): go to dresser 1, (3): go to drawer 1
- Response:[BEGIN](2): go to dresser 1[END]
**Example 1:**
- Available Actions:(1): go to garbagecan 1, (2): take handtowel 1 from handtowelholder 1, (3): take faucet 1 from handtowelholder 1, (4): take handtowel 2 from handtowelholder 1
- Response:[BEGIN](2): go to dresser 1[END]

**Task Description:**
The task at hand is "put a soapbottle in garbagecan". The agent must find an object of the desired type, pick it up, find the correct location to place it, and put it down there.

**Available Actions:**
(1): go to bathtub 1
(2): go to bathtubbasin 1
(3): go to cabinet 1
(4): go to cabinet 2
(5): go to countertop 1
(6): go to cabinet 3
(7): go to sink 1
(8): go to sink 2
(9): go to cabinet 4
(10): go to sinkbasin 1
(11): go to sinkbasin 2
(12): go to toilet 1
(13): go to toiletpaperhanger 1
(14): take towel 1 from garbagecan 1
(15): take faucet 1 from garbagecan 1
(16): take cloth 1 from garbagecan 1
(17): take faucet 2 from garbagecan 1
(18): examine garbagecan 1

**Determine the appropriate action:**
- Identify relevant objects in the image related to the task.
- Evaluate each action's potential to successfully complete the task.

**Response:**
- Let's tink step-by-step.
- (i): [BEGIN][Selected Action][END]

Original VLM Response:
- (i): [BEGIN](18): examine garbagecan 1[END]

> Action: examine garbagecan 1
Running time: 3.440199136734009 seconds

Step:--------------------------------------------------------------------------22--------------------------------------------------------------------------
VLM Prompt:
<image>
Given an image depicting a complex scene with multiple elements, your objective is to analyze the scene of the image in relation to the specified task description and choose the appropriate action from a list of available actions to accomplish the task. There are two examples.

**Example 1:**
- Available Actions:(1): go to bed 1, (2): go to dresser 1, (3): go to drawer 1
- Response:[BEGIN](2): go to dresser 1[END]
**Example 1:**
- Available Actions:(1): go to garbagecan 1, (2): take handtowel 1 from handtowelholder 1, (3): take faucet 1 from handtowelholder 1, (4): take handtowel 2 from handtowelholder 1
- Response:[BEGIN](2): go to dresser 1[END]

**Task Description:**
The task at hand is "put a soapbottle in garbagecan". The agent must find an object of the desired type, pick it up, find the correct location to place it, and put it down there.

**Available Actions:**
(1): go to bathtub 1
(2): go to bathtubbasin 1
(3): go to cabinet 1
(4): go to cabinet 2
(5): go to countertop 1
(6): go to cabinet 3
(7): go to sink 1
(8): go to sink 2
(9): go to cabinet 4
(10): go to sinkbasin 1
(11): go to sinkbasin 2
(12): go to toilet 1
(13): go to toiletpaperhanger 1
(14): take towel 1 from garbagecan 1
(15): take faucet 1 from garbagecan 1
(16): take cloth 1 from garbagecan 1
(17): take faucet 2 from garbagecan 1
(18): examine garbagecan 1

**Determine the appropriate action:**
- Identify relevant objects in the image related to the task.
- Evaluate each action's potential to successfully complete the task.

**Response:**
- Let's tink step-by-step.
- (i): [BEGIN][Selected Action][END]

Original VLM Response:
- (i): [BEGIN](18): examine garbagecan 1[END]

> Action: examine garbagecan 1
Running time: 2.117757797241211 seconds

Step:--------------------------------------------------------------------------23--------------------------------------------------------------------------
VLM Prompt:
<image>
Given an image depicting a complex scene with multiple elements, your objective is to analyze the scene of the image in relation to the specified task description and choose the appropriate action from a list of available actions to accomplish the task. There are two examples.

**Example 1:**
- Available Actions:(1): go to bed 1, (2): go to dresser 1, (3): go to drawer 1
- Response:[BEGIN](2): go to dresser 1[END]
**Example 1:**
- Available Actions:(1): go to garbagecan 1, (2): take handtowel 1 from handtowelholder 1, (3): take faucet 1 from handtowelholder 1, (4): take handtowel 2 from handtowelholder 1
- Response:[BEGIN](2): go to dresser 1[END]

**Task Description:**
The task at hand is "put a soapbottle in garbagecan". The agent must find an object of the desired type, pick it up, find the correct location to place it, and put it down there.

**Available Actions:**
(1): go to bathtub 1
(2): go to bathtubbasin 1
(3): go to cabinet 1
(4): go to cabinet 2
(5): go to countertop 1
(6): go to cabinet 3
(7): go to sink 1
(8): go to sink 2
(9): go to cabinet 4
(10): go to sinkbasin 1
(11): go to sinkbasin 2
(12): go to toilet 1
(13): go to toiletpaperhanger 1
(14): take towel 1 from garbagecan 1
(15): take faucet 1 from garbagecan 1
(16): take cloth 1 from garbagecan 1
(17): take faucet 2 from garbagecan 1
(18): examine garbagecan 1

**Determine the appropriate action:**
- Identify relevant objects in the image related to the task.
- Evaluate each action's potential to successfully complete the task.

**Response:**
- Let's tink step-by-step.
- (i): [BEGIN][Selected Action][END]

Original VLM Response:
- (i): [BEGIN](18): examine garbagecan 1[END]

> Action: examine garbagecan 1
Running time: 2.1186363697052 seconds

Step:--------------------------------------------------------------------------24--------------------------------------------------------------------------
VLM Prompt:
<image>
Given an image depicting a complex scene with multiple elements, your objective is to analyze the scene of the image in relation to the specified task description and choose the appropriate action from a list of available actions to accomplish the task. There are two examples.

**Example 1:**
- Available Actions:(1): go to bed 1, (2): go to dresser 1, (3): go to drawer 1
- Response:[BEGIN](2): go to dresser 1[END]
**Example 1:**
- Available Actions:(1): go to garbagecan 1, (2): take handtowel 1 from handtowelholder 1, (3): take faucet 1 from handtowelholder 1, (4): take handtowel 2 from handtowelholder 1
- Response:[BEGIN](2): go to dresser 1[END]

**Task Description:**
The task at hand is "put a soapbottle in garbagecan". The agent must find an object of the desired type, pick it up, find the correct location to place it, and put it down there.

**Available Actions:**
(1): go to bathtub 1
(2): go to bathtubbasin 1
(3): go to cabinet 1
(4): go to cabinet 2
(5): go to countertop 1
(6): go to cabinet 3
(7): go to sink 1
(8): go to sink 2
(9): go to cabinet 4
(10): go to sinkbasin 1
(11): go to sinkbasin 2
(12): go to toilet 1
(13): go to toiletpaperhanger 1
(14): take towel 1 from garbagecan 1
(15): take faucet 1 from garbagecan 1
(16): take cloth 1 from garbagecan 1
(17): take faucet 2 from garbagecan 1
(18): examine garbagecan 1

**Determine the appropriate action:**
- Identify relevant objects in the image related to the task.
- Evaluate each action's potential to successfully complete the task.

**Response:**
- Let's tink step-by-step.
- (i): [BEGIN][Selected Action][END]

Original VLM Response:
- (i): [BEGIN](18): examine garbagecan 1[END]

> Action: examine garbagecan 1
Running time: 3.1689858436584473 seconds

Step:--------------------------------------------------------------------------25--------------------------------------------------------------------------
VLM Prompt:
<image>
Given an image depicting a complex scene with multiple elements, your objective is to analyze the scene of the image in relation to the specified task description and choose the appropriate action from a list of available actions to accomplish the task. There are two examples.

**Example 1:**
- Available Actions:(1): go to bed 1, (2): go to dresser 1, (3): go to drawer 1
- Response:[BEGIN](2): go to dresser 1[END]
**Example 1:**
- Available Actions:(1): go to garbagecan 1, (2): take handtowel 1 from handtowelholder 1, (3): take faucet 1 from handtowelholder 1, (4): take handtowel 2 from handtowelholder 1
- Response:[BEGIN](2): go to dresser 1[END]

**Task Description:**
The task at hand is "put a soapbottle in garbagecan". The agent must find an object of the desired type, pick it up, find the correct location to place it, and put it down there.

**Available Actions:**
(1): go to bathtub 1
(2): go to bathtubbasin 1
(3): go to cabinet 1
(4): go to cabinet 2
(5): go to countertop 1
(6): go to cabinet 3
(7): go to sink 1
(8): go to sink 2
(9): go to cabinet 4
(10): go to sinkbasin 1
(11): go to sinkbasin 2
(12): go to toilet 1
(13): go to toiletpaperhanger 1
(14): take towel 1 from garbagecan 1
(15): take faucet 1 from garbagecan 1
(16): take cloth 1 from garbagecan 1
(17): take faucet 2 from garbagecan 1
(18): examine garbagecan 1

**Determine the appropriate action:**
- Identify relevant objects in the image related to the task.
- Evaluate each action's potential to successfully complete the task.

**Response:**
- Let's tink step-by-step.
- (i): [BEGIN][Selected Action][END]

Original VLM Response:
- (i): [BEGIN](18): examine garbagecan 1[END]

> Action: examine garbagecan 1
Running time: 2.252777099609375 seconds

Step:--------------------------------------------------------------------------26--------------------------------------------------------------------------
VLM Prompt:
<image>
Given an image depicting a complex scene with multiple elements, your objective is to analyze the scene of the image in relation to the specified task description and choose the appropriate action from a list of available actions to accomplish the task. There are two examples.

**Example 1:**
- Available Actions:(1): go to bed 1, (2): go to dresser 1, (3): go to drawer 1
- Response:[BEGIN](2): go to dresser 1[END]
**Example 1:**
- Available Actions:(1): go to garbagecan 1, (2): take handtowel 1 from handtowelholder 1, (3): take faucet 1 from handtowelholder 1, (4): take handtowel 2 from handtowelholder 1
- Response:[BEGIN](2): go to dresser 1[END]

**Task Description:**
The task at hand is "put a soapbottle in garbagecan". The agent must find an object of the desired type, pick it up, find the correct location to place it, and put it down there.

**Available Actions:**
(1): go to bathtub 1
(2): go to bathtubbasin 1
(3): go to cabinet 1
(4): go to cabinet 2
(5): go to countertop 1
(6): go to cabinet 3
(7): go to sink 1
(8): go to sink 2
(9): go to cabinet 4
(10): go to sinkbasin 1
(11): go to sinkbasin 2
(12): go to toilet 1
(13): go to toiletpaperhanger 1
(14): take towel 1 from garbagecan 1
(15): take faucet 1 from garbagecan 1
(16): take cloth 1 from garbagecan 1
(17): take faucet 2 from garbagecan 1
(18): examine garbagecan 1

**Determine the appropriate action:**
- Identify relevant objects in the image related to the task.
- Evaluate each action's potential to successfully complete the task.

**Response:**
- Let's tink step-by-step.
- (i): [BEGIN][Selected Action][END]

Original VLM Response:
- (i): [BEGIN](18): examine garbagecan 1[END]

> Action: examine garbagecan 1
Running time: 4.707060098648071 seconds

Step:--------------------------------------------------------------------------27--------------------------------------------------------------------------
VLM Prompt:
<image>
Given an image depicting a complex scene with multiple elements, your objective is to analyze the scene of the image in relation to the specified task description and choose the appropriate action from a list of available actions to accomplish the task. There are two examples.

**Example 1:**
- Available Actions:(1): go to bed 1, (2): go to dresser 1, (3): go to drawer 1
- Response:[BEGIN](2): go to dresser 1[END]
**Example 1:**
- Available Actions:(1): go to garbagecan 1, (2): take handtowel 1 from handtowelholder 1, (3): take faucet 1 from handtowelholder 1, (4): take handtowel 2 from handtowelholder 1
- Response:[BEGIN](2): go to dresser 1[END]

**Task Description:**
The task at hand is "put a soapbottle in garbagecan". The agent must find an object of the desired type, pick it up, find the correct location to place it, and put it down there.

**Available Actions:**
(1): go to bathtub 1
(2): go to bathtubbasin 1
(3): go to cabinet 1
(4): go to cabinet 2
(5): go to countertop 1
(6): go to cabinet 3
(7): go to sink 1
(8): go to sink 2
(9): go to cabinet 4
(10): go to sinkbasin 1
(11): go to sinkbasin 2
(12): go to toilet 1
(13): go to toiletpaperhanger 1
(14): take towel 1 from garbagecan 1
(15): take faucet 1 from garbagecan 1
(16): take cloth 1 from garbagecan 1
(17): take faucet 2 from garbagecan 1
(18): examine garbagecan 1

**Determine the appropriate action:**
- Identify relevant objects in the image related to the task.
- Evaluate each action's potential to successfully complete the task.

**Response:**
- Let's tink step-by-step.
- (i): [BEGIN][Selected Action][END]

Original VLM Response:
- (i): [BEGIN](18): examine garbagecan 1[END]

> Action: examine garbagecan 1
Running time: 2.3374996185302734 seconds

Step:--------------------------------------------------------------------------28--------------------------------------------------------------------------
VLM Prompt:
<image>
Given an image depicting a complex scene with multiple elements, your objective is to analyze the scene of the image in relation to the specified task description and choose the appropriate action from a list of available actions to accomplish the task. There are two examples.

**Example 1:**
- Available Actions:(1): go to bed 1, (2): go to dresser 1, (3): go to drawer 1
- Response:[BEGIN](2): go to dresser 1[END]
**Example 1:**
- Available Actions:(1): go to garbagecan 1, (2): take handtowel 1 from handtowelholder 1, (3): take faucet 1 from handtowelholder 1, (4): take handtowel 2 from handtowelholder 1
- Response:[BEGIN](2): go to dresser 1[END]

**Task Description:**
The task at hand is "put a soapbottle in garbagecan". The agent must find an object of the desired type, pick it up, find the correct location to place it, and put it down there.

**Available Actions:**
(1): go to bathtub 1
(2): go to bathtubbasin 1
(3): go to cabinet 1
(4): go to cabinet 2
(5): go to countertop 1
(6): go to cabinet 3
(7): go to sink 1
(8): go to sink 2
(9): go to cabinet 4
(10): go to sinkbasin 1
(11): go to sinkbasin 2
(12): go to toilet 1
(13): go to toiletpaperhanger 1
(14): take towel 1 from garbagecan 1
(15): take faucet 1 from garbagecan 1
(16): take cloth 1 from garbagecan 1
(17): take faucet 2 from garbagecan 1
(18): examine garbagecan 1

**Determine the appropriate action:**
- Identify relevant objects in the image related to the task.
- Evaluate each action's potential to successfully complete the task.

**Response:**
- Let's tink step-by-step.
- (i): [BEGIN][Selected Action][END]

Original VLM Response:
- (i): [BEGIN](18): examine garbagecan 1[END]

> Action: examine garbagecan 1
Running time: 2.1187987327575684 seconds

Step:--------------------------------------------------------------------------29--------------------------------------------------------------------------
VLM Prompt:
<image>
Given an image depicting a complex scene with multiple elements, your objective is to analyze the scene of the image in relation to the specified task description and choose the appropriate action from a list of available actions to accomplish the task. There are two examples.

**Example 1:**
- Available Actions:(1): go to bed 1, (2): go to dresser 1, (3): go to drawer 1
- Response:[BEGIN](2): go to dresser 1[END]
**Example 1:**
- Available Actions:(1): go to garbagecan 1, (2): take handtowel 1 from handtowelholder 1, (3): take faucet 1 from handtowelholder 1, (4): take handtowel 2 from handtowelholder 1
- Response:[BEGIN](2): go to dresser 1[END]

**Task Description:**
The task at hand is "put a soapbottle in garbagecan". The agent must find an object of the desired type, pick it up, find the correct location to place it, and put it down there.

**Available Actions:**
(1): go to bathtub 1
(2): go to bathtubbasin 1
(3): go to cabinet 1
(4): go to cabinet 2
(5): go to countertop 1
(6): go to cabinet 3
(7): go to sink 1
(8): go to sink 2
(9): go to cabinet 4
(10): go to sinkbasin 1
(11): go to sinkbasin 2
(12): go to toilet 1
(13): go to toiletpaperhanger 1
(14): take towel 1 from garbagecan 1
(15): take faucet 1 from garbagecan 1
(16): take cloth 1 from garbagecan 1
(17): take faucet 2 from garbagecan 1
(18): examine garbagecan 1

**Determine the appropriate action:**
- Identify relevant objects in the image related to the task.
- Evaluate each action's potential to successfully complete the task.

**Response:**
- Let's tink step-by-step.
- (i): [BEGIN][Selected Action][END]

Original VLM Response:
- (i): [BEGIN](18): examine garbagecan 1[END]

> Action: examine garbagecan 1
Running time: 2.3226118087768555 seconds

Step:--------------------------------------------------------------------------30--------------------------------------------------------------------------
VLM Prompt:
<image>
Given an image depicting a complex scene with multiple elements, your objective is to analyze the scene of the image in relation to the specified task description and choose the appropriate action from a list of available actions to accomplish the task. There are two examples.

**Example 1:**
- Available Actions:(1): go to bed 1, (2): go to dresser 1, (3): go to drawer 1
- Response:[BEGIN](2): go to dresser 1[END]
**Example 1:**
- Available Actions:(1): go to garbagecan 1, (2): take handtowel 1 from handtowelholder 1, (3): take faucet 1 from handtowelholder 1, (4): take handtowel 2 from handtowelholder 1
- Response:[BEGIN](2): go to dresser 1[END]

**Task Description:**
The task at hand is "put a soapbottle in garbagecan". The agent must find an object of the desired type, pick it up, find the correct location to place it, and put it down there.

**Available Actions:**
(1): go to bathtub 1
(2): go to bathtubbasin 1
(3): go to cabinet 1
(4): go to cabinet 2
(5): go to countertop 1
(6): go to cabinet 3
(7): go to sink 1
(8): go to sink 2
(9): go to cabinet 4
(10): go to sinkbasin 1
(11): go to sinkbasin 2
(12): go to toilet 1
(13): go to toiletpaperhanger 1
(14): take towel 1 from garbagecan 1
(15): take faucet 1 from garbagecan 1
(16): take cloth 1 from garbagecan 1
(17): take faucet 2 from garbagecan 1
(18): examine garbagecan 1

**Determine the appropriate action:**
- Identify relevant objects in the image related to the task.
- Evaluate each action's potential to successfully complete the task.

**Response:**
- Let's tink step-by-step.
- (i): [BEGIN][Selected Action][END]

Original VLM Response:
- (i): [BEGIN](18): examine garbagecan 1[END]

> Action: examine garbagecan 1
Running time: 3.895932674407959 seconds

Step:--------------------------------------------------------------------------31--------------------------------------------------------------------------
VLM Prompt:
<image>
Given an image depicting a complex scene with multiple elements, your objective is to analyze the scene of the image in relation to the specified task description and choose the appropriate action from a list of available actions to accomplish the task. There are two examples.

**Example 1:**
- Available Actions:(1): go to bed 1, (2): go to dresser 1, (3): go to drawer 1
- Response:[BEGIN](2): go to dresser 1[END]
**Example 1:**
- Available Actions:(1): go to garbagecan 1, (2): take handtowel 1 from handtowelholder 1, (3): take faucet 1 from handtowelholder 1, (4): take handtowel 2 from handtowelholder 1
- Response:[BEGIN](2): go to dresser 1[END]

**Task Description:**
The task at hand is "put a soapbottle in garbagecan". The agent must find an object of the desired type, pick it up, find the correct location to place it, and put it down there.

**Available Actions:**
(1): go to bathtub 1
(2): go to bathtubbasin 1
(3): go to cabinet 1
(4): go to cabinet 2
(5): go to countertop 1
(6): go to cabinet 3
(7): go to sink 1
(8): go to sink 2
(9): go to cabinet 4
(10): go to sinkbasin 1
(11): go to sinkbasin 2
(12): go to toilet 1
(13): go to toiletpaperhanger 1
(14): take towel 1 from garbagecan 1
(15): take faucet 1 from garbagecan 1
(16): take cloth 1 from garbagecan 1
(17): take faucet 2 from garbagecan 1
(18): examine garbagecan 1

**Determine the appropriate action:**
- Identify relevant objects in the image related to the task.
- Evaluate each action's potential to successfully complete the task.

**Response:**
- Let's tink step-by-step.
- (i): [BEGIN][Selected Action][END]

Original VLM Response:
- (i): [BEGIN](18): examine garbagecan 1[END]

> Action: examine garbagecan 1
Running time: 4.142472982406616 seconds

Step:--------------------------------------------------------------------------32--------------------------------------------------------------------------
VLM Prompt:
<image>
Given an image depicting a complex scene with multiple elements, your objective is to analyze the scene of the image in relation to the specified task description and choose the appropriate action from a list of available actions to accomplish the task. There are two examples.

**Example 1:**
- Available Actions:(1): go to bed 1, (2): go to dresser 1, (3): go to drawer 1
- Response:[BEGIN](2): go to dresser 1[END]
**Example 1:**
- Available Actions:(1): go to garbagecan 1, (2): take handtowel 1 from handtowelholder 1, (3): take faucet 1 from handtowelholder 1, (4): take handtowel 2 from handtowelholder 1
- Response:[BEGIN](2): go to dresser 1[END]

**Task Description:**
The task at hand is "put a soapbottle in garbagecan". The agent must find an object of the desired type, pick it up, find the correct location to place it, and put it down there.

**Available Actions:**
(1): go to bathtub 1
(2): go to bathtubbasin 1
(3): go to cabinet 1
(4): go to cabinet 2
(5): go to countertop 1
(6): go to cabinet 3
(7): go to sink 1
(8): go to sink 2
(9): go to cabinet 4
(10): go to sinkbasin 1
(11): go to sinkbasin 2
(12): go to toilet 1
(13): go to toiletpaperhanger 1
(14): take towel 1 from garbagecan 1
(15): take faucet 1 from garbagecan 1
(16): take cloth 1 from garbagecan 1
(17): take faucet 2 from garbagecan 1
(18): examine garbagecan 1

**Determine the appropriate action:**
- Identify relevant objects in the image related to the task.
- Evaluate each action's potential to successfully complete the task.

**Response:**
- Let's tink step-by-step.
- (i): [BEGIN][Selected Action][END]

Original VLM Response:
- (i): [BEGIN](18): examine garbagecan 1[END]

> Action: examine garbagecan 1
Running time: 3.494715452194214 seconds

Step:--------------------------------------------------------------------------33--------------------------------------------------------------------------
VLM Prompt:
<image>
Given an image depicting a complex scene with multiple elements, your objective is to analyze the scene of the image in relation to the specified task description and choose the appropriate action from a list of available actions to accomplish the task. There are two examples.

**Example 1:**
- Available Actions:(1): go to bed 1, (2): go to dresser 1, (3): go to drawer 1
- Response:[BEGIN](2): go to dresser 1[END]
**Example 1:**
- Available Actions:(1): go to garbagecan 1, (2): take handtowel 1 from handtowelholder 1, (3): take faucet 1 from handtowelholder 1, (4): take handtowel 2 from handtowelholder 1
- Response:[BEGIN](2): go to dresser 1[END]

**Task Description:**
The task at hand is "put a soapbottle in garbagecan". The agent must find an object of the desired type, pick it up, find the correct location to place it, and put it down there.

**Available Actions:**
(1): go to bathtub 1
(2): go to bathtubbasin 1
(3): go to cabinet 1
(4): go to cabinet 2
(5): go to countertop 1
(6): go to cabinet 3
(7): go to sink 1
(8): go to sink 2
(9): go to cabinet 4
(10): go to sinkbasin 1
(11): go to sinkbasin 2
(12): go to toilet 1
(13): go to toiletpaperhanger 1
(14): take towel 1 from garbagecan 1
(15): take faucet 1 from garbagecan 1
(16): take cloth 1 from garbagecan 1
(17): take faucet 2 from garbagecan 1
(18): examine garbagecan 1

**Determine the appropriate action:**
- Identify relevant objects in the image related to the task.
- Evaluate each action's potential to successfully complete the task.

**Response:**
- Let's tink step-by-step.
- (i): [BEGIN][Selected Action][END]

Original VLM Response:
- (i): [BEGIN](18): examine garbagecan 1[END]

> Action: examine garbagecan 1
Running time: 3.487569808959961 seconds

Step:--------------------------------------------------------------------------34--------------------------------------------------------------------------
VLM Prompt:
<image>
Given an image depicting a complex scene with multiple elements, your objective is to analyze the scene of the image in relation to the specified task description and choose the appropriate action from a list of available actions to accomplish the task. There are two examples.

**Example 1:**
- Available Actions:(1): go to bed 1, (2): go to dresser 1, (3): go to drawer 1
- Response:[BEGIN](2): go to dresser 1[END]
**Example 1:**
- Available Actions:(1): go to garbagecan 1, (2): take handtowel 1 from handtowelholder 1, (3): take faucet 1 from handtowelholder 1, (4): take handtowel 2 from handtowelholder 1
- Response:[BEGIN](2): go to dresser 1[END]

**Task Description:**
The task at hand is "put a soapbottle in garbagecan". The agent must find an object of the desired type, pick it up, find the correct location to place it, and put it down there.

**Available Actions:**
(1): go to bathtub 1
(2): go to bathtubbasin 1
(3): go to cabinet 1
(4): go to cabinet 2
(5): go to countertop 1
(6): go to cabinet 3
(7): go to sink 1
(8): go to sink 2
(9): go to cabinet 4
(10): go to sinkbasin 1
(11): go to sinkbasin 2
(12): go to toilet 1
(13): go to toiletpaperhanger 1
(14): take towel 1 from garbagecan 1
(15): take faucet 1 from garbagecan 1
(16): take cloth 1 from garbagecan 1
(17): take faucet 2 from garbagecan 1
(18): examine garbagecan 1

**Determine the appropriate action:**
- Identify relevant objects in the image related to the task.
- Evaluate each action's potential to successfully complete the task.

**Response:**
- Let's tink step-by-step.
- (i): [BEGIN][Selected Action][END]

Original VLM Response:
- (i): [BEGIN](18): examine garbagecan 1[END]

> Action: examine garbagecan 1
Running time: 3.1091816425323486 seconds

Step:--------------------------------------------------------------------------35--------------------------------------------------------------------------
VLM Prompt:
<image>
Given an image depicting a complex scene with multiple elements, your objective is to analyze the scene of the image in relation to the specified task description and choose the appropriate action from a list of available actions to accomplish the task. There are two examples.

**Example 1:**
- Available Actions:(1): go to bed 1, (2): go to dresser 1, (3): go to drawer 1
- Response:[BEGIN](2): go to dresser 1[END]
**Example 1:**
- Available Actions:(1): go to garbagecan 1, (2): take handtowel 1 from handtowelholder 1, (3): take faucet 1 from handtowelholder 1, (4): take handtowel 2 from handtowelholder 1
- Response:[BEGIN](2): go to dresser 1[END]

**Task Description:**
The task at hand is "put a soapbottle in garbagecan". The agent must find an object of the desired type, pick it up, find the correct location to place it, and put it down there.

**Available Actions:**
(1): go to bathtub 1
(2): go to bathtubbasin 1
(3): go to cabinet 1
(4): go to cabinet 2
(5): go to countertop 1
(6): go to cabinet 3
(7): go to sink 1
(8): go to sink 2
(9): go to cabinet 4
(10): go to sinkbasin 1
(11): go to sinkbasin 2
(12): go to toilet 1
(13): go to toiletpaperhanger 1
(14): take towel 1 from garbagecan 1
(15): take faucet 1 from garbagecan 1
(16): take cloth 1 from garbagecan 1
(17): take faucet 2 from garbagecan 1
(18): examine garbagecan 1

**Determine the appropriate action:**
- Identify relevant objects in the image related to the task.
- Evaluate each action's potential to successfully complete the task.

**Response:**
- Let's tink step-by-step.
- (i): [BEGIN][Selected Action][END]

Original VLM Response:
- (i): [BEGIN](18): examine garbagecan 1[END]

> Action: examine garbagecan 1
Running time: 3.323364019393921 seconds

Step:--------------------------------------------------------------------------36--------------------------------------------------------------------------
VLM Prompt:
<image>
Given an image depicting a complex scene with multiple elements, your objective is to analyze the scene of the image in relation to the specified task description and choose the appropriate action from a list of available actions to accomplish the task. There are two examples.

**Example 1:**
- Available Actions:(1): go to bed 1, (2): go to dresser 1, (3): go to drawer 1
- Response:[BEGIN](2): go to dresser 1[END]
**Example 1:**
- Available Actions:(1): go to garbagecan 1, (2): take handtowel 1 from handtowelholder 1, (3): take faucet 1 from handtowelholder 1, (4): take handtowel 2 from handtowelholder 1
- Response:[BEGIN](2): go to dresser 1[END]

**Task Description:**
The task at hand is "put a soapbottle in garbagecan". The agent must find an object of the desired type, pick it up, find the correct location to place it, and put it down there.

**Available Actions:**
(1): go to bathtub 1
(2): go to bathtubbasin 1
(3): go to cabinet 1
(4): go to cabinet 2
(5): go to countertop 1
(6): go to cabinet 3
(7): go to sink 1
(8): go to sink 2
(9): go to cabinet 4
(10): go to sinkbasin 1
(11): go to sinkbasin 2
(12): go to toilet 1
(13): go to toiletpaperhanger 1
(14): take towel 1 from garbagecan 1
(15): take faucet 1 from garbagecan 1
(16): take cloth 1 from garbagecan 1
(17): take faucet 2 from garbagecan 1
(18): examine garbagecan 1

**Determine the appropriate action:**
- Identify relevant objects in the image related to the task.
- Evaluate each action's potential to successfully complete the task.

**Response:**
- Let's tink step-by-step.
- (i): [BEGIN][Selected Action][END]

Original VLM Response:
- (i): [BEGIN](18): examine garbagecan 1[END]

> Action: examine garbagecan 1
Running time: 2.251561164855957 seconds

Step:--------------------------------------------------------------------------37--------------------------------------------------------------------------
VLM Prompt:
<image>
Given an image depicting a complex scene with multiple elements, your objective is to analyze the scene of the image in relation to the specified task description and choose the appropriate action from a list of available actions to accomplish the task. There are two examples.

**Example 1:**
- Available Actions:(1): go to bed 1, (2): go to dresser 1, (3): go to drawer 1
- Response:[BEGIN](2): go to dresser 1[END]
**Example 1:**
- Available Actions:(1): go to garbagecan 1, (2): take handtowel 1 from handtowelholder 1, (3): take faucet 1 from handtowelholder 1, (4): take handtowel 2 from handtowelholder 1
- Response:[BEGIN](2): go to dresser 1[END]

**Task Description:**
The task at hand is "put a soapbottle in garbagecan". The agent must find an object of the desired type, pick it up, find the correct location to place it, and put it down there.

**Available Actions:**
(1): go to bathtub 1
(2): go to bathtubbasin 1
(3): go to cabinet 1
(4): go to cabinet 2
(5): go to countertop 1
(6): go to cabinet 3
(7): go to sink 1
(8): go to sink 2
(9): go to cabinet 4
(10): go to sinkbasin 1
(11): go to sinkbasin 2
(12): go to toilet 1
(13): go to toiletpaperhanger 1
(14): take towel 1 from garbagecan 1
(15): take faucet 1 from garbagecan 1
(16): take cloth 1 from garbagecan 1
(17): take faucet 2 from garbagecan 1
(18): examine garbagecan 1

**Determine the appropriate action:**
- Identify relevant objects in the image related to the task.
- Evaluate each action's potential to successfully complete the task.

**Response:**
- Let's tink step-by-step.
- (i): [BEGIN][Selected Action][END]

Original VLM Response:
- (i): [BEGIN](18): examine garbagecan 1[END]

> Action: examine garbagecan 1
Running time: 2.151313543319702 seconds

Step:--------------------------------------------------------------------------38--------------------------------------------------------------------------
VLM Prompt:
<image>
Given an image depicting a complex scene with multiple elements, your objective is to analyze the scene of the image in relation to the specified task description and choose the appropriate action from a list of available actions to accomplish the task. There are two examples.

**Example 1:**
- Available Actions:(1): go to bed 1, (2): go to dresser 1, (3): go to drawer 1
- Response:[BEGIN](2): go to dresser 1[END]
**Example 1:**
- Available Actions:(1): go to garbagecan 1, (2): take handtowel 1 from handtowelholder 1, (3): take faucet 1 from handtowelholder 1, (4): take handtowel 2 from handtowelholder 1
- Response:[BEGIN](2): go to dresser 1[END]

**Task Description:**
The task at hand is "put a soapbottle in garbagecan". The agent must find an object of the desired type, pick it up, find the correct location to place it, and put it down there.

**Available Actions:**
(1): go to bathtub 1
(2): go to bathtubbasin 1
(3): go to cabinet 1
(4): go to cabinet 2
(5): go to countertop 1
(6): go to cabinet 3
(7): go to sink 1
(8): go to sink 2
(9): go to cabinet 4
(10): go to sinkbasin 1
(11): go to sinkbasin 2
(12): go to toilet 1
(13): go to toiletpaperhanger 1
(14): take towel 1 from garbagecan 1
(15): take faucet 1 from garbagecan 1
(16): take cloth 1 from garbagecan 1
(17): take faucet 2 from garbagecan 1
(18): examine garbagecan 1

**Determine the appropriate action:**
- Identify relevant objects in the image related to the task.
- Evaluate each action's potential to successfully complete the task.

**Response:**
- Let's tink step-by-step.
- (i): [BEGIN][Selected Action][END]

Original VLM Response:
- (i): [BEGIN](18): examine garbagecan 1[END]

> Action: examine garbagecan 1
Running time: 2.1979777812957764 seconds

Step:--------------------------------------------------------------------------39--------------------------------------------------------------------------
VLM Prompt:
<image>
Given an image depicting a complex scene with multiple elements, your objective is to analyze the scene of the image in relation to the specified task description and choose the appropriate action from a list of available actions to accomplish the task. There are two examples.

**Example 1:**
- Available Actions:(1): go to bed 1, (2): go to dresser 1, (3): go to drawer 1
- Response:[BEGIN](2): go to dresser 1[END]
**Example 1:**
- Available Actions:(1): go to garbagecan 1, (2): take handtowel 1 from handtowelholder 1, (3): take faucet 1 from handtowelholder 1, (4): take handtowel 2 from handtowelholder 1
- Response:[BEGIN](2): go to dresser 1[END]

**Task Description:**
The task at hand is "put a soapbottle in garbagecan". The agent must find an object of the desired type, pick it up, find the correct location to place it, and put it down there.

**Available Actions:**
(1): go to bathtub 1
(2): go to bathtubbasin 1
(3): go to cabinet 1
(4): go to cabinet 2
(5): go to countertop 1
(6): go to cabinet 3
(7): go to sink 1
(8): go to sink 2
(9): go to cabinet 4
(10): go to sinkbasin 1
(11): go to sinkbasin 2
(12): go to toilet 1
(13): go to toiletpaperhanger 1
(14): take towel 1 from garbagecan 1
(15): take faucet 1 from garbagecan 1
(16): take cloth 1 from garbagecan 1
(17): take faucet 2 from garbagecan 1
(18): examine garbagecan 1

**Determine the appropriate action:**
- Identify relevant objects in the image related to the task.
- Evaluate each action's potential to successfully complete the task.

**Response:**
- Let's tink step-by-step.
- (i): [BEGIN][Selected Action][END]

Original VLM Response:
- (i): [BEGIN](18): examine garbagecan 1[END]

> Action: examine garbagecan 1
Running time: 4.802079439163208 seconds

Step:--------------------------------------------------------------------------40--------------------------------------------------------------------------
VLM Prompt:
<image>
Given an image depicting a complex scene with multiple elements, your objective is to analyze the scene of the image in relation to the specified task description and choose the appropriate action from a list of available actions to accomplish the task. There are two examples.

**Example 1:**
- Available Actions:(1): go to bed 1, (2): go to dresser 1, (3): go to drawer 1
- Response:[BEGIN](2): go to dresser 1[END]
**Example 1:**
- Available Actions:(1): go to garbagecan 1, (2): take handtowel 1 from handtowelholder 1, (3): take faucet 1 from handtowelholder 1, (4): take handtowel 2 from handtowelholder 1
- Response:[BEGIN](2): go to dresser 1[END]

**Task Description:**
The task at hand is "put a soapbottle in garbagecan". The agent must find an object of the desired type, pick it up, find the correct location to place it, and put it down there.

**Available Actions:**
(1): go to bathtub 1
(2): go to bathtubbasin 1
(3): go to cabinet 1
(4): go to cabinet 2
(5): go to countertop 1
(6): go to cabinet 3
(7): go to sink 1
(8): go to sink 2
(9): go to cabinet 4
(10): go to sinkbasin 1
(11): go to sinkbasin 2
(12): go to toilet 1
(13): go to toiletpaperhanger 1
(14): take towel 1 from garbagecan 1
(15): take faucet 1 from garbagecan 1
(16): take cloth 1 from garbagecan 1
(17): take faucet 2 from garbagecan 1
(18): examine garbagecan 1

**Determine the appropriate action:**
- Identify relevant objects in the image related to the task.
- Evaluate each action's potential to successfully complete the task.

**Response:**
- Let's tink step-by-step.
- (i): [BEGIN][Selected Action][END]

Original VLM Response:
- (i): [BEGIN](18): examine garbagecan 1[END]

> Action: examine garbagecan 1
Running time: 4.345198631286621 seconds

Step:--------------------------------------------------------------------------41--------------------------------------------------------------------------
VLM Prompt:
<image>
Given an image depicting a complex scene with multiple elements, your objective is to analyze the scene of the image in relation to the specified task description and choose the appropriate action from a list of available actions to accomplish the task. There are two examples.

**Example 1:**
- Available Actions:(1): go to bed 1, (2): go to dresser 1, (3): go to drawer 1
- Response:[BEGIN](2): go to dresser 1[END]
**Example 1:**
- Available Actions:(1): go to garbagecan 1, (2): take handtowel 1 from handtowelholder 1, (3): take faucet 1 from handtowelholder 1, (4): take handtowel 2 from handtowelholder 1
- Response:[BEGIN](2): go to dresser 1[END]

**Task Description:**
The task at hand is "put a soapbottle in garbagecan". The agent must find an object of the desired type, pick it up, find the correct location to place it, and put it down there.

**Available Actions:**
(1): go to bathtub 1
(2): go to bathtubbasin 1
(3): go to cabinet 1
(4): go to cabinet 2
(5): go to countertop 1
(6): go to cabinet 3
(7): go to sink 1
(8): go to sink 2
(9): go to cabinet 4
(10): go to sinkbasin 1
(11): go to sinkbasin 2
(12): go to toilet 1
(13): go to toiletpaperhanger 1
(14): take towel 1 from garbagecan 1
(15): take faucet 1 from garbagecan 1
(16): take cloth 1 from garbagecan 1
(17): take faucet 2 from garbagecan 1
(18): examine garbagecan 1

**Determine the appropriate action:**
- Identify relevant objects in the image related to the task.
- Evaluate each action's potential to successfully complete the task.

**Response:**
- Let's tink step-by-step.
- (i): [BEGIN][Selected Action][END]

Original VLM Response:
- (i): [BEGIN](18): examine garbagecan 1[END]

> Action: examine garbagecan 1
Running time: 2.209489583969116 seconds

Step:--------------------------------------------------------------------------42--------------------------------------------------------------------------
VLM Prompt:
<image>
Given an image depicting a complex scene with multiple elements, your objective is to analyze the scene of the image in relation to the specified task description and choose the appropriate action from a list of available actions to accomplish the task. There are two examples.

**Example 1:**
- Available Actions:(1): go to bed 1, (2): go to dresser 1, (3): go to drawer 1
- Response:[BEGIN](2): go to dresser 1[END]
**Example 1:**
- Available Actions:(1): go to garbagecan 1, (2): take handtowel 1 from handtowelholder 1, (3): take faucet 1 from handtowelholder 1, (4): take handtowel 2 from handtowelholder 1
- Response:[BEGIN](2): go to dresser 1[END]

**Task Description:**
The task at hand is "put a soapbottle in garbagecan". The agent must find an object of the desired type, pick it up, find the correct location to place it, and put it down there.

**Available Actions:**
(1): go to bathtub 1
(2): go to bathtubbasin 1
(3): go to cabinet 1
(4): go to cabinet 2
(5): go to countertop 1
(6): go to cabinet 3
(7): go to sink 1
(8): go to sink 2
(9): go to cabinet 4
(10): go to sinkbasin 1
(11): go to sinkbasin 2
(12): go to toilet 1
(13): go to toiletpaperhanger 1
(14): take towel 1 from garbagecan 1
(15): take faucet 1 from garbagecan 1
(16): take cloth 1 from garbagecan 1
(17): take faucet 2 from garbagecan 1
(18): examine garbagecan 1

**Determine the appropriate action:**
- Identify relevant objects in the image related to the task.
- Evaluate each action's potential to successfully complete the task.

**Response:**
- Let's tink step-by-step.
- (i): [BEGIN][Selected Action][END]

Original VLM Response:
- (i): [BEGIN](18): examine garbagecan 1[END]

> Action: examine garbagecan 1
Running time: 3.4861392974853516 seconds

Step:--------------------------------------------------------------------------43--------------------------------------------------------------------------
VLM Prompt:
<image>
Given an image depicting a complex scene with multiple elements, your objective is to analyze the scene of the image in relation to the specified task description and choose the appropriate action from a list of available actions to accomplish the task. There are two examples.

**Example 1:**
- Available Actions:(1): go to bed 1, (2): go to dresser 1, (3): go to drawer 1
- Response:[BEGIN](2): go to dresser 1[END]
**Example 1:**
- Available Actions:(1): go to garbagecan 1, (2): take handtowel 1 from handtowelholder 1, (3): take faucet 1 from handtowelholder 1, (4): take handtowel 2 from handtowelholder 1
- Response:[BEGIN](2): go to dresser 1[END]

**Task Description:**
The task at hand is "put a soapbottle in garbagecan". The agent must find an object of the desired type, pick it up, find the correct location to place it, and put it down there.

**Available Actions:**
(1): go to bathtub 1
(2): go to bathtubbasin 1
(3): go to cabinet 1
(4): go to cabinet 2
(5): go to countertop 1
(6): go to cabinet 3
(7): go to sink 1
(8): go to sink 2
(9): go to cabinet 4
(10): go to sinkbasin 1
(11): go to sinkbasin 2
(12): go to toilet 1
(13): go to toiletpaperhanger 1
(14): take towel 1 from garbagecan 1
(15): take faucet 1 from garbagecan 1
(16): take cloth 1 from garbagecan 1
(17): take faucet 2 from garbagecan 1
(18): examine garbagecan 1

**Determine the appropriate action:**
- Identify relevant objects in the image related to the task.
- Evaluate each action's potential to successfully complete the task.

**Response:**
- Let's tink step-by-step.
- (i): [BEGIN][Selected Action][END]

Original VLM Response:
- (i): [BEGIN](18): examine garbagecan 1[END]

> Action: examine garbagecan 1
Running time: 2.6163041591644287 seconds

Step:--------------------------------------------------------------------------44--------------------------------------------------------------------------
VLM Prompt:
<image>
Given an image depicting a complex scene with multiple elements, your objective is to analyze the scene of the image in relation to the specified task description and choose the appropriate action from a list of available actions to accomplish the task. There are two examples.

**Example 1:**
- Available Actions:(1): go to bed 1, (2): go to dresser 1, (3): go to drawer 1
- Response:[BEGIN](2): go to dresser 1[END]
**Example 1:**
- Available Actions:(1): go to garbagecan 1, (2): take handtowel 1 from handtowelholder 1, (3): take faucet 1 from handtowelholder 1, (4): take handtowel 2 from handtowelholder 1
- Response:[BEGIN](2): go to dresser 1[END]

**Task Description:**
The task at hand is "put a soapbottle in garbagecan". The agent must find an object of the desired type, pick it up, find the correct location to place it, and put it down there.

**Available Actions:**
(1): go to bathtub 1
(2): go to bathtubbasin 1
(3): go to cabinet 1
(4): go to cabinet 2
(5): go to countertop 1
(6): go to cabinet 3
(7): go to sink 1
(8): go to sink 2
(9): go to cabinet 4
(10): go to sinkbasin 1
(11): go to sinkbasin 2
(12): go to toilet 1
(13): go to toiletpaperhanger 1
(14): take towel 1 from garbagecan 1
(15): take faucet 1 from garbagecan 1
(16): take cloth 1 from garbagecan 1
(17): take faucet 2 from garbagecan 1
(18): examine garbagecan 1

**Determine the appropriate action:**
- Identify relevant objects in the image related to the task.
- Evaluate each action's potential to successfully complete the task.

**Response:**
- Let's tink step-by-step.
- (i): [BEGIN][Selected Action][END]

Original VLM Response:
- (i): [BEGIN](18): examine garbagecan 1[END]

> Action: examine garbagecan 1
Running time: 3.497385025024414 seconds

Step:--------------------------------------------------------------------------45--------------------------------------------------------------------------
VLM Prompt:
<image>
Given an image depicting a complex scene with multiple elements, your objective is to analyze the scene of the image in relation to the specified task description and choose the appropriate action from a list of available actions to accomplish the task. There are two examples.

**Example 1:**
- Available Actions:(1): go to bed 1, (2): go to dresser 1, (3): go to drawer 1
- Response:[BEGIN](2): go to dresser 1[END]
**Example 1:**
- Available Actions:(1): go to garbagecan 1, (2): take handtowel 1 from handtowelholder 1, (3): take faucet 1 from handtowelholder 1, (4): take handtowel 2 from handtowelholder 1
- Response:[BEGIN](2): go to dresser 1[END]

**Task Description:**
The task at hand is "put a soapbottle in garbagecan". The agent must find an object of the desired type, pick it up, find the correct location to place it, and put it down there.

**Available Actions:**
(1): go to bathtub 1
(2): go to bathtubbasin 1
(3): go to cabinet 1
(4): go to cabinet 2
(5): go to countertop 1
(6): go to cabinet 3
(7): go to sink 1
(8): go to sink 2
(9): go to cabinet 4
(10): go to sinkbasin 1
(11): go to sinkbasin 2
(12): go to toilet 1
(13): go to toiletpaperhanger 1
(14): take towel 1 from garbagecan 1
(15): take faucet 1 from garbagecan 1
(16): take cloth 1 from garbagecan 1
(17): take faucet 2 from garbagecan 1
(18): examine garbagecan 1

**Determine the appropriate action:**
- Identify relevant objects in the image related to the task.
- Evaluate each action's potential to successfully complete the task.

**Response:**
- Let's tink step-by-step.
- (i): [BEGIN][Selected Action][END]

Original VLM Response:
- (i): [BEGIN](18): examine garbagecan 1[END]

> Action: examine garbagecan 1
Running time: 2.2029261589050293 seconds

Step:--------------------------------------------------------------------------46--------------------------------------------------------------------------
VLM Prompt:
<image>
Given an image depicting a complex scene with multiple elements, your objective is to analyze the scene of the image in relation to the specified task description and choose the appropriate action from a list of available actions to accomplish the task. There are two examples.

**Example 1:**
- Available Actions:(1): go to bed 1, (2): go to dresser 1, (3): go to drawer 1
- Response:[BEGIN](2): go to dresser 1[END]
**Example 1:**
- Available Actions:(1): go to garbagecan 1, (2): take handtowel 1 from handtowelholder 1, (3): take faucet 1 from handtowelholder 1, (4): take handtowel 2 from handtowelholder 1
- Response:[BEGIN](2): go to dresser 1[END]

**Task Description:**
The task at hand is "put a soapbottle in garbagecan". The agent must find an object of the desired type, pick it up, find the correct location to place it, and put it down there.

**Available Actions:**
(1): go to bathtub 1
(2): go to bathtubbasin 1
(3): go to cabinet 1
(4): go to cabinet 2
(5): go to countertop 1
(6): go to cabinet 3
(7): go to sink 1
(8): go to sink 2
(9): go to cabinet 4
(10): go to sinkbasin 1
(11): go to sinkbasin 2
(12): go to toilet 1
(13): go to toiletpaperhanger 1
(14): take towel 1 from garbagecan 1
(15): take faucet 1 from garbagecan 1
(16): take cloth 1 from garbagecan 1
(17): take faucet 2 from garbagecan 1
(18): examine garbagecan 1

**Determine the appropriate action:**
- Identify relevant objects in the image related to the task.
- Evaluate each action's potential to successfully complete the task.

**Response:**
- Let's tink step-by-step.
- (i): [BEGIN][Selected Action][END]

Original VLM Response:
- (i): [BEGIN](18): examine garbagecan 1[END]

> Action: examine garbagecan 1
Running time: 2.390232563018799 seconds

Step:--------------------------------------------------------------------------47--------------------------------------------------------------------------
VLM Prompt:
<image>
Given an image depicting a complex scene with multiple elements, your objective is to analyze the scene of the image in relation to the specified task description and choose the appropriate action from a list of available actions to accomplish the task. There are two examples.

**Example 1:**
- Available Actions:(1): go to bed 1, (2): go to dresser 1, (3): go to drawer 1
- Response:[BEGIN](2): go to dresser 1[END]
**Example 1:**
- Available Actions:(1): go to garbagecan 1, (2): take handtowel 1 from handtowelholder 1, (3): take faucet 1 from handtowelholder 1, (4): take handtowel 2 from handtowelholder 1
- Response:[BEGIN](2): go to dresser 1[END]

**Task Description:**
The task at hand is "put a soapbottle in garbagecan". The agent must find an object of the desired type, pick it up, find the correct location to place it, and put it down there.

**Available Actions:**
(1): go to bathtub 1
(2): go to bathtubbasin 1
(3): go to cabinet 1
(4): go to cabinet 2
(5): go to countertop 1
(6): go to cabinet 3
(7): go to sink 1
(8): go to sink 2
(9): go to cabinet 4
(10): go to sinkbasin 1
(11): go to sinkbasin 2
(12): go to toilet 1
(13): go to toiletpaperhanger 1
(14): take towel 1 from garbagecan 1
(15): take faucet 1 from garbagecan 1
(16): take cloth 1 from garbagecan 1
(17): take faucet 2 from garbagecan 1
(18): examine garbagecan 1

**Determine the appropriate action:**
- Identify relevant objects in the image related to the task.
- Evaluate each action's potential to successfully complete the task.

**Response:**
- Let's tink step-by-step.
- (i): [BEGIN][Selected Action][END]

Original VLM Response:
- (i): [BEGIN](18): examine garbagecan 1[END]

> Action: examine garbagecan 1
Running time: 3.1602578163146973 seconds

Step:--------------------------------------------------------------------------48--------------------------------------------------------------------------
VLM Prompt:
<image>
Given an image depicting a complex scene with multiple elements, your objective is to analyze the scene of the image in relation to the specified task description and choose the appropriate action from a list of available actions to accomplish the task. There are two examples.

**Example 1:**
- Available Actions:(1): go to bed 1, (2): go to dresser 1, (3): go to drawer 1
- Response:[BEGIN](2): go to dresser 1[END]
**Example 1:**
- Available Actions:(1): go to garbagecan 1, (2): take handtowel 1 from handtowelholder 1, (3): take faucet 1 from handtowelholder 1, (4): take handtowel 2 from handtowelholder 1
- Response:[BEGIN](2): go to dresser 1[END]

**Task Description:**
The task at hand is "put a soapbottle in garbagecan". The agent must find an object of the desired type, pick it up, find the correct location to place it, and put it down there.

**Available Actions:**
(1): go to bathtub 1
(2): go to bathtubbasin 1
(3): go to cabinet 1
(4): go to cabinet 2
(5): go to countertop 1
(6): go to cabinet 3
(7): go to sink 1
(8): go to sink 2
(9): go to cabinet 4
(10): go to sinkbasin 1
(11): go to sinkbasin 2
(12): go to toilet 1
(13): go to toiletpaperhanger 1
(14): take towel 1 from garbagecan 1
(15): take faucet 1 from garbagecan 1
(16): take cloth 1 from garbagecan 1
(17): take faucet 2 from garbagecan 1
(18): examine garbagecan 1

**Determine the appropriate action:**
- Identify relevant objects in the image related to the task.
- Evaluate each action's potential to successfully complete the task.

**Response:**
- Let's tink step-by-step.
- (i): [BEGIN][Selected Action][END]

Original VLM Response:
- (i): [BEGIN](18): examine garbagecan 1[END]

> Action: examine garbagecan 1
Running time: 3.3318936824798584 seconds

Step:--------------------------------------------------------------------------49--------------------------------------------------------------------------
VLM Prompt:
<image>
Given an image depicting a complex scene with multiple elements, your objective is to analyze the scene of the image in relation to the specified task description and choose the appropriate action from a list of available actions to accomplish the task. There are two examples.

**Example 1:**
- Available Actions:(1): go to bed 1, (2): go to dresser 1, (3): go to drawer 1
- Response:[BEGIN](2): go to dresser 1[END]
**Example 1:**
- Available Actions:(1): go to garbagecan 1, (2): take handtowel 1 from handtowelholder 1, (3): take faucet 1 from handtowelholder 1, (4): take handtowel 2 from handtowelholder 1
- Response:[BEGIN](2): go to dresser 1[END]

**Task Description:**
The task at hand is "put a soapbottle in garbagecan". The agent must find an object of the desired type, pick it up, find the correct location to place it, and put it down there.

**Available Actions:**
(1): go to bathtub 1
(2): go to bathtubbasin 1
(3): go to cabinet 1
(4): go to cabinet 2
(5): go to countertop 1
(6): go to cabinet 3
(7): go to sink 1
(8): go to sink 2
(9): go to cabinet 4
(10): go to sinkbasin 1
(11): go to sinkbasin 2
(12): go to toilet 1
(13): go to toiletpaperhanger 1
(14): take towel 1 from garbagecan 1
(15): take faucet 1 from garbagecan 1
(16): take cloth 1 from garbagecan 1
(17): take faucet 2 from garbagecan 1
(18): examine garbagecan 1

**Determine the appropriate action:**
- Identify relevant objects in the image related to the task.
- Evaluate each action's potential to successfully complete the task.

**Response:**
- Let's tink step-by-step.
- (i): [BEGIN][Selected Action][END]

Original VLM Response:
- (i): [BEGIN](18): examine garbagecan 1[END]

> Action: examine garbagecan 1
Running time: 3.2673239707946777 seconds

Step:--------------------------------------------------------------------------50--------------------------------------------------------------------------
VLM Prompt:
<image>
Given an image depicting a complex scene with multiple elements, your objective is to analyze the scene of the image in relation to the specified task description and choose the appropriate action from a list of available actions to accomplish the task. There are two examples.

**Example 1:**
- Available Actions:(1): go to bed 1, (2): go to dresser 1, (3): go to drawer 1
- Response:[BEGIN](2): go to dresser 1[END]
**Example 1:**
- Available Actions:(1): go to garbagecan 1, (2): take handtowel 1 from handtowelholder 1, (3): take faucet 1 from handtowelholder 1, (4): take handtowel 2 from handtowelholder 1
- Response:[BEGIN](2): go to dresser 1[END]

**Task Description:**
The task at hand is "put a soapbottle in garbagecan". The agent must find an object of the desired type, pick it up, find the correct location to place it, and put it down there.

**Available Actions:**
(1): go to bathtub 1
(2): go to bathtubbasin 1
(3): go to cabinet 1
(4): go to cabinet 2
(5): go to countertop 1
(6): go to cabinet 3
(7): go to sink 1
(8): go to sink 2
(9): go to cabinet 4
(10): go to sinkbasin 1
(11): go to sinkbasin 2
(12): go to toilet 1
(13): go to toiletpaperhanger 1
(14): take towel 1 from garbagecan 1
(15): take faucet 1 from garbagecan 1
(16): take cloth 1 from garbagecan 1
(17): take faucet 2 from garbagecan 1
(18): examine garbagecan 1

**Determine the appropriate action:**
- Identify relevant objects in the image related to the task.
- Evaluate each action's potential to successfully complete the task.

**Response:**
- Let's tink step-by-step.
- (i): [BEGIN][Selected Action][END]

Original VLM Response:
- (i): [BEGIN](18): examine garbagecan 1[END]

> Action: examine garbagecan 1
Running time: 3.366349697113037 seconds

UNSUCCEED
