---------------------------------------------------------Scene: 4---------------------------------------------------------
--------------------------------------------------------------------------------------------------------------------------------------------------------------------
--------------------------------------------------------------------------------------------------------------------------------------------------------------------
Step:--------------------------------------------------------------------------1--------------------------------------------------------------------------
VLM Prompt:
<image>
Given images depicting complex scenes with multiple elements, your objective is to analyze scenes of the image in relation to the specified task description and choose the appropriate action from a list of available actions to accomplish the task. There are two examples.

**Example 1:**
- Available Actions:(1): go to bed 1, (2): go to dresser 1, (3): go to drawer 1
- Response:[BEGIN](2): go to dresser 1[END]
**Example 2:**
- Available Actions:(1): go to garbagecan 1, (2): take handtowel 1 from handtowelholder 1, (3): take faucet 1 from handtowelholder 1, (4): take handtowel 2 from handtowelholder 1
- Response:[BEGIN](2): take handtowel 1 from handtowelholder 1[END]

**Task Description:**
The task at hand is "look at keychain under the floorlamp". The agent must find an object of the desired type, locate and turn on a light source with the desired object in-hand.

**Available Actions:**
(1): go to armchair 1
(2): go to sof1
(3): go to coffeetable 1
(4): go to tvstand 1
(5): go to garbagecan 1
(6): go to sidetable 1

**Determine the appropriate action:**
- Identify relevant objects in the image related to the task.
- Evaluate each action's potential to successfully complete the task.

**Response:**
- Let's tink step-by-step.
- (i): [BEGIN][Selected Action][END]

Original VLM Response:
- (i): [BEGIN](4): go to tvstand 1[END]

> Action: go to tvstand 1
Running time: 2.4061758518218994 seconds

Step:--------------------------------------------------------------------------2--------------------------------------------------------------------------
VLM Prompt:
<image>
<image>
Given images depicting complex scenes with multiple elements, your objective is to analyze scenes of the image in relation to the specified task description and choose the appropriate action from a list of available actions to accomplish the task. There are two examples.

**Example 1:**
- Available Actions:(1): go to bed 1, (2): go to dresser 1, (3): go to drawer 1
- Response:[BEGIN](2): go to dresser 1[END]
**Example 2:**
- Available Actions:(1): go to garbagecan 1, (2): take handtowel 1 from handtowelholder 1, (3): take faucet 1 from handtowelholder 1, (4): take handtowel 2 from handtowelholder 1
- Response:[BEGIN](2): take handtowel 1 from handtowelholder 1[END]

**Task Description:**
The task at hand is "look at keychain under the floorlamp". The agent must find an object of the desired type, locate and turn on a light source with the desired object in-hand.

**Available Actions:**
(1): go to armchair 1
(2): go to sof1
(3): go to coffeetable 1
(4): go to garbagecan 1
(5): go to sidetable 1
(6): take television 1 from tvstand 1
(7): take laptop 1 from tvstand 1
(8): take keychain 1 from tvstand 1
(9): examine tvstand 1

**Determine the appropriate action:**
- Identify relevant objects in the image related to the task.
- Evaluate each action's potential to successfully complete the task.

**Response:**
- Let's tink step-by-step.
- (i): [BEGIN][Selected Action][END]

Original VLM Response:
- (i): [BEGIN](8): take keychain 1 from tvstand 1[END]

> Action: take keychain 1 from tvstand 1
Running time: 4.673891067504883 seconds

Step:--------------------------------------------------------------------------3--------------------------------------------------------------------------
VLM Prompt:
<image>
<image>
<image>
Given images depicting complex scenes with multiple elements, your objective is to analyze scenes of the image in relation to the specified task description and choose the appropriate action from a list of available actions to accomplish the task. There are two examples.

**Example 1:**
- Available Actions:(1): go to bed 1, (2): go to dresser 1, (3): go to drawer 1
- Response:[BEGIN](2): go to dresser 1[END]
**Example 2:**
- Available Actions:(1): go to garbagecan 1, (2): take handtowel 1 from handtowelholder 1, (3): take faucet 1 from handtowelholder 1, (4): take handtowel 2 from handtowelholder 1
- Response:[BEGIN](2): take handtowel 1 from handtowelholder 1[END]

**Task Description:**
The task at hand is "look at keychain under the floorlamp". The agent must find an object of the desired type, locate and turn on a light source with the desired object in-hand.

**Available Actions:**
(1): go to armchair 1
(2): go to sof1
(3): go to coffeetable 1
(4): go to garbagecan 1
(5): go to sidetable 1
(6): put keychain 1 in/on tvstand 1
(7): examine keychain 1
(8): examine tvstand 1

**Determine the appropriate action:**
- Identify relevant objects in the image related to the task.
- Evaluate each action's potential to successfully complete the task.

**Response:**
- Let's tink step-by-step.
- (i): [BEGIN][Selected Action][END]

Original VLM Response:
- (i): [BEGIN](7): examine keychain 1[END]

> Action: examine keychain 1
Running time: 4.321387767791748 seconds

Step:--------------------------------------------------------------------------4--------------------------------------------------------------------------
VLM Prompt:
<image>
<image>
<image>
Given images depicting complex scenes with multiple elements, your objective is to analyze scenes of the image in relation to the specified task description and choose the appropriate action from a list of available actions to accomplish the task. There are two examples.

**Example 1:**
- Available Actions:(1): go to bed 1, (2): go to dresser 1, (3): go to drawer 1
- Response:[BEGIN](2): go to dresser 1[END]
**Example 2:**
- Available Actions:(1): go to garbagecan 1, (2): take handtowel 1 from handtowelholder 1, (3): take faucet 1 from handtowelholder 1, (4): take handtowel 2 from handtowelholder 1
- Response:[BEGIN](2): take handtowel 1 from handtowelholder 1[END]

**Task Description:**
The task at hand is "look at keychain under the floorlamp". The agent must find an object of the desired type, locate and turn on a light source with the desired object in-hand.

**Available Actions:**
(1): go to armchair 1
(2): go to sof1
(3): go to coffeetable 1
(4): go to garbagecan 1
(5): go to sidetable 1
(6): put keychain 1 in/on tvstand 1
(7): examine keychain 1
(8): examine tvstand 1

**Determine the appropriate action:**
- Identify relevant objects in the image related to the task.
- Evaluate each action's potential to successfully complete the task.

**Response:**
- Let's tink step-by-step.
- (i): [BEGIN][Selected Action][END]

Original VLM Response:
- (i): [BEGIN](7): examine keychain 1[END]

> Action: examine keychain 1
Running time: 3.987065076828003 seconds

Step:--------------------------------------------------------------------------5--------------------------------------------------------------------------
VLM Prompt:
<image>
<image>
<image>
Given images depicting complex scenes with multiple elements, your objective is to analyze scenes of the image in relation to the specified task description and choose the appropriate action from a list of available actions to accomplish the task. There are two examples.

**Example 1:**
- Available Actions:(1): go to bed 1, (2): go to dresser 1, (3): go to drawer 1
- Response:[BEGIN](2): go to dresser 1[END]
**Example 2:**
- Available Actions:(1): go to garbagecan 1, (2): take handtowel 1 from handtowelholder 1, (3): take faucet 1 from handtowelholder 1, (4): take handtowel 2 from handtowelholder 1
- Response:[BEGIN](2): take handtowel 1 from handtowelholder 1[END]

**Task Description:**
The task at hand is "look at keychain under the floorlamp". The agent must find an object of the desired type, locate and turn on a light source with the desired object in-hand.

**Available Actions:**
(1): go to armchair 1
(2): go to sof1
(3): go to coffeetable 1
(4): go to garbagecan 1
(5): go to sidetable 1
(6): put keychain 1 in/on tvstand 1
(7): examine keychain 1
(8): examine tvstand 1

**Determine the appropriate action:**
- Identify relevant objects in the image related to the task.
- Evaluate each action's potential to successfully complete the task.

**Response:**
- Let's tink step-by-step.
- (i): [BEGIN][Selected Action][END]

Original VLM Response:
- (i): [BEGIN](7): examine keychain 1[END]

> Action: examine keychain 1
Running time: 3.2035460472106934 seconds

Step:--------------------------------------------------------------------------6--------------------------------------------------------------------------
VLM Prompt:
<image>
<image>
<image>
Given images depicting complex scenes with multiple elements, your objective is to analyze scenes of the image in relation to the specified task description and choose the appropriate action from a list of available actions to accomplish the task. There are two examples.

**Example 1:**
- Available Actions:(1): go to bed 1, (2): go to dresser 1, (3): go to drawer 1
- Response:[BEGIN](2): go to dresser 1[END]
**Example 2:**
- Available Actions:(1): go to garbagecan 1, (2): take handtowel 1 from handtowelholder 1, (3): take faucet 1 from handtowelholder 1, (4): take handtowel 2 from handtowelholder 1
- Response:[BEGIN](2): take handtowel 1 from handtowelholder 1[END]

**Task Description:**
The task at hand is "look at keychain under the floorlamp". The agent must find an object of the desired type, locate and turn on a light source with the desired object in-hand.

**Available Actions:**
(1): go to armchair 1
(2): go to sof1
(3): go to coffeetable 1
(4): go to garbagecan 1
(5): go to sidetable 1
(6): put keychain 1 in/on tvstand 1
(7): examine keychain 1
(8): examine tvstand 1

**Determine the appropriate action:**
- Identify relevant objects in the image related to the task.
- Evaluate each action's potential to successfully complete the task.

**Response:**
- Let's tink step-by-step.
- (i): [BEGIN][Selected Action][END]

Original VLM Response:
- (i): [BEGIN](7): examine keychain 1[END]

> Action: examine keychain 1
Running time: 3.7992916107177734 seconds

Step:--------------------------------------------------------------------------7--------------------------------------------------------------------------
VLM Prompt:
<image>
<image>
<image>
Given images depicting complex scenes with multiple elements, your objective is to analyze scenes of the image in relation to the specified task description and choose the appropriate action from a list of available actions to accomplish the task. There are two examples.

**Example 1:**
- Available Actions:(1): go to bed 1, (2): go to dresser 1, (3): go to drawer 1
- Response:[BEGIN](2): go to dresser 1[END]
**Example 2:**
- Available Actions:(1): go to garbagecan 1, (2): take handtowel 1 from handtowelholder 1, (3): take faucet 1 from handtowelholder 1, (4): take handtowel 2 from handtowelholder 1
- Response:[BEGIN](2): take handtowel 1 from handtowelholder 1[END]

**Task Description:**
The task at hand is "look at keychain under the floorlamp". The agent must find an object of the desired type, locate and turn on a light source with the desired object in-hand.

**Available Actions:**
(1): go to armchair 1
(2): go to sof1
(3): go to coffeetable 1
(4): go to garbagecan 1
(5): go to sidetable 1
(6): put keychain 1 in/on tvstand 1
(7): examine keychain 1
(8): examine tvstand 1

**Determine the appropriate action:**
- Identify relevant objects in the image related to the task.
- Evaluate each action's potential to successfully complete the task.

**Response:**
- Let's tink step-by-step.
- (i): [BEGIN][Selected Action][END]

Original VLM Response:
- (ii): [BEGIN](7): examine keychain 1[END]

> Action: examine keychain 1
Running time: 3.844151496887207 seconds

Step:--------------------------------------------------------------------------8--------------------------------------------------------------------------
VLM Prompt:
<image>
<image>
<image>
Given images depicting complex scenes with multiple elements, your objective is to analyze scenes of the image in relation to the specified task description and choose the appropriate action from a list of available actions to accomplish the task. There are two examples.

**Example 1:**
- Available Actions:(1): go to bed 1, (2): go to dresser 1, (3): go to drawer 1
- Response:[BEGIN](2): go to dresser 1[END]
**Example 2:**
- Available Actions:(1): go to garbagecan 1, (2): take handtowel 1 from handtowelholder 1, (3): take faucet 1 from handtowelholder 1, (4): take handtowel 2 from handtowelholder 1
- Response:[BEGIN](2): take handtowel 1 from handtowelholder 1[END]

**Task Description:**
The task at hand is "look at keychain under the floorlamp". The agent must find an object of the desired type, locate and turn on a light source with the desired object in-hand.

**Available Actions:**
(1): go to armchair 1
(2): go to sof1
(3): go to coffeetable 1
(4): go to garbagecan 1
(5): go to sidetable 1
(6): put keychain 1 in/on tvstand 1
(7): examine keychain 1
(8): examine tvstand 1

**Determine the appropriate action:**
- Identify relevant objects in the image related to the task.
- Evaluate each action's potential to successfully complete the task.

**Response:**
- Let's tink step-by-step.
- (i): [BEGIN][Selected Action][END]

Original VLM Response:
- (i): [BEGIN](7): examine keychain 1[END]

> Action: examine keychain 1
Running time: 3.044447183609009 seconds

Step:--------------------------------------------------------------------------9--------------------------------------------------------------------------
VLM Prompt:
<image>
<image>
<image>
Given images depicting complex scenes with multiple elements, your objective is to analyze scenes of the image in relation to the specified task description and choose the appropriate action from a list of available actions to accomplish the task. There are two examples.

**Example 1:**
- Available Actions:(1): go to bed 1, (2): go to dresser 1, (3): go to drawer 1
- Response:[BEGIN](2): go to dresser 1[END]
**Example 2:**
- Available Actions:(1): go to garbagecan 1, (2): take handtowel 1 from handtowelholder 1, (3): take faucet 1 from handtowelholder 1, (4): take handtowel 2 from handtowelholder 1
- Response:[BEGIN](2): take handtowel 1 from handtowelholder 1[END]

**Task Description:**
The task at hand is "look at keychain under the floorlamp". The agent must find an object of the desired type, locate and turn on a light source with the desired object in-hand.

**Available Actions:**
(1): go to armchair 1
(2): go to sof1
(3): go to coffeetable 1
(4): go to garbagecan 1
(5): go to sidetable 1
(6): put keychain 1 in/on tvstand 1
(7): examine keychain 1
(8): examine tvstand 1

**Determine the appropriate action:**
- Identify relevant objects in the image related to the task.
- Evaluate each action's potential to successfully complete the task.

**Response:**
- Let's tink step-by-step.
- (i): [BEGIN][Selected Action][END]

Original VLM Response:
- (i): [BEGIN](7): examine keychain 1[END]

> Action: examine keychain 1
Running time: 3.852849245071411 seconds

Step:--------------------------------------------------------------------------10--------------------------------------------------------------------------
VLM Prompt:
<image>
<image>
<image>
Given images depicting complex scenes with multiple elements, your objective is to analyze scenes of the image in relation to the specified task description and choose the appropriate action from a list of available actions to accomplish the task. There are two examples.

**Example 1:**
- Available Actions:(1): go to bed 1, (2): go to dresser 1, (3): go to drawer 1
- Response:[BEGIN](2): go to dresser 1[END]
**Example 2:**
- Available Actions:(1): go to garbagecan 1, (2): take handtowel 1 from handtowelholder 1, (3): take faucet 1 from handtowelholder 1, (4): take handtowel 2 from handtowelholder 1
- Response:[BEGIN](2): take handtowel 1 from handtowelholder 1[END]

**Task Description:**
The task at hand is "look at keychain under the floorlamp". The agent must find an object of the desired type, locate and turn on a light source with the desired object in-hand.

**Available Actions:**
(1): go to armchair 1
(2): go to sof1
(3): go to coffeetable 1
(4): go to garbagecan 1
(5): go to sidetable 1
(6): put keychain 1 in/on tvstand 1
(7): examine keychain 1
(8): examine tvstand 1

**Determine the appropriate action:**
- Identify relevant objects in the image related to the task.
- Evaluate each action's potential to successfully complete the task.

**Response:**
- Let's tink step-by-step.
- (i): [BEGIN][Selected Action][END]

Original VLM Response:
- (i): [BEGIN](7): examine keychain 1[END]

> Action: examine keychain 1
Running time: 3.031494617462158 seconds

Step:--------------------------------------------------------------------------11--------------------------------------------------------------------------
VLM Prompt:
<image>
<image>
<image>
Given images depicting complex scenes with multiple elements, your objective is to analyze scenes of the image in relation to the specified task description and choose the appropriate action from a list of available actions to accomplish the task. There are two examples.

**Example 1:**
- Available Actions:(1): go to bed 1, (2): go to dresser 1, (3): go to drawer 1
- Response:[BEGIN](2): go to dresser 1[END]
**Example 2:**
- Available Actions:(1): go to garbagecan 1, (2): take handtowel 1 from handtowelholder 1, (3): take faucet 1 from handtowelholder 1, (4): take handtowel 2 from handtowelholder 1
- Response:[BEGIN](2): take handtowel 1 from handtowelholder 1[END]

**Task Description:**
The task at hand is "look at keychain under the floorlamp". The agent must find an object of the desired type, locate and turn on a light source with the desired object in-hand.

**Available Actions:**
(1): go to armchair 1
(2): go to sof1
(3): go to coffeetable 1
(4): go to garbagecan 1
(5): go to sidetable 1
(6): put keychain 1 in/on tvstand 1
(7): examine keychain 1
(8): examine tvstand 1

**Determine the appropriate action:**
- Identify relevant objects in the image related to the task.
- Evaluate each action's potential to successfully complete the task.

**Response:**
- Let's tink step-by-step.
- (i): [BEGIN][Selected Action][END]

Original VLM Response:
- (i): [BEGIN](7): examine keychain 1[END]

> Action: examine keychain 1
Running time: 3.5206847190856934 seconds

Step:--------------------------------------------------------------------------12--------------------------------------------------------------------------
VLM Prompt:
<image>
<image>
<image>
Given images depicting complex scenes with multiple elements, your objective is to analyze scenes of the image in relation to the specified task description and choose the appropriate action from a list of available actions to accomplish the task. There are two examples.

**Example 1:**
- Available Actions:(1): go to bed 1, (2): go to dresser 1, (3): go to drawer 1
- Response:[BEGIN](2): go to dresser 1[END]
**Example 2:**
- Available Actions:(1): go to garbagecan 1, (2): take handtowel 1 from handtowelholder 1, (3): take faucet 1 from handtowelholder 1, (4): take handtowel 2 from handtowelholder 1
- Response:[BEGIN](2): take handtowel 1 from handtowelholder 1[END]

**Task Description:**
The task at hand is "look at keychain under the floorlamp". The agent must find an object of the desired type, locate and turn on a light source with the desired object in-hand.

**Available Actions:**
(1): go to armchair 1
(2): go to sof1
(3): go to coffeetable 1
(4): go to garbagecan 1
(5): go to sidetable 1
(6): put keychain 1 in/on tvstand 1
(7): examine keychain 1
(8): examine tvstand 1

**Determine the appropriate action:**
- Identify relevant objects in the image related to the task.
- Evaluate each action's potential to successfully complete the task.

**Response:**
- Let's tink step-by-step.
- (i): [BEGIN][Selected Action][END]

Original VLM Response:
- (i): [BEGIN](7): examine keychain 1[END]

> Action: examine keychain 1
Running time: 3.03589129447937 seconds

Step:--------------------------------------------------------------------------13--------------------------------------------------------------------------
VLM Prompt:
<image>
<image>
<image>
Given images depicting complex scenes with multiple elements, your objective is to analyze scenes of the image in relation to the specified task description and choose the appropriate action from a list of available actions to accomplish the task. There are two examples.

**Example 1:**
- Available Actions:(1): go to bed 1, (2): go to dresser 1, (3): go to drawer 1
- Response:[BEGIN](2): go to dresser 1[END]
**Example 2:**
- Available Actions:(1): go to garbagecan 1, (2): take handtowel 1 from handtowelholder 1, (3): take faucet 1 from handtowelholder 1, (4): take handtowel 2 from handtowelholder 1
- Response:[BEGIN](2): take handtowel 1 from handtowelholder 1[END]

**Task Description:**
The task at hand is "look at keychain under the floorlamp". The agent must find an object of the desired type, locate and turn on a light source with the desired object in-hand.

**Available Actions:**
(1): go to armchair 1
(2): go to sof1
(3): go to coffeetable 1
(4): go to garbagecan 1
(5): go to sidetable 1
(6): put keychain 1 in/on tvstand 1
(7): examine keychain 1
(8): examine tvstand 1

**Determine the appropriate action:**
- Identify relevant objects in the image related to the task.
- Evaluate each action's potential to successfully complete the task.

**Response:**
- Let's tink step-by-step.
- (i): [BEGIN][Selected Action][END]

Original VLM Response:
- (i): [BEGIN](7): examine keychain 1[END]

> Action: examine keychain 1
Running time: 20.694236993789673 seconds

Step:--------------------------------------------------------------------------14--------------------------------------------------------------------------
VLM Prompt:
<image>
<image>
<image>
Given images depicting complex scenes with multiple elements, your objective is to analyze scenes of the image in relation to the specified task description and choose the appropriate action from a list of available actions to accomplish the task. There are two examples.

**Example 1:**
- Available Actions:(1): go to bed 1, (2): go to dresser 1, (3): go to drawer 1
- Response:[BEGIN](2): go to dresser 1[END]
**Example 2:**
- Available Actions:(1): go to garbagecan 1, (2): take handtowel 1 from handtowelholder 1, (3): take faucet 1 from handtowelholder 1, (4): take handtowel 2 from handtowelholder 1
- Response:[BEGIN](2): take handtowel 1 from handtowelholder 1[END]

**Task Description:**
The task at hand is "look at keychain under the floorlamp". The agent must find an object of the desired type, locate and turn on a light source with the desired object in-hand.

**Available Actions:**
(1): go to armchair 1
(2): go to sof1
(3): go to coffeetable 1
(4): go to garbagecan 1
(5): go to sidetable 1
(6): put keychain 1 in/on tvstand 1
(7): examine keychain 1
(8): examine tvstand 1

**Determine the appropriate action:**
- Identify relevant objects in the image related to the task.
- Evaluate each action's potential to successfully complete the task.

**Response:**
- Let's tink step-by-step.
- (i): [BEGIN][Selected Action][END]

Original VLM Response:
- (i): [BEGIN](7): examine keychain 1[END]

> Action: examine keychain 1
Running time: 3.0855350494384766 seconds

Step:--------------------------------------------------------------------------15--------------------------------------------------------------------------
VLM Prompt:
<image>
<image>
<image>
Given images depicting complex scenes with multiple elements, your objective is to analyze scenes of the image in relation to the specified task description and choose the appropriate action from a list of available actions to accomplish the task. There are two examples.

**Example 1:**
- Available Actions:(1): go to bed 1, (2): go to dresser 1, (3): go to drawer 1
- Response:[BEGIN](2): go to dresser 1[END]
**Example 2:**
- Available Actions:(1): go to garbagecan 1, (2): take handtowel 1 from handtowelholder 1, (3): take faucet 1 from handtowelholder 1, (4): take handtowel 2 from handtowelholder 1
- Response:[BEGIN](2): take handtowel 1 from handtowelholder 1[END]

**Task Description:**
The task at hand is "look at keychain under the floorlamp". The agent must find an object of the desired type, locate and turn on a light source with the desired object in-hand.

**Available Actions:**
(1): go to armchair 1
(2): go to sof1
(3): go to coffeetable 1
(4): go to garbagecan 1
(5): go to sidetable 1
(6): put keychain 1 in/on tvstand 1
(7): examine keychain 1
(8): examine tvstand 1

**Determine the appropriate action:**
- Identify relevant objects in the image related to the task.
- Evaluate each action's potential to successfully complete the task.

**Response:**
- Let's tink step-by-step.
- (i): [BEGIN][Selected Action][END]

Original VLM Response:
- (i): [BEGIN](7): examine keychain 1[END]

> Action: examine keychain 1
Running time: 4.050025939941406 seconds

Step:--------------------------------------------------------------------------16--------------------------------------------------------------------------
VLM Prompt:
<image>
<image>
<image>
Given images depicting complex scenes with multiple elements, your objective is to analyze scenes of the image in relation to the specified task description and choose the appropriate action from a list of available actions to accomplish the task. There are two examples.

**Example 1:**
- Available Actions:(1): go to bed 1, (2): go to dresser 1, (3): go to drawer 1
- Response:[BEGIN](2): go to dresser 1[END]
**Example 2:**
- Available Actions:(1): go to garbagecan 1, (2): take handtowel 1 from handtowelholder 1, (3): take faucet 1 from handtowelholder 1, (4): take handtowel 2 from handtowelholder 1
- Response:[BEGIN](2): take handtowel 1 from handtowelholder 1[END]

**Task Description:**
The task at hand is "look at keychain under the floorlamp". The agent must find an object of the desired type, locate and turn on a light source with the desired object in-hand.

**Available Actions:**
(1): go to armchair 1
(2): go to sof1
(3): go to coffeetable 1
(4): go to garbagecan 1
(5): go to sidetable 1
(6): put keychain 1 in/on tvstand 1
(7): examine keychain 1
(8): examine tvstand 1

**Determine the appropriate action:**
- Identify relevant objects in the image related to the task.
- Evaluate each action's potential to successfully complete the task.

**Response:**
- Let's tink step-by-step.
- (i): [BEGIN][Selected Action][END]

Original VLM Response:
- (i): [BEGIN](7): examine keychain 1[END]

> Action: examine keychain 1
Running time: 3.8134679794311523 seconds

Step:--------------------------------------------------------------------------17--------------------------------------------------------------------------
VLM Prompt:
<image>
<image>
<image>
Given images depicting complex scenes with multiple elements, your objective is to analyze scenes of the image in relation to the specified task description and choose the appropriate action from a list of available actions to accomplish the task. There are two examples.

**Example 1:**
- Available Actions:(1): go to bed 1, (2): go to dresser 1, (3): go to drawer 1
- Response:[BEGIN](2): go to dresser 1[END]
**Example 2:**
- Available Actions:(1): go to garbagecan 1, (2): take handtowel 1 from handtowelholder 1, (3): take faucet 1 from handtowelholder 1, (4): take handtowel 2 from handtowelholder 1
- Response:[BEGIN](2): take handtowel 1 from handtowelholder 1[END]

**Task Description:**
The task at hand is "look at keychain under the floorlamp". The agent must find an object of the desired type, locate and turn on a light source with the desired object in-hand.

**Available Actions:**
(1): go to armchair 1
(2): go to sof1
(3): go to coffeetable 1
(4): go to garbagecan 1
(5): go to sidetable 1
(6): put keychain 1 in/on tvstand 1
(7): examine keychain 1
(8): examine tvstand 1

**Determine the appropriate action:**
- Identify relevant objects in the image related to the task.
- Evaluate each action's potential to successfully complete the task.

**Response:**
- Let's tink step-by-step.
- (i): [BEGIN][Selected Action][END]

Original VLM Response:
- (i): [BEGIN](7): examine keychain 1[END]

> Action: examine keychain 1
Running time: 6.483060598373413 seconds

Step:--------------------------------------------------------------------------18--------------------------------------------------------------------------
VLM Prompt:
<image>
<image>
<image>
Given images depicting complex scenes with multiple elements, your objective is to analyze scenes of the image in relation to the specified task description and choose the appropriate action from a list of available actions to accomplish the task. There are two examples.

**Example 1:**
- Available Actions:(1): go to bed 1, (2): go to dresser 1, (3): go to drawer 1
- Response:[BEGIN](2): go to dresser 1[END]
**Example 2:**
- Available Actions:(1): go to garbagecan 1, (2): take handtowel 1 from handtowelholder 1, (3): take faucet 1 from handtowelholder 1, (4): take handtowel 2 from handtowelholder 1
- Response:[BEGIN](2): take handtowel 1 from handtowelholder 1[END]

**Task Description:**
The task at hand is "look at keychain under the floorlamp". The agent must find an object of the desired type, locate and turn on a light source with the desired object in-hand.

**Available Actions:**
(1): go to armchair 1
(2): go to sof1
(3): go to coffeetable 1
(4): go to garbagecan 1
(5): go to sidetable 1
(6): put keychain 1 in/on tvstand 1
(7): examine keychain 1
(8): examine tvstand 1

**Determine the appropriate action:**
- Identify relevant objects in the image related to the task.
- Evaluate each action's potential to successfully complete the task.

**Response:**
- Let's tink step-by-step.
- (i): [BEGIN][Selected Action][END]

Original VLM Response:
- (i): [BEGIN](7): examine keychain 1[END]

> Action: examine keychain 1
Running time: 3.1129653453826904 seconds

Step:--------------------------------------------------------------------------19--------------------------------------------------------------------------
VLM Prompt:
<image>
<image>
<image>
Given images depicting complex scenes with multiple elements, your objective is to analyze scenes of the image in relation to the specified task description and choose the appropriate action from a list of available actions to accomplish the task. There are two examples.

**Example 1:**
- Available Actions:(1): go to bed 1, (2): go to dresser 1, (3): go to drawer 1
- Response:[BEGIN](2): go to dresser 1[END]
**Example 2:**
- Available Actions:(1): go to garbagecan 1, (2): take handtowel 1 from handtowelholder 1, (3): take faucet 1 from handtowelholder 1, (4): take handtowel 2 from handtowelholder 1
- Response:[BEGIN](2): take handtowel 1 from handtowelholder 1[END]

**Task Description:**
The task at hand is "look at keychain under the floorlamp". The agent must find an object of the desired type, locate and turn on a light source with the desired object in-hand.

**Available Actions:**
(1): go to armchair 1
(2): go to sof1
(3): go to coffeetable 1
(4): go to garbagecan 1
(5): go to sidetable 1
(6): put keychain 1 in/on tvstand 1
(7): examine keychain 1
(8): examine tvstand 1

**Determine the appropriate action:**
- Identify relevant objects in the image related to the task.
- Evaluate each action's potential to successfully complete the task.

**Response:**
- Let's tink step-by-step.
- (i): [BEGIN][Selected Action][END]

Original VLM Response:
- (i): [BEGIN](7): examine keychain 1[END]

> Action: examine keychain 1
Running time: 3.8168904781341553 seconds

Step:--------------------------------------------------------------------------20--------------------------------------------------------------------------
VLM Prompt:
<image>
<image>
<image>
Given images depicting complex scenes with multiple elements, your objective is to analyze scenes of the image in relation to the specified task description and choose the appropriate action from a list of available actions to accomplish the task. There are two examples.

**Example 1:**
- Available Actions:(1): go to bed 1, (2): go to dresser 1, (3): go to drawer 1
- Response:[BEGIN](2): go to dresser 1[END]
**Example 2:**
- Available Actions:(1): go to garbagecan 1, (2): take handtowel 1 from handtowelholder 1, (3): take faucet 1 from handtowelholder 1, (4): take handtowel 2 from handtowelholder 1
- Response:[BEGIN](2): take handtowel 1 from handtowelholder 1[END]

**Task Description:**
The task at hand is "look at keychain under the floorlamp". The agent must find an object of the desired type, locate and turn on a light source with the desired object in-hand.

**Available Actions:**
(1): go to armchair 1
(2): go to sof1
(3): go to coffeetable 1
(4): go to garbagecan 1
(5): go to sidetable 1
(6): put keychain 1 in/on tvstand 1
(7): examine keychain 1
(8): examine tvstand 1

**Determine the appropriate action:**
- Identify relevant objects in the image related to the task.
- Evaluate each action's potential to successfully complete the task.

**Response:**
- Let's tink step-by-step.
- (i): [BEGIN][Selected Action][END]

Original VLM Response:
- (i): [BEGIN](7): examine keychain 1[END]

> Action: examine keychain 1
Running time: 2.9903059005737305 seconds

Step:--------------------------------------------------------------------------21--------------------------------------------------------------------------
VLM Prompt:
<image>
<image>
<image>
Given images depicting complex scenes with multiple elements, your objective is to analyze scenes of the image in relation to the specified task description and choose the appropriate action from a list of available actions to accomplish the task. There are two examples.

**Example 1:**
- Available Actions:(1): go to bed 1, (2): go to dresser 1, (3): go to drawer 1
- Response:[BEGIN](2): go to dresser 1[END]
**Example 2:**
- Available Actions:(1): go to garbagecan 1, (2): take handtowel 1 from handtowelholder 1, (3): take faucet 1 from handtowelholder 1, (4): take handtowel 2 from handtowelholder 1
- Response:[BEGIN](2): take handtowel 1 from handtowelholder 1[END]

**Task Description:**
The task at hand is "look at keychain under the floorlamp". The agent must find an object of the desired type, locate and turn on a light source with the desired object in-hand.

**Available Actions:**
(1): go to armchair 1
(2): go to sof1
(3): go to coffeetable 1
(4): go to garbagecan 1
(5): go to sidetable 1
(6): put keychain 1 in/on tvstand 1
(7): examine keychain 1
(8): examine tvstand 1

**Determine the appropriate action:**
- Identify relevant objects in the image related to the task.
- Evaluate each action's potential to successfully complete the task.

**Response:**
- Let's tink step-by-step.
- (i): [BEGIN][Selected Action][END]

Original VLM Response:
- (i): [BEGIN](7): examine keychain 1[END]

> Action: examine keychain 1
Running time: 3.0288660526275635 seconds

Step:--------------------------------------------------------------------------22--------------------------------------------------------------------------
VLM Prompt:
<image>
<image>
<image>
Given images depicting complex scenes with multiple elements, your objective is to analyze scenes of the image in relation to the specified task description and choose the appropriate action from a list of available actions to accomplish the task. There are two examples.

**Example 1:**
- Available Actions:(1): go to bed 1, (2): go to dresser 1, (3): go to drawer 1
- Response:[BEGIN](2): go to dresser 1[END]
**Example 2:**
- Available Actions:(1): go to garbagecan 1, (2): take handtowel 1 from handtowelholder 1, (3): take faucet 1 from handtowelholder 1, (4): take handtowel 2 from handtowelholder 1
- Response:[BEGIN](2): take handtowel 1 from handtowelholder 1[END]

**Task Description:**
The task at hand is "look at keychain under the floorlamp". The agent must find an object of the desired type, locate and turn on a light source with the desired object in-hand.

**Available Actions:**
(1): go to armchair 1
(2): go to sof1
(3): go to coffeetable 1
(4): go to garbagecan 1
(5): go to sidetable 1
(6): put keychain 1 in/on tvstand 1
(7): examine keychain 1
(8): examine tvstand 1

**Determine the appropriate action:**
- Identify relevant objects in the image related to the task.
- Evaluate each action's potential to successfully complete the task.

**Response:**
- Let's tink step-by-step.
- (i): [BEGIN][Selected Action][END]

Original VLM Response:
- (i): [BEGIN](7): examine keychain 1[END]

> Action: examine keychain 1
Running time: 2.968571424484253 seconds

Step:--------------------------------------------------------------------------23--------------------------------------------------------------------------
VLM Prompt:
<image>
<image>
<image>
Given images depicting complex scenes with multiple elements, your objective is to analyze scenes of the image in relation to the specified task description and choose the appropriate action from a list of available actions to accomplish the task. There are two examples.

**Example 1:**
- Available Actions:(1): go to bed 1, (2): go to dresser 1, (3): go to drawer 1
- Response:[BEGIN](2): go to dresser 1[END]
**Example 2:**
- Available Actions:(1): go to garbagecan 1, (2): take handtowel 1 from handtowelholder 1, (3): take faucet 1 from handtowelholder 1, (4): take handtowel 2 from handtowelholder 1
- Response:[BEGIN](2): take handtowel 1 from handtowelholder 1[END]

**Task Description:**
The task at hand is "look at keychain under the floorlamp". The agent must find an object of the desired type, locate and turn on a light source with the desired object in-hand.

**Available Actions:**
(1): go to armchair 1
(2): go to sof1
(3): go to coffeetable 1
(4): go to garbagecan 1
(5): go to sidetable 1
(6): put keychain 1 in/on tvstand 1
(7): examine keychain 1
(8): examine tvstand 1

**Determine the appropriate action:**
- Identify relevant objects in the image related to the task.
- Evaluate each action's potential to successfully complete the task.

**Response:**
- Let's tink step-by-step.
- (i): [BEGIN][Selected Action][END]

Original VLM Response:
- (i): [BEGIN](7): examine keychain 1[END]

> Action: examine keychain 1
Running time: 2.9120047092437744 seconds

Step:--------------------------------------------------------------------------24--------------------------------------------------------------------------
VLM Prompt:
<image>
<image>
<image>
Given images depicting complex scenes with multiple elements, your objective is to analyze scenes of the image in relation to the specified task description and choose the appropriate action from a list of available actions to accomplish the task. There are two examples.

**Example 1:**
- Available Actions:(1): go to bed 1, (2): go to dresser 1, (3): go to drawer 1
- Response:[BEGIN](2): go to dresser 1[END]
**Example 2:**
- Available Actions:(1): go to garbagecan 1, (2): take handtowel 1 from handtowelholder 1, (3): take faucet 1 from handtowelholder 1, (4): take handtowel 2 from handtowelholder 1
- Response:[BEGIN](2): take handtowel 1 from handtowelholder 1[END]

**Task Description:**
The task at hand is "look at keychain under the floorlamp". The agent must find an object of the desired type, locate and turn on a light source with the desired object in-hand.

**Available Actions:**
(1): go to armchair 1
(2): go to sof1
(3): go to coffeetable 1
(4): go to garbagecan 1
(5): go to sidetable 1
(6): put keychain 1 in/on tvstand 1
(7): examine keychain 1
(8): examine tvstand 1

**Determine the appropriate action:**
- Identify relevant objects in the image related to the task.
- Evaluate each action's potential to successfully complete the task.

**Response:**
- Let's tink step-by-step.
- (i): [BEGIN][Selected Action][END]

Original VLM Response:
- (i): [BEGIN](7): examine keychain 1[END]

> Action: examine keychain 1
Running time: 3.1945979595184326 seconds

Step:--------------------------------------------------------------------------25--------------------------------------------------------------------------
VLM Prompt:
<image>
<image>
<image>
Given images depicting complex scenes with multiple elements, your objective is to analyze scenes of the image in relation to the specified task description and choose the appropriate action from a list of available actions to accomplish the task. There are two examples.

**Example 1:**
- Available Actions:(1): go to bed 1, (2): go to dresser 1, (3): go to drawer 1
- Response:[BEGIN](2): go to dresser 1[END]
**Example 2:**
- Available Actions:(1): go to garbagecan 1, (2): take handtowel 1 from handtowelholder 1, (3): take faucet 1 from handtowelholder 1, (4): take handtowel 2 from handtowelholder 1
- Response:[BEGIN](2): take handtowel 1 from handtowelholder 1[END]

**Task Description:**
The task at hand is "look at keychain under the floorlamp". The agent must find an object of the desired type, locate and turn on a light source with the desired object in-hand.

**Available Actions:**
(1): go to armchair 1
(2): go to sof1
(3): go to coffeetable 1
(4): go to garbagecan 1
(5): go to sidetable 1
(6): put keychain 1 in/on tvstand 1
(7): examine keychain 1
(8): examine tvstand 1

**Determine the appropriate action:**
- Identify relevant objects in the image related to the task.
- Evaluate each action's potential to successfully complete the task.

**Response:**
- Let's tink step-by-step.
- (i): [BEGIN][Selected Action][END]

Original VLM Response:
- (i): [BEGIN](7): examine keychain 1[END]

> Action: examine keychain 1
Running time: 3.868971347808838 seconds

Step:--------------------------------------------------------------------------26--------------------------------------------------------------------------
VLM Prompt:
<image>
<image>
<image>
Given images depicting complex scenes with multiple elements, your objective is to analyze scenes of the image in relation to the specified task description and choose the appropriate action from a list of available actions to accomplish the task. There are two examples.

**Example 1:**
- Available Actions:(1): go to bed 1, (2): go to dresser 1, (3): go to drawer 1
- Response:[BEGIN](2): go to dresser 1[END]
**Example 2:**
- Available Actions:(1): go to garbagecan 1, (2): take handtowel 1 from handtowelholder 1, (3): take faucet 1 from handtowelholder 1, (4): take handtowel 2 from handtowelholder 1
- Response:[BEGIN](2): take handtowel 1 from handtowelholder 1[END]

**Task Description:**
The task at hand is "look at keychain under the floorlamp". The agent must find an object of the desired type, locate and turn on a light source with the desired object in-hand.

**Available Actions:**
(1): go to armchair 1
(2): go to sof1
(3): go to coffeetable 1
(4): go to garbagecan 1
(5): go to sidetable 1
(6): put keychain 1 in/on tvstand 1
(7): examine keychain 1
(8): examine tvstand 1

**Determine the appropriate action:**
- Identify relevant objects in the image related to the task.
- Evaluate each action's potential to successfully complete the task.

**Response:**
- Let's tink step-by-step.
- (i): [BEGIN][Selected Action][END]

Original VLM Response:
- (i): [BEGIN](7): examine keychain 1[END]

> Action: examine keychain 1
Running time: 17.888438940048218 seconds

Step:--------------------------------------------------------------------------27--------------------------------------------------------------------------
VLM Prompt:
<image>
<image>
<image>
Given images depicting complex scenes with multiple elements, your objective is to analyze scenes of the image in relation to the specified task description and choose the appropriate action from a list of available actions to accomplish the task. There are two examples.

**Example 1:**
- Available Actions:(1): go to bed 1, (2): go to dresser 1, (3): go to drawer 1
- Response:[BEGIN](2): go to dresser 1[END]
**Example 2:**
- Available Actions:(1): go to garbagecan 1, (2): take handtowel 1 from handtowelholder 1, (3): take faucet 1 from handtowelholder 1, (4): take handtowel 2 from handtowelholder 1
- Response:[BEGIN](2): take handtowel 1 from handtowelholder 1[END]

**Task Description:**
The task at hand is "look at keychain under the floorlamp". The agent must find an object of the desired type, locate and turn on a light source with the desired object in-hand.

**Available Actions:**
(1): go to armchair 1
(2): go to sof1
(3): go to coffeetable 1
(4): go to garbagecan 1
(5): go to sidetable 1
(6): put keychain 1 in/on tvstand 1
(7): examine keychain 1
(8): examine tvstand 1

**Determine the appropriate action:**
- Identify relevant objects in the image related to the task.
- Evaluate each action's potential to successfully complete the task.

**Response:**
- Let's tink step-by-step.
- (i): [BEGIN][Selected Action][END]

Original VLM Response:
- (i): [BEGIN](7): examine keychain 1[END]

> Action: examine keychain 1
Running time: 4.966474771499634 seconds

Step:--------------------------------------------------------------------------28--------------------------------------------------------------------------
VLM Prompt:
<image>
<image>
<image>
Given images depicting complex scenes with multiple elements, your objective is to analyze scenes of the image in relation to the specified task description and choose the appropriate action from a list of available actions to accomplish the task. There are two examples.

**Example 1:**
- Available Actions:(1): go to bed 1, (2): go to dresser 1, (3): go to drawer 1
- Response:[BEGIN](2): go to dresser 1[END]
**Example 2:**
- Available Actions:(1): go to garbagecan 1, (2): take handtowel 1 from handtowelholder 1, (3): take faucet 1 from handtowelholder 1, (4): take handtowel 2 from handtowelholder 1
- Response:[BEGIN](2): take handtowel 1 from handtowelholder 1[END]

**Task Description:**
The task at hand is "look at keychain under the floorlamp". The agent must find an object of the desired type, locate and turn on a light source with the desired object in-hand.

**Available Actions:**
(1): go to armchair 1
(2): go to sof1
(3): go to coffeetable 1
(4): go to garbagecan 1
(5): go to sidetable 1
(6): put keychain 1 in/on tvstand 1
(7): examine keychain 1
(8): examine tvstand 1

**Determine the appropriate action:**
- Identify relevant objects in the image related to the task.
- Evaluate each action's potential to successfully complete the task.

**Response:**
- Let's tink step-by-step.
- (i): [BEGIN][Selected Action][END]

Original VLM Response:
- (i): [BEGIN](7): examine keychain 1[END]

> Action: examine keychain 1
Running time: 2.5152664184570312 seconds

Step:--------------------------------------------------------------------------29--------------------------------------------------------------------------
VLM Prompt:
<image>
<image>
<image>
Given images depicting complex scenes with multiple elements, your objective is to analyze scenes of the image in relation to the specified task description and choose the appropriate action from a list of available actions to accomplish the task. There are two examples.

**Example 1:**
- Available Actions:(1): go to bed 1, (2): go to dresser 1, (3): go to drawer 1
- Response:[BEGIN](2): go to dresser 1[END]
**Example 2:**
- Available Actions:(1): go to garbagecan 1, (2): take handtowel 1 from handtowelholder 1, (3): take faucet 1 from handtowelholder 1, (4): take handtowel 2 from handtowelholder 1
- Response:[BEGIN](2): take handtowel 1 from handtowelholder 1[END]

**Task Description:**
The task at hand is "look at keychain under the floorlamp". The agent must find an object of the desired type, locate and turn on a light source with the desired object in-hand.

**Available Actions:**
(1): go to armchair 1
(2): go to sof1
(3): go to coffeetable 1
(4): go to garbagecan 1
(5): go to sidetable 1
(6): put keychain 1 in/on tvstand 1
(7): examine keychain 1
(8): examine tvstand 1

**Determine the appropriate action:**
- Identify relevant objects in the image related to the task.
- Evaluate each action's potential to successfully complete the task.

**Response:**
- Let's tink step-by-step.
- (i): [BEGIN][Selected Action][END]

Original VLM Response:
- (i): [BEGIN](7): examine keychain 1[END]

> Action: examine keychain 1
Running time: 3.4522998332977295 seconds

Step:--------------------------------------------------------------------------30--------------------------------------------------------------------------
VLM Prompt:
<image>
<image>
<image>
Given images depicting complex scenes with multiple elements, your objective is to analyze scenes of the image in relation to the specified task description and choose the appropriate action from a list of available actions to accomplish the task. There are two examples.

**Example 1:**
- Available Actions:(1): go to bed 1, (2): go to dresser 1, (3): go to drawer 1
- Response:[BEGIN](2): go to dresser 1[END]
**Example 2:**
- Available Actions:(1): go to garbagecan 1, (2): take handtowel 1 from handtowelholder 1, (3): take faucet 1 from handtowelholder 1, (4): take handtowel 2 from handtowelholder 1
- Response:[BEGIN](2): take handtowel 1 from handtowelholder 1[END]

**Task Description:**
The task at hand is "look at keychain under the floorlamp". The agent must find an object of the desired type, locate and turn on a light source with the desired object in-hand.

**Available Actions:**
(1): go to armchair 1
(2): go to sof1
(3): go to coffeetable 1
(4): go to garbagecan 1
(5): go to sidetable 1
(6): put keychain 1 in/on tvstand 1
(7): examine keychain 1
(8): examine tvstand 1

**Determine the appropriate action:**
- Identify relevant objects in the image related to the task.
- Evaluate each action's potential to successfully complete the task.

**Response:**
- Let's tink step-by-step.
- (i): [BEGIN][Selected Action][END]

Original VLM Response:
- (i): [BEGIN](7): examine keychain 1[END]

> Action: examine keychain 1
Running time: 2.968597888946533 seconds

Step:--------------------------------------------------------------------------31--------------------------------------------------------------------------
VLM Prompt:
<image>
<image>
<image>
Given images depicting complex scenes with multiple elements, your objective is to analyze scenes of the image in relation to the specified task description and choose the appropriate action from a list of available actions to accomplish the task. There are two examples.

**Example 1:**
- Available Actions:(1): go to bed 1, (2): go to dresser 1, (3): go to drawer 1
- Response:[BEGIN](2): go to dresser 1[END]
**Example 2:**
- Available Actions:(1): go to garbagecan 1, (2): take handtowel 1 from handtowelholder 1, (3): take faucet 1 from handtowelholder 1, (4): take handtowel 2 from handtowelholder 1
- Response:[BEGIN](2): take handtowel 1 from handtowelholder 1[END]

**Task Description:**
The task at hand is "look at keychain under the floorlamp". The agent must find an object of the desired type, locate and turn on a light source with the desired object in-hand.

**Available Actions:**
(1): go to armchair 1
(2): go to sof1
(3): go to coffeetable 1
(4): go to garbagecan 1
(5): go to sidetable 1
(6): put keychain 1 in/on tvstand 1
(7): examine keychain 1
(8): examine tvstand 1

**Determine the appropriate action:**
- Identify relevant objects in the image related to the task.
- Evaluate each action's potential to successfully complete the task.

**Response:**
- Let's tink step-by-step.
- (i): [BEGIN][Selected Action][END]

Original VLM Response:
- (i): [BEGIN](7): examine keychain 1[END]

> Action: examine keychain 1
Running time: 2.6353518962860107 seconds

Step:--------------------------------------------------------------------------32--------------------------------------------------------------------------
VLM Prompt:
<image>
<image>
<image>
Given images depicting complex scenes with multiple elements, your objective is to analyze scenes of the image in relation to the specified task description and choose the appropriate action from a list of available actions to accomplish the task. There are two examples.

**Example 1:**
- Available Actions:(1): go to bed 1, (2): go to dresser 1, (3): go to drawer 1
- Response:[BEGIN](2): go to dresser 1[END]
**Example 2:**
- Available Actions:(1): go to garbagecan 1, (2): take handtowel 1 from handtowelholder 1, (3): take faucet 1 from handtowelholder 1, (4): take handtowel 2 from handtowelholder 1
- Response:[BEGIN](2): take handtowel 1 from handtowelholder 1[END]

**Task Description:**
The task at hand is "look at keychain under the floorlamp". The agent must find an object of the desired type, locate and turn on a light source with the desired object in-hand.

**Available Actions:**
(1): go to armchair 1
(2): go to sof1
(3): go to coffeetable 1
(4): go to garbagecan 1
(5): go to sidetable 1
(6): put keychain 1 in/on tvstand 1
(7): examine keychain 1
(8): examine tvstand 1

**Determine the appropriate action:**
- Identify relevant objects in the image related to the task.
- Evaluate each action's potential to successfully complete the task.

**Response:**
- Let's tink step-by-step.
- (i): [BEGIN][Selected Action][END]

Original VLM Response:
- (i): [BEGIN](7): examine keychain 1[END]

> Action: examine keychain 1
Running time: 2.5535550117492676 seconds

Step:--------------------------------------------------------------------------33--------------------------------------------------------------------------
VLM Prompt:
<image>
<image>
<image>
Given images depicting complex scenes with multiple elements, your objective is to analyze scenes of the image in relation to the specified task description and choose the appropriate action from a list of available actions to accomplish the task. There are two examples.

**Example 1:**
- Available Actions:(1): go to bed 1, (2): go to dresser 1, (3): go to drawer 1
- Response:[BEGIN](2): go to dresser 1[END]
**Example 2:**
- Available Actions:(1): go to garbagecan 1, (2): take handtowel 1 from handtowelholder 1, (3): take faucet 1 from handtowelholder 1, (4): take handtowel 2 from handtowelholder 1
- Response:[BEGIN](2): take handtowel 1 from handtowelholder 1[END]

**Task Description:**
The task at hand is "look at keychain under the floorlamp". The agent must find an object of the desired type, locate and turn on a light source with the desired object in-hand.

**Available Actions:**
(1): go to armchair 1
(2): go to sof1
(3): go to coffeetable 1
(4): go to garbagecan 1
(5): go to sidetable 1
(6): put keychain 1 in/on tvstand 1
(7): examine keychain 1
(8): examine tvstand 1

**Determine the appropriate action:**
- Identify relevant objects in the image related to the task.
- Evaluate each action's potential to successfully complete the task.

**Response:**
- Let's tink step-by-step.
- (i): [BEGIN][Selected Action][END]

Original VLM Response:
- (i): [BEGIN](7): examine keychain 1[END]

> Action: examine keychain 1
Running time: 3.9492859840393066 seconds

Step:--------------------------------------------------------------------------34--------------------------------------------------------------------------
VLM Prompt:
<image>
<image>
<image>
Given images depicting complex scenes with multiple elements, your objective is to analyze scenes of the image in relation to the specified task description and choose the appropriate action from a list of available actions to accomplish the task. There are two examples.

**Example 1:**
- Available Actions:(1): go to bed 1, (2): go to dresser 1, (3): go to drawer 1
- Response:[BEGIN](2): go to dresser 1[END]
**Example 2:**
- Available Actions:(1): go to garbagecan 1, (2): take handtowel 1 from handtowelholder 1, (3): take faucet 1 from handtowelholder 1, (4): take handtowel 2 from handtowelholder 1
- Response:[BEGIN](2): take handtowel 1 from handtowelholder 1[END]

**Task Description:**
The task at hand is "look at keychain under the floorlamp". The agent must find an object of the desired type, locate and turn on a light source with the desired object in-hand.

**Available Actions:**
(1): go to armchair 1
(2): go to sof1
(3): go to coffeetable 1
(4): go to garbagecan 1
(5): go to sidetable 1
(6): put keychain 1 in/on tvstand 1
(7): examine keychain 1
(8): examine tvstand 1

**Determine the appropriate action:**
- Identify relevant objects in the image related to the task.
- Evaluate each action's potential to successfully complete the task.

**Response:**
- Let's tink step-by-step.
- (i): [BEGIN][Selected Action][END]

Original VLM Response:
- (i): [BEGIN](7): examine keychain 1[END]

> Action: examine keychain 1
Running time: 2.5506558418273926 seconds

Step:--------------------------------------------------------------------------35--------------------------------------------------------------------------
VLM Prompt:
<image>
<image>
<image>
Given images depicting complex scenes with multiple elements, your objective is to analyze scenes of the image in relation to the specified task description and choose the appropriate action from a list of available actions to accomplish the task. There are two examples.

**Example 1:**
- Available Actions:(1): go to bed 1, (2): go to dresser 1, (3): go to drawer 1
- Response:[BEGIN](2): go to dresser 1[END]
**Example 2:**
- Available Actions:(1): go to garbagecan 1, (2): take handtowel 1 from handtowelholder 1, (3): take faucet 1 from handtowelholder 1, (4): take handtowel 2 from handtowelholder 1
- Response:[BEGIN](2): take handtowel 1 from handtowelholder 1[END]

**Task Description:**
The task at hand is "look at keychain under the floorlamp". The agent must find an object of the desired type, locate and turn on a light source with the desired object in-hand.

**Available Actions:**
(1): go to armchair 1
(2): go to sof1
(3): go to coffeetable 1
(4): go to garbagecan 1
(5): go to sidetable 1
(6): put keychain 1 in/on tvstand 1
(7): examine keychain 1
(8): examine tvstand 1

**Determine the appropriate action:**
- Identify relevant objects in the image related to the task.
- Evaluate each action's potential to successfully complete the task.

**Response:**
- Let's tink step-by-step.
- (i): [BEGIN][Selected Action][END]

Original VLM Response:
- (i): [BEGIN](7): examine keychain 1[END]

> Action: examine keychain 1
Running time: 4.119084596633911 seconds

Step:--------------------------------------------------------------------------36--------------------------------------------------------------------------
VLM Prompt:
<image>
<image>
<image>
Given images depicting complex scenes with multiple elements, your objective is to analyze scenes of the image in relation to the specified task description and choose the appropriate action from a list of available actions to accomplish the task. There are two examples.

**Example 1:**
- Available Actions:(1): go to bed 1, (2): go to dresser 1, (3): go to drawer 1
- Response:[BEGIN](2): go to dresser 1[END]
**Example 2:**
- Available Actions:(1): go to garbagecan 1, (2): take handtowel 1 from handtowelholder 1, (3): take faucet 1 from handtowelholder 1, (4): take handtowel 2 from handtowelholder 1
- Response:[BEGIN](2): take handtowel 1 from handtowelholder 1[END]

**Task Description:**
The task at hand is "look at keychain under the floorlamp". The agent must find an object of the desired type, locate and turn on a light source with the desired object in-hand.

**Available Actions:**
(1): go to armchair 1
(2): go to sof1
(3): go to coffeetable 1
(4): go to garbagecan 1
(5): go to sidetable 1
(6): put keychain 1 in/on tvstand 1
(7): examine keychain 1
(8): examine tvstand 1

**Determine the appropriate action:**
- Identify relevant objects in the image related to the task.
- Evaluate each action's potential to successfully complete the task.

**Response:**
- Let's tink step-by-step.
- (i): [BEGIN][Selected Action][END]

Original VLM Response:
- (i): [BEGIN](7): examine keychain 1[END]

> Action: examine keychain 1
Running time: 2.789745330810547 seconds

Step:--------------------------------------------------------------------------37--------------------------------------------------------------------------
VLM Prompt:
<image>
<image>
<image>
Given images depicting complex scenes with multiple elements, your objective is to analyze scenes of the image in relation to the specified task description and choose the appropriate action from a list of available actions to accomplish the task. There are two examples.

**Example 1:**
- Available Actions:(1): go to bed 1, (2): go to dresser 1, (3): go to drawer 1
- Response:[BEGIN](2): go to dresser 1[END]
**Example 2:**
- Available Actions:(1): go to garbagecan 1, (2): take handtowel 1 from handtowelholder 1, (3): take faucet 1 from handtowelholder 1, (4): take handtowel 2 from handtowelholder 1
- Response:[BEGIN](2): take handtowel 1 from handtowelholder 1[END]

**Task Description:**
The task at hand is "look at keychain under the floorlamp". The agent must find an object of the desired type, locate and turn on a light source with the desired object in-hand.

**Available Actions:**
(1): go to armchair 1
(2): go to sof1
(3): go to coffeetable 1
(4): go to garbagecan 1
(5): go to sidetable 1
(6): put keychain 1 in/on tvstand 1
(7): examine keychain 1
(8): examine tvstand 1

**Determine the appropriate action:**
- Identify relevant objects in the image related to the task.
- Evaluate each action's potential to successfully complete the task.

**Response:**
- Let's tink step-by-step.
- (i): [BEGIN][Selected Action][END]

Original VLM Response:
- (i): [BEGIN](7): examine keychain 1[END]

> Action: examine keychain 1
Running time: 3.600390911102295 seconds

Step:--------------------------------------------------------------------------38--------------------------------------------------------------------------
VLM Prompt:
<image>
<image>
<image>
Given images depicting complex scenes with multiple elements, your objective is to analyze scenes of the image in relation to the specified task description and choose the appropriate action from a list of available actions to accomplish the task. There are two examples.

**Example 1:**
- Available Actions:(1): go to bed 1, (2): go to dresser 1, (3): go to drawer 1
- Response:[BEGIN](2): go to dresser 1[END]
**Example 2:**
- Available Actions:(1): go to garbagecan 1, (2): take handtowel 1 from handtowelholder 1, (3): take faucet 1 from handtowelholder 1, (4): take handtowel 2 from handtowelholder 1
- Response:[BEGIN](2): take handtowel 1 from handtowelholder 1[END]

**Task Description:**
The task at hand is "look at keychain under the floorlamp". The agent must find an object of the desired type, locate and turn on a light source with the desired object in-hand.

**Available Actions:**
(1): go to armchair 1
(2): go to sof1
(3): go to coffeetable 1
(4): go to garbagecan 1
(5): go to sidetable 1
(6): put keychain 1 in/on tvstand 1
(7): examine keychain 1
(8): examine tvstand 1

**Determine the appropriate action:**
- Identify relevant objects in the image related to the task.
- Evaluate each action's potential to successfully complete the task.

**Response:**
- Let's tink step-by-step.
- (i): [BEGIN][Selected Action][END]

Original VLM Response:
- (i): [BEGIN](7): examine keychain 1[END]

> Action: examine keychain 1
Running time: 3.533902645111084 seconds

Step:--------------------------------------------------------------------------39--------------------------------------------------------------------------
VLM Prompt:
<image>
<image>
<image>
Given images depicting complex scenes with multiple elements, your objective is to analyze scenes of the image in relation to the specified task description and choose the appropriate action from a list of available actions to accomplish the task. There are two examples.

**Example 1:**
- Available Actions:(1): go to bed 1, (2): go to dresser 1, (3): go to drawer 1
- Response:[BEGIN](2): go to dresser 1[END]
**Example 2:**
- Available Actions:(1): go to garbagecan 1, (2): take handtowel 1 from handtowelholder 1, (3): take faucet 1 from handtowelholder 1, (4): take handtowel 2 from handtowelholder 1
- Response:[BEGIN](2): take handtowel 1 from handtowelholder 1[END]

**Task Description:**
The task at hand is "look at keychain under the floorlamp". The agent must find an object of the desired type, locate and turn on a light source with the desired object in-hand.

**Available Actions:**
(1): go to armchair 1
(2): go to sof1
(3): go to coffeetable 1
(4): go to garbagecan 1
(5): go to sidetable 1
(6): put keychain 1 in/on tvstand 1
(7): examine keychain 1
(8): examine tvstand 1

**Determine the appropriate action:**
- Identify relevant objects in the image related to the task.
- Evaluate each action's potential to successfully complete the task.

**Response:**
- Let's tink step-by-step.
- (i): [BEGIN][Selected Action][END]

Original VLM Response:
- (i): [BEGIN](7): examine keychain 1[END]

> Action: examine keychain 1
Running time: 2.4921233654022217 seconds

Step:--------------------------------------------------------------------------40--------------------------------------------------------------------------
VLM Prompt:
<image>
<image>
<image>
Given images depicting complex scenes with multiple elements, your objective is to analyze scenes of the image in relation to the specified task description and choose the appropriate action from a list of available actions to accomplish the task. There are two examples.

**Example 1:**
- Available Actions:(1): go to bed 1, (2): go to dresser 1, (3): go to drawer 1
- Response:[BEGIN](2): go to dresser 1[END]
**Example 2:**
- Available Actions:(1): go to garbagecan 1, (2): take handtowel 1 from handtowelholder 1, (3): take faucet 1 from handtowelholder 1, (4): take handtowel 2 from handtowelholder 1
- Response:[BEGIN](2): take handtowel 1 from handtowelholder 1[END]

**Task Description:**
The task at hand is "look at keychain under the floorlamp". The agent must find an object of the desired type, locate and turn on a light source with the desired object in-hand.

**Available Actions:**
(1): go to armchair 1
(2): go to sof1
(3): go to coffeetable 1
(4): go to garbagecan 1
(5): go to sidetable 1
(6): put keychain 1 in/on tvstand 1
(7): examine keychain 1
(8): examine tvstand 1

**Determine the appropriate action:**
- Identify relevant objects in the image related to the task.
- Evaluate each action's potential to successfully complete the task.

**Response:**
- Let's tink step-by-step.
- (i): [BEGIN][Selected Action][END]

Original VLM Response:
- (i): [BEGIN](7): examine keychain 1[END]

> Action: examine keychain 1
Running time: 3.468034505844116 seconds

Step:--------------------------------------------------------------------------41--------------------------------------------------------------------------
VLM Prompt:
<image>
<image>
<image>
Given images depicting complex scenes with multiple elements, your objective is to analyze scenes of the image in relation to the specified task description and choose the appropriate action from a list of available actions to accomplish the task. There are two examples.

**Example 1:**
- Available Actions:(1): go to bed 1, (2): go to dresser 1, (3): go to drawer 1
- Response:[BEGIN](2): go to dresser 1[END]
**Example 2:**
- Available Actions:(1): go to garbagecan 1, (2): take handtowel 1 from handtowelholder 1, (3): take faucet 1 from handtowelholder 1, (4): take handtowel 2 from handtowelholder 1
- Response:[BEGIN](2): take handtowel 1 from handtowelholder 1[END]

**Task Description:**
The task at hand is "look at keychain under the floorlamp". The agent must find an object of the desired type, locate and turn on a light source with the desired object in-hand.

**Available Actions:**
(1): go to armchair 1
(2): go to sof1
(3): go to coffeetable 1
(4): go to garbagecan 1
(5): go to sidetable 1
(6): put keychain 1 in/on tvstand 1
(7): examine keychain 1
(8): examine tvstand 1

**Determine the appropriate action:**
- Identify relevant objects in the image related to the task.
- Evaluate each action's potential to successfully complete the task.

**Response:**
- Let's tink step-by-step.
- (i): [BEGIN][Selected Action][END]

Original VLM Response:
- (i): [BEGIN](7): examine keychain 1[END]

> Action: examine keychain 1
Running time: 2.553980827331543 seconds

Step:--------------------------------------------------------------------------42--------------------------------------------------------------------------
VLM Prompt:
<image>
<image>
<image>
Given images depicting complex scenes with multiple elements, your objective is to analyze scenes of the image in relation to the specified task description and choose the appropriate action from a list of available actions to accomplish the task. There are two examples.

**Example 1:**
- Available Actions:(1): go to bed 1, (2): go to dresser 1, (3): go to drawer 1
- Response:[BEGIN](2): go to dresser 1[END]
**Example 2:**
- Available Actions:(1): go to garbagecan 1, (2): take handtowel 1 from handtowelholder 1, (3): take faucet 1 from handtowelholder 1, (4): take handtowel 2 from handtowelholder 1
- Response:[BEGIN](2): take handtowel 1 from handtowelholder 1[END]

**Task Description:**
The task at hand is "look at keychain under the floorlamp". The agent must find an object of the desired type, locate and turn on a light source with the desired object in-hand.

**Available Actions:**
(1): go to armchair 1
(2): go to sof1
(3): go to coffeetable 1
(4): go to garbagecan 1
(5): go to sidetable 1
(6): put keychain 1 in/on tvstand 1
(7): examine keychain 1
(8): examine tvstand 1

**Determine the appropriate action:**
- Identify relevant objects in the image related to the task.
- Evaluate each action's potential to successfully complete the task.

**Response:**
- Let's tink step-by-step.
- (i): [BEGIN][Selected Action][END]

Original VLM Response:
- (i): [BEGIN](7): examine keychain 1[END]

> Action: examine keychain 1
Running time: 9.729843616485596 seconds

Step:--------------------------------------------------------------------------43--------------------------------------------------------------------------
VLM Prompt:
<image>
<image>
<image>
Given images depicting complex scenes with multiple elements, your objective is to analyze scenes of the image in relation to the specified task description and choose the appropriate action from a list of available actions to accomplish the task. There are two examples.

**Example 1:**
- Available Actions:(1): go to bed 1, (2): go to dresser 1, (3): go to drawer 1
- Response:[BEGIN](2): go to dresser 1[END]
**Example 2:**
- Available Actions:(1): go to garbagecan 1, (2): take handtowel 1 from handtowelholder 1, (3): take faucet 1 from handtowelholder 1, (4): take handtowel 2 from handtowelholder 1
- Response:[BEGIN](2): take handtowel 1 from handtowelholder 1[END]

**Task Description:**
The task at hand is "look at keychain under the floorlamp". The agent must find an object of the desired type, locate and turn on a light source with the desired object in-hand.

**Available Actions:**
(1): go to armchair 1
(2): go to sof1
(3): go to coffeetable 1
(4): go to garbagecan 1
(5): go to sidetable 1
(6): put keychain 1 in/on tvstand 1
(7): examine keychain 1
(8): examine tvstand 1

**Determine the appropriate action:**
- Identify relevant objects in the image related to the task.
- Evaluate each action's potential to successfully complete the task.

**Response:**
- Let's tink step-by-step.
- (i): [BEGIN][Selected Action][END]

Original VLM Response:
- (i): [BEGIN](7): examine keychain 1[END]

> Action: examine keychain 1
Running time: 3.6331777572631836 seconds

Step:--------------------------------------------------------------------------44--------------------------------------------------------------------------
VLM Prompt:
<image>
<image>
<image>
Given images depicting complex scenes with multiple elements, your objective is to analyze scenes of the image in relation to the specified task description and choose the appropriate action from a list of available actions to accomplish the task. There are two examples.

**Example 1:**
- Available Actions:(1): go to bed 1, (2): go to dresser 1, (3): go to drawer 1
- Response:[BEGIN](2): go to dresser 1[END]
**Example 2:**
- Available Actions:(1): go to garbagecan 1, (2): take handtowel 1 from handtowelholder 1, (3): take faucet 1 from handtowelholder 1, (4): take handtowel 2 from handtowelholder 1
- Response:[BEGIN](2): take handtowel 1 from handtowelholder 1[END]

**Task Description:**
The task at hand is "look at keychain under the floorlamp". The agent must find an object of the desired type, locate and turn on a light source with the desired object in-hand.

**Available Actions:**
(1): go to armchair 1
(2): go to sof1
(3): go to coffeetable 1
(4): go to garbagecan 1
(5): go to sidetable 1
(6): put keychain 1 in/on tvstand 1
(7): examine keychain 1
(8): examine tvstand 1

**Determine the appropriate action:**
- Identify relevant objects in the image related to the task.
- Evaluate each action's potential to successfully complete the task.

**Response:**
- Let's tink step-by-step.
- (i): [BEGIN][Selected Action][END]

Original VLM Response:
- (i): [BEGIN](7): examine keychain 1[END]

> Action: examine keychain 1
Running time: 20.79287552833557 seconds

Step:--------------------------------------------------------------------------45--------------------------------------------------------------------------
VLM Prompt:
<image>
<image>
<image>
Given images depicting complex scenes with multiple elements, your objective is to analyze scenes of the image in relation to the specified task description and choose the appropriate action from a list of available actions to accomplish the task. There are two examples.

**Example 1:**
- Available Actions:(1): go to bed 1, (2): go to dresser 1, (3): go to drawer 1
- Response:[BEGIN](2): go to dresser 1[END]
**Example 2:**
- Available Actions:(1): go to garbagecan 1, (2): take handtowel 1 from handtowelholder 1, (3): take faucet 1 from handtowelholder 1, (4): take handtowel 2 from handtowelholder 1
- Response:[BEGIN](2): take handtowel 1 from handtowelholder 1[END]

**Task Description:**
The task at hand is "look at keychain under the floorlamp". The agent must find an object of the desired type, locate and turn on a light source with the desired object in-hand.

**Available Actions:**
(1): go to armchair 1
(2): go to sof1
(3): go to coffeetable 1
(4): go to garbagecan 1
(5): go to sidetable 1
(6): put keychain 1 in/on tvstand 1
(7): examine keychain 1
(8): examine tvstand 1

**Determine the appropriate action:**
- Identify relevant objects in the image related to the task.
- Evaluate each action's potential to successfully complete the task.

**Response:**
- Let's tink step-by-step.
- (i): [BEGIN][Selected Action][END]

Original VLM Response:
- (i): [BEGIN](7): examine keychain 1[END]

> Action: examine keychain 1
Running time: 3.068800210952759 seconds

Step:--------------------------------------------------------------------------46--------------------------------------------------------------------------
VLM Prompt:
<image>
<image>
<image>
Given images depicting complex scenes with multiple elements, your objective is to analyze scenes of the image in relation to the specified task description and choose the appropriate action from a list of available actions to accomplish the task. There are two examples.

**Example 1:**
- Available Actions:(1): go to bed 1, (2): go to dresser 1, (3): go to drawer 1
- Response:[BEGIN](2): go to dresser 1[END]
**Example 2:**
- Available Actions:(1): go to garbagecan 1, (2): take handtowel 1 from handtowelholder 1, (3): take faucet 1 from handtowelholder 1, (4): take handtowel 2 from handtowelholder 1
- Response:[BEGIN](2): take handtowel 1 from handtowelholder 1[END]

**Task Description:**
The task at hand is "look at keychain under the floorlamp". The agent must find an object of the desired type, locate and turn on a light source with the desired object in-hand.

**Available Actions:**
(1): go to armchair 1
(2): go to sof1
(3): go to coffeetable 1
(4): go to garbagecan 1
(5): go to sidetable 1
(6): put keychain 1 in/on tvstand 1
(7): examine keychain 1
(8): examine tvstand 1

**Determine the appropriate action:**
- Identify relevant objects in the image related to the task.
- Evaluate each action's potential to successfully complete the task.

**Response:**
- Let's tink step-by-step.
- (i): [BEGIN][Selected Action][END]

Original VLM Response:
- (i): [BEGIN](7): examine keychain 1[END]

> Action: examine keychain 1
Running time: 2.6414384841918945 seconds

Step:--------------------------------------------------------------------------47--------------------------------------------------------------------------
VLM Prompt:
<image>
<image>
<image>
Given images depicting complex scenes with multiple elements, your objective is to analyze scenes of the image in relation to the specified task description and choose the appropriate action from a list of available actions to accomplish the task. There are two examples.

**Example 1:**
- Available Actions:(1): go to bed 1, (2): go to dresser 1, (3): go to drawer 1
- Response:[BEGIN](2): go to dresser 1[END]
**Example 2:**
- Available Actions:(1): go to garbagecan 1, (2): take handtowel 1 from handtowelholder 1, (3): take faucet 1 from handtowelholder 1, (4): take handtowel 2 from handtowelholder 1
- Response:[BEGIN](2): take handtowel 1 from handtowelholder 1[END]

**Task Description:**
The task at hand is "look at keychain under the floorlamp". The agent must find an object of the desired type, locate and turn on a light source with the desired object in-hand.

**Available Actions:**
(1): go to armchair 1
(2): go to sof1
(3): go to coffeetable 1
(4): go to garbagecan 1
(5): go to sidetable 1
(6): put keychain 1 in/on tvstand 1
(7): examine keychain 1
(8): examine tvstand 1

**Determine the appropriate action:**
- Identify relevant objects in the image related to the task.
- Evaluate each action's potential to successfully complete the task.

**Response:**
- Let's tink step-by-step.
- (i): [BEGIN][Selected Action][END]

Original VLM Response:
- (i): [BEGIN](7): examine keychain 1[END]

> Action: examine keychain 1
Running time: 2.7904868125915527 seconds

Step:--------------------------------------------------------------------------48--------------------------------------------------------------------------
VLM Prompt:
<image>
<image>
<image>
Given images depicting complex scenes with multiple elements, your objective is to analyze scenes of the image in relation to the specified task description and choose the appropriate action from a list of available actions to accomplish the task. There are two examples.

**Example 1:**
- Available Actions:(1): go to bed 1, (2): go to dresser 1, (3): go to drawer 1
- Response:[BEGIN](2): go to dresser 1[END]
**Example 2:**
- Available Actions:(1): go to garbagecan 1, (2): take handtowel 1 from handtowelholder 1, (3): take faucet 1 from handtowelholder 1, (4): take handtowel 2 from handtowelholder 1
- Response:[BEGIN](2): take handtowel 1 from handtowelholder 1[END]

**Task Description:**
The task at hand is "look at keychain under the floorlamp". The agent must find an object of the desired type, locate and turn on a light source with the desired object in-hand.

**Available Actions:**
(1): go to armchair 1
(2): go to sof1
(3): go to coffeetable 1
(4): go to garbagecan 1
(5): go to sidetable 1
(6): put keychain 1 in/on tvstand 1
(7): examine keychain 1
(8): examine tvstand 1

**Determine the appropriate action:**
- Identify relevant objects in the image related to the task.
- Evaluate each action's potential to successfully complete the task.

**Response:**
- Let's tink step-by-step.
- (i): [BEGIN][Selected Action][END]

Original VLM Response:
- (i): [BEGIN](7): examine keychain 1[END]

> Action: examine keychain 1
Running time: 2.8167147636413574 seconds

Step:--------------------------------------------------------------------------49--------------------------------------------------------------------------
VLM Prompt:
<image>
<image>
<image>
Given images depicting complex scenes with multiple elements, your objective is to analyze scenes of the image in relation to the specified task description and choose the appropriate action from a list of available actions to accomplish the task. There are two examples.

**Example 1:**
- Available Actions:(1): go to bed 1, (2): go to dresser 1, (3): go to drawer 1
- Response:[BEGIN](2): go to dresser 1[END]
**Example 2:**
- Available Actions:(1): go to garbagecan 1, (2): take handtowel 1 from handtowelholder 1, (3): take faucet 1 from handtowelholder 1, (4): take handtowel 2 from handtowelholder 1
- Response:[BEGIN](2): take handtowel 1 from handtowelholder 1[END]

**Task Description:**
The task at hand is "look at keychain under the floorlamp". The agent must find an object of the desired type, locate and turn on a light source with the desired object in-hand.

**Available Actions:**
(1): go to armchair 1
(2): go to sof1
(3): go to coffeetable 1
(4): go to garbagecan 1
(5): go to sidetable 1
(6): put keychain 1 in/on tvstand 1
(7): examine keychain 1
(8): examine tvstand 1

**Determine the appropriate action:**
- Identify relevant objects in the image related to the task.
- Evaluate each action's potential to successfully complete the task.

**Response:**
- Let's tink step-by-step.
- (i): [BEGIN][Selected Action][END]

Original VLM Response:
- (i): [BEGIN](7): examine keychain 1[END]

> Action: examine keychain 1
Running time: 3.7231252193450928 seconds

Step:--------------------------------------------------------------------------50--------------------------------------------------------------------------
VLM Prompt:
<image>
<image>
<image>
Given images depicting complex scenes with multiple elements, your objective is to analyze scenes of the image in relation to the specified task description and choose the appropriate action from a list of available actions to accomplish the task. There are two examples.

**Example 1:**
- Available Actions:(1): go to bed 1, (2): go to dresser 1, (3): go to drawer 1
- Response:[BEGIN](2): go to dresser 1[END]
**Example 2:**
- Available Actions:(1): go to garbagecan 1, (2): take handtowel 1 from handtowelholder 1, (3): take faucet 1 from handtowelholder 1, (4): take handtowel 2 from handtowelholder 1
- Response:[BEGIN](2): take handtowel 1 from handtowelholder 1[END]

**Task Description:**
The task at hand is "look at keychain under the floorlamp". The agent must find an object of the desired type, locate and turn on a light source with the desired object in-hand.

**Available Actions:**
(1): go to armchair 1
(2): go to sof1
(3): go to coffeetable 1
(4): go to garbagecan 1
(5): go to sidetable 1
(6): put keychain 1 in/on tvstand 1
(7): examine keychain 1
(8): examine tvstand 1

**Determine the appropriate action:**
- Identify relevant objects in the image related to the task.
- Evaluate each action's potential to successfully complete the task.

**Response:**
- Let's tink step-by-step.
- (i): [BEGIN][Selected Action][END]

Original VLM Response:
- (i): [BEGIN](7): examine keychain 1[END]

> Action: examine keychain 1
Running time: 3.4999139308929443 seconds

UNSUCCEED
