---------------------------------------------------------Scene: 18---------------------------------------------------------
--------------------------------------------------------------------------------------------------------------------------------------------------------------------
--------------------------------------------------------------------------------------------------------------------------------------------------------------------
Step:--------------------------------------------------------------------------1--------------------------------------------------------------------------
VLM Prompt:
<image>
Given an image depicting a complex scene with multiple elements, your objective is to analyze the scene of the image in relation to the specified task description and choose the appropriate action from a list of available actions to accomplish the task. There are two examples.

**Example 1:**
- Available Actions:(1): go to bed 1, (2): go to dresser 1, (3): go to drawer 1
- Response:[BEGIN](2): go to dresser 1[END]
**Example 1:**
- Available Actions:(1): go to garbagecan 1, (2): take handtowel 1 from handtowelholder 1, (3): take faucet 1 from handtowelholder 1, (4): take handtowel 2 from handtowelholder 1
- Response:[BEGIN](2): go to dresser 1[END]

**Task Description:**
The task at hand is "put a cd in diningtable". The agent must find an object of the desired type, pick it up, find the correct location to place it, and put it down there.

**Available Actions:**
(1): go to armchair 1
(2): go to sidetable 1
(3): go to dresser 1
(4): go to armchair 2
(5): go to bed 1
(6): go to countertop 1
(7): go to garbagecan 1
(8): go to diningtable 1
(9): go to drawer 1
(10): go to drawer 2

**Determine the appropriate action:**
- Identify relevant objects in the image related to the task.
- Evaluate each action's potential to successfully complete the task.

**Response:**
- Let's tink step-by-step.
- (i): [BEGIN][Selected Action][END]

Original VLM Response:
- (i): [BEGIN](2): go to sidetable 1[END]

> Action: go to sidetable 1
Running time: 6.981545925140381 seconds

Step:--------------------------------------------------------------------------2--------------------------------------------------------------------------
VLM Prompt:
<image>
Given an image depicting a complex scene with multiple elements, your objective is to analyze the scene of the image in relation to the specified task description and choose the appropriate action from a list of available actions to accomplish the task. There are two examples.

**Example 1:**
- Available Actions:(1): go to bed 1, (2): go to dresser 1, (3): go to drawer 1
- Response:[BEGIN](2): go to dresser 1[END]
**Example 1:**
- Available Actions:(1): go to garbagecan 1, (2): take handtowel 1 from handtowelholder 1, (3): take faucet 1 from handtowelholder 1, (4): take handtowel 2 from handtowelholder 1
- Response:[BEGIN](2): go to dresser 1[END]

**Task Description:**
The task at hand is "put a cd in diningtable". The agent must find an object of the desired type, pick it up, find the correct location to place it, and put it down there.

**Available Actions:**
(1): go to armchair 1
(2): go to dresser 1
(3): go to armchair 2
(4): go to bed 1
(5): go to countertop 1
(6): go to garbagecan 1
(7): go to diningtable 1
(8): go to drawer 1
(9): go to drawer 2
(10): take alarmclock 1 from sidetable 1
(11): take cd 1 from sidetable 1
(12): take pencil 1 from sidetable 1
(13): examine sidetable 1

**Determine the appropriate action:**
- Identify relevant objects in the image related to the task.
- Evaluate each action's potential to successfully complete the task.

**Response:**
- Let's tink step-by-step.
- (i): [BEGIN][Selected Action][END]

Original VLM Response:
- (i): [BEGIN](11): take cd 1 from sidetable 1[END]
- (ii): [BEGIN](7): go to diningtable 1[END]

> Action: take cd 1 from sidetable 1
Running time: 3.2983453273773193 seconds

Step:--------------------------------------------------------------------------3--------------------------------------------------------------------------
VLM Prompt:
<image>
Given an image depicting a complex scene with multiple elements, your objective is to analyze the scene of the image in relation to the specified task description and choose the appropriate action from a list of available actions to accomplish the task. There are two examples.

**Example 1:**
- Available Actions:(1): go to bed 1, (2): go to dresser 1, (3): go to drawer 1
- Response:[BEGIN](2): go to dresser 1[END]
**Example 1:**
- Available Actions:(1): go to garbagecan 1, (2): take handtowel 1 from handtowelholder 1, (3): take faucet 1 from handtowelholder 1, (4): take handtowel 2 from handtowelholder 1
- Response:[BEGIN](2): go to dresser 1[END]

**Task Description:**
The task at hand is "put a cd in diningtable". The agent must find an object of the desired type, pick it up, find the correct location to place it, and put it down there.

**Available Actions:**
(1): go to armchair 1
(2): go to dresser 1
(3): go to armchair 2
(4): go to bed 1
(5): go to countertop 1
(6): go to garbagecan 1
(7): go to diningtable 1
(8): go to drawer 1
(9): go to drawer 2
(10): put cd 1 in/on sidetable 1
(11): examine cd 1
(12): examine sidetable 1

**Determine the appropriate action:**
- Identify relevant objects in the image related to the task.
- Evaluate each action's potential to successfully complete the task.

**Response:**
- Let's tink step-by-step.
- (i): [BEGIN][Selected Action][END]

Original VLM Response:
- (i): [BEGIN](7): go to diningtable 1[END]

> Action: go to diningtable 1
Running time: 4.500972032546997 seconds

Step:--------------------------------------------------------------------------4--------------------------------------------------------------------------
VLM Prompt:
<image>
Given an image depicting a complex scene with multiple elements, your objective is to analyze the scene of the image in relation to the specified task description and choose the appropriate action from a list of available actions to accomplish the task. There are two examples.

**Example 1:**
- Available Actions:(1): go to bed 1, (2): go to dresser 1, (3): go to drawer 1
- Response:[BEGIN](2): go to dresser 1[END]
**Example 1:**
- Available Actions:(1): go to garbagecan 1, (2): take handtowel 1 from handtowelholder 1, (3): take faucet 1 from handtowelholder 1, (4): take handtowel 2 from handtowelholder 1
- Response:[BEGIN](2): go to dresser 1[END]

**Task Description:**
The task at hand is "put a cd in diningtable". The agent must find an object of the desired type, pick it up, find the correct location to place it, and put it down there.

**Available Actions:**
(1): go to armchair 1
(2): go to sidetable 1
(3): go to dresser 1
(4): go to armchair 2
(5): go to bed 1
(6): go to countertop 1
(7): go to garbagecan 1
(8): go to drawer 1
(9): go to drawer 2
(10): put cd 1 in/on diningtable 1
(11): examine cd 1
(12): examine diningtable 1

**Determine the appropriate action:**
- Identify relevant objects in the image related to the task.
- Evaluate each action's potential to successfully complete the task.

**Response:**
- Let's tink step-by-step.
- (i): [BEGIN][Selected Action][END]

Original VLM Response:
(i): [BEGIN](10): put cd 1 in/on diningtable 1[END]

> Action: put cd 1 in/on diningtable 1
Running time: 2.7583975791931152 seconds

SUCCEED
