---------------------------------------------------------Scene: 26---------------------------------------------------------
--------------------------------------------------------------------------------------------------------------------------------------------------------------------
--------------------------------------------------------------------------------------------------------------------------------------------------------------------
Step:--------------------------------------------------------------------------1--------------------------------------------------------------------------
VLM Prompt:
<image>
Given an image depicting a complex scene with multiple elements, your objective is to analyze the scene of the image in relation to the specified task description and choose the appropriate action from a list of available actions to accomplish the task. There are two examples.

**Example 1:**
- Available Actions:(1): go to bed 1, (2): go to dresser 1, (3): go to drawer 1
- Response:[BEGIN](2): go to dresser 1[END]
**Example 1:**
- Available Actions:(1): go to garbagecan 1, (2): take handtowel 1 from handtowelholder 1, (3): take faucet 1 from handtowelholder 1, (4): take handtowel 2 from handtowelholder 1
- Response:[BEGIN](2): go to dresser 1[END]

**Task Description:**
The task at hand is "put a spraybottle in toilet". The agent must find an object of the desired type, pick it up, find the correct location to place it, and put it down there.

**Available Actions:**
(1): go to bathtub 1
(2): go to countertop 1
(3): go to drawer 1
(4): go to drawer 2
(5): go to drawer 3
(6): go to drawer 4
(7): go to drawer 5
(8): go to drawer 6
(9): go to drawer 7
(10): go to drawer 8
(11): go to sink 1
(12): go to garbagecan 1
(13): go to sinkbasin 1
(14): go to toiletpaperhanger 1
(15): go to toilet 1

**Determine the appropriate action:**
- Identify relevant objects in the image related to the task.
- Evaluate each action's potential to successfully complete the task.

**Response:**
- Let's tink step-by-step.
- (i): [BEGIN][Selected Action][END]

Original VLM Response:
- (i): [BEGIN](15): go to toilet 1[END]

> Action: go to toilet 1
Running time: 3.129852294921875 seconds

Step:--------------------------------------------------------------------------2--------------------------------------------------------------------------
VLM Prompt:
<image>
Given an image depicting a complex scene with multiple elements, your objective is to analyze the scene of the image in relation to the specified task description and choose the appropriate action from a list of available actions to accomplish the task. There are two examples.

**Example 1:**
- Available Actions:(1): go to bed 1, (2): go to dresser 1, (3): go to drawer 1
- Response:[BEGIN](2): go to dresser 1[END]
**Example 1:**
- Available Actions:(1): go to garbagecan 1, (2): take handtowel 1 from handtowelholder 1, (3): take faucet 1 from handtowelholder 1, (4): take handtowel 2 from handtowelholder 1
- Response:[BEGIN](2): go to dresser 1[END]

**Task Description:**
The task at hand is "put a spraybottle in toilet". The agent must find an object of the desired type, pick it up, find the correct location to place it, and put it down there.

**Available Actions:**
(1): go to bathtub 1
(2): go to countertop 1
(3): go to drawer 1
(4): go to drawer 2
(5): go to drawer 3
(6): go to drawer 4
(7): go to drawer 5
(8): go to drawer 6
(9): go to drawer 7
(10): go to drawer 8
(11): go to sink 1
(12): go to garbagecan 1
(13): go to sinkbasin 1
(14): go to toiletpaperhanger 1
(15): take candle 1 from toilet 1
(16): take scrubbrush 1 from toilet 1
(17): examine toilet 1

**Determine the appropriate action:**
- Identify relevant objects in the image related to the task.
- Evaluate each action's potential to successfully complete the task.

**Response:**
- Let's tink step-by-step.
- (i): [BEGIN][Selected Action][END]

Original VLM Response:
- (i): [BEGIN](17): examine toilet 1[END]

> Action: examine toilet 1
Running time: 4.295382499694824 seconds

Step:--------------------------------------------------------------------------3--------------------------------------------------------------------------
VLM Prompt:
<image>
Given an image depicting a complex scene with multiple elements, your objective is to analyze the scene of the image in relation to the specified task description and choose the appropriate action from a list of available actions to accomplish the task. There are two examples.

**Example 1:**
- Available Actions:(1): go to bed 1, (2): go to dresser 1, (3): go to drawer 1
- Response:[BEGIN](2): go to dresser 1[END]
**Example 1:**
- Available Actions:(1): go to garbagecan 1, (2): take handtowel 1 from handtowelholder 1, (3): take faucet 1 from handtowelholder 1, (4): take handtowel 2 from handtowelholder 1
- Response:[BEGIN](2): go to dresser 1[END]

**Task Description:**
The task at hand is "put a spraybottle in toilet". The agent must find an object of the desired type, pick it up, find the correct location to place it, and put it down there.

**Available Actions:**
(1): go to bathtub 1
(2): go to countertop 1
(3): go to drawer 1
(4): go to drawer 2
(5): go to drawer 3
(6): go to drawer 4
(7): go to drawer 5
(8): go to drawer 6
(9): go to drawer 7
(10): go to drawer 8
(11): go to sink 1
(12): go to garbagecan 1
(13): go to sinkbasin 1
(14): go to toiletpaperhanger 1
(15): take candle 1 from toilet 1
(16): take scrubbrush 1 from toilet 1
(17): examine toilet 1

**Determine the appropriate action:**
- Identify relevant objects in the image related to the task.
- Evaluate each action's potential to successfully complete the task.

**Response:**
- Let's tink step-by-step.
- (i): [BEGIN][Selected Action][END]

Original VLM Response:
- (i): [BEGIN](17): examine toilet 1[END]

> Action: examine toilet 1
Running time: 2.965925455093384 seconds

Step:--------------------------------------------------------------------------4--------------------------------------------------------------------------
VLM Prompt:
<image>
Given an image depicting a complex scene with multiple elements, your objective is to analyze the scene of the image in relation to the specified task description and choose the appropriate action from a list of available actions to accomplish the task. There are two examples.

**Example 1:**
- Available Actions:(1): go to bed 1, (2): go to dresser 1, (3): go to drawer 1
- Response:[BEGIN](2): go to dresser 1[END]
**Example 1:**
- Available Actions:(1): go to garbagecan 1, (2): take handtowel 1 from handtowelholder 1, (3): take faucet 1 from handtowelholder 1, (4): take handtowel 2 from handtowelholder 1
- Response:[BEGIN](2): go to dresser 1[END]

**Task Description:**
The task at hand is "put a spraybottle in toilet". The agent must find an object of the desired type, pick it up, find the correct location to place it, and put it down there.

**Available Actions:**
(1): go to bathtub 1
(2): go to countertop 1
(3): go to drawer 1
(4): go to drawer 2
(5): go to drawer 3
(6): go to drawer 4
(7): go to drawer 5
(8): go to drawer 6
(9): go to drawer 7
(10): go to drawer 8
(11): go to sink 1
(12): go to garbagecan 1
(13): go to sinkbasin 1
(14): go to toiletpaperhanger 1
(15): take candle 1 from toilet 1
(16): take scrubbrush 1 from toilet 1
(17): examine toilet 1

**Determine the appropriate action:**
- Identify relevant objects in the image related to the task.
- Evaluate each action's potential to successfully complete the task.

**Response:**
- Let's tink step-by-step.
- (i): [BEGIN][Selected Action][END]

Original VLM Response:
- (i): [BEGIN](17): examine toilet 1[END]

> Action: examine toilet 1
Running time: 4.10199499130249 seconds

Step:--------------------------------------------------------------------------5--------------------------------------------------------------------------
VLM Prompt:
<image>
Given an image depicting a complex scene with multiple elements, your objective is to analyze the scene of the image in relation to the specified task description and choose the appropriate action from a list of available actions to accomplish the task. There are two examples.

**Example 1:**
- Available Actions:(1): go to bed 1, (2): go to dresser 1, (3): go to drawer 1
- Response:[BEGIN](2): go to dresser 1[END]
**Example 1:**
- Available Actions:(1): go to garbagecan 1, (2): take handtowel 1 from handtowelholder 1, (3): take faucet 1 from handtowelholder 1, (4): take handtowel 2 from handtowelholder 1
- Response:[BEGIN](2): go to dresser 1[END]

**Task Description:**
The task at hand is "put a spraybottle in toilet". The agent must find an object of the desired type, pick it up, find the correct location to place it, and put it down there.

**Available Actions:**
(1): go to bathtub 1
(2): go to countertop 1
(3): go to drawer 1
(4): go to drawer 2
(5): go to drawer 3
(6): go to drawer 4
(7): go to drawer 5
(8): go to drawer 6
(9): go to drawer 7
(10): go to drawer 8
(11): go to sink 1
(12): go to garbagecan 1
(13): go to sinkbasin 1
(14): go to toiletpaperhanger 1
(15): take candle 1 from toilet 1
(16): take scrubbrush 1 from toilet 1
(17): examine toilet 1

**Determine the appropriate action:**
- Identify relevant objects in the image related to the task.
- Evaluate each action's potential to successfully complete the task.

**Response:**
- Let's tink step-by-step.
- (i): [BEGIN][Selected Action][END]

Original VLM Response:
- (i): [BEGIN](16): take scrubbrush 1 from toilet 1[END]

> Action: take scrubbrush 1 from toilet 1
Running time: 3.4903693199157715 seconds

Step:--------------------------------------------------------------------------6--------------------------------------------------------------------------
VLM Prompt:
<image>
Given an image depicting a complex scene with multiple elements, your objective is to analyze the scene of the image in relation to the specified task description and choose the appropriate action from a list of available actions to accomplish the task. There are two examples.

**Example 1:**
- Available Actions:(1): go to bed 1, (2): go to dresser 1, (3): go to drawer 1
- Response:[BEGIN](2): go to dresser 1[END]
**Example 1:**
- Available Actions:(1): go to garbagecan 1, (2): take handtowel 1 from handtowelholder 1, (3): take faucet 1 from handtowelholder 1, (4): take handtowel 2 from handtowelholder 1
- Response:[BEGIN](2): go to dresser 1[END]

**Task Description:**
The task at hand is "put a spraybottle in toilet". The agent must find an object of the desired type, pick it up, find the correct location to place it, and put it down there.

**Available Actions:**
(1): go to bathtub 1
(2): go to countertop 1
(3): go to drawer 1
(4): go to drawer 2
(5): go to drawer 3
(6): go to drawer 4
(7): go to drawer 5
(8): go to drawer 6
(9): go to drawer 7
(10): go to drawer 8
(11): go to sink 1
(12): go to garbagecan 1
(13): go to sinkbasin 1
(14): go to toiletpaperhanger 1
(15): put scrubbrush 1 in/on toilet 1
(16): examine scrubbrush 1
(17): examine toilet 1

**Determine the appropriate action:**
- Identify relevant objects in the image related to the task.
- Evaluate each action's potential to successfully complete the task.

**Response:**
- Let's tink step-by-step.
- (i): [BEGIN][Selected Action][END]

Original VLM Response:
- (i): [BEGIN](15): put scrubbrush 1 in/on toilet 1[END]

> Action: put scrubbrush 1 in/on toilet 1
Running time: 2.7991318702697754 seconds

Step:--------------------------------------------------------------------------7--------------------------------------------------------------------------
VLM Prompt:
<image>
Given an image depicting a complex scene with multiple elements, your objective is to analyze the scene of the image in relation to the specified task description and choose the appropriate action from a list of available actions to accomplish the task. There are two examples.

**Example 1:**
- Available Actions:(1): go to bed 1, (2): go to dresser 1, (3): go to drawer 1
- Response:[BEGIN](2): go to dresser 1[END]
**Example 1:**
- Available Actions:(1): go to garbagecan 1, (2): take handtowel 1 from handtowelholder 1, (3): take faucet 1 from handtowelholder 1, (4): take handtowel 2 from handtowelholder 1
- Response:[BEGIN](2): go to dresser 1[END]

**Task Description:**
The task at hand is "put a spraybottle in toilet". The agent must find an object of the desired type, pick it up, find the correct location to place it, and put it down there.

**Available Actions:**
(1): go to bathtub 1
(2): go to countertop 1
(3): go to drawer 1
(4): go to drawer 2
(5): go to drawer 3
(6): go to drawer 4
(7): go to drawer 5
(8): go to drawer 6
(9): go to drawer 7
(10): go to drawer 8
(11): go to sink 1
(12): go to garbagecan 1
(13): go to sinkbasin 1
(14): go to toiletpaperhanger 1
(15): take candle 1 from toilet 1
(16): take scrubbrush 1 from toilet 1
(17): examine toilet 1

**Determine the appropriate action:**
- Identify relevant objects in the image related to the task.
- Evaluate each action's potential to successfully complete the task.

**Response:**
- Let's tink step-by-step.
- (i): [BEGIN][Selected Action][END]

Original VLM Response:
- (i): [BEGIN](16): take scrubbrush 1 from toilet 1[END]

> Action: take scrubbrush 1 from toilet 1
Running time: 4.473092794418335 seconds

Step:--------------------------------------------------------------------------8--------------------------------------------------------------------------
VLM Prompt:
<image>
Given an image depicting a complex scene with multiple elements, your objective is to analyze the scene of the image in relation to the specified task description and choose the appropriate action from a list of available actions to accomplish the task. There are two examples.

**Example 1:**
- Available Actions:(1): go to bed 1, (2): go to dresser 1, (3): go to drawer 1
- Response:[BEGIN](2): go to dresser 1[END]
**Example 1:**
- Available Actions:(1): go to garbagecan 1, (2): take handtowel 1 from handtowelholder 1, (3): take faucet 1 from handtowelholder 1, (4): take handtowel 2 from handtowelholder 1
- Response:[BEGIN](2): go to dresser 1[END]

**Task Description:**
The task at hand is "put a spraybottle in toilet". The agent must find an object of the desired type, pick it up, find the correct location to place it, and put it down there.

**Available Actions:**
(1): go to bathtub 1
(2): go to countertop 1
(3): go to drawer 1
(4): go to drawer 2
(5): go to drawer 3
(6): go to drawer 4
(7): go to drawer 5
(8): go to drawer 6
(9): go to drawer 7
(10): go to drawer 8
(11): go to sink 1
(12): go to garbagecan 1
(13): go to sinkbasin 1
(14): go to toiletpaperhanger 1
(15): put scrubbrush 1 in/on toilet 1
(16): examine scrubbrush 1
(17): examine toilet 1

**Determine the appropriate action:**
- Identify relevant objects in the image related to the task.
- Evaluate each action's potential to successfully complete the task.

**Response:**
- Let's tink step-by-step.
- (i): [BEGIN][Selected Action][END]

Original VLM Response:
- (i): [BEGIN](15): put scrubbrush 1 in/on toilet 1[END]

> Action: put scrubbrush 1 in/on toilet 1
Running time: 3.1294591426849365 seconds

Step:--------------------------------------------------------------------------9--------------------------------------------------------------------------
VLM Prompt:
<image>
Given an image depicting a complex scene with multiple elements, your objective is to analyze the scene of the image in relation to the specified task description and choose the appropriate action from a list of available actions to accomplish the task. There are two examples.

**Example 1:**
- Available Actions:(1): go to bed 1, (2): go to dresser 1, (3): go to drawer 1
- Response:[BEGIN](2): go to dresser 1[END]
**Example 1:**
- Available Actions:(1): go to garbagecan 1, (2): take handtowel 1 from handtowelholder 1, (3): take faucet 1 from handtowelholder 1, (4): take handtowel 2 from handtowelholder 1
- Response:[BEGIN](2): go to dresser 1[END]

**Task Description:**
The task at hand is "put a spraybottle in toilet". The agent must find an object of the desired type, pick it up, find the correct location to place it, and put it down there.

**Available Actions:**
(1): go to bathtub 1
(2): go to countertop 1
(3): go to drawer 1
(4): go to drawer 2
(5): go to drawer 3
(6): go to drawer 4
(7): go to drawer 5
(8): go to drawer 6
(9): go to drawer 7
(10): go to drawer 8
(11): go to sink 1
(12): go to garbagecan 1
(13): go to sinkbasin 1
(14): go to toiletpaperhanger 1
(15): take candle 1 from toilet 1
(16): take scrubbrush 1 from toilet 1
(17): examine toilet 1

**Determine the appropriate action:**
- Identify relevant objects in the image related to the task.
- Evaluate each action's potential to successfully complete the task.

**Response:**
- Let's tink step-by-step.
- (i): [BEGIN][Selected Action][END]

Original VLM Response:
- (i): [BEGIN](16): take scrubbrush 1 from toilet 1[END]

> Action: take scrubbrush 1 from toilet 1
Running time: 2.5379741191864014 seconds

Step:--------------------------------------------------------------------------10--------------------------------------------------------------------------
VLM Prompt:
<image>
Given an image depicting a complex scene with multiple elements, your objective is to analyze the scene of the image in relation to the specified task description and choose the appropriate action from a list of available actions to accomplish the task. There are two examples.

**Example 1:**
- Available Actions:(1): go to bed 1, (2): go to dresser 1, (3): go to drawer 1
- Response:[BEGIN](2): go to dresser 1[END]
**Example 1:**
- Available Actions:(1): go to garbagecan 1, (2): take handtowel 1 from handtowelholder 1, (3): take faucet 1 from handtowelholder 1, (4): take handtowel 2 from handtowelholder 1
- Response:[BEGIN](2): go to dresser 1[END]

**Task Description:**
The task at hand is "put a spraybottle in toilet". The agent must find an object of the desired type, pick it up, find the correct location to place it, and put it down there.

**Available Actions:**
(1): go to bathtub 1
(2): go to countertop 1
(3): go to drawer 1
(4): go to drawer 2
(5): go to drawer 3
(6): go to drawer 4
(7): go to drawer 5
(8): go to drawer 6
(9): go to drawer 7
(10): go to drawer 8
(11): go to sink 1
(12): go to garbagecan 1
(13): go to sinkbasin 1
(14): go to toiletpaperhanger 1
(15): put scrubbrush 1 in/on toilet 1
(16): examine scrubbrush 1
(17): examine toilet 1

**Determine the appropriate action:**
- Identify relevant objects in the image related to the task.
- Evaluate each action's potential to successfully complete the task.

**Response:**
- Let's tink step-by-step.
- (i): [BEGIN][Selected Action][END]

Original VLM Response:
- (i): [BEGIN](15): put scrubbrush 1 in/on toilet 1[END]

> Action: put scrubbrush 1 in/on toilet 1
Running time: 2.4618377685546875 seconds

Step:--------------------------------------------------------------------------11--------------------------------------------------------------------------
VLM Prompt:
<image>
Given an image depicting a complex scene with multiple elements, your objective is to analyze the scene of the image in relation to the specified task description and choose the appropriate action from a list of available actions to accomplish the task. There are two examples.

**Example 1:**
- Available Actions:(1): go to bed 1, (2): go to dresser 1, (3): go to drawer 1
- Response:[BEGIN](2): go to dresser 1[END]
**Example 1:**
- Available Actions:(1): go to garbagecan 1, (2): take handtowel 1 from handtowelholder 1, (3): take faucet 1 from handtowelholder 1, (4): take handtowel 2 from handtowelholder 1
- Response:[BEGIN](2): go to dresser 1[END]

**Task Description:**
The task at hand is "put a spraybottle in toilet". The agent must find an object of the desired type, pick it up, find the correct location to place it, and put it down there.

**Available Actions:**
(1): go to bathtub 1
(2): go to countertop 1
(3): go to drawer 1
(4): go to drawer 2
(5): go to drawer 3
(6): go to drawer 4
(7): go to drawer 5
(8): go to drawer 6
(9): go to drawer 7
(10): go to drawer 8
(11): go to sink 1
(12): go to garbagecan 1
(13): go to sinkbasin 1
(14): go to toiletpaperhanger 1
(15): take candle 1 from toilet 1
(16): take scrubbrush 1 from toilet 1
(17): examine toilet 1

**Determine the appropriate action:**
- Identify relevant objects in the image related to the task.
- Evaluate each action's potential to successfully complete the task.

**Response:**
- Let's tink step-by-step.
- (i): [BEGIN][Selected Action][END]

Original VLM Response:
- (i): [BEGIN](16): take scrubbrush 1 from toilet 1[END]

> Action: take scrubbrush 1 from toilet 1
Running time: 2.348431348800659 seconds

Step:--------------------------------------------------------------------------12--------------------------------------------------------------------------
VLM Prompt:
<image>
Given an image depicting a complex scene with multiple elements, your objective is to analyze the scene of the image in relation to the specified task description and choose the appropriate action from a list of available actions to accomplish the task. There are two examples.

**Example 1:**
- Available Actions:(1): go to bed 1, (2): go to dresser 1, (3): go to drawer 1
- Response:[BEGIN](2): go to dresser 1[END]
**Example 1:**
- Available Actions:(1): go to garbagecan 1, (2): take handtowel 1 from handtowelholder 1, (3): take faucet 1 from handtowelholder 1, (4): take handtowel 2 from handtowelholder 1
- Response:[BEGIN](2): go to dresser 1[END]

**Task Description:**
The task at hand is "put a spraybottle in toilet". The agent must find an object of the desired type, pick it up, find the correct location to place it, and put it down there.

**Available Actions:**
(1): go to bathtub 1
(2): go to countertop 1
(3): go to drawer 1
(4): go to drawer 2
(5): go to drawer 3
(6): go to drawer 4
(7): go to drawer 5
(8): go to drawer 6
(9): go to drawer 7
(10): go to drawer 8
(11): go to sink 1
(12): go to garbagecan 1
(13): go to sinkbasin 1
(14): go to toiletpaperhanger 1
(15): put scrubbrush 1 in/on toilet 1
(16): examine scrubbrush 1
(17): examine toilet 1

**Determine the appropriate action:**
- Identify relevant objects in the image related to the task.
- Evaluate each action's potential to successfully complete the task.

**Response:**
- Let's tink step-by-step.
- (i): [BEGIN][Selected Action][END]

Original VLM Response:
- (i): [BEGIN](15): put scrubbrush 1 in/on toilet 1[END]

> Action: put scrubbrush 1 in/on toilet 1
Running time: 2.713963031768799 seconds

Step:--------------------------------------------------------------------------13--------------------------------------------------------------------------
VLM Prompt:
<image>
Given an image depicting a complex scene with multiple elements, your objective is to analyze the scene of the image in relation to the specified task description and choose the appropriate action from a list of available actions to accomplish the task. There are two examples.

**Example 1:**
- Available Actions:(1): go to bed 1, (2): go to dresser 1, (3): go to drawer 1
- Response:[BEGIN](2): go to dresser 1[END]
**Example 1:**
- Available Actions:(1): go to garbagecan 1, (2): take handtowel 1 from handtowelholder 1, (3): take faucet 1 from handtowelholder 1, (4): take handtowel 2 from handtowelholder 1
- Response:[BEGIN](2): go to dresser 1[END]

**Task Description:**
The task at hand is "put a spraybottle in toilet". The agent must find an object of the desired type, pick it up, find the correct location to place it, and put it down there.

**Available Actions:**
(1): go to bathtub 1
(2): go to countertop 1
(3): go to drawer 1
(4): go to drawer 2
(5): go to drawer 3
(6): go to drawer 4
(7): go to drawer 5
(8): go to drawer 6
(9): go to drawer 7
(10): go to drawer 8
(11): go to sink 1
(12): go to garbagecan 1
(13): go to sinkbasin 1
(14): go to toiletpaperhanger 1
(15): take candle 1 from toilet 1
(16): take scrubbrush 1 from toilet 1
(17): examine toilet 1

**Determine the appropriate action:**
- Identify relevant objects in the image related to the task.
- Evaluate each action's potential to successfully complete the task.

**Response:**
- Let's tink step-by-step.
- (i): [BEGIN][Selected Action][END]

Original VLM Response:
- (i): [BEGIN](12): go to garbagecan 1[END]

> Action: go to garbagecan 1
Running time: 2.4517147541046143 seconds

Step:--------------------------------------------------------------------------14--------------------------------------------------------------------------
VLM Prompt:
<image>
Given an image depicting a complex scene with multiple elements, your objective is to analyze the scene of the image in relation to the specified task description and choose the appropriate action from a list of available actions to accomplish the task. There are two examples.

**Example 1:**
- Available Actions:(1): go to bed 1, (2): go to dresser 1, (3): go to drawer 1
- Response:[BEGIN](2): go to dresser 1[END]
**Example 1:**
- Available Actions:(1): go to garbagecan 1, (2): take handtowel 1 from handtowelholder 1, (3): take faucet 1 from handtowelholder 1, (4): take handtowel 2 from handtowelholder 1
- Response:[BEGIN](2): go to dresser 1[END]

**Task Description:**
The task at hand is "put a spraybottle in toilet". The agent must find an object of the desired type, pick it up, find the correct location to place it, and put it down there.

**Available Actions:**
(1): go to bathtub 1
(2): go to countertop 1
(3): go to drawer 1
(4): go to drawer 2
(5): go to drawer 3
(6): go to drawer 4
(7): go to drawer 5
(8): go to drawer 6
(9): go to drawer 7
(10): go to drawer 8
(11): go to sink 1
(12): go to sinkbasin 1
(13): go to toiletpaperhanger 1
(14): go to toilet 1
(15): take faucet 1 from garbagecan 1
(16): take soapbar 1 from garbagecan 1
(17): examine garbagecan 1

**Determine the appropriate action:**
- Identify relevant objects in the image related to the task.
- Evaluate each action's potential to successfully complete the task.

**Response:**
- Let's tink step-by-step.
- (i): [BEGIN][Selected Action][END]

Original VLM Response:
- (i): [BEGIN](14): go to toilet 1[END]

> Action: go to toilet 1
Running time: 2.613670587539673 seconds

Step:--------------------------------------------------------------------------15--------------------------------------------------------------------------
VLM Prompt:
<image>
Given an image depicting a complex scene with multiple elements, your objective is to analyze the scene of the image in relation to the specified task description and choose the appropriate action from a list of available actions to accomplish the task. There are two examples.

**Example 1:**
- Available Actions:(1): go to bed 1, (2): go to dresser 1, (3): go to drawer 1
- Response:[BEGIN](2): go to dresser 1[END]
**Example 1:**
- Available Actions:(1): go to garbagecan 1, (2): take handtowel 1 from handtowelholder 1, (3): take faucet 1 from handtowelholder 1, (4): take handtowel 2 from handtowelholder 1
- Response:[BEGIN](2): go to dresser 1[END]

**Task Description:**
The task at hand is "put a spraybottle in toilet". The agent must find an object of the desired type, pick it up, find the correct location to place it, and put it down there.

**Available Actions:**
(1): go to bathtub 1
(2): go to countertop 1
(3): go to drawer 1
(4): go to drawer 2
(5): go to drawer 3
(6): go to drawer 4
(7): go to drawer 5
(8): go to drawer 6
(9): go to drawer 7
(10): go to drawer 8
(11): go to sink 1
(12): go to garbagecan 1
(13): go to sinkbasin 1
(14): go to toiletpaperhanger 1
(15): take scrubbrush 1 from toilet 1
(16): take candle 1 from toilet 1
(17): examine toilet 1

**Determine the appropriate action:**
- Identify relevant objects in the image related to the task.
- Evaluate each action's potential to successfully complete the task.

**Response:**
- Let's tink step-by-step.
- (i): [BEGIN][Selected Action][END]

Original VLM Response:
- (i): [BEGIN](12): go to garbagecan 1[END]

> Action: go to garbagecan 1
Running time: 3.8488612174987793 seconds

Step:--------------------------------------------------------------------------16--------------------------------------------------------------------------
VLM Prompt:
<image>
Given an image depicting a complex scene with multiple elements, your objective is to analyze the scene of the image in relation to the specified task description and choose the appropriate action from a list of available actions to accomplish the task. There are two examples.

**Example 1:**
- Available Actions:(1): go to bed 1, (2): go to dresser 1, (3): go to drawer 1
- Response:[BEGIN](2): go to dresser 1[END]
**Example 1:**
- Available Actions:(1): go to garbagecan 1, (2): take handtowel 1 from handtowelholder 1, (3): take faucet 1 from handtowelholder 1, (4): take handtowel 2 from handtowelholder 1
- Response:[BEGIN](2): go to dresser 1[END]

**Task Description:**
The task at hand is "put a spraybottle in toilet". The agent must find an object of the desired type, pick it up, find the correct location to place it, and put it down there.

**Available Actions:**
(1): go to bathtub 1
(2): go to countertop 1
(3): go to drawer 1
(4): go to drawer 2
(5): go to drawer 3
(6): go to drawer 4
(7): go to drawer 5
(8): go to drawer 6
(9): go to drawer 7
(10): go to drawer 8
(11): go to sink 1
(12): go to sinkbasin 1
(13): go to toiletpaperhanger 1
(14): go to toilet 1
(15): take faucet 1 from garbagecan 1
(16): take soapbar 1 from garbagecan 1
(17): examine garbagecan 1

**Determine the appropriate action:**
- Identify relevant objects in the image related to the task.
- Evaluate each action's potential to successfully complete the task.

**Response:**
- Let's tink step-by-step.
- (i): [BEGIN][Selected Action][END]

Original VLM Response:
- (i): [BEGIN](14): go to toilet 1[END]

> Action: go to toilet 1
Running time: 3.40012526512146 seconds

Step:--------------------------------------------------------------------------17--------------------------------------------------------------------------
VLM Prompt:
<image>
Given an image depicting a complex scene with multiple elements, your objective is to analyze the scene of the image in relation to the specified task description and choose the appropriate action from a list of available actions to accomplish the task. There are two examples.

**Example 1:**
- Available Actions:(1): go to bed 1, (2): go to dresser 1, (3): go to drawer 1
- Response:[BEGIN](2): go to dresser 1[END]
**Example 1:**
- Available Actions:(1): go to garbagecan 1, (2): take handtowel 1 from handtowelholder 1, (3): take faucet 1 from handtowelholder 1, (4): take handtowel 2 from handtowelholder 1
- Response:[BEGIN](2): go to dresser 1[END]

**Task Description:**
The task at hand is "put a spraybottle in toilet". The agent must find an object of the desired type, pick it up, find the correct location to place it, and put it down there.

**Available Actions:**
(1): go to bathtub 1
(2): go to countertop 1
(3): go to drawer 1
(4): go to drawer 2
(5): go to drawer 3
(6): go to drawer 4
(7): go to drawer 5
(8): go to drawer 6
(9): go to drawer 7
(10): go to drawer 8
(11): go to sink 1
(12): go to garbagecan 1
(13): go to sinkbasin 1
(14): go to toiletpaperhanger 1
(15): take scrubbrush 1 from toilet 1
(16): take candle 1 from toilet 1
(17): examine toilet 1

**Determine the appropriate action:**
- Identify relevant objects in the image related to the task.
- Evaluate each action's potential to successfully complete the task.

**Response:**
- Let's tink step-by-step.
- (i): [BEGIN][Selected Action][END]

Original VLM Response:
- (i): [BEGIN](12): go to garbagecan 1[END]

> Action: go to garbagecan 1
Running time: 2.573770523071289 seconds

Step:--------------------------------------------------------------------------18--------------------------------------------------------------------------
VLM Prompt:
<image>
Given an image depicting a complex scene with multiple elements, your objective is to analyze the scene of the image in relation to the specified task description and choose the appropriate action from a list of available actions to accomplish the task. There are two examples.

**Example 1:**
- Available Actions:(1): go to bed 1, (2): go to dresser 1, (3): go to drawer 1
- Response:[BEGIN](2): go to dresser 1[END]
**Example 1:**
- Available Actions:(1): go to garbagecan 1, (2): take handtowel 1 from handtowelholder 1, (3): take faucet 1 from handtowelholder 1, (4): take handtowel 2 from handtowelholder 1
- Response:[BEGIN](2): go to dresser 1[END]

**Task Description:**
The task at hand is "put a spraybottle in toilet". The agent must find an object of the desired type, pick it up, find the correct location to place it, and put it down there.

**Available Actions:**
(1): go to bathtub 1
(2): go to countertop 1
(3): go to drawer 1
(4): go to drawer 2
(5): go to drawer 3
(6): go to drawer 4
(7): go to drawer 5
(8): go to drawer 6
(9): go to drawer 7
(10): go to drawer 8
(11): go to sink 1
(12): go to sinkbasin 1
(13): go to toiletpaperhanger 1
(14): go to toilet 1
(15): take faucet 1 from garbagecan 1
(16): take soapbar 1 from garbagecan 1
(17): examine garbagecan 1

**Determine the appropriate action:**
- Identify relevant objects in the image related to the task.
- Evaluate each action's potential to successfully complete the task.

**Response:**
- Let's tink step-by-step.
- (i): [BEGIN][Selected Action][END]

Original VLM Response:
- (i): [BEGIN](14): go to toilet 1[END]

> Action: go to toilet 1
Running time: 2.362142562866211 seconds

Step:--------------------------------------------------------------------------19--------------------------------------------------------------------------
VLM Prompt:
<image>
Given an image depicting a complex scene with multiple elements, your objective is to analyze the scene of the image in relation to the specified task description and choose the appropriate action from a list of available actions to accomplish the task. There are two examples.

**Example 1:**
- Available Actions:(1): go to bed 1, (2): go to dresser 1, (3): go to drawer 1
- Response:[BEGIN](2): go to dresser 1[END]
**Example 1:**
- Available Actions:(1): go to garbagecan 1, (2): take handtowel 1 from handtowelholder 1, (3): take faucet 1 from handtowelholder 1, (4): take handtowel 2 from handtowelholder 1
- Response:[BEGIN](2): go to dresser 1[END]

**Task Description:**
The task at hand is "put a spraybottle in toilet". The agent must find an object of the desired type, pick it up, find the correct location to place it, and put it down there.

**Available Actions:**
(1): go to bathtub 1
(2): go to countertop 1
(3): go to drawer 1
(4): go to drawer 2
(5): go to drawer 3
(6): go to drawer 4
(7): go to drawer 5
(8): go to drawer 6
(9): go to drawer 7
(10): go to drawer 8
(11): go to sink 1
(12): go to garbagecan 1
(13): go to sinkbasin 1
(14): go to toiletpaperhanger 1
(15): take scrubbrush 1 from toilet 1
(16): take candle 1 from toilet 1
(17): examine toilet 1

**Determine the appropriate action:**
- Identify relevant objects in the image related to the task.
- Evaluate each action's potential to successfully complete the task.

**Response:**
- Let's tink step-by-step.
- (i): [BEGIN][Selected Action][END]

Original VLM Response:
- (i): [BEGIN](15): take scrubbrush 1 from toilet 1[END]

> Action: take scrubbrush 1 from toilet 1
Running time: 4.893587827682495 seconds

Step:--------------------------------------------------------------------------20--------------------------------------------------------------------------
VLM Prompt:
<image>
Given an image depicting a complex scene with multiple elements, your objective is to analyze the scene of the image in relation to the specified task description and choose the appropriate action from a list of available actions to accomplish the task. There are two examples.

**Example 1:**
- Available Actions:(1): go to bed 1, (2): go to dresser 1, (3): go to drawer 1
- Response:[BEGIN](2): go to dresser 1[END]
**Example 1:**
- Available Actions:(1): go to garbagecan 1, (2): take handtowel 1 from handtowelholder 1, (3): take faucet 1 from handtowelholder 1, (4): take handtowel 2 from handtowelholder 1
- Response:[BEGIN](2): go to dresser 1[END]

**Task Description:**
The task at hand is "put a spraybottle in toilet". The agent must find an object of the desired type, pick it up, find the correct location to place it, and put it down there.

**Available Actions:**
(1): go to bathtub 1
(2): go to countertop 1
(3): go to drawer 1
(4): go to drawer 2
(5): go to drawer 3
(6): go to drawer 4
(7): go to drawer 5
(8): go to drawer 6
(9): go to drawer 7
(10): go to drawer 8
(11): go to sink 1
(12): go to garbagecan 1
(13): go to sinkbasin 1
(14): go to toiletpaperhanger 1
(15): put scrubbrush 1 in/on toilet 1
(16): examine scrubbrush 1
(17): examine toilet 1

**Determine the appropriate action:**
- Identify relevant objects in the image related to the task.
- Evaluate each action's potential to successfully complete the task.

**Response:**
- Let's tink step-by-step.
- (i): [BEGIN][Selected Action][END]

Original VLM Response:
- (i): [BEGIN](15): put scrubbrush 1 in/on toilet 1[END]

> Action: put scrubbrush 1 in/on toilet 1
Running time: 3.0820913314819336 seconds

Step:--------------------------------------------------------------------------21--------------------------------------------------------------------------
VLM Prompt:
<image>
Given an image depicting a complex scene with multiple elements, your objective is to analyze the scene of the image in relation to the specified task description and choose the appropriate action from a list of available actions to accomplish the task. There are two examples.

**Example 1:**
- Available Actions:(1): go to bed 1, (2): go to dresser 1, (3): go to drawer 1
- Response:[BEGIN](2): go to dresser 1[END]
**Example 1:**
- Available Actions:(1): go to garbagecan 1, (2): take handtowel 1 from handtowelholder 1, (3): take faucet 1 from handtowelholder 1, (4): take handtowel 2 from handtowelholder 1
- Response:[BEGIN](2): go to dresser 1[END]

**Task Description:**
The task at hand is "put a spraybottle in toilet". The agent must find an object of the desired type, pick it up, find the correct location to place it, and put it down there.

**Available Actions:**
(1): go to bathtub 1
(2): go to countertop 1
(3): go to drawer 1
(4): go to drawer 2
(5): go to drawer 3
(6): go to drawer 4
(7): go to drawer 5
(8): go to drawer 6
(9): go to drawer 7
(10): go to drawer 8
(11): go to sink 1
(12): go to garbagecan 1
(13): go to sinkbasin 1
(14): go to toiletpaperhanger 1
(15): take scrubbrush 1 from toilet 1
(16): take candle 1 from toilet 1
(17): examine toilet 1

**Determine the appropriate action:**
- Identify relevant objects in the image related to the task.
- Evaluate each action's potential to successfully complete the task.

**Response:**
- Let's tink step-by-step.
- (i): [BEGIN][Selected Action][END]

Original VLM Response:
- (i): [BEGIN](12): go to garbagecan 1[END]

> Action: go to garbagecan 1
Running time: 2.337313413619995 seconds

Step:--------------------------------------------------------------------------22--------------------------------------------------------------------------
VLM Prompt:
<image>
Given an image depicting a complex scene with multiple elements, your objective is to analyze the scene of the image in relation to the specified task description and choose the appropriate action from a list of available actions to accomplish the task. There are two examples.

**Example 1:**
- Available Actions:(1): go to bed 1, (2): go to dresser 1, (3): go to drawer 1
- Response:[BEGIN](2): go to dresser 1[END]
**Example 1:**
- Available Actions:(1): go to garbagecan 1, (2): take handtowel 1 from handtowelholder 1, (3): take faucet 1 from handtowelholder 1, (4): take handtowel 2 from handtowelholder 1
- Response:[BEGIN](2): go to dresser 1[END]

**Task Description:**
The task at hand is "put a spraybottle in toilet". The agent must find an object of the desired type, pick it up, find the correct location to place it, and put it down there.

**Available Actions:**
(1): go to bathtub 1
(2): go to countertop 1
(3): go to drawer 1
(4): go to drawer 2
(5): go to drawer 3
(6): go to drawer 4
(7): go to drawer 5
(8): go to drawer 6
(9): go to drawer 7
(10): go to drawer 8
(11): go to sink 1
(12): go to sinkbasin 1
(13): go to toiletpaperhanger 1
(14): go to toilet 1
(15): take faucet 1 from garbagecan 1
(16): take soapbar 1 from garbagecan 1
(17): examine garbagecan 1

**Determine the appropriate action:**
- Identify relevant objects in the image related to the task.
- Evaluate each action's potential to successfully complete the task.

**Response:**
- Let's tink step-by-step.
- (i): [BEGIN][Selected Action][END]

Original VLM Response:
- (i): [BEGIN](14): go to toilet 1[END]

> Action: go to toilet 1
Running time: 3.1139049530029297 seconds

Step:--------------------------------------------------------------------------23--------------------------------------------------------------------------
VLM Prompt:
<image>
Given an image depicting a complex scene with multiple elements, your objective is to analyze the scene of the image in relation to the specified task description and choose the appropriate action from a list of available actions to accomplish the task. There are two examples.

**Example 1:**
- Available Actions:(1): go to bed 1, (2): go to dresser 1, (3): go to drawer 1
- Response:[BEGIN](2): go to dresser 1[END]
**Example 1:**
- Available Actions:(1): go to garbagecan 1, (2): take handtowel 1 from handtowelholder 1, (3): take faucet 1 from handtowelholder 1, (4): take handtowel 2 from handtowelholder 1
- Response:[BEGIN](2): go to dresser 1[END]

**Task Description:**
The task at hand is "put a spraybottle in toilet". The agent must find an object of the desired type, pick it up, find the correct location to place it, and put it down there.

**Available Actions:**
(1): go to bathtub 1
(2): go to countertop 1
(3): go to drawer 1
(4): go to drawer 2
(5): go to drawer 3
(6): go to drawer 4
(7): go to drawer 5
(8): go to drawer 6
(9): go to drawer 7
(10): go to drawer 8
(11): go to sink 1
(12): go to garbagecan 1
(13): go to sinkbasin 1
(14): go to toiletpaperhanger 1
(15): take scrubbrush 1 from toilet 1
(16): take candle 1 from toilet 1
(17): examine toilet 1

**Determine the appropriate action:**
- Identify relevant objects in the image related to the task.
- Evaluate each action's potential to successfully complete the task.

**Response:**
- Let's tink step-by-step.
- (i): [BEGIN][Selected Action][END]

Original VLM Response:
- (i): [BEGIN](12): go to garbagecan 1[END]

> Action: go to garbagecan 1
Running time: 2.771095037460327 seconds

Step:--------------------------------------------------------------------------24--------------------------------------------------------------------------
VLM Prompt:
<image>
Given an image depicting a complex scene with multiple elements, your objective is to analyze the scene of the image in relation to the specified task description and choose the appropriate action from a list of available actions to accomplish the task. There are two examples.

**Example 1:**
- Available Actions:(1): go to bed 1, (2): go to dresser 1, (3): go to drawer 1
- Response:[BEGIN](2): go to dresser 1[END]
**Example 1:**
- Available Actions:(1): go to garbagecan 1, (2): take handtowel 1 from handtowelholder 1, (3): take faucet 1 from handtowelholder 1, (4): take handtowel 2 from handtowelholder 1
- Response:[BEGIN](2): go to dresser 1[END]

**Task Description:**
The task at hand is "put a spraybottle in toilet". The agent must find an object of the desired type, pick it up, find the correct location to place it, and put it down there.

**Available Actions:**
(1): go to bathtub 1
(2): go to countertop 1
(3): go to drawer 1
(4): go to drawer 2
(5): go to drawer 3
(6): go to drawer 4
(7): go to drawer 5
(8): go to drawer 6
(9): go to drawer 7
(10): go to drawer 8
(11): go to sink 1
(12): go to sinkbasin 1
(13): go to toiletpaperhanger 1
(14): go to toilet 1
(15): take faucet 1 from garbagecan 1
(16): take soapbar 1 from garbagecan 1
(17): examine garbagecan 1

**Determine the appropriate action:**
- Identify relevant objects in the image related to the task.
- Evaluate each action's potential to successfully complete the task.

**Response:**
- Let's tink step-by-step.
- (i): [BEGIN][Selected Action][END]

Original VLM Response:
- (i): [BEGIN](14): go to toilet 1[END]

> Action: go to toilet 1
Running time: 3.288763999938965 seconds

Step:--------------------------------------------------------------------------25--------------------------------------------------------------------------
VLM Prompt:
<image>
Given an image depicting a complex scene with multiple elements, your objective is to analyze the scene of the image in relation to the specified task description and choose the appropriate action from a list of available actions to accomplish the task. There are two examples.

**Example 1:**
- Available Actions:(1): go to bed 1, (2): go to dresser 1, (3): go to drawer 1
- Response:[BEGIN](2): go to dresser 1[END]
**Example 1:**
- Available Actions:(1): go to garbagecan 1, (2): take handtowel 1 from handtowelholder 1, (3): take faucet 1 from handtowelholder 1, (4): take handtowel 2 from handtowelholder 1
- Response:[BEGIN](2): go to dresser 1[END]

**Task Description:**
The task at hand is "put a spraybottle in toilet". The agent must find an object of the desired type, pick it up, find the correct location to place it, and put it down there.

**Available Actions:**
(1): go to bathtub 1
(2): go to countertop 1
(3): go to drawer 1
(4): go to drawer 2
(5): go to drawer 3
(6): go to drawer 4
(7): go to drawer 5
(8): go to drawer 6
(9): go to drawer 7
(10): go to drawer 8
(11): go to sink 1
(12): go to garbagecan 1
(13): go to sinkbasin 1
(14): go to toiletpaperhanger 1
(15): take scrubbrush 1 from toilet 1
(16): take candle 1 from toilet 1
(17): examine toilet 1

**Determine the appropriate action:**
- Identify relevant objects in the image related to the task.
- Evaluate each action's potential to successfully complete the task.

**Response:**
- Let's tink step-by-step.
- (i): [BEGIN][Selected Action][END]

Original VLM Response:
- (i): [BEGIN](12): go to garbagecan 1[END]

> Action: go to garbagecan 1
Running time: 2.3687288761138916 seconds

Step:--------------------------------------------------------------------------26--------------------------------------------------------------------------
VLM Prompt:
<image>
Given an image depicting a complex scene with multiple elements, your objective is to analyze the scene of the image in relation to the specified task description and choose the appropriate action from a list of available actions to accomplish the task. There are two examples.

**Example 1:**
- Available Actions:(1): go to bed 1, (2): go to dresser 1, (3): go to drawer 1
- Response:[BEGIN](2): go to dresser 1[END]
**Example 1:**
- Available Actions:(1): go to garbagecan 1, (2): take handtowel 1 from handtowelholder 1, (3): take faucet 1 from handtowelholder 1, (4): take handtowel 2 from handtowelholder 1
- Response:[BEGIN](2): go to dresser 1[END]

**Task Description:**
The task at hand is "put a spraybottle in toilet". The agent must find an object of the desired type, pick it up, find the correct location to place it, and put it down there.

**Available Actions:**
(1): go to bathtub 1
(2): go to countertop 1
(3): go to drawer 1
(4): go to drawer 2
(5): go to drawer 3
(6): go to drawer 4
(7): go to drawer 5
(8): go to drawer 6
(9): go to drawer 7
(10): go to drawer 8
(11): go to sink 1
(12): go to sinkbasin 1
(13): go to toiletpaperhanger 1
(14): go to toilet 1
(15): take faucet 1 from garbagecan 1
(16): take soapbar 1 from garbagecan 1
(17): examine garbagecan 1

**Determine the appropriate action:**
- Identify relevant objects in the image related to the task.
- Evaluate each action's potential to successfully complete the task.

**Response:**
- Let's tink step-by-step.
- (i): [BEGIN][Selected Action][END]

Original VLM Response:
- (i): [BEGIN](14): go to toilet 1[END]

> Action: go to toilet 1
Running time: 2.07146954536438 seconds

Step:--------------------------------------------------------------------------27--------------------------------------------------------------------------
VLM Prompt:
<image>
Given an image depicting a complex scene with multiple elements, your objective is to analyze the scene of the image in relation to the specified task description and choose the appropriate action from a list of available actions to accomplish the task. There are two examples.

**Example 1:**
- Available Actions:(1): go to bed 1, (2): go to dresser 1, (3): go to drawer 1
- Response:[BEGIN](2): go to dresser 1[END]
**Example 1:**
- Available Actions:(1): go to garbagecan 1, (2): take handtowel 1 from handtowelholder 1, (3): take faucet 1 from handtowelholder 1, (4): take handtowel 2 from handtowelholder 1
- Response:[BEGIN](2): go to dresser 1[END]

**Task Description:**
The task at hand is "put a spraybottle in toilet". The agent must find an object of the desired type, pick it up, find the correct location to place it, and put it down there.

**Available Actions:**
(1): go to bathtub 1
(2): go to countertop 1
(3): go to drawer 1
(4): go to drawer 2
(5): go to drawer 3
(6): go to drawer 4
(7): go to drawer 5
(8): go to drawer 6
(9): go to drawer 7
(10): go to drawer 8
(11): go to sink 1
(12): go to garbagecan 1
(13): go to sinkbasin 1
(14): go to toiletpaperhanger 1
(15): take scrubbrush 1 from toilet 1
(16): take candle 1 from toilet 1
(17): examine toilet 1

**Determine the appropriate action:**
- Identify relevant objects in the image related to the task.
- Evaluate each action's potential to successfully complete the task.

**Response:**
- Let's tink step-by-step.
- (i): [BEGIN][Selected Action][END]

Original VLM Response:
- (i): [BEGIN](12): go to garbagecan 1[END]

> Action: go to garbagecan 1
Running time: 3.647089719772339 seconds

Step:--------------------------------------------------------------------------28--------------------------------------------------------------------------
VLM Prompt:
<image>
Given an image depicting a complex scene with multiple elements, your objective is to analyze the scene of the image in relation to the specified task description and choose the appropriate action from a list of available actions to accomplish the task. There are two examples.

**Example 1:**
- Available Actions:(1): go to bed 1, (2): go to dresser 1, (3): go to drawer 1
- Response:[BEGIN](2): go to dresser 1[END]
**Example 1:**
- Available Actions:(1): go to garbagecan 1, (2): take handtowel 1 from handtowelholder 1, (3): take faucet 1 from handtowelholder 1, (4): take handtowel 2 from handtowelholder 1
- Response:[BEGIN](2): go to dresser 1[END]

**Task Description:**
The task at hand is "put a spraybottle in toilet". The agent must find an object of the desired type, pick it up, find the correct location to place it, and put it down there.

**Available Actions:**
(1): go to bathtub 1
(2): go to countertop 1
(3): go to drawer 1
(4): go to drawer 2
(5): go to drawer 3
(6): go to drawer 4
(7): go to drawer 5
(8): go to drawer 6
(9): go to drawer 7
(10): go to drawer 8
(11): go to sink 1
(12): go to sinkbasin 1
(13): go to toiletpaperhanger 1
(14): go to toilet 1
(15): take faucet 1 from garbagecan 1
(16): take soapbar 1 from garbagecan 1
(17): examine garbagecan 1

**Determine the appropriate action:**
- Identify relevant objects in the image related to the task.
- Evaluate each action's potential to successfully complete the task.

**Response:**
- Let's tink step-by-step.
- (i): [BEGIN][Selected Action][END]

Original VLM Response:
- (i): [BEGIN](14): go to toilet 1[END]

> Action: go to toilet 1
Running time: 3.5574357509613037 seconds

Step:--------------------------------------------------------------------------29--------------------------------------------------------------------------
VLM Prompt:
<image>
Given an image depicting a complex scene with multiple elements, your objective is to analyze the scene of the image in relation to the specified task description and choose the appropriate action from a list of available actions to accomplish the task. There are two examples.

**Example 1:**
- Available Actions:(1): go to bed 1, (2): go to dresser 1, (3): go to drawer 1
- Response:[BEGIN](2): go to dresser 1[END]
**Example 1:**
- Available Actions:(1): go to garbagecan 1, (2): take handtowel 1 from handtowelholder 1, (3): take faucet 1 from handtowelholder 1, (4): take handtowel 2 from handtowelholder 1
- Response:[BEGIN](2): go to dresser 1[END]

**Task Description:**
The task at hand is "put a spraybottle in toilet". The agent must find an object of the desired type, pick it up, find the correct location to place it, and put it down there.

**Available Actions:**
(1): go to bathtub 1
(2): go to countertop 1
(3): go to drawer 1
(4): go to drawer 2
(5): go to drawer 3
(6): go to drawer 4
(7): go to drawer 5
(8): go to drawer 6
(9): go to drawer 7
(10): go to drawer 8
(11): go to sink 1
(12): go to garbagecan 1
(13): go to sinkbasin 1
(14): go to toiletpaperhanger 1
(15): take scrubbrush 1 from toilet 1
(16): take candle 1 from toilet 1
(17): examine toilet 1

**Determine the appropriate action:**
- Identify relevant objects in the image related to the task.
- Evaluate each action's potential to successfully complete the task.

**Response:**
- Let's tink step-by-step.
- (i): [BEGIN][Selected Action][END]

Original VLM Response:
- (i): [BEGIN](12): go to garbagecan 1[END]

> Action: go to garbagecan 1
Running time: 3.5867481231689453 seconds

Step:--------------------------------------------------------------------------30--------------------------------------------------------------------------
VLM Prompt:
<image>
Given an image depicting a complex scene with multiple elements, your objective is to analyze the scene of the image in relation to the specified task description and choose the appropriate action from a list of available actions to accomplish the task. There are two examples.

**Example 1:**
- Available Actions:(1): go to bed 1, (2): go to dresser 1, (3): go to drawer 1
- Response:[BEGIN](2): go to dresser 1[END]
**Example 1:**
- Available Actions:(1): go to garbagecan 1, (2): take handtowel 1 from handtowelholder 1, (3): take faucet 1 from handtowelholder 1, (4): take handtowel 2 from handtowelholder 1
- Response:[BEGIN](2): go to dresser 1[END]

**Task Description:**
The task at hand is "put a spraybottle in toilet". The agent must find an object of the desired type, pick it up, find the correct location to place it, and put it down there.

**Available Actions:**
(1): go to bathtub 1
(2): go to countertop 1
(3): go to drawer 1
(4): go to drawer 2
(5): go to drawer 3
(6): go to drawer 4
(7): go to drawer 5
(8): go to drawer 6
(9): go to drawer 7
(10): go to drawer 8
(11): go to sink 1
(12): go to sinkbasin 1
(13): go to toiletpaperhanger 1
(14): go to toilet 1
(15): take faucet 1 from garbagecan 1
(16): take soapbar 1 from garbagecan 1
(17): examine garbagecan 1

**Determine the appropriate action:**
- Identify relevant objects in the image related to the task.
- Evaluate each action's potential to successfully complete the task.

**Response:**
- Let's tink step-by-step.
- (i): [BEGIN][Selected Action][END]

Original VLM Response:
- (i): [BEGIN](14): go to toilet 1[END]

> Action: go to toilet 1
Running time: 3.629992723464966 seconds

Step:--------------------------------------------------------------------------31--------------------------------------------------------------------------
VLM Prompt:
<image>
Given an image depicting a complex scene with multiple elements, your objective is to analyze the scene of the image in relation to the specified task description and choose the appropriate action from a list of available actions to accomplish the task. There are two examples.

**Example 1:**
- Available Actions:(1): go to bed 1, (2): go to dresser 1, (3): go to drawer 1
- Response:[BEGIN](2): go to dresser 1[END]
**Example 1:**
- Available Actions:(1): go to garbagecan 1, (2): take handtowel 1 from handtowelholder 1, (3): take faucet 1 from handtowelholder 1, (4): take handtowel 2 from handtowelholder 1
- Response:[BEGIN](2): go to dresser 1[END]

**Task Description:**
The task at hand is "put a spraybottle in toilet". The agent must find an object of the desired type, pick it up, find the correct location to place it, and put it down there.

**Available Actions:**
(1): go to bathtub 1
(2): go to countertop 1
(3): go to drawer 1
(4): go to drawer 2
(5): go to drawer 3
(6): go to drawer 4
(7): go to drawer 5
(8): go to drawer 6
(9): go to drawer 7
(10): go to drawer 8
(11): go to sink 1
(12): go to garbagecan 1
(13): go to sinkbasin 1
(14): go to toiletpaperhanger 1
(15): take scrubbrush 1 from toilet 1
(16): take candle 1 from toilet 1
(17): examine toilet 1

**Determine the appropriate action:**
- Identify relevant objects in the image related to the task.
- Evaluate each action's potential to successfully complete the task.

**Response:**
- Let's tink step-by-step.
- (i): [BEGIN][Selected Action][END]

Original VLM Response:
- (i): [BEGIN](17): examine toilet 1[END]

> Action: examine toilet 1
Running time: 3.129068374633789 seconds

Step:--------------------------------------------------------------------------32--------------------------------------------------------------------------
VLM Prompt:
<image>
Given an image depicting a complex scene with multiple elements, your objective is to analyze the scene of the image in relation to the specified task description and choose the appropriate action from a list of available actions to accomplish the task. There are two examples.

**Example 1:**
- Available Actions:(1): go to bed 1, (2): go to dresser 1, (3): go to drawer 1
- Response:[BEGIN](2): go to dresser 1[END]
**Example 1:**
- Available Actions:(1): go to garbagecan 1, (2): take handtowel 1 from handtowelholder 1, (3): take faucet 1 from handtowelholder 1, (4): take handtowel 2 from handtowelholder 1
- Response:[BEGIN](2): go to dresser 1[END]

**Task Description:**
The task at hand is "put a spraybottle in toilet". The agent must find an object of the desired type, pick it up, find the correct location to place it, and put it down there.

**Available Actions:**
(1): go to bathtub 1
(2): go to countertop 1
(3): go to drawer 1
(4): go to drawer 2
(5): go to drawer 3
(6): go to drawer 4
(7): go to drawer 5
(8): go to drawer 6
(9): go to drawer 7
(10): go to drawer 8
(11): go to sink 1
(12): go to garbagecan 1
(13): go to sinkbasin 1
(14): go to toiletpaperhanger 1
(15): take scrubbrush 1 from toilet 1
(16): take candle 1 from toilet 1
(17): examine toilet 1

**Determine the appropriate action:**
- Identify relevant objects in the image related to the task.
- Evaluate each action's potential to successfully complete the task.

**Response:**
- Let's tink step-by-step.
- (i): [BEGIN][Selected Action][END]

Original VLM Response:
- (i): [BEGIN](12): go to garbagecan 1[END]

> Action: go to garbagecan 1
Running time: 4.49577522277832 seconds

Step:--------------------------------------------------------------------------33--------------------------------------------------------------------------
VLM Prompt:
<image>
Given an image depicting a complex scene with multiple elements, your objective is to analyze the scene of the image in relation to the specified task description and choose the appropriate action from a list of available actions to accomplish the task. There are two examples.

**Example 1:**
- Available Actions:(1): go to bed 1, (2): go to dresser 1, (3): go to drawer 1
- Response:[BEGIN](2): go to dresser 1[END]
**Example 1:**
- Available Actions:(1): go to garbagecan 1, (2): take handtowel 1 from handtowelholder 1, (3): take faucet 1 from handtowelholder 1, (4): take handtowel 2 from handtowelholder 1
- Response:[BEGIN](2): go to dresser 1[END]

**Task Description:**
The task at hand is "put a spraybottle in toilet". The agent must find an object of the desired type, pick it up, find the correct location to place it, and put it down there.

**Available Actions:**
(1): go to bathtub 1
(2): go to countertop 1
(3): go to drawer 1
(4): go to drawer 2
(5): go to drawer 3
(6): go to drawer 4
(7): go to drawer 5
(8): go to drawer 6
(9): go to drawer 7
(10): go to drawer 8
(11): go to sink 1
(12): go to sinkbasin 1
(13): go to toiletpaperhanger 1
(14): go to toilet 1
(15): take faucet 1 from garbagecan 1
(16): take soapbar 1 from garbagecan 1
(17): examine garbagecan 1

**Determine the appropriate action:**
- Identify relevant objects in the image related to the task.
- Evaluate each action's potential to successfully complete the task.

**Response:**
- Let's tink step-by-step.
- (i): [BEGIN][Selected Action][END]

Original VLM Response:
- (i): [BEGIN](14): go to toilet 1[END]

> Action: go to toilet 1
Running time: 2.5358400344848633 seconds

Step:--------------------------------------------------------------------------34--------------------------------------------------------------------------
VLM Prompt:
<image>
Given an image depicting a complex scene with multiple elements, your objective is to analyze the scene of the image in relation to the specified task description and choose the appropriate action from a list of available actions to accomplish the task. There are two examples.

**Example 1:**
- Available Actions:(1): go to bed 1, (2): go to dresser 1, (3): go to drawer 1
- Response:[BEGIN](2): go to dresser 1[END]
**Example 1:**
- Available Actions:(1): go to garbagecan 1, (2): take handtowel 1 from handtowelholder 1, (3): take faucet 1 from handtowelholder 1, (4): take handtowel 2 from handtowelholder 1
- Response:[BEGIN](2): go to dresser 1[END]

**Task Description:**
The task at hand is "put a spraybottle in toilet". The agent must find an object of the desired type, pick it up, find the correct location to place it, and put it down there.

**Available Actions:**
(1): go to bathtub 1
(2): go to countertop 1
(3): go to drawer 1
(4): go to drawer 2
(5): go to drawer 3
(6): go to drawer 4
(7): go to drawer 5
(8): go to drawer 6
(9): go to drawer 7
(10): go to drawer 8
(11): go to sink 1
(12): go to garbagecan 1
(13): go to sinkbasin 1
(14): go to toiletpaperhanger 1
(15): take scrubbrush 1 from toilet 1
(16): take candle 1 from toilet 1
(17): examine toilet 1

**Determine the appropriate action:**
- Identify relevant objects in the image related to the task.
- Evaluate each action's potential to successfully complete the task.

**Response:**
- Let's tink step-by-step.
- (i): [BEGIN][Selected Action][END]

Original VLM Response:
- (i): [BEGIN](12): go to garbagecan 1[END]

> Action: go to garbagecan 1
Running time: 2.7820708751678467 seconds

Step:--------------------------------------------------------------------------35--------------------------------------------------------------------------
VLM Prompt:
<image>
Given an image depicting a complex scene with multiple elements, your objective is to analyze the scene of the image in relation to the specified task description and choose the appropriate action from a list of available actions to accomplish the task. There are two examples.

**Example 1:**
- Available Actions:(1): go to bed 1, (2): go to dresser 1, (3): go to drawer 1
- Response:[BEGIN](2): go to dresser 1[END]
**Example 1:**
- Available Actions:(1): go to garbagecan 1, (2): take handtowel 1 from handtowelholder 1, (3): take faucet 1 from handtowelholder 1, (4): take handtowel 2 from handtowelholder 1
- Response:[BEGIN](2): go to dresser 1[END]

**Task Description:**
The task at hand is "put a spraybottle in toilet". The agent must find an object of the desired type, pick it up, find the correct location to place it, and put it down there.

**Available Actions:**
(1): go to bathtub 1
(2): go to countertop 1
(3): go to drawer 1
(4): go to drawer 2
(5): go to drawer 3
(6): go to drawer 4
(7): go to drawer 5
(8): go to drawer 6
(9): go to drawer 7
(10): go to drawer 8
(11): go to sink 1
(12): go to sinkbasin 1
(13): go to toiletpaperhanger 1
(14): go to toilet 1
(15): take faucet 1 from garbagecan 1
(16): take soapbar 1 from garbagecan 1
(17): examine garbagecan 1

**Determine the appropriate action:**
- Identify relevant objects in the image related to the task.
- Evaluate each action's potential to successfully complete the task.

**Response:**
- Let's tink step-by-step.
- (i): [BEGIN][Selected Action][END]

Original VLM Response:
- (i): [BEGIN](14): go to toilet 1[END]

> Action: go to toilet 1
Running time: 3.416424512863159 seconds

Step:--------------------------------------------------------------------------36--------------------------------------------------------------------------
VLM Prompt:
<image>
Given an image depicting a complex scene with multiple elements, your objective is to analyze the scene of the image in relation to the specified task description and choose the appropriate action from a list of available actions to accomplish the task. There are two examples.

**Example 1:**
- Available Actions:(1): go to bed 1, (2): go to dresser 1, (3): go to drawer 1
- Response:[BEGIN](2): go to dresser 1[END]
**Example 1:**
- Available Actions:(1): go to garbagecan 1, (2): take handtowel 1 from handtowelholder 1, (3): take faucet 1 from handtowelholder 1, (4): take handtowel 2 from handtowelholder 1
- Response:[BEGIN](2): go to dresser 1[END]

**Task Description:**
The task at hand is "put a spraybottle in toilet". The agent must find an object of the desired type, pick it up, find the correct location to place it, and put it down there.

**Available Actions:**
(1): go to bathtub 1
(2): go to countertop 1
(3): go to drawer 1
(4): go to drawer 2
(5): go to drawer 3
(6): go to drawer 4
(7): go to drawer 5
(8): go to drawer 6
(9): go to drawer 7
(10): go to drawer 8
(11): go to sink 1
(12): go to garbagecan 1
(13): go to sinkbasin 1
(14): go to toiletpaperhanger 1
(15): take scrubbrush 1 from toilet 1
(16): take candle 1 from toilet 1
(17): examine toilet 1

**Determine the appropriate action:**
- Identify relevant objects in the image related to the task.
- Evaluate each action's potential to successfully complete the task.

**Response:**
- Let's tink step-by-step.
- (i): [BEGIN][Selected Action][END]

Original VLM Response:
- (i): [BEGIN](12): go to garbagecan 1[END]

> Action: go to garbagecan 1
Running time: 2.8029356002807617 seconds

Step:--------------------------------------------------------------------------37--------------------------------------------------------------------------
VLM Prompt:
<image>
Given an image depicting a complex scene with multiple elements, your objective is to analyze the scene of the image in relation to the specified task description and choose the appropriate action from a list of available actions to accomplish the task. There are two examples.

**Example 1:**
- Available Actions:(1): go to bed 1, (2): go to dresser 1, (3): go to drawer 1
- Response:[BEGIN](2): go to dresser 1[END]
**Example 1:**
- Available Actions:(1): go to garbagecan 1, (2): take handtowel 1 from handtowelholder 1, (3): take faucet 1 from handtowelholder 1, (4): take handtowel 2 from handtowelholder 1
- Response:[BEGIN](2): go to dresser 1[END]

**Task Description:**
The task at hand is "put a spraybottle in toilet". The agent must find an object of the desired type, pick it up, find the correct location to place it, and put it down there.

**Available Actions:**
(1): go to bathtub 1
(2): go to countertop 1
(3): go to drawer 1
(4): go to drawer 2
(5): go to drawer 3
(6): go to drawer 4
(7): go to drawer 5
(8): go to drawer 6
(9): go to drawer 7
(10): go to drawer 8
(11): go to sink 1
(12): go to sinkbasin 1
(13): go to toiletpaperhanger 1
(14): go to toilet 1
(15): take faucet 1 from garbagecan 1
(16): take soapbar 1 from garbagecan 1
(17): examine garbagecan 1

**Determine the appropriate action:**
- Identify relevant objects in the image related to the task.
- Evaluate each action's potential to successfully complete the task.

**Response:**
- Let's tink step-by-step.
- (i): [BEGIN][Selected Action][END]

Original VLM Response:
- (i): [BEGIN]go to drawer 1[END]


Original VLM Response:
- (i): [BEGIN](14): go to toilet 1[END]

> Action: go to toilet 1
Running time: 4.9639763832092285 seconds

Step:--------------------------------------------------------------------------38--------------------------------------------------------------------------
VLM Prompt:
<image>
Given an image depicting a complex scene with multiple elements, your objective is to analyze the scene of the image in relation to the specified task description and choose the appropriate action from a list of available actions to accomplish the task. There are two examples.

**Example 1:**
- Available Actions:(1): go to bed 1, (2): go to dresser 1, (3): go to drawer 1
- Response:[BEGIN](2): go to dresser 1[END]
**Example 1:**
- Available Actions:(1): go to garbagecan 1, (2): take handtowel 1 from handtowelholder 1, (3): take faucet 1 from handtowelholder 1, (4): take handtowel 2 from handtowelholder 1
- Response:[BEGIN](2): go to dresser 1[END]

**Task Description:**
The task at hand is "put a spraybottle in toilet". The agent must find an object of the desired type, pick it up, find the correct location to place it, and put it down there.

**Available Actions:**
(1): go to bathtub 1
(2): go to countertop 1
(3): go to drawer 1
(4): go to drawer 2
(5): go to drawer 3
(6): go to drawer 4
(7): go to drawer 5
(8): go to drawer 6
(9): go to drawer 7
(10): go to drawer 8
(11): go to sink 1
(12): go to garbagecan 1
(13): go to sinkbasin 1
(14): go to toiletpaperhanger 1
(15): take scrubbrush 1 from toilet 1
(16): take candle 1 from toilet 1
(17): examine toilet 1

**Determine the appropriate action:**
- Identify relevant objects in the image related to the task.
- Evaluate each action's potential to successfully complete the task.

**Response:**
- Let's tink step-by-step.
- (i): [BEGIN][Selected Action][END]

Original VLM Response:
- (i): [BEGIN](12): go to garbagecan 1[END]

> Action: go to garbagecan 1
Running time: 2.8342785835266113 seconds

Step:--------------------------------------------------------------------------39--------------------------------------------------------------------------
VLM Prompt:
<image>
Given an image depicting a complex scene with multiple elements, your objective is to analyze the scene of the image in relation to the specified task description and choose the appropriate action from a list of available actions to accomplish the task. There are two examples.

**Example 1:**
- Available Actions:(1): go to bed 1, (2): go to dresser 1, (3): go to drawer 1
- Response:[BEGIN](2): go to dresser 1[END]
**Example 1:**
- Available Actions:(1): go to garbagecan 1, (2): take handtowel 1 from handtowelholder 1, (3): take faucet 1 from handtowelholder 1, (4): take handtowel 2 from handtowelholder 1
- Response:[BEGIN](2): go to dresser 1[END]

**Task Description:**
The task at hand is "put a spraybottle in toilet". The agent must find an object of the desired type, pick it up, find the correct location to place it, and put it down there.

**Available Actions:**
(1): go to bathtub 1
(2): go to countertop 1
(3): go to drawer 1
(4): go to drawer 2
(5): go to drawer 3
(6): go to drawer 4
(7): go to drawer 5
(8): go to drawer 6
(9): go to drawer 7
(10): go to drawer 8
(11): go to sink 1
(12): go to sinkbasin 1
(13): go to toiletpaperhanger 1
(14): go to toilet 1
(15): take faucet 1 from garbagecan 1
(16): take soapbar 1 from garbagecan 1
(17): examine garbagecan 1

**Determine the appropriate action:**
- Identify relevant objects in the image related to the task.
- Evaluate each action's potential to successfully complete the task.

**Response:**
- Let's tink step-by-step.
- (i): [BEGIN][Selected Action][END]

Original VLM Response:
- (i): [BEGIN](14): go to toilet 1[END]

> Action: go to toilet 1
Running time: 7.703189134597778 seconds

Step:--------------------------------------------------------------------------40--------------------------------------------------------------------------
VLM Prompt:
<image>
Given an image depicting a complex scene with multiple elements, your objective is to analyze the scene of the image in relation to the specified task description and choose the appropriate action from a list of available actions to accomplish the task. There are two examples.

**Example 1:**
- Available Actions:(1): go to bed 1, (2): go to dresser 1, (3): go to drawer 1
- Response:[BEGIN](2): go to dresser 1[END]
**Example 1:**
- Available Actions:(1): go to garbagecan 1, (2): take handtowel 1 from handtowelholder 1, (3): take faucet 1 from handtowelholder 1, (4): take handtowel 2 from handtowelholder 1
- Response:[BEGIN](2): go to dresser 1[END]

**Task Description:**
The task at hand is "put a spraybottle in toilet". The agent must find an object of the desired type, pick it up, find the correct location to place it, and put it down there.

**Available Actions:**
(1): go to bathtub 1
(2): go to countertop 1
(3): go to drawer 1
(4): go to drawer 2
(5): go to drawer 3
(6): go to drawer 4
(7): go to drawer 5
(8): go to drawer 6
(9): go to drawer 7
(10): go to drawer 8
(11): go to sink 1
(12): go to garbagecan 1
(13): go to sinkbasin 1
(14): go to toiletpaperhanger 1
(15): take scrubbrush 1 from toilet 1
(16): take candle 1 from toilet 1
(17): examine toilet 1

**Determine the appropriate action:**
- Identify relevant objects in the image related to the task.
- Evaluate each action's potential to successfully complete the task.

**Response:**
- Let's tink step-by-step.
- (i): [BEGIN][Selected Action][END]

Original VLM Response:
- (i): [BEGIN](12): go to garbagecan 1[END]

> Action: go to garbagecan 1
Running time: 2.6372129917144775 seconds

Step:--------------------------------------------------------------------------41--------------------------------------------------------------------------
VLM Prompt:
<image>
Given an image depicting a complex scene with multiple elements, your objective is to analyze the scene of the image in relation to the specified task description and choose the appropriate action from a list of available actions to accomplish the task. There are two examples.

**Example 1:**
- Available Actions:(1): go to bed 1, (2): go to dresser 1, (3): go to drawer 1
- Response:[BEGIN](2): go to dresser 1[END]
**Example 1:**
- Available Actions:(1): go to garbagecan 1, (2): take handtowel 1 from handtowelholder 1, (3): take faucet 1 from handtowelholder 1, (4): take handtowel 2 from handtowelholder 1
- Response:[BEGIN](2): go to dresser 1[END]

**Task Description:**
The task at hand is "put a spraybottle in toilet". The agent must find an object of the desired type, pick it up, find the correct location to place it, and put it down there.

**Available Actions:**
(1): go to bathtub 1
(2): go to countertop 1
(3): go to drawer 1
(4): go to drawer 2
(5): go to drawer 3
(6): go to drawer 4
(7): go to drawer 5
(8): go to drawer 6
(9): go to drawer 7
(10): go to drawer 8
(11): go to sink 1
(12): go to sinkbasin 1
(13): go to toiletpaperhanger 1
(14): go to toilet 1
(15): take faucet 1 from garbagecan 1
(16): take soapbar 1 from garbagecan 1
(17): examine garbagecan 1

**Determine the appropriate action:**
- Identify relevant objects in the image related to the task.
- Evaluate each action's potential to successfully complete the task.

**Response:**
- Let's tink step-by-step.
- (i): [BEGIN][Selected Action][END]

Original VLM Response:
- (i): [BEGIN](14): go to toilet 1[END]

> Action: go to toilet 1
Running time: 4.724256277084351 seconds

Step:--------------------------------------------------------------------------42--------------------------------------------------------------------------
VLM Prompt:
<image>
Given an image depicting a complex scene with multiple elements, your objective is to analyze the scene of the image in relation to the specified task description and choose the appropriate action from a list of available actions to accomplish the task. There are two examples.

**Example 1:**
- Available Actions:(1): go to bed 1, (2): go to dresser 1, (3): go to drawer 1
- Response:[BEGIN](2): go to dresser 1[END]
**Example 1:**
- Available Actions:(1): go to garbagecan 1, (2): take handtowel 1 from handtowelholder 1, (3): take faucet 1 from handtowelholder 1, (4): take handtowel 2 from handtowelholder 1
- Response:[BEGIN](2): go to dresser 1[END]

**Task Description:**
The task at hand is "put a spraybottle in toilet". The agent must find an object of the desired type, pick it up, find the correct location to place it, and put it down there.

**Available Actions:**
(1): go to bathtub 1
(2): go to countertop 1
(3): go to drawer 1
(4): go to drawer 2
(5): go to drawer 3
(6): go to drawer 4
(7): go to drawer 5
(8): go to drawer 6
(9): go to drawer 7
(10): go to drawer 8
(11): go to sink 1
(12): go to garbagecan 1
(13): go to sinkbasin 1
(14): go to toiletpaperhanger 1
(15): take scrubbrush 1 from toilet 1
(16): take candle 1 from toilet 1
(17): examine toilet 1

**Determine the appropriate action:**
- Identify relevant objects in the image related to the task.
- Evaluate each action's potential to successfully complete the task.

**Response:**
- Let's tink step-by-step.
- (i): [BEGIN][Selected Action][END]

Original VLM Response:
- (i): [BEGIN](12): go to garbagecan 1[END]

> Action: go to garbagecan 1
Running time: 3.7871248722076416 seconds

Step:--------------------------------------------------------------------------43--------------------------------------------------------------------------
VLM Prompt:
<image>
Given an image depicting a complex scene with multiple elements, your objective is to analyze the scene of the image in relation to the specified task description and choose the appropriate action from a list of available actions to accomplish the task. There are two examples.

**Example 1:**
- Available Actions:(1): go to bed 1, (2): go to dresser 1, (3): go to drawer 1
- Response:[BEGIN](2): go to dresser 1[END]
**Example 1:**
- Available Actions:(1): go to garbagecan 1, (2): take handtowel 1 from handtowelholder 1, (3): take faucet 1 from handtowelholder 1, (4): take handtowel 2 from handtowelholder 1
- Response:[BEGIN](2): go to dresser 1[END]

**Task Description:**
The task at hand is "put a spraybottle in toilet". The agent must find an object of the desired type, pick it up, find the correct location to place it, and put it down there.

**Available Actions:**
(1): go to bathtub 1
(2): go to countertop 1
(3): go to drawer 1
(4): go to drawer 2
(5): go to drawer 3
(6): go to drawer 4
(7): go to drawer 5
(8): go to drawer 6
(9): go to drawer 7
(10): go to drawer 8
(11): go to sink 1
(12): go to sinkbasin 1
(13): go to toiletpaperhanger 1
(14): go to toilet 1
(15): take faucet 1 from garbagecan 1
(16): take soapbar 1 from garbagecan 1
(17): examine garbagecan 1

**Determine the appropriate action:**
- Identify relevant objects in the image related to the task.
- Evaluate each action's potential to successfully complete the task.

**Response:**
- Let's tink step-by-step.
- (i): [BEGIN][Selected Action][END]

Original VLM Response:
- (i): [BEGIN](14): go to toilet 1[END]

> Action: go to toilet 1
Running time: 4.945302486419678 seconds

Step:--------------------------------------------------------------------------44--------------------------------------------------------------------------
VLM Prompt:
<image>
Given an image depicting a complex scene with multiple elements, your objective is to analyze the scene of the image in relation to the specified task description and choose the appropriate action from a list of available actions to accomplish the task. There are two examples.

**Example 1:**
- Available Actions:(1): go to bed 1, (2): go to dresser 1, (3): go to drawer 1
- Response:[BEGIN](2): go to dresser 1[END]
**Example 1:**
- Available Actions:(1): go to garbagecan 1, (2): take handtowel 1 from handtowelholder 1, (3): take faucet 1 from handtowelholder 1, (4): take handtowel 2 from handtowelholder 1
- Response:[BEGIN](2): go to dresser 1[END]

**Task Description:**
The task at hand is "put a spraybottle in toilet". The agent must find an object of the desired type, pick it up, find the correct location to place it, and put it down there.

**Available Actions:**
(1): go to bathtub 1
(2): go to countertop 1
(3): go to drawer 1
(4): go to drawer 2
(5): go to drawer 3
(6): go to drawer 4
(7): go to drawer 5
(8): go to drawer 6
(9): go to drawer 7
(10): go to drawer 8
(11): go to sink 1
(12): go to garbagecan 1
(13): go to sinkbasin 1
(14): go to toiletpaperhanger 1
(15): take scrubbrush 1 from toilet 1
(16): take candle 1 from toilet 1
(17): examine toilet 1

**Determine the appropriate action:**
- Identify relevant objects in the image related to the task.
- Evaluate each action's potential to successfully complete the task.

**Response:**
- Let's tink step-by-step.
- (i): [BEGIN][Selected Action][END]

Original VLM Response:
- (i): [BEGIN](12): go to garbagecan 1[END]

> Action: go to garbagecan 1
Running time: 3.890627145767212 seconds

Step:--------------------------------------------------------------------------45--------------------------------------------------------------------------
VLM Prompt:
<image>
Given an image depicting a complex scene with multiple elements, your objective is to analyze the scene of the image in relation to the specified task description and choose the appropriate action from a list of available actions to accomplish the task. There are two examples.

**Example 1:**
- Available Actions:(1): go to bed 1, (2): go to dresser 1, (3): go to drawer 1
- Response:[BEGIN](2): go to dresser 1[END]
**Example 1:**
- Available Actions:(1): go to garbagecan 1, (2): take handtowel 1 from handtowelholder 1, (3): take faucet 1 from handtowelholder 1, (4): take handtowel 2 from handtowelholder 1
- Response:[BEGIN](2): go to dresser 1[END]

**Task Description:**
The task at hand is "put a spraybottle in toilet". The agent must find an object of the desired type, pick it up, find the correct location to place it, and put it down there.

**Available Actions:**
(1): go to bathtub 1
(2): go to countertop 1
(3): go to drawer 1
(4): go to drawer 2
(5): go to drawer 3
(6): go to drawer 4
(7): go to drawer 5
(8): go to drawer 6
(9): go to drawer 7
(10): go to drawer 8
(11): go to sink 1
(12): go to sinkbasin 1
(13): go to toiletpaperhanger 1
(14): go to toilet 1
(15): take faucet 1 from garbagecan 1
(16): take soapbar 1 from garbagecan 1
(17): examine garbagecan 1

**Determine the appropriate action:**
- Identify relevant objects in the image related to the task.
- Evaluate each action's potential to successfully complete the task.

**Response:**
- Let's tink step-by-step.
- (i): [BEGIN][Selected Action][END]

Original VLM Response:
- (i): [BEGIN](14): go to toilet 1[END]

> Action: go to toilet 1
Running time: 4.01752495765686 seconds

Step:--------------------------------------------------------------------------46--------------------------------------------------------------------------
VLM Prompt:
<image>
Given an image depicting a complex scene with multiple elements, your objective is to analyze the scene of the image in relation to the specified task description and choose the appropriate action from a list of available actions to accomplish the task. There are two examples.

**Example 1:**
- Available Actions:(1): go to bed 1, (2): go to dresser 1, (3): go to drawer 1
- Response:[BEGIN](2): go to dresser 1[END]
**Example 1:**
- Available Actions:(1): go to garbagecan 1, (2): take handtowel 1 from handtowelholder 1, (3): take faucet 1 from handtowelholder 1, (4): take handtowel 2 from handtowelholder 1
- Response:[BEGIN](2): go to dresser 1[END]

**Task Description:**
The task at hand is "put a spraybottle in toilet". The agent must find an object of the desired type, pick it up, find the correct location to place it, and put it down there.

**Available Actions:**
(1): go to bathtub 1
(2): go to countertop 1
(3): go to drawer 1
(4): go to drawer 2
(5): go to drawer 3
(6): go to drawer 4
(7): go to drawer 5
(8): go to drawer 6
(9): go to drawer 7
(10): go to drawer 8
(11): go to sink 1
(12): go to garbagecan 1
(13): go to sinkbasin 1
(14): go to toiletpaperhanger 1
(15): take scrubbrush 1 from toilet 1
(16): take candle 1 from toilet 1
(17): examine toilet 1

**Determine the appropriate action:**
- Identify relevant objects in the image related to the task.
- Evaluate each action's potential to successfully complete the task.

**Response:**
- Let's tink step-by-step.
- (i): [BEGIN][Selected Action][END]

Original VLM Response:
- (i): [BEGIN](17): examine toilet 1[END]

> Action: examine toilet 1
Running time: 2.433786392211914 seconds

Step:--------------------------------------------------------------------------47--------------------------------------------------------------------------
VLM Prompt:
<image>
Given an image depicting a complex scene with multiple elements, your objective is to analyze the scene of the image in relation to the specified task description and choose the appropriate action from a list of available actions to accomplish the task. There are two examples.

**Example 1:**
- Available Actions:(1): go to bed 1, (2): go to dresser 1, (3): go to drawer 1
- Response:[BEGIN](2): go to dresser 1[END]
**Example 1:**
- Available Actions:(1): go to garbagecan 1, (2): take handtowel 1 from handtowelholder 1, (3): take faucet 1 from handtowelholder 1, (4): take handtowel 2 from handtowelholder 1
- Response:[BEGIN](2): go to dresser 1[END]

**Task Description:**
The task at hand is "put a spraybottle in toilet". The agent must find an object of the desired type, pick it up, find the correct location to place it, and put it down there.

**Available Actions:**
(1): go to bathtub 1
(2): go to countertop 1
(3): go to drawer 1
(4): go to drawer 2
(5): go to drawer 3
(6): go to drawer 4
(7): go to drawer 5
(8): go to drawer 6
(9): go to drawer 7
(10): go to drawer 8
(11): go to sink 1
(12): go to garbagecan 1
(13): go to sinkbasin 1
(14): go to toiletpaperhanger 1
(15): take scrubbrush 1 from toilet 1
(16): take candle 1 from toilet 1
(17): examine toilet 1

**Determine the appropriate action:**
- Identify relevant objects in the image related to the task.
- Evaluate each action's potential to successfully complete the task.

**Response:**
- Let's tink step-by-step.
- (i): [BEGIN][Selected Action][END]

Original VLM Response:
- (i): [BEGIN](12): go to garbagecan 1[END]

> Action: go to garbagecan 1
Running time: 3.1913673877716064 seconds

Step:--------------------------------------------------------------------------48--------------------------------------------------------------------------
VLM Prompt:
<image>
Given an image depicting a complex scene with multiple elements, your objective is to analyze the scene of the image in relation to the specified task description and choose the appropriate action from a list of available actions to accomplish the task. There are two examples.

**Example 1:**
- Available Actions:(1): go to bed 1, (2): go to dresser 1, (3): go to drawer 1
- Response:[BEGIN](2): go to dresser 1[END]
**Example 1:**
- Available Actions:(1): go to garbagecan 1, (2): take handtowel 1 from handtowelholder 1, (3): take faucet 1 from handtowelholder 1, (4): take handtowel 2 from handtowelholder 1
- Response:[BEGIN](2): go to dresser 1[END]

**Task Description:**
The task at hand is "put a spraybottle in toilet". The agent must find an object of the desired type, pick it up, find the correct location to place it, and put it down there.

**Available Actions:**
(1): go to bathtub 1
(2): go to countertop 1
(3): go to drawer 1
(4): go to drawer 2
(5): go to drawer 3
(6): go to drawer 4
(7): go to drawer 5
(8): go to drawer 6
(9): go to drawer 7
(10): go to drawer 8
(11): go to sink 1
(12): go to sinkbasin 1
(13): go to toiletpaperhanger 1
(14): go to toilet 1
(15): take faucet 1 from garbagecan 1
(16): take soapbar 1 from garbagecan 1
(17): examine garbagecan 1

**Determine the appropriate action:**
- Identify relevant objects in the image related to the task.
- Evaluate each action's potential to successfully complete the task.

**Response:**
- Let's tink step-by-step.
- (i): [BEGIN][Selected Action][END]

Original VLM Response:
- (i): [BEGIN](14): go to toilet 1[END]

> Action: go to toilet 1
Running time: 2.7950093746185303 seconds

Step:--------------------------------------------------------------------------49--------------------------------------------------------------------------
VLM Prompt:
<image>
Given an image depicting a complex scene with multiple elements, your objective is to analyze the scene of the image in relation to the specified task description and choose the appropriate action from a list of available actions to accomplish the task. There are two examples.

**Example 1:**
- Available Actions:(1): go to bed 1, (2): go to dresser 1, (3): go to drawer 1
- Response:[BEGIN](2): go to dresser 1[END]
**Example 1:**
- Available Actions:(1): go to garbagecan 1, (2): take handtowel 1 from handtowelholder 1, (3): take faucet 1 from handtowelholder 1, (4): take handtowel 2 from handtowelholder 1
- Response:[BEGIN](2): go to dresser 1[END]

**Task Description:**
The task at hand is "put a spraybottle in toilet". The agent must find an object of the desired type, pick it up, find the correct location to place it, and put it down there.

**Available Actions:**
(1): go to bathtub 1
(2): go to countertop 1
(3): go to drawer 1
(4): go to drawer 2
(5): go to drawer 3
(6): go to drawer 4
(7): go to drawer 5
(8): go to drawer 6
(9): go to drawer 7
(10): go to drawer 8
(11): go to sink 1
(12): go to garbagecan 1
(13): go to sinkbasin 1
(14): go to toiletpaperhanger 1
(15): take scrubbrush 1 from toilet 1
(16): take candle 1 from toilet 1
(17): examine toilet 1

**Determine the appropriate action:**
- Identify relevant objects in the image related to the task.
- Evaluate each action's potential to successfully complete the task.

**Response:**
- Let's tink step-by-step.
- (i): [BEGIN][Selected Action][END]

Original VLM Response:
- (i): [BEGIN](12): go to garbagecan 1[END]

> Action: go to garbagecan 1
Running time: 3.181774854660034 seconds

Step:--------------------------------------------------------------------------50--------------------------------------------------------------------------
VLM Prompt:
<image>
Given an image depicting a complex scene with multiple elements, your objective is to analyze the scene of the image in relation to the specified task description and choose the appropriate action from a list of available actions to accomplish the task. There are two examples.

**Example 1:**
- Available Actions:(1): go to bed 1, (2): go to dresser 1, (3): go to drawer 1
- Response:[BEGIN](2): go to dresser 1[END]
**Example 1:**
- Available Actions:(1): go to garbagecan 1, (2): take handtowel 1 from handtowelholder 1, (3): take faucet 1 from handtowelholder 1, (4): take handtowel 2 from handtowelholder 1
- Response:[BEGIN](2): go to dresser 1[END]

**Task Description:**
The task at hand is "put a spraybottle in toilet". The agent must find an object of the desired type, pick it up, find the correct location to place it, and put it down there.

**Available Actions:**
(1): go to bathtub 1
(2): go to countertop 1
(3): go to drawer 1
(4): go to drawer 2
(5): go to drawer 3
(6): go to drawer 4
(7): go to drawer 5
(8): go to drawer 6
(9): go to drawer 7
(10): go to drawer 8
(11): go to sink 1
(12): go to sinkbasin 1
(13): go to toiletpaperhanger 1
(14): go to toilet 1
(15): take faucet 1 from garbagecan 1
(16): take soapbar 1 from garbagecan 1
(17): examine garbagecan 1

**Determine the appropriate action:**
- Identify relevant objects in the image related to the task.
- Evaluate each action's potential to successfully complete the task.

**Response:**
- Let's tink step-by-step.
- (i): [BEGIN][Selected Action][END]

Original VLM Response:
- (i): [BEGIN](14): go to toilet 1[END]

> Action: go to toilet 1
Running time: 3.7851853370666504 seconds

UNSUCCEED
