---------------------------------------------------------Scene: 20---------------------------------------------------------
--------------------------------------------------------------------------------------------------------------------------------------------------------------------
--------------------------------------------------------------------------------------------------------------------------------------------------------------------
Step:--------------------------------------------------------------------------1--------------------------------------------------------------------------
VLM Prompt:
<image>
**Objective:** Achieve "put some creditcard on desk". There is a hint about the given task. The agent must find an object of the desired type, pick it up, find the correct location to place it, and put it down there. Remember that you must reach your destination before picking and puting..

**Visual Context:** Given the image, closely examine all elements within to gather clues and insights relevant to the objective. Consider how the arrangement, interactions, and details of the scene relate to the task at hand.

**Reflective Thought:**
Nothing. 

**Admissible Actions List:**
(1): go to bed 1
(2): go to desk 1
(3): go to shelf 1
(4): go to drawer 1
(5): go to drawer 2
(6): go to drawer 3
(7): go to sidetable 1

**Output Examples:**
*Example 1*:
- Admissible Actions:(1): go to bed 1, (2): go to dresser 1, (3): go to drawer 1
- Response:[BEGIN](2): go to dresser 1[END]
*Example 2*:
- Admissible Actions:(1): go to garbagecan 1, (2): take handtowel 1 from handtowelholder 1, (3): take faucet 1 from handtowelholder 1, (4): take handtowel 2 from handtowelholder 1
- Response:[BEGIN](2): take handtowel 1 from handtowelholder 1[END]

**Response:**
- Choose an action from the admissible actions list directly contributing to the task objective based on the reflective thought and the visual context, are the form: [BEGIN](i): [Selected Action][END]

Original VLM Response:
[BEGIN](2): go to desk 1[END]

> Action: go to desk 1
Running time: 2.9506380558013916 seconds

Current Attempts Reflect Prompt:
Current Attempt 1:
<image>
- Action Taken: go to desk 1
- Resulting Observation: You arrive at loc 1. On the desk 1, you see a bowl 1, a book 1, and a pencil 1.
Interact with a household to solve a task. At begining, you are in the middle of a room. looking quickly around you, you see a bed 1, a desk 1, a shelf 1, a drawer 1, a drawer 2, a drawer 3, and a sidetable 1. You have 1 sets of current tried attempts, and each attempt consists of an action, an image of the action after it happened, and a resulting observation.

**You also have the summary of previously tried attempts:** 
No the summary of previously tried attempts.

**For the task: 'put some creditcard on desk', you need to do**:
a. Analyze the impact of each current tried attempt including the image, resulting observation, and taken action on the task.
b. Combine the summary of previously tried attempts and the analysis of currently tried attempts to give a suggestion of the next step to complete the task.

**Response**: 
Let's think step-by-step.

Current Attempts Reflect:
a. Analyze the impact of each current tried attempt including the image, resulting observation, and taken action on the task.
- The current attempt involved going to desk 1, which was successful as you arrived at the location. On desk 1, there is a bowl 1, a book 1, and a pencil 1, but no credit card is mentioned or visible in the image. Therefore, the action taken has not directly progressed the task of putting a credit card on the desk.
b. Combine the summary of previously tried attempts and the analysis of currently tried attempts to give a suggestion of the next step to complete the task.
- Since there is no summary of previously tried attempts, we only have the current attempt to work with. The next step should be to locate a credit card. This may involve looking in other areas of the room, such as the drawers or the shelf, where one might typically store a credit card. Once the credit card is found, the next action would be to take the credit card and place it on desk 1 to complete the task.
Current Attempts Reflect Running time: 8.549970149993896 seconds

Step:--------------------------------------------------------------------------2--------------------------------------------------------------------------
VLM Prompt:
<image>
**Objective:** Achieve "put some creditcard on desk". There is a hint about the given task. The agent must find an object of the desired type, pick it up, find the correct location to place it, and put it down there. Remember that you must reach your destination before picking and puting..

**Visual Context:** Given the image, closely examine all elements within to gather clues and insights relevant to the objective. Consider how the arrangement, interactions, and details of the scene relate to the task at hand.

**Reflective Thought:**
a. Analyze the impact of each current tried attempt including the image, resulting observation, and taken action on the task.
- The current attempt involved going to desk 1, which was successful as you arrived at the location. On desk 1, there is a bowl 1, a book 1, and a pencil 1, but no credit card is mentioned or visible in the image. Therefore, the action taken has not directly progressed the task of putting a credit card on the desk.
b. Combine the summary of previously tried attempts and the analysis of currently tried attempts to give a suggestion of the next step to complete the task.
- Since there is no summary of previously tried attempts, we only have the current attempt to work with. The next step should be to locate a credit card. This may involve looking in other areas of the room, such as the drawers or the shelf, where one might typically store a credit card. Once the credit card is found, the next action would be to take the credit card and place it on desk 1 to complete the task.. 

**Admissible Actions List:**
(1): go to bed 1
(2): go to shelf 1
(3): go to drawer 1
(4): go to drawer 2
(5): go to drawer 3
(6): go to sidetable 1
(7): take bowl 1 from desk 1
(8): take book 1 from desk 1
(9): take pencil 1 from desk 1
(10): examine desk 1

**Output Examples:**
*Example 1*:
- Admissible Actions:(1): go to bed 1, (2): go to dresser 1, (3): go to drawer 1
- Response:[BEGIN](2): go to dresser 1[END]
*Example 2*:
- Admissible Actions:(1): go to garbagecan 1, (2): take handtowel 1 from handtowelholder 1, (3): take faucet 1 from handtowelholder 1, (4): take handtowel 2 from handtowelholder 1
- Response:[BEGIN](2): take handtowel 1 from handtowelholder 1[END]

**Response:**
- Choose an action from the admissible actions list directly contributing to the task objective based on the reflective thought and the visual context, are the form: [BEGIN](i): [Selected Action][END]

Original VLM Response:
- Response:[BEGIN](3): go to drawer 1[END]

> Action: go to drawer 1
Running time: 4.8200671672821045 seconds

Current Attempts Reflect Prompt:
Current Attempt 1:
<image>
- Action Taken: go to desk 1
- Resulting Observation: You arrive at loc 1. On the desk 1, you see a bowl 1, a book 1, and a pencil 1.
Current Attempt 2:
<image>
- Action Taken: go to drawer 1
- Resulting Observation: You arrive at loc 3. The drawer 1 is closed. 
Interact with a household to solve a task. At begining, you are in the middle of a room. looking quickly around you, you see a bed 1, a desk 1, a shelf 1, a drawer 1, a drawer 2, a drawer 3, and a sidetable 1. You have 2 sets of current tried attempts, and each attempt consists of an action, an image of the action after it happened, and a resulting observation.

**You also have the summary of previously tried attempts:** 
No the summary of previously tried attempts.

**For the task: 'put some creditcard on desk', you need to do**:
a. Analyze the impact of each current tried attempt including the image, resulting observation, and taken action on the task.
b. Combine the summary of previously tried attempts and the analysis of currently tried attempts to give a suggestion of the next step to complete the task.

**Response**: 
Let's think step-by-step.

Current Attempts Reflect:
a. Analysis of current attempts:
- Attempt 1: The action taken was to go to desk 1. The resulting observation tells us that on desk 1, there is a bowl 1, a book 1, and a pencil 1, but no credit card. The image confirms the observation.
- Attempt 2: The action taken was to go to drawer 1. The resulting observation is that drawer 1 is closed. The image shows the drawer is indeed closed and also shows the items on desk 1, which still does not include a credit card.
b. Suggestion for next step:
Since we have not yet found a credit card on desk 1 or in the closed drawer 1, the next logical step would be to open drawer 1 to check if the credit card is inside. If it is not there, we should then proceed to check drawer 2 and drawer 3. Once we find a credit card, we should take it and place it on desk 1 to complete the task.
Current Attempts Reflect Running time: 11.15984058380127 seconds

Step:--------------------------------------------------------------------------3--------------------------------------------------------------------------
VLM Prompt:
<image>
**Objective:** Achieve "put some creditcard on desk". There is a hint about the given task. The agent must find an object of the desired type, pick it up, find the correct location to place it, and put it down there. Remember that you must reach your destination before picking and puting..

**Visual Context:** Given the image, closely examine all elements within to gather clues and insights relevant to the objective. Consider how the arrangement, interactions, and details of the scene relate to the task at hand.

**Reflective Thought:**
a. Analysis of current attempts:
- Attempt 1: The action taken was to go to desk 1. The resulting observation tells us that on desk 1, there is a bowl 1, a book 1, and a pencil 1, but no credit card. The image confirms the observation.
- Attempt 2: The action taken was to go to drawer 1. The resulting observation is that drawer 1 is closed. The image shows the drawer is indeed closed and also shows the items on desk 1, which still does not include a credit card.
b. Suggestion for next step:
Since we have not yet found a credit card on desk 1 or in the closed drawer 1, the next logical step would be to open drawer 1 to check if the credit card is inside. If it is not there, we should then proceed to check drawer 2 and drawer 3. Once we find a credit card, we should take it and place it on desk 1 to complete the task.. 

**Admissible Actions List:**
(1): go to bed 1
(2): go to desk 1
(3): go to shelf 1
(4): go to drawer 2
(5): go to drawer 3
(6): go to sidetable 1
(7): open drawer 1
(8): close drawer 1
(9): examine drawer 1

**Output Examples:**
*Example 1*:
- Admissible Actions:(1): go to bed 1, (2): go to dresser 1, (3): go to drawer 1
- Response:[BEGIN](2): go to dresser 1[END]
*Example 2*:
- Admissible Actions:(1): go to garbagecan 1, (2): take handtowel 1 from handtowelholder 1, (3): take faucet 1 from handtowelholder 1, (4): take handtowel 2 from handtowelholder 1
- Response:[BEGIN](2): take handtowel 1 from handtowelholder 1[END]

**Response:**
- Choose an action from the admissible actions list directly contributing to the task objective based on the reflective thought and the visual context, are the form: [BEGIN](i): [Selected Action][END]

Original VLM Response:
[BEGIN](7): open drawer 1[END]

> Action: open drawer 1
Running time: 3.25779390335083 seconds

Current Attempts Reflect Prompt:
Current Attempt 1:
<image>
- Action Taken: go to desk 1
- Resulting Observation: You arrive at loc 1. On the desk 1, you see a bowl 1, a book 1, and a pencil 1.
Current Attempt 2:
<image>
- Action Taken: go to drawer 1
- Resulting Observation: You arrive at loc 3. The drawer 1 is closed. 
Current Attempt 3:
<image>
- Action Taken: open drawer 1
- Resulting Observation: You open the drawer 1. The drawer 1 is open. In it, you see a television 1, a bowl 1, a book 1, a cellphone 1, a pen 1, a pencil 1, a keychain 1, a pencil 2, a creditcard 1, and a pencil 3.
Interact with a household to solve a task. At begining, you are in the middle of a room. looking quickly around you, you see a bed 1, a desk 1, a shelf 1, a drawer 1, a drawer 2, a drawer 3, and a sidetable 1. You have 3 sets of current tried attempts, and each attempt consists of an action, an image of the action after it happened, and a resulting observation.

**You also have the summary of previously tried attempts:** 
No the summary of previously tried attempts.

**For the task: 'put some creditcard on desk', you need to do**:
a. Analyze the impact of each current tried attempt including the image, resulting observation, and taken action on the task.
b. Combine the summary of previously tried attempts and the analysis of currently tried attempts to give a suggestion of the next step to complete the task.

**Response**: 
Let's think step-by-step.

Current Attempts Reflect:
a. Analysis of current attempts:
- Attempt 1: We went to desk 1 and observed a bowl 1, a book 1, and a pencil 1 on it. This action brought us closer to the desk but did not involve a credit card.
- Attempt 2: We went to drawer 1 and found it closed. This action identified a potential location where a credit card might be stored.
- Attempt 3: We opened drawer 1 and found various items including a credit card 1. This action was successful in locating the credit card needed for the task.
b. Suggestion for next step:
Based on the current attempts, we now know where a credit card is located. The next step to complete the task 'put some credit card on desk' would be to take the credit card 1 from drawer 1 and place it on desk 1. This action will fulfill the task requirement.
Current Attempts Reflect Running time: 9.4729483127594 seconds


**Earlier Memory Attempt Prompt:**
Earlier Attempts 1:
a. Analysis of current attempts:
- Attempt 1: We went to desk 1 and observed a bowl 1, a book 1, and a pencil 1 on it. This action brought us closer to the desk but did not involve a credit card.
- Attempt 2: We went to drawer 1 and found it closed. This action identified a potential location where a credit card might be stored.
- Attempt 3: We opened drawer 1 and found various items including a credit card 1. This action was successful in locating the credit card needed for the task.
b. Suggestion for next step:
Based on the current attempts, we now know where a credit card is located. The next step to complete the task 'put some credit card on desk' would be to take the credit card 1 from drawer 1 and place it on desk 1. This action will fulfill the task requirement.



Earlier Memory Attempt:
In the earlier attempts, three actions were undertaken involving specific instance objects. Firstly, desk 1 was approached and objects on it were observed, which included bowl 1, book 1, and pencil 1. However, this action did not yield a credit card. Secondly, drawer 1 was identified as a potential location for a credit card but was found to be closed. Finally, upon opening drawer 1, a credit card 1 was discovered. 
These actions collectively led to the successful location of a credit card. They demonstrate the importance of systematic exploration of instance objects in achieving the task. 
The next recommended action is to take credit card 1 from drawer 1 and place it on desk 1, based on the knowledge acquired from the previous attempts. This strategy will fulfill the task requirement of placing a credit card on the desk.
Earlier Memory Attempt Running time: 14.060907125473022 seconds

Step:--------------------------------------------------------------------------4--------------------------------------------------------------------------
VLM Prompt:
<image>
**Objective:** Achieve "put some creditcard on desk". There is a hint about the given task. The agent must find an object of the desired type, pick it up, find the correct location to place it, and put it down there. Remember that you must reach your destination before picking and puting..

**Visual Context:** Given the image, closely examine all elements within to gather clues and insights relevant to the objective. Consider how the arrangement, interactions, and details of the scene relate to the task at hand.

**Reflective Thought:**
a. Analysis of current attempts:
- Attempt 1: We went to desk 1 and observed a bowl 1, a book 1, and a pencil 1 on it. This action brought us closer to the desk but did not involve a credit card.
- Attempt 2: We went to drawer 1 and found it closed. This action identified a potential location where a credit card might be stored.
- Attempt 3: We opened drawer 1 and found various items including a credit card 1. This action was successful in locating the credit card needed for the task.
b. Suggestion for next step:
Based on the current attempts, we now know where a credit card is located. The next step to complete the task 'put some credit card on desk' would be to take the credit card 1 from drawer 1 and place it on desk 1. This action will fulfill the task requirement.. 

**Admissible Actions List:**
(1): go to bed 1
(2): go to desk 1
(3): go to shelf 1
(4): go to drawer 2
(5): go to drawer 3
(6): go to sidetable 1
(7): open drawer 1
(8): close drawer 1
(9): take television 1 from drawer 1
(10): take bowl 1 from drawer 1
(11): take book 1 from drawer 1
(12): take cellphone 1 from drawer 1
(13): take pen 1 from drawer 1
(14): take pencil 1 from drawer 1
(15): take keychain 1 from drawer 1
(16): take pencil 2 from drawer 1
(17): take creditcard 1 from drawer 1
(18): take pencil 3 from drawer 1
(19): examine drawer 1

**Output Examples:**
*Example 1*:
- Admissible Actions:(1): go to bed 1, (2): go to dresser 1, (3): go to drawer 1
- Response:[BEGIN](2): go to dresser 1[END]
*Example 2*:
- Admissible Actions:(1): go to garbagecan 1, (2): take handtowel 1 from handtowelholder 1, (3): take faucet 1 from handtowelholder 1, (4): take handtowel 2 from handtowelholder 1
- Response:[BEGIN](2): take handtowel 1 from handtowelholder 1[END]

**Response:**
- Choose an action from the admissible actions list directly contributing to the task objective based on the reflective thought and the visual context, are the form: [BEGIN](i): [Selected Action][END]

Original VLM Response:
[BEGIN](17): take creditcard 1 from drawer 1[END]

> Action: take creditcard 1 from drawer 1
Running time: 4.42849588394165 seconds

Current Attempts Reflect Prompt:
Current Attempt 1:
<image>
- Action Taken: go to drawer 1
- Resulting Observation: You arrive at loc 3. The drawer 1 is closed. 
Current Attempt 2:
<image>
- Action Taken: open drawer 1
- Resulting Observation: You open the drawer 1. The drawer 1 is open. In it, you see a television 1, a bowl 1, a book 1, a cellphone 1, a pen 1, a pencil 1, a keychain 1, a pencil 2, a creditcard 1, and a pencil 3.
Current Attempt 3:
<image>
- Action Taken: take creditcard 1 from drawer 1
- Resulting Observation: You pick up the creditcard 1 from the drawer 1.
Interact with a household to solve a task. At begining, you are in the middle of a room. looking quickly around you, you see a bed 1, a desk 1, a shelf 1, a drawer 1, a drawer 2, a drawer 3, and a sidetable 1. You have 3 sets of current tried attempts, and each attempt consists of an action, an image of the action after it happened, and a resulting observation.

**You also have the summary of previously tried attempts:** 
In the earlier attempts, three actions were undertaken involving specific instance objects. Firstly, desk 1 was approached and objects on it were observed, which included bowl 1, book 1, and pencil 1. However, this action did not yield a credit card. Secondly, drawer 1 was identified as a potential location for a credit card but was found to be closed. Finally, upon opening drawer 1, a credit card 1 was discovered. 
These actions collectively led to the successful location of a credit card. They demonstrate the importance of systematic exploration of instance objects in achieving the task. 
The next recommended action is to take credit card 1 from drawer 1 and place it on desk 1, based on the knowledge acquired from the previous attempts. This strategy will fulfill the task requirement of placing a credit card on the desk.

**For the task: 'put some creditcard on desk', you need to do**:
a. Analyze the impact of each current tried attempt including the image, resulting observation, and taken action on the task.
b. Combine the summary of previously tried attempts and the analysis of currently tried attempts to give a suggestion of the next step to complete the task.

**Response**: 
Let's think step-by-step.

Current Attempts Reflect:
a. Analysis of Current Attempts:
- Attempt 1: Approaching drawer 1 was a necessary first step to locate the credit card, but no action was taken to interact with the drawer.
- Attempt 2: Opening drawer 1 was the correct action to reveal the contents inside, which included the credit card.
- Attempt 3: Taking the credit card from drawer 1 was successful, and now the credit card is in possession and can be placed on the desk.
b. Suggestion for Next Step:
Based on the summary of previously tried attempts and the analysis of current attempts, the next step to complete the task of 'put some creditcard on desk' is to approach desk 1 and place the credit card on it. This will fulfill the task requirement and complete the objective.
Current Attempts Reflect Running time: 8.83596920967102 seconds

Step:--------------------------------------------------------------------------5--------------------------------------------------------------------------
VLM Prompt:
<image>
**Objective:** Achieve "put some creditcard on desk". There is a hint about the given task. The agent must find an object of the desired type, pick it up, find the correct location to place it, and put it down there. Remember that you must reach your destination before picking and puting..

**Visual Context:** Given the image, closely examine all elements within to gather clues and insights relevant to the objective. Consider how the arrangement, interactions, and details of the scene relate to the task at hand.

**Reflective Thought:**
a. Analysis of Current Attempts:
- Attempt 1: Approaching drawer 1 was a necessary first step to locate the credit card, but no action was taken to interact with the drawer.
- Attempt 2: Opening drawer 1 was the correct action to reveal the contents inside, which included the credit card.
- Attempt 3: Taking the credit card from drawer 1 was successful, and now the credit card is in possession and can be placed on the desk.
b. Suggestion for Next Step:
Based on the summary of previously tried attempts and the analysis of current attempts, the next step to complete the task of 'put some creditcard on desk' is to approach desk 1 and place the credit card on it. This will fulfill the task requirement and complete the objective.. 

**Admissible Actions List:**
(1): go to bed 1
(2): go to desk 1
(3): go to shelf 1
(4): go to drawer 2
(5): go to drawer 3
(6): go to sidetable 1
(7): open drawer 1
(8): close drawer 1
(9): put creditcard 1 in/on drawer 1
(10): examine creditcard 1
(11): examine drawer 1

**Output Examples:**
*Example 1*:
- Admissible Actions:(1): go to bed 1, (2): go to dresser 1, (3): go to drawer 1
- Response:[BEGIN](2): go to dresser 1[END]
*Example 2*:
- Admissible Actions:(1): go to garbagecan 1, (2): take handtowel 1 from handtowelholder 1, (3): take faucet 1 from handtowelholder 1, (4): take handtowel 2 from handtowelholder 1
- Response:[BEGIN](2): take handtowel 1 from handtowelholder 1[END]

**Response:**
- Choose an action from the admissible actions list directly contributing to the task objective based on the reflective thought and the visual context, are the form: [BEGIN](i): [Selected Action][END]

Original VLM Response:
- Response: [BEGIN](2): go to desk 1[END]

> Action: go to desk 1
Running time: 2.672759532928467 seconds

Current Attempts Reflect Prompt:
Current Attempt 1:
<image>
- Action Taken: open drawer 1
- Resulting Observation: You open the drawer 1. The drawer 1 is open. In it, you see a television 1, a bowl 1, a book 1, a cellphone 1, a pen 1, a pencil 1, a keychain 1, a pencil 2, a creditcard 1, and a pencil 3.
Current Attempt 2:
<image>
- Action Taken: take creditcard 1 from drawer 1
- Resulting Observation: You pick up the creditcard 1 from the drawer 1.
Current Attempt 3:
<image>
- Action Taken: go to desk 1
- Resulting Observation: You arrive at loc 1. On the desk 1, you see a bowl 1, a book 1, a cellphone 1, a pen 1, a pencil 2, a pencil 1, and a pencil 3.
Interact with a household to solve a task. At begining, you are in the middle of a room. looking quickly around you, you see a bed 1, a desk 1, a shelf 1, a drawer 1, a drawer 2, a drawer 3, and a sidetable 1. You have 3 sets of current tried attempts, and each attempt consists of an action, an image of the action after it happened, and a resulting observation.

**You also have the summary of previously tried attempts:** 
In the earlier attempts, three actions were undertaken involving specific instance objects. Firstly, desk 1 was approached and objects on it were observed, which included bowl 1, book 1, and pencil 1. However, this action did not yield a credit card. Secondly, drawer 1 was identified as a potential location for a credit card but was found to be closed. Finally, upon opening drawer 1, a credit card 1 was discovered. 
These actions collectively led to the successful location of a credit card. They demonstrate the importance of systematic exploration of instance objects in achieving the task. 
The next recommended action is to take credit card 1 from drawer 1 and place it on desk 1, based on the knowledge acquired from the previous attempts. This strategy will fulfill the task requirement of placing a credit card on the desk.

**For the task: 'put some creditcard on desk', you need to do**:
a. Analyze the impact of each current tried attempt including the image, resulting observation, and taken action on the task.
b. Combine the summary of previously tried attempts and the analysis of currently tried attempts to give a suggestion of the next step to complete the task.

**Response**: 
Let's think step-by-step.

Current Attempts Reflect:
a. Analysis of Current Tried Attempts:
- Attempt 1: The action of opening drawer 1 revealed various items including a credit card. This was a crucial step as it located the object required for the task.
- Attempt 2: The action of taking credit card 1 from drawer 1 was the next logical step, as it allowed for the possession of the credit card, which is necessary to complete the task.
- Attempt 3: The action of going to desk 1 was necessary to be in the correct location to place the credit card on the desk. The resulting observation confirms that the desk is within reach to place the credit card on it.
b. Suggestion for Next Step:
Based on the summary of previously tried attempts and the analysis of the current attempts, the next step to complete the task 'put some creditcard on desk' would be to place credit card 1 on desk 1. This action will fulfill the task requirement and can be done by using the command "place creditcard 1 on desk 1".
Current Attempts Reflect Running time: 11.961148738861084 seconds

Step:--------------------------------------------------------------------------6--------------------------------------------------------------------------
VLM Prompt:
<image>
**Objective:** Achieve "put some creditcard on desk". There is a hint about the given task. The agent must find an object of the desired type, pick it up, find the correct location to place it, and put it down there. Remember that you must reach your destination before picking and puting..

**Visual Context:** Given the image, closely examine all elements within to gather clues and insights relevant to the objective. Consider how the arrangement, interactions, and details of the scene relate to the task at hand.

**Reflective Thought:**
a. Analysis of Current Tried Attempts:
- Attempt 1: The action of opening drawer 1 revealed various items including a credit card. This was a crucial step as it located the object required for the task.
- Attempt 2: The action of taking credit card 1 from drawer 1 was the next logical step, as it allowed for the possession of the credit card, which is necessary to complete the task.
- Attempt 3: The action of going to desk 1 was necessary to be in the correct location to place the credit card on the desk. The resulting observation confirms that the desk is within reach to place the credit card on it.
b. Suggestion for Next Step:
Based on the summary of previously tried attempts and the analysis of the current attempts, the next step to complete the task 'put some creditcard on desk' would be to place credit card 1 on desk 1. This action will fulfill the task requirement and can be done by using the command "place creditcard 1 on desk 1".. 

**Admissible Actions List:**
(1): go to bed 1
(2): go to shelf 1
(3): go to drawer 1
(4): go to drawer 2
(5): go to drawer 3
(6): go to sidetable 1
(7): put creditcard 1 in/on desk 1
(8): examine creditcard 1
(9): examine desk 1

**Output Examples:**
*Example 1*:
- Admissible Actions:(1): go to bed 1, (2): go to dresser 1, (3): go to drawer 1
- Response:[BEGIN](2): go to dresser 1[END]
*Example 2*:
- Admissible Actions:(1): go to garbagecan 1, (2): take handtowel 1 from handtowelholder 1, (3): take faucet 1 from handtowelholder 1, (4): take handtowel 2 from handtowelholder 1
- Response:[BEGIN](2): take handtowel 1 from handtowelholder 1[END]

**Response:**
- Choose an action from the admissible actions list directly contributing to the task objective based on the reflective thought and the visual context, are the form: [BEGIN](i): [Selected Action][END]

Original VLM Response:
- Response:[BEGIN](7): put creditcard 1 in/on desk 1[END]

> Action: put creditcard 1 in/on desk 1
Running time: 2.9118611812591553 seconds

SUCCEED
