---------------------------------------------------------Scene: 52---------------------------------------------------------
--------------------------------------------------------------------------------------------------------------------------------------------------------------------
--------------------------------------------------------------------------------------------------------------------------------------------------------------------
Step:--------------------------------------------------------------------------1--------------------------------------------------------------------------
VLM Prompt:
<image>
**Objective:** Achieve "put a cool pan in sinkbasin". There is a hint about the given task. The agent must find an object of the desired type, pick it up, go to a fridge, cool the object with the fridge, then find the correct location to place it, and put it down there. Remember that you must reach the fridge before cooling..

**Visual Context:** Given the image, closely examine all elements within to gather clues and insights relevant to the objective. Consider how the arrangement, interactions, and details of the scene relate to the task at hand.

**Reflective Thought:**
Nothing. 

**Admissible Actions List:**
(1): go to cabinet 1
(2): go to countertop 1
(3): go to cabinet 2
(4): go to countertop 2
(5): go to drawer 1
(6): go to drawer 2
(7): go to drawer 3
(8): go to drawer 4
(9): go to stoveburner 1
(10): go to drawer 5
(11): go to stoveburner 2
(12): go to stoveburner 3
(13): go to stoveburner 4
(14): go to cabinet 3
(15): go to cabinet 4
(16): go to microwave 1
(17): go to cabinet 5
(18): go to cabinet 6
(19): go to cabinet 7
(20): go to sink 1
(21): go to fridge 1
(22): go to toaster 1
(23): go to coffeemachine 1
(24): go to cabinet 8
(25): go to drawer 6
(26): go to drawer 7
(27): go to drawer 8
(28): go to sinkbasin 1
(29): go to shelf 1
(30): go to shelf 2
(31): go to countertop 3
(32): go to shelf 3
(33): go to drawer 9
(34): go to cabinet 9
(35): go to garbagecan 1

**Output Examples:**
*Example 1*:
- Admissible Actions:(1): go to bed 1, (2): go to dresser 1, (3): go to drawer 1
- Response:[BEGIN](2): go to dresser 1[END]
*Example 2*:
- Admissible Actions:(1): go to garbagecan 1, (2): take handtowel 1 from handtowelholder 1, (3): take faucet 1 from handtowelholder 1, (4): take handtowel 2 from handtowelholder 1
- Response:[BEGIN](2): take handtowel 1 from handtowelholder 1[END]

**Response:**
- Choose an action from the admissible actions list directly contributing to the task objective based on the reflective thought and the visual context, are the form: [BEGIN](i): [Selected Action][END]

Original VLM Response:
[BEGIN](21): go to fridge 1[END]

> Action: go to fridge 1
Running time: 3.5653107166290283 seconds

Current Attempts Reflect Prompt:
Current Attempt 1:
<image>
- Action Taken: go to fridge 1
- Resulting Observation: You arrive at loc 20. The fridge 1 is closed. 
Interact with a household to solve a task. At begining, you are in the middle of a room. looking quickly around you, you see a cabinet 1, a countertop 1, a cabinet 2, a countertop 2, a drawer 1, a drawer 2, a drawer 3, a drawer 4, a stoveburner 1, a drawer 5, a stoveburner 2, a stoveburner 3, a stoveburner 4, a cabinet 3, a cabinet 4, a microwave 1, a cabinet 5, a cabinet 6, a cabinet 7, a sink 1, a fridge 1, a toaster 1, a coffeemachine 1, a cabinet 8, a drawer 6, a drawer 7, a drawer 8, a sinkbasin 1, a shelf 1, a shelf 2, a countertop 3, a shelf 3, a drawer 9, a cabinet 9, and a garbagecan 1. You have 1 sets of current tried attempts, and each attempt consists of an action, an image of the action after it happened, and a resulting observation.

**You also have the summary of previously tried attempts:** 
No the summary of previously tried attempts.

**For the task: 'put a cool pan in sinkbasin', you need to do**:
a. Analyze the impact of each current tried attempt including the image, resulting observation, and taken action on the task.
b. Combine the summary of previously tried attempts and the analysis of currently tried attempts to give a suggestion of the next step to complete the task.

**Response**: 
Let's think step-by-step.

Current Attempts Reflect:
a. Analyze the impact of each current tried attempt including the image, resulting observation, and taken action on the task.
- The current attempt involved going to fridge 1, which resulted in the observation that the fridge is closed. This action does not directly impact the task of putting a cool pan in the sinkbasin, as we have not yet located a pan or opened the fridge to potentially find a cool pan.
b. Combine the summary of previously tried attempts and the analysis of currently tried attempts to give a suggestion of the next step to complete the task.
- Since there is no summary of previously tried attempts, we will focus on the current situation. To complete the task, the next step would be to locate a pan. This could involve opening cabinets or drawers where pans are typically stored. Once a pan is found, if it is not already cool, it may need to be cooled down, possibly by placing it in the fridge if it is safe to do so. After the pan is cool, it can then be placed in the sinkbasin to complete the task. Therefore, the suggested next step is to search for a pan by opening cabinets or drawers.
Current Attempts Reflect Running time: 9.853687524795532 seconds

Step:--------------------------------------------------------------------------2--------------------------------------------------------------------------
VLM Prompt:
<image>
**Objective:** Achieve "put a cool pan in sinkbasin". There is a hint about the given task. The agent must find an object of the desired type, pick it up, go to a fridge, cool the object with the fridge, then find the correct location to place it, and put it down there. Remember that you must reach the fridge before cooling..

**Visual Context:** Given the image, closely examine all elements within to gather clues and insights relevant to the objective. Consider how the arrangement, interactions, and details of the scene relate to the task at hand.

**Reflective Thought:**
a. Analyze the impact of each current tried attempt including the image, resulting observation, and taken action on the task.
- The current attempt involved going to fridge 1, which resulted in the observation that the fridge is closed. This action does not directly impact the task of putting a cool pan in the sinkbasin, as we have not yet located a pan or opened the fridge to potentially find a cool pan.
b. Combine the summary of previously tried attempts and the analysis of currently tried attempts to give a suggestion of the next step to complete the task.
- Since there is no summary of previously tried attempts, we will focus on the current situation. To complete the task, the next step would be to locate a pan. This could involve opening cabinets or drawers where pans are typically stored. Once a pan is found, if it is not already cool, it may need to be cooled down, possibly by placing it in the fridge if it is safe to do so. After the pan is cool, it can then be placed in the sinkbasin to complete the task. Therefore, the suggested next step is to search for a pan by opening cabinets or drawers.. 

**Admissible Actions List:**
(1): go to cabinet 1
(2): go to countertop 1
(3): go to cabinet 2
(4): go to countertop 2
(5): go to drawer 1
(6): go to drawer 2
(7): go to drawer 3
(8): go to drawer 4
(9): go to stoveburner 1
(10): go to drawer 5
(11): go to stoveburner 2
(12): go to stoveburner 3
(13): go to stoveburner 4
(14): go to cabinet 3
(15): go to cabinet 4
(16): go to microwave 1
(17): go to cabinet 5
(18): go to cabinet 6
(19): go to cabinet 7
(20): go to sink 1
(21): go to toaster 1
(22): go to coffeemachine 1
(23): go to cabinet 8
(24): go to drawer 6
(25): go to drawer 7
(26): go to drawer 8
(27): go to sinkbasin 1
(28): go to shelf 1
(29): go to shelf 2
(30): go to countertop 3
(31): go to shelf 3
(32): go to drawer 9
(33): go to cabinet 9
(34): go to garbagecan 1
(35): open fridge 1
(36): close fridge 1
(37): examine fridge 1

**Output Examples:**
*Example 1*:
- Admissible Actions:(1): go to bed 1, (2): go to dresser 1, (3): go to drawer 1
- Response:[BEGIN](2): go to dresser 1[END]
*Example 2*:
- Admissible Actions:(1): go to garbagecan 1, (2): take handtowel 1 from handtowelholder 1, (3): take faucet 1 from handtowelholder 1, (4): take handtowel 2 from handtowelholder 1
- Response:[BEGIN](2): take handtowel 1 from handtowelholder 1[END]

**Response:**
- Choose an action from the admissible actions list directly contributing to the task objective based on the reflective thought and the visual context, are the form: [BEGIN](i): [Selected Action][END]

Original VLM Response:
[BEGIN](35): open fridge 1[END]

> Action: open fridge 1
Running time: 2.5058956146240234 seconds

Current Attempts Reflect Prompt:
Current Attempt 1:
<image>
- Action Taken: go to fridge 1
- Resulting Observation: You arrive at loc 20. The fridge 1 is closed. 
Current Attempt 2:
<image>
- Action Taken: open fridge 1
- Resulting Observation: You open the fridge 1. The fridge 1 is open. In it, you see nothing.
Interact with a household to solve a task. At begining, you are in the middle of a room. looking quickly around you, you see a cabinet 1, a countertop 1, a cabinet 2, a countertop 2, a drawer 1, a drawer 2, a drawer 3, a drawer 4, a stoveburner 1, a drawer 5, a stoveburner 2, a stoveburner 3, a stoveburner 4, a cabinet 3, a cabinet 4, a microwave 1, a cabinet 5, a cabinet 6, a cabinet 7, a sink 1, a fridge 1, a toaster 1, a coffeemachine 1, a cabinet 8, a drawer 6, a drawer 7, a drawer 8, a sinkbasin 1, a shelf 1, a shelf 2, a countertop 3, a shelf 3, a drawer 9, a cabinet 9, and a garbagecan 1. You have 2 sets of current tried attempts, and each attempt consists of an action, an image of the action after it happened, and a resulting observation.

**You also have the summary of previously tried attempts:** 
No the summary of previously tried attempts.

**For the task: 'put a cool pan in sinkbasin', you need to do**:
a. Analyze the impact of each current tried attempt including the image, resulting observation, and taken action on the task.
b. Combine the summary of previously tried attempts and the analysis of currently tried attempts to give a suggestion of the next step to complete the task.

**Response**: 
Let's think step-by-step.

Current Attempts Reflect:
a. Analysis of Current Tried Attempts:
Attempt 1:
- Action Taken: go to fridge 1
- Resulting Observation: You arrive at loc 20. The fridge 1 is closed.
- Impact on Task: This action is not directly related to the task of putting a cool pan in the sinkbasin, but it is a necessary step to locate the fridge if we were to need something from it for the task.
Attempt 2:
- Action Taken: open fridge 1
- Resulting Observation: You open the fridge 1. The fridge 1 is open. In it, you see nothing.
- Impact on Task: This action confirms that there is nothing inside the fridge that we need for the task. It does not directly help us complete the task of putting a cool pan in the sinkbasin.
b. Suggestion for Next Step:
Since the task is to put a cool pan in the sinkbasin, and we have confirmed that there is nothing in the fridge (including a cool pan), we should now focus on locating a pan. The next step would be to check the cabinets or drawers where pans are typically stored. Once a pan is found, we can then proceed to place it in the sinkbasin to complete the task. 
Therefore, the suggested next action would be to check cabinet 1, cabinet 2, cabinet 3, or any other storage area where a pan might be kept. If a pan is found, the following action would be to place it in the sinkbasin 1.
Current Attempts Reflect Running time: 12.510375499725342 seconds

Step:--------------------------------------------------------------------------3--------------------------------------------------------------------------
VLM Prompt:
<image>
**Objective:** Achieve "put a cool pan in sinkbasin". There is a hint about the given task. The agent must find an object of the desired type, pick it up, go to a fridge, cool the object with the fridge, then find the correct location to place it, and put it down there. Remember that you must reach the fridge before cooling..

**Visual Context:** Given the image, closely examine all elements within to gather clues and insights relevant to the objective. Consider how the arrangement, interactions, and details of the scene relate to the task at hand.

**Reflective Thought:**
a. Analysis of Current Tried Attempts:
Attempt 1:
- Action Taken: go to fridge 1
- Resulting Observation: You arrive at loc 20. The fridge 1 is closed.
- Impact on Task: This action is not directly related to the task of putting a cool pan in the sinkbasin, but it is a necessary step to locate the fridge if we were to need something from it for the task.
Attempt 2:
- Action Taken: open fridge 1
- Resulting Observation: You open the fridge 1. The fridge 1 is open. In it, you see nothing.
- Impact on Task: This action confirms that there is nothing inside the fridge that we need for the task. It does not directly help us complete the task of putting a cool pan in the sinkbasin.
b. Suggestion for Next Step:
Since the task is to put a cool pan in the sinkbasin, and we have confirmed that there is nothing in the fridge (including a cool pan), we should now focus on locating a pan. The next step would be to check the cabinets or drawers where pans are typically stored. Once a pan is found, we can then proceed to place it in the sinkbasin to complete the task. 
Therefore, the suggested next action would be to check cabinet 1, cabinet 2, cabinet 3, or any other storage area where a pan might be kept. If a pan is found, the following action would be to place it in the sinkbasin 1.. 

**Admissible Actions List:**
(1): go to cabinet 1
(2): go to countertop 1
(3): go to cabinet 2
(4): go to countertop 2
(5): go to drawer 1
(6): go to drawer 2
(7): go to drawer 3
(8): go to drawer 4
(9): go to stoveburner 1
(10): go to drawer 5
(11): go to stoveburner 2
(12): go to stoveburner 3
(13): go to stoveburner 4
(14): go to cabinet 3
(15): go to cabinet 4
(16): go to microwave 1
(17): go to cabinet 5
(18): go to cabinet 6
(19): go to cabinet 7
(20): go to sink 1
(21): go to toaster 1
(22): go to coffeemachine 1
(23): go to cabinet 8
(24): go to drawer 6
(25): go to drawer 7
(26): go to drawer 8
(27): go to sinkbasin 1
(28): go to shelf 1
(29): go to shelf 2
(30): go to countertop 3
(31): go to shelf 3
(32): go to drawer 9
(33): go to cabinet 9
(34): go to garbagecan 1
(35): open fridge 1
(36): close fridge 1
(37): take nothing from fridge 1
(38): examine fridge 1

**Output Examples:**
*Example 1*:
- Admissible Actions:(1): go to bed 1, (2): go to dresser 1, (3): go to drawer 1
- Response:[BEGIN](2): go to dresser 1[END]
*Example 2*:
- Admissible Actions:(1): go to garbagecan 1, (2): take handtowel 1 from handtowelholder 1, (3): take faucet 1 from handtowelholder 1, (4): take handtowel 2 from handtowelholder 1
- Response:[BEGIN](2): take handtowel 1 from handtowelholder 1[END]

**Response:**
- Choose an action from the admissible actions list directly contributing to the task objective based on the reflective thought and the visual context, are the form: [BEGIN](i): [Selected Action][END]

Original VLM Response:
- Response:[BEGIN](1): go to cabinet 1[END]

> Action: go to cabinet 1
Running time: 3.559126377105713 seconds

Current Attempts Reflect Prompt:
Current Attempt 1:
<image>
- Action Taken: go to fridge 1
- Resulting Observation: You arrive at loc 20. The fridge 1 is closed. 
Current Attempt 2:
<image>
- Action Taken: open fridge 1
- Resulting Observation: You open the fridge 1. The fridge 1 is open. In it, you see nothing.
Current Attempt 3:
<image>
- Action Taken: go to cabinet 1
- Resulting Observation: You arrive at loc 0. The cabinet 1 is closed. 
Interact with a household to solve a task. At begining, you are in the middle of a room. looking quickly around you, you see a cabinet 1, a countertop 1, a cabinet 2, a countertop 2, a drawer 1, a drawer 2, a drawer 3, a drawer 4, a stoveburner 1, a drawer 5, a stoveburner 2, a stoveburner 3, a stoveburner 4, a cabinet 3, a cabinet 4, a microwave 1, a cabinet 5, a cabinet 6, a cabinet 7, a sink 1, a fridge 1, a toaster 1, a coffeemachine 1, a cabinet 8, a drawer 6, a drawer 7, a drawer 8, a sinkbasin 1, a shelf 1, a shelf 2, a countertop 3, a shelf 3, a drawer 9, a cabinet 9, and a garbagecan 1. You have 3 sets of current tried attempts, and each attempt consists of an action, an image of the action after it happened, and a resulting observation.

**You also have the summary of previously tried attempts:** 
No the summary of previously tried attempts.

**For the task: 'put a cool pan in sinkbasin', you need to do**:
a. Analyze the impact of each current tried attempt including the image, resulting observation, and taken action on the task.
b. Combine the summary of previously tried attempts and the analysis of currently tried attempts to give a suggestion of the next step to complete the task.

**Response**: 
Let's think step-by-step.

Current Attempts Reflect:
a. Analysis of Current Attempts:
- Attempt 1: Action was to go to fridge 1. The image shows the fridge closed, and the resulting observation confirms that fridge 1 is closed. This action does not directly impact the task of putting a cool pan in the sinkbasin.
- Attempt 2: Action was to open fridge 1. The image shows the fridge open, and the resulting observation confirms that fridge 1 is open and empty. Again, this action does not directly impact the task at hand.
- Attempt 3: Action was to go to cabinet 1. The image shows the cabinet closed, and the resulting observation confirms that cabinet 1 is closed. This action also does not directly impact the task of putting a cool pan in the sinkbasin.
b. Suggestion for Next Step:
Since the task is to put a "cool pan" in the sinkbasin, the first step is to locate a pan. From the current attempts, we know that the fridge and cabinet 1 are not relevant to finding a pan. Looking at the initial room description, we see that there is a "pan 1" on "countertop 1". The next logical step would be to go to "pan 1" on "countertop 1", pick up the pan, and then proceed to put it in the "sinkbasin 1". If the pan is hot, we may need to wait for it to cool down before placing it in the sinkbasin, or find a way to cool it down if the task requires immediate completion.
Current Attempts Reflect Running time: 12.79039454460144 seconds


**Earlier Memory Attempt Prompt:**
Earlier Attempts 1:
a. Analysis of Current Attempts:
- Attempt 1: Action was to go to fridge 1. The image shows the fridge closed, and the resulting observation confirms that fridge 1 is closed. This action does not directly impact the task of putting a cool pan in the sinkbasin.
- Attempt 2: Action was to open fridge 1. The image shows the fridge open, and the resulting observation confirms that fridge 1 is open and empty. Again, this action does not directly impact the task at hand.
- Attempt 3: Action was to go to cabinet 1. The image shows the cabinet closed, and the resulting observation confirms that cabinet 1 is closed. This action also does not directly impact the task of putting a cool pan in the sinkbasin.
b. Suggestion for Next Step:
Since the task is to put a "cool pan" in the sinkbasin, the first step is to locate a pan. From the current attempts, we know that the fridge and cabinet 1 are not relevant to finding a pan. Looking at the initial room description, we see that there is a "pan 1" on "countertop 1". The next logical step would be to go to "pan 1" on "countertop 1", pick up the pan, and then proceed to put it in the "sinkbasin 1". If the pan is hot, we may need to wait for it to cool down before placing it in the sinkbasin, or find a way to cool it down if the task requires immediate completion.



Earlier Memory Attempt:
In the initial attempts, three actions were undertaken: going to fridge 1, opening fridge 1, and going to cabinet 1. The results of these actions confirmed that fridge 1 was closed and then opened, revealing it to be empty, and cabinet 1 was closed. However, none of these actions directly impacted the task of putting a cool pan in the sinkbasin. 
The combined effect of these actions suggests that fridge 1 and cabinet 1 are not relevant to locating a pan. This understanding, in relation to the specific instance objects, indicates that the task's completion requires a different approach.
The narrative suggests that the next step should be to locate a pan. A pan is identified on countertop 1, suggesting the next logical action is to go to countertop 1, pick up the pan, and place it in sinkbasin 1. If the pan is hot, it may need to be cooled before being placed in the sinkbasin, or a method to cool it down quickly may need to be found if the task requires immediate completion.
Earlier Memory Attempt Running time: 41.39258146286011 seconds

Step:--------------------------------------------------------------------------4--------------------------------------------------------------------------
VLM Prompt:
<image>
**Objective:** Achieve "put a cool pan in sinkbasin". There is a hint about the given task. The agent must find an object of the desired type, pick it up, go to a fridge, cool the object with the fridge, then find the correct location to place it, and put it down there. Remember that you must reach the fridge before cooling..

**Visual Context:** Given the image, closely examine all elements within to gather clues and insights relevant to the objective. Consider how the arrangement, interactions, and details of the scene relate to the task at hand.

**Reflective Thought:**
a. Analysis of Current Attempts:
- Attempt 1: Action was to go to fridge 1. The image shows the fridge closed, and the resulting observation confirms that fridge 1 is closed. This action does not directly impact the task of putting a cool pan in the sinkbasin.
- Attempt 2: Action was to open fridge 1. The image shows the fridge open, and the resulting observation confirms that fridge 1 is open and empty. Again, this action does not directly impact the task at hand.
- Attempt 3: Action was to go to cabinet 1. The image shows the cabinet closed, and the resulting observation confirms that cabinet 1 is closed. This action also does not directly impact the task of putting a cool pan in the sinkbasin.
b. Suggestion for Next Step:
Since the task is to put a "cool pan" in the sinkbasin, the first step is to locate a pan. From the current attempts, we know that the fridge and cabinet 1 are not relevant to finding a pan. Looking at the initial room description, we see that there is a "pan 1" on "countertop 1". The next logical step would be to go to "pan 1" on "countertop 1", pick up the pan, and then proceed to put it in the "sinkbasin 1". If the pan is hot, we may need to wait for it to cool down before placing it in the sinkbasin, or find a way to cool it down if the task requires immediate completion.. 

**Admissible Actions List:**
(1): go to countertop 1
(2): go to cabinet 2
(3): go to countertop 2
(4): go to drawer 1
(5): go to drawer 2
(6): go to drawer 3
(7): go to drawer 4
(8): go to stoveburner 1
(9): go to drawer 5
(10): go to stoveburner 2
(11): go to stoveburner 3
(12): go to stoveburner 4
(13): go to cabinet 3
(14): go to cabinet 4
(15): go to microwave 1
(16): go to cabinet 5
(17): go to cabinet 6
(18): go to cabinet 7
(19): go to sink 1
(20): go to fridge 1
(21): go to toaster 1
(22): go to coffeemachine 1
(23): go to cabinet 8
(24): go to drawer 6
(25): go to drawer 7
(26): go to drawer 8
(27): go to sinkbasin 1
(28): go to shelf 1
(29): go to shelf 2
(30): go to countertop 3
(31): go to shelf 3
(32): go to drawer 9
(33): go to cabinet 9
(34): go to garbagecan 1
(35): open cabinet 1
(36): close cabinet 1
(37): examine cabinet 1

**Output Examples:**
*Example 1*:
- Admissible Actions:(1): go to bed 1, (2): go to dresser 1, (3): go to drawer 1
- Response:[BEGIN](2): go to dresser 1[END]
*Example 2*:
- Admissible Actions:(1): go to garbagecan 1, (2): take handtowel 1 from handtowelholder 1, (3): take faucet 1 from handtowelholder 1, (4): take handtowel 2 from handtowelholder 1
- Response:[BEGIN](2): take handtowel 1 from handtowelholder 1[END]

**Response:**
- Choose an action from the admissible actions list directly contributing to the task objective based on the reflective thought and the visual context, are the form: [BEGIN](i): [Selected Action][END]

Original VLM Response:
[BEGIN](1): go to countertop 1[END]

> Action: go to countertop 1
Running time: 3.5610482692718506 seconds

Current Attempts Reflect Prompt:
Current Attempt 1:
<image>
- Action Taken: open fridge 1
- Resulting Observation: You open the fridge 1. The fridge 1 is open. In it, you see nothing.
Current Attempt 2:
<image>
- Action Taken: go to cabinet 1
- Resulting Observation: You arrive at loc 0. The cabinet 1 is closed. 
Current Attempt 3:
<image>
- Action Taken: go to countertop 1
- Resulting Observation: You arrive at loc 1. On the countertop 1, you see a pan 1, a bread 1, a tomato 1, a spoon 1, a butterknife 1, a saltshaker 1, and a cup 1.
Interact with a household to solve a task. At begining, you are in the middle of a room. looking quickly around you, you see a cabinet 1, a countertop 1, a cabinet 2, a countertop 2, a drawer 1, a drawer 2, a drawer 3, a drawer 4, a stoveburner 1, a drawer 5, a stoveburner 2, a stoveburner 3, a stoveburner 4, a cabinet 3, a cabinet 4, a microwave 1, a cabinet 5, a cabinet 6, a cabinet 7, a sink 1, a fridge 1, a toaster 1, a coffeemachine 1, a cabinet 8, a drawer 6, a drawer 7, a drawer 8, a sinkbasin 1, a shelf 1, a shelf 2, a countertop 3, a shelf 3, a drawer 9, a cabinet 9, and a garbagecan 1. You have 3 sets of current tried attempts, and each attempt consists of an action, an image of the action after it happened, and a resulting observation.

**You also have the summary of previously tried attempts:** 
In the initial attempts, three actions were undertaken: going to fridge 1, opening fridge 1, and going to cabinet 1. The results of these actions confirmed that fridge 1 was closed and then opened, revealing it to be empty, and cabinet 1 was closed. However, none of these actions directly impacted the task of putting a cool pan in the sinkbasin. 
The combined effect of these actions suggests that fridge 1 and cabinet 1 are not relevant to locating a pan. This understanding, in relation to the specific instance objects, indicates that the task's completion requires a different approach.
The narrative suggests that the next step should be to locate a pan. A pan is identified on countertop 1, suggesting the next logical action is to go to countertop 1, pick up the pan, and place it in sinkbasin 1. If the pan is hot, it may need to be cooled before being placed in the sinkbasin, or a method to cool it down quickly may need to be found if the task requires immediate completion.

**For the task: 'put a cool pan in sinkbasin', you need to do**:
a. Analyze the impact of each current tried attempt including the image, resulting observation, and taken action on the task.
b. Combine the summary of previously tried attempts and the analysis of currently tried attempts to give a suggestion of the next step to complete the task.

**Response**: 
Let's think step-by-step.

Current Attempts Reflect:
a. Analysis of Current Attempts:
- Attempt 1: The action of opening fridge 1 and observing it to be empty does not directly impact the task of putting a cool pan in the sinkbasin. However, it does eliminate the possibility of using the fridge to cool down a hot pan.
- Attempt 2: Going to cabinet 1 and finding it closed does not advance the task. It might be useful if we were looking for items inside the cabinet, but for now, it's not relevant.
- Attempt 3: Going to countertop 1 is the most relevant action so far, as it leads to the discovery of a pan, which is needed for the task. The presence of the pan on the countertop is crucial information.
b. Suggestion for the Next Step:
Based on the summary of previously tried attempts and the analysis of current attempts, the next step should be to:
1. Pick up the pan from countertop 1 (as identified in current attempt 3).
2. If the pan is hot, we need to find a way to cool it down. Since the fridge is empty and not an option, we could consider running cold water over the pan in the sink 1 to cool it down quickly.
3. Once the pan is cool, place it in the sinkbasin 1 to complete the task. 
It's important to note that if the pan is already cool, we can skip step 2 and directly place it in the sinkbasin 1.
Current Attempts Reflect Running time: 12.795753717422485 seconds

Step:--------------------------------------------------------------------------5--------------------------------------------------------------------------
VLM Prompt:
<image>
**Objective:** Achieve "put a cool pan in sinkbasin". There is a hint about the given task. The agent must find an object of the desired type, pick it up, go to a fridge, cool the object with the fridge, then find the correct location to place it, and put it down there. Remember that you must reach the fridge before cooling..

**Visual Context:** Given the image, closely examine all elements within to gather clues and insights relevant to the objective. Consider how the arrangement, interactions, and details of the scene relate to the task at hand.

**Reflective Thought:**
a. Analysis of Current Attempts:
- Attempt 1: The action of opening fridge 1 and observing it to be empty does not directly impact the task of putting a cool pan in the sinkbasin. However, it does eliminate the possibility of using the fridge to cool down a hot pan.
- Attempt 2: Going to cabinet 1 and finding it closed does not advance the task. It might be useful if we were looking for items inside the cabinet, but for now, it's not relevant.
- Attempt 3: Going to countertop 1 is the most relevant action so far, as it leads to the discovery of a pan, which is needed for the task. The presence of the pan on the countertop is crucial information.
b. Suggestion for the Next Step:
Based on the summary of previously tried attempts and the analysis of current attempts, the next step should be to:
1. Pick up the pan from countertop 1 (as identified in current attempt 3).
2. If the pan is hot, we need to find a way to cool it down. Since the fridge is empty and not an option, we could consider running cold water over the pan in the sink 1 to cool it down quickly.
3. Once the pan is cool, place it in the sinkbasin 1 to complete the task. 
It's important to note that if the pan is already cool, we can skip step 2 and directly place it in the sinkbasin 1.. 

**Admissible Actions List:**
(1): go to cabinet 1
(2): go to cabinet 2
(3): go to countertop 2
(4): go to drawer 1
(5): go to drawer 2
(6): go to drawer 3
(7): go to drawer 4
(8): go to stoveburner 1
(9): go to drawer 5
(10): go to stoveburner 2
(11): go to stoveburner 3
(12): go to stoveburner 4
(13): go to cabinet 3
(14): go to cabinet 4
(15): go to microwave 1
(16): go to cabinet 5
(17): go to cabinet 6
(18): go to cabinet 7
(19): go to sink 1
(20): go to fridge 1
(21): go to toaster 1
(22): go to coffeemachine 1
(23): go to cabinet 8
(24): go to drawer 6
(25): go to drawer 7
(26): go to drawer 8
(27): go to sinkbasin 1
(28): go to shelf 1
(29): go to shelf 2
(30): go to countertop 3
(31): go to shelf 3
(32): go to drawer 9
(33): go to cabinet 9
(34): go to garbagecan 1
(35): take pan 1 from countertop 1
(36): take bread 1 from countertop 1
(37): take tomato 1 from countertop 1
(38): take spoon 1 from countertop 1
(39): take butterknife 1 from countertop 1
(40): take saltshaker 1 from countertop 1
(41): take cup 1 from countertop 1
(42): examine countertop 1

**Output Examples:**
*Example 1*:
- Admissible Actions:(1): go to bed 1, (2): go to dresser 1, (3): go to drawer 1
- Response:[BEGIN](2): go to dresser 1[END]
*Example 2*:
- Admissible Actions:(1): go to garbagecan 1, (2): take handtowel 1 from handtowelholder 1, (3): take faucet 1 from handtowelholder 1, (4): take handtowel 2 from handtowelholder 1
- Response:[BEGIN](2): take handtowel 1 from handtowelholder 1[END]

**Response:**
- Choose an action from the admissible actions list directly contributing to the task objective based on the reflective thought and the visual context, are the form: [BEGIN](i): [Selected Action][END]

Original VLM Response:
[BEGIN](35): take pan 1 from countertop 1[END]

> Action: take pan 1 from countertop 1
Running time: 2.6081058979034424 seconds

Current Attempts Reflect Prompt:
Current Attempt 1:
<image>
- Action Taken: go to cabinet 1
- Resulting Observation: You arrive at loc 0. The cabinet 1 is closed. 
Current Attempt 2:
<image>
- Action Taken: go to countertop 1
- Resulting Observation: You arrive at loc 1. On the countertop 1, you see a pan 1, a bread 1, a tomato 1, a spoon 1, a butterknife 1, a saltshaker 1, and a cup 1.
Current Attempt 3:
<image>
- Action Taken: take pan 1 from countertop 1
- Resulting Observation: You pick up the pan 1 from the countertop 1.
Interact with a household to solve a task. At begining, you are in the middle of a room. looking quickly around you, you see a cabinet 1, a countertop 1, a cabinet 2, a countertop 2, a drawer 1, a drawer 2, a drawer 3, a drawer 4, a stoveburner 1, a drawer 5, a stoveburner 2, a stoveburner 3, a stoveburner 4, a cabinet 3, a cabinet 4, a microwave 1, a cabinet 5, a cabinet 6, a cabinet 7, a sink 1, a fridge 1, a toaster 1, a coffeemachine 1, a cabinet 8, a drawer 6, a drawer 7, a drawer 8, a sinkbasin 1, a shelf 1, a shelf 2, a countertop 3, a shelf 3, a drawer 9, a cabinet 9, and a garbagecan 1. You have 3 sets of current tried attempts, and each attempt consists of an action, an image of the action after it happened, and a resulting observation.

**You also have the summary of previously tried attempts:** 
In the initial attempts, three actions were undertaken: going to fridge 1, opening fridge 1, and going to cabinet 1. The results of these actions confirmed that fridge 1 was closed and then opened, revealing it to be empty, and cabinet 1 was closed. However, none of these actions directly impacted the task of putting a cool pan in the sinkbasin. 
The combined effect of these actions suggests that fridge 1 and cabinet 1 are not relevant to locating a pan. This understanding, in relation to the specific instance objects, indicates that the task's completion requires a different approach.
The narrative suggests that the next step should be to locate a pan. A pan is identified on countertop 1, suggesting the next logical action is to go to countertop 1, pick up the pan, and place it in sinkbasin 1. If the pan is hot, it may need to be cooled before being placed in the sinkbasin, or a method to cool it down quickly may need to be found if the task requires immediate completion.

**For the task: 'put a cool pan in sinkbasin', you need to do**:
a. Analyze the impact of each current tried attempt including the image, resulting observation, and taken action on the task.
b. Combine the summary of previously tried attempts and the analysis of currently tried attempts to give a suggestion of the next step to complete the task.

**Response**: 
Let's think step-by-step.

Current Attempts Reflect:
a. Analysis of Current Attempts:
- Attempt 1: The action taken was to go to cabinet 1, which resulted in the observation that cabinet 1 is closed. This action does not directly help in completing the task as it does not involve the pan or the sinkbasin.
- Attempt 2: The action taken was to go to countertop 1, which resulted in the observation of various items on the countertop, including the pan. This action is crucial as it leads to the location of the pan needed for the task.
- Attempt 3: The action taken was to take pan 1 from countertop 1, which resulted in the observation that the pan was successfully picked up. This action is a direct step towards completing the task as we now have the pan in possession.
b. Suggestion for Next Step:
Combining the summary of previously tried attempts with the analysis of the current attempts, the next logical step would be to cool the pan if it is hot. Since there is no mention of the temperature of the pan, we can assume it is at room temperature or cool. Therefore, the next step would be to go to the sinkbasin and place the pan in it to complete the task. If the pan were hot, an intermediate step of cooling it down would be necessary before placing it in the sinkbasin.
Current Attempts Reflect Running time: 11.549911975860596 seconds

Step:--------------------------------------------------------------------------6--------------------------------------------------------------------------
VLM Prompt:
<image>
**Objective:** Achieve "put a cool pan in sinkbasin". There is a hint about the given task. The agent must find an object of the desired type, pick it up, go to a fridge, cool the object with the fridge, then find the correct location to place it, and put it down there. Remember that you must reach the fridge before cooling..

**Visual Context:** Given the image, closely examine all elements within to gather clues and insights relevant to the objective. Consider how the arrangement, interactions, and details of the scene relate to the task at hand.

**Reflective Thought:**
a. Analysis of Current Attempts:
- Attempt 1: The action taken was to go to cabinet 1, which resulted in the observation that cabinet 1 is closed. This action does not directly help in completing the task as it does not involve the pan or the sinkbasin.
- Attempt 2: The action taken was to go to countertop 1, which resulted in the observation of various items on the countertop, including the pan. This action is crucial as it leads to the location of the pan needed for the task.
- Attempt 3: The action taken was to take pan 1 from countertop 1, which resulted in the observation that the pan was successfully picked up. This action is a direct step towards completing the task as we now have the pan in possession.
b. Suggestion for Next Step:
Combining the summary of previously tried attempts with the analysis of the current attempts, the next logical step would be to cool the pan if it is hot. Since there is no mention of the temperature of the pan, we can assume it is at room temperature or cool. Therefore, the next step would be to go to the sinkbasin and place the pan in it to complete the task. If the pan were hot, an intermediate step of cooling it down would be necessary before placing it in the sinkbasin.. 

**Admissible Actions List:**
(1): go to cabinet 1
(2): go to cabinet 2
(3): go to countertop 2
(4): go to drawer 1
(5): go to drawer 2
(6): go to drawer 3
(7): go to drawer 4
(8): go to stoveburner 1
(9): go to drawer 5
(10): go to stoveburner 2
(11): go to stoveburner 3
(12): go to stoveburner 4
(13): go to cabinet 3
(14): go to cabinet 4
(15): go to microwave 1
(16): go to cabinet 5
(17): go to cabinet 6
(18): go to cabinet 7
(19): go to sink 1
(20): go to fridge 1
(21): go to toaster 1
(22): go to coffeemachine 1
(23): go to cabinet 8
(24): go to drawer 6
(25): go to drawer 7
(26): go to drawer 8
(27): go to sinkbasin 1
(28): go to shelf 1
(29): go to shelf 2
(30): go to countertop 3
(31): go to shelf 3
(32): go to drawer 9
(33): go to cabinet 9
(34): go to garbagecan 1
(35): put pan 1 in/on countertop 1
(36): examine pan 1
(37): examine countertop 1

**Output Examples:**
*Example 1*:
- Admissible Actions:(1): go to bed 1, (2): go to dresser 1, (3): go to drawer 1
- Response:[BEGIN](2): go to dresser 1[END]
*Example 2*:
- Admissible Actions:(1): go to garbagecan 1, (2): take handtowel 1 from handtowelholder 1, (3): take faucet 1 from handtowelholder 1, (4): take handtowel 2 from handtowelholder 1
- Response:[BEGIN](2): take handtowel 1 from handtowelholder 1[END]

**Response:**
- Choose an action from the admissible actions list directly contributing to the task objective based on the reflective thought and the visual context, are the form: [BEGIN](i): [Selected Action][END]

Original VLM Response:
[BEGIN](27): go to sinkbasin 1[END]

> Action: go to sinkbasin 1
Running time: 2.7912251949310303 seconds

Current Attempts Reflect Prompt:
Current Attempt 1:
<image>
- Action Taken: go to countertop 1
- Resulting Observation: You arrive at loc 1. On the countertop 1, you see a pan 1, a bread 1, a tomato 1, a spoon 1, a butterknife 1, a saltshaker 1, and a cup 1.
Current Attempt 2:
<image>
- Action Taken: take pan 1 from countertop 1
- Resulting Observation: You pick up the pan 1 from the countertop 1.
Current Attempt 3:
<image>
- Action Taken: go to sinkbasin 1
- Resulting Observation: You arrive at loc 27. On the sinkbasin 1, you see a spoon 1, a vase 1, a faucet 1, and a knife 1.
Interact with a household to solve a task. At begining, you are in the middle of a room. looking quickly around you, you see a cabinet 1, a countertop 1, a cabinet 2, a countertop 2, a drawer 1, a drawer 2, a drawer 3, a drawer 4, a stoveburner 1, a drawer 5, a stoveburner 2, a stoveburner 3, a stoveburner 4, a cabinet 3, a cabinet 4, a microwave 1, a cabinet 5, a cabinet 6, a cabinet 7, a sink 1, a fridge 1, a toaster 1, a coffeemachine 1, a cabinet 8, a drawer 6, a drawer 7, a drawer 8, a sinkbasin 1, a shelf 1, a shelf 2, a countertop 3, a shelf 3, a drawer 9, a cabinet 9, and a garbagecan 1. You have 3 sets of current tried attempts, and each attempt consists of an action, an image of the action after it happened, and a resulting observation.

**You also have the summary of previously tried attempts:** 
In the initial attempts, three actions were undertaken: going to fridge 1, opening fridge 1, and going to cabinet 1. The results of these actions confirmed that fridge 1 was closed and then opened, revealing it to be empty, and cabinet 1 was closed. However, none of these actions directly impacted the task of putting a cool pan in the sinkbasin. 
The combined effect of these actions suggests that fridge 1 and cabinet 1 are not relevant to locating a pan. This understanding, in relation to the specific instance objects, indicates that the task's completion requires a different approach.
The narrative suggests that the next step should be to locate a pan. A pan is identified on countertop 1, suggesting the next logical action is to go to countertop 1, pick up the pan, and place it in sinkbasin 1. If the pan is hot, it may need to be cooled before being placed in the sinkbasin, or a method to cool it down quickly may need to be found if the task requires immediate completion.

**For the task: 'put a cool pan in sinkbasin', you need to do**:
a. Analyze the impact of each current tried attempt including the image, resulting observation, and taken action on the task.
b. Combine the summary of previously tried attempts and the analysis of currently tried attempts to give a suggestion of the next step to complete the task.

**Response**: 
Let's think step-by-step.

Current Attempts Reflect:
a. Analysis of current attempts:
- In the first attempt, the action taken was to go to countertop 1, which resulted in the observation of various items including a pan 1. This action was successful in locating a pan, which is necessary for the task.
- The second attempt involved taking pan 1 from countertop 1. The resulting observation confirms that the pan has been successfully picked up and is now in possession, which is a step closer to completing the task.
- The third attempt was to go to sinkbasin 1. The resulting observation indicates that the sinkbasin is now accessible and has other items like a spoon 1, a vase 1, a faucet 1, and a knife 1.
b. Suggestion for the next step:
Based on the summary of previously tried attempts and the current analysis, the next logical step would be to cool down the pan if it is hot. Since there is no direct indication that the pan is hot, we can assume it is at room temperature, which should be cool enough to place in the sinkbasin without causing damage. Therefore, the next action should be to place pan 1 in sinkbasin 1 to complete the task. If there is any concern about the temperature of the pan, one could run cold water from faucet 1 over the pan to cool it down before placing it in the sinkbasin.
Current Attempts Reflect Running time: 10.731785774230957 seconds


**Earlier Memory Attempt Prompt:**
Earlier Attempts 1:
a. Analysis of Current Attempts:
- Attempt 1: Action was to go to fridge 1. The image shows the fridge closed, and the resulting observation confirms that fridge 1 is closed. This action does not directly impact the task of putting a cool pan in the sinkbasin.
- Attempt 2: Action was to open fridge 1. The image shows the fridge open, and the resulting observation confirms that fridge 1 is open and empty. Again, this action does not directly impact the task at hand.
- Attempt 3: Action was to go to cabinet 1. The image shows the cabinet closed, and the resulting observation confirms that cabinet 1 is closed. This action also does not directly impact the task of putting a cool pan in the sinkbasin.
b. Suggestion for Next Step:
Since the task is to put a "cool pan" in the sinkbasin, the first step is to locate a pan. From the current attempts, we know that the fridge and cabinet 1 are not relevant to finding a pan. Looking at the initial room description, we see that there is a "pan 1" on "countertop 1". The next logical step would be to go to "pan 1" on "countertop 1", pick up the pan, and then proceed to put it in the "sinkbasin 1". If the pan is hot, we may need to wait for it to cool down before placing it in the sinkbasin, or find a way to cool it down if the task requires immediate completion.

Earlier Attempts 2:
a. Analysis of current attempts:
- In the first attempt, the action taken was to go to countertop 1, which resulted in the observation of various items including a pan 1. This action was successful in locating a pan, which is necessary for the task.
- The second attempt involved taking pan 1 from countertop 1. The resulting observation confirms that the pan has been successfully picked up and is now in possession, which is a step closer to completing the task.
- The third attempt was to go to sinkbasin 1. The resulting observation indicates that the sinkbasin is now accessible and has other items like a spoon 1, a vase 1, a faucet 1, and a knife 1.
b. Suggestion for the next step:
Based on the summary of previously tried attempts and the current analysis, the next logical step would be to cool down the pan if it is hot. Since there is no direct indication that the pan is hot, we can assume it is at room temperature, which should be cool enough to place in the sinkbasin without causing damage. Therefore, the next action should be to place pan 1 in sinkbasin 1 to complete the task. If there is any concern about the temperature of the pan, one could run cold water from faucet 1 over the pan to cool it down before placing it in the sinkbasin.



Earlier Memory Attempt:
In the first set of attempts, actions were taken to examine fridge 1 and cabinet 1, both of which were found to be irrelevant to the task of placing a cool pan in the sinkbasin. The suggestion was to locate the pan, identified as "pan 1" on "countertop 1", and place it in "sinkbasin 1". 
In the second set of attempts, actions were taken to go to countertop 1, pick up pan 1, and go to sinkbasin 1. These actions were successful in locating and obtaining the pan, and making the sinkbasin accessible. The next suggested action is to cool down pan 1, if necessary, and place it in sinkbasin 1. 
Overall, the actions involving fridge 1 and cabinet 1 did not contribute to the task, while the actions involving countertop 1, pan 1, and sinkbasin 1 were crucial to progress. Future actions should focus on these relevant instance objects.
Earlier Memory Attempt Running time: 15.680612325668335 seconds

Step:--------------------------------------------------------------------------7--------------------------------------------------------------------------
VLM Prompt:
<image>
**Objective:** Achieve "put a cool pan in sinkbasin". There is a hint about the given task. The agent must find an object of the desired type, pick it up, go to a fridge, cool the object with the fridge, then find the correct location to place it, and put it down there. Remember that you must reach the fridge before cooling..

**Visual Context:** Given the image, closely examine all elements within to gather clues and insights relevant to the objective. Consider how the arrangement, interactions, and details of the scene relate to the task at hand.

**Reflective Thought:**
a. Analysis of current attempts:
- In the first attempt, the action taken was to go to countertop 1, which resulted in the observation of various items including a pan 1. This action was successful in locating a pan, which is necessary for the task.
- The second attempt involved taking pan 1 from countertop 1. The resulting observation confirms that the pan has been successfully picked up and is now in possession, which is a step closer to completing the task.
- The third attempt was to go to sinkbasin 1. The resulting observation indicates that the sinkbasin is now accessible and has other items like a spoon 1, a vase 1, a faucet 1, and a knife 1.
b. Suggestion for the next step:
Based on the summary of previously tried attempts and the current analysis, the next logical step would be to cool down the pan if it is hot. Since there is no direct indication that the pan is hot, we can assume it is at room temperature, which should be cool enough to place in the sinkbasin without causing damage. Therefore, the next action should be to place pan 1 in sinkbasin 1 to complete the task. If there is any concern about the temperature of the pan, one could run cold water from faucet 1 over the pan to cool it down before placing it in the sinkbasin.. 

**Admissible Actions List:**
(1): go to cabinet 1
(2): go to countertop 1
(3): go to cabinet 2
(4): go to countertop 2
(5): go to drawer 1
(6): go to drawer 2
(7): go to drawer 3
(8): go to drawer 4
(9): go to stoveburner 1
(10): go to drawer 5
(11): go to stoveburner 2
(12): go to stoveburner 3
(13): go to stoveburner 4
(14): go to cabinet 3
(15): go to cabinet 4
(16): go to microwave 1
(17): go to cabinet 5
(18): go to cabinet 6
(19): go to cabinet 7
(20): go to sink 1
(21): go to fridge 1
(22): go to toaster 1
(23): go to coffeemachine 1
(24): go to cabinet 8
(25): go to drawer 6
(26): go to drawer 7
(27): go to drawer 8
(28): go to shelf 1
(29): go to shelf 2
(30): go to countertop 3
(31): go to shelf 3
(32): go to drawer 9
(33): go to cabinet 9
(34): go to garbagecan 1
(35): put pan 1 in/on sinkbasin 1
(36): clean pan 1 with sink 1
(37): clean pan 1 with sinkbasin 1
(38): examine pan 1
(39): examine sinkbasin 1

**Output Examples:**
*Example 1*:
- Admissible Actions:(1): go to bed 1, (2): go to dresser 1, (3): go to drawer 1
- Response:[BEGIN](2): go to dresser 1[END]
*Example 2*:
- Admissible Actions:(1): go to garbagecan 1, (2): take handtowel 1 from handtowelholder 1, (3): take faucet 1 from handtowelholder 1, (4): take handtowel 2 from handtowelholder 1
- Response:[BEGIN](2): take handtowel 1 from handtowelholder 1[END]

**Response:**
- Choose an action from the admissible actions list directly contributing to the task objective based on the reflective thought and the visual context, are the form: [BEGIN](i): [Selected Action][END]

Original VLM Response:
- Response:[BEGIN](35): put pan 1 in/on sinkbasin 1[END]

> Action: put pan 1 in/on sinkbasin 1
Running time: 4.066931962966919 seconds

Current Attempts Reflect Prompt:
Current Attempt 1:
<image>
- Action Taken: take pan 1 from countertop 1
- Resulting Observation: You pick up the pan 1 from the countertop 1.
Current Attempt 2:
<image>
- Action Taken: go to sinkbasin 1
- Resulting Observation: You arrive at loc 27. On the sinkbasin 1, you see a spoon 1, a vase 1, a faucet 1, and a knife 1.
Current Attempt 3:
<image>
- Action Taken: put pan 1 in/on sinkbasin 1
- Resulting Observation: Nothing happens.
Interact with a household to solve a task. At begining, you are in the middle of a room. looking quickly around you, you see a cabinet 1, a countertop 1, a cabinet 2, a countertop 2, a drawer 1, a drawer 2, a drawer 3, a drawer 4, a stoveburner 1, a drawer 5, a stoveburner 2, a stoveburner 3, a stoveburner 4, a cabinet 3, a cabinet 4, a microwave 1, a cabinet 5, a cabinet 6, a cabinet 7, a sink 1, a fridge 1, a toaster 1, a coffeemachine 1, a cabinet 8, a drawer 6, a drawer 7, a drawer 8, a sinkbasin 1, a shelf 1, a shelf 2, a countertop 3, a shelf 3, a drawer 9, a cabinet 9, and a garbagecan 1. You have 3 sets of current tried attempts, and each attempt consists of an action, an image of the action after it happened, and a resulting observation.

**You also have the summary of previously tried attempts:** 
In the first set of attempts, actions were taken to examine fridge 1 and cabinet 1, both of which were found to be irrelevant to the task of placing a cool pan in the sinkbasin. The suggestion was to locate the pan, identified as "pan 1" on "countertop 1", and place it in "sinkbasin 1". 
In the second set of attempts, actions were taken to go to countertop 1, pick up pan 1, and go to sinkbasin 1. These actions were successful in locating and obtaining the pan, and making the sinkbasin accessible. The next suggested action is to cool down pan 1, if necessary, and place it in sinkbasin 1. 
Overall, the actions involving fridge 1 and cabinet 1 did not contribute to the task, while the actions involving countertop 1, pan 1, and sinkbasin 1 were crucial to progress. Future actions should focus on these relevant instance objects.

**For the task: 'put a cool pan in sinkbasin', you need to do**:
a. Analyze the impact of each current tried attempt including the image, resulting observation, and taken action on the task.
b. Combine the summary of previously tried attempts and the analysis of currently tried attempts to give a suggestion of the next step to complete the task.

**Response**: 
Let's think step-by-step.

Current Attempts Reflect:
a. Analysis of Current Attempts:
- In the first attempt, the action of taking pan 1 from countertop 1 was successful, and the pan is now in the player's possession.
- In the second attempt, the action of going to sinkbasin 1 was successful, and the player is now at the location with the sinkbasin.
- In the third attempt, the action of putting pan 1 in/on sinkbasin 1 did not yield any results, which suggests that something is missing in the action or the pan is not yet ready to be placed in the sinkbasin.
b. Suggestion for Next Step:
Based on the summary of previously tried attempts and the analysis of the current attempts, it seems that the pan needs to be cooled down before it can be placed in the sinkbasin. The task specifically mentions "put a cool pan in sinkbasin," which implies that the temperature of the pan is an important factor. Since no cooling action has been attempted yet, the next logical step would be to find a way to cool down pan 1. This could involve running cold water over it using faucet 1 or finding another method to lower its temperature. Once the pan is sufficiently cooled, the player should attempt to place it in sinkbasin 1 again.
Current Attempts Reflect Running time: 10.950885534286499 seconds

Step:--------------------------------------------------------------------------8--------------------------------------------------------------------------
VLM Prompt:
<image>
**Objective:** Achieve "put a cool pan in sinkbasin". There is a hint about the given task. The agent must find an object of the desired type, pick it up, go to a fridge, cool the object with the fridge, then find the correct location to place it, and put it down there. Remember that you must reach the fridge before cooling..

**Visual Context:** Given the image, closely examine all elements within to gather clues and insights relevant to the objective. Consider how the arrangement, interactions, and details of the scene relate to the task at hand.

**Reflective Thought:**
a. Analysis of Current Attempts:
- In the first attempt, the action of taking pan 1 from countertop 1 was successful, and the pan is now in the player's possession.
- In the second attempt, the action of going to sinkbasin 1 was successful, and the player is now at the location with the sinkbasin.
- In the third attempt, the action of putting pan 1 in/on sinkbasin 1 did not yield any results, which suggests that something is missing in the action or the pan is not yet ready to be placed in the sinkbasin.
b. Suggestion for Next Step:
Based on the summary of previously tried attempts and the analysis of the current attempts, it seems that the pan needs to be cooled down before it can be placed in the sinkbasin. The task specifically mentions "put a cool pan in sinkbasin," which implies that the temperature of the pan is an important factor. Since no cooling action has been attempted yet, the next logical step would be to find a way to cool down pan 1. This could involve running cold water over it using faucet 1 or finding another method to lower its temperature. Once the pan is sufficiently cooled, the player should attempt to place it in sinkbasin 1 again.. 

**Admissible Actions List:**
(1): go to cabinet 1
(2): go to countertop 1
(3): go to cabinet 2
(4): go to countertop 2
(5): go to drawer 1
(6): go to drawer 2
(7): go to drawer 3
(8): go to drawer 4
(9): go to stoveburner 1
(10): go to drawer 5
(11): go to stoveburner 2
(12): go to stoveburner 3
(13): go to stoveburner 4
(14): go to cabinet 3
(15): go to cabinet 4
(16): go to microwave 1
(17): go to cabinet 5
(18): go to cabinet 6
(19): go to cabinet 7
(20): go to sink 1
(21): go to fridge 1
(22): go to toaster 1
(23): go to coffeemachine 1
(24): go to cabinet 8
(25): go to drawer 6
(26): go to drawer 7
(27): go to drawer 8
(28): go to shelf 1
(29): go to shelf 2
(30): go to countertop 3
(31): go to shelf 3
(32): go to drawer 9
(33): go to cabinet 9
(34): go to garbagecan 1
(35): put pan 1 in/on sinkbasin 1
(36): clean pan 1 with sink 1
(37): clean pan 1 with sinkbasin 1
(38): examine pan 1
(39): examine sinkbasin 1

**Output Examples:**
*Example 1*:
- Admissible Actions:(1): go to bed 1, (2): go to dresser 1, (3): go to drawer 1
- Response:[BEGIN](2): go to dresser 1[END]
*Example 2*:
- Admissible Actions:(1): go to garbagecan 1, (2): take handtowel 1 from handtowelholder 1, (3): take faucet 1 from handtowelholder 1, (4): take handtowel 2 from handtowelholder 1
- Response:[BEGIN](2): take handtowel 1 from handtowelholder 1[END]

**Response:**
- Choose an action from the admissible actions list directly contributing to the task objective based on the reflective thought and the visual context, are the form: [BEGIN](i): [Selected Action][END]

Original VLM Response:
[BEGIN](21): go to fridge 1[END]

> Action: go to fridge 1
Running time: 2.839420795440674 seconds

Current Attempts Reflect Prompt:
Current Attempt 1:
<image>
- Action Taken: go to sinkbasin 1
- Resulting Observation: You arrive at loc 27. On the sinkbasin 1, you see a spoon 1, a vase 1, a faucet 1, and a knife 1.
Current Attempt 2:
<image>
- Action Taken: put pan 1 in/on sinkbasin 1
- Resulting Observation: Nothing happens.
Current Attempt 3:
<image>
- Action Taken: go to fridge 1
- Resulting Observation: You arrive at loc 20. The fridge 1 is open. On the fridge 1, you see a spoon 1.
Interact with a household to solve a task. At begining, you are in the middle of a room. looking quickly around you, you see a cabinet 1, a countertop 1, a cabinet 2, a countertop 2, a drawer 1, a drawer 2, a drawer 3, a drawer 4, a stoveburner 1, a drawer 5, a stoveburner 2, a stoveburner 3, a stoveburner 4, a cabinet 3, a cabinet 4, a microwave 1, a cabinet 5, a cabinet 6, a cabinet 7, a sink 1, a fridge 1, a toaster 1, a coffeemachine 1, a cabinet 8, a drawer 6, a drawer 7, a drawer 8, a sinkbasin 1, a shelf 1, a shelf 2, a countertop 3, a shelf 3, a drawer 9, a cabinet 9, and a garbagecan 1. You have 3 sets of current tried attempts, and each attempt consists of an action, an image of the action after it happened, and a resulting observation.

**You also have the summary of previously tried attempts:** 
In the first set of attempts, actions were taken to examine fridge 1 and cabinet 1, both of which were found to be irrelevant to the task of placing a cool pan in the sinkbasin. The suggestion was to locate the pan, identified as "pan 1" on "countertop 1", and place it in "sinkbasin 1". 
In the second set of attempts, actions were taken to go to countertop 1, pick up pan 1, and go to sinkbasin 1. These actions were successful in locating and obtaining the pan, and making the sinkbasin accessible. The next suggested action is to cool down pan 1, if necessary, and place it in sinkbasin 1. 
Overall, the actions involving fridge 1 and cabinet 1 did not contribute to the task, while the actions involving countertop 1, pan 1, and sinkbasin 1 were crucial to progress. Future actions should focus on these relevant instance objects.

**For the task: 'put a cool pan in sinkbasin', you need to do**:
a. Analyze the impact of each current tried attempt including the image, resulting observation, and taken action on the task.
b. Combine the summary of previously tried attempts and the analysis of currently tried attempts to give a suggestion of the next step to complete the task.

**Response**: 
Let's think step-by-step.

Current Attempts Reflect:
a. Analysis of Current Attempts:
- Attempt 1: The action taken was to go to sinkbasin 1, which was necessary to approach the location where the pan needs to be placed. The resulting observation confirmed the presence of sinkbasin 1 and other objects like a spoon, vase, faucet, and knife. However, the pan was not yet in the sinkbasin, so the task is not complete.
- Attempt 2: The action to put pan 1 in/on sinkbasin 1 was taken, but it resulted in no change. This could indicate that the pan is not cool yet or the command was not recognized correctly by the system.
- Attempt 3: The action was to go to fridge 1, which resulted in the observation that the fridge is open and contains a spoon. This attempt did not contribute to the task of cooling the pan or placing it in the sinkbasin.
b. Suggestion for Next Step:
Combining the summary of previously tried attempts and the analysis of current attempts, it is clear that the pan (pan 1) has been located and obtained from countertop 1. The next step should involve cooling the pan, if it is not already cool. Since we have not explicitly cooled the pan and the action to put the pan in the sinkbasin resulted in no change, it is likely that the pan needs to be cooled down. The fridge was mentioned but did not play a role in the attempts so far. 
Therefore, the next action should be to cool pan 1. Since the fridge is open and no specific cooling method has been provided, one possible action could be to place pan 1 in the fridge to cool it down. After cooling the pan sufficiently, the next step would be to try placing the cooled pan in sinkbasin 1 again. This sequence of actions should complete the task of putting a cool pan in the sinkbasin.
Current Attempts Reflect Running time: 20.01858687400818 seconds

Step:--------------------------------------------------------------------------9--------------------------------------------------------------------------
VLM Prompt:
<image>
**Objective:** Achieve "put a cool pan in sinkbasin". There is a hint about the given task. The agent must find an object of the desired type, pick it up, go to a fridge, cool the object with the fridge, then find the correct location to place it, and put it down there. Remember that you must reach the fridge before cooling..

**Visual Context:** Given the image, closely examine all elements within to gather clues and insights relevant to the objective. Consider how the arrangement, interactions, and details of the scene relate to the task at hand.

**Reflective Thought:**
a. Analysis of Current Attempts:
- Attempt 1: The action taken was to go to sinkbasin 1, which was necessary to approach the location where the pan needs to be placed. The resulting observation confirmed the presence of sinkbasin 1 and other objects like a spoon, vase, faucet, and knife. However, the pan was not yet in the sinkbasin, so the task is not complete.
- Attempt 2: The action to put pan 1 in/on sinkbasin 1 was taken, but it resulted in no change. This could indicate that the pan is not cool yet or the command was not recognized correctly by the system.
- Attempt 3: The action was to go to fridge 1, which resulted in the observation that the fridge is open and contains a spoon. This attempt did not contribute to the task of cooling the pan or placing it in the sinkbasin.
b. Suggestion for Next Step:
Combining the summary of previously tried attempts and the analysis of current attempts, it is clear that the pan (pan 1) has been located and obtained from countertop 1. The next step should involve cooling the pan, if it is not already cool. Since we have not explicitly cooled the pan and the action to put the pan in the sinkbasin resulted in no change, it is likely that the pan needs to be cooled down. The fridge was mentioned but did not play a role in the attempts so far. 
Therefore, the next action should be to cool pan 1. Since the fridge is open and no specific cooling method has been provided, one possible action could be to place pan 1 in the fridge to cool it down. After cooling the pan sufficiently, the next step would be to try placing the cooled pan in sinkbasin 1 again. This sequence of actions should complete the task of putting a cool pan in the sinkbasin.. 

**Admissible Actions List:**
(1): go to cabinet 1
(2): go to countertop 1
(3): go to cabinet 2
(4): go to countertop 2
(5): go to drawer 1
(6): go to drawer 2
(7): go to drawer 3
(8): go to drawer 4
(9): go to stoveburner 1
(10): go to drawer 5
(11): go to stoveburner 2
(12): go to stoveburner 3
(13): go to stoveburner 4
(14): go to cabinet 3
(15): go to cabinet 4
(16): go to microwave 1
(17): go to cabinet 5
(18): go to cabinet 6
(19): go to cabinet 7
(20): go to sink 1
(21): go to toaster 1
(22): go to coffeemachine 1
(23): go to cabinet 8
(24): go to drawer 6
(25): go to drawer 7
(26): go to drawer 8
(27): go to sinkbasin 1
(28): go to shelf 1
(29): go to shelf 2
(30): go to countertop 3
(31): go to shelf 3
(32): go to drawer 9
(33): go to cabinet 9
(34): go to garbagecan 1
(35): open fridge 1
(36): close fridge 1
(37): put pan 1 in/on fridge 1
(38): cool pan 1 with fridge 1
(39): examine pan 1
(40): examine fridge 1

**Output Examples:**
*Example 1*:
- Admissible Actions:(1): go to bed 1, (2): go to dresser 1, (3): go to drawer 1
- Response:[BEGIN](2): go to dresser 1[END]
*Example 2*:
- Admissible Actions:(1): go to garbagecan 1, (2): take handtowel 1 from handtowelholder 1, (3): take faucet 1 from handtowelholder 1, (4): take handtowel 2 from handtowelholder 1
- Response:[BEGIN](2): take handtowel 1 from handtowelholder 1[END]

**Response:**
- Choose an action from the admissible actions list directly contributing to the task objective based on the reflective thought and the visual context, are the form: [BEGIN](i): [Selected Action][END]

Original VLM Response:
- Response:[BEGIN](38): cool pan 1 with fridge 1[END]

> Action: cool pan 1 with fridge 1
Running time: 2.9409537315368652 seconds

Current Attempts Reflect Prompt:
Current Attempt 1:
<image>
- Action Taken: put pan 1 in/on sinkbasin 1
- Resulting Observation: Nothing happens.
Current Attempt 2:
<image>
- Action Taken: go to fridge 1
- Resulting Observation: You arrive at loc 20. The fridge 1 is open. On the fridge 1, you see a spoon 1.
Current Attempt 3:
<image>
- Action Taken: cool pan 1 with fridge 1
- Resulting Observation: Nothing happens.
Interact with a household to solve a task. At begining, you are in the middle of a room. looking quickly around you, you see a cabinet 1, a countertop 1, a cabinet 2, a countertop 2, a drawer 1, a drawer 2, a drawer 3, a drawer 4, a stoveburner 1, a drawer 5, a stoveburner 2, a stoveburner 3, a stoveburner 4, a cabinet 3, a cabinet 4, a microwave 1, a cabinet 5, a cabinet 6, a cabinet 7, a sink 1, a fridge 1, a toaster 1, a coffeemachine 1, a cabinet 8, a drawer 6, a drawer 7, a drawer 8, a sinkbasin 1, a shelf 1, a shelf 2, a countertop 3, a shelf 3, a drawer 9, a cabinet 9, and a garbagecan 1. You have 3 sets of current tried attempts, and each attempt consists of an action, an image of the action after it happened, and a resulting observation.

**You also have the summary of previously tried attempts:** 
In the first set of attempts, actions were taken to examine fridge 1 and cabinet 1, both of which were found to be irrelevant to the task of placing a cool pan in the sinkbasin. The suggestion was to locate the pan, identified as "pan 1" on "countertop 1", and place it in "sinkbasin 1". 
In the second set of attempts, actions were taken to go to countertop 1, pick up pan 1, and go to sinkbasin 1. These actions were successful in locating and obtaining the pan, and making the sinkbasin accessible. The next suggested action is to cool down pan 1, if necessary, and place it in sinkbasin 1. 
Overall, the actions involving fridge 1 and cabinet 1 did not contribute to the task, while the actions involving countertop 1, pan 1, and sinkbasin 1 were crucial to progress. Future actions should focus on these relevant instance objects.

**For the task: 'put a cool pan in sinkbasin', you need to do**:
a. Analyze the impact of each current tried attempt including the image, resulting observation, and taken action on the task.
b. Combine the summary of previously tried attempts and the analysis of currently tried attempts to give a suggestion of the next step to complete the task.

**Response**: 
Let's think step-by-step.

Current Attempts Reflect:
a. Analysis of Current Attempts:
- Attempt 1: The action of placing pan 1 in sinkbasin 1 resulted in no change, indicating that the pan is not yet cool or that simply placing the pan in the sink is not sufficient to complete the task.
- Attempt 2: The action of going to the fridge suggests an attempt to cool the pan, but the resulting observation shows that the fridge is open with a spoon on it, which does not relate to cooling the pan.
- Attempt 3: The action of trying to cool pan 1 with fridge 1 also resulted in no change, indicating that the method of cooling the pan is incorrect or not properly executed.
b. Suggestion for Next Step:
Combining the summary of previous attempts and the current analysis, it is clear that the pan needs to be cooled down before being placed in the sinkbasin. Since the attempts involving the fridge did not result in a cool pan, we should explore other methods of cooling. One common method of cooling a pan is running it under cold water from the faucet. Therefore, the next step should be to turn on the faucet at sink 1 and hold pan 1 under the running water to cool it down. Once the pan is sufficiently cooled, it can then be placed in sinkbasin 1 to complete the task.
Current Attempts Reflect Running time: 12.115394115447998 seconds


**Earlier Memory Attempt Prompt:**
Earlier Attempts 1:
a. Analysis of Current Attempts:
- Attempt 1: Action was to go to fridge 1. The image shows the fridge closed, and the resulting observation confirms that fridge 1 is closed. This action does not directly impact the task of putting a cool pan in the sinkbasin.
- Attempt 2: Action was to open fridge 1. The image shows the fridge open, and the resulting observation confirms that fridge 1 is open and empty. Again, this action does not directly impact the task at hand.
- Attempt 3: Action was to go to cabinet 1. The image shows the cabinet closed, and the resulting observation confirms that cabinet 1 is closed. This action also does not directly impact the task of putting a cool pan in the sinkbasin.
b. Suggestion for Next Step:
Since the task is to put a "cool pan" in the sinkbasin, the first step is to locate a pan. From the current attempts, we know that the fridge and cabinet 1 are not relevant to finding a pan. Looking at the initial room description, we see that there is a "pan 1" on "countertop 1". The next logical step would be to go to "pan 1" on "countertop 1", pick up the pan, and then proceed to put it in the "sinkbasin 1". If the pan is hot, we may need to wait for it to cool down before placing it in the sinkbasin, or find a way to cool it down if the task requires immediate completion.

Earlier Attempts 2:
a. Analysis of current attempts:
- In the first attempt, the action taken was to go to countertop 1, which resulted in the observation of various items including a pan 1. This action was successful in locating a pan, which is necessary for the task.
- The second attempt involved taking pan 1 from countertop 1. The resulting observation confirms that the pan has been successfully picked up and is now in possession, which is a step closer to completing the task.
- The third attempt was to go to sinkbasin 1. The resulting observation indicates that the sinkbasin is now accessible and has other items like a spoon 1, a vase 1, a faucet 1, and a knife 1.
b. Suggestion for the next step:
Based on the summary of previously tried attempts and the current analysis, the next logical step would be to cool down the pan if it is hot. Since there is no direct indication that the pan is hot, we can assume it is at room temperature, which should be cool enough to place in the sinkbasin without causing damage. Therefore, the next action should be to place pan 1 in sinkbasin 1 to complete the task. If there is any concern about the temperature of the pan, one could run cold water from faucet 1 over the pan to cool it down before placing it in the sinkbasin.

Earlier Attempts 3:
a. Analysis of Current Attempts:
- Attempt 1: The action of placing pan 1 in sinkbasin 1 resulted in no change, indicating that the pan is not yet cool or that simply placing the pan in the sink is not sufficient to complete the task.
- Attempt 2: The action of going to the fridge suggests an attempt to cool the pan, but the resulting observation shows that the fridge is open with a spoon on it, which does not relate to cooling the pan.
- Attempt 3: The action of trying to cool pan 1 with fridge 1 also resulted in no change, indicating that the method of cooling the pan is incorrect or not properly executed.
b. Suggestion for Next Step:
Combining the summary of previous attempts and the current analysis, it is clear that the pan needs to be cooled down before being placed in the sinkbasin. Since the attempts involving the fridge did not result in a cool pan, we should explore other methods of cooling. One common method of cooling a pan is running it under cold water from the faucet. Therefore, the next step should be to turn on the faucet at sink 1 and hold pan 1 under the running water to cool it down. Once the pan is sufficiently cooled, it can then be placed in sinkbasin 1 to complete the task.



Earlier Memory Attempt:
**Summary:**
In the first set of attempts, actions were taken involving fridge 1 and cabinet 1. However, these actions were found to be irrelevant to the task of putting a cool pan in the sinkbasin. The suggestion was made to locate "pan 1" on "countertop 1", pick it up, and place it in "sinkbasin 1", after ensuring it is cool.
In the second set of attempts, actions were taken to locate and pick up "pan 1" from "countertop 1" and to access "sinkbasin 1". These actions were successful and brought us closer to task completion. The suggestion was made to cool down "pan 1" if it is hot, either by waiting or by running cold water over it from "faucet 1", before placing it in "sinkbasin 1".
In the third set of attempts, actions were taken to place "pan 1" in "sinkbasin 1" and to cool "pan 1" with "fridge 1". These attempts were unsuccessful, indicating that the pan needs to be cooled down in a different way. The suggestion was made to cool "pan 1" by running it under cold water from the faucet at "sink 1", and then place it in "sinkbasin 1".
In conclusion, the actions involving "fridge 1" and "cabinet 1" were not relevant, while those involving "pan 1", "countertop 1", "sinkbasin 1", and "faucet 1" were crucial to the task. The future strategy should focus on the latter objects, particularly on cooling "pan 1" using "faucet 1" before placing it in "sinkbasin 1".
Earlier Memory Attempt Running time: 29.85218596458435 seconds

Step:--------------------------------------------------------------------------10--------------------------------------------------------------------------
VLM Prompt:
<image>
**Objective:** Achieve "put a cool pan in sinkbasin". There is a hint about the given task. The agent must find an object of the desired type, pick it up, go to a fridge, cool the object with the fridge, then find the correct location to place it, and put it down there. Remember that you must reach the fridge before cooling..

**Visual Context:** Given the image, closely examine all elements within to gather clues and insights relevant to the objective. Consider how the arrangement, interactions, and details of the scene relate to the task at hand.

**Reflective Thought:**
a. Analysis of Current Attempts:
- Attempt 1: The action of placing pan 1 in sinkbasin 1 resulted in no change, indicating that the pan is not yet cool or that simply placing the pan in the sink is not sufficient to complete the task.
- Attempt 2: The action of going to the fridge suggests an attempt to cool the pan, but the resulting observation shows that the fridge is open with a spoon on it, which does not relate to cooling the pan.
- Attempt 3: The action of trying to cool pan 1 with fridge 1 also resulted in no change, indicating that the method of cooling the pan is incorrect or not properly executed.
b. Suggestion for Next Step:
Combining the summary of previous attempts and the current analysis, it is clear that the pan needs to be cooled down before being placed in the sinkbasin. Since the attempts involving the fridge did not result in a cool pan, we should explore other methods of cooling. One common method of cooling a pan is running it under cold water from the faucet. Therefore, the next step should be to turn on the faucet at sink 1 and hold pan 1 under the running water to cool it down. Once the pan is sufficiently cooled, it can then be placed in sinkbasin 1 to complete the task.. 

**Admissible Actions List:**
(1): go to cabinet 1
(2): go to countertop 1
(3): go to cabinet 2
(4): go to countertop 2
(5): go to drawer 1
(6): go to drawer 2
(7): go to drawer 3
(8): go to drawer 4
(9): go to stoveburner 1
(10): go to drawer 5
(11): go to stoveburner 2
(12): go to stoveburner 3
(13): go to stoveburner 4
(14): go to cabinet 3
(15): go to cabinet 4
(16): go to microwave 1
(17): go to cabinet 5
(18): go to cabinet 6
(19): go to cabinet 7
(20): go to sink 1
(21): go to toaster 1
(22): go to coffeemachine 1
(23): go to cabinet 8
(24): go to drawer 6
(25): go to drawer 7
(26): go to drawer 8
(27): go to sinkbasin 1
(28): go to shelf 1
(29): go to shelf 2
(30): go to countertop 3
(31): go to shelf 3
(32): go to drawer 9
(33): go to cabinet 9
(34): go to garbagecan 1
(35): open fridge 1
(36): close fridge 1
(37): put pan 1 in/on fridge 1
(38): cool pan 1 with fridge 1
(39): examine pan 1
(40): examine fridge 1

**Output Examples:**
*Example 1*:
- Admissible Actions:(1): go to bed 1, (2): go to dresser 1, (3): go to drawer 1
- Response:[BEGIN](2): go to dresser 1[END]
*Example 2*:
- Admissible Actions:(1): go to garbagecan 1, (2): take handtowel 1 from handtowelholder 1, (3): take faucet 1 from handtowelholder 1, (4): take handtowel 2 from handtowelholder 1
- Response:[BEGIN](2): take handtowel 1 from handtowelholder 1[END]

**Response:**
- Choose an action from the admissible actions list directly contributing to the task objective based on the reflective thought and the visual context, are the form: [BEGIN](i): [Selected Action][END]

Original VLM Response:
- Response: [BEGIN](20): go to sink 1[END]

> Action: go to sink 1
Running time: 3.6370556354522705 seconds

Current Attempts Reflect Prompt:
Current Attempt 1:
<image>
- Action Taken: go to fridge 1
- Resulting Observation: You arrive at loc 20. The fridge 1 is open. On the fridge 1, you see a spoon 1.
Current Attempt 2:
<image>
- Action Taken: cool pan 1 with fridge 1
- Resulting Observation: Nothing happens.
Current Attempt 3:
<image>
- Action Taken: go to sink 1
- Resulting Observation: You arrive at loc 19. On the sink 1, you see a spoon 1, a vase 1, a faucet 1, and a knife 1.
Interact with a household to solve a task. At begining, you are in the middle of a room. looking quickly around you, you see a cabinet 1, a countertop 1, a cabinet 2, a countertop 2, a drawer 1, a drawer 2, a drawer 3, a drawer 4, a stoveburner 1, a drawer 5, a stoveburner 2, a stoveburner 3, a stoveburner 4, a cabinet 3, a cabinet 4, a microwave 1, a cabinet 5, a cabinet 6, a cabinet 7, a sink 1, a fridge 1, a toaster 1, a coffeemachine 1, a cabinet 8, a drawer 6, a drawer 7, a drawer 8, a sinkbasin 1, a shelf 1, a shelf 2, a countertop 3, a shelf 3, a drawer 9, a cabinet 9, and a garbagecan 1. You have 3 sets of current tried attempts, and each attempt consists of an action, an image of the action after it happened, and a resulting observation.

**You also have the summary of previously tried attempts:** 
**Summary:**
In the first set of attempts, actions were taken involving fridge 1 and cabinet 1. However, these actions were found to be irrelevant to the task of putting a cool pan in the sinkbasin. The suggestion was made to locate "pan 1" on "countertop 1", pick it up, and place it in "sinkbasin 1", after ensuring it is cool.
In the second set of attempts, actions were taken to locate and pick up "pan 1" from "countertop 1" and to access "sinkbasin 1". These actions were successful and brought us closer to task completion. The suggestion was made to cool down "pan 1" if it is hot, either by waiting or by running cold water over it from "faucet 1", before placing it in "sinkbasin 1".
In the third set of attempts, actions were taken to place "pan 1" in "sinkbasin 1" and to cool "pan 1" with "fridge 1". These attempts were unsuccessful, indicating that the pan needs to be cooled down in a different way. The suggestion was made to cool "pan 1" by running it under cold water from the faucet at "sink 1", and then place it in "sinkbasin 1".
In conclusion, the actions involving "fridge 1" and "cabinet 1" were not relevant, while those involving "pan 1", "countertop 1", "sinkbasin 1", and "faucet 1" were crucial to the task. The future strategy should focus on the latter objects, particularly on cooling "pan 1" using "faucet 1" before placing it in "sinkbasin 1".

**For the task: 'put a cool pan in sinkbasin', you need to do**:
a. Analyze the impact of each current tried attempt including the image, resulting observation, and taken action on the task.
b. Combine the summary of previously tried attempts and the analysis of currently tried attempts to give a suggestion of the next step to complete the task.

**Response**: 
Let's think step-by-step.

Current Attempts Reflect:
a. Analysis of Current Attempts:
- Attempt 1: The action of going to fridge 1 and observing a spoon is irrelevant to the task at hand.
- Attempt 2: The action of trying to cool pan 1 with fridge 1 was incorrect as the fridge cannot be used to cool down a pan directly. The resulting observation confirms that nothing happened.
- Attempt 3: The action of going to sink 1 is relevant as it brings us closer to the sinkbasin 1 where the pan needs to be placed. However, the pan has not yet been cooled.
b. Suggestion for Next Step:
Based on the summary of previous attempts and the analysis of current attempts, the next step should be to cool down the pan 1 using faucet 1. This can be done by turning on the cold water and running pan 1 under it to cool it down. Once the pan is sufficiently cool, it can then be placed in sinkbasin 1 to complete the task. It is important to ensure that pan 1 is cool to the touch before placing it in the sinkbasin to avoid any damage or safety hazards.
Current Attempts Reflect Running time: 12.578906297683716 seconds

Step:--------------------------------------------------------------------------11--------------------------------------------------------------------------
VLM Prompt:
<image>
**Objective:** Achieve "put a cool pan in sinkbasin". There is a hint about the given task. The agent must find an object of the desired type, pick it up, go to a fridge, cool the object with the fridge, then find the correct location to place it, and put it down there. Remember that you must reach the fridge before cooling..

**Visual Context:** Given the image, closely examine all elements within to gather clues and insights relevant to the objective. Consider how the arrangement, interactions, and details of the scene relate to the task at hand.

**Reflective Thought:**
a. Analysis of Current Attempts:
- Attempt 1: The action of going to fridge 1 and observing a spoon is irrelevant to the task at hand.
- Attempt 2: The action of trying to cool pan 1 with fridge 1 was incorrect as the fridge cannot be used to cool down a pan directly. The resulting observation confirms that nothing happened.
- Attempt 3: The action of going to sink 1 is relevant as it brings us closer to the sinkbasin 1 where the pan needs to be placed. However, the pan has not yet been cooled.
b. Suggestion for Next Step:
Based on the summary of previous attempts and the analysis of current attempts, the next step should be to cool down the pan 1 using faucet 1. This can be done by turning on the cold water and running pan 1 under it to cool it down. Once the pan is sufficiently cool, it can then be placed in sinkbasin 1 to complete the task. It is important to ensure that pan 1 is cool to the touch before placing it in the sinkbasin to avoid any damage or safety hazards.. 

**Admissible Actions List:**
(1): go to cabinet 1
(2): go to countertop 1
(3): go to cabinet 2
(4): go to countertop 2
(5): go to drawer 1
(6): go to drawer 2
(7): go to drawer 3
(8): go to drawer 4
(9): go to stoveburner 1
(10): go to drawer 5
(11): go to stoveburner 2
(12): go to stoveburner 3
(13): go to stoveburner 4
(14): go to cabinet 3
(15): go to cabinet 4
(16): go to microwave 1
(17): go to cabinet 5
(18): go to cabinet 6
(19): go to cabinet 7
(20): go to fridge 1
(21): go to toaster 1
(22): go to coffeemachine 1
(23): go to cabinet 8
(24): go to drawer 6
(25): go to drawer 7
(26): go to drawer 8
(27): go to sinkbasin 1
(28): go to shelf 1
(29): go to shelf 2
(30): go to countertop 3
(31): go to shelf 3
(32): go to drawer 9
(33): go to cabinet 9
(34): go to garbagecan 1
(35): put pan 1 in/on sink 1
(36): clean pan 1 with sink 1
(37): clean pan 1 with sinkbasin 1
(38): examine pan 1
(39): examine sink 1

**Output Examples:**
*Example 1*:
- Admissible Actions:(1): go to bed 1, (2): go to dresser 1, (3): go to drawer 1
- Response:[BEGIN](2): go to dresser 1[END]
*Example 2*:
- Admissible Actions:(1): go to garbagecan 1, (2): take handtowel 1 from handtowelholder 1, (3): take faucet 1 from handtowelholder 1, (4): take handtowel 2 from handtowelholder 1
- Response:[BEGIN](2): take handtowel 1 from handtowelholder 1[END]

**Response:**
- Choose an action from the admissible actions list directly contributing to the task objective based on the reflective thought and the visual context, are the form: [BEGIN](i): [Selected Action][END]

Original VLM Response:
- Response:[BEGIN](27): go to sinkbasin 1[END]

> Action: go to sinkbasin 1
Running time: 2.80412220954895 seconds

Current Attempts Reflect Prompt:
Current Attempt 1:
<image>
- Action Taken: cool pan 1 with fridge 1
- Resulting Observation: Nothing happens.
Current Attempt 2:
<image>
- Action Taken: go to sink 1
- Resulting Observation: You arrive at loc 19. On the sink 1, you see a spoon 1, a vase 1, a faucet 1, and a knife 1.
Current Attempt 3:
<image>
- Action Taken: go to sinkbasin 1
- Resulting Observation: You arrive at loc 27. On the sinkbasin 1, you see a spoon 1, a vase 1, a faucet 1, and a knife 1.
Interact with a household to solve a task. At begining, you are in the middle of a room. looking quickly around you, you see a cabinet 1, a countertop 1, a cabinet 2, a countertop 2, a drawer 1, a drawer 2, a drawer 3, a drawer 4, a stoveburner 1, a drawer 5, a stoveburner 2, a stoveburner 3, a stoveburner 4, a cabinet 3, a cabinet 4, a microwave 1, a cabinet 5, a cabinet 6, a cabinet 7, a sink 1, a fridge 1, a toaster 1, a coffeemachine 1, a cabinet 8, a drawer 6, a drawer 7, a drawer 8, a sinkbasin 1, a shelf 1, a shelf 2, a countertop 3, a shelf 3, a drawer 9, a cabinet 9, and a garbagecan 1. You have 3 sets of current tried attempts, and each attempt consists of an action, an image of the action after it happened, and a resulting observation.

**You also have the summary of previously tried attempts:** 
**Summary:**
In the first set of attempts, actions were taken involving fridge 1 and cabinet 1. However, these actions were found to be irrelevant to the task of putting a cool pan in the sinkbasin. The suggestion was made to locate "pan 1" on "countertop 1", pick it up, and place it in "sinkbasin 1", after ensuring it is cool.
In the second set of attempts, actions were taken to locate and pick up "pan 1" from "countertop 1" and to access "sinkbasin 1". These actions were successful and brought us closer to task completion. The suggestion was made to cool down "pan 1" if it is hot, either by waiting or by running cold water over it from "faucet 1", before placing it in "sinkbasin 1".
In the third set of attempts, actions were taken to place "pan 1" in "sinkbasin 1" and to cool "pan 1" with "fridge 1". These attempts were unsuccessful, indicating that the pan needs to be cooled down in a different way. The suggestion was made to cool "pan 1" by running it under cold water from the faucet at "sink 1", and then place it in "sinkbasin 1".
In conclusion, the actions involving "fridge 1" and "cabinet 1" were not relevant, while those involving "pan 1", "countertop 1", "sinkbasin 1", and "faucet 1" were crucial to the task. The future strategy should focus on the latter objects, particularly on cooling "pan 1" using "faucet 1" before placing it in "sinkbasin 1".

**For the task: 'put a cool pan in sinkbasin', you need to do**:
a. Analyze the impact of each current tried attempt including the image, resulting observation, and taken action on the task.
b. Combine the summary of previously tried attempts and the analysis of currently tried attempts to give a suggestion of the next step to complete the task.

**Response**: 
Let's think step-by-step.

Current Attempts Reflect:
a. Analysis of Current Attempts:
- Attempt 1: The action of cooling pan 1 with fridge 1 was not effective as nothing happened. The image shows the pan placed near the fridge, but it does not indicate that the pan was cooled. The observation confirms that the action did not yield any result.
- Attempt 2: The action of going to sink 1 was a step in the right direction as it brought us to the location where the task needs to be completed. The image shows the sink with various items on it, including the pan. The observation confirms the presence of the necessary objects to complete the task.
- Attempt 3: The action of going to sinkbasin 1 was redundant since it's the same location as sink 1, and the observation is the same as in attempt 2. This attempt did not add any new information or progress towards the task.
b. Suggestion for Next Step:
Based on the summary of previously tried attempts and the current attempts, the next step should be to cool pan 1 using faucet 1. Since the previous suggestion indicated that the pan might need to be cooled down, and the fridge method was unsuccessful, running cold water over the pan seems to be the logical next action. Once the pan is cooled, it can then be placed in sinkbasin 1 to complete the task. Therefore, the suggested action is: "turn on faucet 1 and run cold water over pan 1 to cool it down, then place the cool pan in sinkbasin 1."
Current Attempts Reflect Running time: 23.492721557617188 seconds

Step:--------------------------------------------------------------------------12--------------------------------------------------------------------------
VLM Prompt:
<image>
**Objective:** Achieve "put a cool pan in sinkbasin". There is a hint about the given task. The agent must find an object of the desired type, pick it up, go to a fridge, cool the object with the fridge, then find the correct location to place it, and put it down there. Remember that you must reach the fridge before cooling..

**Visual Context:** Given the image, closely examine all elements within to gather clues and insights relevant to the objective. Consider how the arrangement, interactions, and details of the scene relate to the task at hand.

**Reflective Thought:**
a. Analysis of Current Attempts:
- Attempt 1: The action of cooling pan 1 with fridge 1 was not effective as nothing happened. The image shows the pan placed near the fridge, but it does not indicate that the pan was cooled. The observation confirms that the action did not yield any result.
- Attempt 2: The action of going to sink 1 was a step in the right direction as it brought us to the location where the task needs to be completed. The image shows the sink with various items on it, including the pan. The observation confirms the presence of the necessary objects to complete the task.
- Attempt 3: The action of going to sinkbasin 1 was redundant since it's the same location as sink 1, and the observation is the same as in attempt 2. This attempt did not add any new information or progress towards the task.
b. Suggestion for Next Step:
Based on the summary of previously tried attempts and the current attempts, the next step should be to cool pan 1 using faucet 1. Since the previous suggestion indicated that the pan might need to be cooled down, and the fridge method was unsuccessful, running cold water over the pan seems to be the logical next action. Once the pan is cooled, it can then be placed in sinkbasin 1 to complete the task. Therefore, the suggested action is: "turn on faucet 1 and run cold water over pan 1 to cool it down, then place the cool pan in sinkbasin 1.". 

**Admissible Actions List:**
(1): go to cabinet 1
(2): go to countertop 1
(3): go to cabinet 2
(4): go to countertop 2
(5): go to drawer 1
(6): go to drawer 2
(7): go to drawer 3
(8): go to drawer 4
(9): go to stoveburner 1
(10): go to drawer 5
(11): go to stoveburner 2
(12): go to stoveburner 3
(13): go to stoveburner 4
(14): go to cabinet 3
(15): go to cabinet 4
(16): go to microwave 1
(17): go to cabinet 5
(18): go to cabinet 6
(19): go to cabinet 7
(20): go to sink 1
(21): go to fridge 1
(22): go to toaster 1
(23): go to coffeemachine 1
(24): go to cabinet 8
(25): go to drawer 6
(26): go to drawer 7
(27): go to drawer 8
(28): go to shelf 1
(29): go to shelf 2
(30): go to countertop 3
(31): go to shelf 3
(32): go to drawer 9
(33): go to cabinet 9
(34): go to garbagecan 1
(35): put pan 1 in/on sinkbasin 1
(36): clean pan 1 with sink 1
(37): clean pan 1 with sinkbasin 1
(38): examine pan 1
(39): examine sinkbasin 1

**Output Examples:**
*Example 1*:
- Admissible Actions:(1): go to bed 1, (2): go to dresser 1, (3): go to drawer 1
- Response:[BEGIN](2): go to dresser 1[END]
*Example 2*:
- Admissible Actions:(1): go to garbagecan 1, (2): take handtowel 1 from handtowelholder 1, (3): take faucet 1 from handtowelholder 1, (4): take handtowel 2 from handtowelholder 1
- Response:[BEGIN](2): take handtowel 1 from handtowelholder 1[END]

**Response:**
- Choose an action from the admissible actions list directly contributing to the task objective based on the reflective thought and the visual context, are the form: [BEGIN](i): [Selected Action][END]

Original VLM Response:
- Response: [BEGIN](35): put pan 1 in/on sinkbasin 1[END]

> Action: put pan 1 in/on sinkbasin 1
Running time: 2.7921390533447266 seconds

SUCCEED
