---------------------------------------------------------Scene: 85---------------------------------------------------------
--------------------------------------------------------------------------------------------------------------------------------------------------------------------
--------------------------------------------------------------------------------------------------------------------------------------------------------------------
Step:--------------------------------------------------------------------------1--------------------------------------------------------------------------
VLM Prompt:
<image>
**Objective:** Achieve "find two candle and put them in cabinet". There is a hint about the given task. The agent must find an object of the desired type, pick it up, find the correct location to place it, put it down there, then look for another object of the desired type, pick it up, return to previous location, and put it down there with the other object. Remember that you must reach your destination before picking and puting..

**Visual Context:** Given the image, closely examine all elements within to gather clues and insights relevant to the objective. Consider how the arrangement, interactions, and details of the scene relate to the task at hand.

**Reflective Thought:**
Nothing. 

**Admissible Actions List:**
(1): go to bathtub 1
(2): go to bathtubbasin 1
(3): go to sink 1
(4): go to countertop 1
(5): go to sink 2
(6): go to cabinet 1
(7): go to cabinet 2
(8): go to sinkbasin 1
(9): go to sinkbasin 2
(10): go to cabinet 3
(11): go to cabinet 4
(12): go to garbagecan 1
(13): go to handtowelholder 1
(14): go to handtowelholder 2
(15): go to toiletpaperhanger 1
(16): go to toilet 1
(17): go to towelholder 1

**Output Examples:**
*Example 1*:
- Admissible Actions:(1): go to bed 1, (2): go to dresser 1, (3): go to drawer 1
- Response:[BEGIN](2): go to dresser 1[END]
*Example 2*:
- Admissible Actions:(1): go to garbagecan 1, (2): take handtowel 1 from handtowelholder 1, (3): take faucet 1 from handtowelholder 1, (4): take handtowel 2 from handtowelholder 1
- Response:[BEGIN](2): take handtowel 1 from handtowelholder 1[END]

**Response:**
- Choose an action from the admissible actions list directly contributing to the task objective based on the reflective thought and the visual context, are the form: [BEGIN](i): [Selected Action][END]

Original VLM Response:
[END]


Original VLM Response:
[BEGIN](6): go to cabinet 1[END]

> Action: go to cabinet 1
Running time: 6.497025966644287 seconds

Current Attempts Reflect Prompt:
Current Attempt 1:
<image>
- Action Taken: go to cabinet 1
- Resulting Observation: You arrive at loc 5. The cabinet 1 is closed. 
Interact with a household to solve a task. At begining, you are in the middle of a room. looking quickly around you, you see a bathtub 1, a bathtubbasin 1, a sink 1, a countertop 1, a sink 2, a cabinet 1, a cabinet 2, a sinkbasin 1, a sinkbasin 2, a cabinet 3, a cabinet 4, a garbagecan 1, a handtowelholder 1, a handtowelholder 2, a toiletpaperhanger 1, a toilet 1, and a towelholder 1. You have 1 sets of current tried attempts, and each attempt consists of an action, an image of the action after it happened, and a resulting observation.

**You also have the summary of previously tried attempts:** 
No the summary of previously tried attempts.

**For the task: 'find two candle and put them in cabinet', you need to do**:
a. Analyze the impact of each current tried attempt including the image, resulting observation, and taken action on the task.
b. Combine the summary of previously tried attempts and the analysis of currently tried attempts to give a suggestion of the next step to complete the task.

**Response**: 
Let's think step-by-step.

Current Attempts Reflect:
a. The current attempt involved going to cabinet 1, which is closed. This action is necessary because in order to put the candles in the cabinet, we first need to open it. The image shows the location of cabinet 1 and its proximity to other objects in the room, which could be useful for spatial orientation.
b. Since there is no summary of previously tried attempts, we only have the current attempt to analyze. The next step to complete the task would be to open cabinet 1. Once the cabinet is open, we should look for the two candles mentioned in the task. If the candles are not immediately visible in the current location, we may need to explore other areas of the room or interact with other objects to find them. Once found, we can then proceed to place them inside cabinet 1.
Current Attempts Reflect Running time: 6.801519870758057 seconds

Step:--------------------------------------------------------------------------2--------------------------------------------------------------------------
VLM Prompt:
<image>
**Objective:** Achieve "find two candle and put them in cabinet". There is a hint about the given task. The agent must find an object of the desired type, pick it up, find the correct location to place it, put it down there, then look for another object of the desired type, pick it up, return to previous location, and put it down there with the other object. Remember that you must reach your destination before picking and puting..

**Visual Context:** Given the image, closely examine all elements within to gather clues and insights relevant to the objective. Consider how the arrangement, interactions, and details of the scene relate to the task at hand.

**Reflective Thought:**
a. The current attempt involved going to cabinet 1, which is closed. This action is necessary because in order to put the candles in the cabinet, we first need to open it. The image shows the location of cabinet 1 and its proximity to other objects in the room, which could be useful for spatial orientation.
b. Since there is no summary of previously tried attempts, we only have the current attempt to analyze. The next step to complete the task would be to open cabinet 1. Once the cabinet is open, we should look for the two candles mentioned in the task. If the candles are not immediately visible in the current location, we may need to explore other areas of the room or interact with other objects to find them. Once found, we can then proceed to place them inside cabinet 1.. 

**Admissible Actions List:**
(1): go to bathtub 1
(2): go to bathtubbasin 1
(3): go to sink 1
(4): go to countertop 1
(5): go to sink 2
(6): go to cabinet 2
(7): go to sinkbasin 1
(8): go to sinkbasin 2
(9): go to cabinet 3
(10): go to cabinet 4
(11): go to garbagecan 1
(12): go to handtowelholder 1
(13): go to handtowelholder 2
(14): go to toiletpaperhanger 1
(15): go to toilet 1
(16): go to towelholder 1
(17): open cabinet 1
(18): close cabinet 1
(19): examine cabinet 1

**Output Examples:**
*Example 1*:
- Admissible Actions:(1): go to bed 1, (2): go to dresser 1, (3): go to drawer 1
- Response:[BEGIN](2): go to dresser 1[END]
*Example 2*:
- Admissible Actions:(1): go to garbagecan 1, (2): take handtowel 1 from handtowelholder 1, (3): take faucet 1 from handtowelholder 1, (4): take handtowel 2 from handtowelholder 1
- Response:[BEGIN](2): take handtowel 1 from handtowelholder 1[END]

**Response:**
- Choose an action from the admissible actions list directly contributing to the task objective based on the reflective thought and the visual context, are the form: [BEGIN](i): [Selected Action][END]

Original VLM Response:
[BEGIN](17): open cabinet 1[END]

> Action: open cabinet 1
Running time: 3.6009485721588135 seconds

Current Attempts Reflect Prompt:
Current Attempt 1:
<image>
- Action Taken: go to cabinet 1
- Resulting Observation: You arrive at loc 5. The cabinet 1 is closed. 
Current Attempt 2:
<image>
- Action Taken: open cabinet 1
- Resulting Observation: Nothing happens.
Interact with a household to solve a task. At begining, you are in the middle of a room. looking quickly around you, you see a bathtub 1, a bathtubbasin 1, a sink 1, a countertop 1, a sink 2, a cabinet 1, a cabinet 2, a sinkbasin 1, a sinkbasin 2, a cabinet 3, a cabinet 4, a garbagecan 1, a handtowelholder 1, a handtowelholder 2, a toiletpaperhanger 1, a toilet 1, and a towelholder 1. You have 2 sets of current tried attempts, and each attempt consists of an action, an image of the action after it happened, and a resulting observation.

**You also have the summary of previously tried attempts:** 
No the summary of previously tried attempts.

**For the task: 'find two candle and put them in cabinet', you need to do**:
a. Analyze the impact of each current tried attempt including the image, resulting observation, and taken action on the task.
b. Combine the summary of previously tried attempts and the analysis of currently tried attempts to give a suggestion of the next step to complete the task.

**Response**: 
Let's think step-by-step.

Current Attempts Reflect:
a. Analysis of Current Attempts:
- In the first attempt, the action taken was to go to cabinet 1, which resulted in the observation that cabinet 1 is closed. This action is a good start since we need to interact with cabinets to complete the task. However, the action did not directly contribute to finding the candles or putting them in the cabinet.
- In the second attempt, the action taken was to open cabinet 1, but the observation states that "nothing happens." This could mean that the cabinet is either stuck, locked, or the command was not recognized properly by the system.
b. Suggestion for Next Step:
- Since there is no summary of previously tried attempts, we only have the current attempts to work with.
- Based on the current attempts, it seems that interacting with cabinet 1 is not yielding results. It may be beneficial to try and locate the candles first before attempting to open or interact with the cabinets again.
- The next step should be to look around the room to find the two candles. Once the candles are located, we can then attempt to open a different cabinet (perhaps cabinet 2, 3, or 4) to see if it is possible to place the candles inside.
Current Attempts Reflect Running time: 12.388121366500854 seconds

Step:--------------------------------------------------------------------------3--------------------------------------------------------------------------
VLM Prompt:
<image>
**Objective:** Achieve "find two candle and put them in cabinet". There is a hint about the given task. The agent must find an object of the desired type, pick it up, find the correct location to place it, put it down there, then look for another object of the desired type, pick it up, return to previous location, and put it down there with the other object. Remember that you must reach your destination before picking and puting..

**Visual Context:** Given the image, closely examine all elements within to gather clues and insights relevant to the objective. Consider how the arrangement, interactions, and details of the scene relate to the task at hand.

**Reflective Thought:**
a. Analysis of Current Attempts:
- In the first attempt, the action taken was to go to cabinet 1, which resulted in the observation that cabinet 1 is closed. This action is a good start since we need to interact with cabinets to complete the task. However, the action did not directly contribute to finding the candles or putting them in the cabinet.
- In the second attempt, the action taken was to open cabinet 1, but the observation states that "nothing happens." This could mean that the cabinet is either stuck, locked, or the command was not recognized properly by the system.
b. Suggestion for Next Step:
- Since there is no summary of previously tried attempts, we only have the current attempts to work with.
- Based on the current attempts, it seems that interacting with cabinet 1 is not yielding results. It may be beneficial to try and locate the candles first before attempting to open or interact with the cabinets again.
- The next step should be to look around the room to find the two candles. Once the candles are located, we can then attempt to open a different cabinet (perhaps cabinet 2, 3, or 4) to see if it is possible to place the candles inside.. 

**Admissible Actions List:**
(1): go to bathtub 1
(2): go to bathtubbasin 1
(3): go to sink 1
(4): go to countertop 1
(5): go to sink 2
(6): go to cabinet 2
(7): go to sinkbasin 1
(8): go to sinkbasin 2
(9): go to cabinet 3
(10): go to cabinet 4
(11): go to garbagecan 1
(12): go to handtowelholder 1
(13): go to handtowelholder 2
(14): go to toiletpaperhanger 1
(15): go to toilet 1
(16): go to towelholder 1
(17): open cabinet 1
(18): close cabinet 1
(19): take faucet 1 from cabinet 1
(20): take faucet 2 from cabinet 1
(21): take spraybottle 1 from cabinet 1
(22): take candle 1 from cabinet 1
(23): examine cabinet 1

**Output Examples:**
*Example 1*:
- Admissible Actions:(1): go to bed 1, (2): go to dresser 1, (3): go to drawer 1
- Response:[BEGIN](2): go to dresser 1[END]
*Example 2*:
- Admissible Actions:(1): go to garbagecan 1, (2): take handtowel 1 from handtowelholder 1, (3): take faucet 1 from handtowelholder 1, (4): take handtowel 2 from handtowelholder 1
- Response:[BEGIN](2): take handtowel 1 from handtowelholder 1[END]

**Response:**
- Choose an action from the admissible actions list directly contributing to the task objective based on the reflective thought and the visual context, are the form: [BEGIN](i): [Selected Action][END]

Original VLM Response:
[BEGIN](22): take candle 1 from cabinet 1[END]

> Action: take candle 1 from cabinet 1
Running time: 2.4833037853240967 seconds

Current Attempts Reflect Prompt:
Current Attempt 1:
<image>
- Action Taken: go to cabinet 1
- Resulting Observation: You arrive at loc 5. The cabinet 1 is closed. 
Current Attempt 2:
<image>
- Action Taken: open cabinet 1
- Resulting Observation: Nothing happens.
Current Attempt 3:
<image>
- Action Taken: take candle 1 from cabinet 1
- Resulting Observation: You pick up the candle 1 from the cabinet 1.
Interact with a household to solve a task. At begining, you are in the middle of a room. looking quickly around you, you see a bathtub 1, a bathtubbasin 1, a sink 1, a countertop 1, a sink 2, a cabinet 1, a cabinet 2, a sinkbasin 1, a sinkbasin 2, a cabinet 3, a cabinet 4, a garbagecan 1, a handtowelholder 1, a handtowelholder 2, a toiletpaperhanger 1, a toilet 1, and a towelholder 1. You have 3 sets of current tried attempts, and each attempt consists of an action, an image of the action after it happened, and a resulting observation.

**You also have the summary of previously tried attempts:** 
No the summary of previously tried attempts.

**For the task: 'find two candle and put them in cabinet', you need to do**:
a. Analyze the impact of each current tried attempt including the image, resulting observation, and taken action on the task.
b. Combine the summary of previously tried attempts and the analysis of currently tried attempts to give a suggestion of the next step to complete the task.

**Response**: 
Let's think step-by-step.

Current Attempts Reflect:
a. Analysis of current attempts:
- Attempt 1: The action taken was "go to cabinet 1," and the resulting observation was that the cabinet 1 is closed. This action is useful as it brings us closer to one of the cabinets where we might find or place the candles.
- Attempt 2: The action taken was "open cabinet 1," but the resulting observation was that nothing happens. This could mean that the cabinet is either locked or stuck, or that the command was not recognized properly by the system.
- Attempt 3: The action taken was "take candle 1 from cabinet 1," and the resulting observation was successful as the candle 1 was picked up from the cabinet 1. This action is directly contributing to the task as we now have one of the two candles required.
b. Suggestion for the next step:
Based on the current attempts, we have successfully located and retrieved one candle. The next logical step would be to locate the second candle. Since we have interacted with cabinet 1, we should try looking in the other cabinets, such as cabinet 2, cabinet 3, or cabinet 4. Once the second candle is found, we should then place both candles into one of the cabinets to complete the task. A suggested action could be "look in cabinet 2" or "open cabinet 2" to continue the search for the second candle.
Current Attempts Reflect Running time: 10.993887424468994 seconds


**Earlier Memory Attempt Prompt:**
Earlier Attempts 1:
a. Analysis of current attempts:
- Attempt 1: The action taken was "go to cabinet 1," and the resulting observation was that the cabinet 1 is closed. This action is useful as it brings us closer to one of the cabinets where we might find or place the candles.
- Attempt 2: The action taken was "open cabinet 1," but the resulting observation was that nothing happens. This could mean that the cabinet is either locked or stuck, or that the command was not recognized properly by the system.
- Attempt 3: The action taken was "take candle 1 from cabinet 1," and the resulting observation was successful as the candle 1 was picked up from the cabinet 1. This action is directly contributing to the task as we now have one of the two candles required.
b. Suggestion for the next step:
Based on the current attempts, we have successfully located and retrieved one candle. The next logical step would be to locate the second candle. Since we have interacted with cabinet 1, we should try looking in the other cabinets, such as cabinet 2, cabinet 3, or cabinet 4. Once the second candle is found, we should then place both candles into one of the cabinets to complete the task. A suggested action could be "look in cabinet 2" or "open cabinet 2" to continue the search for the second candle.



Earlier Memory Attempt:
In the first set of attempts, three actions were taken involving Cabinet 1 and Candle 1. Firstly, an approach to Cabinet 1 was made, revealing it was closed. The second action was an attempt to open Cabinet 1, which was unsuccessful. Despite this, the third action, retrieving Candle 1 from Cabinet 1, was successful. This series of actions led to the acquisition of one of the required candles. The next strategy is suggested to involve searching other cabinets, such as Cabinet 2, 3, or 4, for the second candle. Once found, the task can be completed by placing both candles into one of the cabinets.
Earlier Memory Attempt Running time: 14.663333654403687 seconds

Step:--------------------------------------------------------------------------4--------------------------------------------------------------------------
VLM Prompt:
<image>
**Objective:** Achieve "find two candle and put them in cabinet". There is a hint about the given task. The agent must find an object of the desired type, pick it up, find the correct location to place it, put it down there, then look for another object of the desired type, pick it up, return to previous location, and put it down there with the other object. Remember that you must reach your destination before picking and puting..

**Visual Context:** Given the image, closely examine all elements within to gather clues and insights relevant to the objective. Consider how the arrangement, interactions, and details of the scene relate to the task at hand.

**Reflective Thought:**
a. Analysis of current attempts:
- Attempt 1: The action taken was "go to cabinet 1," and the resulting observation was that the cabinet 1 is closed. This action is useful as it brings us closer to one of the cabinets where we might find or place the candles.
- Attempt 2: The action taken was "open cabinet 1," but the resulting observation was that nothing happens. This could mean that the cabinet is either locked or stuck, or that the command was not recognized properly by the system.
- Attempt 3: The action taken was "take candle 1 from cabinet 1," and the resulting observation was successful as the candle 1 was picked up from the cabinet 1. This action is directly contributing to the task as we now have one of the two candles required.
b. Suggestion for the next step:
Based on the current attempts, we have successfully located and retrieved one candle. The next logical step would be to locate the second candle. Since we have interacted with cabinet 1, we should try looking in the other cabinets, such as cabinet 2, cabinet 3, or cabinet 4. Once the second candle is found, we should then place both candles into one of the cabinets to complete the task. A suggested action could be "look in cabinet 2" or "open cabinet 2" to continue the search for the second candle.. 

**Admissible Actions List:**
(1): go to bathtub 1
(2): go to bathtubbasin 1
(3): go to sink 1
(4): go to countertop 1
(5): go to sink 2
(6): go to cabinet 2
(7): go to sinkbasin 1
(8): go to sinkbasin 2
(9): go to cabinet 3
(10): go to cabinet 4
(11): go to garbagecan 1
(12): go to handtowelholder 1
(13): go to handtowelholder 2
(14): go to toiletpaperhanger 1
(15): go to toilet 1
(16): go to towelholder 1
(17): open cabinet 1
(18): close cabinet 1
(19): put candle 1 in/on cabinet 1
(20): examine candle 1
(21): examine cabinet 1

**Output Examples:**
*Example 1*:
- Admissible Actions:(1): go to bed 1, (2): go to dresser 1, (3): go to drawer 1
- Response:[BEGIN](2): go to dresser 1[END]
*Example 2*:
- Admissible Actions:(1): go to garbagecan 1, (2): take handtowel 1 from handtowelholder 1, (3): take faucet 1 from handtowelholder 1, (4): take handtowel 2 from handtowelholder 1
- Response:[BEGIN](2): take handtowel 1 from handtowelholder 1[END]

**Response:**
- Choose an action from the admissible actions list directly contributing to the task objective based on the reflective thought and the visual context, are the form: [BEGIN](i): [Selected Action][END]

Original VLM Response:
[BEGIN](6): go to cabinet 2[END]

> Action: go to cabinet 2
Running time: 3.5940372943878174 seconds

Current Attempts Reflect Prompt:
Current Attempt 1:
<image>
- Action Taken: open cabinet 1
- Resulting Observation: Nothing happens.
Current Attempt 2:
<image>
- Action Taken: take candle 1 from cabinet 1
- Resulting Observation: You pick up the candle 1 from the cabinet 1.
Current Attempt 3:
<image>
- Action Taken: go to cabinet 2
- Resulting Observation: You arrive at loc 6. The cabinet 2 is closed. 
Interact with a household to solve a task. At begining, you are in the middle of a room. looking quickly around you, you see a bathtub 1, a bathtubbasin 1, a sink 1, a countertop 1, a sink 2, a cabinet 1, a cabinet 2, a sinkbasin 1, a sinkbasin 2, a cabinet 3, a cabinet 4, a garbagecan 1, a handtowelholder 1, a handtowelholder 2, a toiletpaperhanger 1, a toilet 1, and a towelholder 1. You have 3 sets of current tried attempts, and each attempt consists of an action, an image of the action after it happened, and a resulting observation.

**You also have the summary of previously tried attempts:** 
In the first set of attempts, three actions were taken involving Cabinet 1 and Candle 1. Firstly, an approach to Cabinet 1 was made, revealing it was closed. The second action was an attempt to open Cabinet 1, which was unsuccessful. Despite this, the third action, retrieving Candle 1 from Cabinet 1, was successful. This series of actions led to the acquisition of one of the required candles. The next strategy is suggested to involve searching other cabinets, such as Cabinet 2, 3, or 4, for the second candle. Once found, the task can be completed by placing both candles into one of the cabinets.

**For the task: 'find two candle and put them in cabinet', you need to do**:
a. Analyze the impact of each current tried attempt including the image, resulting observation, and taken action on the task.
b. Combine the summary of previously tried attempts and the analysis of currently tried attempts to give a suggestion of the next step to complete the task.

**Response**: 
Let's think step-by-step.

Current Attempts Reflect:
a. Analysis of Current Tried Attempts:
- In the first attempt, the action taken was to open Cabinet 1, but nothing happened, indicating that either the cabinet is already open, or it cannot be opened through the current action.
- In the second attempt, the action was to take Candle 1 from Cabinet 1, which was successful. This means that Cabinet 1 was indeed open, and we now have one candle in our possession.
- In the third attempt, the action was to go to Cabinet 2, which resulted in arriving at the location of Cabinet 2 and observing that it is closed.
b. Suggestion for Next Step:
Based on the summary of previously tried attempts and the analysis of the current attempts, the next step should be to attempt to open Cabinet 2. If successful, search inside for the second candle. If Cabinet 2 does not contain the second candle, proceed to Cabinets 3 and 4 with the same approach. Once the second candle is found, place both candles into one of the cabinets to complete the task.
Current Attempts Reflect Running time: 11.149410724639893 seconds

Step:--------------------------------------------------------------------------5--------------------------------------------------------------------------
VLM Prompt:
<image>
**Objective:** Achieve "find two candle and put them in cabinet". There is a hint about the given task. The agent must find an object of the desired type, pick it up, find the correct location to place it, put it down there, then look for another object of the desired type, pick it up, return to previous location, and put it down there with the other object. Remember that you must reach your destination before picking and puting..

**Visual Context:** Given the image, closely examine all elements within to gather clues and insights relevant to the objective. Consider how the arrangement, interactions, and details of the scene relate to the task at hand.

**Reflective Thought:**
a. Analysis of Current Tried Attempts:
- In the first attempt, the action taken was to open Cabinet 1, but nothing happened, indicating that either the cabinet is already open, or it cannot be opened through the current action.
- In the second attempt, the action was to take Candle 1 from Cabinet 1, which was successful. This means that Cabinet 1 was indeed open, and we now have one candle in our possession.
- In the third attempt, the action was to go to Cabinet 2, which resulted in arriving at the location of Cabinet 2 and observing that it is closed.
b. Suggestion for Next Step:
Based on the summary of previously tried attempts and the analysis of the current attempts, the next step should be to attempt to open Cabinet 2. If successful, search inside for the second candle. If Cabinet 2 does not contain the second candle, proceed to Cabinets 3 and 4 with the same approach. Once the second candle is found, place both candles into one of the cabinets to complete the task.. 

**Admissible Actions List:**
(1): go to bathtub 1
(2): go to bathtubbasin 1
(3): go to sink 1
(4): go to countertop 1
(5): go to sink 2
(6): go to cabinet 1
(7): go to sinkbasin 1
(8): go to sinkbasin 2
(9): go to cabinet 3
(10): go to cabinet 4
(11): go to garbagecan 1
(12): go to handtowelholder 1
(13): go to handtowelholder 2
(14): go to toiletpaperhanger 1
(15): go to toilet 1
(16): go to towelholder 1
(17): open cabinet 2
(18): close cabinet 2
(19): put candle 1 in/on cabinet 2
(20): examine candle 1
(21): examine cabinet 2

**Output Examples:**
*Example 1*:
- Admissible Actions:(1): go to bed 1, (2): go to dresser 1, (3): go to drawer 1
- Response:[BEGIN](2): go to dresser 1[END]
*Example 2*:
- Admissible Actions:(1): go to garbagecan 1, (2): take handtowel 1 from handtowelholder 1, (3): take faucet 1 from handtowelholder 1, (4): take handtowel 2 from handtowelholder 1
- Response:[BEGIN](2): take handtowel 1 from handtowelholder 1[END]

**Response:**
- Choose an action from the admissible actions list directly contributing to the task objective based on the reflective thought and the visual context, are the form: [BEGIN](i): [Selected Action][END]

Original VLM Response:
[BEGIN](17): open cabinet 2[END]

> Action: open cabinet 2
Running time: 2.1418027877807617 seconds

Current Attempts Reflect Prompt:
Current Attempt 1:
<image>
- Action Taken: take candle 1 from cabinet 1
- Resulting Observation: You pick up the candle 1 from the cabinet 1.
Current Attempt 2:
<image>
- Action Taken: go to cabinet 2
- Resulting Observation: You arrive at loc 6. The cabinet 2 is closed. 
Current Attempt 3:
<image>
- Action Taken: open cabinet 2
- Resulting Observation: You open the cabinet 2. The cabinet 2 is open. In it, you see a faucet 1, a spraybottle 1, a candle 2, and a candle 3.
Interact with a household to solve a task. At begining, you are in the middle of a room. looking quickly around you, you see a bathtub 1, a bathtubbasin 1, a sink 1, a countertop 1, a sink 2, a cabinet 1, a cabinet 2, a sinkbasin 1, a sinkbasin 2, a cabinet 3, a cabinet 4, a garbagecan 1, a handtowelholder 1, a handtowelholder 2, a toiletpaperhanger 1, a toilet 1, and a towelholder 1. You have 3 sets of current tried attempts, and each attempt consists of an action, an image of the action after it happened, and a resulting observation.

**You also have the summary of previously tried attempts:** 
In the first set of attempts, three actions were taken involving Cabinet 1 and Candle 1. Firstly, an approach to Cabinet 1 was made, revealing it was closed. The second action was an attempt to open Cabinet 1, which was unsuccessful. Despite this, the third action, retrieving Candle 1 from Cabinet 1, was successful. This series of actions led to the acquisition of one of the required candles. The next strategy is suggested to involve searching other cabinets, such as Cabinet 2, 3, or 4, for the second candle. Once found, the task can be completed by placing both candles into one of the cabinets.

**For the task: 'find two candle and put them in cabinet', you need to do**:
a. Analyze the impact of each current tried attempt including the image, resulting observation, and taken action on the task.
b. Combine the summary of previously tried attempts and the analysis of currently tried attempts to give a suggestion of the next step to complete the task.

**Response**: 
Let's think step-by-step.

Current Attempts Reflect:
a. Analysis of Current Attempts:
- Attempt 1: The action taken was to retrieve Candle 1 from Cabinet 1. The resulting observation confirms that Candle 1 has been successfully acquired. The image shows Candle 1 now on the countertop, indicating progress towards the task.
- Attempt 2: The action taken was to go to Cabinet 2. The resulting observation indicates that Cabinet 2 is closed. The image shows the player's new position in front of Cabinet 2, ready for further interaction.
- Attempt 3: The action taken was to open Cabinet 2. The resulting observation reveals that inside Cabinet 2, there are a faucet, a spray bottle, Candle 2, and Candle 3. The image shows Cabinet 2 open with the mentioned items visible, providing an opportunity to acquire the second required candle.
b. Suggestion for Next Step:
Combining the summary of previously tried attempts with the current analysis, the next step to complete the task would be to take Candle 2 from Cabinet 2, as it is one of the required candles for the task. Once Candle 2 is acquired, the task would be nearing completion as both required candles would be in possession. The final step would then be to place both Candle 1 and Candle 2 into one of the cabinets, which could be Cabinet 1, 2, 3, or 4, depending on which is most accessible or appropriate for the task completion.
Current Attempts Reflect Running time: 12.51221752166748 seconds

Step:--------------------------------------------------------------------------6--------------------------------------------------------------------------
VLM Prompt:
<image>
**Objective:** Achieve "find two candle and put them in cabinet". There is a hint about the given task. The agent must find an object of the desired type, pick it up, find the correct location to place it, put it down there, then look for another object of the desired type, pick it up, return to previous location, and put it down there with the other object. Remember that you must reach your destination before picking and puting..

**Visual Context:** Given the image, closely examine all elements within to gather clues and insights relevant to the objective. Consider how the arrangement, interactions, and details of the scene relate to the task at hand.

**Reflective Thought:**
a. Analysis of Current Attempts:
- Attempt 1: The action taken was to retrieve Candle 1 from Cabinet 1. The resulting observation confirms that Candle 1 has been successfully acquired. The image shows Candle 1 now on the countertop, indicating progress towards the task.
- Attempt 2: The action taken was to go to Cabinet 2. The resulting observation indicates that Cabinet 2 is closed. The image shows the player's new position in front of Cabinet 2, ready for further interaction.
- Attempt 3: The action taken was to open Cabinet 2. The resulting observation reveals that inside Cabinet 2, there are a faucet, a spray bottle, Candle 2, and Candle 3. The image shows Cabinet 2 open with the mentioned items visible, providing an opportunity to acquire the second required candle.
b. Suggestion for Next Step:
Combining the summary of previously tried attempts with the current analysis, the next step to complete the task would be to take Candle 2 from Cabinet 2, as it is one of the required candles for the task. Once Candle 2 is acquired, the task would be nearing completion as both required candles would be in possession. The final step would then be to place both Candle 1 and Candle 2 into one of the cabinets, which could be Cabinet 1, 2, 3, or 4, depending on which is most accessible or appropriate for the task completion.. 

**Admissible Actions List:**
(1): go to bathtub 1
(2): go to bathtubbasin 1
(3): go to sink 1
(4): go to countertop 1
(5): go to sink 2
(6): go to cabinet 1
(7): go to sinkbasin 1
(8): go to sinkbasin 2
(9): go to cabinet 3
(10): go to cabinet 4
(11): go to garbagecan 1
(12): go to handtowelholder 1
(13): go to handtowelholder 2
(14): go to toiletpaperhanger 1
(15): go to toilet 1
(16): go to towelholder 1
(17): open cabinet 2
(18): close cabinet 2
(19): put candle 1 in/on cabinet 2
(20): examine candle 1
(21): examine cabinet 2

**Output Examples:**
*Example 1*:
- Admissible Actions:(1): go to bed 1, (2): go to dresser 1, (3): go to drawer 1
- Response:[BEGIN](2): go to dresser 1[END]
*Example 2*:
- Admissible Actions:(1): go to garbagecan 1, (2): take handtowel 1 from handtowelholder 1, (3): take faucet 1 from handtowelholder 1, (4): take handtowel 2 from handtowelholder 1
- Response:[BEGIN](2): take handtowel 1 from handtowelholder 1[END]

**Response:**
- Choose an action from the admissible actions list directly contributing to the task objective based on the reflective thought and the visual context, are the form: [BEGIN](i): [Selected Action][END]

Original VLM Response:
[BEGIN](19): put candle 1 in/on cabinet 2[END]

> Action: put candle 1 in/on cabinet 2
Running time: 2.7506701946258545 seconds

Current Attempts Reflect Prompt:
Current Attempt 1:
<image>
- Action Taken: go to cabinet 2
- Resulting Observation: You arrive at loc 6. The cabinet 2 is closed. 
Current Attempt 2:
<image>
- Action Taken: open cabinet 2
- Resulting Observation: You open the cabinet 2. The cabinet 2 is open. In it, you see a faucet 1, a spraybottle 1, a candle 2, and a candle 3.
Current Attempt 3:
<image>
- Action Taken: put candle 1 in/on cabinet 2
- Resulting Observation: You put the candle 1 in/on the cabinet 2.
Interact with a household to solve a task. At begining, you are in the middle of a room. looking quickly around you, you see a bathtub 1, a bathtubbasin 1, a sink 1, a countertop 1, a sink 2, a cabinet 1, a cabinet 2, a sinkbasin 1, a sinkbasin 2, a cabinet 3, a cabinet 4, a garbagecan 1, a handtowelholder 1, a handtowelholder 2, a toiletpaperhanger 1, a toilet 1, and a towelholder 1. You have 3 sets of current tried attempts, and each attempt consists of an action, an image of the action after it happened, and a resulting observation.

**You also have the summary of previously tried attempts:** 
In the first set of attempts, three actions were taken involving Cabinet 1 and Candle 1. Firstly, an approach to Cabinet 1 was made, revealing it was closed. The second action was an attempt to open Cabinet 1, which was unsuccessful. Despite this, the third action, retrieving Candle 1 from Cabinet 1, was successful. This series of actions led to the acquisition of one of the required candles. The next strategy is suggested to involve searching other cabinets, such as Cabinet 2, 3, or 4, for the second candle. Once found, the task can be completed by placing both candles into one of the cabinets.

**For the task: 'find two candle and put them in cabinet', you need to do**:
a. Analyze the impact of each current tried attempt including the image, resulting observation, and taken action on the task.
b. Combine the summary of previously tried attempts and the analysis of currently tried attempts to give a suggestion of the next step to complete the task.

**Response**: 
Let's think step-by-step.

Current Attempts Reflect:
a. Analysis of current attempts:
- Attempt 1: The action taken was to go to Cabinet 2, which resulted in the observation that Cabinet 2 is closed. This action brings us closer to finding the second candle.
- Attempt 2: The action of opening Cabinet 2 revealed that inside there is a faucet, a spray bottle, and two candles (Candle 2 and Candle 3). This is a crucial discovery for the task as it provides us with the second candle needed.
- Attempt 3: The action of placing Candle 1 into Cabinet 2 was successful. Now, one of the two required candles is in the target cabinet.
b. Suggestion for the next step:
Based on the summary of previous attempts and the current attempts analysis, the next step should be to take Candle 2 or Candle 3 from Cabinet 2 and place it in Cabinet 2 alongside Candle 1. This will complete the task of finding two candles and putting them in a cabinet.
Current Attempts Reflect Running time: 10.15627908706665 seconds


**Earlier Memory Attempt Prompt:**
Earlier Attempts 1:
a. Analysis of current attempts:
- Attempt 1: The action taken was "go to cabinet 1," and the resulting observation was that the cabinet 1 is closed. This action is useful as it brings us closer to one of the cabinets where we might find or place the candles.
- Attempt 2: The action taken was "open cabinet 1," but the resulting observation was that nothing happens. This could mean that the cabinet is either locked or stuck, or that the command was not recognized properly by the system.
- Attempt 3: The action taken was "take candle 1 from cabinet 1," and the resulting observation was successful as the candle 1 was picked up from the cabinet 1. This action is directly contributing to the task as we now have one of the two candles required.
b. Suggestion for the next step:
Based on the current attempts, we have successfully located and retrieved one candle. The next logical step would be to locate the second candle. Since we have interacted with cabinet 1, we should try looking in the other cabinets, such as cabinet 2, cabinet 3, or cabinet 4. Once the second candle is found, we should then place both candles into one of the cabinets to complete the task. A suggested action could be "look in cabinet 2" or "open cabinet 2" to continue the search for the second candle.

Earlier Attempts 2:
a. Analysis of current attempts:
- Attempt 1: The action taken was to go to Cabinet 2, which resulted in the observation that Cabinet 2 is closed. This action brings us closer to finding the second candle.
- Attempt 2: The action of opening Cabinet 2 revealed that inside there is a faucet, a spray bottle, and two candles (Candle 2 and Candle 3). This is a crucial discovery for the task as it provides us with the second candle needed.
- Attempt 3: The action of placing Candle 1 into Cabinet 2 was successful. Now, one of the two required candles is in the target cabinet.
b. Suggestion for the next step:
Based on the summary of previous attempts and the current attempts analysis, the next step should be to take Candle 2 or Candle 3 from Cabinet 2 and place it in Cabinet 2 alongside Candle 1. This will complete the task of finding two candles and putting them in a cabinet.



Earlier Memory Attempt:
In the first set of attempts, actions were focused on Cabinet 1. The initial action of going to Cabinet 1 confirmed it was closed. However, the attempt to open it was unsuccessful, suggesting it may be locked, stuck or the system did not recognize the command. Despite this, the action of taking Candle 1 from Cabinet 1 was successful, securing the first required candle. The next suggested action was to search other cabinets, like Cabinet 2, for the second candle.
In the second set of attempts, actions shifted to Cabinet 2. The action of going to Cabinet 2 confirmed it was closed. Upon opening it, two additional candles (Candle 2 and Candle 3) were found, along with a faucet and a spray bottle. The action of placing Candle 1 into Cabinet 2 was successful, marking the first step towards the task's completion.
The combined effect of these actions has led to the successful retrieval of one candle and the discovery of two more. The next step suggested is to take either Candle 2 or Candle 3 from Cabinet 2 and place it alongside Candle 1 in Cabinet 2, thus completing the task.
Earlier Memory Attempt Running time: 34.86232399940491 seconds

Step:--------------------------------------------------------------------------7--------------------------------------------------------------------------
VLM Prompt:
<image>
**Objective:** Achieve "find two candle and put them in cabinet". There is a hint about the given task. The agent must find an object of the desired type, pick it up, find the correct location to place it, put it down there, then look for another object of the desired type, pick it up, return to previous location, and put it down there with the other object. Remember that you must reach your destination before picking and puting..

**Visual Context:** Given the image, closely examine all elements within to gather clues and insights relevant to the objective. Consider how the arrangement, interactions, and details of the scene relate to the task at hand.

**Reflective Thought:**
a. Analysis of current attempts:
- Attempt 1: The action taken was to go to Cabinet 2, which resulted in the observation that Cabinet 2 is closed. This action brings us closer to finding the second candle.
- Attempt 2: The action of opening Cabinet 2 revealed that inside there is a faucet, a spray bottle, and two candles (Candle 2 and Candle 3). This is a crucial discovery for the task as it provides us with the second candle needed.
- Attempt 3: The action of placing Candle 1 into Cabinet 2 was successful. Now, one of the two required candles is in the target cabinet.
b. Suggestion for the next step:
Based on the summary of previous attempts and the current attempts analysis, the next step should be to take Candle 2 or Candle 3 from Cabinet 2 and place it in Cabinet 2 alongside Candle 1. This will complete the task of finding two candles and putting them in a cabinet.. 

**Admissible Actions List:**
(1): go to bathtub 1
(2): go to bathtubbasin 1
(3): go to sink 1
(4): go to countertop 1
(5): go to sink 2
(6): go to cabinet 1
(7): go to sinkbasin 1
(8): go to sinkbasin 2
(9): go to cabinet 3
(10): go to cabinet 4
(11): go to garbagecan 1
(12): go to handtowelholder 1
(13): go to handtowelholder 2
(14): go to toiletpaperhanger 1
(15): go to toilet 1
(16): go to towelholder 1
(17): open cabinet 2
(18): close cabinet 2
(19): take faucet 1 from cabinet 2
(20): take spraybottle 1 from cabinet 2
(21): take candle 2 from cabinet 2
(22): take candle 3 from cabinet 2
(23): examine cabinet 2

**Output Examples:**
*Example 1*:
- Admissible Actions:(1): go to bed 1, (2): go to dresser 1, (3): go to drawer 1
- Response:[BEGIN](2): go to dresser 1[END]
*Example 2*:
- Admissible Actions:(1): go to garbagecan 1, (2): take handtowel 1 from handtowelholder 1, (3): take faucet 1 from handtowelholder 1, (4): take handtowel 2 from handtowelholder 1
- Response:[BEGIN](2): take handtowel 1 from handtowelholder 1[END]

**Response:**
- Choose an action from the admissible actions list directly contributing to the task objective based on the reflective thought and the visual context, are the form: [BEGIN](i): [Selected Action][END]

Original VLM Response:
- Response:[BEGIN](21): take candle 2 from cabinet 2[END]

> Action: take candle 2 from cabinet 2
Running time: 2.3859119415283203 seconds

Current Attempts Reflect Prompt:
Current Attempt 1:
<image>
- Action Taken: open cabinet 2
- Resulting Observation: You open the cabinet 2. The cabinet 2 is open. In it, you see a faucet 1, a spraybottle 1, a candle 2, and a candle 3.
Current Attempt 2:
<image>
- Action Taken: put candle 1 in/on cabinet 2
- Resulting Observation: You put the candle 1 in/on the cabinet 2.
Current Attempt 3:
<image>
- Action Taken: take candle 2 from cabinet 2
- Resulting Observation: You pick up the candle 2 from the cabinet 2.
Interact with a household to solve a task. At begining, you are in the middle of a room. looking quickly around you, you see a bathtub 1, a bathtubbasin 1, a sink 1, a countertop 1, a sink 2, a cabinet 1, a cabinet 2, a sinkbasin 1, a sinkbasin 2, a cabinet 3, a cabinet 4, a garbagecan 1, a handtowelholder 1, a handtowelholder 2, a toiletpaperhanger 1, a toilet 1, and a towelholder 1. You have 3 sets of current tried attempts, and each attempt consists of an action, an image of the action after it happened, and a resulting observation.

**You also have the summary of previously tried attempts:** 
In the first set of attempts, actions were focused on Cabinet 1. The initial action of going to Cabinet 1 confirmed it was closed. However, the attempt to open it was unsuccessful, suggesting it may be locked, stuck or the system did not recognize the command. Despite this, the action of taking Candle 1 from Cabinet 1 was successful, securing the first required candle. The next suggested action was to search other cabinets, like Cabinet 2, for the second candle.
In the second set of attempts, actions shifted to Cabinet 2. The action of going to Cabinet 2 confirmed it was closed. Upon opening it, two additional candles (Candle 2 and Candle 3) were found, along with a faucet and a spray bottle. The action of placing Candle 1 into Cabinet 2 was successful, marking the first step towards the task's completion.
The combined effect of these actions has led to the successful retrieval of one candle and the discovery of two more. The next step suggested is to take either Candle 2 or Candle 3 from Cabinet 2 and place it alongside Candle 1 in Cabinet 2, thus completing the task.

**For the task: 'find two candle and put them in cabinet', you need to do**:
a. Analyze the impact of each current tried attempt including the image, resulting observation, and taken action on the task.
b. Combine the summary of previously tried attempts and the analysis of currently tried attempts to give a suggestion of the next step to complete the task.

**Response**: 
Let's think step-by-step.

Current Attempts Reflect:
a. Analysis of Current Attempts:
- Attempt 1: Opening Cabinet 2 revealed the location of Candle 2 and Candle 3, which are necessary for the task completion. The image shows Cabinet 2 open with the items inside.
- Attempt 2: Placing Candle 1 in Cabinet 2 is a direct step towards task completion, as we need to place two candles in a cabinet. The image confirms that Candle 1 is now inside Cabinet 2.
- Attempt 3: Taking Candle 2 from Cabinet 2 is another step towards task completion, as we need two candles to be placed in a cabinet. The image shows Candle 2 has been removed from Cabinet 2.
b. Suggestion for Next Step:
Combining the summary of previous attempts with the current analysis, the next step to complete the task should be to place Candle 2 in Cabinet 2 alongside Candle 1. This action will fulfill the requirement of having two candles in the cabinet, thus completing the task of 'find two candles and put them in cabinet'.
Current Attempts Reflect Running time: 12.199217557907104 seconds

Step:--------------------------------------------------------------------------8--------------------------------------------------------------------------
VLM Prompt:
<image>
**Objective:** Achieve "find two candle and put them in cabinet". There is a hint about the given task. The agent must find an object of the desired type, pick it up, find the correct location to place it, put it down there, then look for another object of the desired type, pick it up, return to previous location, and put it down there with the other object. Remember that you must reach your destination before picking and puting..

**Visual Context:** Given the image, closely examine all elements within to gather clues and insights relevant to the objective. Consider how the arrangement, interactions, and details of the scene relate to the task at hand.

**Reflective Thought:**
a. Analysis of Current Attempts:
- Attempt 1: Opening Cabinet 2 revealed the location of Candle 2 and Candle 3, which are necessary for the task completion. The image shows Cabinet 2 open with the items inside.
- Attempt 2: Placing Candle 1 in Cabinet 2 is a direct step towards task completion, as we need to place two candles in a cabinet. The image confirms that Candle 1 is now inside Cabinet 2.
- Attempt 3: Taking Candle 2 from Cabinet 2 is another step towards task completion, as we need two candles to be placed in a cabinet. The image shows Candle 2 has been removed from Cabinet 2.
b. Suggestion for Next Step:
Combining the summary of previous attempts with the current analysis, the next step to complete the task should be to place Candle 2 in Cabinet 2 alongside Candle 1. This action will fulfill the requirement of having two candles in the cabinet, thus completing the task of 'find two candles and put them in cabinet'.. 

**Admissible Actions List:**
(1): go to bathtub 1
(2): go to bathtubbasin 1
(3): go to sink 1
(4): go to countertop 1
(5): go to sink 2
(6): go to cabinet 1
(7): go to sinkbasin 1
(8): go to sinkbasin 2
(9): go to cabinet 3
(10): go to cabinet 4
(11): go to garbagecan 1
(12): go to handtowelholder 1
(13): go to handtowelholder 2
(14): go to toiletpaperhanger 1
(15): go to toilet 1
(16): go to towelholder 1
(17): open cabinet 2
(18): close cabinet 2
(19): put candle 2 in/on cabinet 2
(20): examine candle 2
(21): examine cabinet 2

**Output Examples:**
*Example 1*:
- Admissible Actions:(1): go to bed 1, (2): go to dresser 1, (3): go to drawer 1
- Response:[BEGIN](2): go to dresser 1[END]
*Example 2*:
- Admissible Actions:(1): go to garbagecan 1, (2): take handtowel 1 from handtowelholder 1, (3): take faucet 1 from handtowelholder 1, (4): take handtowel 2 from handtowelholder 1
- Response:[BEGIN](2): take handtowel 1 from handtowelholder 1[END]

**Response:**
- Choose an action from the admissible actions list directly contributing to the task objective based on the reflective thought and the visual context, are the form: [BEGIN](i): [Selected Action][END]

Original VLM Response:
[BEGIN](19): put candle 2 in/on cabinet 2[END]

> Action: put candle 2 in/on cabinet 2
Running time: 2.5328431129455566 seconds

SUCCEED
