---------------------------------------------------------Scene: 24---------------------------------------------------------
--------------------------------------------------------------------------------------------------------------------------------------------------------------------
--------------------------------------------------------------------------------------------------------------------------------------------------------------------
Step:--------------------------------------------------------------------------1--------------------------------------------------------------------------
VLM Prompt:
<image>
Given images depicting complex scenes with multiple elements, your objective is to analyze scenes of the image in relation to the specified task description and choose the appropriate action from a list of available actions to accomplish the task. There are two examples.

**Example 1:**
- Available Actions:(1): go to bed 1, (2): go to dresser 1, (3): go to drawer 1
- Response:[BEGIN](2): go to dresser 1[END]
**Example 2:**
- Available Actions:(1): go to garbagecan 1, (2): take handtowel 1 from handtowelholder 1, (3): take faucet 1 from handtowelholder 1, (4): take handtowel 2 from handtowelholder 1
- Response:[BEGIN](2): take handtowel 1 from handtowelholder 1[END]

**Task Description:**
The task at hand is "put some soapbottle on garbagecan". The agent must find an object of the desired type, pick it up, find the correct location to place it, and put it down there.

**Available Actions:**
(1): go to bathtub 1
(2): go to bathtubbasin 1
(3): go to cabinet 1
(4): go to cabinet 2
(5): go to countertop 1
(6): go to cabinet 3
(7): go to sink 1
(8): go to sink 2
(9): go to cabinet 4
(10): go to sinkbasin 1
(11): go to sinkbasin 2
(12): go to garbagecan 1
(13): go to toilet 1
(14): go to toiletpaperhanger 1

**Determine the appropriate action:**
- Identify relevant objects in the image related to the task.
- Evaluate each action's potential to successfully complete the task.

**Response:**
- Let's tink step-by-step.
- (i): [BEGIN][Selected Action][END]

Original VLM Response:
- (i): [BEGIN](12): go to garbagecan 1[END]

> Action: go to garbagecan 1
Running time: 2.522578001022339 seconds

Step:--------------------------------------------------------------------------2--------------------------------------------------------------------------
VLM Prompt:
<image>
<image>
Given images depicting complex scenes with multiple elements, your objective is to analyze scenes of the image in relation to the specified task description and choose the appropriate action from a list of available actions to accomplish the task. There are two examples.

**Example 1:**
- Available Actions:(1): go to bed 1, (2): go to dresser 1, (3): go to drawer 1
- Response:[BEGIN](2): go to dresser 1[END]
**Example 2:**
- Available Actions:(1): go to garbagecan 1, (2): take handtowel 1 from handtowelholder 1, (3): take faucet 1 from handtowelholder 1, (4): take handtowel 2 from handtowelholder 1
- Response:[BEGIN](2): take handtowel 1 from handtowelholder 1[END]

**Task Description:**
The task at hand is "put some soapbottle on garbagecan". The agent must find an object of the desired type, pick it up, find the correct location to place it, and put it down there.

**Available Actions:**
(1): go to bathtub 1
(2): go to bathtubbasin 1
(3): go to cabinet 1
(4): go to cabinet 2
(5): go to countertop 1
(6): go to cabinet 3
(7): go to sink 1
(8): go to sink 2
(9): go to cabinet 4
(10): go to sinkbasin 1
(11): go to sinkbasin 2
(12): go to toilet 1
(13): go to toiletpaperhanger 1
(14): take towel 1 from garbagecan 1
(15): take faucet 1 from garbagecan 1
(16): take cloth 1 from garbagecan 1
(17): take faucet 2 from garbagecan 1
(18): examine garbagecan 1

**Determine the appropriate action:**
- Identify relevant objects in the image related to the task.
- Evaluate each action's potential to successfully complete the task.

**Response:**
- Let's tink step-by-step.
- (i): [BEGIN][Selected Action][END]

Original VLM Response:
- (i): [BEGIN](5): go to countertop 1[END]

> Action: go to countertop 1
Running time: 4.249396562576294 seconds

Step:--------------------------------------------------------------------------3--------------------------------------------------------------------------
VLM Prompt:
<image>
<image>
Given images depicting complex scenes with multiple elements, your objective is to analyze scenes of the image in relation to the specified task description and choose the appropriate action from a list of available actions to accomplish the task. There are two examples.

**Example 1:**
- Available Actions:(1): go to bed 1, (2): go to dresser 1, (3): go to drawer 1
- Response:[BEGIN](2): go to dresser 1[END]
**Example 2:**
- Available Actions:(1): go to garbagecan 1, (2): take handtowel 1 from handtowelholder 1, (3): take faucet 1 from handtowelholder 1, (4): take handtowel 2 from handtowelholder 1
- Response:[BEGIN](2): take handtowel 1 from handtowelholder 1[END]

**Task Description:**
The task at hand is "put some soapbottle on garbagecan". The agent must find an object of the desired type, pick it up, find the correct location to place it, and put it down there.

**Available Actions:**
(1): go to bathtub 1
(2): go to bathtubbasin 1
(3): go to cabinet 1
(4): go to cabinet 2
(5): go to cabinet 3
(6): go to sink 1
(7): go to sink 2
(8): go to cabinet 4
(9): go to sinkbasin 1
(10): go to sinkbasin 2
(11): go to garbagecan 1
(12): go to toilet 1
(13): go to toiletpaperhanger 1
(14): take faucet 3 from countertop 1
(15): take candle 1 from countertop 1
(16): take soapbottle 1 from countertop 1
(17): take toiletpaper 1 from countertop 1
(18): examine countertop 1

**Determine the appropriate action:**
- Identify relevant objects in the image related to the task.
- Evaluate each action's potential to successfully complete the task.

**Response:**
- Let's tink step-by-step.
- (i): [BEGIN][Selected Action][END]

Original VLM Response:
- (i): [BEGIN](16): take soapbottle 1 from countertop 1[END]
- (ii): [BEGIN](11): go to garbagecan 1[END]

> Action: take soapbottle 1 from countertop 1
Running time: 4.702080726623535 seconds

Step:--------------------------------------------------------------------------4--------------------------------------------------------------------------
VLM Prompt:
<image>
<image>
Given images depicting complex scenes with multiple elements, your objective is to analyze scenes of the image in relation to the specified task description and choose the appropriate action from a list of available actions to accomplish the task. There are two examples.

**Example 1:**
- Available Actions:(1): go to bed 1, (2): go to dresser 1, (3): go to drawer 1
- Response:[BEGIN](2): go to dresser 1[END]
**Example 2:**
- Available Actions:(1): go to garbagecan 1, (2): take handtowel 1 from handtowelholder 1, (3): take faucet 1 from handtowelholder 1, (4): take handtowel 2 from handtowelholder 1
- Response:[BEGIN](2): take handtowel 1 from handtowelholder 1[END]

**Task Description:**
The task at hand is "put some soapbottle on garbagecan". The agent must find an object of the desired type, pick it up, find the correct location to place it, and put it down there.

**Available Actions:**
(1): go to bathtub 1
(2): go to bathtubbasin 1
(3): go to cabinet 1
(4): go to cabinet 2
(5): go to cabinet 3
(6): go to sink 1
(7): go to sink 2
(8): go to cabinet 4
(9): go to sinkbasin 1
(10): go to sinkbasin 2
(11): go to garbagecan 1
(12): go to toilet 1
(13): go to toiletpaperhanger 1
(14): put soapbottle 1 in/on countertop 1
(15): examine soapbottle 1
(16): examine countertop 1

**Determine the appropriate action:**
- Identify relevant objects in the image related to the task.
- Evaluate each action's potential to successfully complete the task.

**Response:**
- Let's tink step-by-step.
- (i): [BEGIN][Selected Action][END]

Original VLM Response:
- (i): [BEGIN](6): go to sink 2[END]

> Action: go to sink 2
Running time: 3.5103418827056885 seconds

Step:--------------------------------------------------------------------------5--------------------------------------------------------------------------
VLM Prompt:
<image>
<image>
Given images depicting complex scenes with multiple elements, your objective is to analyze scenes of the image in relation to the specified task description and choose the appropriate action from a list of available actions to accomplish the task. There are two examples.

**Example 1:**
- Available Actions:(1): go to bed 1, (2): go to dresser 1, (3): go to drawer 1
- Response:[BEGIN](2): go to dresser 1[END]
**Example 2:**
- Available Actions:(1): go to garbagecan 1, (2): take handtowel 1 from handtowelholder 1, (3): take faucet 1 from handtowelholder 1, (4): take handtowel 2 from handtowelholder 1
- Response:[BEGIN](2): take handtowel 1 from handtowelholder 1[END]

**Task Description:**
The task at hand is "put some soapbottle on garbagecan". The agent must find an object of the desired type, pick it up, find the correct location to place it, and put it down there.

**Available Actions:**
(1): go to bathtub 1
(2): go to bathtubbasin 1
(3): go to cabinet 1
(4): go to cabinet 2
(5): go to countertop 1
(6): go to cabinet 3
(7): go to sink 1
(8): go to cabinet 4
(9): go to sinkbasin 1
(10): go to sinkbasin 2
(11): go to garbagecan 1
(12): go to toilet 1
(13): go to toiletpaperhanger 1
(14): put soapbottle 1 in/on sink 2
(15): clean soapbottle 1 with bathtub 1
(16): clean soapbottle 1 with bathtubbasin 1
(17): clean soapbottle 1 with sink 1
(18): clean soapbottle 1 with sink 2
(19): clean soapbottle 1 with sinkbasin 1
(20): clean soapbottle 1 with sinkbasin 2
(21): examine soapbottle 1
(22): examine sink 2

**Determine the appropriate action:**
- Identify relevant objects in the image related to the task.
- Evaluate each action's potential to successfully complete the task.

**Response:**
- Let's tink step-by-step.
- (i): [BEGIN][Selected Action][END]

Original VLM Response:
- (i): [BEGIN](14): put soapbottle 1 in/on sink 2[END]

> Action: put soapbottle 1 in/on sink 2
Running time: 4.06816840171814 seconds

Step:--------------------------------------------------------------------------6--------------------------------------------------------------------------
VLM Prompt:
<image>
<image>
Given images depicting complex scenes with multiple elements, your objective is to analyze scenes of the image in relation to the specified task description and choose the appropriate action from a list of available actions to accomplish the task. There are two examples.

**Example 1:**
- Available Actions:(1): go to bed 1, (2): go to dresser 1, (3): go to drawer 1
- Response:[BEGIN](2): go to dresser 1[END]
**Example 2:**
- Available Actions:(1): go to garbagecan 1, (2): take handtowel 1 from handtowelholder 1, (3): take faucet 1 from handtowelholder 1, (4): take handtowel 2 from handtowelholder 1
- Response:[BEGIN](2): take handtowel 1 from handtowelholder 1[END]

**Task Description:**
The task at hand is "put some soapbottle on garbagecan". The agent must find an object of the desired type, pick it up, find the correct location to place it, and put it down there.

**Available Actions:**
(1): go to bathtub 1
(2): go to bathtubbasin 1
(3): go to cabinet 1
(4): go to cabinet 2
(5): go to countertop 1
(6): go to cabinet 3
(7): go to sink 1
(8): go to cabinet 4
(9): go to sinkbasin 1
(10): go to sinkbasin 2
(11): go to garbagecan 1
(12): go to toilet 1
(13): go to toiletpaperhanger 1
(14): put soapbottle 1 in/on sink 2
(15): clean soapbottle 1 with bathtub 1
(16): clean soapbottle 1 with bathtubbasin 1
(17): clean soapbottle 1 with sink 1
(18): clean soapbottle 1 with sink 2
(19): clean soapbottle 1 with sinkbasin 1
(20): clean soapbottle 1 with sinkbasin 2
(21): examine soapbottle 1
(22): examine sink 2

**Determine the appropriate action:**
- Identify relevant objects in the image related to the task.
- Evaluate each action's potential to successfully complete the task.

**Response:**
- Let's tink step-by-step.
- (i): [BEGIN][Selected Action][END]

Original VLM Response:
- (i): [BEGIN](5): go to countertop 1[END]
- After reaching the countertop, the agent would need to:
- (ii): [BEGIN](14): put soapbottle 1 in/on sink 2[END]
- However, since the task is to put the soapbottle on the garbagecan, the agent should:
- (iii): [BEGIN](11): go to garbagecan 1[END]
- Once at the garbagecan, the agent should:
- (iv): [BEGIN](14): put soapbottle 1 in/on sink 2[END]
- Note: The action (14) mentions "sink 2" but it should be "garbagecan 1". If it's a typo and the correct action is to put the soapbottle on the garbagecan, then action (iv) is correct. If not, there is no available action to complete the task as described, and additional steps or clarifications would be needed.

> Action: go to countertop 1
Running time: 9.28818416595459 seconds

Step:--------------------------------------------------------------------------7--------------------------------------------------------------------------
VLM Prompt:
<image>
<image>
Given images depicting complex scenes with multiple elements, your objective is to analyze scenes of the image in relation to the specified task description and choose the appropriate action from a list of available actions to accomplish the task. There are two examples.

**Example 1:**
- Available Actions:(1): go to bed 1, (2): go to dresser 1, (3): go to drawer 1
- Response:[BEGIN](2): go to dresser 1[END]
**Example 2:**
- Available Actions:(1): go to garbagecan 1, (2): take handtowel 1 from handtowelholder 1, (3): take faucet 1 from handtowelholder 1, (4): take handtowel 2 from handtowelholder 1
- Response:[BEGIN](2): take handtowel 1 from handtowelholder 1[END]

**Task Description:**
The task at hand is "put some soapbottle on garbagecan". The agent must find an object of the desired type, pick it up, find the correct location to place it, and put it down there.

**Available Actions:**
(1): go to bathtub 1
(2): go to bathtubbasin 1
(3): go to cabinet 1
(4): go to cabinet 2
(5): go to cabinet 3
(6): go to sink 1
(7): go to sink 2
(8): go to cabinet 4
(9): go to sinkbasin 1
(10): go to sinkbasin 2
(11): go to garbagecan 1
(12): go to toilet 1
(13): go to toiletpaperhanger 1
(14): put soapbottle 1 in/on countertop 1
(15): examine soapbottle 1
(16): examine countertop 1

**Determine the appropriate action:**
- Identify relevant objects in the image related to the task.
- Evaluate each action's potential to successfully complete the task.

**Response:**
- Let's tink step-by-step.
- (i): [BEGIN][Selected Action][END]

Original VLM Response:
- (i): [BEGIN](6): go to sink 1[END]

> Action: go to sink 1
Running time: 3.080770969390869 seconds

Step:--------------------------------------------------------------------------8--------------------------------------------------------------------------
VLM Prompt:
<image>
<image>
Given images depicting complex scenes with multiple elements, your objective is to analyze scenes of the image in relation to the specified task description and choose the appropriate action from a list of available actions to accomplish the task. There are two examples.

**Example 1:**
- Available Actions:(1): go to bed 1, (2): go to dresser 1, (3): go to drawer 1
- Response:[BEGIN](2): go to dresser 1[END]
**Example 2:**
- Available Actions:(1): go to garbagecan 1, (2): take handtowel 1 from handtowelholder 1, (3): take faucet 1 from handtowelholder 1, (4): take handtowel 2 from handtowelholder 1
- Response:[BEGIN](2): take handtowel 1 from handtowelholder 1[END]

**Task Description:**
The task at hand is "put some soapbottle on garbagecan". The agent must find an object of the desired type, pick it up, find the correct location to place it, and put it down there.

**Available Actions:**
(1): go to bathtub 1
(2): go to bathtubbasin 1
(3): go to cabinet 1
(4): go to cabinet 2
(5): go to countertop 1
(6): go to cabinet 3
(7): go to sink 2
(8): go to cabinet 4
(9): go to sinkbasin 1
(10): go to sinkbasin 2
(11): go to garbagecan 1
(12): go to toilet 1
(13): go to toiletpaperhanger 1
(14): put soapbottle 1 in/on sink 1
(15): clean soapbottle 1 with bathtub 1
(16): clean soapbottle 1 with bathtubbasin 1
(17): clean soapbottle 1 with sink 1
(18): clean soapbottle 1 with sink 2
(19): clean soapbottle 1 with sinkbasin 1
(20): clean soapbottle 1 with sinkbasin 2
(21): examine soapbottle 1
(22): examine sink 1

**Determine the appropriate action:**
- Identify relevant objects in the image related to the task.
- Evaluate each action's potential to successfully complete the task.

**Response:**
- Let's tink step-by-step.
- (i): [BEGIN][Selected Action][END]

Original VLM Response:
- (i): [BEGIN](11): go to garbagecan 1[END]

> Action: go to garbagecan 1
Running time: 4.147549152374268 seconds

Step:--------------------------------------------------------------------------9--------------------------------------------------------------------------
VLM Prompt:
<image>
<image>
Given images depicting complex scenes with multiple elements, your objective is to analyze scenes of the image in relation to the specified task description and choose the appropriate action from a list of available actions to accomplish the task. There are two examples.

**Example 1:**
- Available Actions:(1): go to bed 1, (2): go to dresser 1, (3): go to drawer 1
- Response:[BEGIN](2): go to dresser 1[END]
**Example 2:**
- Available Actions:(1): go to garbagecan 1, (2): take handtowel 1 from handtowelholder 1, (3): take faucet 1 from handtowelholder 1, (4): take handtowel 2 from handtowelholder 1
- Response:[BEGIN](2): take handtowel 1 from handtowelholder 1[END]

**Task Description:**
The task at hand is "put some soapbottle on garbagecan". The agent must find an object of the desired type, pick it up, find the correct location to place it, and put it down there.

**Available Actions:**
(1): go to bathtub 1
(2): go to bathtubbasin 1
(3): go to cabinet 1
(4): go to cabinet 2
(5): go to countertop 1
(6): go to cabinet 3
(7): go to sink 1
(8): go to sink 2
(9): go to cabinet 4
(10): go to sinkbasin 1
(11): go to sinkbasin 2
(12): go to toilet 1
(13): go to toiletpaperhanger 1
(14): put soapbottle 1 in/on garbagecan 1
(15): examine soapbottle 1
(16): examine garbagecan 1

**Determine the appropriate action:**
- Identify relevant objects in the image related to the task.
- Evaluate each action's potential to successfully complete the task.

**Response:**
- Let's tink step-by-step.
- (i): [BEGIN][Selected Action][END]

Original VLM Response:
- (i): [BEGIN](14): put soapbottle 1 in/on garbagecan 1[END]

> Action: put soapbottle 1 in/on garbagecan 1
Running time: 4.104458808898926 seconds

SUCCEED
